#
# A fatal error has been detected by the Java Runtime Environment:
#
#  SIGSEGV (0xb) at pc=0x00007fa463345b1e, pid=6882, tid=6917
#
# JRE version: OpenJDK Runtime Environment (10.0.2+13) (build 10.0.2+13-Ubuntu-1ubuntu0.18.04.4)
# Java VM: OpenJDK 64-Bit Server VM (10.0.2+13-Ubuntu-1ubuntu0.18.04.4, mixed mode, tiered, compressed oops, g1 gc, linux-amd64)
# Problematic frame:
# v  ~BufferBlob::jni_fast_GetLongField
#
# Core dump will be written. Default location: Core dumps may be processed with "/usr/share/apport/apport %p %s %c %d %P" (or dumping to /home/christoph/Uni/OAD/OAD-2018-2019/Ass2/UI-Prototyp/core.6882)
#
# If you would like to submit a bug report, please visit:
#   http://bugreport.java.com/bugreport/crash.jsp
# The crash happened outside the Java Virtual Machine in native code.
# See problematic frame for where to report the bug.
#

---------------  S U M M A R Y ------------

Command Line: -Dfile.encoding=UTF-8 Controllers.TRECController

Host: Intel(R) Core(TM) i5-6200U CPU @ 2.30GHz, 4 cores, 7G, Ubuntu 18.04.1 LTS
Time: Thu Jan 24 23:40:27 2019 CET elapsed time: 26248 seconds (0d 7h 17m 28s)

---------------  T H R E A D  ---------------

Current thread (0x00007fa47c3e4800):  JavaThread "AWT-XAWT" daemon [_thread_in_native, id=6917, stack(0x00007fa444067000,0x00007fa444168000)]

Stack: [0x00007fa444067000,0x00007fa444168000],  sp=0x00007fa444166758,  free space=1021k
Native frames: (J=compiled Java code, A=aot compiled Java code, j=interpreted, Vv=VM code, C=native code)
v  ~BufferBlob::jni_fast_GetLongField
C  [libX11.so.6+0x64b1d]  _XimServerDestroy+0x3d

Java frames: (J=compiled Java code, j=interpreted, Vv=VM code)
J 3649  sun.awt.X11.XlibWrapper.XFilterEvent(JJ)Z java.desktop@10.0.2 (0 bytes) @ 0x00007fa46af37284 [0x00007fa46af37240+0x0000000000000044]
J 6814% c1 sun.awt.X11.XToolkit.run(Z)V java.desktop@10.0.2 (384 bytes) @ 0x00007fa463f0e70c [0x00007fa463f0b520+0x00000000000031ec]
j  sun.awt.X11.XToolkit.run()V+5 java.desktop@10.0.2
j  java.lang.Thread.run()V+11 java.base@10.0.2
v  ~StubRoutines::call_stub

siginfo: si_signo: 11 (SIGSEGV), si_code: 1 (SEGV_MAPERR), si_addr: 0x0000000000000000

Register to memory mapping:

RAX=0x00007fa482718a80: <offset 0x0000000001274a80> in /usr/lib/jvm/java-11-openjdk-amd64/lib/server/libjvm.so at 0x00007fa4814a4000
RBX=0x00007fa47c3e4a00 is an unknown value
RCX=0x0000000000000000 is an unknown value
RDX=0x0000000000000042 is an unknown value
RSP=0x00007fa444166758 is pointing into the stack for thread: 0x00007fa47c3e4800
RBP=0x00007fa444166780 is pointing into the stack for thread: 0x00007fa47c3e4800
RSI=0x0000000000000000 is an unknown value
RDI=0x00007fa47c3e4a00 is an unknown value
R8 =0x00007fa4447e49b0: <offset 0x000000000005c9b0> in /usr/lib/x86_64-linux-gnu/libX11.so.6 at 0x00007fa444788000
R9 =0x0000000000000000 is an unknown value
R10=0x0000000000000f12 is an unknown value
R11=0x0000000085b442e0 is an oop
java.util.logging.Logger$ConfigurationData 
{0x0000000085b442e0} - klass: 'java/util/logging/Logger$ConfigurationData'
R12=0x0000000000000000 is an unknown value
R13=0x0000000000000000 is an unknown value
R14=0x00007fa444f355c0: <offset 0x00000000002635c0> in /usr/lib/jvm/java-11-openjdk-amd64/lib/libawt_xawt.so at 0x00007fa444cd2000
R15=0x00007fa47c3e4800 is a thread


Registers:
RAX=0x00007fa482718a80, RBX=0x00007fa47c3e4a00, RCX=0x0000000000000000, RDX=0x0000000000000042
RSP=0x00007fa444166758, RBP=0x00007fa444166780, RSI=0x0000000000000000, RDI=0x00007fa47c3e4a00
R8 =0x00007fa4447e49b0, R9 =0x0000000000000000, R10=0x0000000000000f12, R11=0x0000000085b442e0
R12=0x0000000000000000, R13=0x0000000000000000, R14=0x00007fa444f355c0, R15=0x00007fa47c3e4800
RIP=0x00007fa463345b1e, EFLAGS=0x0000000000010246, CSGSFS=0x002b000000000033, ERR=0x0000000000000004
  TRAPNO=0x000000000000000e

Top of Stack: (sp=0x00007fa444166758)
0x00007fa444166758:   00007fa444d091d4 0000000085b44298
0x00007fa444166768:   0000000000000000 00000000857f6e80
0x00007fa444166778:   00007fa444166800 00007fa3d802ff60
0x00007fa444166788:   00007fa4447ecb1d 0000000085b44298 

Instructions: (pc=0x00007fa463345b1e)
0x00007fa463345afe:   00 00 44 8b 15 7d e8 41 1f 4c 8b ce 41 f6 c2 01
0x00007fa463345b0e:   0f 85 32 00 00 00 4d 33 ca 4d 33 ca 49 83 e1 fe
0x00007fa463345b1e:   4d 8b 09 4c 8b da 49 c1 eb 02 4b 8b 04 19 49 bb
0x00007fa463345b2e:   84 43 76 82 a4 7f 00 00 4c 33 d8 4c 33 d8 45 3b 



---------------  P R O C E S S  ---------------

Threads class SMR info:
_java_thread_list=0x00007fa3d8ceb360, length=15, elements={
0x00007fa47c132000, 0x00007fa47c134000, 0x00007fa47c148800, 0x00007fa47c14a800,
0x00007fa47c14c800, 0x00007fa47c14e800, 0x00007fa47c150800, 0x00007fa47c1ac800,
0x00007fa47c1bb000, 0x00007fa47c3b7800, 0x00007fa47c3e4800, 0x00007fa47c012000,
0x00007fa3d80af000, 0x00007fa3d84be000, 0x00007fa3d8594000
}

Java Threads: ( => current thread )
  0x00007fa47c132000 JavaThread "Reference Handler" daemon [_thread_blocked, id=6902, stack(0x00007fa460867000,0x00007fa460968000)]
  0x00007fa47c134000 JavaThread "Finalizer" daemon [_thread_blocked, id=6903, stack(0x00007fa460766000,0x00007fa460867000)]
  0x00007fa47c148800 JavaThread "Signal Dispatcher" daemon [_thread_in_Java, id=6904, stack(0x00007fa460665000,0x00007fa460766000)]
  0x00007fa47c14a800 JavaThread "C2 CompilerThread0" daemon [_thread_blocked, id=6905, stack(0x00007fa460564000,0x00007fa460665000)]
  0x00007fa47c14c800 JavaThread "C2 CompilerThread1" daemon [_thread_blocked, id=6906, stack(0x00007fa460463000,0x00007fa460564000)]
  0x00007fa47c14e800 JavaThread "C1 CompilerThread2" daemon [_thread_blocked, id=6907, stack(0x00007fa460362000,0x00007fa460463000)]
  0x00007fa47c150800 JavaThread "Sweeper thread" daemon [_thread_blocked, id=6908, stack(0x00007fa460261000,0x00007fa460362000)]
  0x00007fa47c1ac800 JavaThread "Service Thread" daemon [_thread_blocked, id=6910, stack(0x00007fa460160000,0x00007fa460261000)]
  0x00007fa47c1bb000 JavaThread "Common-Cleaner" daemon [_thread_blocked, id=6912, stack(0x00007fa4501af000,0x00007fa4502b0000)]
  0x00007fa47c3b7800 JavaThread "Java2D Disposer" daemon [_thread_blocked, id=6916, stack(0x00007fa45007e000,0x00007fa45017f000)]
=>0x00007fa47c3e4800 JavaThread "AWT-XAWT" daemon [_thread_in_native, id=6917, stack(0x00007fa444067000,0x00007fa444168000)]
  0x00007fa47c012000 JavaThread "DestroyJavaVM" [_thread_blocked, id=6889, stack(0x00007fa4834d0000,0x00007fa4835d1000)]
  0x00007fa3d80af000 JavaThread "TimerQueue" daemon [_thread_blocked, id=6920, stack(0x00007fa3f69fc000,0x00007fa3f6afd000)]
  0x00007fa3d84be000 JavaThread "Abandoned connection cleanup thread" daemon [_thread_blocked, id=6922, stack(0x00007fa3f5a92000,0x00007fa3f5b93000)]
  0x00007fa3d8594000 JavaThread "pool-1-thread-1" [_thread_blocked, id=6924, stack(0x00007fa3f558f000,0x00007fa3f5690000)]

Other Threads:
  0x00007fa47c128000 VMThread "VM Thread" [stack: 0x00007fa46096a000,0x00007fa460a6a000] [id=6901]
  0x00007fa47c1af000 WatcherThread [stack: 0x00007fa460060000,0x00007fa460160000] [id=6911]
  0x00007fa47c028800 GCTaskThread "GC Thread#0" [stack: 0x00007fa463100000,0x00007fa463200000] [id=6890]
  0x00007fa47c02a000 GCTaskThread "GC Thread#1" [stack: 0x00007fa462ffe000,0x00007fa4630fe000] [id=6891]
  0x00007fa47c02b800 GCTaskThread "GC Thread#2" [stack: 0x00007fa462efc000,0x00007fa462ffc000] [id=6892]
  0x00007fa47c02d800 GCTaskThread "GC Thread#3" [stack: 0x00007fa462dfa000,0x00007fa462efa000] [id=6893]
  0x00007fa47c056800 ConcurrentGCThread "G1 Main Marker" [stack: 0x00007fa461d75000,0x00007fa461e75000] [id=6894]
  0x00007fa47c058800 ConcurrentGCThread "G1 Conc#0" [stack: 0x00007fa461c73000,0x00007fa461d73000] [id=6895]
  0x00007fa47c0c0000 ConcurrentGCThread "G1 Refine#0" [stack: 0x00007fa46176d000,0x00007fa46186d000] [id=6896]
  0x00007fa47c0c2000 ConcurrentGCThread "G1 Refine#1" [stack: 0x00007fa46166b000,0x00007fa46176b000] [id=6897]
  0x00007fa47c0c3800 ConcurrentGCThread "G1 Refine#2" [stack: 0x00007fa461569000,0x00007fa461669000] [id=6898]
  0x00007fa47c0c5800 ConcurrentGCThread "G1 Refine#3" [stack: 0x00007fa461467000,0x00007fa461567000] [id=6899]
  0x00007fa47c0c7000 ConcurrentGCThread "G1 Young RemSet Sampling" [stack: 0x00007fa461365000,0x00007fa461465000] [id=6900]

Threads with active compile tasks:

VM state:not at safepoint (normal execution)

VM Mutex/Monitor currently owned by a thread:  ([mutex/lock_event])
[0x00007fa47c00e4d0] Threads_lock - owner thread: 0x00007fa47c148800

Heap address: 0x0000000085600000, size: 1962 MB, Compressed Oops mode: 32-bit
Narrow klass base: 0x0000000000000000, Narrow klass shift: 3
Compressed class space size: 1073741824 Address: 0x0000000100000000

Heap:
 garbage-first heap   total 126976K, used 63763K [0x0000000085600000, 0x0000000100000000)
  region size 1024K, 58 young (59392K), 7 survivors (7168K)
 Metaspace       used 52697K, capacity 53659K, committed 54016K, reserved 1097728K
  class space    used 5984K, capacity 6390K, committed 6400K, reserved 1048576K
Heap Regions: E=young(eden), S=young(survivor), O=old, HS=humongous(starts), HC=humongous(continues), CS=collection set, F=free, A=archive, TS=gc time stamp, AC=allocation context, TAMS=top-at-mark-start (previous, next)
|   0|0x0000000085600000, 0x0000000085700000, 0x0000000085700000|100%|HS|  |TS  0|AC  0|TAMS 0x0000000085700000, 0x0000000085700000|
|   1|0x0000000085700000, 0x0000000085800000, 0x0000000085800000|100%| O|  |TS  0|AC  0|TAMS 0x0000000085800000, 0x0000000085800000|
|   2|0x0000000085800000, 0x0000000085900000, 0x0000000085900000|100%| O|  |TS  0|AC  0|TAMS 0x0000000085900000, 0x0000000085900000|
|   3|0x0000000085900000, 0x0000000085a00000, 0x0000000085a00000|100%| O|  |TS  0|AC  0|TAMS 0x0000000085a00000, 0x0000000085a00000|
|   4|0x0000000085a00000, 0x0000000085b00000, 0x0000000085b00000|100%| O|  |TS  1|AC  0|TAMS 0x0000000085a59a00, 0x0000000085a59a00|
|   5|0x0000000085b00000, 0x0000000085be2a00, 0x0000000085c00000| 88%| O|  |TS  1|AC  0|TAMS 0x0000000085b00000, 0x0000000085b00000|
|   6|0x0000000085c00000, 0x0000000085c00000, 0x0000000085d00000|  0%| F|  |TS  0|AC  0|TAMS 0x0000000085c00000, 0x0000000085c00000|
|   7|0x0000000085d00000, 0x0000000085d00000, 0x0000000085e00000|  0%| F|  |TS  0|AC  0|TAMS 0x0000000085d00000, 0x0000000085d00000|
|   8|0x0000000085e00000, 0x0000000085e00000, 0x0000000085f00000|  0%| F|  |TS  0|AC  0|TAMS 0x0000000085e00000, 0x0000000085e00000|
|   9|0x0000000085f00000, 0x0000000085f00000, 0x0000000086000000|  0%| F|  |TS  0|AC  0|TAMS 0x0000000085f00000, 0x0000000085f00000|
|  10|0x0000000086000000, 0x0000000086000000, 0x0000000086100000|  0%| F|  |TS  0|AC  0|TAMS 0x0000000086000000, 0x0000000086000000|
|  11|0x0000000086100000, 0x0000000086100000, 0x0000000086200000|  0%| F|  |TS  0|AC  0|TAMS 0x0000000086100000, 0x0000000086100000|
|  12|0x0000000086200000, 0x0000000086200000, 0x0000000086300000|  0%| F|  |TS  0|AC  0|TAMS 0x0000000086200000, 0x0000000086200000|
|  13|0x0000000086300000, 0x0000000086300000, 0x0000000086400000|  0%| F|  |TS  0|AC  0|TAMS 0x0000000086300000, 0x0000000086300000|
|  14|0x0000000086400000, 0x0000000086400000, 0x0000000086500000|  0%| F|  |TS  0|AC  0|TAMS 0x0000000086400000, 0x0000000086400000|
|  15|0x0000000086500000, 0x0000000086500000, 0x0000000086600000|  0%| F|  |TS  0|AC  0|TAMS 0x0000000086500000, 0x0000000086500000|
|  16|0x0000000086600000, 0x0000000086600000, 0x0000000086700000|  0%| F|  |TS  0|AC  0|TAMS 0x0000000086600000, 0x0000000086600000|
|  17|0x0000000086700000, 0x0000000086700000, 0x0000000086800000|  0%| F|  |TS  0|AC  0|TAMS 0x0000000086700000, 0x0000000086700000|
|  18|0x0000000086800000, 0x0000000086800000, 0x0000000086900000|  0%| F|  |TS  0|AC  0|TAMS 0x0000000086800000, 0x0000000086800000|
|  19|0x0000000086900000, 0x0000000086900000, 0x0000000086a00000|  0%| F|  |TS  0|AC  0|TAMS 0x0000000086900000, 0x0000000086900000|
|  20|0x0000000086a00000, 0x0000000086a00000, 0x0000000086b00000|  0%| F|  |TS  0|AC  0|TAMS 0x0000000086a00000, 0x0000000086a00000|
|  21|0x0000000086b00000, 0x0000000086b00000, 0x0000000086c00000|  0%| F|  |TS  0|AC  0|TAMS 0x0000000086b00000, 0x0000000086b00000|
|  22|0x0000000086c00000, 0x0000000086c00000, 0x0000000086d00000|  0%| F|  |TS  0|AC  0|TAMS 0x0000000086c00000, 0x0000000086c00000|
|  23|0x0000000086d00000, 0x0000000086d00000, 0x0000000086e00000|  0%| F|  |TS  0|AC  0|TAMS 0x0000000086d00000, 0x0000000086d00000|
|  24|0x0000000086e00000, 0x0000000086e00000, 0x0000000086f00000|  0%| F|  |TS  0|AC  0|TAMS 0x0000000086e00000, 0x0000000086e00000|
|  25|0x0000000086f00000, 0x0000000086f00000, 0x0000000087000000|  0%| F|  |TS  0|AC  0|TAMS 0x0000000086f00000, 0x0000000086f00000|
|  26|0x0000000087000000, 0x0000000087000000, 0x0000000087100000|  0%| F|  |TS  0|AC  0|TAMS 0x0000000087000000, 0x0000000087000000|
|  27|0x0000000087100000, 0x0000000087100000, 0x0000000087200000|  0%| F|  |TS  0|AC  0|TAMS 0x0000000087100000, 0x0000000087100000|
|  28|0x0000000087200000, 0x0000000087200000, 0x0000000087300000|  0%| F|  |TS  0|AC  0|TAMS 0x0000000087200000, 0x0000000087200000|
|  29|0x0000000087300000, 0x0000000087300000, 0x0000000087400000|  0%| F|  |TS  0|AC  0|TAMS 0x0000000087300000, 0x0000000087300000|
|  30|0x0000000087400000, 0x0000000087400000, 0x0000000087500000|  0%| F|  |TS  0|AC  0|TAMS 0x0000000087400000, 0x0000000087400000|
|  31|0x0000000087500000, 0x0000000087500000, 0x0000000087600000|  0%| F|  |TS  0|AC  0|TAMS 0x0000000087500000, 0x0000000087500000|
|  32|0x0000000087600000, 0x0000000087600000, 0x0000000087700000|  0%| F|  |TS  0|AC  0|TAMS 0x0000000087600000, 0x0000000087600000|
|  33|0x0000000087700000, 0x0000000087700000, 0x0000000087800000|  0%| F|  |TS  0|AC  0|TAMS 0x0000000087700000, 0x0000000087700000|
|  34|0x0000000087800000, 0x0000000087800000, 0x0000000087900000|  0%| F|  |TS  0|AC  0|TAMS 0x0000000087800000, 0x0000000087800000|
|  35|0x0000000087900000, 0x0000000087900000, 0x0000000087a00000|  0%| F|  |TS  0|AC  0|TAMS 0x0000000087900000, 0x0000000087900000|
|  36|0x0000000087a00000, 0x0000000087a00000, 0x0000000087b00000|  0%| F|  |TS  0|AC  0|TAMS 0x0000000087a00000, 0x0000000087a00000|
|  37|0x0000000087b00000, 0x0000000087b00000, 0x0000000087c00000|  0%| F|  |TS  0|AC  0|TAMS 0x0000000087b00000, 0x0000000087b00000|
|  38|0x0000000087c00000, 0x0000000087c00000, 0x0000000087d00000|  0%| F|  |TS  0|AC  0|TAMS 0x0000000087c00000, 0x0000000087c00000|
|  39|0x0000000087d00000, 0x0000000087d00000, 0x0000000087e00000|  0%| F|  |TS  0|AC  0|TAMS 0x0000000087d00000, 0x0000000087d00000|
|  40|0x0000000087e00000, 0x0000000087e00000, 0x0000000087f00000|  0%| F|  |TS  0|AC  0|TAMS 0x0000000087e00000, 0x0000000087e00000|
|  41|0x0000000087f00000, 0x0000000087f00000, 0x0000000088000000|  0%| F|  |TS  0|AC  0|TAMS 0x0000000087f00000, 0x0000000087f00000|
|  42|0x0000000088000000, 0x0000000088000000, 0x0000000088100000|  0%| F|  |TS  0|AC  0|TAMS 0x0000000088000000, 0x0000000088000000|
|  43|0x0000000088100000, 0x0000000088100000, 0x0000000088200000|  0%| F|  |TS  0|AC  0|TAMS 0x0000000088100000, 0x0000000088100000|
|  44|0x0000000088200000, 0x0000000088200000, 0x0000000088300000|  0%| F|  |TS  0|AC  0|TAMS 0x0000000088200000, 0x0000000088200000|
|  45|0x0000000088300000, 0x0000000088300000, 0x0000000088400000|  0%| F|  |TS  0|AC  0|TAMS 0x0000000088300000, 0x0000000088300000|
|  46|0x0000000088400000, 0x0000000088400000, 0x0000000088500000|  0%| F|  |TS  0|AC  0|TAMS 0x0000000088400000, 0x0000000088400000|
|  47|0x0000000088500000, 0x0000000088500000, 0x0000000088600000|  0%| F|  |TS  0|AC  0|TAMS 0x0000000088500000, 0x0000000088500000|
|  48|0x0000000088600000, 0x0000000088600000, 0x0000000088700000|  0%| F|  |TS  0|AC  0|TAMS 0x0000000088600000, 0x0000000088600000|
|  49|0x0000000088700000, 0x0000000088700000, 0x0000000088800000|  0%| F|  |TS  0|AC  0|TAMS 0x0000000088700000, 0x0000000088700000|
|  50|0x0000000088800000, 0x0000000088800000, 0x0000000088900000|  0%| F|  |TS  0|AC  0|TAMS 0x0000000088800000, 0x0000000088800000|
|  51|0x0000000088900000, 0x0000000088900000, 0x0000000088a00000|  0%| F|  |TS  0|AC  0|TAMS 0x0000000088900000, 0x0000000088900000|
|  52|0x0000000088a00000, 0x0000000088a00000, 0x0000000088b00000|  0%| F|  |TS  0|AC  0|TAMS 0x0000000088a00000, 0x0000000088a00000|
|  53|0x0000000088b00000, 0x0000000088b00000, 0x0000000088c00000|  0%| F|  |TS  0|AC  0|TAMS 0x0000000088b00000, 0x0000000088b00000|
|  54|0x0000000088c00000, 0x0000000088c00000, 0x0000000088d00000|  0%| F|  |TS  0|AC  0|TAMS 0x0000000088c00000, 0x0000000088c00000|
|  55|0x0000000088d00000, 0x0000000088d00000, 0x0000000088e00000|  0%| F|  |TS  0|AC  0|TAMS 0x0000000088d00000, 0x0000000088d00000|
|  56|0x0000000088e00000, 0x0000000088e00000, 0x0000000088f00000|  0%| F|  |TS  0|AC  0|TAMS 0x0000000088e00000, 0x0000000088e00000|
|  57|0x0000000088f00000, 0x0000000088f00000, 0x0000000089000000|  0%| F|  |TS  0|AC  0|TAMS 0x0000000088f00000, 0x0000000088f00000|
|  58|0x0000000089000000, 0x0000000089000000, 0x0000000089100000|  0%| F|  |TS  0|AC  0|TAMS 0x0000000089000000, 0x0000000089000000|
|  59|0x0000000089100000, 0x0000000089100000, 0x0000000089200000|  0%| F|  |TS  0|AC  0|TAMS 0x0000000089100000, 0x0000000089100000|
|  60|0x0000000089200000, 0x00000000892624c0, 0x0000000089300000| 38%| S|CS|TS  1|AC  0|TAMS 0x0000000089200000, 0x0000000089200000|
|  61|0x0000000089300000, 0x0000000089400000, 0x0000000089400000|100%| S|CS|TS  1|AC  0|TAMS 0x0000000089300000, 0x0000000089300000|
|  62|0x0000000089400000, 0x0000000089500000, 0x0000000089500000|100%| S|CS|TS  1|AC  0|TAMS 0x0000000089400000, 0x0000000089400000|
|  63|0x0000000089500000, 0x0000000089600000, 0x0000000089600000|100%| S|CS|TS  1|AC  0|TAMS 0x0000000089500000, 0x0000000089500000|
|  64|0x0000000089600000, 0x0000000089700000, 0x0000000089700000|100%| S|CS|TS  1|AC  0|TAMS 0x0000000089600000, 0x0000000089600000|
|  65|0x0000000089700000, 0x0000000089800000, 0x0000000089800000|100%| S|CS|TS  1|AC  0|TAMS 0x0000000089700000, 0x0000000089700000|
|  66|0x0000000089800000, 0x0000000089900000, 0x0000000089900000|100%| S|CS|TS  1|AC  0|TAMS 0x0000000089800000, 0x0000000089800000|
|  67|0x0000000089900000, 0x0000000089900000, 0x0000000089a00000|  0%| F|  |TS  1|AC  0|TAMS 0x0000000089900000, 0x0000000089900000|
|  68|0x0000000089a00000, 0x0000000089a00000, 0x0000000089b00000|  0%| F|  |TS  1|AC  0|TAMS 0x0000000089a00000, 0x0000000089a00000|
|  69|0x0000000089b00000, 0x0000000089b00000, 0x0000000089c00000|  0%| F|  |TS  1|AC  0|TAMS 0x0000000089b00000, 0x0000000089b00000|
|  70|0x0000000089c00000, 0x0000000089c00000, 0x0000000089d00000|  0%| F|  |TS  1|AC  0|TAMS 0x0000000089c00000, 0x0000000089c00000|
|  71|0x0000000089d00000, 0x0000000089d00000, 0x0000000089e00000|  0%| F|  |TS  1|AC  0|TAMS 0x0000000089d00000, 0x0000000089d00000|
|  72|0x0000000089e00000, 0x0000000089e00800, 0x0000000089f00000|  0%| E|  |TS  1|AC  0|TAMS 0x0000000089e00000, 0x0000000089e00000|
|  73|0x0000000089f00000, 0x000000008a000000, 0x000000008a000000|100%| E|CS|TS  1|AC  0|TAMS 0x0000000089f00000, 0x0000000089f00000|
|  74|0x000000008a000000, 0x000000008a100000, 0x000000008a100000|100%| E|CS|TS  1|AC  0|TAMS 0x000000008a000000, 0x000000008a000000|
|  75|0x000000008a100000, 0x000000008a200000, 0x000000008a200000|100%| E|CS|TS  1|AC  0|TAMS 0x000000008a100000, 0x000000008a100000|
|  76|0x000000008a200000, 0x000000008a300000, 0x000000008a300000|100%| E|CS|TS  1|AC  0|TAMS 0x000000008a200000, 0x000000008a200000|
|  77|0x000000008a300000, 0x000000008a400000, 0x000000008a400000|100%| E|CS|TS  1|AC  0|TAMS 0x000000008a300000, 0x000000008a300000|
|  78|0x000000008a400000, 0x000000008a500000, 0x000000008a500000|100%| E|CS|TS  1|AC  0|TAMS 0x000000008a400000, 0x000000008a400000|
|  79|0x000000008a500000, 0x000000008a600000, 0x000000008a600000|100%| E|CS|TS  1|AC  0|TAMS 0x000000008a500000, 0x000000008a500000|
|  80|0x000000008a600000, 0x000000008a700000, 0x000000008a700000|100%| E|CS|TS  1|AC  0|TAMS 0x000000008a600000, 0x000000008a600000|
|  81|0x000000008a700000, 0x000000008a800000, 0x000000008a800000|100%| E|CS|TS  1|AC  0|TAMS 0x000000008a700000, 0x000000008a700000|
|  82|0x000000008a800000, 0x000000008a900000, 0x000000008a900000|100%| E|CS|TS  1|AC  0|TAMS 0x000000008a800000, 0x000000008a800000|
|  83|0x000000008a900000, 0x000000008aa00000, 0x000000008aa00000|100%| E|CS|TS  1|AC  0|TAMS 0x000000008a900000, 0x000000008a900000|
|  84|0x000000008aa00000, 0x000000008ab00000, 0x000000008ab00000|100%| E|CS|TS  1|AC  0|TAMS 0x000000008aa00000, 0x000000008aa00000|
|  85|0x000000008ab00000, 0x000000008ac00000, 0x000000008ac00000|100%| E|CS|TS  1|AC  0|TAMS 0x000000008ab00000, 0x000000008ab00000|
|  86|0x000000008ac00000, 0x000000008ad00000, 0x000000008ad00000|100%| E|CS|TS  1|AC  0|TAMS 0x000000008ac00000, 0x000000008ac00000|
|  87|0x000000008ad00000, 0x000000008ae00000, 0x000000008ae00000|100%| E|CS|TS  1|AC  0|TAMS 0x000000008ad00000, 0x000000008ad00000|
|  88|0x000000008ae00000, 0x000000008af00000, 0x000000008af00000|100%| E|CS|TS  1|AC  0|TAMS 0x000000008ae00000, 0x000000008ae00000|
|  89|0x000000008af00000, 0x000000008b000000, 0x000000008b000000|100%| E|CS|TS  1|AC  0|TAMS 0x000000008af00000, 0x000000008af00000|
|  90|0x000000008b000000, 0x000000008b100000, 0x000000008b100000|100%| E|CS|TS  1|AC  0|TAMS 0x000000008b000000, 0x000000008b000000|
|  91|0x000000008b100000, 0x000000008b200000, 0x000000008b200000|100%| E|CS|TS  1|AC  0|TAMS 0x000000008b100000, 0x000000008b100000|
|  92|0x000000008b200000, 0x000000008b300000, 0x000000008b300000|100%| E|CS|TS  1|AC  0|TAMS 0x000000008b200000, 0x000000008b200000|
|  93|0x000000008b300000, 0x000000008b400000, 0x000000008b400000|100%| E|CS|TS  1|AC  0|TAMS 0x000000008b300000, 0x000000008b300000|
|  94|0x000000008b400000, 0x000000008b500000, 0x000000008b500000|100%| E|CS|TS  1|AC  0|TAMS 0x000000008b400000, 0x000000008b400000|
|  95|0x000000008b500000, 0x000000008b600000, 0x000000008b600000|100%| E|CS|TS  1|AC  0|TAMS 0x000000008b500000, 0x000000008b500000|
|  96|0x000000008b600000, 0x000000008b700000, 0x000000008b700000|100%| E|CS|TS  1|AC  0|TAMS 0x000000008b600000, 0x000000008b600000|
|  97|0x000000008b700000, 0x000000008b800000, 0x000000008b800000|100%| E|CS|TS  1|AC  0|TAMS 0x000000008b700000, 0x000000008b700000|
|  98|0x000000008b800000, 0x000000008b900000, 0x000000008b900000|100%| E|CS|TS  1|AC  0|TAMS 0x000000008b800000, 0x000000008b800000|
|  99|0x000000008b900000, 0x000000008ba00000, 0x000000008ba00000|100%| E|CS|TS  1|AC  0|TAMS 0x000000008b900000, 0x000000008b900000|
| 100|0x000000008ba00000, 0x000000008bb00000, 0x000000008bb00000|100%| E|CS|TS  1|AC  0|TAMS 0x000000008ba00000, 0x000000008ba00000|
| 101|0x000000008bb00000, 0x000000008bc00000, 0x000000008bc00000|100%| E|CS|TS  1|AC  0|TAMS 0x000000008bb00000, 0x000000008bb00000|
| 102|0x000000008bc00000, 0x000000008bd00000, 0x000000008bd00000|100%| E|CS|TS  1|AC  0|TAMS 0x000000008bc00000, 0x000000008bc00000|
| 103|0x000000008bd00000, 0x000000008be00000, 0x000000008be00000|100%| E|CS|TS  1|AC  0|TAMS 0x000000008bd00000, 0x000000008bd00000|
| 104|0x000000008be00000, 0x000000008bf00000, 0x000000008bf00000|100%| E|CS|TS  1|AC  0|TAMS 0x000000008be00000, 0x000000008be00000|
| 105|0x000000008bf00000, 0x000000008c000000, 0x000000008c000000|100%| E|CS|TS  1|AC  0|TAMS 0x000000008bf00000, 0x000000008bf00000|
| 106|0x000000008c000000, 0x000000008c100000, 0x000000008c100000|100%| E|CS|TS  1|AC  0|TAMS 0x000000008c000000, 0x000000008c000000|
| 107|0x000000008c100000, 0x000000008c200000, 0x000000008c200000|100%| E|CS|TS  1|AC  0|TAMS 0x000000008c100000, 0x000000008c100000|
| 108|0x000000008c200000, 0x000000008c300000, 0x000000008c300000|100%| E|CS|TS  1|AC  0|TAMS 0x000000008c200000, 0x000000008c200000|
| 109|0x000000008c300000, 0x000000008c400000, 0x000000008c400000|100%| E|CS|TS  1|AC  0|TAMS 0x000000008c300000, 0x000000008c300000|
| 110|0x000000008c400000, 0x000000008c500000, 0x000000008c500000|100%| E|CS|TS  1|AC  0|TAMS 0x000000008c400000, 0x000000008c400000|
| 111|0x000000008c500000, 0x000000008c600000, 0x000000008c600000|100%| E|CS|TS  1|AC  0|TAMS 0x000000008c500000, 0x000000008c500000|
| 112|0x000000008c600000, 0x000000008c700000, 0x000000008c700000|100%| E|CS|TS  1|AC  0|TAMS 0x000000008c600000, 0x000000008c600000|
| 113|0x000000008c700000, 0x000000008c800000, 0x000000008c800000|100%| E|CS|TS  1|AC  0|TAMS 0x000000008c700000, 0x000000008c700000|
| 114|0x000000008c800000, 0x000000008c900000, 0x000000008c900000|100%| E|CS|TS  1|AC  0|TAMS 0x000000008c800000, 0x000000008c800000|
| 115|0x000000008c900000, 0x000000008ca00000, 0x000000008ca00000|100%| E|CS|TS  1|AC  0|TAMS 0x000000008c900000, 0x000000008c900000|
| 116|0x000000008ca00000, 0x000000008cb00000, 0x000000008cb00000|100%| E|CS|TS  1|AC  0|TAMS 0x000000008ca00000, 0x000000008ca00000|
| 117|0x000000008cb00000, 0x000000008cc00000, 0x000000008cc00000|100%| E|CS|TS  1|AC  0|TAMS 0x000000008cb00000, 0x000000008cb00000|
| 118|0x000000008cc00000, 0x000000008cd00000, 0x000000008cd00000|100%| E|CS|TS  1|AC  0|TAMS 0x000000008cc00000, 0x000000008cc00000|
| 119|0x000000008cd00000, 0x000000008ce00000, 0x000000008ce00000|100%| E|CS|TS  1|AC  0|TAMS 0x000000008cd00000, 0x000000008cd00000|
| 120|0x000000008ce00000, 0x000000008cf00000, 0x000000008cf00000|100%| E|CS|TS  1|AC  0|TAMS 0x000000008ce00000, 0x000000008ce00000|
| 121|0x000000008cf00000, 0x000000008d000000, 0x000000008d000000|100%| E|CS|TS  1|AC  0|TAMS 0x000000008cf00000, 0x000000008cf00000|
| 122|0x000000008d000000, 0x000000008d100000, 0x000000008d100000|100%| E|CS|TS  1|AC  0|TAMS 0x000000008d000000, 0x000000008d000000|
| 123|0x000000008d100000, 0x000000008d200000, 0x000000008d200000|100%| E|CS|TS  1|AC  0|TAMS 0x000000008d100000, 0x000000008d100000|

Card table byte_map: [0x00007fa46224a000,0x00007fa46261f000] byte_map_base: 0x00007fa461e1f000

Marking Bits (Prev, Next): (CMBitMap*) 0x00007fa47c055be0, (CMBitMap*) 0x00007fa47c055c18
 Prev Bits: [0x00007fa452158000, 0x00007fa454000000)
 Next Bits: [0x00007fa4502b0000, 0x00007fa452158000)

Polling page: 0x00007fa4835ea000

CodeHeap 'non-profiled nmethods': size=120032Kb used=3207Kb max_used=3328Kb free=116824Kb
 bounds [0x00007fa46adb3000, 0x00007fa46b103000, 0x00007fa4722eb000]
CodeHeap 'profiled nmethods': size=120032Kb used=11769Kb max_used=13258Kb free=108262Kb
 bounds [0x00007fa46387b000, 0x00007fa46457b000, 0x00007fa46adb3000]
CodeHeap 'non-nmethods': size=5696Kb used=1376Kb max_used=1415Kb free=4319Kb
 bounds [0x00007fa4632eb000, 0x00007fa46355b000, 0x00007fa46387b000]
 total_blobs=9285 nmethods=5895 adapters=764
 compilation: enabled

Compilation events (10 events):
Event: 21559,375 Thread 0x00007fa47c14a800 6829  s    4       java.util.Vector::iterator (10 bytes)
Event: 21559,378 Thread 0x00007fa47c14a800 nmethod 6829 0x00007fa46af3a910 code [0x00007fa46af3aac0, 0x00007fa46af3ae18]
Event: 21568,372 Thread 0x00007fa47c14c800 6830       4       java.util.Vector::<init> (53 bytes)
Event: 21568,378 Thread 0x00007fa47c14c800 nmethod 6830 0x00007fa46af67490 code [0x00007fa46af67640, 0x00007fa46af67c98]
Event: 22056,515 Thread 0x00007fa47c14a800 6831   !   4       sun.awt.X11.XToolkit$1::dispatchEvent (34 bytes)
Event: 22056,528 Thread 0x00007fa47c14a800 nmethod 6831 0x00007fa46afd2b10 code [0x00007fa46afd2ce0, 0x00007fa46afd2f28]
Event: 23387,696 Thread 0x00007fa47c14c800 6832   !   4       java.lang.ref.ReferenceQueue::remove (125 bytes)
Event: 23387,766 Thread 0x00007fa47c14c800 nmethod 6832 0x00007fa46afd1910 code [0x00007fa46afd1ae0, 0x00007fa46afd2828]
Event: 23678,139 Thread 0x00007fa47c14a800 6833       4       sun.awt.X11.XMSelection$1::dispatchEvent (10 bytes)
Event: 23678,158 Thread 0x00007fa47c14a800 nmethod 6833 0x00007fa46afd1010 code [0x00007fa46afd11e0, 0x00007fa46afd1478]

GC Heap History (10 events):
Event: 1,728 GC heap before
{Heap before GC invocations=1 (full 0):
 garbage-first heap   total 126976K, used 11696K [0x0000000085600000, 0x0000000100000000)
  region size 1024K, 9 young (9216K), 2 survivors (2048K)
 Metaspace       used 18268K, capacity 18769K, committed 18944K, reserved 1067008K
  class space    used 1984K, capacity 2221K, committed 2304K, reserved 1048576K
}
Event: 1,735 GC heap after
{Heap after GC invocations=2 (full 0):
 garbage-first heap   total 126976K, used 5673K [0x0000000085600000, 0x0000000100000000)
  region size 1024K, 2 young (2048K), 2 survivors (2048K)
 Metaspace       used 18268K, capacity 18769K, committed 18944K, reserved 1067008K
  class space    used 1984K, capacity 2221K, committed 2304K, reserved 1048576K
}
Event: 1,748 GC heap before
{Heap before GC invocations=2 (full 0):
 garbage-first heap   total 126976K, used 34345K [0x0000000085600000, 0x0000000100000000)
  region size 1024K, 30 young (30720K), 2 survivors (2048K)
 Metaspace       used 18270K, capacity 18769K, committed 18944K, reserved 1067008K
  class space    used 1984K, capacity 2221K, committed 2304K, reserved 1048576K
}
Event: 1,754 GC heap after
{Heap after GC invocations=3 (full 0):
 garbage-first heap   total 126976K, used 5764K [0x0000000085600000, 0x0000000100000000)
  region size 1024K, 2 young (2048K), 2 survivors (2048K)
 Metaspace       used 18270K, capacity 18769K, committed 18944K, reserved 1067008K
  class space    used 1984K, capacity 2221K, committed 2304K, reserved 1048576K
}
Event: 5,437 GC heap before
{Heap before GC invocations=3 (full 0):
 garbage-first heap   total 126976K, used 17028K [0x0000000085600000, 0x0000000100000000)
  region size 1024K, 14 young (14336K), 2 survivors (2048K)
 Metaspace       used 20699K, capacity 21183K, committed 21248K, reserved 1069056K
  class space    used 2269K, capacity 2556K, committed 2560K, reserved 1048576K
}
Event: 5,440 GC heap after
{Heap after GC invocations=4 (full 0):
 garbage-first heap   total 126976K, used 6175K [0x0000000085600000, 0x0000000100000000)
  region size 1024K, 2 young (2048K), 2 survivors (2048K)
 Metaspace       used 20699K, capacity 21183K, committed 21248K, reserved 1069056K
  class space    used 2269K, capacity 2556K, committed 2560K, reserved 1048576K
}
Event: 6,223 GC heap before
{Heap before GC invocations=5 (full 0):
 garbage-first heap   total 126976K, used 43039K [0x0000000085600000, 0x0000000100000000)
  region size 1024K, 39 young (39936K), 2 survivors (2048K)
 Metaspace       used 34854K, capacity 35523K, committed 35840K, reserved 1081344K
  class space    used 4062K, capacity 4392K, committed 4480K, reserved 1048576K
}
Event: 6,231 GC heap after
{Heap after GC invocations=6 (full 0):
 garbage-first heap   total 126976K, used 9910K [0x0000000085600000, 0x0000000100000000)
  region size 1024K, 6 young (6144K), 6 survivors (6144K)
 Metaspace       used 34854K, capacity 35523K, committed 35840K, reserved 1081344K
  class space    used 4062K, capacity 4392K, committed 4480K, reserved 1048576K
}
Event: 9,296 GC heap before
{Heap before GC invocations=7 (full 0):
 garbage-first heap   total 126976K, used 62134K [0x0000000085600000, 0x0000000100000000)
  region size 1024K, 57 young (58368K), 6 survivors (6144K)
 Metaspace       used 47532K, capacity 48307K, committed 49024K, reserved 1091584K
  class space    used 5608K, capacity 5950K, committed 6016K, reserved 1048576K
}
Event: 9,328 GC heap after
{Heap after GC invocations=8 (full 0):
 garbage-first heap   total 126976K, used 12563K [0x0000000085600000, 0x0000000100000000)
  region size 1024K, 7 young (7168K), 7 survivors (7168K)
 Metaspace       used 47532K, capacity 48307K, committed 49024K, reserved 1091584K
  class space    used 5608K, capacity 5950K, committed 6016K, reserved 1048576K
}

Deoptimization events (10 events):
Event: 232,045 Thread 0x00007fa47c45f800 Uncommon trap: reason=unstable_if action=reinterpret pc=0x00007fa46b0240f4 method=java.beans.ChangeListenerMap.get(Ljava/lang/String;)[Ljava/util/EventListener; @ 4 c2
Event: 285,544 Thread 0x00007fa47c45f800 Uncommon trap: reason=bimorphic_or_optimized_type_check action=maybe_recompile pc=0x00007fa46b050d50 method=java.awt.LightweightDispatcher.eventDispatched(Ljava/awt/AWTEvent;)V @ 269 c2
Event: 292,878 Thread 0x00007fa47c45f800 Uncommon trap: reason=bimorphic_or_optimized_type_check action=maybe_recompile pc=0x00007fa46b050d50 method=java.awt.LightweightDispatcher.eventDispatched(Ljava/awt/AWTEvent;)V @ 269 c2
Event: 306,458 Thread 0x00007fa47c3e4800 Uncommon trap: reason=class_check action=maybe_recompile pc=0x00007fa46b015490 method=sun.awt.X11.XToolkit.processGlobalMotionEvent(Lsun/awt/X11/XEvent;Lsun/awt/X11/XBaseWindow;)V @ 191 c2
Event: 471,715 Thread 0x00007fa47c3e4800 Uncommon trap: reason=bimorphic_or_optimized_type_check action=maybe_recompile pc=0x00007fa46b015330 method=sun.awt.X11.XToolkit.dispatchEvent(Lsun/awt/X11/XEvent;)V @ 177 c2
Event: 1591,926 Thread 0x00007fa47c45f800 Uncommon trap: reason=unstable_if action=reinterpret pc=0x00007fa46b00ff44 method=sun.awt.AWTAutoShutdown.isReadyToShutdown()Z @ 16 c2
Event: 1591,927 Thread 0x00007fa47c45f800 Uncommon trap: reason=unstable_if action=reinterpret pc=0x00007fa46b03eab0 method=sun.awt.AWTAutoShutdown.isReadyToShutdown()Z @ 16 c2
Event: 1592,929 Thread 0x00007fa47c45f800 Uncommon trap: reason=unstable_if action=reinterpret pc=0x00007fa46b03b410 method=java.awt.EventQueue.dispatchEventImpl(Ljava/awt/AWTEvent;Ljava/lang/Object;)V @ 33 c2
Event: 7587,105 Thread 0x00007fa47c3e4800 Uncommon trap: reason=bimorphic_or_optimized_type_check action=maybe_recompile pc=0x00007fa46b015330 method=sun.awt.X11.XToolkit.dispatchEvent(Lsun/awt/X11/XEvent;)V @ 177 c2
Event: 7591,768 Thread 0x00007fa47c3e4800 Uncommon trap: reason=bimorphic_or_optimized_type_check action=maybe_recompile pc=0x00007fa46b015330 method=sun.awt.X11.XToolkit.dispatchEvent(Lsun/awt/X11/XEvent;)V @ 177 c2

Classes redefined (0 events):
No events

Internal exceptions (10 events):
Event: 276,845 Thread 0x00007fa47c45f800 Exception <a 'java/lang/UnsupportedOperationException'{0x000000008adb0650}: > (0x000000008adb0650) thrown at [/build/openjdk-lts-Ae5PRQ/openjdk-lts-10.0.2+13/src/hotspot/share/prims/jni.cpp, line 632]
Event: 277,498 Thread 0x00007fa47c45f800 Exception <a 'java/lang/UnsupportedOperationException'{0x000000008adebee8}: > (0x000000008adebee8) thrown at [/build/openjdk-lts-Ae5PRQ/openjdk-lts-10.0.2+13/src/hotspot/share/prims/jni.cpp, line 632]
Event: 279,377 Thread 0x00007fa47c45f800 Exception <a 'java/lang/UnsupportedOperationException'{0x000000008ac49ac0}: > (0x000000008ac49ac0) thrown at [/build/openjdk-lts-Ae5PRQ/openjdk-lts-10.0.2+13/src/hotspot/share/prims/jni.cpp, line 632]
Event: 280,991 Thread 0x00007fa47c45f800 Exception <a 'java/lang/UnsupportedOperationException'{0x000000008ac815b0}: > (0x000000008ac815b0) thrown at [/build/openjdk-lts-Ae5PRQ/openjdk-lts-10.0.2+13/src/hotspot/share/prims/jni.cpp, line 632]
Event: 283,922 Thread 0x00007fa47c45f800 Exception <a 'java/lang/UnsupportedOperationException'{0x000000008ab0cc20}: > (0x000000008ab0cc20) thrown at [/build/openjdk-lts-Ae5PRQ/openjdk-lts-10.0.2+13/src/hotspot/share/prims/jni.cpp, line 632]
Event: 286,365 Thread 0x00007fa47c45f800 Exception <a 'java/lang/UnsupportedOperationException'{0x000000008ab4cae0}: > (0x000000008ab4cae0) thrown at [/build/openjdk-lts-Ae5PRQ/openjdk-lts-10.0.2+13/src/hotspot/share/prims/jni.cpp, line 632]
Event: 288,319 Thread 0x00007fa47c45f800 Exception <a 'java/lang/NullPointerException'{0x000000008abe4dc8}> (0x000000008abe4dc8) thrown at [/build/openjdk-lts-Ae5PRQ/openjdk-lts-10.0.2+13/src/hotspot/share/prims/jvm.cpp, line 1349]
Event: 288,319 Thread 0x00007fa47c45f800 Exception <a 'java/lang/NullPointerException'{0x000000008abe4dc8}> (0x000000008abe4dc8) thrown at [/build/openjdk-lts-Ae5PRQ/openjdk-lts-10.0.2+13/src/hotspot/share/prims/jvm.cpp, line 1349]
Event: 289,253 Thread 0x00007fa47c45f800 Exception <a 'java/lang/UnsupportedOperationException'{0x000000008aa4d5a8}: > (0x000000008aa4d5a8) thrown at [/build/openjdk-lts-Ae5PRQ/openjdk-lts-10.0.2+13/src/hotspot/share/prims/jni.cpp, line 632]
Event: 291,089 Thread 0x00007fa47c45f800 Exception <a 'java/lang/UnsupportedOperationException'{0x000000008aac7f28}: > (0x000000008aac7f28) thrown at [/build/openjdk-lts-Ae5PRQ/openjdk-lts-10.0.2+13/src/hotspot/share/prims/jni.cpp, line 632]

Events (10 events):
Event: 7591,768 Thread 0x00007fa47c3e4800 Uncommon trap: trap_request=0xffffffc6 fr.pc=0x00007fa46b015330 relative=0x0000000000004250
Event: 7591,768 Thread 0x00007fa47c3e4800 DEOPT PACKING pc=0x00007fa46b015330 sp=0x00007fa4441668a0
Event: 7591,769 Thread 0x00007fa47c3e4800 DEOPT UNPACKING pc=0x00007fa463312fa5 sp=0x00007fa4441668a8 mode 2
Event: 7591,769 Thread 0x00007fa3e001c000 Thread added: 0x00007fa3e001c000
Event: 7591,769 Thread 0x00007fa3e001c800 Thread added: 0x00007fa3e001c800
Event: 7592,770 Executing VM operation: RevokeBias
Event: 7592,770 Executing VM operation: RevokeBias done
Event: 7592,770 Thread 0x00007fa3e001c000 Thread exited: 0x00007fa3e001c000
Event: 7592,770 Thread 0x00007fa3e001c800 Thread exited: 0x00007fa3e001c800
Event: 26248,039 loading class jdk/internal/misc/Signal$1


Dynamic libraries:
85600000-8d200000 rw-p 00000000 00:00 0 
8d200000-100000000 ---p 00000000 00:00 0 
100000000-100640000 rw-p 00000000 00:00 0 
100640000-140000000 ---p 00000000 00:00 0 
560b9f166000-560b9f167000 r-xp 00000000 08:05 1044648                    /usr/lib/jvm/java-11-openjdk-amd64/bin/java
560b9f367000-560b9f368000 r--p 00001000 08:05 1044648                    /usr/lib/jvm/java-11-openjdk-amd64/bin/java
560b9f368000-560b9f369000 rw-p 00002000 08:05 1044648                    /usr/lib/jvm/java-11-openjdk-amd64/bin/java
560ba084f000-560ba0870000 rw-p 00000000 00:00 0                          [heap]
7fa3d8000000-7fa3d90df000 rw-p 00000000 00:00 0 
7fa3d90df000-7fa3dc000000 ---p 00000000 00:00 0 
7fa3dc000000-7fa3dc021000 rw-p 00000000 00:00 0 
7fa3dc021000-7fa3e0000000 ---p 00000000 00:00 0 
7fa3e0000000-7fa3e0032000 rw-p 00000000 00:00 0 
7fa3e0032000-7fa3e4000000 ---p 00000000 00:00 0 
7fa3e4000000-7fa3e4021000 rw-p 00000000 00:00 0 
7fa3e4021000-7fa3e8000000 ---p 00000000 00:00 0 
7fa3e8000000-7fa3e8021000 rw-p 00000000 00:00 0 
7fa3e8021000-7fa3ec000000 ---p 00000000 00:00 0 
7fa3ec000000-7fa3ec021000 rw-p 00000000 00:00 0 
7fa3ec021000-7fa3f0000000 ---p 00000000 00:00 0 
7fa3f0000000-7fa3f0021000 rw-p 00000000 00:00 0 
7fa3f0021000-7fa3f4000000 ---p 00000000 00:00 0 
7fa3f448e000-7fa3f450e000 rw-p 00000000 00:00 0 
7fa3f450e000-7fa3f468e000 ---p 00000000 00:00 0 
7fa3f468e000-7fa3f4692000 ---p 00000000 00:00 0 
7fa3f4692000-7fa3f498f000 rw-p 00000000 00:00 0 
7fa3f498f000-7fa3f4b8f000 rw-p 00000000 00:00 0 
7fa3f4b8f000-7fa3f4d8f000 rw-p 00000000 00:00 0 
7fa3f4d8f000-7fa3f4f8f000 rw-p 00000000 00:00 0 
7fa3f4f8f000-7fa3f518f000 rw-p 00000000 00:00 0 
7fa3f518f000-7fa3f538f000 rw-p 00000000 00:00 0 
7fa3f538f000-7fa3f558f000 rw-p 00000000 00:00 0 
7fa3f558f000-7fa3f5593000 ---p 00000000 00:00 0 
7fa3f5593000-7fa3f5890000 rw-p 00000000 00:00 0 
7fa3f5890000-7fa3f5891000 r-xp 00000000 08:05 1044705                    /usr/lib/jvm/java-11-openjdk-amd64/lib/libextnet.so
7fa3f5891000-7fa3f5a90000 ---p 00001000 08:05 1044705                    /usr/lib/jvm/java-11-openjdk-amd64/lib/libextnet.so
7fa3f5a90000-7fa3f5a91000 r--p 00000000 08:05 1044705                    /usr/lib/jvm/java-11-openjdk-amd64/lib/libextnet.so
7fa3f5a91000-7fa3f5a92000 rw-p 00001000 08:05 1044705                    /usr/lib/jvm/java-11-openjdk-amd64/lib/libextnet.so
7fa3f5a92000-7fa3f5a96000 ---p 00000000 00:00 0 
7fa3f5a96000-7fa3f5d93000 rw-p 00000000 00:00 0 
7fa3f5d93000-7fa3f5f93000 rw-p 00000000 00:00 0 
7fa3f5ffc000-7fa3f61fc000 rw-p 00000000 00:00 0 
7fa3f61fc000-7fa3f63fc000 rw-p 00000000 00:00 0 
7fa3f63fc000-7fa3f65fc000 rw-p 00000000 00:00 0 
7fa3f65fc000-7fa3f67fc000 rw-p 00000000 00:00 0 
7fa3f67fc000-7fa3f69fc000 rw-p 00000000 00:00 0 
7fa3f69fc000-7fa3f6a00000 ---p 00000000 00:00 0 
7fa3f6a00000-7fa3f6cfd000 rw-p 00000000 00:00 0 
7fa3f6cfd000-7fa3f6d01000 ---p 00000000 00:00 0 
7fa3f6d01000-7fa3f6ffe000 rw-p 00000000 00:00 0 
7fa3f6ffe000-7fa3f6fff000 ---p 00000000 00:00 0 
7fa3f6fff000-7fa3f77ff000 rw-p 00000000 00:00 0 
7fa3f77ff000-7fa3f7800000 ---p 00000000 00:00 0 
7fa3f7800000-7fa3f8000000 rw-p 00000000 00:00 0 
7fa3f8000000-7fa3f8021000 rw-p 00000000 00:00 0 
7fa3f8021000-7fa3fc000000 ---p 00000000 00:00 0 
7fa3fc000000-7fa3fc021000 rw-p 00000000 00:00 0 
7fa3fc021000-7fa400000000 ---p 00000000 00:00 0 
7fa40009f000-7fa4000a3000 ---p 00000000 00:00 0 
7fa4000a3000-7fa4003a0000 rw-p 00000000 00:00 0 
7fa4003a0000-7fa4003a5000 r-xp 00000000 08:05 271942                     /usr/lib/x86_64-linux-gnu/libXfixes.so.3.1.0
7fa4003a5000-7fa4005a4000 ---p 00005000 08:05 271942                     /usr/lib/x86_64-linux-gnu/libXfixes.so.3.1.0
7fa4005a4000-7fa4005a5000 r--p 00004000 08:05 271942                     /usr/lib/x86_64-linux-gnu/libXfixes.so.3.1.0
7fa4005a5000-7fa4005a6000 rw-p 00005000 08:05 271942                     /usr/lib/x86_64-linux-gnu/libXfixes.so.3.1.0
7fa4005a6000-7fa4005af000 r-xp 00000000 08:05 271934                     /usr/lib/x86_64-linux-gnu/libXcursor.so.1.0.2
7fa4005af000-7fa4007ae000 ---p 00009000 08:05 271934                     /usr/lib/x86_64-linux-gnu/libXcursor.so.1.0.2
7fa4007ae000-7fa4007af000 r--p 00008000 08:05 271934                     /usr/lib/x86_64-linux-gnu/libXcursor.so.1.0.2
7fa4007af000-7fa4007b0000 rw-p 00009000 08:05 271934                     /usr/lib/x86_64-linux-gnu/libXcursor.so.1.0.2
7fa4007b0000-7fa4007b1000 ---p 00000000 00:00 0 
7fa4007b1000-7fa400fb1000 rw-p 00000000 00:00 0 
7fa400fb1000-7fa400fbd000 r-xp 00000000 08:05 396751                     /usr/lib/x86_64-linux-gnu/gio/modules/libdconfsettings.so
7fa400fbd000-7fa4011bc000 ---p 0000c000 08:05 396751                     /usr/lib/x86_64-linux-gnu/gio/modules/libdconfsettings.so
7fa4011bc000-7fa4011bd000 r--p 0000b000 08:05 396751                     /usr/lib/x86_64-linux-gnu/gio/modules/libdconfsettings.so
7fa4011bd000-7fa4011be000 rw-p 0000c000 08:05 396751                     /usr/lib/x86_64-linux-gnu/gio/modules/libdconfsettings.so
7fa4011be000-7fa4011c4000 r-xp 00000000 08:05 920010                     /lib/x86_64-linux-gnu/libuuid.so.1.3.0
7fa4011c4000-7fa4013c3000 ---p 00006000 08:05 920010                     /lib/x86_64-linux-gnu/libuuid.so.1.3.0
7fa4013c3000-7fa4013c4000 r--p 00005000 08:05 920010                     /lib/x86_64-linux-gnu/libuuid.so.1.3.0
7fa4013c4000-7fa4013c5000 rw-p 00006000 08:05 920010                     /lib/x86_64-linux-gnu/libuuid.so.1.3.0
7fa4013c5000-7fa40140c000 r-xp 00000000 08:05 919820                     /lib/x86_64-linux-gnu/libblkid.so.1.1.0
7fa40140c000-7fa40160c000 ---p 00047000 08:05 919820                     /lib/x86_64-linux-gnu/libblkid.so.1.1.0
7fa40160c000-7fa401610000 r--p 00047000 08:05 919820                     /lib/x86_64-linux-gnu/libblkid.so.1.1.0
7fa401610000-7fa401611000 rw-p 0004b000 08:05 919820                     /lib/x86_64-linux-gnu/libblkid.so.1.1.0
7fa401611000-7fa401612000 rw-p 00000000 00:00 0 
7fa401612000-7fa401682000 r-xp 00000000 08:05 919775                     /lib/x86_64-linux-gnu/libpcre.so.3.13.3
7fa401682000-7fa401882000 ---p 00070000 08:05 919775                     /lib/x86_64-linux-gnu/libpcre.so.3.13.3
7fa401882000-7fa401883000 r--p 00070000 08:05 919775                     /lib/x86_64-linux-gnu/libpcre.so.3.13.3
7fa401883000-7fa401884000 rw-p 00071000 08:05 919775                     /lib/x86_64-linux-gnu/libpcre.so.3.13.3
7fa401884000-7fa40188b000 r-xp 00000000 08:05 272269                     /usr/lib/x86_64-linux-gnu/libffi.so.6.0.4
7fa40188b000-7fa401a8a000 ---p 00007000 08:05 272269                     /usr/lib/x86_64-linux-gnu/libffi.so.6.0.4
7fa401a8a000-7fa401a8b000 r--p 00006000 08:05 272269                     /usr/lib/x86_64-linux-gnu/libffi.so.6.0.4
7fa401a8b000-7fa401a8c000 rw-p 00007000 08:05 272269                     /usr/lib/x86_64-linux-gnu/libffi.so.6.0.4
7fa401a8c000-7fa401add000 r-xp 00000000 08:05 919686                     /lib/x86_64-linux-gnu/libmount.so.1.1.0
7fa401add000-7fa401cdc000 ---p 00051000 08:05 919686                     /lib/x86_64-linux-gnu/libmount.so.1.1.0
7fa401cdc000-7fa401cde000 r--p 00050000 08:05 919686                     /lib/x86_64-linux-gnu/libmount.so.1.1.0
7fa401cde000-7fa401cdf000 rw-p 00052000 08:05 919686                     /lib/x86_64-linux-gnu/libmount.so.1.1.0
7fa401cdf000-7fa401ce0000 rw-p 00000000 00:00 0 
7fa401ce0000-7fa401cf7000 r-xp 00000000 08:05 919792                     /lib/x86_64-linux-gnu/libresolv-2.27.so
7fa401cf7000-7fa401ef7000 ---p 00017000 08:05 919792                     /lib/x86_64-linux-gnu/libresolv-2.27.so
7fa401ef7000-7fa401ef8000 r--p 00017000 08:05 919792                     /lib/x86_64-linux-gnu/libresolv-2.27.so
7fa401ef8000-7fa401ef9000 rw-p 00018000 08:05 919792                     /lib/x86_64-linux-gnu/libresolv-2.27.so
7fa401ef9000-7fa401efb000 rw-p 00000000 00:00 0 
7fa401efb000-7fa401f20000 r-xp 00000000 08:05 919798                     /lib/x86_64-linux-gnu/libselinux.so.1
7fa401f20000-7fa40211f000 ---p 00025000 08:05 919798                     /lib/x86_64-linux-gnu/libselinux.so.1
7fa40211f000-7fa402120000 r--p 00024000 08:05 919798                     /lib/x86_64-linux-gnu/libselinux.so.1
7fa402120000-7fa402121000 rw-p 00025000 08:05 919798                     /lib/x86_64-linux-gnu/libselinux.so.1
7fa402121000-7fa402123000 rw-p 00000000 00:00 0 
7fa402123000-7fa402236000 r-xp 00000000 08:05 262951                     /usr/lib/x86_64-linux-gnu/libglib-2.0.so.0.5600.3
7fa402236000-7fa402436000 ---p 00113000 08:05 262951                     /usr/lib/x86_64-linux-gnu/libglib-2.0.so.0.5600.3
7fa402436000-7fa402437000 r--p 00113000 08:05 262951                     /usr/lib/x86_64-linux-gnu/libglib-2.0.so.0.5600.3
7fa402437000-7fa402438000 rw-p 00114000 08:05 262951                     /usr/lib/x86_64-linux-gnu/libglib-2.0.so.0.5600.3
7fa402438000-7fa402439000 rw-p 00000000 00:00 0 
7fa402439000-7fa40243c000 r-xp 00000000 08:05 268079                     /usr/lib/x86_64-linux-gnu/libgmodule-2.0.so.0.5600.3
7fa40243c000-7fa40263b000 ---p 00003000 08:05 268079                     /usr/lib/x86_64-linux-gnu/libgmodule-2.0.so.0.5600.3
7fa40263b000-7fa40263c000 r--p 00002000 08:05 268079                     /usr/lib/x86_64-linux-gnu/libgmodule-2.0.so.0.5600.3
7fa40263c000-7fa40263d000 rw-p 00003000 08:05 268079                     /usr/lib/x86_64-linux-gnu/libgmodule-2.0.so.0.5600.3
7fa40263d000-7fa40268f000 r-xp 00000000 08:05 270586                     /usr/lib/x86_64-linux-gnu/libgobject-2.0.so.0.5600.3
7fa40268f000-7fa40288f000 ---p 00052000 08:05 270586                     /usr/lib/x86_64-linux-gnu/libgobject-2.0.so.0.5600.3
7fa40288f000-7fa402890000 r--p 00052000 08:05 270586                     /usr/lib/x86_64-linux-gnu/libgobject-2.0.so.0.5600.3
7fa402890000-7fa402891000 rw-p 00053000 08:05 270586                     /usr/lib/x86_64-linux-gnu/libgobject-2.0.so.0.5600.3
7fa402891000-7fa402a26000 r-xp 00000000 08:05 262552                     /usr/lib/x86_64-linux-gnu/libgio-2.0.so.0.5600.3
7fa402a26000-7fa402c26000 ---p 00195000 08:05 262552                     /usr/lib/x86_64-linux-gnu/libgio-2.0.so.0.5600.3
7fa402c26000-7fa402c2d000 r--p 00195000 08:05 262552                     /usr/lib/x86_64-linux-gnu/libgio-2.0.so.0.5600.3
7fa402c2d000-7fa402c2e000 rw-p 0019c000 08:05 262552                     /usr/lib/x86_64-linux-gnu/libgio-2.0.so.0.5600.3
7fa402c2e000-7fa402c30000 rw-p 00000000 00:00 0 
7fa402c30000-7fa402c3a000 r-xp 00000000 08:05 271958                     /usr/lib/x86_64-linux-gnu/libXrandr.so.2.2.0
7fa402c3a000-7fa402e39000 ---p 0000a000 08:05 271958                     /usr/lib/x86_64-linux-gnu/libXrandr.so.2.2.0
7fa402e39000-7fa402e3a000 r--p 00009000 08:05 271958                     /usr/lib/x86_64-linux-gnu/libXrandr.so.2.2.0
7fa402e3a000-7fa402e3b000 rw-p 0000a000 08:05 271958                     /usr/lib/x86_64-linux-gnu/libXrandr.so.2.2.0
7fa402e3b000-7fa40303b000 rw-p 00000000 00:00 0 
7fa40303b000-7fa40306c000 r-xp 00000000 08:05 272791                     /usr/lib/x86_64-linux-gnu/libpng16.so.16.34.0
7fa40306c000-7fa40326b000 ---p 00031000 08:05 272791                     /usr/lib/x86_64-linux-gnu/libpng16.so.16.34.0
7fa40326b000-7fa40326c000 r--p 00030000 08:05 272791                     /usr/lib/x86_64-linux-gnu/libpng16.so.16.34.0
7fa40326c000-7fa40326d000 rw-p 00031000 08:05 272791                     /usr/lib/x86_64-linux-gnu/libpng16.so.16.34.0
7fa40326d000-7fa40331a000 r-xp 00000000 08:05 272301                     /usr/lib/x86_64-linux-gnu/libfreetype.so.6.15.0
7fa40331a000-7fa403519000 ---p 000ad000 08:05 272301                     /usr/lib/x86_64-linux-gnu/libfreetype.so.6.15.0
7fa403519000-7fa403520000 r--p 000ac000 08:05 272301                     /usr/lib/x86_64-linux-gnu/libfreetype.so.6.15.0
7fa403520000-7fa403521000 rw-p 000b3000 08:05 272301                     /usr/lib/x86_64-linux-gnu/libfreetype.so.6.15.0
7fa403521000-7fa4035b6000 r-xp 00000000 08:05 1044706                    /usr/lib/jvm/java-11-openjdk-amd64/lib/libfontmanager.so
7fa4035b6000-7fa4037b6000 ---p 00095000 08:05 1044706                    /usr/lib/jvm/java-11-openjdk-amd64/lib/libfontmanager.so
7fa4037b6000-7fa4037b7000 r--p 00095000 08:05 1044706                    /usr/lib/jvm/java-11-openjdk-amd64/lib/libfontmanager.so
7fa4037b7000-7fa4037b8000 rw-p 00096000 08:05 1044706                    /usr/lib/jvm/java-11-openjdk-amd64/lib/libfontmanager.so
7fa4037b8000-7fa4037b9000 rw-p 00000000 00:00 0 
7fa4037b9000-7fa4037cc000 r-xp 00000000 08:05 919649                     /lib/x86_64-linux-gnu/libbsd.so.0.8.7
7fa4037cc000-7fa4039cb000 ---p 00013000 08:05 919649                     /lib/x86_64-linux-gnu/libbsd.so.0.8.7
7fa4039cb000-7fa4039cc000 r--p 00012000 08:05 919649                     /lib/x86_64-linux-gnu/libbsd.so.0.8.7
7fa4039cc000-7fa4039cd000 rw-p 00013000 08:05 919649                     /lib/x86_64-linux-gnu/libbsd.so.0.8.7
7fa4039cd000-7fa4039ce000 rw-p 00000000 00:00 0 
7fa4039ce000-7fa4039d3000 r-xp 00000000 08:05 271938                     /usr/lib/x86_64-linux-gnu/libXdmcp.so.6.0.0
7fa4039d3000-7fa403bd2000 ---p 00005000 08:05 271938                     /usr/lib/x86_64-linux-gnu/libXdmcp.so.6.0.0
7fa403bd2000-7fa403bd3000 r--p 00004000 08:05 271938                     /usr/lib/x86_64-linux-gnu/libXdmcp.so.6.0.0
7fa403bd3000-7fa403bd4000 rw-p 00005000 08:05 271938                     /usr/lib/x86_64-linux-gnu/libXdmcp.so.6.0.0
7fa403bd4000-7fa403bd6000 r-xp 00000000 08:05 271927                     /usr/lib/x86_64-linux-gnu/libXau.so.6.0.0
7fa403bd6000-7fa403dd6000 ---p 00002000 08:05 271927                     /usr/lib/x86_64-linux-gnu/libXau.so.6.0.0
7fa403dd6000-7fa403dd7000 r--p 00002000 08:05 271927                     /usr/lib/x86_64-linux-gnu/libXau.so.6.0.0
7fa403dd7000-7fa403dd8000 rw-p 00003000 08:05 271927                     /usr/lib/x86_64-linux-gnu/libXau.so.6.0.0
7fa403dd8000-7fa403dfe000 r-xp 00000000 08:05 273131                     /usr/lib/x86_64-linux-gnu/libxcb.so.1.1.0
7fa403dfe000-7fa403ffe000 ---p 00026000 08:05 273131                     /usr/lib/x86_64-linux-gnu/libxcb.so.1.1.0
7fa403ffe000-7fa403fff000 r--p 00026000 08:05 273131                     /usr/lib/x86_64-linux-gnu/libxcb.so.1.1.0
7fa403fff000-7fa404000000 rw-p 00027000 08:05 273131                     /usr/lib/x86_64-linux-gnu/libxcb.so.1.1.0
7fa404000000-7fa404021000 rw-p 00000000 00:00 0 
7fa404021000-7fa408000000 ---p 00000000 00:00 0 
7fa408000000-7fa408021000 rw-p 00000000 00:00 0 
7fa408021000-7fa40c000000 ---p 00000000 00:00 0 
7fa40c000000-7fa40c7e0000 rw-p 00000000 00:00 0 
7fa40c7e0000-7fa410000000 ---p 00000000 00:00 0 
7fa410000000-7fa410021000 rw-p 00000000 00:00 0 
7fa410021000-7fa414000000 ---p 00000000 00:00 0 
7fa414000000-7fa4157b7000 rw-p 00000000 00:00 0 
7fa4157b7000-7fa418000000 ---p 00000000 00:00 0 
7fa418000000-7fa419c11000 rw-p 00000000 00:00 0 
7fa419c11000-7fa41c000000 ---p 00000000 00:00 0 
7fa41c000000-7fa41c021000 rw-p 00000000 00:00 0 
7fa41c021000-7fa420000000 ---p 00000000 00:00 0 
7fa420000000-7fa420021000 rw-p 00000000 00:00 0 
7fa420021000-7fa424000000 ---p 00000000 00:00 0 
7fa424000000-7fa42409f000 rw-p 00000000 00:00 0 
7fa42409f000-7fa428000000 ---p 00000000 00:00 0 
7fa428000000-7fa428021000 rw-p 00000000 00:00 0 
7fa428021000-7fa42c000000 ---p 00000000 00:00 0 
7fa42c000000-7fa42c021000 rw-p 00000000 00:00 0 
7fa42c021000-7fa430000000 ---p 00000000 00:00 0 
7fa430000000-7fa430021000 rw-p 00000000 00:00 0 
7fa430021000-7fa434000000 ---p 00000000 00:00 0 
7fa434000000-7fa434021000 rw-p 00000000 00:00 0 
7fa434021000-7fa438000000 ---p 00000000 00:00 0 
7fa438000000-7fa438021000 rw-p 00000000 00:00 0 
7fa438021000-7fa43c000000 ---p 00000000 00:00 0 
7fa43c000000-7fa43c021000 rw-p 00000000 00:00 0 
7fa43c021000-7fa440000000 ---p 00000000 00:00 0 
7fa440000000-7fa440021000 rw-p 00000000 00:00 0 
7fa440021000-7fa444000000 ---p 00000000 00:00 0 
7fa444047000-7fa444052000 r--s 00000000 08:05 1192451                    /var/cache/fontconfig/945677eb7aeaf62f1d50efc3fb3ec7d8-le64.cache-7
7fa444052000-7fa444067000 r--s 00000000 08:05 1192411                    /var/cache/fontconfig/04aabc0a78ac019cf9454389977116d2-le64.cache-7
7fa444067000-7fa44406b000 ---p 00000000 00:00 0 
7fa44406b000-7fa444168000 rw-p 00000000 00:00 0 
7fa444168000-7fa444177000 r-xp 00000000 08:05 271948                     /usr/lib/x86_64-linux-gnu/libXi.so.6.1.0
7fa444177000-7fa444376000 ---p 0000f000 08:05 271948                     /usr/lib/x86_64-linux-gnu/libXi.so.6.1.0
7fa444376000-7fa444377000 r--p 0000e000 08:05 271948                     /usr/lib/x86_64-linux-gnu/libXi.so.6.1.0
7fa444377000-7fa444378000 rw-p 0000f000 08:05 271948                     /usr/lib/x86_64-linux-gnu/libXi.so.6.1.0
7fa444378000-7fa44437d000 r-xp 00000000 08:05 271966                     /usr/lib/x86_64-linux-gnu/libXtst.so.6.1.0
7fa44437d000-7fa44457c000 ---p 00005000 08:05 271966                     /usr/lib/x86_64-linux-gnu/libXtst.so.6.1.0
7fa44457c000-7fa44457d000 r--p 00004000 08:05 271966                     /usr/lib/x86_64-linux-gnu/libXtst.so.6.1.0
7fa44457d000-7fa44457e000 rw-p 00005000 08:05 271966                     /usr/lib/x86_64-linux-gnu/libXtst.so.6.1.0
7fa44457e000-7fa444587000 r-xp 00000000 08:05 271960                     /usr/lib/x86_64-linux-gnu/libXrender.so.1.3.0
7fa444587000-7fa444786000 ---p 00009000 08:05 271960                     /usr/lib/x86_64-linux-gnu/libXrender.so.1.3.0
7fa444786000-7fa444787000 r--p 00008000 08:05 271960                     /usr/lib/x86_64-linux-gnu/libXrender.so.1.3.0
7fa444787000-7fa444788000 rw-p 00009000 08:05 271960                     /usr/lib/x86_64-linux-gnu/libXrender.so.1.3.0
7fa444788000-7fa4448bb000 r-xp 00000000 08:05 263759                     /usr/lib/x86_64-linux-gnu/libX11.so.6.3.0
7fa4448bb000-7fa444abb000 ---p 00133000 08:05 263759                     /usr/lib/x86_64-linux-gnu/libX11.so.6.3.0
7fa444abb000-7fa444abc000 r--p 00133000 08:05 263759                     /usr/lib/x86_64-linux-gnu/libX11.so.6.3.0
7fa444abc000-7fa444ac0000 rw-p 00134000 08:05 263759                     /usr/lib/x86_64-linux-gnu/libX11.so.6.3.0
7fa444ac0000-7fa444ad1000 r-xp 00000000 08:05 271940                     /usr/lib/x86_64-linux-gnu/libXext.so.6.4.0
7fa444ad1000-7fa444cd0000 ---p 00011000 08:05 271940                     /usr/lib/x86_64-linux-gnu/libXext.so.6.4.0
7fa444cd0000-7fa444cd1000 r--p 00010000 08:05 271940                     /usr/lib/x86_64-linux-gnu/libXext.so.6.4.0
7fa444cd1000-7fa444cd2000 rw-p 00011000 08:05 271940                     /usr/lib/x86_64-linux-gnu/libXext.so.6.4.0
7fa444cd2000-7fa444d31000 r-xp 00000000 08:05 1044703                    /usr/lib/jvm/java-11-openjdk-amd64/lib/libawt_xawt.so
7fa444d31000-7fa444f30000 ---p 0005f000 08:05 1044703                    /usr/lib/jvm/java-11-openjdk-amd64/lib/libawt_xawt.so
7fa444f30000-7fa444f31000 r--p 0005e000 08:05 1044703                    /usr/lib/jvm/java-11-openjdk-amd64/lib/libawt_xawt.so
7fa444f31000-7fa444f34000 rw-p 0005f000 08:05 1044703                    /usr/lib/jvm/java-11-openjdk-amd64/lib/libawt_xawt.so
7fa444f34000-7fa444f36000 rw-p 00000000 00:00 0 
7fa444f36000-7fa444fd6000 r-xp 00000000 08:05 1044701                    /usr/lib/jvm/java-11-openjdk-amd64/lib/libawt.so
7fa444fd6000-7fa4451d6000 ---p 000a0000 08:05 1044701                    /usr/lib/jvm/java-11-openjdk-amd64/lib/libawt.so
7fa4451d6000-7fa4451d7000 r--p 000a0000 08:05 1044701                    /usr/lib/jvm/java-11-openjdk-amd64/lib/libawt.so
7fa4451d7000-7fa4451e2000 rw-p 000a1000 08:05 1044701                    /usr/lib/jvm/java-11-openjdk-amd64/lib/libawt.so
7fa4451e2000-7fa445207000 rw-p 00000000 00:00 0 
7fa445207000-7fa44521e000 r-xp 00000000 08:05 1044726                    /usr/lib/jvm/java-11-openjdk-amd64/lib/libnet.so
7fa44521e000-7fa44541d000 ---p 00017000 08:05 1044726                    /usr/lib/jvm/java-11-openjdk-amd64/lib/libnet.so
7fa44541d000-7fa44541e000 r--p 00016000 08:05 1044726                    /usr/lib/jvm/java-11-openjdk-amd64/lib/libnet.so
7fa44541e000-7fa44541f000 rw-p 00017000 08:05 1044726                    /usr/lib/jvm/java-11-openjdk-amd64/lib/libnet.so
7fa44541f000-7fa445430000 r-xp 00000000 08:05 1044727                    /usr/lib/jvm/java-11-openjdk-amd64/lib/libnio.so
7fa445430000-7fa44562f000 ---p 00011000 08:05 1044727                    /usr/lib/jvm/java-11-openjdk-amd64/lib/libnio.so
7fa44562f000-7fa445630000 r--p 00010000 08:05 1044727                    /usr/lib/jvm/java-11-openjdk-amd64/lib/libnio.so
7fa445630000-7fa445631000 rw-p 00011000 08:05 1044727                    /usr/lib/jvm/java-11-openjdk-amd64/lib/libnio.so
7fa445631000-7fa446000000 r--p 00000000 08:05 267985                     /usr/lib/locale/locale-archive
7fa446000000-7fa448000000 rw-p 00000000 00:00 0 
7fa448000000-7fa448021000 rw-p 00000000 00:00 0 
7fa448021000-7fa44c000000 ---p 00000000 00:00 0 
7fa44c000000-7fa44c02f000 rw-p 00000000 00:00 0 
7fa44c02f000-7fa450000000 ---p 00000000 00:00 0 
7fa450003000-7fa450007000 r--s 00000000 08:05 1206704                    /var/cache/fontconfig/6aa41aa22e18b8fa06a12da28ea9c28b-le64.cache-7
7fa450007000-7fa45000c000 r--s 00000000 08:05 1192422                    /var/cache/fontconfig/2300eef321c393bfd76478a5c0e95b23-le64.cache-7
7fa45000c000-7fa45000d000 r--s 00000000 08:05 1192415                    /var/cache/fontconfig/0d8c3b2ac0904cb8a57a757ad11a4a08-le64.cache-7
7fa45000d000-7fa45000e000 r--s 00000000 08:05 1192419                    /var/cache/fontconfig/1ac9eb803944fde146138c791f5cc56a-le64.cache-7
7fa45000e000-7fa45000f000 r--s 00000000 08:05 1192470                    /var/cache/fontconfig/dc05db6664285cc2f12bf69c139ae4c3-le64.cache-7
7fa45000f000-7fa450011000 r--s 00000000 08:05 1192416                    /var/cache/fontconfig/14a5e22175779b556eaa434240950366-le64.cache-7
7fa450011000-7fa450012000 r--s 00000000 08:05 1192443                    /var/cache/fontconfig/660208299946a285a940457d1287da33-le64.cache-7
7fa450012000-7fa450013000 r--s 00000000 08:05 1206489                    /var/cache/fontconfig/5d1cca7074f29429a8d18692746c2426-le64.cache-7
7fa450013000-7fa450015000 r--s 00000000 08:05 1192434                    /var/cache/fontconfig/4f3e3037c9980c83b53a9351efadef62-le64.cache-7
7fa450015000-7fa450017000 r--s 00000000 08:05 1192448                    /var/cache/fontconfig/767a8244fc0220cfb567a839d0392e0b-le64.cache-7
7fa450017000-7fa450018000 r--s 00000000 08:05 1176178                    /var/cache/fontconfig/4794a0821666d79190d59a36cb4f44b5-le64.cache-7
7fa450018000-7fa45001a000 r--s 00000000 08:05 1176008                    /var/cache/fontconfig/0bd3dc0958fa2205aaaa8ebb13e2872b-le64.cache-7
7fa45001a000-7fa45001f000 r--s 00000000 08:05 1192471                    /var/cache/fontconfig/def309198bfa603429122923fa2bb2d4-le64.cache-7
7fa45001f000-7fa450020000 r--s 00000000 08:05 1192459                    /var/cache/fontconfig/b872e6e592da6075ffa4ab0a1fcc0c75-le64.cache-7
7fa450020000-7fa450021000 r--s 00000000 08:05 1192476                    /var/cache/fontconfig/f6d4eedfaab2589bde49f7a3ff831d22-le64.cache-7
7fa450021000-7fa450022000 r--s 00000000 08:05 1192441                    /var/cache/fontconfig/589f83ef4c36d296ce6e1c846f468f08-le64.cache-7
7fa450022000-7fa450023000 r--s 00000000 08:05 1192461                    /var/cache/fontconfig/bab58bb527bb656aaa9f116d68a48d89-le64.cache-7
7fa450023000-7fa450024000 r--s 00000000 08:05 1192420                    /var/cache/fontconfig/2171a34dccabdb6bcbbc728186263178-le64.cache-7
7fa450024000-7fa450025000 r--s 00000000 08:05 1192462                    /var/cache/fontconfig/c5c45a61289222e0d30b1a26ef4effbe-le64.cache-7
7fa450025000-7fa450026000 r--s 00000000 08:05 1192457                    /var/cache/fontconfig/aec30016f93e1b46d1a973dce0d74068-le64.cache-7
7fa450026000-7fa450027000 r--s 00000000 08:05 1192427                    /var/cache/fontconfig/3f589640d34b7dc9042c8d453f7c8b9c-le64.cache-7
7fa450027000-7fa450028000 r--s 00000000 08:05 1192417                    /var/cache/fontconfig/16c2fda60d1b4b719f4b3d06fd951d25-le64.cache-7
7fa450028000-7fa450029000 r--s 00000000 08:05 1192456                    /var/cache/fontconfig/a48eab177a16e4f3713381162db2f3e9-le64.cache-7
7fa450029000-7fa45002a000 r--s 00000000 08:05 1192437                    /var/cache/fontconfig/564b2e68ac9bc4e36a6f7f6d6125ec1c-le64.cache-7
7fa45002a000-7fa45002f000 r--s 00000000 08:05 1188065                    /var/cache/fontconfig/9d2451b1fd30e5bffe8383fd27c35478-le64.cache-7
7fa45002f000-7fa450035000 r--s 00000000 08:05 1188064                    /var/cache/fontconfig/3047814df9a2f067bd2d96a2b9c36e5a-le64.cache-7
7fa450035000-7fa45003d000 r--s 00000000 08:05 1206702                    /var/cache/fontconfig/bf3b770c553c462765856025a94f1ce6-le64.cache-7
7fa45003d000-7fa45003e000 r--s 00000000 08:05 1192438                    /var/cache/fontconfig/56cf4f4769d0f4abc89a4895d7bd3ae1-le64.cache-7
7fa45003e000-7fa45003f000 r--s 00000000 08:05 1192460                    /var/cache/fontconfig/b9d506c9ac06c20b433354fa67a72993-le64.cache-7
7fa45003f000-7fa450045000 r--s 00000000 08:05 1192458                    /var/cache/fontconfig/b47c4e1ecd0709278f4910c18777a504-le64.cache-7
7fa450045000-7fa450058000 r--s 00000000 08:05 1192467                    /var/cache/fontconfig/d52a8644073d54c13679302ca1180695-le64.cache-7
7fa450058000-7fa450059000 r--s 00000000 08:05 1192425                    /var/cache/fontconfig/370e5b74bf5dafc30834de68e24a87a4-le64.cache-7
7fa450059000-7fa45005a000 r--s 00000000 08:05 1192446                    /var/cache/fontconfig/6b2c5944714ca7831b25bed9e85cb5c8-le64.cache-7
7fa45005a000-7fa450066000 r--s 00000000 08:05 1199994                    /var/cache/fontconfig/d589a48862398ed80a3d6066f4f56f4c-le64.cache-7
7fa450066000-7fa45007e000 r--s 00000000 08:05 1192469                    /var/cache/fontconfig/e13b20fdb08344e0e664864cc2ede53d-le64.cache-7
7fa45007e000-7fa450082000 ---p 00000000 00:00 0 
7fa450082000-7fa45017f000 rw-p 00000000 00:00 0 
7fa45017f000-7fa4501af000 r--p 00000000 08:05 526415                     /usr/share/glib-2.0/schemas/gschemas.compiled
7fa4501af000-7fa4501b3000 ---p 00000000 00:00 0 
7fa4501b3000-7fa4504a0000 rw-p 00000000 00:00 0 
7fa4504a0000-7fa452158000 ---p 00000000 00:00 0 
7fa452158000-7fa452348000 rw-p 00000000 00:00 0 
7fa452348000-7fa454000000 ---p 00000000 00:00 0 
7fa454000000-7fa454021000 rw-p 00000000 00:00 0 
7fa454021000-7fa458000000 ---p 00000000 00:00 0 
7fa458000000-7fa458021000 rw-p 00000000 00:00 0 
7fa458021000-7fa45c000000 ---p 00000000 00:00 0 
7fa45c000000-7fa45c021000 rw-p 00000000 00:00 0 
7fa45c021000-7fa460000000 ---p 00000000 00:00 0 
7fa460000000-7fa460001000 r--s 00000000 08:05 1192466                    /var/cache/fontconfig/d5178ab6d91b49bf20a416737dcea9e8-le64.cache-7
7fa460001000-7fa460002000 r--s 00000000 08:05 1192436                    /var/cache/fontconfig/551ecf3b0e8b0bca0f25c0944f561853-le64.cache-7
7fa460002000-7fa460005000 r--s 00000000 08:05 1192475                    /var/cache/fontconfig/f259c2cffa685e28062317905db73c4a-le64.cache-7
7fa460005000-7fa460007000 r--s 00000000 08:05 1192435                    /var/cache/fontconfig/550f3886151c940c12a5ed35f6a00586-le64.cache-7
7fa460007000-7fa46000a000 r--s 00000000 08:05 1192444                    /var/cache/fontconfig/674d1711f2d1d2a09646eb0bdcadee49-le64.cache-7
7fa46000a000-7fa46000b000 r--s 00000000 08:05 1192428                    /var/cache/fontconfig/3f7329c5293ffd510edef78f73874cfd-le64.cache-7
7fa46000b000-7fa46000c000 r--s 00000000 08:05 1206478                    /var/cache/fontconfig/e7de81b01590fb7e12b38e274e17d0db-le64.cache-7
7fa46000c000-7fa46002d000 r--s 00000000 08:05 1206694                    /var/cache/fontconfig/467c019e582ee353435ea5c21d137ef6-le64.cache-7
7fa46002d000-7fa46005e000 rw-p 00000000 00:00 0 
7fa46005e000-7fa46005f000 ---p 00000000 00:00 0 
7fa46005f000-7fa460160000 rw-p 00000000 00:00 0 
7fa460160000-7fa460164000 ---p 00000000 00:00 0 
7fa460164000-7fa460261000 rw-p 00000000 00:00 0 
7fa460261000-7fa460265000 ---p 00000000 00:00 0 
7fa460265000-7fa460362000 rw-p 00000000 00:00 0 
7fa460362000-7fa460366000 ---p 00000000 00:00 0 
7fa460366000-7fa460463000 rw-p 00000000 00:00 0 
7fa460463000-7fa460467000 ---p 00000000 00:00 0 
7fa460467000-7fa460564000 rw-p 00000000 00:00 0 
7fa460564000-7fa460568000 ---p 00000000 00:00 0 
7fa460568000-7fa460665000 rw-p 00000000 00:00 0 
7fa460665000-7fa460669000 ---p 00000000 00:00 0 
7fa460669000-7fa460766000 rw-p 00000000 00:00 0 
7fa460766000-7fa46076a000 ---p 00000000 00:00 0 
7fa46076a000-7fa460867000 rw-p 00000000 00:00 0 
7fa460867000-7fa46086b000 ---p 00000000 00:00 0 
7fa46086b000-7fa460968000 rw-p 00000000 00:00 0 
7fa460968000-7fa460969000 ---p 00000000 00:00 0 
7fa460969000-7fa461363000 rw-p 00000000 00:00 0 
7fa461363000-7fa461364000 ---p 00000000 00:00 0 
7fa461364000-7fa461465000 rw-p 00000000 00:00 0 
7fa461465000-7fa461466000 ---p 00000000 00:00 0 
7fa461466000-7fa461567000 rw-p 00000000 00:00 0 
7fa461567000-7fa461568000 ---p 00000000 00:00 0 
7fa461568000-7fa461669000 rw-p 00000000 00:00 0 
7fa461669000-7fa46166a000 ---p 00000000 00:00 0 
7fa46166a000-7fa46176b000 rw-p 00000000 00:00 0 
7fa46176b000-7fa46176c000 ---p 00000000 00:00 0 
7fa46176c000-7fa461c71000 rw-p 00000000 00:00 0 
7fa461c71000-7fa461c72000 ---p 00000000 00:00 0 
7fa461c72000-7fa461d73000 rw-p 00000000 00:00 0 
7fa461d73000-7fa461d74000 ---p 00000000 00:00 0 
7fa461d74000-7fa461eb3000 rw-p 00000000 00:00 0 
7fa461eb3000-7fa46224a000 ---p 00000000 00:00 0 
7fa46224a000-7fa462288000 rw-p 00000000 00:00 0 
7fa462288000-7fa46261f000 ---p 00000000 00:00 0 
7fa46261f000-7fa46265d000 rw-p 00000000 00:00 0 
7fa46265d000-7fa4629f4000 ---p 00000000 00:00 0 
7fa4629f4000-7fa462df8000 rw-p 00000000 00:00 0 
7fa462df8000-7fa462df9000 ---p 00000000 00:00 0 
7fa462df9000-7fa462efa000 rw-p 00000000 00:00 0 
7fa462efa000-7fa462efb000 ---p 00000000 00:00 0 
7fa462efb000-7fa462ffc000 rw-p 00000000 00:00 0 
7fa462ffc000-7fa462ffd000 ---p 00000000 00:00 0 
7fa462ffd000-7fa4630fe000 rw-p 00000000 00:00 0 
7fa4630fe000-7fa4630ff000 ---p 00000000 00:00 0 
7fa4630ff000-7fa463207000 rw-p 00000000 00:00 0 
7fa463207000-7fa4632eb000 ---p 00000000 00:00 0 
7fa4632eb000-7fa46355b000 rwxp 00000000 00:00 0 
7fa46355b000-7fa46387b000 ---p 00000000 00:00 0 
7fa46387b000-7fa46457b000 rwxp 00000000 00:00 0 
7fa46457b000-7fa46adb3000 ---p 00000000 00:00 0 
7fa46adb3000-7fa46b103000 rwxp 00000000 00:00 0 
7fa46b103000-7fa4722eb000 ---p 00000000 00:00 0 
7fa4722eb000-7fa47b7c6000 r--s 00000000 08:05 1062053                    /usr/lib/jvm/java-11-openjdk-amd64/lib/modules
7fa47b7c6000-7fa47b7cb000 r-xp 00000000 08:05 1044718                    /usr/lib/jvm/java-11-openjdk-amd64/lib/libjimage.so
7fa47b7cb000-7fa47b9ca000 ---p 00005000 08:05 1044718                    /usr/lib/jvm/java-11-openjdk-amd64/lib/libjimage.so
7fa47b9ca000-7fa47b9cb000 r--p 00004000 08:05 1044718                    /usr/lib/jvm/java-11-openjdk-amd64/lib/libjimage.so
7fa47b9cb000-7fa47b9cc000 rw-p 00005000 08:05 1044718                    /usr/lib/jvm/java-11-openjdk-amd64/lib/libjimage.so
7fa47b9cc000-7fa47b9d3000 r-xp 00000000 08:05 1062049                    /usr/lib/jvm/java-11-openjdk-amd64/lib/libzip.so
7fa47b9d3000-7fa47bbd2000 ---p 00007000 08:05 1062049                    /usr/lib/jvm/java-11-openjdk-amd64/lib/libzip.so
7fa47bbd2000-7fa47bbd3000 r--p 00006000 08:05 1062049                    /usr/lib/jvm/java-11-openjdk-amd64/lib/libzip.so
7fa47bbd3000-7fa47bbd4000 rw-p 00007000 08:05 1062049                    /usr/lib/jvm/java-11-openjdk-amd64/lib/libzip.so
7fa47bbd4000-7fa47bbdf000 r-xp 00000000 08:05 919743                     /lib/x86_64-linux-gnu/libnss_files-2.27.so
7fa47bbdf000-7fa47bdde000 ---p 0000b000 08:05 919743                     /lib/x86_64-linux-gnu/libnss_files-2.27.so
7fa47bdde000-7fa47bddf000 r--p 0000a000 08:05 919743                     /lib/x86_64-linux-gnu/libnss_files-2.27.so
7fa47bddf000-7fa47bde0000 rw-p 0000b000 08:05 919743                     /lib/x86_64-linux-gnu/libnss_files-2.27.so
7fa47bde0000-7fa47bde6000 rw-p 00000000 00:00 0 
7fa47bde6000-7fa47bdfd000 r-xp 00000000 08:05 919737                     /lib/x86_64-linux-gnu/libnsl-2.27.so
7fa47bdfd000-7fa47bffc000 ---p 00017000 08:05 919737                     /lib/x86_64-linux-gnu/libnsl-2.27.so
7fa47bffc000-7fa47bffd000 r--p 00016000 08:05 919737                     /lib/x86_64-linux-gnu/libnsl-2.27.so
7fa47bffd000-7fa47bffe000 rw-p 00017000 08:05 919737                     /lib/x86_64-linux-gnu/libnsl-2.27.so
7fa47bffe000-7fa47c000000 rw-p 00000000 00:00 0 
7fa47c000000-7fa47c4eb000 rw-p 00000000 00:00 0 
7fa47c4eb000-7fa480000000 ---p 00000000 00:00 0 
7fa480000000-7fa480001000 r--s 00000000 08:05 1192414                    /var/cache/fontconfig/0c9eb80ebd1c36541ebe2852d3bb0c49-le64.cache-7
7fa480001000-7fa480002000 r--s 00000000 08:05 1192421                    /var/cache/fontconfig/22368d551a680bfe5a62c02760edf4ea-le64.cache-7
7fa480002000-7fa480003000 r--s 00000000 08:05 1192433                    /var/cache/fontconfig/4d9c95eba1cb85bbcf2878543262124a-le64.cache-7
7fa480003000-7fa480004000 r--s 00000000 08:05 1192450                    /var/cache/fontconfig/85e0a52ce643a7ba2ae53e5d6949cead-le64.cache-7
7fa480004000-7fa480012000 r--s 00000000 08:05 1192453                    /var/cache/fontconfig/9b89f8e3dae116d678bbf48e5f21f69b-le64.cache-7
7fa480012000-7fa48001f000 r--s 00000000 08:05 1206697                    /var/cache/fontconfig/8f02d4cb045bd6ce15663e43f347c9f8-le64.cache-7
7fa48001f000-7fa480039000 rw-p 00000000 00:00 0 
7fa480039000-7fa48010a000 ---p 00000000 00:00 0 
7fa48010a000-7fa480115000 r-xp 00000000 08:05 919754                     /lib/x86_64-linux-gnu/libnss_nis-2.27.so
7fa480115000-7fa480314000 ---p 0000b000 08:05 919754                     /lib/x86_64-linux-gnu/libnss_nis-2.27.so
7fa480314000-7fa480315000 r--p 0000a000 08:05 919754                     /lib/x86_64-linux-gnu/libnss_nis-2.27.so
7fa480315000-7fa480316000 rw-p 0000b000 08:05 919754                     /lib/x86_64-linux-gnu/libnss_nis-2.27.so
7fa480316000-7fa48031e000 r-xp 00000000 08:05 919739                     /lib/x86_64-linux-gnu/libnss_compat-2.27.so
7fa48031e000-7fa48051e000 ---p 00008000 08:05 919739                     /lib/x86_64-linux-gnu/libnss_compat-2.27.so
7fa48051e000-7fa48051f000 r--p 00008000 08:05 919739                     /lib/x86_64-linux-gnu/libnss_compat-2.27.so
7fa48051f000-7fa480520000 rw-p 00009000 08:05 919739                     /lib/x86_64-linux-gnu/libnss_compat-2.27.so
7fa480520000-7fa48054c000 r-xp 00000000 08:05 1044714                    /usr/lib/jvm/java-11-openjdk-amd64/lib/libjava.so
7fa48054c000-7fa48074b000 ---p 0002c000 08:05 1044714                    /usr/lib/jvm/java-11-openjdk-amd64/lib/libjava.so
7fa48074b000-7fa48074c000 r--p 0002b000 08:05 1044714                    /usr/lib/jvm/java-11-openjdk-amd64/lib/libjava.so
7fa48074c000-7fa48074e000 rw-p 0002c000 08:05 1044714                    /usr/lib/jvm/java-11-openjdk-amd64/lib/libjava.so
7fa48074e000-7fa48075b000 r-xp 00000000 08:05 1062045                    /usr/lib/jvm/java-11-openjdk-amd64/lib/libverify.so
7fa48075b000-7fa48095a000 ---p 0000d000 08:05 1062045                    /usr/lib/jvm/java-11-openjdk-amd64/lib/libverify.so
7fa48095a000-7fa48095c000 r--p 0000c000 08:05 1062045                    /usr/lib/jvm/java-11-openjdk-amd64/lib/libverify.so
7fa48095c000-7fa48095d000 rw-p 0000e000 08:05 1062045                    /usr/lib/jvm/java-11-openjdk-amd64/lib/libverify.so
7fa48095d000-7fa480964000 r-xp 00000000 08:05 919794                     /lib/x86_64-linux-gnu/librt-2.27.so
7fa480964000-7fa480b63000 ---p 00007000 08:05 919794                     /lib/x86_64-linux-gnu/librt-2.27.so
7fa480b63000-7fa480b64000 r--p 00006000 08:05 919794                     /lib/x86_64-linux-gnu/librt-2.27.so
7fa480b64000-7fa480b65000 rw-p 00007000 08:05 919794                     /lib/x86_64-linux-gnu/librt-2.27.so
7fa480b65000-7fa480b7c000 r-xp 00000000 08:05 913937                     /lib/x86_64-linux-gnu/libgcc_s.so.1
7fa480b7c000-7fa480d7b000 ---p 00017000 08:05 913937                     /lib/x86_64-linux-gnu/libgcc_s.so.1
7fa480d7b000-7fa480d7c000 r--p 00016000 08:05 913937                     /lib/x86_64-linux-gnu/libgcc_s.so.1
7fa480d7c000-7fa480d7d000 rw-p 00017000 08:05 913937                     /lib/x86_64-linux-gnu/libgcc_s.so.1
7fa480d7d000-7fa480f1a000 r-xp 00000000 08:05 919716                     /lib/x86_64-linux-gnu/libm-2.27.so
7fa480f1a000-7fa481119000 ---p 0019d000 08:05 919716                     /lib/x86_64-linux-gnu/libm-2.27.so
7fa481119000-7fa48111a000 r--p 0019c000 08:05 919716                     /lib/x86_64-linux-gnu/libm-2.27.so
7fa48111a000-7fa48111b000 rw-p 0019d000 08:05 919716                     /lib/x86_64-linux-gnu/libm-2.27.so
7fa48111b000-7fa481294000 r-xp 00000000 08:05 261187                     /usr/lib/x86_64-linux-gnu/libstdc++.so.6.0.25
7fa481294000-7fa481494000 ---p 00179000 08:05 261187                     /usr/lib/x86_64-linux-gnu/libstdc++.so.6.0.25
7fa481494000-7fa48149e000 r--p 00179000 08:05 261187                     /usr/lib/x86_64-linux-gnu/libstdc++.so.6.0.25
7fa48149e000-7fa4814a0000 rw-p 00183000 08:05 261187                     /usr/lib/x86_64-linux-gnu/libstdc++.so.6.0.25
7fa4814a0000-7fa4814a4000 rw-p 00000000 00:00 0 
7fa4814a4000-7fa482441000 r-xp 00000000 08:05 1062065                    /usr/lib/jvm/java-11-openjdk-amd64/lib/server/libjvm.so
7fa482441000-7fa482641000 ---p 00f9d000 08:05 1062065                    /usr/lib/jvm/java-11-openjdk-amd64/lib/server/libjvm.so
7fa482641000-7fa482705000 r--p 00f9d000 08:05 1062065                    /usr/lib/jvm/java-11-openjdk-amd64/lib/server/libjvm.so
7fa482705000-7fa48273d000 rw-p 01061000 08:05 1062065                    /usr/lib/jvm/java-11-openjdk-amd64/lib/server/libjvm.so
7fa48273d000-7fa482786000 rw-p 00000000 00:00 0 
7fa482786000-7fa4827a0000 r-xp 00000000 08:05 919786                     /lib/x86_64-linux-gnu/libpthread-2.27.so
7fa4827a0000-7fa48299f000 ---p 0001a000 08:05 919786                     /lib/x86_64-linux-gnu/libpthread-2.27.so
7fa48299f000-7fa4829a0000 r--p 00019000 08:05 919786                     /lib/x86_64-linux-gnu/libpthread-2.27.so
7fa4829a0000-7fa4829a1000 rw-p 0001a000 08:05 919786                     /lib/x86_64-linux-gnu/libpthread-2.27.so
7fa4829a1000-7fa4829a5000 rw-p 00000000 00:00 0 
7fa4829a5000-7fa4829a8000 r-xp 00000000 08:05 919676                     /lib/x86_64-linux-gnu/libdl-2.27.so
7fa4829a8000-7fa482ba7000 ---p 00003000 08:05 919676                     /lib/x86_64-linux-gnu/libdl-2.27.so
7fa482ba7000-7fa482ba8000 r--p 00002000 08:05 919676                     /lib/x86_64-linux-gnu/libdl-2.27.so
7fa482ba8000-7fa482ba9000 rw-p 00003000 08:05 919676                     /lib/x86_64-linux-gnu/libdl-2.27.so
7fa482ba9000-7fa482bc5000 r-xp 00000000 08:05 919825                     /lib/x86_64-linux-gnu/libz.so.1.2.11
7fa482bc5000-7fa482dc4000 ---p 0001c000 08:05 919825                     /lib/x86_64-linux-gnu/libz.so.1.2.11
7fa482dc4000-7fa482dc5000 r--p 0001b000 08:05 919825                     /lib/x86_64-linux-gnu/libz.so.1.2.11
7fa482dc5000-7fa482dc6000 rw-p 0001c000 08:05 919825                     /lib/x86_64-linux-gnu/libz.so.1.2.11
7fa482dc6000-7fa482fad000 r-xp 00000000 08:05 919653                     /lib/x86_64-linux-gnu/libc-2.27.so
7fa482fad000-7fa4831ad000 ---p 001e7000 08:05 919653                     /lib/x86_64-linux-gnu/libc-2.27.so
7fa4831ad000-7fa4831b1000 r--p 001e7000 08:05 919653                     /lib/x86_64-linux-gnu/libc-2.27.so
7fa4831b1000-7fa4831b3000 rw-p 001eb000 08:05 919653                     /lib/x86_64-linux-gnu/libc-2.27.so
7fa4831b3000-7fa4831b7000 rw-p 00000000 00:00 0 
7fa4831b7000-7fa4831c6000 r-xp 00000000 08:05 1044697                    /usr/lib/jvm/java-11-openjdk-amd64/lib/jli/libjli.so
7fa4831c6000-7fa4833c5000 ---p 0000f000 08:05 1044697                    /usr/lib/jvm/java-11-openjdk-amd64/lib/jli/libjli.so
7fa4833c5000-7fa4833c6000 r--p 0000e000 08:05 1044697                    /usr/lib/jvm/java-11-openjdk-amd64/lib/jli/libjli.so
7fa4833c6000-7fa4833c7000 rw-p 0000f000 08:05 1044697                    /usr/lib/jvm/java-11-openjdk-amd64/lib/jli/libjli.so
7fa4833c7000-7fa4833ee000 r-xp 00000000 08:05 919625                     /lib/x86_64-linux-gnu/ld-2.27.so
7fa4833ee000-7fa4833ef000 r--s 00000000 08:05 1192430                    /var/cache/fontconfig/49f0de54bdd920fe4f0dfd4cbac43e6b-le64.cache-7
7fa4833ef000-7fa4833f0000 r--s 00000000 08:05 1192477                    /var/cache/fontconfig/f6e6e0a5c3d2f6ae0c0c2e0ecd42a997-le64.cache-7
7fa4833f0000-7fa4833f1000 r--s 00000000 08:05 1192431                    /var/cache/fontconfig/4b2eda6bb976bda485cb2176619421d5-le64.cache-7
7fa4833f1000-7fa4833f3000 r--s 00000000 08:05 1192445                    /var/cache/fontconfig/6afa1bb216ce958c1589e297e8008489-le64.cache-7
7fa4833f3000-7fa4833f6000 r--s 00000000 08:05 1206699                    /var/cache/fontconfig/16326683038b281783a0ef8c680e3a10-le64.cache-7
7fa48340e000-7fa483413000 r--p 00000000 08:07 2894353                    /home/christoph/.config/dconf/user (deleted)
7fa483413000-7fa4834d0000 rw-p 00000000 00:00 0 
7fa4834d0000-7fa4834d4000 ---p 00000000 00:00 0 
7fa4834d4000-7fa4835d3000 rw-p 00000000 00:00 0 
7fa4835d3000-7fa4835d4000 r--s 00000000 08:05 1206695                    /var/cache/fontconfig/e0aa53bcfa504e64f87823c16bc01eb6-le64.cache-7
7fa4835d4000-7fa4835d5000 r--s 00000000 00:33 36                         /run/user/1000/dconf/user (deleted)
7fa4835d5000-7fa4835db000 rw-p 00000000 00:00 0 
7fa4835db000-7fa4835e2000 ---p 00000000 00:00 0 
7fa4835e2000-7fa4835ea000 rw-s 00000000 08:05 130603                     /tmp/hsperfdata_christoph/6882
7fa4835ea000-7fa4835eb000 ---p 00000000 00:00 0 
7fa4835eb000-7fa4835ec000 r--p 00000000 00:00 0 
7fa4835ec000-7fa4835ee000 rw-p 00000000 00:00 0 
7fa4835ee000-7fa4835ef000 r--p 00027000 08:05 919625                     /lib/x86_64-linux-gnu/ld-2.27.so
7fa4835ef000-7fa4835f0000 rw-p 00028000 08:05 919625                     /lib/x86_64-linux-gnu/ld-2.27.so
7fa4835f0000-7fa4835f1000 rw-p 00000000 00:00 0 
7fff7baaf000-7fff7bad0000 rw-p 00000000 00:00 0                          [stack]
7fff7bbe5000-7fff7bbe8000 r--p 00000000 00:00 0                          [vvar]
7fff7bbe8000-7fff7bbea000 r-xp 00000000 00:00 0                          [vdso]
ffffffffff600000-ffffffffff601000 r-xp 00000000 00:00 0                  [vsyscall]


VM Arguments:
jvm_args: -Dfile.encoding=UTF-8 
java_command: Controllers.TRECController
java_class_path (initial): /home/christoph/Uni/OAD/OAD-2018-2019/Ass2/UI-Prototyp:/home/christoph/Uni/OAD/OAD-2018-2019/Ass2/UI-Prototyp/lib/antlr-2.7.7.jar:/home/christoph/Uni/OAD/OAD-2018-2019/Ass2/UI-Prototyp/lib/byte-buddy-1.8.17.jar:/home/christoph/Uni/OAD/OAD-2018-2019/Ass2/UI-Prototyp/lib/classmate-1.3.4.jar:/home/christoph/Uni/OAD/OAD-2018-2019/Ass2/UI-Prototyp/lib/dom4j-2.1.1.jar:/home/christoph/Uni/OAD/OAD-2018-2019/Ass2/UI-Prototyp/lib/hibernate-commons-annotations-5.0.4.Final.jar:/home/christoph/Uni/OAD/OAD-2018-2019/Ass2/UI-Prototyp/lib/hibernate-core-5.3.7.Final.jar:/home/christoph/Uni/OAD/OAD-2018-2019/Ass2/UI-Prototyp/lib/jandex-2.0.5.Final.jar:/home/christoph/Uni/OAD/OAD-2018-2019/Ass2/UI-Prototyp/lib/javassist-3.23.1-GA.jar:/home/christoph/Uni/OAD/OAD-2018-2019/Ass2/UI-Prototyp/lib/javax.activation-api-1.2.0.jar:/home/christoph/Uni/OAD/OAD-2018-2019/Ass2/UI-Prototyp/lib/javax.persistence-api-2.2.jar:/home/christoph/Uni/OAD/OAD-2018-2019/Ass2/UI-Prototyp/lib/jboss-logging-3.3.2.Final.jar:/home/christoph/Uni/OAD/OAD-2018-2019/Ass2/UI-Prototyp/lib/jboss-transaction-api_1.2_spec-1.1.1.Final.jar:/home/christoph/Uni/OAD/OAD-2018-2019/Ass2/UI-Prototyp/lib/mysql-connector-java-8.0.13.jar:/home/christoph/Uni/OAD/OAD-2018-2019/Ass2/UI-Prototyp/lib/javax.activation-1.2.0.jar:/home/christoph/Uni/OAD/OAD-2018-2019/Ass2/UI-Prototyp/lib/jaxb-api-2.3.0.jar:/home/christoph/Uni/OAD/OAD-2018-2019/Ass2/UI-Prototyp/lib/jaxb-core-2.3.0.jar:/home/christoph/Uni/OAD/OAD-2018-2019/Ass2/UI-Prototyp/lib/jaxb-impl-2.3.0.jar
Launcher Type: SUN_STANDARD

Logging:
Log output configuration:
#0: stdout all=warning uptime,level,tags
#1: stderr all=off uptime,level,tags

Environment Variables:
PATH=/home/christoph/.local/bin:/usr/local/sbin:/usr/local/bin:/usr/sbin:/usr/bin:/sbin:/bin:/usr/games:/usr/local/games:/snap/bin
USERNAME=christoph
SHELL=/bin/bash
DISPLAY=:0

Signal Handlers:
SIGSEGV: [libjvm.so+0xd28b70], sa_mask[0]=11111111011111111101111111111110, sa_flags=SA_RESTART|SA_SIGINFO
SIGBUS: [libjvm.so+0xd28b70], sa_mask[0]=11111111011111111101111111111110, sa_flags=SA_RESTART|SA_SIGINFO
SIGFPE: [libjvm.so+0xd28b70], sa_mask[0]=11111111011111111101111111111110, sa_flags=SA_RESTART|SA_SIGINFO
SIGPIPE: SIG_IGN, sa_mask[0]=00000000000010000000000000000000, sa_flags=SA_RESTART
SIGXFSZ: [libjvm.so+0xb2a1f0], sa_mask[0]=11111111011111111101111111111110, sa_flags=SA_RESTART|SA_SIGINFO
SIGILL: [libjvm.so+0xd28b70], sa_mask[0]=11111111011111111101111111111110, sa_flags=SA_RESTART|SA_SIGINFO
SIGUSR2: [libjvm.so+0xb2a030], sa_mask[0]=00100000000000000000000000000000, sa_flags=SA_RESTART|SA_SIGINFO
SIGHUP: [libjvm.so+0xb2a180], sa_mask[0]=11111111011111111101111111111110, sa_flags=SA_RESTART|SA_SIGINFO
SIGINT: [libjvm.so+0xb2a180], sa_mask[0]=11111111011111111101111111111110, sa_flags=SA_RESTART|SA_SIGINFO
SIGTERM: [libjvm.so+0xb2a180], sa_mask[0]=11111111011111111101111111111110, sa_flags=SA_RESTART|SA_SIGINFO
SIGQUIT: [libjvm.so+0xb2a180], sa_mask[0]=11111111011111111101111111111110, sa_flags=SA_RESTART|SA_SIGINFO


---------------  S Y S T E M  ---------------

OS:DISTRIB_ID=Ubuntu
DISTRIB_RELEASE=18.04
DISTRIB_CODENAME=bionic
DISTRIB_DESCRIPTION="Ubuntu 18.04.1 LTS"
uname:Linux 4.15.0-43-generic #46-Ubuntu SMP Thu Dec 6 14:45:28 UTC 2018 x86_64
libc:glibc 2.27 NPTL 2.27 
rlimit: STACK 8192k, CORE 0k, NPROC 30905, NOFILE 4096, AS infinity, DATA infinity, FSIZE infinity
load average:1,35 1,66 1,63

/proc/meminfo:
MemTotal:        8029488 kB
MemFree:         2565480 kB
MemAvailable:    2770380 kB
Buffers:           33000 kB
Cached:           501644 kB
SwapCached:        54560 kB
Active:          4189884 kB
Inactive:        1008872 kB
Active(anon):    3997420 kB
Inactive(anon):   794964 kB
Active(file):     192464 kB
Inactive(file):   213908 kB
Unevictable:          32 kB
Mlocked:              32 kB
SwapTotal:       3906556 kB
SwapFree:         518392 kB
Dirty:              2996 kB
Writeback:             0 kB
AnonPages:       4610144 kB
Mapped:           201260 kB
Shmem:            127828 kB
Slab:             116640 kB
SReclaimable:      45532 kB
SUnreclaim:        71108 kB
KernelStack:       28688 kB
PageTables:        53692 kB
NFS_Unstable:          0 kB
Bounce:                0 kB
WritebackTmp:          0 kB
CommitLimit:     7921300 kB
Committed_AS:   14156656 kB
VmallocTotal:   34359738367 kB
VmallocUsed:           0 kB
VmallocChunk:          0 kB
HardwareCorrupted:     0 kB
AnonHugePages:         0 kB
ShmemHugePages:        0 kB
ShmemPmdMapped:        0 kB
CmaTotal:              0 kB
CmaFree:               0 kB
HugePages_Total:       0
HugePages_Free:        0
HugePages_Rsvd:        0
HugePages_Surp:        0
Hugepagesize:       2048 kB
DirectMap4k:      187796 kB
DirectMap2M:     7014400 kB
DirectMap1G:     1048576 kB

container (cgroup) information:
container_type: cgroupv1
cpu_cpuset_cpus: 0-3
cpu_memory_nodes: 0
active_processor_count: 4
cpu_quota: -1
cpu_period: 100000
cpu_shares: -1
memory_limit_in_bytes: -1
memory_and_swap_limit_in_bytes: -2
memory_soft_limit_in_bytes: -1
memory_usage_in_bytes: 5272862720
memory_max_usage_in_bytes: 0


CPU:total 4 (initial active 4) (2 cores per cpu, 2 threads per core) family 6 model 78 stepping 3, cmov, cx8, fxsr, mmx, sse, sse2, sse3, ssse3, sse4.1, sse4.2, popcnt, avx, avx2, aes, clmul, erms, 3dnowpref, lzcnt, ht, tsc, tscinvbit, bmi1, bmi2, adx, fma
CPU Model and flags from /proc/cpuinfo:
model name	: Intel(R) Core(TM) i5-6200U CPU @ 2.30GHz
flags		: fpu vme de pse tsc msr pae mce cx8 apic sep mtrr pge mca cmov pat pse36 clflush dts acpi mmx fxsr sse sse2 ss ht tm pbe syscall nx pdpe1gb rdtscp lm constant_tsc art arch_perfmon pebs bts rep_good nopl xtopology nonstop_tsc cpuid aperfmperf tsc_known_freq pni pclmulqdq dtes64 monitor ds_cpl vmx est tm2 ssse3 sdbg fma cx16 xtpr pdcm pcid sse4_1 sse4_2 x2apic movbe popcnt tsc_deadline_timer aes xsave avx f16c rdrand lahf_lm abm 3dnowprefetch cpuid_fault epb invpcid_single pti ssbd ibrs ibpb stibp tpr_shadow vnmi flexpriority ept vpid fsgsbase tsc_adjust bmi1 avx2 smep bmi2 erms invpcid mpx rdseed adx smap clflushopt intel_pt xsaveopt xsavec xgetbv1 xsaves dtherm ida arat pln pts hwp hwp_notify hwp_act_window hwp_epp flush_l1d

Memory: 4k page, physical 8029488k(2564984k free), swap 3906556k(518392k free)

vm_info: OpenJDK 64-Bit Server VM (10.0.2+13-Ubuntu-1ubuntu0.18.04.4) for linux-amd64 JRE (10.0.2+13-Ubuntu-1ubuntu0.18.04.4), built on Nov 13 2018 12:53:39 by "buildd" with gcc 7.3.0

END.
