#
# A fatal error has been detected by the Java Runtime Environment:
#
#  SIGSEGV (0xb) at pc=0x00007fe4ebb7fb1e, pid=9778, tid=9812
#
# JRE version: OpenJDK Runtime Environment (10.0.2+13) (build 10.0.2+13-Ubuntu-1ubuntu0.18.04.4)
# Java VM: OpenJDK 64-Bit Server VM (10.0.2+13-Ubuntu-1ubuntu0.18.04.4, mixed mode, tiered, compressed oops, g1 gc, linux-amd64)
# Problematic frame:
# v  ~BufferBlob::jni_fast_GetLongField
#
# Core dump will be written. Default location: Core dumps may be processed with "/usr/share/apport/apport %p %s %c %d %P" (or dumping to /home/christoph/Uni/OAD/OAD-2018-2019/Ass2/UI-Prototyp/core.9778)
#
# If you would like to submit a bug report, please visit:
#   http://bugreport.java.com/bugreport/crash.jsp
# The crash happened outside the Java Virtual Machine in native code.
# See problematic frame for where to report the bug.
#

---------------  S U M M A R Y ------------

Command Line: -Dfile.encoding=UTF-8 Controllers.TRECController

Host: Intel(R) Core(TM) i5-6200U CPU @ 2.30GHz, 4 cores, 7G, Ubuntu 18.04.1 LTS
Time: Thu Jan 24 23:40:27 2019 CET elapsed time: 20137 seconds (0d 5h 35m 37s)

---------------  T H R E A D  ---------------

Current thread (0x00007fe504443000):  JavaThread "AWT-XAWT" daemon [_thread_in_native, id=9812, stack(0x00007fe4893a2000,0x00007fe4894a3000)]

Stack: [0x00007fe4893a2000,0x00007fe4894a3000],  sp=0x00007fe4894a1878,  free space=1022k
Native frames: (J=compiled Java code, A=aot compiled Java code, j=interpreted, Vv=VM code, C=native code)
v  ~BufferBlob::jni_fast_GetLongField
C  [libX11.so.6+0x64b1d]  _XimServerDestroy+0x3d

Java frames: (J=compiled Java code, j=interpreted, Vv=VM code)
J 3964  sun.awt.X11.XlibWrapper.XFilterEvent(JJ)Z java.desktop@10.0.2 (0 bytes) @ 0x00007fe4f37ae704 [0x00007fe4f37ae6c0+0x0000000000000044]
j  sun.awt.X11.XToolkit.run(Z)V+287 java.desktop@10.0.2
j  sun.awt.X11.XToolkit.run()V+5 java.desktop@10.0.2
j  java.lang.Thread.run()V+11 java.base@10.0.2
v  ~StubRoutines::call_stub

siginfo: si_signo: 11 (SIGSEGV), si_code: 1 (SEGV_MAPERR), si_addr: 0x0000000000000000

Register to memory mapping:

RAX=0x00007fe50c72fa80: <offset 0x0000000001274a80> in /usr/lib/jvm/java-11-openjdk-amd64/lib/server/libjvm.so at 0x00007fe50b4bb000
RBX=0x00007fe504443200 is an unknown value
RCX=0x0000000000000000 is an unknown value
RDX=0x0000000000000042 is an unknown value
RSP=0x00007fe4894a1878 is pointing into the stack for thread: 0x00007fe504443000
RBP=0x00007fe4894a18a0 is pointing into the stack for thread: 0x00007fe504443000
RSI=0x0000000000000000 is an unknown value
RDI=0x00007fe504443200 is an unknown value
R8 =0x00007fe4ae7e49b0: <offset 0x000000000005c9b0> in /usr/lib/x86_64-linux-gnu/libX11.so.6 at 0x00007fe4ae788000
R9 =0x0000000000000000 is an unknown value
R10=0x0000000000000278 is an unknown value
R11=0x00007fe4f37ae6d8 is at entry_point+24 in (nmethod*)0x00007fe4f37ae510
R12=0x0000000000000000 is an unknown value
R13=0x0000000000000000 is an unknown value
R14=0x00007fe4aef355c0: <offset 0x00000000002635c0> in /usr/lib/jvm/java-11-openjdk-amd64/lib/libawt_xawt.so at 0x00007fe4aecd2000
R15=0x00007fe504443000 is a thread


Registers:
RAX=0x00007fe50c72fa80, RBX=0x00007fe504443200, RCX=0x0000000000000000, RDX=0x0000000000000042
RSP=0x00007fe4894a1878, RBP=0x00007fe4894a18a0, RSI=0x0000000000000000, RDI=0x00007fe504443200
R8 =0x00007fe4ae7e49b0, R9 =0x0000000000000000, R10=0x0000000000000278, R11=0x00007fe4f37ae6d8
R12=0x0000000000000000, R13=0x0000000000000000, R14=0x00007fe4aef355c0, R15=0x00007fe504443000
RIP=0x00007fe4ebb7fb1e, EFLAGS=0x0000000000010246, CSGSFS=0x002b000000000033, ERR=0x0000000000000004
  TRAPNO=0x000000000000000e

Top of Stack: (sp=0x00007fe4894a1878)
0x00007fe4894a1878:   00007fe4aed091d4 00007fe4e93a5fa0
0x00007fe4894a1888:   0000000000000000 00007fe4894a1948
0x00007fe4894a1898:   00007fe4894a1920 00007fe46c09e310
0x00007fe4894a18a8:   00007fe4ae7ecb1d 00007fe4e93a5fa0 

Instructions: (pc=0x00007fe4ebb7fb1e)
0x00007fe4ebb7fafe:   00 00 44 8b 15 7d b8 bf 20 4c 8b ce 41 f6 c2 01
0x00007fe4ebb7fb0e:   0f 85 32 00 00 00 4d 33 ca 4d 33 ca 49 83 e1 fe
0x00007fe4ebb7fb1e:   4d 8b 09 4c 8b da 49 c1 eb 02 4b 8b 04 19 49 bb
0x00007fe4ebb7fb2e:   84 b3 77 0c e5 7f 00 00 4c 33 d8 4c 33 d8 45 3b 



---------------  P R O C E S S  ---------------

Threads class SMR info:
_java_thread_list=0x00007fe468000f40, length=15, elements={
0x00007fe504132000, 0x00007fe504134000, 0x00007fe504146800, 0x00007fe504148800,
0x00007fe50414a800, 0x00007fe50414c800, 0x00007fe50414e800, 0x00007fe5041d3000,
0x00007fe5041e9800, 0x00007fe504416000, 0x00007fe504443000, 0x00007fe504012000,
0x00007fe46c0ad000, 0x00007fe46c47a800, 0x00007fe46c4a2800
}

Java Threads: ( => current thread )
  0x00007fe504132000 JavaThread "Reference Handler" daemon [_thread_blocked, id=9797, stack(0x00007fe4e899c000,0x00007fe4e8a9d000)]
  0x00007fe504134000 JavaThread "Finalizer" daemon [_thread_blocked, id=9798, stack(0x00007fe4e889b000,0x00007fe4e899c000)]
  0x00007fe504146800 JavaThread "Signal Dispatcher" daemon [_thread_in_Java, id=9799, stack(0x00007fe4e879a000,0x00007fe4e889b000)]
  0x00007fe504148800 JavaThread "C2 CompilerThread0" daemon [_thread_blocked, id=9800, stack(0x00007fe4e8699000,0x00007fe4e879a000)]
  0x00007fe50414a800 JavaThread "C2 CompilerThread1" daemon [_thread_blocked, id=9801, stack(0x00007fe4e8598000,0x00007fe4e8699000)]
  0x00007fe50414c800 JavaThread "C1 CompilerThread2" daemon [_thread_blocked, id=9802, stack(0x00007fe4e8497000,0x00007fe4e8598000)]
  0x00007fe50414e800 JavaThread "Sweeper thread" daemon [_thread_blocked, id=9803, stack(0x00007fe4e8396000,0x00007fe4e8497000)]
  0x00007fe5041d3000 JavaThread "Service Thread" daemon [_thread_blocked, id=9805, stack(0x00007fe4e8295000,0x00007fe4e8396000)]
  0x00007fe5041e9800 JavaThread "Common-Cleaner" daemon [_thread_blocked, id=9807, stack(0x00007fe4e8092000,0x00007fe4e8193000)]
  0x00007fe504416000 JavaThread "Java2D Disposer" daemon [_thread_blocked, id=9811, stack(0x00007fe4d8057000,0x00007fe4d8158000)]
=>0x00007fe504443000 JavaThread "AWT-XAWT" daemon [_thread_in_native, id=9812, stack(0x00007fe4893a2000,0x00007fe4894a3000)]
  0x00007fe504012000 JavaThread "DestroyJavaVM" [_thread_blocked, id=9784, stack(0x00007fe50d4e7000,0x00007fe50d5e8000)]
  0x00007fe46c0ad000 JavaThread "TimerQueue" daemon [_thread_blocked, id=9816, stack(0x00007fe488a9f000,0x00007fe488ba0000)]
  0x00007fe46c47a800 JavaThread "Abandoned connection cleanup thread" daemon [_thread_blocked, id=9818, stack(0x00007fe467aa3000,0x00007fe467ba4000)]
  0x00007fe46c4a2800 JavaThread "pool-1-thread-1" [_thread_blocked, id=9820, stack(0x00007fe4675a0000,0x00007fe4676a1000)]

Other Threads:
  0x00007fe504128000 VMThread "VM Thread" [stack: 0x00007fe4e8a9f000,0x00007fe4e8b9f000] [id=9796]
  0x00007fe5041d5800 WatcherThread [stack: 0x00007fe4e8195000,0x00007fe4e8295000] [id=9806]
  0x00007fe504028800 GCTaskThread "GC Thread#0" [stack: 0x00007fe509611000,0x00007fe509711000] [id=9785]
  0x00007fe50402a000 GCTaskThread "GC Thread#1" [stack: 0x00007fe50950f000,0x00007fe50960f000] [id=9786]
  0x00007fe50402b800 GCTaskThread "GC Thread#2" [stack: 0x00007fe50940d000,0x00007fe50950d000] [id=9787]
  0x00007fe50402d800 GCTaskThread "GC Thread#3" [stack: 0x00007fe50930b000,0x00007fe50940b000] [id=9788]
  0x00007fe504056800 ConcurrentGCThread "G1 Main Marker" [stack: 0x00007fe508286000,0x00007fe508386000] [id=9789]
  0x00007fe504058800 ConcurrentGCThread "G1 Conc#0" [stack: 0x00007fe508184000,0x00007fe508284000] [id=9790]
  0x00007fe5040c0000 ConcurrentGCThread "G1 Refine#0" [stack: 0x00007fe4e987a000,0x00007fe4e997a000] [id=9791]
  0x00007fe5040c2000 ConcurrentGCThread "G1 Refine#1" [stack: 0x00007fe4e9778000,0x00007fe4e9878000] [id=9792]
  0x00007fe5040c3800 ConcurrentGCThread "G1 Refine#2" [stack: 0x00007fe4e9676000,0x00007fe4e9776000] [id=9793]
  0x00007fe5040c5800 ConcurrentGCThread "G1 Refine#3" [stack: 0x00007fe4e9574000,0x00007fe4e9674000] [id=9794]
  0x00007fe5040c7000 ConcurrentGCThread "G1 Young RemSet Sampling" [stack: 0x00007fe4e9472000,0x00007fe4e9572000] [id=9795]

Threads with active compile tasks:

VM state:not at safepoint (normal execution)

VM Mutex/Monitor currently owned by a thread: None

Heap address: 0x0000000085600000, size: 1962 MB, Compressed Oops mode: 32-bit
Narrow klass base: 0x0000000000000000, Narrow klass shift: 3
Compressed class space size: 1073741824 Address: 0x0000000100000000

Heap:
 garbage-first heap   total 126976K, used 43819K [0x0000000085600000, 0x0000000100000000)
  region size 1024K, 35 young (35840K), 4 survivors (4096K)
 Metaspace       used 51057K, capacity 52003K, committed 52352K, reserved 1095680K
  class space    used 5880K, capacity 6269K, committed 6272K, reserved 1048576K
Heap Regions: E=young(eden), S=young(survivor), O=old, HS=humongous(starts), HC=humongous(continues), CS=collection set, F=free, A=archive, TS=gc time stamp, AC=allocation context, TAMS=top-at-mark-start (previous, next)
|   0|0x0000000085600000, 0x0000000085700000, 0x0000000085700000|100%|HS|  |TS  0|AC  0|TAMS 0x0000000085700000, 0x0000000085700000|
|   1|0x0000000085700000, 0x0000000085800000, 0x0000000085800000|100%| O|  |TS  0|AC  0|TAMS 0x0000000085800000, 0x0000000085800000|
|   2|0x0000000085800000, 0x0000000085900000, 0x0000000085900000|100%| O|  |TS  0|AC  0|TAMS 0x0000000085900000, 0x0000000085900000|
|   3|0x0000000085900000, 0x0000000085a00000, 0x0000000085a00000|100%| O|  |TS  0|AC  0|TAMS 0x0000000085a00000, 0x0000000085a00000|
|   4|0x0000000085a00000, 0x0000000085b00000, 0x0000000085b00000|100%| O|  |TS  1|AC  0|TAMS 0x0000000085a5f400, 0x0000000085a5f400|
|   5|0x0000000085b00000, 0x0000000085c00000, 0x0000000085c00000|100%| O|  |TS  1|AC  0|TAMS 0x0000000085b00000, 0x0000000085b00000|
|   6|0x0000000085c00000, 0x0000000085d00000, 0x0000000085d00000|100%| O|  |TS  1|AC  0|TAMS 0x0000000085c00000, 0x0000000085c00000|
|   7|0x0000000085d00000, 0x0000000085e00000, 0x0000000085e00000|100%| O|  |TS  1|AC  0|TAMS 0x0000000085d00000, 0x0000000085d00000|
|   8|0x0000000085e00000, 0x0000000085f00000, 0x0000000085f00000|100%| O|  |TS  1|AC  0|TAMS 0x0000000085e00000, 0x0000000085e00000|
|   9|0x0000000085f00000, 0x0000000085f97c00, 0x0000000086000000| 59%| O|  |TS  1|AC  0|TAMS 0x0000000085f00000, 0x0000000085f00000|
|  10|0x0000000086000000, 0x0000000086000000, 0x0000000086100000|  0%| F|  |TS  0|AC  0|TAMS 0x0000000086000000, 0x0000000086000000|
|  11|0x0000000086100000, 0x0000000086100000, 0x0000000086200000|  0%| F|  |TS  0|AC  0|TAMS 0x0000000086100000, 0x0000000086100000|
|  12|0x0000000086200000, 0x0000000086200000, 0x0000000086300000|  0%| F|  |TS  0|AC  0|TAMS 0x0000000086200000, 0x0000000086200000|
|  13|0x0000000086300000, 0x0000000086300000, 0x0000000086400000|  0%| F|  |TS  0|AC  0|TAMS 0x0000000086300000, 0x0000000086300000|
|  14|0x0000000086400000, 0x0000000086400000, 0x0000000086500000|  0%| F|  |TS  0|AC  0|TAMS 0x0000000086400000, 0x0000000086400000|
|  15|0x0000000086500000, 0x0000000086500000, 0x0000000086600000|  0%| F|  |TS  0|AC  0|TAMS 0x0000000086500000, 0x0000000086500000|
|  16|0x0000000086600000, 0x0000000086600000, 0x0000000086700000|  0%| F|  |TS  0|AC  0|TAMS 0x0000000086600000, 0x0000000086600000|
|  17|0x0000000086700000, 0x0000000086700000, 0x0000000086800000|  0%| F|  |TS  0|AC  0|TAMS 0x0000000086700000, 0x0000000086700000|
|  18|0x0000000086800000, 0x0000000086800000, 0x0000000086900000|  0%| F|  |TS  0|AC  0|TAMS 0x0000000086800000, 0x0000000086800000|
|  19|0x0000000086900000, 0x0000000086900000, 0x0000000086a00000|  0%| F|  |TS  0|AC  0|TAMS 0x0000000086900000, 0x0000000086900000|
|  20|0x0000000086a00000, 0x0000000086a00000, 0x0000000086b00000|  0%| F|  |TS  0|AC  0|TAMS 0x0000000086a00000, 0x0000000086a00000|
|  21|0x0000000086b00000, 0x0000000086b00000, 0x0000000086c00000|  0%| F|  |TS  0|AC  0|TAMS 0x0000000086b00000, 0x0000000086b00000|
|  22|0x0000000086c00000, 0x0000000086c00000, 0x0000000086d00000|  0%| F|  |TS  0|AC  0|TAMS 0x0000000086c00000, 0x0000000086c00000|
|  23|0x0000000086d00000, 0x0000000086d00000, 0x0000000086e00000|  0%| F|  |TS  0|AC  0|TAMS 0x0000000086d00000, 0x0000000086d00000|
|  24|0x0000000086e00000, 0x0000000086e00000, 0x0000000086f00000|  0%| F|  |TS  0|AC  0|TAMS 0x0000000086e00000, 0x0000000086e00000|
|  25|0x0000000086f00000, 0x0000000086f00000, 0x0000000087000000|  0%| F|  |TS  0|AC  0|TAMS 0x0000000086f00000, 0x0000000086f00000|
|  26|0x0000000087000000, 0x0000000087000000, 0x0000000087100000|  0%| F|  |TS  0|AC  0|TAMS 0x0000000087000000, 0x0000000087000000|
|  27|0x0000000087100000, 0x0000000087100000, 0x0000000087200000|  0%| F|  |TS  0|AC  0|TAMS 0x0000000087100000, 0x0000000087100000|
|  28|0x0000000087200000, 0x0000000087200000, 0x0000000087300000|  0%| F|  |TS  0|AC  0|TAMS 0x0000000087200000, 0x0000000087200000|
|  29|0x0000000087300000, 0x0000000087300000, 0x0000000087400000|  0%| F|  |TS  0|AC  0|TAMS 0x0000000087300000, 0x0000000087300000|
|  30|0x0000000087400000, 0x0000000087400000, 0x0000000087500000|  0%| F|  |TS  0|AC  0|TAMS 0x0000000087400000, 0x0000000087400000|
|  31|0x0000000087500000, 0x0000000087500000, 0x0000000087600000|  0%| F|  |TS  0|AC  0|TAMS 0x0000000087500000, 0x0000000087500000|
|  32|0x0000000087600000, 0x0000000087600000, 0x0000000087700000|  0%| F|  |TS  0|AC  0|TAMS 0x0000000087600000, 0x0000000087600000|
|  33|0x0000000087700000, 0x0000000087700000, 0x0000000087800000|  0%| F|  |TS  0|AC  0|TAMS 0x0000000087700000, 0x0000000087700000|
|  34|0x0000000087800000, 0x0000000087800000, 0x0000000087900000|  0%| F|  |TS  0|AC  0|TAMS 0x0000000087800000, 0x0000000087800000|
|  35|0x0000000087900000, 0x0000000087900000, 0x0000000087a00000|  0%| F|  |TS  0|AC  0|TAMS 0x0000000087900000, 0x0000000087900000|
|  36|0x0000000087a00000, 0x0000000087a00000, 0x0000000087b00000|  0%| F|  |TS  0|AC  0|TAMS 0x0000000087a00000, 0x0000000087a00000|
|  37|0x0000000087b00000, 0x0000000087b00000, 0x0000000087c00000|  0%| F|  |TS  0|AC  0|TAMS 0x0000000087b00000, 0x0000000087b00000|
|  38|0x0000000087c00000, 0x0000000087c00000, 0x0000000087d00000|  0%| F|  |TS  0|AC  0|TAMS 0x0000000087c00000, 0x0000000087c00000|
|  39|0x0000000087d00000, 0x0000000087d00000, 0x0000000087e00000|  0%| F|  |TS  0|AC  0|TAMS 0x0000000087d00000, 0x0000000087d00000|
|  40|0x0000000087e00000, 0x0000000087e00000, 0x0000000087f00000|  0%| F|  |TS  0|AC  0|TAMS 0x0000000087e00000, 0x0000000087e00000|
|  41|0x0000000087f00000, 0x0000000087f00000, 0x0000000088000000|  0%| F|  |TS  0|AC  0|TAMS 0x0000000087f00000, 0x0000000087f00000|
|  42|0x0000000088000000, 0x0000000088000000, 0x0000000088100000|  0%| F|  |TS  0|AC  0|TAMS 0x0000000088000000, 0x0000000088000000|
|  43|0x0000000088100000, 0x0000000088100000, 0x0000000088200000|  0%| F|  |TS  0|AC  0|TAMS 0x0000000088100000, 0x0000000088100000|
|  44|0x0000000088200000, 0x0000000088200000, 0x0000000088300000|  0%| F|  |TS  0|AC  0|TAMS 0x0000000088200000, 0x0000000088200000|
|  45|0x0000000088300000, 0x0000000088300000, 0x0000000088400000|  0%| F|  |TS  0|AC  0|TAMS 0x0000000088300000, 0x0000000088300000|
|  46|0x0000000088400000, 0x0000000088400000, 0x0000000088500000|  0%| F|  |TS  0|AC  0|TAMS 0x0000000088400000, 0x0000000088400000|
|  47|0x0000000088500000, 0x0000000088500000, 0x0000000088600000|  0%| F|  |TS  0|AC  0|TAMS 0x0000000088500000, 0x0000000088500000|
|  48|0x0000000088600000, 0x0000000088600000, 0x0000000088700000|  0%| F|  |TS  0|AC  0|TAMS 0x0000000088600000, 0x0000000088600000|
|  49|0x0000000088700000, 0x0000000088700000, 0x0000000088800000|  0%| F|  |TS  0|AC  0|TAMS 0x0000000088700000, 0x0000000088700000|
|  50|0x0000000088800000, 0x0000000088800000, 0x0000000088900000|  0%| F|  |TS  0|AC  0|TAMS 0x0000000088800000, 0x0000000088800000|
|  51|0x0000000088900000, 0x0000000088900000, 0x0000000088a00000|  0%| F|  |TS  0|AC  0|TAMS 0x0000000088900000, 0x0000000088900000|
|  52|0x0000000088a00000, 0x0000000088a00000, 0x0000000088b00000|  0%| F|  |TS  0|AC  0|TAMS 0x0000000088a00000, 0x0000000088a00000|
|  53|0x0000000088b00000, 0x0000000088b00000, 0x0000000088c00000|  0%| F|  |TS  0|AC  0|TAMS 0x0000000088b00000, 0x0000000088b00000|
|  54|0x0000000088c00000, 0x0000000088c00000, 0x0000000088d00000|  0%| F|  |TS  0|AC  0|TAMS 0x0000000088c00000, 0x0000000088c00000|
|  55|0x0000000088d00000, 0x0000000088d00000, 0x0000000088e00000|  0%| F|  |TS  0|AC  0|TAMS 0x0000000088d00000, 0x0000000088d00000|
|  56|0x0000000088e00000, 0x0000000088e00000, 0x0000000088f00000|  0%| F|  |TS  0|AC  0|TAMS 0x0000000088e00000, 0x0000000088e00000|
|  57|0x0000000088f00000, 0x0000000088f00000, 0x0000000089000000|  0%| F|  |TS  0|AC  0|TAMS 0x0000000088f00000, 0x0000000088f00000|
|  58|0x0000000089000000, 0x0000000089000000, 0x0000000089100000|  0%| F|  |TS  0|AC  0|TAMS 0x0000000089000000, 0x0000000089000000|
|  59|0x0000000089100000, 0x0000000089100000, 0x0000000089200000|  0%| F|  |TS  0|AC  0|TAMS 0x0000000089100000, 0x0000000089100000|
|  60|0x0000000089200000, 0x0000000089200000, 0x0000000089300000|  0%| F|  |TS  0|AC  0|TAMS 0x0000000089200000, 0x0000000089200000|
|  61|0x0000000089300000, 0x0000000089300000, 0x0000000089400000|  0%| F|  |TS  0|AC  0|TAMS 0x0000000089300000, 0x0000000089300000|
|  62|0x0000000089400000, 0x0000000089400000, 0x0000000089500000|  0%| F|  |TS  0|AC  0|TAMS 0x0000000089400000, 0x0000000089400000|
|  63|0x0000000089500000, 0x0000000089500000, 0x0000000089600000|  0%| F|  |TS  0|AC  0|TAMS 0x0000000089500000, 0x0000000089500000|
|  64|0x0000000089600000, 0x0000000089633148, 0x0000000089700000| 19%| S|CS|TS  1|AC  0|TAMS 0x0000000089600000, 0x0000000089600000|
|  65|0x0000000089700000, 0x0000000089800000, 0x0000000089800000|100%| S|CS|TS  1|AC  0|TAMS 0x0000000089700000, 0x0000000089700000|
|  66|0x0000000089800000, 0x0000000089900000, 0x0000000089900000|100%| S|CS|TS  1|AC  0|TAMS 0x0000000089800000, 0x0000000089800000|
|  67|0x0000000089900000, 0x0000000089a00000, 0x0000000089a00000|100%| S|CS|TS  1|AC  0|TAMS 0x0000000089900000, 0x0000000089900000|
|  68|0x0000000089a00000, 0x0000000089a00000, 0x0000000089b00000|  0%| F|  |TS  1|AC  0|TAMS 0x0000000089a00000, 0x0000000089a00000|
|  69|0x0000000089b00000, 0x0000000089b00000, 0x0000000089c00000|  0%| F|  |TS  1|AC  0|TAMS 0x0000000089b00000, 0x0000000089b00000|
|  70|0x0000000089c00000, 0x0000000089c00000, 0x0000000089d00000|  0%| F|  |TS  1|AC  0|TAMS 0x0000000089c00000, 0x0000000089c00000|
|  71|0x0000000089d00000, 0x0000000089d00000, 0x0000000089e00000|  0%| F|  |TS  1|AC  0|TAMS 0x0000000089d00000, 0x0000000089d00000|
|  72|0x0000000089e00000, 0x0000000089e00000, 0x0000000089f00000|  0%| F|  |TS  1|AC  0|TAMS 0x0000000089e00000, 0x0000000089e00000|
|  73|0x0000000089f00000, 0x0000000089f00000, 0x000000008a000000|  0%| F|  |TS  1|AC  0|TAMS 0x0000000089f00000, 0x0000000089f00000|
|  74|0x000000008a000000, 0x000000008a000000, 0x000000008a100000|  0%| F|  |TS  1|AC  0|TAMS 0x000000008a000000, 0x000000008a000000|
|  75|0x000000008a100000, 0x000000008a100000, 0x000000008a200000|  0%| F|  |TS  1|AC  0|TAMS 0x000000008a100000, 0x000000008a100000|
|  76|0x000000008a200000, 0x000000008a200000, 0x000000008a300000|  0%| F|  |TS  1|AC  0|TAMS 0x000000008a200000, 0x000000008a200000|
|  77|0x000000008a300000, 0x000000008a300000, 0x000000008a400000|  0%| F|  |TS  1|AC  0|TAMS 0x000000008a300000, 0x000000008a300000|
|  78|0x000000008a400000, 0x000000008a400000, 0x000000008a500000|  0%| F|  |TS  1|AC  0|TAMS 0x000000008a400000, 0x000000008a400000|
|  79|0x000000008a500000, 0x000000008a500000, 0x000000008a600000|  0%| F|  |TS  1|AC  0|TAMS 0x000000008a500000, 0x000000008a500000|
|  80|0x000000008a600000, 0x000000008a600000, 0x000000008a700000|  0%| F|  |TS  1|AC  0|TAMS 0x000000008a600000, 0x000000008a600000|
|  81|0x000000008a700000, 0x000000008a700000, 0x000000008a800000|  0%| F|  |TS  1|AC  0|TAMS 0x000000008a700000, 0x000000008a700000|
|  82|0x000000008a800000, 0x000000008a800000, 0x000000008a900000|  0%| F|  |TS  1|AC  0|TAMS 0x000000008a800000, 0x000000008a800000|
|  83|0x000000008a900000, 0x000000008a900000, 0x000000008aa00000|  0%| F|  |TS  1|AC  0|TAMS 0x000000008a900000, 0x000000008a900000|
|  84|0x000000008aa00000, 0x000000008aa00000, 0x000000008ab00000|  0%| F|  |TS  1|AC  0|TAMS 0x000000008aa00000, 0x000000008aa00000|
|  85|0x000000008ab00000, 0x000000008ab00000, 0x000000008ac00000|  0%| F|  |TS  1|AC  0|TAMS 0x000000008ab00000, 0x000000008ab00000|
|  86|0x000000008ac00000, 0x000000008ac00000, 0x000000008ad00000|  0%| F|  |TS  1|AC  0|TAMS 0x000000008ac00000, 0x000000008ac00000|
|  87|0x000000008ad00000, 0x000000008ad00000, 0x000000008ae00000|  0%| F|  |TS  1|AC  0|TAMS 0x000000008ad00000, 0x000000008ad00000|
|  88|0x000000008ae00000, 0x000000008ae00000, 0x000000008af00000|  0%| F|  |TS  1|AC  0|TAMS 0x000000008ae00000, 0x000000008ae00000|
|  89|0x000000008af00000, 0x000000008af00000, 0x000000008b000000|  0%| F|  |TS  1|AC  0|TAMS 0x000000008af00000, 0x000000008af00000|
|  90|0x000000008b000000, 0x000000008b000000, 0x000000008b100000|  0%| F|  |TS  1|AC  0|TAMS 0x000000008b000000, 0x000000008b000000|
|  91|0x000000008b100000, 0x000000008b100000, 0x000000008b200000|  0%| F|  |TS  1|AC  0|TAMS 0x000000008b100000, 0x000000008b100000|
|  92|0x000000008b200000, 0x000000008b200000, 0x000000008b300000|  0%| F|  |TS  1|AC  0|TAMS 0x000000008b200000, 0x000000008b200000|
|  93|0x000000008b300000, 0x000000008b400000, 0x000000008b400000|100%| E|  |TS  1|AC  0|TAMS 0x000000008b300000, 0x000000008b300000|
|  94|0x000000008b400000, 0x000000008b500000, 0x000000008b500000|100%| E|CS|TS  1|AC  0|TAMS 0x000000008b400000, 0x000000008b400000|
|  95|0x000000008b500000, 0x000000008b600000, 0x000000008b600000|100%| E|CS|TS  1|AC  0|TAMS 0x000000008b500000, 0x000000008b500000|
|  96|0x000000008b600000, 0x000000008b700000, 0x000000008b700000|100%| E|CS|TS  1|AC  0|TAMS 0x000000008b600000, 0x000000008b600000|
|  97|0x000000008b700000, 0x000000008b800000, 0x000000008b800000|100%| E|CS|TS  1|AC  0|TAMS 0x000000008b700000, 0x000000008b700000|
|  98|0x000000008b800000, 0x000000008b900000, 0x000000008b900000|100%| E|CS|TS  1|AC  0|TAMS 0x000000008b800000, 0x000000008b800000|
|  99|0x000000008b900000, 0x000000008ba00000, 0x000000008ba00000|100%| E|CS|TS  1|AC  0|TAMS 0x000000008b900000, 0x000000008b900000|
| 100|0x000000008ba00000, 0x000000008bb00000, 0x000000008bb00000|100%| E|CS|TS  1|AC  0|TAMS 0x000000008ba00000, 0x000000008ba00000|
| 101|0x000000008bb00000, 0x000000008bc00000, 0x000000008bc00000|100%| E|CS|TS  1|AC  0|TAMS 0x000000008bb00000, 0x000000008bb00000|
| 102|0x000000008bc00000, 0x000000008bd00000, 0x000000008bd00000|100%| E|CS|TS  1|AC  0|TAMS 0x000000008bc00000, 0x000000008bc00000|
| 103|0x000000008bd00000, 0x000000008be00000, 0x000000008be00000|100%| E|CS|TS  1|AC  0|TAMS 0x000000008bd00000, 0x000000008bd00000|
| 104|0x000000008be00000, 0x000000008bf00000, 0x000000008bf00000|100%| E|CS|TS  1|AC  0|TAMS 0x000000008be00000, 0x000000008be00000|
| 105|0x000000008bf00000, 0x000000008c000000, 0x000000008c000000|100%| E|CS|TS  1|AC  0|TAMS 0x000000008bf00000, 0x000000008bf00000|
| 106|0x000000008c000000, 0x000000008c100000, 0x000000008c100000|100%| E|CS|TS  1|AC  0|TAMS 0x000000008c000000, 0x000000008c000000|
| 107|0x000000008c100000, 0x000000008c200000, 0x000000008c200000|100%| E|CS|TS  1|AC  0|TAMS 0x000000008c100000, 0x000000008c100000|
| 108|0x000000008c200000, 0x000000008c300000, 0x000000008c300000|100%| E|CS|TS  1|AC  0|TAMS 0x000000008c200000, 0x000000008c200000|
| 109|0x000000008c300000, 0x000000008c400000, 0x000000008c400000|100%| E|CS|TS  1|AC  0|TAMS 0x000000008c300000, 0x000000008c300000|
| 110|0x000000008c400000, 0x000000008c500000, 0x000000008c500000|100%| E|CS|TS  1|AC  0|TAMS 0x000000008c400000, 0x000000008c400000|
| 111|0x000000008c500000, 0x000000008c600000, 0x000000008c600000|100%| E|CS|TS  1|AC  0|TAMS 0x000000008c500000, 0x000000008c500000|
| 112|0x000000008c600000, 0x000000008c700000, 0x000000008c700000|100%| E|CS|TS  1|AC  0|TAMS 0x000000008c600000, 0x000000008c600000|
| 113|0x000000008c700000, 0x000000008c800000, 0x000000008c800000|100%| E|CS|TS  1|AC  0|TAMS 0x000000008c700000, 0x000000008c700000|
| 114|0x000000008c800000, 0x000000008c900000, 0x000000008c900000|100%| E|CS|TS  1|AC  0|TAMS 0x000000008c800000, 0x000000008c800000|
| 115|0x000000008c900000, 0x000000008ca00000, 0x000000008ca00000|100%| E|CS|TS  1|AC  0|TAMS 0x000000008c900000, 0x000000008c900000|
| 116|0x000000008ca00000, 0x000000008cb00000, 0x000000008cb00000|100%| E|CS|TS  1|AC  0|TAMS 0x000000008ca00000, 0x000000008ca00000|
| 117|0x000000008cb00000, 0x000000008cc00000, 0x000000008cc00000|100%| E|CS|TS  1|AC  0|TAMS 0x000000008cb00000, 0x000000008cb00000|
| 118|0x000000008cc00000, 0x000000008cd00000, 0x000000008cd00000|100%| E|CS|TS  1|AC  0|TAMS 0x000000008cc00000, 0x000000008cc00000|
| 119|0x000000008cd00000, 0x000000008ce00000, 0x000000008ce00000|100%| E|CS|TS  1|AC  0|TAMS 0x000000008cd00000, 0x000000008cd00000|
| 120|0x000000008ce00000, 0x000000008cf00000, 0x000000008cf00000|100%| E|CS|TS  1|AC  0|TAMS 0x000000008ce00000, 0x000000008ce00000|
| 121|0x000000008cf00000, 0x000000008d000000, 0x000000008d000000|100%| E|CS|TS  1|AC  0|TAMS 0x000000008cf00000, 0x000000008cf00000|
| 122|0x000000008d000000, 0x000000008d100000, 0x000000008d100000|100%| E|CS|TS  1|AC  0|TAMS 0x000000008d000000, 0x000000008d000000|
| 123|0x000000008d100000, 0x000000008d200000, 0x000000008d200000|100%| E|CS|TS  1|AC  0|TAMS 0x000000008d100000, 0x000000008d100000|

Card table byte_map: [0x00007fe50875b000,0x00007fe508b30000] byte_map_base: 0x00007fe508330000

Marking Bits (Prev, Next): (CMBitMap*) 0x00007fe504055be0, (CMBitMap*) 0x00007fe504055c18
 Prev Bits: [0x00007fe4e9c7d000, 0x00007fe4ebb25000)
 Next Bits: [0x00007fe4da158000, 0x00007fe4dc000000)

Polling page: 0x00007fe50d601000

CodeHeap 'non-profiled nmethods': size=120032Kb used=2632Kb max_used=2632Kb free=117399Kb
 bounds [0x00007fe4f35ed000, 0x00007fe4f388d000, 0x00007fe4fab25000]
CodeHeap 'profiled nmethods': size=120032Kb used=11542Kb max_used=11542Kb free=108489Kb
 bounds [0x00007fe4ec0b5000, 0x00007fe4ecc05000, 0x00007fe4f35ed000]
CodeHeap 'non-nmethods': size=5696Kb used=1363Kb max_used=1410Kb free=4332Kb
 bounds [0x00007fe4ebb25000, 0x00007fe4ebd95000, 0x00007fe4ec0b5000]
 total_blobs=7644 nmethods=5675 adapters=740
 compilation: enabled

Compilation events (10 events):
Event: 17287,244 Thread 0x00007fe50414c800 5674       3       sun.awt.X11.XClientMessageEvent::get_message_type (20 bytes)
Event: 17287,246 Thread 0x00007fe50414c800 nmethod 5674 0x00007fe4ecbfa310 code [0x00007fe4ecbfa500, 0x00007fe4ecbfa9a8]
Event: 18893,118 Thread 0x00007fe50414a800 5675       4       java.util.Vector::<init> (53 bytes)
Event: 18893,175 Thread 0x00007fe50414a800 nmethod 5675 0x00007fe4f387d690 code [0x00007fe4f387d840, 0x00007fe4f387de98]
Event: 18917,912 Thread 0x00007fe504148800 5676       4       java.lang.Long::equals (30 bytes)
Event: 18917,919 Thread 0x00007fe504148800 nmethod 5676 0x00007fe4f387e090 code [0x00007fe4f387e220, 0x00007fe4f387e2d8]
Event: 18920,952 Thread 0x00007fe50414a800 5677  s    4       java.util.Vector::iterator (10 bytes)
Event: 18920,960 Thread 0x00007fe50414a800 nmethod 5677 0x00007fe4f387e390 code [0x00007fe4f387e540, 0x00007fe4f387e8a8]
Event: 19722,375 Thread 0x00007fe504148800 5678   !   4       sun.awt.X11.XToolkit$1::dispatchEvent (34 bytes)
Event: 19722,440 Thread 0x00007fe504148800 nmethod 5678 0x00007fe4f387e990 code [0x00007fe4f387eb60, 0x00007fe4f387eda8]

GC Heap History (10 events):
Event: 1,804 GC heap before
{Heap before GC invocations=1 (full 0):
 garbage-first heap   total 126976K, used 13524K [0x0000000085600000, 0x0000000100000000)
  region size 1024K, 11 young (11264K), 2 survivors (2048K)
 Metaspace       used 18302K, capacity 18833K, committed 18944K, reserved 1067008K
  class space    used 1984K, capacity 2221K, committed 2304K, reserved 1048576K
}
Event: 1,818 GC heap after
{Heap after GC invocations=2 (full 0):
 garbage-first heap   total 126976K, used 5766K [0x0000000085600000, 0x0000000100000000)
  region size 1024K, 2 young (2048K), 2 survivors (2048K)
 Metaspace       used 18302K, capacity 18833K, committed 18944K, reserved 1067008K
  class space    used 1984K, capacity 2221K, committed 2304K, reserved 1048576K
}
Event: 1,851 GC heap before
{Heap before GC invocations=2 (full 0):
 garbage-first heap   total 126976K, used 31366K [0x0000000085600000, 0x0000000100000000)
  region size 1024K, 27 young (27648K), 2 survivors (2048K)
 Metaspace       used 18302K, capacity 18833K, committed 18944K, reserved 1067008K
  class space    used 1984K, capacity 2221K, committed 2304K, reserved 1048576K
}
Event: 1,860 GC heap after
{Heap after GC invocations=3 (full 0):
 garbage-first heap   total 126976K, used 5858K [0x0000000085600000, 0x0000000100000000)
  region size 1024K, 2 young (2048K), 2 survivors (2048K)
 Metaspace       used 18302K, capacity 18833K, committed 18944K, reserved 1067008K
  class space    used 1984K, capacity 2221K, committed 2304K, reserved 1048576K
}
Event: 5,804 GC heap before
{Heap before GC invocations=3 (full 0):
 garbage-first heap   total 126976K, used 17122K [0x0000000085600000, 0x0000000100000000)
  region size 1024K, 14 young (14336K), 2 survivors (2048K)
 Metaspace       used 20673K, capacity 21151K, committed 21248K, reserved 1069056K
  class space    used 2274K, capacity 2524K, committed 2560K, reserved 1048576K
}
Event: 5,806 GC heap after
{Heap after GC invocations=4 (full 0):
 garbage-first heap   total 126976K, used 6240K [0x0000000085600000, 0x0000000100000000)
  region size 1024K, 2 young (2048K), 2 survivors (2048K)
 Metaspace       used 20673K, capacity 21151K, committed 21248K, reserved 1069056K
  class space    used 2274K, capacity 2524K, committed 2560K, reserved 1048576K
}
Event: 6,608 GC heap before
{Heap before GC invocations=5 (full 0):
 garbage-first heap   total 126976K, used 42080K [0x0000000085600000, 0x0000000100000000)
  region size 1024K, 38 young (38912K), 2 survivors (2048K)
 Metaspace       used 34891K, capacity 35525K, committed 35840K, reserved 1081344K
  class space    used 4076K, capacity 4393K, committed 4480K, reserved 1048576K
}
Event: 6,614 GC heap after
{Heap after GC invocations=6 (full 0):
 garbage-first heap   total 126976K, used 10014K [0x0000000085600000, 0x0000000100000000)
  region size 1024K, 6 young (6144K), 6 survivors (6144K)
 Metaspace       used 34891K, capacity 35525K, committed 35840K, reserved 1081344K
  class space    used 4076K, capacity 4393K, committed 4480K, reserved 1048576K
}
Event: 7,806 GC heap before
{Heap before GC invocations=7 (full 0):
 garbage-first heap   total 126976K, used 61214K [0x0000000085600000, 0x0000000100000000)
  region size 1024K, 56 young (57344K), 6 survivors (6144K)
 Metaspace       used 46985K, capacity 47788K, committed 48512K, reserved 1091584K
  class space    used 5585K, capacity 5947K, committed 6016K, reserved 1048576K
}
Event: 7,816 GC heap after
{Heap after GC invocations=8 (full 0):
 garbage-first heap   total 126976K, used 13099K [0x0000000085600000, 0x0000000100000000)
  region size 1024K, 4 young (4096K), 4 survivors (4096K)
 Metaspace       used 46985K, capacity 47788K, committed 48512K, reserved 1091584K
  class space    used 5585K, capacity 5947K, committed 6016K, reserved 1048576K
}

Deoptimization events (10 events):
Event: 20,277 Thread 0x00007fe5044c8800 Uncommon trap: reason=unstable_if action=reinterpret pc=0x00007fe4f37750b0 method=java.lang.CharacterDataLatin1.isWhitespace(I)Z @ 14 c2
Event: 20,277 Thread 0x00007fe5044c8800 Uncommon trap: reason=unstable_if action=reinterpret pc=0x00007fe4f36c7e1c method=java.lang.CharacterDataLatin1.isWhitespace(I)Z @ 14 c2
Event: 20,290 Thread 0x00007fe5044c8800 Uncommon trap: reason=unstable_if action=reinterpret pc=0x00007fe4f36d0ed0 method=java.io.DataInputStream.readUTF(Ljava/io/DataInput;)Ljava/lang/String; @ 112 c2
Event: 20,318 Thread 0x00007fe5044c8800 Uncommon trap: reason=unstable_if action=reinterpret pc=0x00007fe4f3641d78 method=java.lang.StringLatin1.canEncode(I)Z @ 4 c2
Event: 20,318 Thread 0x00007fe5044c8800 Uncommon trap: reason=unstable_if action=reinterpret pc=0x00007fe4f37daef8 method=java.lang.AbstractStringBuilder.isLatin1()Z @ 10 c2
Event: 20,318 Thread 0x00007fe5044c8800 Uncommon trap: reason=unstable_if action=reinterpret pc=0x00007fe4f368c360 method=java.lang.AbstractStringBuilder.isLatin1()Z @ 10 c2
Event: 20,358 Thread 0x00007fe5044c8800 Uncommon trap: reason=unstable_if action=reinterpret pc=0x00007fe4f3605c54 method=java.lang.StringLatin1.canEncode(I)Z @ 4 c2
Event: 20,478 Thread 0x00007fe5044c8800 Uncommon trap: reason=unstable_if action=reinterpret pc=0x00007fe4f3607ff4 method=java.lang.String.isLatin1()Z @ 10 c2
Event: 20,531 Thread 0x00007fe5044c8800 Uncommon trap: reason=unstable_if action=reinterpret pc=0x00007fe4f37ef6fc method=sun.font.FontDesignMetrics$MetricsKey.equals(Ljava/lang/Object;)Z @ 23 c2
Event: 25,305 Thread 0x00007fe5044c8800 Uncommon trap: reason=unstable_if action=reinterpret pc=0x00007fe4f37fadb8 method=sun.font.FontDesignMetrics$MetricsKey.equals(Ljava/lang/Object;)Z @ 23 c2

Classes redefined (0 events):
No events

Internal exceptions (10 events):
Event: 20,311 Thread 0x00007fe5044c8800 Exception <a 'java/lang/NoSuchMethodError'{0x000000008ca64bd8}: java.lang.invoke.DirectMethodHandle$Holder.invokeStatic(Ljava/lang/Object;Ljava/lang/Object;Ljava/lang/Object;Ljava/lang/Object;Ljava/lang/Object;Ljava/lang/Object;Ljava/lang/Object;Ljava/lan
Event: 20,312 Thread 0x00007fe5044c8800 Exception <a 'java/lang/NoSuchMethodError'{0x000000008ca83a88}: java.lang.invoke.DirectMethodHandle$Holder.invokeStatic(Ljava/lang/Object;Ljava/lang/Object;Ljava/lang/Object;Ljava/lang/Object;Ljava/lang/Object;Ljava/lang/Object;Ljava/lang/Object;Ljava/lan
Event: 20,314 Thread 0x00007fe5044c8800 Exception <a 'java/lang/NoSuchMethodError'{0x000000008caa3e48}: method resolution failed> (0x000000008caa3e48) thrown at [/build/openjdk-lts-Ae5PRQ/openjdk-lts-10.0.2+13/src/hotspot/share/prims/methodHandles.cpp, line 1226]
Event: 20,317 Thread 0x00007fe5044c8800 Exception <a 'java/lang/NoSuchMethodError'{0x000000008cac5998}: method resolution failed> (0x000000008cac5998) thrown at [/build/openjdk-lts-Ae5PRQ/openjdk-lts-10.0.2+13/src/hotspot/share/prims/methodHandles.cpp, line 1226]
Event: 20,635 Thread 0x00007fe5044c8800 Exception <a 'java/lang/UnsupportedOperationException'{0x000000008c20fe28}: > (0x000000008c20fe28) thrown at [/build/openjdk-lts-Ae5PRQ/openjdk-lts-10.0.2+13/src/hotspot/share/prims/jni.cpp, line 632]
Event: 25,386 Thread 0x00007fe5044c8800 Exception <a 'java/lang/UnsupportedOperationException'{0x000000008bd98140}: > (0x000000008bd98140) thrown at [/build/openjdk-lts-Ae5PRQ/openjdk-lts-10.0.2+13/src/hotspot/share/prims/jni.cpp, line 632]
Event: 27,414 Thread 0x00007fe5044c8800 Exception <a 'java/lang/UnsupportedOperationException'{0x000000008bcd8278}: > (0x000000008bcd8278) thrown at [/build/openjdk-lts-Ae5PRQ/openjdk-lts-10.0.2+13/src/hotspot/share/prims/jni.cpp, line 632]
Event: 28,334 Thread 0x00007fe5044c8800 Exception <a 'java/lang/UnsupportedOperationException'{0x000000008bb0e130}: > (0x000000008bb0e130) thrown at [/build/openjdk-lts-Ae5PRQ/openjdk-lts-10.0.2+13/src/hotspot/share/prims/jni.cpp, line 632]
Event: 32,492 Thread 0x00007fe5044c8800 Exception <a 'java/lang/UnsupportedOperationException'{0x000000008bbffa88}: > (0x000000008bbffa88) thrown at [/build/openjdk-lts-Ae5PRQ/openjdk-lts-10.0.2+13/src/hotspot/share/prims/jni.cpp, line 632]
Event: 33,615 Thread 0x00007fe5044c8800 Exception <a 'java/lang/UnsupportedOperationException'{0x000000008baf2ff8}: > (0x000000008baf2ff8) thrown at [/build/openjdk-lts-Ae5PRQ/openjdk-lts-10.0.2+13/src/hotspot/share/prims/jni.cpp, line 632]

Events (10 events):
Event: 1477,869 Executing VM operation: RevokeBias
Event: 1477,869 Executing VM operation: RevokeBias done
Event: 1477,870 Thread 0x00007fe47400f000 Thread exited: 0x00007fe47400f000
Event: 1481,529 Thread 0x00007fe47400f000 Thread added: 0x00007fe47400f000
Event: 1481,530 Thread 0x00007fe474010000 Thread added: 0x00007fe474010000
Event: 1482,531 Executing VM operation: RevokeBias
Event: 1482,532 Executing VM operation: RevokeBias done
Event: 1482,532 Thread 0x00007fe47400f000 Thread exited: 0x00007fe47400f000
Event: 1482,533 Thread 0x00007fe474010000 Thread exited: 0x00007fe474010000
Event: 20137,758 loading class jdk/internal/misc/Signal$1


Dynamic libraries:
85600000-8d200000 rw-p 00000000 00:00 0 
8d200000-100000000 ---p 00000000 00:00 0 
100000000-100620000 rw-p 00000000 00:00 0 
100620000-140000000 ---p 00000000 00:00 0 
557c56bfa000-557c56bfb000 r-xp 00000000 08:05 1044648                    /usr/lib/jvm/java-11-openjdk-amd64/bin/java
557c56dfb000-557c56dfc000 r--p 00001000 08:05 1044648                    /usr/lib/jvm/java-11-openjdk-amd64/bin/java
557c56dfc000-557c56dfd000 rw-p 00002000 08:05 1044648                    /usr/lib/jvm/java-11-openjdk-amd64/bin/java
557c57def000-557c57e10000 rw-p 00000000 00:00 0                          [heap]
7fe460000000-7fe460021000 rw-p 00000000 00:00 0 
7fe460021000-7fe464000000 ---p 00000000 00:00 0 
7fe4667a0000-7fe4668a0000 rw-p 00000000 00:00 0 
7fe4668a0000-7fe4669a0000 ---p 00000000 00:00 0 
7fe4669a0000-7fe466ba0000 rw-p 00000000 00:00 0 
7fe466ba0000-7fe466da0000 rw-p 00000000 00:00 0 
7fe466da0000-7fe466fa0000 rw-p 00000000 00:00 0 
7fe466fa0000-7fe4671a0000 rw-p 00000000 00:00 0 
7fe4671a0000-7fe4673a0000 rw-p 00000000 00:00 0 
7fe4673a0000-7fe4675a0000 rw-p 00000000 00:00 0 
7fe4675a0000-7fe4675a4000 ---p 00000000 00:00 0 
7fe4675a4000-7fe4678a1000 rw-p 00000000 00:00 0 
7fe4678a1000-7fe4678a2000 r-xp 00000000 08:05 1044705                    /usr/lib/jvm/java-11-openjdk-amd64/lib/libextnet.so
7fe4678a2000-7fe467aa1000 ---p 00001000 08:05 1044705                    /usr/lib/jvm/java-11-openjdk-amd64/lib/libextnet.so
7fe467aa1000-7fe467aa2000 r--p 00000000 08:05 1044705                    /usr/lib/jvm/java-11-openjdk-amd64/lib/libextnet.so
7fe467aa2000-7fe467aa3000 rw-p 00001000 08:05 1044705                    /usr/lib/jvm/java-11-openjdk-amd64/lib/libextnet.so
7fe467aa3000-7fe467aa7000 ---p 00000000 00:00 0 
7fe467aa7000-7fe467da4000 rw-p 00000000 00:00 0 
7fe467da4000-7fe467fa4000 rw-p 00000000 00:00 0 
7fe468000000-7fe468021000 rw-p 00000000 00:00 0 
7fe468021000-7fe46c000000 ---p 00000000 00:00 0 
7fe46c000000-7fe46cfa7000 rw-p 00000000 00:00 0 
7fe46cfa7000-7fe470000000 ---p 00000000 00:00 0 
7fe470000000-7fe470021000 rw-p 00000000 00:00 0 
7fe470021000-7fe474000000 ---p 00000000 00:00 0 
7fe474000000-7fe474026000 rw-p 00000000 00:00 0 
7fe474026000-7fe478000000 ---p 00000000 00:00 0 
7fe478000000-7fe478021000 rw-p 00000000 00:00 0 
7fe478021000-7fe47c000000 ---p 00000000 00:00 0 
7fe47c000000-7fe47c021000 rw-p 00000000 00:00 0 
7fe47c021000-7fe480000000 ---p 00000000 00:00 0 
7fe480000000-7fe480021000 rw-p 00000000 00:00 0 
7fe480021000-7fe484000000 ---p 00000000 00:00 0 
7fe484000000-7fe484021000 rw-p 00000000 00:00 0 
7fe484021000-7fe488000000 ---p 00000000 00:00 0 
7fe48809f000-7fe48829f000 rw-p 00000000 00:00 0 
7fe48829f000-7fe48849f000 rw-p 00000000 00:00 0 
7fe48849f000-7fe48869f000 rw-p 00000000 00:00 0 
7fe48869f000-7fe48889f000 rw-p 00000000 00:00 0 
7fe48889f000-7fe488a9f000 rw-p 00000000 00:00 0 
7fe488a9f000-7fe488aa3000 ---p 00000000 00:00 0 
7fe488aa3000-7fe488da0000 rw-p 00000000 00:00 0 
7fe488da0000-7fe488da4000 ---p 00000000 00:00 0 
7fe488da4000-7fe488ea1000 rw-p 00000000 00:00 0 
7fe488ea1000-7fe488ea5000 ---p 00000000 00:00 0 
7fe488ea5000-7fe4891a2000 rw-p 00000000 00:00 0 
7fe4891a2000-7fe4893a2000 rw-p 00000000 00:00 0 
7fe4893a2000-7fe4893a6000 ---p 00000000 00:00 0 
7fe4893a6000-7fe4894a3000 rw-p 00000000 00:00 0 
7fe4894a3000-7fe4894a8000 r-xp 00000000 08:05 271942                     /usr/lib/x86_64-linux-gnu/libXfixes.so.3.1.0
7fe4894a8000-7fe4896a7000 ---p 00005000 08:05 271942                     /usr/lib/x86_64-linux-gnu/libXfixes.so.3.1.0
7fe4896a7000-7fe4896a8000 r--p 00004000 08:05 271942                     /usr/lib/x86_64-linux-gnu/libXfixes.so.3.1.0
7fe4896a8000-7fe4896a9000 rw-p 00005000 08:05 271942                     /usr/lib/x86_64-linux-gnu/libXfixes.so.3.1.0
7fe4896a9000-7fe4896b2000 r-xp 00000000 08:05 271934                     /usr/lib/x86_64-linux-gnu/libXcursor.so.1.0.2
7fe4896b2000-7fe4898b1000 ---p 00009000 08:05 271934                     /usr/lib/x86_64-linux-gnu/libXcursor.so.1.0.2
7fe4898b1000-7fe4898b2000 r--p 00008000 08:05 271934                     /usr/lib/x86_64-linux-gnu/libXcursor.so.1.0.2
7fe4898b2000-7fe4898b3000 rw-p 00009000 08:05 271934                     /usr/lib/x86_64-linux-gnu/libXcursor.so.1.0.2
7fe4898b3000-7fe4898b4000 ---p 00000000 00:00 0 
7fe4898b4000-7fe48a0b4000 rw-p 00000000 00:00 0 
7fe48a0b4000-7fe48a0b5000 ---p 00000000 00:00 0 
7fe48a0b5000-7fe48a8b5000 rw-p 00000000 00:00 0 
7fe48a8b5000-7fe48a8b6000 ---p 00000000 00:00 0 
7fe48a8b6000-7fe48b0b6000 rw-p 00000000 00:00 0 
7fe48b0b6000-7fe48b0c2000 r-xp 00000000 08:05 396751                     /usr/lib/x86_64-linux-gnu/gio/modules/libdconfsettings.so
7fe48b0c2000-7fe48b2c1000 ---p 0000c000 08:05 396751                     /usr/lib/x86_64-linux-gnu/gio/modules/libdconfsettings.so
7fe48b2c1000-7fe48b2c2000 r--p 0000b000 08:05 396751                     /usr/lib/x86_64-linux-gnu/gio/modules/libdconfsettings.so
7fe48b2c2000-7fe48b2c3000 rw-p 0000c000 08:05 396751                     /usr/lib/x86_64-linux-gnu/gio/modules/libdconfsettings.so
7fe48b2c3000-7fe48b2c9000 r-xp 00000000 08:05 920010                     /lib/x86_64-linux-gnu/libuuid.so.1.3.0
7fe48b2c9000-7fe48b4c8000 ---p 00006000 08:05 920010                     /lib/x86_64-linux-gnu/libuuid.so.1.3.0
7fe48b4c8000-7fe48b4c9000 r--p 00005000 08:05 920010                     /lib/x86_64-linux-gnu/libuuid.so.1.3.0
7fe48b4c9000-7fe48b4ca000 rw-p 00006000 08:05 920010                     /lib/x86_64-linux-gnu/libuuid.so.1.3.0
7fe48b4ca000-7fe48b511000 r-xp 00000000 08:05 919820                     /lib/x86_64-linux-gnu/libblkid.so.1.1.0
7fe48b511000-7fe48b711000 ---p 00047000 08:05 919820                     /lib/x86_64-linux-gnu/libblkid.so.1.1.0
7fe48b711000-7fe48b715000 r--p 00047000 08:05 919820                     /lib/x86_64-linux-gnu/libblkid.so.1.1.0
7fe48b715000-7fe48b716000 rw-p 0004b000 08:05 919820                     /lib/x86_64-linux-gnu/libblkid.so.1.1.0
7fe48b716000-7fe48b717000 rw-p 00000000 00:00 0 
7fe48b717000-7fe48b787000 r-xp 00000000 08:05 919775                     /lib/x86_64-linux-gnu/libpcre.so.3.13.3
7fe48b787000-7fe48b987000 ---p 00070000 08:05 919775                     /lib/x86_64-linux-gnu/libpcre.so.3.13.3
7fe48b987000-7fe48b988000 r--p 00070000 08:05 919775                     /lib/x86_64-linux-gnu/libpcre.so.3.13.3
7fe48b988000-7fe48b989000 rw-p 00071000 08:05 919775                     /lib/x86_64-linux-gnu/libpcre.so.3.13.3
7fe48b989000-7fe48b990000 r-xp 00000000 08:05 272269                     /usr/lib/x86_64-linux-gnu/libffi.so.6.0.4
7fe48b990000-7fe48bb8f000 ---p 00007000 08:05 272269                     /usr/lib/x86_64-linux-gnu/libffi.so.6.0.4
7fe48bb8f000-7fe48bb90000 r--p 00006000 08:05 272269                     /usr/lib/x86_64-linux-gnu/libffi.so.6.0.4
7fe48bb90000-7fe48bb91000 rw-p 00007000 08:05 272269                     /usr/lib/x86_64-linux-gnu/libffi.so.6.0.4
7fe48bb91000-7fe48bbe2000 r-xp 00000000 08:05 919686                     /lib/x86_64-linux-gnu/libmount.so.1.1.0
7fe48bbe2000-7fe48bde1000 ---p 00051000 08:05 919686                     /lib/x86_64-linux-gnu/libmount.so.1.1.0
7fe48bde1000-7fe48bde3000 r--p 00050000 08:05 919686                     /lib/x86_64-linux-gnu/libmount.so.1.1.0
7fe48bde3000-7fe48bde4000 rw-p 00052000 08:05 919686                     /lib/x86_64-linux-gnu/libmount.so.1.1.0
7fe48bde4000-7fe48bde5000 rw-p 00000000 00:00 0 
7fe48bde5000-7fe48bdfc000 r-xp 00000000 08:05 919792                     /lib/x86_64-linux-gnu/libresolv-2.27.so
7fe48bdfc000-7fe48bffc000 ---p 00017000 08:05 919792                     /lib/x86_64-linux-gnu/libresolv-2.27.so
7fe48bffc000-7fe48bffd000 r--p 00017000 08:05 919792                     /lib/x86_64-linux-gnu/libresolv-2.27.so
7fe48bffd000-7fe48bffe000 rw-p 00018000 08:05 919792                     /lib/x86_64-linux-gnu/libresolv-2.27.so
7fe48bffe000-7fe48c000000 rw-p 00000000 00:00 0 
7fe48c000000-7fe48c021000 rw-p 00000000 00:00 0 
7fe48c021000-7fe490000000 ---p 00000000 00:00 0 
7fe490000000-7fe490021000 rw-p 00000000 00:00 0 
7fe490021000-7fe494000000 ---p 00000000 00:00 0 
7fe494000000-7fe494804000 rw-p 00000000 00:00 0 
7fe494804000-7fe498000000 ---p 00000000 00:00 0 
7fe498000000-7fe498021000 rw-p 00000000 00:00 0 
7fe498021000-7fe49c000000 ---p 00000000 00:00 0 
7fe49c000000-7fe49daa0000 rw-p 00000000 00:00 0 
7fe49daa0000-7fe4a0000000 ---p 00000000 00:00 0 
7fe4a0000000-7fe4a0c24000 rw-p 00000000 00:00 0 
7fe4a0c24000-7fe4a4000000 ---p 00000000 00:00 0 
7fe4a4000000-7fe4a4021000 rw-p 00000000 00:00 0 
7fe4a4021000-7fe4a8000000 ---p 00000000 00:00 0 
7fe4a8000000-7fe4a8021000 rw-p 00000000 00:00 0 
7fe4a8021000-7fe4ac000000 ---p 00000000 00:00 0 
7fe4ac058000-7fe4ac063000 r--s 00000000 08:05 1192451                    /var/cache/fontconfig/945677eb7aeaf62f1d50efc3fb3ec7d8-le64.cache-7
7fe4ac063000-7fe4ac088000 r-xp 00000000 08:05 919798                     /lib/x86_64-linux-gnu/libselinux.so.1
7fe4ac088000-7fe4ac287000 ---p 00025000 08:05 919798                     /lib/x86_64-linux-gnu/libselinux.so.1
7fe4ac287000-7fe4ac288000 r--p 00024000 08:05 919798                     /lib/x86_64-linux-gnu/libselinux.so.1
7fe4ac288000-7fe4ac289000 rw-p 00025000 08:05 919798                     /lib/x86_64-linux-gnu/libselinux.so.1
7fe4ac289000-7fe4ac28b000 rw-p 00000000 00:00 0 
7fe4ac28b000-7fe4ac39e000 r-xp 00000000 08:05 262951                     /usr/lib/x86_64-linux-gnu/libglib-2.0.so.0.5600.3
7fe4ac39e000-7fe4ac59e000 ---p 00113000 08:05 262951                     /usr/lib/x86_64-linux-gnu/libglib-2.0.so.0.5600.3
7fe4ac59e000-7fe4ac59f000 r--p 00113000 08:05 262951                     /usr/lib/x86_64-linux-gnu/libglib-2.0.so.0.5600.3
7fe4ac59f000-7fe4ac5a0000 rw-p 00114000 08:05 262951                     /usr/lib/x86_64-linux-gnu/libglib-2.0.so.0.5600.3
7fe4ac5a0000-7fe4ac5a1000 rw-p 00000000 00:00 0 
7fe4ac5a1000-7fe4ac5a4000 r-xp 00000000 08:05 268079                     /usr/lib/x86_64-linux-gnu/libgmodule-2.0.so.0.5600.3
7fe4ac5a4000-7fe4ac7a3000 ---p 00003000 08:05 268079                     /usr/lib/x86_64-linux-gnu/libgmodule-2.0.so.0.5600.3
7fe4ac7a3000-7fe4ac7a4000 r--p 00002000 08:05 268079                     /usr/lib/x86_64-linux-gnu/libgmodule-2.0.so.0.5600.3
7fe4ac7a4000-7fe4ac7a5000 rw-p 00003000 08:05 268079                     /usr/lib/x86_64-linux-gnu/libgmodule-2.0.so.0.5600.3
7fe4ac7a5000-7fe4ac7f7000 r-xp 00000000 08:05 270586                     /usr/lib/x86_64-linux-gnu/libgobject-2.0.so.0.5600.3
7fe4ac7f7000-7fe4ac9f7000 ---p 00052000 08:05 270586                     /usr/lib/x86_64-linux-gnu/libgobject-2.0.so.0.5600.3
7fe4ac9f7000-7fe4ac9f8000 r--p 00052000 08:05 270586                     /usr/lib/x86_64-linux-gnu/libgobject-2.0.so.0.5600.3
7fe4ac9f8000-7fe4ac9f9000 rw-p 00053000 08:05 270586                     /usr/lib/x86_64-linux-gnu/libgobject-2.0.so.0.5600.3
7fe4ac9f9000-7fe4acb8e000 r-xp 00000000 08:05 262552                     /usr/lib/x86_64-linux-gnu/libgio-2.0.so.0.5600.3
7fe4acb8e000-7fe4acd8e000 ---p 00195000 08:05 262552                     /usr/lib/x86_64-linux-gnu/libgio-2.0.so.0.5600.3
7fe4acd8e000-7fe4acd95000 r--p 00195000 08:05 262552                     /usr/lib/x86_64-linux-gnu/libgio-2.0.so.0.5600.3
7fe4acd95000-7fe4acd96000 rw-p 0019c000 08:05 262552                     /usr/lib/x86_64-linux-gnu/libgio-2.0.so.0.5600.3
7fe4acd96000-7fe4acd98000 rw-p 00000000 00:00 0 
7fe4acd98000-7fe4acda2000 r-xp 00000000 08:05 271958                     /usr/lib/x86_64-linux-gnu/libXrandr.so.2.2.0
7fe4acda2000-7fe4acfa1000 ---p 0000a000 08:05 271958                     /usr/lib/x86_64-linux-gnu/libXrandr.so.2.2.0
7fe4acfa1000-7fe4acfa2000 r--p 00009000 08:05 271958                     /usr/lib/x86_64-linux-gnu/libXrandr.so.2.2.0
7fe4acfa2000-7fe4acfa3000 rw-p 0000a000 08:05 271958                     /usr/lib/x86_64-linux-gnu/libXrandr.so.2.2.0
7fe4acfa3000-7fe4ad1a3000 rw-p 00000000 00:00 0 
7fe4ad1a3000-7fe4ad1d4000 r-xp 00000000 08:05 272791                     /usr/lib/x86_64-linux-gnu/libpng16.so.16.34.0
7fe4ad1d4000-7fe4ad3d3000 ---p 00031000 08:05 272791                     /usr/lib/x86_64-linux-gnu/libpng16.so.16.34.0
7fe4ad3d3000-7fe4ad3d4000 r--p 00030000 08:05 272791                     /usr/lib/x86_64-linux-gnu/libpng16.so.16.34.0
7fe4ad3d4000-7fe4ad3d5000 rw-p 00031000 08:05 272791                     /usr/lib/x86_64-linux-gnu/libpng16.so.16.34.0
7fe4ad3d5000-7fe4ad482000 r-xp 00000000 08:05 272301                     /usr/lib/x86_64-linux-gnu/libfreetype.so.6.15.0
7fe4ad482000-7fe4ad681000 ---p 000ad000 08:05 272301                     /usr/lib/x86_64-linux-gnu/libfreetype.so.6.15.0
7fe4ad681000-7fe4ad688000 r--p 000ac000 08:05 272301                     /usr/lib/x86_64-linux-gnu/libfreetype.so.6.15.0
7fe4ad688000-7fe4ad689000 rw-p 000b3000 08:05 272301                     /usr/lib/x86_64-linux-gnu/libfreetype.so.6.15.0
7fe4ad689000-7fe4ad71e000 r-xp 00000000 08:05 1044706                    /usr/lib/jvm/java-11-openjdk-amd64/lib/libfontmanager.so
7fe4ad71e000-7fe4ad91e000 ---p 00095000 08:05 1044706                    /usr/lib/jvm/java-11-openjdk-amd64/lib/libfontmanager.so
7fe4ad91e000-7fe4ad91f000 r--p 00095000 08:05 1044706                    /usr/lib/jvm/java-11-openjdk-amd64/lib/libfontmanager.so
7fe4ad91f000-7fe4ad920000 rw-p 00096000 08:05 1044706                    /usr/lib/jvm/java-11-openjdk-amd64/lib/libfontmanager.so
7fe4ad920000-7fe4ad921000 rw-p 00000000 00:00 0 
7fe4ad921000-7fe4ad934000 r-xp 00000000 08:05 919649                     /lib/x86_64-linux-gnu/libbsd.so.0.8.7
7fe4ad934000-7fe4adb33000 ---p 00013000 08:05 919649                     /lib/x86_64-linux-gnu/libbsd.so.0.8.7
7fe4adb33000-7fe4adb34000 r--p 00012000 08:05 919649                     /lib/x86_64-linux-gnu/libbsd.so.0.8.7
7fe4adb34000-7fe4adb35000 rw-p 00013000 08:05 919649                     /lib/x86_64-linux-gnu/libbsd.so.0.8.7
7fe4adb35000-7fe4adb36000 rw-p 00000000 00:00 0 
7fe4adb36000-7fe4adb3b000 r-xp 00000000 08:05 271938                     /usr/lib/x86_64-linux-gnu/libXdmcp.so.6.0.0
7fe4adb3b000-7fe4add3a000 ---p 00005000 08:05 271938                     /usr/lib/x86_64-linux-gnu/libXdmcp.so.6.0.0
7fe4add3a000-7fe4add3b000 r--p 00004000 08:05 271938                     /usr/lib/x86_64-linux-gnu/libXdmcp.so.6.0.0
7fe4add3b000-7fe4add3c000 rw-p 00005000 08:05 271938                     /usr/lib/x86_64-linux-gnu/libXdmcp.so.6.0.0
7fe4add3c000-7fe4add3e000 r-xp 00000000 08:05 271927                     /usr/lib/x86_64-linux-gnu/libXau.so.6.0.0
7fe4add3e000-7fe4adf3e000 ---p 00002000 08:05 271927                     /usr/lib/x86_64-linux-gnu/libXau.so.6.0.0
7fe4adf3e000-7fe4adf3f000 r--p 00002000 08:05 271927                     /usr/lib/x86_64-linux-gnu/libXau.so.6.0.0
7fe4adf3f000-7fe4adf40000 rw-p 00003000 08:05 271927                     /usr/lib/x86_64-linux-gnu/libXau.so.6.0.0
7fe4adf40000-7fe4adf66000 r-xp 00000000 08:05 273131                     /usr/lib/x86_64-linux-gnu/libxcb.so.1.1.0
7fe4adf66000-7fe4ae166000 ---p 00026000 08:05 273131                     /usr/lib/x86_64-linux-gnu/libxcb.so.1.1.0
7fe4ae166000-7fe4ae167000 r--p 00026000 08:05 273131                     /usr/lib/x86_64-linux-gnu/libxcb.so.1.1.0
7fe4ae167000-7fe4ae168000 rw-p 00027000 08:05 273131                     /usr/lib/x86_64-linux-gnu/libxcb.so.1.1.0
7fe4ae168000-7fe4ae177000 r-xp 00000000 08:05 271948                     /usr/lib/x86_64-linux-gnu/libXi.so.6.1.0
7fe4ae177000-7fe4ae376000 ---p 0000f000 08:05 271948                     /usr/lib/x86_64-linux-gnu/libXi.so.6.1.0
7fe4ae376000-7fe4ae377000 r--p 0000e000 08:05 271948                     /usr/lib/x86_64-linux-gnu/libXi.so.6.1.0
7fe4ae377000-7fe4ae378000 rw-p 0000f000 08:05 271948                     /usr/lib/x86_64-linux-gnu/libXi.so.6.1.0
7fe4ae378000-7fe4ae37d000 r-xp 00000000 08:05 271966                     /usr/lib/x86_64-linux-gnu/libXtst.so.6.1.0
7fe4ae37d000-7fe4ae57c000 ---p 00005000 08:05 271966                     /usr/lib/x86_64-linux-gnu/libXtst.so.6.1.0
7fe4ae57c000-7fe4ae57d000 r--p 00004000 08:05 271966                     /usr/lib/x86_64-linux-gnu/libXtst.so.6.1.0
7fe4ae57d000-7fe4ae57e000 rw-p 00005000 08:05 271966                     /usr/lib/x86_64-linux-gnu/libXtst.so.6.1.0
7fe4ae57e000-7fe4ae587000 r-xp 00000000 08:05 271960                     /usr/lib/x86_64-linux-gnu/libXrender.so.1.3.0
7fe4ae587000-7fe4ae786000 ---p 00009000 08:05 271960                     /usr/lib/x86_64-linux-gnu/libXrender.so.1.3.0
7fe4ae786000-7fe4ae787000 r--p 00008000 08:05 271960                     /usr/lib/x86_64-linux-gnu/libXrender.so.1.3.0
7fe4ae787000-7fe4ae788000 rw-p 00009000 08:05 271960                     /usr/lib/x86_64-linux-gnu/libXrender.so.1.3.0
7fe4ae788000-7fe4ae8bb000 r-xp 00000000 08:05 263759                     /usr/lib/x86_64-linux-gnu/libX11.so.6.3.0
7fe4ae8bb000-7fe4aeabb000 ---p 00133000 08:05 263759                     /usr/lib/x86_64-linux-gnu/libX11.so.6.3.0
7fe4aeabb000-7fe4aeabc000 r--p 00133000 08:05 263759                     /usr/lib/x86_64-linux-gnu/libX11.so.6.3.0
7fe4aeabc000-7fe4aeac0000 rw-p 00134000 08:05 263759                     /usr/lib/x86_64-linux-gnu/libX11.so.6.3.0
7fe4aeac0000-7fe4aead1000 r-xp 00000000 08:05 271940                     /usr/lib/x86_64-linux-gnu/libXext.so.6.4.0
7fe4aead1000-7fe4aecd0000 ---p 00011000 08:05 271940                     /usr/lib/x86_64-linux-gnu/libXext.so.6.4.0
7fe4aecd0000-7fe4aecd1000 r--p 00010000 08:05 271940                     /usr/lib/x86_64-linux-gnu/libXext.so.6.4.0
7fe4aecd1000-7fe4aecd2000 rw-p 00011000 08:05 271940                     /usr/lib/x86_64-linux-gnu/libXext.so.6.4.0
7fe4aecd2000-7fe4aed31000 r-xp 00000000 08:05 1044703                    /usr/lib/jvm/java-11-openjdk-amd64/lib/libawt_xawt.so
7fe4aed31000-7fe4aef30000 ---p 0005f000 08:05 1044703                    /usr/lib/jvm/java-11-openjdk-amd64/lib/libawt_xawt.so
7fe4aef30000-7fe4aef31000 r--p 0005e000 08:05 1044703                    /usr/lib/jvm/java-11-openjdk-amd64/lib/libawt_xawt.so
7fe4aef31000-7fe4aef34000 rw-p 0005f000 08:05 1044703                    /usr/lib/jvm/java-11-openjdk-amd64/lib/libawt_xawt.so
7fe4aef34000-7fe4aef36000 rw-p 00000000 00:00 0 
7fe4aef36000-7fe4aefd6000 r-xp 00000000 08:05 1044701                    /usr/lib/jvm/java-11-openjdk-amd64/lib/libawt.so
7fe4aefd6000-7fe4af1d6000 ---p 000a0000 08:05 1044701                    /usr/lib/jvm/java-11-openjdk-amd64/lib/libawt.so
7fe4af1d6000-7fe4af1d7000 r--p 000a0000 08:05 1044701                    /usr/lib/jvm/java-11-openjdk-amd64/lib/libawt.so
7fe4af1d7000-7fe4af1e2000 rw-p 000a1000 08:05 1044701                    /usr/lib/jvm/java-11-openjdk-amd64/lib/libawt.so
7fe4af1e2000-7fe4af207000 rw-p 00000000 00:00 0 
7fe4af207000-7fe4af21e000 r-xp 00000000 08:05 1044726                    /usr/lib/jvm/java-11-openjdk-amd64/lib/libnet.so
7fe4af21e000-7fe4af41d000 ---p 00017000 08:05 1044726                    /usr/lib/jvm/java-11-openjdk-amd64/lib/libnet.so
7fe4af41d000-7fe4af41e000 r--p 00016000 08:05 1044726                    /usr/lib/jvm/java-11-openjdk-amd64/lib/libnet.so
7fe4af41e000-7fe4af41f000 rw-p 00017000 08:05 1044726                    /usr/lib/jvm/java-11-openjdk-amd64/lib/libnet.so
7fe4af41f000-7fe4af430000 r-xp 00000000 08:05 1044727                    /usr/lib/jvm/java-11-openjdk-amd64/lib/libnio.so
7fe4af430000-7fe4af62f000 ---p 00011000 08:05 1044727                    /usr/lib/jvm/java-11-openjdk-amd64/lib/libnio.so
7fe4af62f000-7fe4af630000 r--p 00010000 08:05 1044727                    /usr/lib/jvm/java-11-openjdk-amd64/lib/libnio.so
7fe4af630000-7fe4af631000 rw-p 00011000 08:05 1044727                    /usr/lib/jvm/java-11-openjdk-amd64/lib/libnio.so
7fe4af631000-7fe4b0000000 r--p 00000000 08:05 267985                     /usr/lib/locale/locale-archive
7fe4b0000000-7fe4b00a7000 rw-p 00000000 00:00 0 
7fe4b00a7000-7fe4b4000000 ---p 00000000 00:00 0 
7fe4b4000000-7fe4b4021000 rw-p 00000000 00:00 0 
7fe4b4021000-7fe4b8000000 ---p 00000000 00:00 0 
7fe4b8000000-7fe4b8021000 rw-p 00000000 00:00 0 
7fe4b8021000-7fe4bc000000 ---p 00000000 00:00 0 
7fe4bc000000-7fe4bc021000 rw-p 00000000 00:00 0 
7fe4bc021000-7fe4c0000000 ---p 00000000 00:00 0 
7fe4c0000000-7fe4c0021000 rw-p 00000000 00:00 0 
7fe4c0021000-7fe4c4000000 ---p 00000000 00:00 0 
7fe4c4000000-7fe4c4021000 rw-p 00000000 00:00 0 
7fe4c4021000-7fe4c8000000 ---p 00000000 00:00 0 
7fe4c8000000-7fe4c8021000 rw-p 00000000 00:00 0 
7fe4c8021000-7fe4cc000000 ---p 00000000 00:00 0 
7fe4cc000000-7fe4cc021000 rw-p 00000000 00:00 0 
7fe4cc021000-7fe4d0000000 ---p 00000000 00:00 0 
7fe4d0000000-7fe4d0021000 rw-p 00000000 00:00 0 
7fe4d0021000-7fe4d4000000 ---p 00000000 00:00 0 
7fe4d4000000-7fe4d4021000 rw-p 00000000 00:00 0 
7fe4d4021000-7fe4d8000000 ---p 00000000 00:00 0 
7fe4d8005000-7fe4d8009000 r--s 00000000 08:05 1206704                    /var/cache/fontconfig/6aa41aa22e18b8fa06a12da28ea9c28b-le64.cache-7
7fe4d8009000-7fe4d800e000 r--s 00000000 08:05 1192422                    /var/cache/fontconfig/2300eef321c393bfd76478a5c0e95b23-le64.cache-7
7fe4d800e000-7fe4d800f000 r--s 00000000 08:05 1192415                    /var/cache/fontconfig/0d8c3b2ac0904cb8a57a757ad11a4a08-le64.cache-7
7fe4d800f000-7fe4d8024000 r--s 00000000 08:05 1192411                    /var/cache/fontconfig/04aabc0a78ac019cf9454389977116d2-le64.cache-7
7fe4d8024000-7fe4d8025000 r--s 00000000 08:05 1192419                    /var/cache/fontconfig/1ac9eb803944fde146138c791f5cc56a-le64.cache-7
7fe4d8025000-7fe4d8026000 r--s 00000000 08:05 1192470                    /var/cache/fontconfig/dc05db6664285cc2f12bf69c139ae4c3-le64.cache-7
7fe4d8026000-7fe4d8028000 r--s 00000000 08:05 1192416                    /var/cache/fontconfig/14a5e22175779b556eaa434240950366-le64.cache-7
7fe4d8028000-7fe4d8029000 r--s 00000000 08:05 1192443                    /var/cache/fontconfig/660208299946a285a940457d1287da33-le64.cache-7
7fe4d8029000-7fe4d802a000 r--s 00000000 08:05 1206489                    /var/cache/fontconfig/5d1cca7074f29429a8d18692746c2426-le64.cache-7
7fe4d802a000-7fe4d802c000 r--s 00000000 08:05 1192434                    /var/cache/fontconfig/4f3e3037c9980c83b53a9351efadef62-le64.cache-7
7fe4d802c000-7fe4d802e000 r--s 00000000 08:05 1192448                    /var/cache/fontconfig/767a8244fc0220cfb567a839d0392e0b-le64.cache-7
7fe4d802e000-7fe4d802f000 r--s 00000000 08:05 1176178                    /var/cache/fontconfig/4794a0821666d79190d59a36cb4f44b5-le64.cache-7
7fe4d802f000-7fe4d8031000 r--s 00000000 08:05 1176008                    /var/cache/fontconfig/0bd3dc0958fa2205aaaa8ebb13e2872b-le64.cache-7
7fe4d8031000-7fe4d8036000 r--s 00000000 08:05 1192471                    /var/cache/fontconfig/def309198bfa603429122923fa2bb2d4-le64.cache-7
7fe4d8036000-7fe4d8037000 r--s 00000000 08:05 1192459                    /var/cache/fontconfig/b872e6e592da6075ffa4ab0a1fcc0c75-le64.cache-7
7fe4d8037000-7fe4d8038000 r--s 00000000 08:05 1192476                    /var/cache/fontconfig/f6d4eedfaab2589bde49f7a3ff831d22-le64.cache-7
7fe4d8038000-7fe4d8039000 r--s 00000000 08:05 1192441                    /var/cache/fontconfig/589f83ef4c36d296ce6e1c846f468f08-le64.cache-7
7fe4d8039000-7fe4d803a000 r--s 00000000 08:05 1192461                    /var/cache/fontconfig/bab58bb527bb656aaa9f116d68a48d89-le64.cache-7
7fe4d803a000-7fe4d803b000 r--s 00000000 08:05 1192420                    /var/cache/fontconfig/2171a34dccabdb6bcbbc728186263178-le64.cache-7
7fe4d803b000-7fe4d803c000 r--s 00000000 08:05 1192462                    /var/cache/fontconfig/c5c45a61289222e0d30b1a26ef4effbe-le64.cache-7
7fe4d803c000-7fe4d803d000 r--s 00000000 08:05 1192457                    /var/cache/fontconfig/aec30016f93e1b46d1a973dce0d74068-le64.cache-7
7fe4d803d000-7fe4d803e000 r--s 00000000 08:05 1192427                    /var/cache/fontconfig/3f589640d34b7dc9042c8d453f7c8b9c-le64.cache-7
7fe4d803e000-7fe4d8043000 r--s 00000000 08:05 1188065                    /var/cache/fontconfig/9d2451b1fd30e5bffe8383fd27c35478-le64.cache-7
7fe4d8043000-7fe4d8049000 r--s 00000000 08:05 1188064                    /var/cache/fontconfig/3047814df9a2f067bd2d96a2b9c36e5a-le64.cache-7
7fe4d8049000-7fe4d8051000 r--s 00000000 08:05 1206702                    /var/cache/fontconfig/bf3b770c553c462765856025a94f1ce6-le64.cache-7
7fe4d8051000-7fe4d8057000 r--s 00000000 08:05 1192458                    /var/cache/fontconfig/b47c4e1ecd0709278f4910c18777a504-le64.cache-7
7fe4d8057000-7fe4d805b000 ---p 00000000 00:00 0 
7fe4d805b000-7fe4da348000 rw-p 00000000 00:00 0 
7fe4da348000-7fe4dc000000 ---p 00000000 00:00 0 
7fe4dc000000-7fe4dc021000 rw-p 00000000 00:00 0 
7fe4dc021000-7fe4e0000000 ---p 00000000 00:00 0 
7fe4e0000000-7fe4e0021000 rw-p 00000000 00:00 0 
7fe4e0021000-7fe4e4000000 ---p 00000000 00:00 0 
7fe4e4000000-7fe4e4021000 rw-p 00000000 00:00 0 
7fe4e4021000-7fe4e8000000 ---p 00000000 00:00 0 
7fe4e8000000-7fe4e8001000 r--s 00000000 08:05 1192417                    /var/cache/fontconfig/16c2fda60d1b4b719f4b3d06fd951d25-le64.cache-7
7fe4e8001000-7fe4e8002000 r--s 00000000 08:05 1192456                    /var/cache/fontconfig/a48eab177a16e4f3713381162db2f3e9-le64.cache-7
7fe4e8002000-7fe4e8003000 r--s 00000000 08:05 1192437                    /var/cache/fontconfig/564b2e68ac9bc4e36a6f7f6d6125ec1c-le64.cache-7
7fe4e8003000-7fe4e8004000 r--s 00000000 08:05 1192438                    /var/cache/fontconfig/56cf4f4769d0f4abc89a4895d7bd3ae1-le64.cache-7
7fe4e8004000-7fe4e8005000 r--s 00000000 08:05 1192460                    /var/cache/fontconfig/b9d506c9ac06c20b433354fa67a72993-le64.cache-7
7fe4e8005000-7fe4e8018000 r--s 00000000 08:05 1192467                    /var/cache/fontconfig/d52a8644073d54c13679302ca1180695-le64.cache-7
7fe4e8018000-7fe4e8019000 r--s 00000000 08:05 1192425                    /var/cache/fontconfig/370e5b74bf5dafc30834de68e24a87a4-le64.cache-7
7fe4e8019000-7fe4e801a000 r--s 00000000 08:05 1192446                    /var/cache/fontconfig/6b2c5944714ca7831b25bed9e85cb5c8-le64.cache-7
7fe4e801a000-7fe4e801b000 r--s 00000000 08:05 1192466                    /var/cache/fontconfig/d5178ab6d91b49bf20a416737dcea9e8-le64.cache-7
7fe4e801b000-7fe4e801e000 r--s 00000000 08:05 1192475                    /var/cache/fontconfig/f259c2cffa685e28062317905db73c4a-le64.cache-7
7fe4e801e000-7fe4e8020000 r--s 00000000 08:05 1192435                    /var/cache/fontconfig/550f3886151c940c12a5ed35f6a00586-le64.cache-7
7fe4e8020000-7fe4e8023000 r--s 00000000 08:05 1192444                    /var/cache/fontconfig/674d1711f2d1d2a09646eb0bdcadee49-le64.cache-7
7fe4e8023000-7fe4e802f000 r--s 00000000 08:05 1199994                    /var/cache/fontconfig/d589a48862398ed80a3d6066f4f56f4c-le64.cache-7
7fe4e802f000-7fe4e803d000 r--s 00000000 08:05 1192453                    /var/cache/fontconfig/9b89f8e3dae116d678bbf48e5f21f69b-le64.cache-7
7fe4e803d000-7fe4e8055000 r--s 00000000 08:05 1192469                    /var/cache/fontconfig/e13b20fdb08344e0e664864cc2ede53d-le64.cache-7
7fe4e8055000-7fe4e8062000 r--s 00000000 08:05 1206697                    /var/cache/fontconfig/8f02d4cb045bd6ce15663e43f347c9f8-le64.cache-7
7fe4e8062000-7fe4e8092000 r--p 00000000 08:05 526415                     /usr/share/glib-2.0/schemas/gschemas.compiled
7fe4e8092000-7fe4e8096000 ---p 00000000 00:00 0 
7fe4e8096000-7fe4e8193000 rw-p 00000000 00:00 0 
7fe4e8193000-7fe4e8194000 ---p 00000000 00:00 0 
7fe4e8194000-7fe4e8295000 rw-p 00000000 00:00 0 
7fe4e8295000-7fe4e8299000 ---p 00000000 00:00 0 
7fe4e8299000-7fe4e8396000 rw-p 00000000 00:00 0 
7fe4e8396000-7fe4e839a000 ---p 00000000 00:00 0 
7fe4e839a000-7fe4e8497000 rw-p 00000000 00:00 0 
7fe4e8497000-7fe4e849b000 ---p 00000000 00:00 0 
7fe4e849b000-7fe4e8598000 rw-p 00000000 00:00 0 
7fe4e8598000-7fe4e859c000 ---p 00000000 00:00 0 
7fe4e859c000-7fe4e8699000 rw-p 00000000 00:00 0 
7fe4e8699000-7fe4e869d000 ---p 00000000 00:00 0 
7fe4e869d000-7fe4e879a000 rw-p 00000000 00:00 0 
7fe4e879a000-7fe4e879e000 ---p 00000000 00:00 0 
7fe4e879e000-7fe4e889b000 rw-p 00000000 00:00 0 
7fe4e889b000-7fe4e889f000 ---p 00000000 00:00 0 
7fe4e889f000-7fe4e899c000 rw-p 00000000 00:00 0 
7fe4e899c000-7fe4e89a0000 ---p 00000000 00:00 0 
7fe4e89a0000-7fe4e8a9d000 rw-p 00000000 00:00 0 
7fe4e8a9d000-7fe4e8a9e000 ---p 00000000 00:00 0 
7fe4e8a9e000-7fe4e9470000 rw-p 00000000 00:00 0 
7fe4e9470000-7fe4e9471000 ---p 00000000 00:00 0 
7fe4e9471000-7fe4e9572000 rw-p 00000000 00:00 0 
7fe4e9572000-7fe4e9573000 ---p 00000000 00:00 0 
7fe4e9573000-7fe4e9674000 rw-p 00000000 00:00 0 
7fe4e9674000-7fe4e9675000 ---p 00000000 00:00 0 
7fe4e9675000-7fe4e9776000 rw-p 00000000 00:00 0 
7fe4e9776000-7fe4e9777000 ---p 00000000 00:00 0 
7fe4e9777000-7fe4e9878000 rw-p 00000000 00:00 0 
7fe4e9878000-7fe4e9879000 ---p 00000000 00:00 0 
7fe4e9879000-7fe4e9e6d000 rw-p 00000000 00:00 0 
7fe4e9e6d000-7fe4ebb25000 ---p 00000000 00:00 0 
7fe4ebb25000-7fe4ebd95000 rwxp 00000000 00:00 0 
7fe4ebd95000-7fe4ec0b5000 ---p 00000000 00:00 0 
7fe4ec0b5000-7fe4ecc05000 rwxp 00000000 00:00 0 
7fe4ecc05000-7fe4f35ed000 ---p 00000000 00:00 0 
7fe4f35ed000-7fe4f388d000 rwxp 00000000 00:00 0 
7fe4f388d000-7fe4fab25000 ---p 00000000 00:00 0 
7fe4fab25000-7fe504000000 r--s 00000000 08:05 1062053                    /usr/lib/jvm/java-11-openjdk-amd64/lib/modules
7fe504000000-7fe504554000 rw-p 00000000 00:00 0 
7fe504554000-7fe508000000 ---p 00000000 00:00 0 
7fe508000000-7fe508001000 r--s 00000000 08:05 1192436                    /var/cache/fontconfig/551ecf3b0e8b0bca0f25c0944f561853-le64.cache-7
7fe508001000-7fe508002000 r--s 00000000 08:05 1192428                    /var/cache/fontconfig/3f7329c5293ffd510edef78f73874cfd-le64.cache-7
7fe508002000-7fe508003000 r--s 00000000 08:05 1206478                    /var/cache/fontconfig/e7de81b01590fb7e12b38e274e17d0db-le64.cache-7
7fe508003000-7fe508004000 r--s 00000000 08:05 1192414                    /var/cache/fontconfig/0c9eb80ebd1c36541ebe2852d3bb0c49-le64.cache-7
7fe508004000-7fe508005000 r--s 00000000 08:05 1192421                    /var/cache/fontconfig/22368d551a680bfe5a62c02760edf4ea-le64.cache-7
7fe508005000-7fe508006000 r--s 00000000 08:05 1192433                    /var/cache/fontconfig/4d9c95eba1cb85bbcf2878543262124a-le64.cache-7
7fe508006000-7fe508007000 r--s 00000000 08:05 1192450                    /var/cache/fontconfig/85e0a52ce643a7ba2ae53e5d6949cead-le64.cache-7
7fe508007000-7fe508028000 r--s 00000000 08:05 1206694                    /var/cache/fontconfig/467c019e582ee353435ea5c21d137ef6-le64.cache-7
7fe508028000-7fe508182000 rw-p 00000000 00:00 0 
7fe508182000-7fe508183000 ---p 00000000 00:00 0 
7fe508183000-7fe508284000 rw-p 00000000 00:00 0 
7fe508284000-7fe508285000 ---p 00000000 00:00 0 
7fe508285000-7fe5083c4000 rw-p 00000000 00:00 0 
7fe5083c4000-7fe50875b000 ---p 00000000 00:00 0 
7fe50875b000-7fe508799000 rw-p 00000000 00:00 0 
7fe508799000-7fe508b30000 ---p 00000000 00:00 0 
7fe508b30000-7fe508b6e000 rw-p 00000000 00:00 0 
7fe508b6e000-7fe508f05000 ---p 00000000 00:00 0 
7fe508f05000-7fe509309000 rw-p 00000000 00:00 0 
7fe509309000-7fe50930a000 ---p 00000000 00:00 0 
7fe50930a000-7fe50940b000 rw-p 00000000 00:00 0 
7fe50940b000-7fe50940c000 ---p 00000000 00:00 0 
7fe50940c000-7fe50950d000 rw-p 00000000 00:00 0 
7fe50950d000-7fe50950e000 ---p 00000000 00:00 0 
7fe50950e000-7fe50960f000 rw-p 00000000 00:00 0 
7fe50960f000-7fe509610000 ---p 00000000 00:00 0 
7fe509610000-7fe509717000 rw-p 00000000 00:00 0 
7fe509717000-7fe5097fc000 ---p 00000000 00:00 0 
7fe5097fc000-7fe509813000 rw-p 00000000 00:00 0 
7fe509813000-7fe5098e7000 ---p 00000000 00:00 0 
7fe5098e7000-7fe5098ec000 r-xp 00000000 08:05 1044718                    /usr/lib/jvm/java-11-openjdk-amd64/lib/libjimage.so
7fe5098ec000-7fe509aeb000 ---p 00005000 08:05 1044718                    /usr/lib/jvm/java-11-openjdk-amd64/lib/libjimage.so
7fe509aeb000-7fe509aec000 r--p 00004000 08:05 1044718                    /usr/lib/jvm/java-11-openjdk-amd64/lib/libjimage.so
7fe509aec000-7fe509aed000 rw-p 00005000 08:05 1044718                    /usr/lib/jvm/java-11-openjdk-amd64/lib/libjimage.so
7fe509aed000-7fe509af4000 r-xp 00000000 08:05 1062049                    /usr/lib/jvm/java-11-openjdk-amd64/lib/libzip.so
7fe509af4000-7fe509cf3000 ---p 00007000 08:05 1062049                    /usr/lib/jvm/java-11-openjdk-amd64/lib/libzip.so
7fe509cf3000-7fe509cf4000 r--p 00006000 08:05 1062049                    /usr/lib/jvm/java-11-openjdk-amd64/lib/libzip.so
7fe509cf4000-7fe509cf5000 rw-p 00007000 08:05 1062049                    /usr/lib/jvm/java-11-openjdk-amd64/lib/libzip.so
7fe509cf5000-7fe509d00000 r-xp 00000000 08:05 919743                     /lib/x86_64-linux-gnu/libnss_files-2.27.so
7fe509d00000-7fe509eff000 ---p 0000b000 08:05 919743                     /lib/x86_64-linux-gnu/libnss_files-2.27.so
7fe509eff000-7fe509f00000 r--p 0000a000 08:05 919743                     /lib/x86_64-linux-gnu/libnss_files-2.27.so
7fe509f00000-7fe509f01000 rw-p 0000b000 08:05 919743                     /lib/x86_64-linux-gnu/libnss_files-2.27.so
7fe509f01000-7fe509f07000 rw-p 00000000 00:00 0 
7fe509f07000-7fe509f1e000 r-xp 00000000 08:05 919737                     /lib/x86_64-linux-gnu/libnsl-2.27.so
7fe509f1e000-7fe50a11d000 ---p 00017000 08:05 919737                     /lib/x86_64-linux-gnu/libnsl-2.27.so
7fe50a11d000-7fe50a11e000 r--p 00016000 08:05 919737                     /lib/x86_64-linux-gnu/libnsl-2.27.so
7fe50a11e000-7fe50a11f000 rw-p 00017000 08:05 919737                     /lib/x86_64-linux-gnu/libnsl-2.27.so
7fe50a11f000-7fe50a121000 rw-p 00000000 00:00 0 
7fe50a121000-7fe50a12c000 r-xp 00000000 08:05 919754                     /lib/x86_64-linux-gnu/libnss_nis-2.27.so
7fe50a12c000-7fe50a32b000 ---p 0000b000 08:05 919754                     /lib/x86_64-linux-gnu/libnss_nis-2.27.so
7fe50a32b000-7fe50a32c000 r--p 0000a000 08:05 919754                     /lib/x86_64-linux-gnu/libnss_nis-2.27.so
7fe50a32c000-7fe50a32d000 rw-p 0000b000 08:05 919754                     /lib/x86_64-linux-gnu/libnss_nis-2.27.so
7fe50a32d000-7fe50a335000 r-xp 00000000 08:05 919739                     /lib/x86_64-linux-gnu/libnss_compat-2.27.so
7fe50a335000-7fe50a535000 ---p 00008000 08:05 919739                     /lib/x86_64-linux-gnu/libnss_compat-2.27.so
7fe50a535000-7fe50a536000 r--p 00008000 08:05 919739                     /lib/x86_64-linux-gnu/libnss_compat-2.27.so
7fe50a536000-7fe50a537000 rw-p 00009000 08:05 919739                     /lib/x86_64-linux-gnu/libnss_compat-2.27.so
7fe50a537000-7fe50a563000 r-xp 00000000 08:05 1044714                    /usr/lib/jvm/java-11-openjdk-amd64/lib/libjava.so
7fe50a563000-7fe50a762000 ---p 0002c000 08:05 1044714                    /usr/lib/jvm/java-11-openjdk-amd64/lib/libjava.so
7fe50a762000-7fe50a763000 r--p 0002b000 08:05 1044714                    /usr/lib/jvm/java-11-openjdk-amd64/lib/libjava.so
7fe50a763000-7fe50a765000 rw-p 0002c000 08:05 1044714                    /usr/lib/jvm/java-11-openjdk-amd64/lib/libjava.so
7fe50a765000-7fe50a772000 r-xp 00000000 08:05 1062045                    /usr/lib/jvm/java-11-openjdk-amd64/lib/libverify.so
7fe50a772000-7fe50a971000 ---p 0000d000 08:05 1062045                    /usr/lib/jvm/java-11-openjdk-amd64/lib/libverify.so
7fe50a971000-7fe50a973000 r--p 0000c000 08:05 1062045                    /usr/lib/jvm/java-11-openjdk-amd64/lib/libverify.so
7fe50a973000-7fe50a974000 rw-p 0000e000 08:05 1062045                    /usr/lib/jvm/java-11-openjdk-amd64/lib/libverify.so
7fe50a974000-7fe50a97b000 r-xp 00000000 08:05 919794                     /lib/x86_64-linux-gnu/librt-2.27.so
7fe50a97b000-7fe50ab7a000 ---p 00007000 08:05 919794                     /lib/x86_64-linux-gnu/librt-2.27.so
7fe50ab7a000-7fe50ab7b000 r--p 00006000 08:05 919794                     /lib/x86_64-linux-gnu/librt-2.27.so
7fe50ab7b000-7fe50ab7c000 rw-p 00007000 08:05 919794                     /lib/x86_64-linux-gnu/librt-2.27.so
7fe50ab7c000-7fe50ab93000 r-xp 00000000 08:05 913937                     /lib/x86_64-linux-gnu/libgcc_s.so.1
7fe50ab93000-7fe50ad92000 ---p 00017000 08:05 913937                     /lib/x86_64-linux-gnu/libgcc_s.so.1
7fe50ad92000-7fe50ad93000 r--p 00016000 08:05 913937                     /lib/x86_64-linux-gnu/libgcc_s.so.1
7fe50ad93000-7fe50ad94000 rw-p 00017000 08:05 913937                     /lib/x86_64-linux-gnu/libgcc_s.so.1
7fe50ad94000-7fe50af31000 r-xp 00000000 08:05 919716                     /lib/x86_64-linux-gnu/libm-2.27.so
7fe50af31000-7fe50b130000 ---p 0019d000 08:05 919716                     /lib/x86_64-linux-gnu/libm-2.27.so
7fe50b130000-7fe50b131000 r--p 0019c000 08:05 919716                     /lib/x86_64-linux-gnu/libm-2.27.so
7fe50b131000-7fe50b132000 rw-p 0019d000 08:05 919716                     /lib/x86_64-linux-gnu/libm-2.27.so
7fe50b132000-7fe50b2ab000 r-xp 00000000 08:05 261187                     /usr/lib/x86_64-linux-gnu/libstdc++.so.6.0.25
7fe50b2ab000-7fe50b4ab000 ---p 00179000 08:05 261187                     /usr/lib/x86_64-linux-gnu/libstdc++.so.6.0.25
7fe50b4ab000-7fe50b4b5000 r--p 00179000 08:05 261187                     /usr/lib/x86_64-linux-gnu/libstdc++.so.6.0.25
7fe50b4b5000-7fe50b4b7000 rw-p 00183000 08:05 261187                     /usr/lib/x86_64-linux-gnu/libstdc++.so.6.0.25
7fe50b4b7000-7fe50b4bb000 rw-p 00000000 00:00 0 
7fe50b4bb000-7fe50c458000 r-xp 00000000 08:05 1062065                    /usr/lib/jvm/java-11-openjdk-amd64/lib/server/libjvm.so
7fe50c458000-7fe50c658000 ---p 00f9d000 08:05 1062065                    /usr/lib/jvm/java-11-openjdk-amd64/lib/server/libjvm.so
7fe50c658000-7fe50c71c000 r--p 00f9d000 08:05 1062065                    /usr/lib/jvm/java-11-openjdk-amd64/lib/server/libjvm.so
7fe50c71c000-7fe50c754000 rw-p 01061000 08:05 1062065                    /usr/lib/jvm/java-11-openjdk-amd64/lib/server/libjvm.so
7fe50c754000-7fe50c79d000 rw-p 00000000 00:00 0 
7fe50c79d000-7fe50c7b7000 r-xp 00000000 08:05 919786                     /lib/x86_64-linux-gnu/libpthread-2.27.so
7fe50c7b7000-7fe50c9b6000 ---p 0001a000 08:05 919786                     /lib/x86_64-linux-gnu/libpthread-2.27.so
7fe50c9b6000-7fe50c9b7000 r--p 00019000 08:05 919786                     /lib/x86_64-linux-gnu/libpthread-2.27.so
7fe50c9b7000-7fe50c9b8000 rw-p 0001a000 08:05 919786                     /lib/x86_64-linux-gnu/libpthread-2.27.so
7fe50c9b8000-7fe50c9bc000 rw-p 00000000 00:00 0 
7fe50c9bc000-7fe50c9bf000 r-xp 00000000 08:05 919676                     /lib/x86_64-linux-gnu/libdl-2.27.so
7fe50c9bf000-7fe50cbbe000 ---p 00003000 08:05 919676                     /lib/x86_64-linux-gnu/libdl-2.27.so
7fe50cbbe000-7fe50cbbf000 r--p 00002000 08:05 919676                     /lib/x86_64-linux-gnu/libdl-2.27.so
7fe50cbbf000-7fe50cbc0000 rw-p 00003000 08:05 919676                     /lib/x86_64-linux-gnu/libdl-2.27.so
7fe50cbc0000-7fe50cbdc000 r-xp 00000000 08:05 919825                     /lib/x86_64-linux-gnu/libz.so.1.2.11
7fe50cbdc000-7fe50cddb000 ---p 0001c000 08:05 919825                     /lib/x86_64-linux-gnu/libz.so.1.2.11
7fe50cddb000-7fe50cddc000 r--p 0001b000 08:05 919825                     /lib/x86_64-linux-gnu/libz.so.1.2.11
7fe50cddc000-7fe50cddd000 rw-p 0001c000 08:05 919825                     /lib/x86_64-linux-gnu/libz.so.1.2.11
7fe50cddd000-7fe50cfc4000 r-xp 00000000 08:05 919653                     /lib/x86_64-linux-gnu/libc-2.27.so
7fe50cfc4000-7fe50d1c4000 ---p 001e7000 08:05 919653                     /lib/x86_64-linux-gnu/libc-2.27.so
7fe50d1c4000-7fe50d1c8000 r--p 001e7000 08:05 919653                     /lib/x86_64-linux-gnu/libc-2.27.so
7fe50d1c8000-7fe50d1ca000 rw-p 001eb000 08:05 919653                     /lib/x86_64-linux-gnu/libc-2.27.so
7fe50d1ca000-7fe50d1ce000 rw-p 00000000 00:00 0 
7fe50d1ce000-7fe50d1dd000 r-xp 00000000 08:05 1044697                    /usr/lib/jvm/java-11-openjdk-amd64/lib/jli/libjli.so
7fe50d1dd000-7fe50d3dc000 ---p 0000f000 08:05 1044697                    /usr/lib/jvm/java-11-openjdk-amd64/lib/jli/libjli.so
7fe50d3dc000-7fe50d3dd000 r--p 0000e000 08:05 1044697                    /usr/lib/jvm/java-11-openjdk-amd64/lib/jli/libjli.so
7fe50d3dd000-7fe50d3de000 rw-p 0000f000 08:05 1044697                    /usr/lib/jvm/java-11-openjdk-amd64/lib/jli/libjli.so
7fe50d3de000-7fe50d405000 r-xp 00000000 08:05 919625                     /lib/x86_64-linux-gnu/ld-2.27.so
7fe50d405000-7fe50d406000 r--s 00000000 08:05 1192430                    /var/cache/fontconfig/49f0de54bdd920fe4f0dfd4cbac43e6b-le64.cache-7
7fe50d406000-7fe50d407000 r--s 00000000 08:05 1192477                    /var/cache/fontconfig/f6e6e0a5c3d2f6ae0c0c2e0ecd42a997-le64.cache-7
7fe50d407000-7fe50d408000 r--s 00000000 08:05 1192431                    /var/cache/fontconfig/4b2eda6bb976bda485cb2176619421d5-le64.cache-7
7fe50d408000-7fe50d40a000 r--s 00000000 08:05 1192445                    /var/cache/fontconfig/6afa1bb216ce958c1589e297e8008489-le64.cache-7
7fe50d40a000-7fe50d40d000 r--s 00000000 08:05 1206699                    /var/cache/fontconfig/16326683038b281783a0ef8c680e3a10-le64.cache-7
7fe50d425000-7fe50d42a000 r--p 00000000 08:07 2894353                    /home/christoph/.config/dconf/user (deleted)
7fe50d42a000-7fe50d4e7000 rw-p 00000000 00:00 0 
7fe50d4e7000-7fe50d4eb000 ---p 00000000 00:00 0 
7fe50d4eb000-7fe50d5ea000 rw-p 00000000 00:00 0 
7fe50d5ea000-7fe50d5eb000 r--s 00000000 08:05 1206695                    /var/cache/fontconfig/e0aa53bcfa504e64f87823c16bc01eb6-le64.cache-7
7fe50d5eb000-7fe50d5ec000 r--s 00000000 00:33 36                         /run/user/1000/dconf/user (deleted)
7fe50d5ec000-7fe50d5f2000 rw-p 00000000 00:00 0 
7fe50d5f2000-7fe50d5f9000 ---p 00000000 00:00 0 
7fe50d5f9000-7fe50d601000 rw-s 00000000 08:05 130610                     /tmp/hsperfdata_christoph/9778
7fe50d601000-7fe50d602000 ---p 00000000 00:00 0 
7fe50d602000-7fe50d603000 r--p 00000000 00:00 0 
7fe50d603000-7fe50d605000 rw-p 00000000 00:00 0 
7fe50d605000-7fe50d606000 r--p 00027000 08:05 919625                     /lib/x86_64-linux-gnu/ld-2.27.so
7fe50d606000-7fe50d607000 rw-p 00028000 08:05 919625                     /lib/x86_64-linux-gnu/ld-2.27.so
7fe50d607000-7fe50d608000 rw-p 00000000 00:00 0 
7fff09979000-7fff0999a000 rw-p 00000000 00:00 0                          [stack]
7fff099b2000-7fff099b5000 r--p 00000000 00:00 0                          [vvar]
7fff099b5000-7fff099b7000 r-xp 00000000 00:00 0                          [vdso]
ffffffffff600000-ffffffffff601000 r-xp 00000000 00:00 0                  [vsyscall]


VM Arguments:
jvm_args: -Dfile.encoding=UTF-8 
java_command: Controllers.TRECController
java_class_path (initial): /home/christoph/Uni/OAD/OAD-2018-2019/Ass2/UI-Prototyp:/home/christoph/Uni/OAD/OAD-2018-2019/Ass2/UI-Prototyp/lib/antlr-2.7.7.jar:/home/christoph/Uni/OAD/OAD-2018-2019/Ass2/UI-Prototyp/lib/byte-buddy-1.8.17.jar:/home/christoph/Uni/OAD/OAD-2018-2019/Ass2/UI-Prototyp/lib/classmate-1.3.4.jar:/home/christoph/Uni/OAD/OAD-2018-2019/Ass2/UI-Prototyp/lib/dom4j-2.1.1.jar:/home/christoph/Uni/OAD/OAD-2018-2019/Ass2/UI-Prototyp/lib/hibernate-commons-annotations-5.0.4.Final.jar:/home/christoph/Uni/OAD/OAD-2018-2019/Ass2/UI-Prototyp/lib/hibernate-core-5.3.7.Final.jar:/home/christoph/Uni/OAD/OAD-2018-2019/Ass2/UI-Prototyp/lib/jandex-2.0.5.Final.jar:/home/christoph/Uni/OAD/OAD-2018-2019/Ass2/UI-Prototyp/lib/javassist-3.23.1-GA.jar:/home/christoph/Uni/OAD/OAD-2018-2019/Ass2/UI-Prototyp/lib/javax.activation-api-1.2.0.jar:/home/christoph/Uni/OAD/OAD-2018-2019/Ass2/UI-Prototyp/lib/javax.persistence-api-2.2.jar:/home/christoph/Uni/OAD/OAD-2018-2019/Ass2/UI-Prototyp/lib/jboss-logging-3.3.2.Final.jar:/home/christoph/Uni/OAD/OAD-2018-2019/Ass2/UI-Prototyp/lib/jboss-transaction-api_1.2_spec-1.1.1.Final.jar:/home/christoph/Uni/OAD/OAD-2018-2019/Ass2/UI-Prototyp/lib/mysql-connector-java-8.0.13.jar:/home/christoph/Uni/OAD/OAD-2018-2019/Ass2/UI-Prototyp/lib/javax.activation-1.2.0.jar:/home/christoph/Uni/OAD/OAD-2018-2019/Ass2/UI-Prototyp/lib/jaxb-api-2.3.0.jar:/home/christoph/Uni/OAD/OAD-2018-2019/Ass2/UI-Prototyp/lib/jaxb-core-2.3.0.jar:/home/christoph/Uni/OAD/OAD-2018-2019/Ass2/UI-Prototyp/lib/jaxb-impl-2.3.0.jar
Launcher Type: SUN_STANDARD

Logging:
Log output configuration:
#0: stdout all=warning uptime,level,tags
#1: stderr all=off uptime,level,tags

Environment Variables:
PATH=/home/christoph/.local/bin:/usr/local/sbin:/usr/local/bin:/usr/sbin:/usr/bin:/sbin:/bin:/usr/games:/usr/local/games:/snap/bin
USERNAME=christoph
SHELL=/bin/bash
DISPLAY=:0

Signal Handlers:
SIGSEGV: [libjvm.so+0xd28b70], sa_mask[0]=11111111011111111101111111111110, sa_flags=SA_RESTART|SA_SIGINFO
SIGBUS: [libjvm.so+0xd28b70], sa_mask[0]=11111111011111111101111111111110, sa_flags=SA_RESTART|SA_SIGINFO
SIGFPE: [libjvm.so+0xd28b70], sa_mask[0]=11111111011111111101111111111110, sa_flags=SA_RESTART|SA_SIGINFO
SIGPIPE: SIG_IGN, sa_mask[0]=00000000000010000000000000000000, sa_flags=SA_RESTART
SIGXFSZ: [libjvm.so+0xb2a1f0], sa_mask[0]=11111111011111111101111111111110, sa_flags=SA_RESTART|SA_SIGINFO
SIGILL: [libjvm.so+0xd28b70], sa_mask[0]=11111111011111111101111111111110, sa_flags=SA_RESTART|SA_SIGINFO
SIGUSR2: [libjvm.so+0xb2a030], sa_mask[0]=00100000000000000000000000000000, sa_flags=SA_RESTART|SA_SIGINFO
SIGHUP: [libjvm.so+0xb2a180], sa_mask[0]=11111111011111111101111111111110, sa_flags=SA_RESTART|SA_SIGINFO
SIGINT: [libjvm.so+0xb2a180], sa_mask[0]=11111111011111111101111111111110, sa_flags=SA_RESTART|SA_SIGINFO
SIGTERM: [libjvm.so+0xb2a180], sa_mask[0]=11111111011111111101111111111110, sa_flags=SA_RESTART|SA_SIGINFO
SIGQUIT: [libjvm.so+0xb2a180], sa_mask[0]=11111111011111111101111111111110, sa_flags=SA_RESTART|SA_SIGINFO


---------------  S Y S T E M  ---------------

OS:DISTRIB_ID=Ubuntu
DISTRIB_RELEASE=18.04
DISTRIB_CODENAME=bionic
DISTRIB_DESCRIPTION="Ubuntu 18.04.1 LTS"
uname:Linux 4.15.0-43-generic #46-Ubuntu SMP Thu Dec 6 14:45:28 UTC 2018 x86_64
libc:glibc 2.27 NPTL 2.27 
rlimit: STACK 8192k, CORE 0k, NPROC 30905, NOFILE 4096, AS infinity, DATA infinity, FSIZE infinity
load average:1,35 1,66 1,63

/proc/meminfo:
MemTotal:        8029488 kB
MemFree:         2557384 kB
MemAvailable:    2760220 kB
Buffers:           32576 kB
Cached:           514836 kB
SwapCached:        54192 kB
Active:          4194700 kB
Inactive:        1010764 kB
Active(anon):    4007396 kB
Inactive(anon):   793760 kB
Active(file):     187304 kB
Inactive(file):   217004 kB
Unevictable:          32 kB
Mlocked:              32 kB
SwapTotal:       3906556 kB
SwapFree:         453656 kB
Dirty:              2480 kB
Writeback:             0 kB
AnonPages:       4604808 kB
Mapped:           219836 kB
Shmem:            142276 kB
Slab:             116984 kB
SReclaimable:      45532 kB
SUnreclaim:        71452 kB
KernelStack:       28644 kB
PageTables:        55228 kB
NFS_Unstable:          0 kB
Bounce:                0 kB
WritebackTmp:          0 kB
CommitLimit:     7921300 kB
Committed_AS:   14374880 kB
VmallocTotal:   34359738367 kB
VmallocUsed:           0 kB
VmallocChunk:          0 kB
HardwareCorrupted:     0 kB
AnonHugePages:         0 kB
ShmemHugePages:        0 kB
ShmemPmdMapped:        0 kB
CmaTotal:              0 kB
CmaFree:               0 kB
HugePages_Total:       0
HugePages_Free:        0
HugePages_Rsvd:        0
HugePages_Surp:        0
Hugepagesize:       2048 kB
DirectMap4k:      187796 kB
DirectMap2M:     7014400 kB
DirectMap1G:     1048576 kB

container (cgroup) information:
container_type: cgroupv1
cpu_cpuset_cpus: 0-3
cpu_memory_nodes: 0
active_processor_count: 4
cpu_quota: -1
cpu_period: 100000
cpu_shares: -1
memory_limit_in_bytes: -1
memory_and_swap_limit_in_bytes: -2
memory_soft_limit_in_bytes: -1
memory_usage_in_bytes: 5280219136
memory_max_usage_in_bytes: 0


CPU:total 4 (initial active 4) (2 cores per cpu, 2 threads per core) family 6 model 78 stepping 3, cmov, cx8, fxsr, mmx, sse, sse2, sse3, ssse3, sse4.1, sse4.2, popcnt, avx, avx2, aes, clmul, erms, 3dnowpref, lzcnt, ht, tsc, tscinvbit, bmi1, bmi2, adx, fma
CPU Model and flags from /proc/cpuinfo:
model name	: Intel(R) Core(TM) i5-6200U CPU @ 2.30GHz
flags		: fpu vme de pse tsc msr pae mce cx8 apic sep mtrr pge mca cmov pat pse36 clflush dts acpi mmx fxsr sse sse2 ss ht tm pbe syscall nx pdpe1gb rdtscp lm constant_tsc art arch_perfmon pebs bts rep_good nopl xtopology nonstop_tsc cpuid aperfmperf tsc_known_freq pni pclmulqdq dtes64 monitor ds_cpl vmx est tm2 ssse3 sdbg fma cx16 xtpr pdcm pcid sse4_1 sse4_2 x2apic movbe popcnt tsc_deadline_timer aes xsave avx f16c rdrand lahf_lm abm 3dnowprefetch cpuid_fault epb invpcid_single pti ssbd ibrs ibpb stibp tpr_shadow vnmi flexpriority ept vpid fsgsbase tsc_adjust bmi1 avx2 smep bmi2 erms invpcid mpx rdseed adx smap clflushopt intel_pt xsaveopt xsavec xgetbv1 xsaves dtherm ida arat pln pts hwp hwp_notify hwp_act_window hwp_epp flush_l1d

Memory: 4k page, physical 8029488k(2554152k free), swap 3906556k(454864k free)

vm_info: OpenJDK 64-Bit Server VM (10.0.2+13-Ubuntu-1ubuntu0.18.04.4) for linux-amd64 JRE (10.0.2+13-Ubuntu-1ubuntu0.18.04.4), built on Nov 13 2018 12:53:39 by "buildd" with gcc 7.3.0

END.
