#
# A fatal error has been detected by the Java Runtime Environment:
#
#  SIGSEGV (0xb) at pc=0x00007fdf97b7fb1e, pid=13311, tid=13347
#
# JRE version: OpenJDK Runtime Environment (10.0.2+13) (build 10.0.2+13-Ubuntu-1ubuntu0.18.04.4)
# Java VM: OpenJDK 64-Bit Server VM (10.0.2+13-Ubuntu-1ubuntu0.18.04.4, mixed mode, tiered, compressed oops, g1 gc, linux-amd64)
# Problematic frame:
# v  ~BufferBlob::jni_fast_GetLongField
#
# Core dump will be written. Default location: Core dumps may be processed with "/usr/share/apport/apport %p %s %c %d %P" (or dumping to /home/christoph/Uni/OAD/OAD-2018-2019/Ass2/UI-Prototyp/core.13311)
#
# If you would like to submit a bug report, please visit:
#   http://bugreport.java.com/bugreport/crash.jsp
# The crash happened outside the Java Virtual Machine in native code.
# See problematic frame for where to report the bug.
#

---------------  S U M M A R Y ------------

Command Line: -Dfile.encoding=UTF-8 Controllers.TRECController

Host: Intel(R) Core(TM) i5-6200U CPU @ 2.30GHz, 4 cores, 7G, Ubuntu 18.04.1 LTS
Time: Thu Jan 24 23:40:28 2019 CET elapsed time: 10856 seconds (0d 3h 0m 56s)

---------------  T H R E A D  ---------------

Current thread (0x00007fdfb0452000):  JavaThread "AWT-XAWT" daemon [_thread_in_native, id=13347, stack(0x00007fdf380e2000,0x00007fdf381e3000)]

Stack: [0x00007fdf380e2000,0x00007fdf381e3000],  sp=0x00007fdf381e1878,  free space=1022k
Native frames: (J=compiled Java code, A=aot compiled Java code, j=interpreted, Vv=VM code, C=native code)
v  ~BufferBlob::jni_fast_GetLongField
C  [libX11.so.6+0x64b1d]  _XimServerDestroy+0x3d

Java frames: (J=compiled Java code, j=interpreted, Vv=VM code)
J 3691  sun.awt.X11.XlibWrapper.XFilterEvent(JJ)Z java.desktop@10.0.2 (0 bytes) @ 0x00007fdf9f777a84 [0x00007fdf9f777a40+0x0000000000000044]
j  sun.awt.X11.XToolkit.run(Z)V+287 java.desktop@10.0.2
j  sun.awt.X11.XToolkit.run()V+5 java.desktop@10.0.2
j  java.lang.Thread.run()V+11 java.base@10.0.2
v  ~StubRoutines::call_stub

siginfo: si_signo: 11 (SIGSEGV), si_code: 1 (SEGV_MAPERR), si_addr: 0x0000000000000000

Register to memory mapping:

RAX=0x00007fdfb98b2a80: <offset 0x0000000001274a80> in /usr/lib/jvm/java-11-openjdk-amd64/lib/server/libjvm.so at 0x00007fdfb863e000
RBX=0x00007fdfb0452200 is an unknown value
RCX=0x0000000000000000 is an unknown value
RDX=0x0000000000000042 is an unknown value
RSP=0x00007fdf381e1878 is pointing into the stack for thread: 0x00007fdfb0452000
RBP=0x00007fdf381e18a0 is pointing into the stack for thread: 0x00007fdfb0452000
RSI=0x0000000000000000 is an unknown value
RDI=0x00007fdfb0452200 is an unknown value
R8 =0x00007fdf3b8ae9b0: <offset 0x000000000005c9b0> in /usr/lib/x86_64-linux-gnu/libX11.so.6 at 0x00007fdf3b852000
R9 =0x0000000000000000 is an unknown value
R10=0x0000000000000298 is an unknown value
R11=0x00007fdf9f777a58 is at entry_point+24 in (nmethod*)0x00007fdf9f777890
R12=0x0000000000000000 is an unknown value
R13=0x0000000000000000 is an unknown value
R14=0x00007fdf3bfff5c0: <offset 0x00000000002635c0> in /usr/lib/jvm/java-11-openjdk-amd64/lib/libawt_xawt.so at 0x00007fdf3bd9c000
R15=0x00007fdfb0452000 is a thread


Registers:
RAX=0x00007fdfb98b2a80, RBX=0x00007fdfb0452200, RCX=0x0000000000000000, RDX=0x0000000000000042
RSP=0x00007fdf381e1878, RBP=0x00007fdf381e18a0, RSI=0x0000000000000000, RDI=0x00007fdfb0452200
R8 =0x00007fdf3b8ae9b0, R9 =0x0000000000000000, R10=0x0000000000000298, R11=0x00007fdf9f777a58
R12=0x0000000000000000, R13=0x0000000000000000, R14=0x00007fdf3bfff5c0, R15=0x00007fdfb0452000
RIP=0x00007fdf97b7fb1e, EFLAGS=0x0000000000010246, CSGSFS=0x002b000000000033, ERR=0x0000000000000004
  TRAPNO=0x000000000000000e

Top of Stack: (sp=0x00007fdf381e1878)
0x00007fdf381e1878:   00007fdf3bdd31d4 00007fdfb492d7e8
0x00007fdf381e1888:   0000000000000000 00007fdf381e1948
0x00007fdf381e1898:   00007fdf381e1920 00007fdf1808cf00
0x00007fdf381e18a8:   00007fdf3b8b6b1d 00007fdfb492d7e8 

Instructions: (pc=0x00007fdf97b7fb1e)
0x00007fdf97b7fafe:   00 00 44 8b 15 7d e8 d7 21 4c 8b ce 41 f6 c2 01
0x00007fdf97b7fb0e:   0f 85 32 00 00 00 4d 33 ca 4d 33 ca 49 83 e1 fe
0x00007fdf97b7fb1e:   4d 8b 09 4c 8b da 49 c1 eb 02 4b 8b 04 19 49 bb
0x00007fdf97b7fb2e:   84 e3 8f b9 df 7f 00 00 4c 33 d8 4c 33 d8 45 3b 



---------------  P R O C E S S  ---------------

Threads class SMR info:
_java_thread_list=0x00007fdf14000b20, length=17, elements={
0x00007fdfb0132000, 0x00007fdfb0134000, 0x00007fdfb0146800, 0x00007fdfb0148800,
0x00007fdfb014a800, 0x00007fdfb014c800, 0x00007fdfb014e800, 0x00007fdfb01ee800,
0x00007fdfb01b7000, 0x00007fdfb0426800, 0x00007fdfb0452000, 0x00007fdfb0012000,
0x00007fdf180af800, 0x00007fdf18510000, 0x00007fdf185e5800, 0x00007fdf58001000,
0x00007fdf58002000
}

Java Threads: ( => current thread )
  0x00007fdfb0132000 JavaThread "Reference Handler" daemon [_thread_blocked, id=13332, stack(0x00007fdf95a7a000,0x00007fdf95b7b000)]
  0x00007fdfb0134000 JavaThread "Finalizer" daemon [_thread_blocked, id=13333, stack(0x00007fdf95979000,0x00007fdf95a7a000)]
  0x00007fdfb0146800 JavaThread "Signal Dispatcher" daemon [_thread_blocked, id=13335, stack(0x00007fdf94ea9000,0x00007fdf94faa000)]
  0x00007fdfb0148800 JavaThread "C2 CompilerThread0" daemon [_thread_blocked, id=13336, stack(0x00007fdf94da8000,0x00007fdf94ea9000)]
  0x00007fdfb014a800 JavaThread "C2 CompilerThread1" daemon [_thread_blocked, id=13337, stack(0x00007fdf94ca7000,0x00007fdf94da8000)]
  0x00007fdfb014c800 JavaThread "C1 CompilerThread2" daemon [_thread_blocked, id=13338, stack(0x00007fdf94ba6000,0x00007fdf94ca7000)]
  0x00007fdfb014e800 JavaThread "Sweeper thread" daemon [_thread_blocked, id=13339, stack(0x00007fdf94aa5000,0x00007fdf94ba6000)]
  0x00007fdfb01ee800 JavaThread "Service Thread" daemon [_thread_blocked, id=13340, stack(0x00007fdf949a4000,0x00007fdf94aa5000)]
  0x00007fdfb01b7000 JavaThread "Common-Cleaner" daemon [_thread_blocked, id=13342, stack(0x00007fdf947a1000,0x00007fdf948a2000)]
  0x00007fdfb0426800 JavaThread "Java2D Disposer" daemon [_thread_blocked, id=13346, stack(0x00007fdf84057000,0x00007fdf84158000)]
=>0x00007fdfb0452000 JavaThread "AWT-XAWT" daemon [_thread_in_native, id=13347, stack(0x00007fdf380e2000,0x00007fdf381e3000)]
  0x00007fdfb0012000 JavaThread "DestroyJavaVM" [_thread_blocked, id=13314, stack(0x00007fdfba66a000,0x00007fdfba76b000)]
  0x00007fdf180af800 JavaThread "TimerQueue" daemon [_thread_blocked, id=13351, stack(0x00007fdf318ea000,0x00007fdf319eb000)]
  0x00007fdf18510000 JavaThread "Abandoned connection cleanup thread" daemon [_thread_blocked, id=13352, stack(0x00007fdf30be9000,0x00007fdf30cea000)]
  0x00007fdf185e5800 JavaThread "pool-1-thread-1" [_thread_blocked, id=13353, stack(0x00007fdf306e6000,0x00007fdf307e7000)]
  0x00007fdf58001000 JavaThread "SIGTERM handler" daemon [_thread_blocked, id=20686, stack(0x00007fdf31deb000,0x00007fdf31eec000)]
  0x00007fdf58002000 JavaThread "SIGTERM handler" daemon [_thread_blocked, id=20704, stack(0x00007fdf31eec000,0x00007fdf31fed000)]

Other Threads:
  0x00007fdfb0128000 VMThread "VM Thread" [stack: 0x00007fdf95b7d000,0x00007fdf95c7d000] [id=13331]
  0x00007fdfb01f1000 WatcherThread [stack: 0x00007fdf948a4000,0x00007fdf949a4000] [id=13341]
  0x00007fdfb0028800 GCTaskThread "GC Thread#0" [stack: 0x00007fdfb6794000,0x00007fdfb6894000] [id=13319]
  0x00007fdfb002a000 GCTaskThread "GC Thread#1" [stack: 0x00007fdfb6692000,0x00007fdfb6792000] [id=13320]
  0x00007fdfb002b800 GCTaskThread "GC Thread#2" [stack: 0x00007fdfb6590000,0x00007fdfb6690000] [id=13321]
  0x00007fdfb002d800 GCTaskThread "GC Thread#3" [stack: 0x00007fdfb648e000,0x00007fdfb658e000] [id=13322]
  0x00007fdfb0056800 ConcurrentGCThread "G1 Main Marker" [stack: 0x00007fdfb5409000,0x00007fdfb5509000] [id=13323]
  0x00007fdfb0058800 ConcurrentGCThread "G1 Conc#0" [stack: 0x00007fdfb5307000,0x00007fdfb5407000] [id=13324]
  0x00007fdfb00c0000 ConcurrentGCThread "G1 Refine#0" [stack: 0x00007fdfb4e01000,0x00007fdfb4f01000] [id=13325]
  0x00007fdfb00c2000 ConcurrentGCThread "G1 Refine#1" [stack: 0x00007fdfb4cff000,0x00007fdfb4dff000] [id=13326]
  0x00007fdfb00c3800 ConcurrentGCThread "G1 Refine#2" [stack: 0x00007fdfb4bfd000,0x00007fdfb4cfd000] [id=13327]
  0x00007fdfb00c5800 ConcurrentGCThread "G1 Refine#3" [stack: 0x00007fdfb4afb000,0x00007fdfb4bfb000] [id=13328]
  0x00007fdfb00c7000 ConcurrentGCThread "G1 Young RemSet Sampling" [stack: 0x00007fdfb49f9000,0x00007fdfb4af9000] [id=13329]

Threads with active compile tasks:

VM state:not at safepoint (normal execution)

VM Mutex/Monitor currently owned by a thread:  ([mutex/lock_event])
[0x00007fdfb000e4d0] Threads_lock - owner thread: 0x00007fdfb0146800

Heap address: 0x0000000085600000, size: 1962 MB, Compressed Oops mode: 32-bit
Narrow klass base: 0x0000000000000000, Narrow klass shift: 3
Compressed class space size: 1073741824 Address: 0x0000000100000000

Heap:
 garbage-first heap   total 126976K, used 34217K [0x0000000085600000, 0x0000000100000000)
  region size 1024K, 25 young (25600K), 3 survivors (3072K)
 Metaspace       used 51058K, capacity 51944K, committed 52352K, reserved 1095680K
  class space    used 5881K, capacity 6272K, committed 6272K, reserved 1048576K
Heap Regions: E=young(eden), S=young(survivor), O=old, HS=humongous(starts), HC=humongous(continues), CS=collection set, F=free, A=archive, TS=gc time stamp, AC=allocation context, TAMS=top-at-mark-start (previous, next)
|   0|0x0000000085600000, 0x0000000085700000, 0x0000000085700000|100%|HS|  |TS  0|AC  0|TAMS 0x0000000085700000, 0x0000000085700000|
|   1|0x0000000085700000, 0x0000000085800000, 0x0000000085800000|100%| O|  |TS  0|AC  0|TAMS 0x0000000085800000, 0x0000000085800000|
|   2|0x0000000085800000, 0x0000000085900000, 0x0000000085900000|100%| O|  |TS  0|AC  0|TAMS 0x0000000085900000, 0x0000000085900000|
|   3|0x0000000085900000, 0x0000000085a00000, 0x0000000085a00000|100%| O|  |TS  0|AC  0|TAMS 0x0000000085a00000, 0x0000000085a00000|
|   4|0x0000000085a00000, 0x0000000085b00000, 0x0000000085b00000|100%| O|  |TS  1|AC  0|TAMS 0x0000000085a47400, 0x0000000085a47400|
|   5|0x0000000085b00000, 0x0000000085c00000, 0x0000000085c00000|100%| O|  |TS  1|AC  0|TAMS 0x0000000085b00000, 0x0000000085b00000|
|   6|0x0000000085c00000, 0x0000000085d00000, 0x0000000085d00000|100%| O|  |TS  1|AC  0|TAMS 0x0000000085c00000, 0x0000000085c00000|
|   7|0x0000000085d00000, 0x0000000085e00000, 0x0000000085e00000|100%| O|  |TS  1|AC  0|TAMS 0x0000000085d00000, 0x0000000085d00000|
|   8|0x0000000085e00000, 0x0000000085f00000, 0x0000000085f00000|100%| O|  |TS  1|AC  0|TAMS 0x0000000085e00000, 0x0000000085e00000|
|   9|0x0000000085f00000, 0x0000000085f73e00, 0x0000000086000000| 45%| O|  |TS  1|AC  0|TAMS 0x0000000085f00000, 0x0000000085f00000|
|  10|0x0000000086000000, 0x0000000086000000, 0x0000000086100000|  0%| F|  |TS  0|AC  0|TAMS 0x0000000086000000, 0x0000000086000000|
|  11|0x0000000086100000, 0x0000000086100000, 0x0000000086200000|  0%| F|  |TS  0|AC  0|TAMS 0x0000000086100000, 0x0000000086100000|
|  12|0x0000000086200000, 0x0000000086200000, 0x0000000086300000|  0%| F|  |TS  0|AC  0|TAMS 0x0000000086200000, 0x0000000086200000|
|  13|0x0000000086300000, 0x0000000086300000, 0x0000000086400000|  0%| F|  |TS  0|AC  0|TAMS 0x0000000086300000, 0x0000000086300000|
|  14|0x0000000086400000, 0x0000000086400000, 0x0000000086500000|  0%| F|  |TS  0|AC  0|TAMS 0x0000000086400000, 0x0000000086400000|
|  15|0x0000000086500000, 0x0000000086500000, 0x0000000086600000|  0%| F|  |TS  0|AC  0|TAMS 0x0000000086500000, 0x0000000086500000|
|  16|0x0000000086600000, 0x0000000086600000, 0x0000000086700000|  0%| F|  |TS  0|AC  0|TAMS 0x0000000086600000, 0x0000000086600000|
|  17|0x0000000086700000, 0x0000000086700000, 0x0000000086800000|  0%| F|  |TS  0|AC  0|TAMS 0x0000000086700000, 0x0000000086700000|
|  18|0x0000000086800000, 0x0000000086800000, 0x0000000086900000|  0%| F|  |TS  0|AC  0|TAMS 0x0000000086800000, 0x0000000086800000|
|  19|0x0000000086900000, 0x0000000086900000, 0x0000000086a00000|  0%| F|  |TS  0|AC  0|TAMS 0x0000000086900000, 0x0000000086900000|
|  20|0x0000000086a00000, 0x0000000086a00000, 0x0000000086b00000|  0%| F|  |TS  0|AC  0|TAMS 0x0000000086a00000, 0x0000000086a00000|
|  21|0x0000000086b00000, 0x0000000086b00000, 0x0000000086c00000|  0%| F|  |TS  0|AC  0|TAMS 0x0000000086b00000, 0x0000000086b00000|
|  22|0x0000000086c00000, 0x0000000086c00000, 0x0000000086d00000|  0%| F|  |TS  0|AC  0|TAMS 0x0000000086c00000, 0x0000000086c00000|
|  23|0x0000000086d00000, 0x0000000086d00000, 0x0000000086e00000|  0%| F|  |TS  0|AC  0|TAMS 0x0000000086d00000, 0x0000000086d00000|
|  24|0x0000000086e00000, 0x0000000086e00000, 0x0000000086f00000|  0%| F|  |TS  0|AC  0|TAMS 0x0000000086e00000, 0x0000000086e00000|
|  25|0x0000000086f00000, 0x0000000086f00000, 0x0000000087000000|  0%| F|  |TS  0|AC  0|TAMS 0x0000000086f00000, 0x0000000086f00000|
|  26|0x0000000087000000, 0x0000000087000000, 0x0000000087100000|  0%| F|  |TS  0|AC  0|TAMS 0x0000000087000000, 0x0000000087000000|
|  27|0x0000000087100000, 0x0000000087100000, 0x0000000087200000|  0%| F|  |TS  0|AC  0|TAMS 0x0000000087100000, 0x0000000087100000|
|  28|0x0000000087200000, 0x0000000087200000, 0x0000000087300000|  0%| F|  |TS  0|AC  0|TAMS 0x0000000087200000, 0x0000000087200000|
|  29|0x0000000087300000, 0x0000000087300000, 0x0000000087400000|  0%| F|  |TS  0|AC  0|TAMS 0x0000000087300000, 0x0000000087300000|
|  30|0x0000000087400000, 0x0000000087400000, 0x0000000087500000|  0%| F|  |TS  0|AC  0|TAMS 0x0000000087400000, 0x0000000087400000|
|  31|0x0000000087500000, 0x0000000087500000, 0x0000000087600000|  0%| F|  |TS  0|AC  0|TAMS 0x0000000087500000, 0x0000000087500000|
|  32|0x0000000087600000, 0x0000000087600000, 0x0000000087700000|  0%| F|  |TS  0|AC  0|TAMS 0x0000000087600000, 0x0000000087600000|
|  33|0x0000000087700000, 0x0000000087700000, 0x0000000087800000|  0%| F|  |TS  0|AC  0|TAMS 0x0000000087700000, 0x0000000087700000|
|  34|0x0000000087800000, 0x0000000087800000, 0x0000000087900000|  0%| F|  |TS  0|AC  0|TAMS 0x0000000087800000, 0x0000000087800000|
|  35|0x0000000087900000, 0x0000000087900000, 0x0000000087a00000|  0%| F|  |TS  0|AC  0|TAMS 0x0000000087900000, 0x0000000087900000|
|  36|0x0000000087a00000, 0x0000000087a00000, 0x0000000087b00000|  0%| F|  |TS  0|AC  0|TAMS 0x0000000087a00000, 0x0000000087a00000|
|  37|0x0000000087b00000, 0x0000000087b00000, 0x0000000087c00000|  0%| F|  |TS  0|AC  0|TAMS 0x0000000087b00000, 0x0000000087b00000|
|  38|0x0000000087c00000, 0x0000000087c00000, 0x0000000087d00000|  0%| F|  |TS  0|AC  0|TAMS 0x0000000087c00000, 0x0000000087c00000|
|  39|0x0000000087d00000, 0x0000000087d00000, 0x0000000087e00000|  0%| F|  |TS  0|AC  0|TAMS 0x0000000087d00000, 0x0000000087d00000|
|  40|0x0000000087e00000, 0x0000000087e00000, 0x0000000087f00000|  0%| F|  |TS  0|AC  0|TAMS 0x0000000087e00000, 0x0000000087e00000|
|  41|0x0000000087f00000, 0x0000000087f00000, 0x0000000088000000|  0%| F|  |TS  0|AC  0|TAMS 0x0000000087f00000, 0x0000000087f00000|
|  42|0x0000000088000000, 0x0000000088000000, 0x0000000088100000|  0%| F|  |TS  0|AC  0|TAMS 0x0000000088000000, 0x0000000088000000|
|  43|0x0000000088100000, 0x0000000088100000, 0x0000000088200000|  0%| F|  |TS  0|AC  0|TAMS 0x0000000088100000, 0x0000000088100000|
|  44|0x0000000088200000, 0x0000000088200000, 0x0000000088300000|  0%| F|  |TS  0|AC  0|TAMS 0x0000000088200000, 0x0000000088200000|
|  45|0x0000000088300000, 0x0000000088300000, 0x0000000088400000|  0%| F|  |TS  0|AC  0|TAMS 0x0000000088300000, 0x0000000088300000|
|  46|0x0000000088400000, 0x0000000088400000, 0x0000000088500000|  0%| F|  |TS  0|AC  0|TAMS 0x0000000088400000, 0x0000000088400000|
|  47|0x0000000088500000, 0x0000000088500000, 0x0000000088600000|  0%| F|  |TS  0|AC  0|TAMS 0x0000000088500000, 0x0000000088500000|
|  48|0x0000000088600000, 0x0000000088600000, 0x0000000088700000|  0%| F|  |TS  0|AC  0|TAMS 0x0000000088600000, 0x0000000088600000|
|  49|0x0000000088700000, 0x0000000088700000, 0x0000000088800000|  0%| F|  |TS  0|AC  0|TAMS 0x0000000088700000, 0x0000000088700000|
|  50|0x0000000088800000, 0x0000000088800000, 0x0000000088900000|  0%| F|  |TS  0|AC  0|TAMS 0x0000000088800000, 0x0000000088800000|
|  51|0x0000000088900000, 0x0000000088900000, 0x0000000088a00000|  0%| F|  |TS  0|AC  0|TAMS 0x0000000088900000, 0x0000000088900000|
|  52|0x0000000088a00000, 0x0000000088a00000, 0x0000000088b00000|  0%| F|  |TS  0|AC  0|TAMS 0x0000000088a00000, 0x0000000088a00000|
|  53|0x0000000088b00000, 0x0000000088b00000, 0x0000000088c00000|  0%| F|  |TS  0|AC  0|TAMS 0x0000000088b00000, 0x0000000088b00000|
|  54|0x0000000088c00000, 0x0000000088c00000, 0x0000000088d00000|  0%| F|  |TS  0|AC  0|TAMS 0x0000000088c00000, 0x0000000088c00000|
|  55|0x0000000088d00000, 0x0000000088d00000, 0x0000000088e00000|  0%| F|  |TS  0|AC  0|TAMS 0x0000000088d00000, 0x0000000088d00000|
|  56|0x0000000088e00000, 0x0000000088e00000, 0x0000000088f00000|  0%| F|  |TS  0|AC  0|TAMS 0x0000000088e00000, 0x0000000088e00000|
|  57|0x0000000088f00000, 0x0000000088f00000, 0x0000000089000000|  0%| F|  |TS  0|AC  0|TAMS 0x0000000088f00000, 0x0000000088f00000|
|  58|0x0000000089000000, 0x0000000089000000, 0x0000000089100000|  0%| F|  |TS  0|AC  0|TAMS 0x0000000089000000, 0x0000000089000000|
|  59|0x0000000089100000, 0x0000000089100000, 0x0000000089200000|  0%| F|  |TS  0|AC  0|TAMS 0x0000000089100000, 0x0000000089100000|
|  60|0x0000000089200000, 0x0000000089200000, 0x0000000089300000|  0%| F|  |TS  0|AC  0|TAMS 0x0000000089200000, 0x0000000089200000|
|  61|0x0000000089300000, 0x0000000089300000, 0x0000000089400000|  0%| F|  |TS  0|AC  0|TAMS 0x0000000089300000, 0x0000000089300000|
|  62|0x0000000089400000, 0x0000000089400000, 0x0000000089500000|  0%| F|  |TS  0|AC  0|TAMS 0x0000000089400000, 0x0000000089400000|
|  63|0x0000000089500000, 0x0000000089500000, 0x0000000089600000|  0%| F|  |TS  0|AC  0|TAMS 0x0000000089500000, 0x0000000089500000|
|  64|0x0000000089600000, 0x0000000089600000, 0x0000000089700000|  0%| F|  |TS  0|AC  0|TAMS 0x0000000089600000, 0x0000000089600000|
|  65|0x0000000089700000, 0x00000000897f67e8, 0x0000000089800000| 96%| S|CS|TS  1|AC  0|TAMS 0x0000000089700000, 0x0000000089700000|
|  66|0x0000000089800000, 0x0000000089900000, 0x0000000089900000|100%| S|CS|TS  1|AC  0|TAMS 0x0000000089800000, 0x0000000089800000|
|  67|0x0000000089900000, 0x0000000089a00000, 0x0000000089a00000|100%| S|CS|TS  1|AC  0|TAMS 0x0000000089900000, 0x0000000089900000|
|  68|0x0000000089a00000, 0x0000000089a00000, 0x0000000089b00000|  0%| F|  |TS  1|AC  0|TAMS 0x0000000089a00000, 0x0000000089a00000|
|  69|0x0000000089b00000, 0x0000000089b00000, 0x0000000089c00000|  0%| F|  |TS  1|AC  0|TAMS 0x0000000089b00000, 0x0000000089b00000|
|  70|0x0000000089c00000, 0x0000000089c00000, 0x0000000089d00000|  0%| F|  |TS  1|AC  0|TAMS 0x0000000089c00000, 0x0000000089c00000|
|  71|0x0000000089d00000, 0x0000000089d00000, 0x0000000089e00000|  0%| F|  |TS  1|AC  0|TAMS 0x0000000089d00000, 0x0000000089d00000|
|  72|0x0000000089e00000, 0x0000000089e00000, 0x0000000089f00000|  0%| F|  |TS  1|AC  0|TAMS 0x0000000089e00000, 0x0000000089e00000|
|  73|0x0000000089f00000, 0x0000000089f00000, 0x000000008a000000|  0%| F|  |TS  1|AC  0|TAMS 0x0000000089f00000, 0x0000000089f00000|
|  74|0x000000008a000000, 0x000000008a000000, 0x000000008a100000|  0%| F|  |TS  1|AC  0|TAMS 0x000000008a000000, 0x000000008a000000|
|  75|0x000000008a100000, 0x000000008a100000, 0x000000008a200000|  0%| F|  |TS  1|AC  0|TAMS 0x000000008a100000, 0x000000008a100000|
|  76|0x000000008a200000, 0x000000008a200000, 0x000000008a300000|  0%| F|  |TS  1|AC  0|TAMS 0x000000008a200000, 0x000000008a200000|
|  77|0x000000008a300000, 0x000000008a300000, 0x000000008a400000|  0%| F|  |TS  1|AC  0|TAMS 0x000000008a300000, 0x000000008a300000|
|  78|0x000000008a400000, 0x000000008a400000, 0x000000008a500000|  0%| F|  |TS  1|AC  0|TAMS 0x000000008a400000, 0x000000008a400000|
|  79|0x000000008a500000, 0x000000008a500000, 0x000000008a600000|  0%| F|  |TS  1|AC  0|TAMS 0x000000008a500000, 0x000000008a500000|
|  80|0x000000008a600000, 0x000000008a600000, 0x000000008a700000|  0%| F|  |TS  1|AC  0|TAMS 0x000000008a600000, 0x000000008a600000|
|  81|0x000000008a700000, 0x000000008a700000, 0x000000008a800000|  0%| F|  |TS  1|AC  0|TAMS 0x000000008a700000, 0x000000008a700000|
|  82|0x000000008a800000, 0x000000008a800000, 0x000000008a900000|  0%| F|  |TS  1|AC  0|TAMS 0x000000008a800000, 0x000000008a800000|
|  83|0x000000008a900000, 0x000000008a900000, 0x000000008aa00000|  0%| F|  |TS  1|AC  0|TAMS 0x000000008a900000, 0x000000008a900000|
|  84|0x000000008aa00000, 0x000000008aa00000, 0x000000008ab00000|  0%| F|  |TS  1|AC  0|TAMS 0x000000008aa00000, 0x000000008aa00000|
|  85|0x000000008ab00000, 0x000000008ab00000, 0x000000008ac00000|  0%| F|  |TS  1|AC  0|TAMS 0x000000008ab00000, 0x000000008ab00000|
|  86|0x000000008ac00000, 0x000000008ac00000, 0x000000008ad00000|  0%| F|  |TS  1|AC  0|TAMS 0x000000008ac00000, 0x000000008ac00000|
|  87|0x000000008ad00000, 0x000000008ad00000, 0x000000008ae00000|  0%| F|  |TS  1|AC  0|TAMS 0x000000008ad00000, 0x000000008ad00000|
|  88|0x000000008ae00000, 0x000000008ae00000, 0x000000008af00000|  0%| F|  |TS  1|AC  0|TAMS 0x000000008ae00000, 0x000000008ae00000|
|  89|0x000000008af00000, 0x000000008af00000, 0x000000008b000000|  0%| F|  |TS  1|AC  0|TAMS 0x000000008af00000, 0x000000008af00000|
|  90|0x000000008b000000, 0x000000008b000000, 0x000000008b100000|  0%| F|  |TS  1|AC  0|TAMS 0x000000008b000000, 0x000000008b000000|
|  91|0x000000008b100000, 0x000000008b100000, 0x000000008b200000|  0%| F|  |TS  1|AC  0|TAMS 0x000000008b100000, 0x000000008b100000|
|  92|0x000000008b200000, 0x000000008b200000, 0x000000008b300000|  0%| F|  |TS  1|AC  0|TAMS 0x000000008b200000, 0x000000008b200000|
|  93|0x000000008b300000, 0x000000008b300000, 0x000000008b400000|  0%| F|  |TS  1|AC  0|TAMS 0x000000008b300000, 0x000000008b300000|
|  94|0x000000008b400000, 0x000000008b400000, 0x000000008b500000|  0%| F|  |TS  1|AC  0|TAMS 0x000000008b400000, 0x000000008b400000|
|  95|0x000000008b500000, 0x000000008b500000, 0x000000008b600000|  0%| F|  |TS  1|AC  0|TAMS 0x000000008b500000, 0x000000008b500000|
|  96|0x000000008b600000, 0x000000008b600000, 0x000000008b700000|  0%| F|  |TS  1|AC  0|TAMS 0x000000008b600000, 0x000000008b600000|
|  97|0x000000008b700000, 0x000000008b700000, 0x000000008b800000|  0%| F|  |TS  1|AC  0|TAMS 0x000000008b700000, 0x000000008b700000|
|  98|0x000000008b800000, 0x000000008b800000, 0x000000008b900000|  0%| F|  |TS  1|AC  0|TAMS 0x000000008b800000, 0x000000008b800000|
|  99|0x000000008b900000, 0x000000008b900000, 0x000000008ba00000|  0%| F|  |TS  1|AC  0|TAMS 0x000000008b900000, 0x000000008b900000|
| 100|0x000000008ba00000, 0x000000008ba00000, 0x000000008bb00000|  0%| F|  |TS  1|AC  0|TAMS 0x000000008ba00000, 0x000000008ba00000|
| 101|0x000000008bb00000, 0x000000008bb00800, 0x000000008bc00000|  0%| E|  |TS  1|AC  0|TAMS 0x000000008bb00000, 0x000000008bb00000|
| 102|0x000000008bc00000, 0x000000008bd00000, 0x000000008bd00000|100%| E|CS|TS  1|AC  0|TAMS 0x000000008bc00000, 0x000000008bc00000|
| 103|0x000000008bd00000, 0x000000008be00000, 0x000000008be00000|100%| E|CS|TS  1|AC  0|TAMS 0x000000008bd00000, 0x000000008bd00000|
| 104|0x000000008be00000, 0x000000008bf00000, 0x000000008bf00000|100%| E|CS|TS  1|AC  0|TAMS 0x000000008be00000, 0x000000008be00000|
| 105|0x000000008bf00000, 0x000000008c000000, 0x000000008c000000|100%| E|CS|TS  1|AC  0|TAMS 0x000000008bf00000, 0x000000008bf00000|
| 106|0x000000008c000000, 0x000000008c100000, 0x000000008c100000|100%| E|CS|TS  1|AC  0|TAMS 0x000000008c000000, 0x000000008c000000|
| 107|0x000000008c100000, 0x000000008c200000, 0x000000008c200000|100%| E|CS|TS  1|AC  0|TAMS 0x000000008c100000, 0x000000008c100000|
| 108|0x000000008c200000, 0x000000008c300000, 0x000000008c300000|100%| E|CS|TS  1|AC  0|TAMS 0x000000008c200000, 0x000000008c200000|
| 109|0x000000008c300000, 0x000000008c400000, 0x000000008c400000|100%| E|CS|TS  1|AC  0|TAMS 0x000000008c300000, 0x000000008c300000|
| 110|0x000000008c400000, 0x000000008c500000, 0x000000008c500000|100%| E|CS|TS  1|AC  0|TAMS 0x000000008c400000, 0x000000008c400000|
| 111|0x000000008c500000, 0x000000008c600000, 0x000000008c600000|100%| E|CS|TS  1|AC  0|TAMS 0x000000008c500000, 0x000000008c500000|
| 112|0x000000008c600000, 0x000000008c700000, 0x000000008c700000|100%| E|CS|TS  1|AC  0|TAMS 0x000000008c600000, 0x000000008c600000|
| 113|0x000000008c700000, 0x000000008c800000, 0x000000008c800000|100%| E|CS|TS  1|AC  0|TAMS 0x000000008c700000, 0x000000008c700000|
| 114|0x000000008c800000, 0x000000008c900000, 0x000000008c900000|100%| E|CS|TS  1|AC  0|TAMS 0x000000008c800000, 0x000000008c800000|
| 115|0x000000008c900000, 0x000000008ca00000, 0x000000008ca00000|100%| E|CS|TS  1|AC  0|TAMS 0x000000008c900000, 0x000000008c900000|
| 116|0x000000008ca00000, 0x000000008cb00000, 0x000000008cb00000|100%| E|CS|TS  1|AC  0|TAMS 0x000000008ca00000, 0x000000008ca00000|
| 117|0x000000008cb00000, 0x000000008cc00000, 0x000000008cc00000|100%| E|CS|TS  1|AC  0|TAMS 0x000000008cb00000, 0x000000008cb00000|
| 118|0x000000008cc00000, 0x000000008cd00000, 0x000000008cd00000|100%| E|CS|TS  1|AC  0|TAMS 0x000000008cc00000, 0x000000008cc00000|
| 119|0x000000008cd00000, 0x000000008ce00000, 0x000000008ce00000|100%| E|CS|TS  1|AC  0|TAMS 0x000000008cd00000, 0x000000008cd00000|
| 120|0x000000008ce00000, 0x000000008cf00000, 0x000000008cf00000|100%| E|CS|TS  1|AC  0|TAMS 0x000000008ce00000, 0x000000008ce00000|
| 121|0x000000008cf00000, 0x000000008d000000, 0x000000008d000000|100%| E|CS|TS  1|AC  0|TAMS 0x000000008cf00000, 0x000000008cf00000|
| 122|0x000000008d000000, 0x000000008d100000, 0x000000008d100000|100%| E|CS|TS  1|AC  0|TAMS 0x000000008d000000, 0x000000008d000000|
| 123|0x000000008d100000, 0x000000008d200000, 0x000000008d200000|100%| E|CS|TS  1|AC  0|TAMS 0x000000008d100000, 0x000000008d100000|

Card table byte_map: [0x00007fdfb58de000,0x00007fdfb5cb3000] byte_map_base: 0x00007fdfb54b3000

Marking Bits (Prev, Next): (CMBitMap*) 0x00007fdfb0055be0, (CMBitMap*) 0x00007fdfb0055c18
 Prev Bits: [0x00007fdf95c7d000, 0x00007fdf97b25000)
 Next Bits: [0x00007fdf86158000, 0x00007fdf88000000)

Polling page: 0x00007fdfba784000

CodeHeap 'non-profiled nmethods': size=120032Kb used=2690Kb max_used=2690Kb free=117342Kb
 bounds [0x00007fdf9f5ed000, 0x00007fdf9f89d000, 0x00007fdfa6b25000]
CodeHeap 'profiled nmethods': size=120032Kb used=11226Kb max_used=11226Kb free=108805Kb
 bounds [0x00007fdf980b5000, 0x00007fdf98bb5000, 0x00007fdf9f5ed000]
CodeHeap 'non-nmethods': size=5696Kb used=1365Kb max_used=1400Kb free=4330Kb
 bounds [0x00007fdf97b25000, 0x00007fdf97d95000, 0x00007fdf980b5000]
 total_blobs=7653 nmethods=5657 adapters=747
 compilation: enabled

Compilation events (10 events):
Event: 7689,750 Thread 0x00007fdfb014c800 5653       3       java.util.concurrent.ThreadPoolExecutor::afterExecute (1 bytes)
Event: 7689,750 Thread 0x00007fdfb014c800 nmethod 5653 0x00007fdf98bab690 code [0x00007fdf98bab840, 0x00007fdf98bab990]
Event: 8440,045 Thread 0x00007fdfb0148800 5654       4       jdk.internal.module.Resources::toPackageName (39 bytes)
Event: 8440,090 Thread 0x00007fdfb0148800 nmethod 5654 0x00007fdf9f885d90 code [0x00007fdf9f885f40, 0x00007fdf9f886138]
Event: 8480,060 Thread 0x00007fdfb0148800 5655   !   4       jdk.internal.loader.BuiltinClassLoader::findMiscResource (118 bytes)
Event: 8480,322 Thread 0x00007fdfb0148800 nmethod 5655 0x00007fdf9f886390 code [0x00007fdf9f8865a0, 0x00007fdf9f886eb8]
Event: 8685,090 Thread 0x00007fdfb0148800 5656   !   4       jdk.internal.loader.BuiltinClassLoader::findResource (154 bytes)
Event: 8685,372 Thread 0x00007fdfb0148800 nmethod 5656 0x00007fdf9f887490 code [0x00007fdf9f887840, 0x00007fdf9f88b1b8]
Event: 9520,171 Thread 0x00007fdfb0148800 5657       4       java.lang.ref.ReferenceQueue::reallyPoll (65 bytes)
Event: 9520,189 Thread 0x00007fdfb0148800 nmethod 5657 0x00007fdf9f88d210 code [0x00007fdf9f88d3c0, 0x00007fdf9f88d748]

GC Heap History (10 events):
Event: 1,211 GC heap before
{Heap before GC invocations=1 (full 0):
 garbage-first heap   total 126976K, used 10503K [0x0000000085600000, 0x0000000100000000)
  region size 1024K, 8 young (8192K), 2 survivors (2048K)
 Metaspace       used 17716K, capacity 18225K, committed 18432K, reserved 1064960K
  class space    used 1936K, capacity 2189K, committed 2304K, reserved 1048576K
}
Event: 1,220 GC heap after
{Heap after GC invocations=2 (full 0):
 garbage-first heap   total 126976K, used 5405K [0x0000000085600000, 0x0000000100000000)
  region size 1024K, 1 young (1024K), 1 survivors (1024K)
 Metaspace       used 17716K, capacity 18225K, committed 18432K, reserved 1064960K
  class space    used 1936K, capacity 2189K, committed 2304K, reserved 1048576K
}
Event: 2,191 GC heap before
{Heap before GC invocations=2 (full 0):
 garbage-first heap   total 126976K, used 28957K [0x0000000085600000, 0x0000000100000000)
  region size 1024K, 24 young (24576K), 1 survivors (1024K)
 Metaspace       used 18281K, capacity 18801K, committed 18944K, reserved 1067008K
  class space    used 1988K, capacity 2253K, committed 2304K, reserved 1048576K
}
Event: 2,203 GC heap after
{Heap after GC invocations=3 (full 0):
 garbage-first heap   total 126976K, used 5651K [0x0000000085600000, 0x0000000100000000)
  region size 1024K, 2 young (2048K), 2 survivors (2048K)
 Metaspace       used 18281K, capacity 18801K, committed 18944K, reserved 1067008K
  class space    used 1988K, capacity 2253K, committed 2304K, reserved 1048576K
}
Event: 8,804 GC heap before
{Heap before GC invocations=3 (full 0):
 garbage-first heap   total 126976K, used 22035K [0x0000000085600000, 0x0000000100000000)
  region size 1024K, 19 young (19456K), 2 survivors (2048K)
 Metaspace       used 20675K, capacity 21151K, committed 21248K, reserved 1069056K
  class space    used 2269K, capacity 2524K, committed 2560K, reserved 1048576K
}
Event: 8,807 GC heap after
{Heap after GC invocations=4 (full 0):
 garbage-first heap   total 126976K, used 6160K [0x0000000085600000, 0x0000000100000000)
  region size 1024K, 2 young (2048K), 2 survivors (2048K)
 Metaspace       used 20675K, capacity 21151K, committed 21248K, reserved 1069056K
  class space    used 2269K, capacity 2524K, committed 2560K, reserved 1048576K
}
Event: 9,643 GC heap before
{Heap before GC invocations=5 (full 0):
 garbage-first heap   total 126976K, used 42000K [0x0000000085600000, 0x0000000100000000)
  region size 1024K, 38 young (38912K), 2 survivors (2048K)
 Metaspace       used 34876K, capacity 35525K, committed 35840K, reserved 1081344K
  class space    used 4066K, capacity 4393K, committed 4480K, reserved 1048576K
}
Event: 9,650 GC heap after
{Heap after GC invocations=6 (full 0):
 garbage-first heap   total 126976K, used 9978K [0x0000000085600000, 0x0000000100000000)
  region size 1024K, 6 young (6144K), 6 survivors (6144K)
 Metaspace       used 34876K, capacity 35525K, committed 35840K, reserved 1081344K
  class space    used 4066K, capacity 4393K, committed 4480K, reserved 1048576K
}
Event: 10,757 GC heap before
{Heap before GC invocations=7 (full 0):
 garbage-first heap   total 126976K, used 61178K [0x0000000085600000, 0x0000000100000000)
  region size 1024K, 56 young (57344K), 6 survivors (6144K)
 Metaspace       used 46996K, capacity 47788K, committed 48512K, reserved 1091584K
  class space    used 5577K, capacity 5947K, committed 6016K, reserved 1048576K
}
Event: 10,769 GC heap after
{Heap after GC invocations=8 (full 0):
 garbage-first heap   total 126976K, used 12713K [0x0000000085600000, 0x0000000100000000)
  region size 1024K, 3 young (3072K), 3 survivors (3072K)
 Metaspace       used 46996K, capacity 47788K, committed 48512K, reserved 1091584K
  class space    used 5577K, capacity 5947K, committed 6016K, reserved 1048576K
}

Deoptimization events (10 events):
Event: 77,322 Thread 0x00007fdfb04d5800 Uncommon trap: reason=unstable_if action=reinterpret pc=0x00007fdf9f7cec90 method=java.awt.Container$MouseEventTargetFilter.accept(Ljava/awt/Component;)Z @ 57 c2
Event: 95,463 Thread 0x00007fdfb04d5800 Uncommon trap: reason=unstable_if action=reinterpret pc=0x00007fdf9f634954 method=java.lang.StringLatin1.canEncode(I)Z @ 4 c2
Event: 95,464 Thread 0x00007fdfb04d5800 Uncommon trap: reason=unstable_if action=reinterpret pc=0x00007fdf9f624340 method=java.lang.AbstractStringBuilder.isLatin1()Z @ 10 c2
Event: 95,497 Thread 0x00007fdfb04d5800 Uncommon trap: reason=unstable_if action=reinterpret pc=0x00007fdf9f771530 method=java.lang.CharacterDataLatin1.isWhitespace(I)Z @ 14 c2
Event: 95,497 Thread 0x00007fdfb04d5800 Uncommon trap: reason=unstable_if action=reinterpret pc=0x00007fdf9f7752b0 method=java.lang.CharacterDataLatin1.isWhitespace(I)Z @ 14 c2
Event: 95,497 Thread 0x00007fdfb04d5800 Uncommon trap: reason=unstable_if action=reinterpret pc=0x00007fdf9f6c831c method=java.lang.CharacterDataLatin1.isWhitespace(I)Z @ 14 c2
Event: 95,556 Thread 0x00007fdfb04d5800 Uncommon trap: reason=unstable_if action=reinterpret pc=0x00007fdf9f6d26d0 method=java.io.DataInputStream.readUTF(Ljava/io/DataInput;)Ljava/lang/String; @ 112 c2
Event: 95,564 Thread 0x00007fdfb04d5800 Uncommon trap: reason=unstable_if action=reinterpret pc=0x00007fdf9f63e878 method=java.lang.StringLatin1.canEncode(I)Z @ 4 c2
Event: 95,644 Thread 0x00007fdfb04d5800 Uncommon trap: reason=unstable_if action=reinterpret pc=0x00007fdf9f7fdaa0 method=sun.java2d.xr.GrowableRectArray.pushRectValues(IIII)V @ 25 c2
Event: 123,699 Thread 0x00007fdfb04d5800 Uncommon trap: reason=unstable_if action=reinterpret pc=0x00007fdf9f84b2c4 method=sun.awt.AWTAutoShutdown.isReadyToShutdown()Z @ 16 c2

Classes redefined (0 events):
No events

Internal exceptions (10 events):
Event: 75,598 Thread 0x00007fdfb04d5800 Exception <a 'java/lang/UnsupportedOperationException'{0x000000008cac45e8}: > (0x000000008cac45e8) thrown at [/build/openjdk-lts-Ae5PRQ/openjdk-lts-10.0.2+13/src/hotspot/share/prims/jni.cpp, line 632]
Event: 76,877 Thread 0x00007fdfb04d5800 Exception <a 'java/lang/UnsupportedOperationException'{0x000000008c9165b8}: > (0x000000008c9165b8) thrown at [/build/openjdk-lts-Ae5PRQ/openjdk-lts-10.0.2+13/src/hotspot/share/prims/jni.cpp, line 632]
Event: 95,592 Thread 0x00007fdfb04d5800 Exception <a 'java/lang/NoSuchMethodError'{0x000000008c5c0a18}: java.lang.invoke.DirectMethodHandle$Holder.invokeStatic(Ljava/lang/Object;Ljava/lang/Object;Ljava/lang/Object;Ljava/lang/Object;Ljava/lang/Object;Ljava/lang/Object;Ljava/lang/Object;Ljava/lan
Event: 95,594 Thread 0x00007fdfb04d5800 Exception <a 'java/lang/NoSuchMethodError'{0x000000008c5df560}: java.lang.invoke.DirectMethodHandle$Holder.invokeStatic(Ljava/lang/Object;Ljava/lang/Object;Ljava/lang/Object;Ljava/lang/Object;Ljava/lang/Object;Ljava/lang/Object;Ljava/lang/Object;Ljava/lan
Event: 95,596 Thread 0x00007fdfb04d5800 Exception <a 'java/lang/NoSuchMethodError'{0x000000008c5ff920}: method resolution failed> (0x000000008c5ff920) thrown at [/build/openjdk-lts-Ae5PRQ/openjdk-lts-10.0.2+13/src/hotspot/share/prims/methodHandles.cpp, line 1226]
Event: 95,597 Thread 0x00007fdfb04d5800 Exception <a 'java/lang/NoSuchMethodError'{0x000000008c421928}: method resolution failed> (0x000000008c421928) thrown at [/build/openjdk-lts-Ae5PRQ/openjdk-lts-10.0.2+13/src/hotspot/share/prims/methodHandles.cpp, line 1226]
Event: 95,741 Thread 0x00007fdfb04d5800 Exception <a 'java/lang/UnsupportedOperationException'{0x000000008c3252e8}: > (0x000000008c3252e8) thrown at [/build/openjdk-lts-Ae5PRQ/openjdk-lts-10.0.2+13/src/hotspot/share/prims/jni.cpp, line 632]
Event: 102,275 Thread 0x00007fdfb04d5800 Exception <a 'java/lang/UnsupportedOperationException'{0x000000008c2be258}: > (0x000000008c2be258) thrown at [/build/openjdk-lts-Ae5PRQ/openjdk-lts-10.0.2+13/src/hotspot/share/prims/jni.cpp, line 632]
Event: 105,688 Thread 0x00007fdfb04d5800 Exception <a 'java/lang/UnsupportedOperationException'{0x000000008c1bbe90}: > (0x000000008c1bbe90) thrown at [/build/openjdk-lts-Ae5PRQ/openjdk-lts-10.0.2+13/src/hotspot/share/prims/jni.cpp, line 632]
Event: 109,885 Thread 0x00007fdfb04d5800 Exception <a 'java/lang/UnsupportedOperationException'{0x000000008bf6ace0}: > (0x000000008bf6ace0) thrown at [/build/openjdk-lts-Ae5PRQ/openjdk-lts-10.0.2+13/src/hotspot/share/prims/jni.cpp, line 632]

Events (10 events):
Event: 124,700 Executing VM operation: RevokeBias
Event: 124,700 Executing VM operation: RevokeBias done
Event: 124,701 Thread 0x00007fdfb04d4000 Thread exited: 0x00007fdfb04d4000
Event: 124,701 Thread 0x00007fdfb04d5800 Thread exited: 0x00007fdfb04d5800
Event: 9271,612 loading class sun/awt/X11/XkbEvent
Event: 9271,693 loading class sun/awt/X11/XkbEvent done
Event: 9271,699 loading class sun/awt/X11/XkbAnyEvent
Event: 9271,722 loading class sun/awt/X11/XkbAnyEvent done
Event: 10856,540 loading class jdk/internal/misc/Signal$1
Event: 10856,575 loading class jdk/internal/misc/Signal$1 done


Dynamic libraries:
85600000-8d200000 rw-p 00000000 00:00 0 
8d200000-100000000 ---p 00000000 00:00 0 
100000000-100620000 rw-p 00000000 00:00 0 
100620000-140000000 ---p 00000000 00:00 0 
55f6b7cf2000-55f6b7cf3000 r-xp 00000000 08:05 1044648                    /usr/lib/jvm/java-11-openjdk-amd64/bin/java
55f6b7ef3000-55f6b7ef4000 r--p 00001000 08:05 1044648                    /usr/lib/jvm/java-11-openjdk-amd64/bin/java
55f6b7ef4000-55f6b7ef5000 rw-p 00002000 08:05 1044648                    /usr/lib/jvm/java-11-openjdk-amd64/bin/java
55f6b9586000-55f6b95a7000 rw-p 00000000 00:00 0                          [heap]
7fdf0c000000-7fdf0c021000 rw-p 00000000 00:00 0 
7fdf0c021000-7fdf10000000 ---p 00000000 00:00 0 
7fdf134fd000-7fdf13501000 ---p 00000000 00:00 0 
7fdf13501000-7fdf135fe000 rw-p 00000000 00:00 0 
7fdf135fe000-7fdf13602000 ---p 00000000 00:00 0 
7fdf13602000-7fdf136ff000 rw-p 00000000 00:00 0 
7fdf136ff000-7fdf13703000 ---p 00000000 00:00 0 
7fdf13703000-7fdf13900000 rw-p 00000000 00:00 0 
7fdf13900000-7fdf13a00000 ---p 00000000 00:00 0 
7fdf13a00000-7fdf13c00000 rw-p 00000000 00:00 0 
7fdf13c00000-7fdf13e00000 rw-p 00000000 00:00 0 
7fdf13e00000-7fdf14000000 rw-p 00000000 00:00 0 
7fdf14000000-7fdf14021000 rw-p 00000000 00:00 0 
7fdf14021000-7fdf18000000 ---p 00000000 00:00 0 
7fdf18000000-7fdf19076000 rw-p 00000000 00:00 0 
7fdf19076000-7fdf1c000000 ---p 00000000 00:00 0 
7fdf1c000000-7fdf1c021000 rw-p 00000000 00:00 0 
7fdf1c021000-7fdf20000000 ---p 00000000 00:00 0 
7fdf20000000-7fdf20021000 rw-p 00000000 00:00 0 
7fdf20021000-7fdf24000000 ---p 00000000 00:00 0 
7fdf24000000-7fdf24021000 rw-p 00000000 00:00 0 
7fdf24021000-7fdf28000000 ---p 00000000 00:00 0 
7fdf28000000-7fdf28021000 rw-p 00000000 00:00 0 
7fdf28021000-7fdf2c000000 ---p 00000000 00:00 0 
7fdf2c000000-7fdf2c021000 rw-p 00000000 00:00 0 
7fdf2c021000-7fdf30000000 ---p 00000000 00:00 0 
7fdf300e6000-7fdf302e6000 rw-p 00000000 00:00 0 
7fdf302e6000-7fdf304e6000 rw-p 00000000 00:00 0 
7fdf304e6000-7fdf306e6000 rw-p 00000000 00:00 0 
7fdf306e6000-7fdf306ea000 ---p 00000000 00:00 0 
7fdf306ea000-7fdf309e7000 rw-p 00000000 00:00 0 
7fdf309e7000-7fdf309e8000 r-xp 00000000 08:05 1044705                    /usr/lib/jvm/java-11-openjdk-amd64/lib/libextnet.so
7fdf309e8000-7fdf30be7000 ---p 00001000 08:05 1044705                    /usr/lib/jvm/java-11-openjdk-amd64/lib/libextnet.so
7fdf30be7000-7fdf30be8000 r--p 00000000 08:05 1044705                    /usr/lib/jvm/java-11-openjdk-amd64/lib/libextnet.so
7fdf30be8000-7fdf30be9000 rw-p 00001000 08:05 1044705                    /usr/lib/jvm/java-11-openjdk-amd64/lib/libextnet.so
7fdf30be9000-7fdf30bed000 ---p 00000000 00:00 0 
7fdf30bed000-7fdf30eea000 rw-p 00000000 00:00 0 
7fdf30eea000-7fdf310ea000 rw-p 00000000 00:00 0 
7fdf310ea000-7fdf312ea000 rw-p 00000000 00:00 0 
7fdf312ea000-7fdf314ea000 rw-p 00000000 00:00 0 
7fdf314ea000-7fdf316ea000 rw-p 00000000 00:00 0 
7fdf316ea000-7fdf318ea000 rw-p 00000000 00:00 0 
7fdf318ea000-7fdf318ee000 ---p 00000000 00:00 0 
7fdf318ee000-7fdf31beb000 rw-p 00000000 00:00 0 
7fdf31beb000-7fdf31deb000 rw-p 00000000 00:00 0 
7fdf31deb000-7fdf31def000 ---p 00000000 00:00 0 
7fdf31def000-7fdf31eec000 rw-p 00000000 00:00 0 
7fdf31eec000-7fdf31ef0000 ---p 00000000 00:00 0 
7fdf31ef0000-7fdf321ed000 rw-p 00000000 00:00 0 
7fdf321ed000-7fdf323ed000 rw-p 00000000 00:00 0 
7fdf323ed000-7fdf323f2000 r-xp 00000000 08:05 271942                     /usr/lib/x86_64-linux-gnu/libXfixes.so.3.1.0
7fdf323f2000-7fdf325f1000 ---p 00005000 08:05 271942                     /usr/lib/x86_64-linux-gnu/libXfixes.so.3.1.0
7fdf325f1000-7fdf325f2000 r--p 00004000 08:05 271942                     /usr/lib/x86_64-linux-gnu/libXfixes.so.3.1.0
7fdf325f2000-7fdf325f3000 rw-p 00005000 08:05 271942                     /usr/lib/x86_64-linux-gnu/libXfixes.so.3.1.0
7fdf325f3000-7fdf325fc000 r-xp 00000000 08:05 271934                     /usr/lib/x86_64-linux-gnu/libXcursor.so.1.0.2
7fdf325fc000-7fdf327fb000 ---p 00009000 08:05 271934                     /usr/lib/x86_64-linux-gnu/libXcursor.so.1.0.2
7fdf327fb000-7fdf327fc000 r--p 00008000 08:05 271934                     /usr/lib/x86_64-linux-gnu/libXcursor.so.1.0.2
7fdf327fc000-7fdf327fd000 rw-p 00009000 08:05 271934                     /usr/lib/x86_64-linux-gnu/libXcursor.so.1.0.2
7fdf327fd000-7fdf327fe000 ---p 00000000 00:00 0 
7fdf327fe000-7fdf32ffe000 rw-p 00000000 00:00 0 
7fdf32ffe000-7fdf32fff000 ---p 00000000 00:00 0 
7fdf32fff000-7fdf337ff000 rw-p 00000000 00:00 0 
7fdf337ff000-7fdf33800000 ---p 00000000 00:00 0 
7fdf33800000-7fdf34000000 rw-p 00000000 00:00 0 
7fdf34000000-7fdf34021000 rw-p 00000000 00:00 0 
7fdf34021000-7fdf38000000 ---p 00000000 00:00 0 
7fdf380e2000-7fdf380e6000 ---p 00000000 00:00 0 
7fdf380e6000-7fdf381e3000 rw-p 00000000 00:00 0 
7fdf381e3000-7fdf381ef000 r-xp 00000000 08:05 396751                     /usr/lib/x86_64-linux-gnu/gio/modules/libdconfsettings.so
7fdf381ef000-7fdf383ee000 ---p 0000c000 08:05 396751                     /usr/lib/x86_64-linux-gnu/gio/modules/libdconfsettings.so
7fdf383ee000-7fdf383ef000 r--p 0000b000 08:05 396751                     /usr/lib/x86_64-linux-gnu/gio/modules/libdconfsettings.so
7fdf383ef000-7fdf383f0000 rw-p 0000c000 08:05 396751                     /usr/lib/x86_64-linux-gnu/gio/modules/libdconfsettings.so
7fdf383f0000-7fdf383f6000 r-xp 00000000 08:05 920010                     /lib/x86_64-linux-gnu/libuuid.so.1.3.0
7fdf383f6000-7fdf385f5000 ---p 00006000 08:05 920010                     /lib/x86_64-linux-gnu/libuuid.so.1.3.0
7fdf385f5000-7fdf385f6000 r--p 00005000 08:05 920010                     /lib/x86_64-linux-gnu/libuuid.so.1.3.0
7fdf385f6000-7fdf385f7000 rw-p 00006000 08:05 920010                     /lib/x86_64-linux-gnu/libuuid.so.1.3.0
7fdf385f7000-7fdf3863e000 r-xp 00000000 08:05 919820                     /lib/x86_64-linux-gnu/libblkid.so.1.1.0
7fdf3863e000-7fdf3883e000 ---p 00047000 08:05 919820                     /lib/x86_64-linux-gnu/libblkid.so.1.1.0
7fdf3883e000-7fdf38842000 r--p 00047000 08:05 919820                     /lib/x86_64-linux-gnu/libblkid.so.1.1.0
7fdf38842000-7fdf38843000 rw-p 0004b000 08:05 919820                     /lib/x86_64-linux-gnu/libblkid.so.1.1.0
7fdf38843000-7fdf38844000 rw-p 00000000 00:00 0 
7fdf38844000-7fdf388b4000 r-xp 00000000 08:05 919775                     /lib/x86_64-linux-gnu/libpcre.so.3.13.3
7fdf388b4000-7fdf38ab4000 ---p 00070000 08:05 919775                     /lib/x86_64-linux-gnu/libpcre.so.3.13.3
7fdf38ab4000-7fdf38ab5000 r--p 00070000 08:05 919775                     /lib/x86_64-linux-gnu/libpcre.so.3.13.3
7fdf38ab5000-7fdf38ab6000 rw-p 00071000 08:05 919775                     /lib/x86_64-linux-gnu/libpcre.so.3.13.3
7fdf38ab6000-7fdf38abd000 r-xp 00000000 08:05 272269                     /usr/lib/x86_64-linux-gnu/libffi.so.6.0.4
7fdf38abd000-7fdf38cbc000 ---p 00007000 08:05 272269                     /usr/lib/x86_64-linux-gnu/libffi.so.6.0.4
7fdf38cbc000-7fdf38cbd000 r--p 00006000 08:05 272269                     /usr/lib/x86_64-linux-gnu/libffi.so.6.0.4
7fdf38cbd000-7fdf38cbe000 rw-p 00007000 08:05 272269                     /usr/lib/x86_64-linux-gnu/libffi.so.6.0.4
7fdf38cbe000-7fdf38d0f000 r-xp 00000000 08:05 919686                     /lib/x86_64-linux-gnu/libmount.so.1.1.0
7fdf38d0f000-7fdf38f0e000 ---p 00051000 08:05 919686                     /lib/x86_64-linux-gnu/libmount.so.1.1.0
7fdf38f0e000-7fdf38f10000 r--p 00050000 08:05 919686                     /lib/x86_64-linux-gnu/libmount.so.1.1.0
7fdf38f10000-7fdf38f11000 rw-p 00052000 08:05 919686                     /lib/x86_64-linux-gnu/libmount.so.1.1.0
7fdf38f11000-7fdf38f12000 rw-p 00000000 00:00 0 
7fdf38f12000-7fdf38f29000 r-xp 00000000 08:05 919792                     /lib/x86_64-linux-gnu/libresolv-2.27.so
7fdf38f29000-7fdf39129000 ---p 00017000 08:05 919792                     /lib/x86_64-linux-gnu/libresolv-2.27.so
7fdf39129000-7fdf3912a000 r--p 00017000 08:05 919792                     /lib/x86_64-linux-gnu/libresolv-2.27.so
7fdf3912a000-7fdf3912b000 rw-p 00018000 08:05 919792                     /lib/x86_64-linux-gnu/libresolv-2.27.so
7fdf3912b000-7fdf3912d000 rw-p 00000000 00:00 0 
7fdf3912d000-7fdf39152000 r-xp 00000000 08:05 919798                     /lib/x86_64-linux-gnu/libselinux.so.1
7fdf39152000-7fdf39351000 ---p 00025000 08:05 919798                     /lib/x86_64-linux-gnu/libselinux.so.1
7fdf39351000-7fdf39352000 r--p 00024000 08:05 919798                     /lib/x86_64-linux-gnu/libselinux.so.1
7fdf39352000-7fdf39353000 rw-p 00025000 08:05 919798                     /lib/x86_64-linux-gnu/libselinux.so.1
7fdf39353000-7fdf39355000 rw-p 00000000 00:00 0 
7fdf39355000-7fdf39468000 r-xp 00000000 08:05 262951                     /usr/lib/x86_64-linux-gnu/libglib-2.0.so.0.5600.3
7fdf39468000-7fdf39668000 ---p 00113000 08:05 262951                     /usr/lib/x86_64-linux-gnu/libglib-2.0.so.0.5600.3
7fdf39668000-7fdf39669000 r--p 00113000 08:05 262951                     /usr/lib/x86_64-linux-gnu/libglib-2.0.so.0.5600.3
7fdf39669000-7fdf3966a000 rw-p 00114000 08:05 262951                     /usr/lib/x86_64-linux-gnu/libglib-2.0.so.0.5600.3
7fdf3966a000-7fdf3966b000 rw-p 00000000 00:00 0 
7fdf3966b000-7fdf3966e000 r-xp 00000000 08:05 268079                     /usr/lib/x86_64-linux-gnu/libgmodule-2.0.so.0.5600.3
7fdf3966e000-7fdf3986d000 ---p 00003000 08:05 268079                     /usr/lib/x86_64-linux-gnu/libgmodule-2.0.so.0.5600.3
7fdf3986d000-7fdf3986e000 r--p 00002000 08:05 268079                     /usr/lib/x86_64-linux-gnu/libgmodule-2.0.so.0.5600.3
7fdf3986e000-7fdf3986f000 rw-p 00003000 08:05 268079                     /usr/lib/x86_64-linux-gnu/libgmodule-2.0.so.0.5600.3
7fdf3986f000-7fdf398c1000 r-xp 00000000 08:05 270586                     /usr/lib/x86_64-linux-gnu/libgobject-2.0.so.0.5600.3
7fdf398c1000-7fdf39ac1000 ---p 00052000 08:05 270586                     /usr/lib/x86_64-linux-gnu/libgobject-2.0.so.0.5600.3
7fdf39ac1000-7fdf39ac2000 r--p 00052000 08:05 270586                     /usr/lib/x86_64-linux-gnu/libgobject-2.0.so.0.5600.3
7fdf39ac2000-7fdf39ac3000 rw-p 00053000 08:05 270586                     /usr/lib/x86_64-linux-gnu/libgobject-2.0.so.0.5600.3
7fdf39ac3000-7fdf39c58000 r-xp 00000000 08:05 262552                     /usr/lib/x86_64-linux-gnu/libgio-2.0.so.0.5600.3
7fdf39c58000-7fdf39e58000 ---p 00195000 08:05 262552                     /usr/lib/x86_64-linux-gnu/libgio-2.0.so.0.5600.3
7fdf39e58000-7fdf39e5f000 r--p 00195000 08:05 262552                     /usr/lib/x86_64-linux-gnu/libgio-2.0.so.0.5600.3
7fdf39e5f000-7fdf39e60000 rw-p 0019c000 08:05 262552                     /usr/lib/x86_64-linux-gnu/libgio-2.0.so.0.5600.3
7fdf39e60000-7fdf39e62000 rw-p 00000000 00:00 0 
7fdf39e62000-7fdf39e6c000 r-xp 00000000 08:05 271958                     /usr/lib/x86_64-linux-gnu/libXrandr.so.2.2.0
7fdf39e6c000-7fdf3a06b000 ---p 0000a000 08:05 271958                     /usr/lib/x86_64-linux-gnu/libXrandr.so.2.2.0
7fdf3a06b000-7fdf3a06c000 r--p 00009000 08:05 271958                     /usr/lib/x86_64-linux-gnu/libXrandr.so.2.2.0
7fdf3a06c000-7fdf3a06d000 rw-p 0000a000 08:05 271958                     /usr/lib/x86_64-linux-gnu/libXrandr.so.2.2.0
7fdf3a06d000-7fdf3a26d000 rw-p 00000000 00:00 0 
7fdf3a26d000-7fdf3a29e000 r-xp 00000000 08:05 272791                     /usr/lib/x86_64-linux-gnu/libpng16.so.16.34.0
7fdf3a29e000-7fdf3a49d000 ---p 00031000 08:05 272791                     /usr/lib/x86_64-linux-gnu/libpng16.so.16.34.0
7fdf3a49d000-7fdf3a49e000 r--p 00030000 08:05 272791                     /usr/lib/x86_64-linux-gnu/libpng16.so.16.34.0
7fdf3a49e000-7fdf3a49f000 rw-p 00031000 08:05 272791                     /usr/lib/x86_64-linux-gnu/libpng16.so.16.34.0
7fdf3a49f000-7fdf3a54c000 r-xp 00000000 08:05 272301                     /usr/lib/x86_64-linux-gnu/libfreetype.so.6.15.0
7fdf3a54c000-7fdf3a74b000 ---p 000ad000 08:05 272301                     /usr/lib/x86_64-linux-gnu/libfreetype.so.6.15.0
7fdf3a74b000-7fdf3a752000 r--p 000ac000 08:05 272301                     /usr/lib/x86_64-linux-gnu/libfreetype.so.6.15.0
7fdf3a752000-7fdf3a753000 rw-p 000b3000 08:05 272301                     /usr/lib/x86_64-linux-gnu/libfreetype.so.6.15.0
7fdf3a753000-7fdf3a7e8000 r-xp 00000000 08:05 1044706                    /usr/lib/jvm/java-11-openjdk-amd64/lib/libfontmanager.so
7fdf3a7e8000-7fdf3a9e8000 ---p 00095000 08:05 1044706                    /usr/lib/jvm/java-11-openjdk-amd64/lib/libfontmanager.so
7fdf3a9e8000-7fdf3a9e9000 r--p 00095000 08:05 1044706                    /usr/lib/jvm/java-11-openjdk-amd64/lib/libfontmanager.so
7fdf3a9e9000-7fdf3a9ea000 rw-p 00096000 08:05 1044706                    /usr/lib/jvm/java-11-openjdk-amd64/lib/libfontmanager.so
7fdf3a9ea000-7fdf3a9eb000 rw-p 00000000 00:00 0 
7fdf3a9eb000-7fdf3a9fe000 r-xp 00000000 08:05 919649                     /lib/x86_64-linux-gnu/libbsd.so.0.8.7
7fdf3a9fe000-7fdf3abfd000 ---p 00013000 08:05 919649                     /lib/x86_64-linux-gnu/libbsd.so.0.8.7
7fdf3abfd000-7fdf3abfe000 r--p 00012000 08:05 919649                     /lib/x86_64-linux-gnu/libbsd.so.0.8.7
7fdf3abfe000-7fdf3abff000 rw-p 00013000 08:05 919649                     /lib/x86_64-linux-gnu/libbsd.so.0.8.7
7fdf3abff000-7fdf3ac00000 rw-p 00000000 00:00 0 
7fdf3ac00000-7fdf3ac05000 r-xp 00000000 08:05 271938                     /usr/lib/x86_64-linux-gnu/libXdmcp.so.6.0.0
7fdf3ac05000-7fdf3ae04000 ---p 00005000 08:05 271938                     /usr/lib/x86_64-linux-gnu/libXdmcp.so.6.0.0
7fdf3ae04000-7fdf3ae05000 r--p 00004000 08:05 271938                     /usr/lib/x86_64-linux-gnu/libXdmcp.so.6.0.0
7fdf3ae05000-7fdf3ae06000 rw-p 00005000 08:05 271938                     /usr/lib/x86_64-linux-gnu/libXdmcp.so.6.0.0
7fdf3ae06000-7fdf3ae08000 r-xp 00000000 08:05 271927                     /usr/lib/x86_64-linux-gnu/libXau.so.6.0.0
7fdf3ae08000-7fdf3b008000 ---p 00002000 08:05 271927                     /usr/lib/x86_64-linux-gnu/libXau.so.6.0.0
7fdf3b008000-7fdf3b009000 r--p 00002000 08:05 271927                     /usr/lib/x86_64-linux-gnu/libXau.so.6.0.0
7fdf3b009000-7fdf3b00a000 rw-p 00003000 08:05 271927                     /usr/lib/x86_64-linux-gnu/libXau.so.6.0.0
7fdf3b00a000-7fdf3b030000 r-xp 00000000 08:05 273131                     /usr/lib/x86_64-linux-gnu/libxcb.so.1.1.0
7fdf3b030000-7fdf3b230000 ---p 00026000 08:05 273131                     /usr/lib/x86_64-linux-gnu/libxcb.so.1.1.0
7fdf3b230000-7fdf3b231000 r--p 00026000 08:05 273131                     /usr/lib/x86_64-linux-gnu/libxcb.so.1.1.0
7fdf3b231000-7fdf3b232000 rw-p 00027000 08:05 273131                     /usr/lib/x86_64-linux-gnu/libxcb.so.1.1.0
7fdf3b232000-7fdf3b241000 r-xp 00000000 08:05 271948                     /usr/lib/x86_64-linux-gnu/libXi.so.6.1.0
7fdf3b241000-7fdf3b440000 ---p 0000f000 08:05 271948                     /usr/lib/x86_64-linux-gnu/libXi.so.6.1.0
7fdf3b440000-7fdf3b441000 r--p 0000e000 08:05 271948                     /usr/lib/x86_64-linux-gnu/libXi.so.6.1.0
7fdf3b441000-7fdf3b442000 rw-p 0000f000 08:05 271948                     /usr/lib/x86_64-linux-gnu/libXi.so.6.1.0
7fdf3b442000-7fdf3b447000 r-xp 00000000 08:05 271966                     /usr/lib/x86_64-linux-gnu/libXtst.so.6.1.0
7fdf3b447000-7fdf3b646000 ---p 00005000 08:05 271966                     /usr/lib/x86_64-linux-gnu/libXtst.so.6.1.0
7fdf3b646000-7fdf3b647000 r--p 00004000 08:05 271966                     /usr/lib/x86_64-linux-gnu/libXtst.so.6.1.0
7fdf3b647000-7fdf3b648000 rw-p 00005000 08:05 271966                     /usr/lib/x86_64-linux-gnu/libXtst.so.6.1.0
7fdf3b648000-7fdf3b651000 r-xp 00000000 08:05 271960                     /usr/lib/x86_64-linux-gnu/libXrender.so.1.3.0
7fdf3b651000-7fdf3b850000 ---p 00009000 08:05 271960                     /usr/lib/x86_64-linux-gnu/libXrender.so.1.3.0
7fdf3b850000-7fdf3b851000 r--p 00008000 08:05 271960                     /usr/lib/x86_64-linux-gnu/libXrender.so.1.3.0
7fdf3b851000-7fdf3b852000 rw-p 00009000 08:05 271960                     /usr/lib/x86_64-linux-gnu/libXrender.so.1.3.0
7fdf3b852000-7fdf3b985000 r-xp 00000000 08:05 263759                     /usr/lib/x86_64-linux-gnu/libX11.so.6.3.0
7fdf3b985000-7fdf3bb85000 ---p 00133000 08:05 263759                     /usr/lib/x86_64-linux-gnu/libX11.so.6.3.0
7fdf3bb85000-7fdf3bb86000 r--p 00133000 08:05 263759                     /usr/lib/x86_64-linux-gnu/libX11.so.6.3.0
7fdf3bb86000-7fdf3bb8a000 rw-p 00134000 08:05 263759                     /usr/lib/x86_64-linux-gnu/libX11.so.6.3.0
7fdf3bb8a000-7fdf3bb9b000 r-xp 00000000 08:05 271940                     /usr/lib/x86_64-linux-gnu/libXext.so.6.4.0
7fdf3bb9b000-7fdf3bd9a000 ---p 00011000 08:05 271940                     /usr/lib/x86_64-linux-gnu/libXext.so.6.4.0
7fdf3bd9a000-7fdf3bd9b000 r--p 00010000 08:05 271940                     /usr/lib/x86_64-linux-gnu/libXext.so.6.4.0
7fdf3bd9b000-7fdf3bd9c000 rw-p 00011000 08:05 271940                     /usr/lib/x86_64-linux-gnu/libXext.so.6.4.0
7fdf3bd9c000-7fdf3bdfb000 r-xp 00000000 08:05 1044703                    /usr/lib/jvm/java-11-openjdk-amd64/lib/libawt_xawt.so
7fdf3bdfb000-7fdf3bffa000 ---p 0005f000 08:05 1044703                    /usr/lib/jvm/java-11-openjdk-amd64/lib/libawt_xawt.so
7fdf3bffa000-7fdf3bffb000 r--p 0005e000 08:05 1044703                    /usr/lib/jvm/java-11-openjdk-amd64/lib/libawt_xawt.so
7fdf3bffb000-7fdf3bffe000 rw-p 0005f000 08:05 1044703                    /usr/lib/jvm/java-11-openjdk-amd64/lib/libawt_xawt.so
7fdf3bffe000-7fdf3c000000 rw-p 00000000 00:00 0 
7fdf3c000000-7fdf3c021000 rw-p 00000000 00:00 0 
7fdf3c021000-7fdf40000000 ---p 00000000 00:00 0 
7fdf40000000-7fdf40021000 rw-p 00000000 00:00 0 
7fdf40021000-7fdf44000000 ---p 00000000 00:00 0 
7fdf44000000-7fdf44868000 rw-p 00000000 00:00 0 
7fdf44868000-7fdf48000000 ---p 00000000 00:00 0 
7fdf48000000-7fdf48021000 rw-p 00000000 00:00 0 
7fdf48021000-7fdf4c000000 ---p 00000000 00:00 0 
7fdf4c000000-7fdf4d9c2000 rw-p 00000000 00:00 0 
7fdf4d9c2000-7fdf50000000 ---p 00000000 00:00 0 
7fdf50000000-7fdf5167b000 rw-p 00000000 00:00 0 
7fdf5167b000-7fdf54000000 ---p 00000000 00:00 0 
7fdf54000000-7fdf54021000 rw-p 00000000 00:00 0 
7fdf54021000-7fdf58000000 ---p 00000000 00:00 0 
7fdf58000000-7fdf58021000 rw-p 00000000 00:00 0 
7fdf58021000-7fdf5c000000 ---p 00000000 00:00 0 
7fdf5c000000-7fdf5c021000 rw-p 00000000 00:00 0 
7fdf5c021000-7fdf60000000 ---p 00000000 00:00 0 
7fdf60000000-7fdf60021000 rw-p 00000000 00:00 0 
7fdf60021000-7fdf64000000 ---p 00000000 00:00 0 
7fdf64000000-7fdf64021000 rw-p 00000000 00:00 0 
7fdf64021000-7fdf68000000 ---p 00000000 00:00 0 
7fdf68000000-7fdf68021000 rw-p 00000000 00:00 0 
7fdf68021000-7fdf6c000000 ---p 00000000 00:00 0 
7fdf6c000000-7fdf6c021000 rw-p 00000000 00:00 0 
7fdf6c021000-7fdf70000000 ---p 00000000 00:00 0 
7fdf70000000-7fdf70021000 rw-p 00000000 00:00 0 
7fdf70021000-7fdf74000000 ---p 00000000 00:00 0 
7fdf74000000-7fdf74021000 rw-p 00000000 00:00 0 
7fdf74021000-7fdf78000000 ---p 00000000 00:00 0 
7fdf78000000-7fdf78021000 rw-p 00000000 00:00 0 
7fdf78021000-7fdf7c000000 ---p 00000000 00:00 0 
7fdf7c000000-7fdf7c021000 rw-p 00000000 00:00 0 
7fdf7c021000-7fdf80000000 ---p 00000000 00:00 0 
7fdf80000000-7fdf80021000 rw-p 00000000 00:00 0 
7fdf80021000-7fdf84000000 ---p 00000000 00:00 0 
7fdf84057000-7fdf8405b000 ---p 00000000 00:00 0 
7fdf8405b000-7fdf86348000 rw-p 00000000 00:00 0 
7fdf86348000-7fdf88000000 ---p 00000000 00:00 0 
7fdf88000000-7fdf88021000 rw-p 00000000 00:00 0 
7fdf88021000-7fdf8c000000 ---p 00000000 00:00 0 
7fdf8c000000-7fdf8c021000 rw-p 00000000 00:00 0 
7fdf8c021000-7fdf90000000 ---p 00000000 00:00 0 
7fdf90000000-7fdf90021000 rw-p 00000000 00:00 0 
7fdf90021000-7fdf94000000 ---p 00000000 00:00 0 
7fdf9405c000-7fdf94060000 r--s 00000000 08:05 1206704                    /var/cache/fontconfig/6aa41aa22e18b8fa06a12da28ea9c28b-le64.cache-7
7fdf94060000-7fdf9406b000 r--s 00000000 08:05 1192451                    /var/cache/fontconfig/945677eb7aeaf62f1d50efc3fb3ec7d8-le64.cache-7
7fdf9406b000-7fdf94070000 r--s 00000000 08:05 1192422                    /var/cache/fontconfig/2300eef321c393bfd76478a5c0e95b23-le64.cache-7
7fdf94070000-7fdf94071000 r--s 00000000 08:05 1192415                    /var/cache/fontconfig/0d8c3b2ac0904cb8a57a757ad11a4a08-le64.cache-7
7fdf94071000-7fdf94086000 r--s 00000000 08:05 1192411                    /var/cache/fontconfig/04aabc0a78ac019cf9454389977116d2-le64.cache-7
7fdf94086000-7fdf94087000 r--s 00000000 08:05 1192419                    /var/cache/fontconfig/1ac9eb803944fde146138c791f5cc56a-le64.cache-7
7fdf94087000-7fdf94088000 r--s 00000000 08:05 1192470                    /var/cache/fontconfig/dc05db6664285cc2f12bf69c139ae4c3-le64.cache-7
7fdf94088000-7fdf9408a000 r--s 00000000 08:05 1192416                    /var/cache/fontconfig/14a5e22175779b556eaa434240950366-le64.cache-7
7fdf9408a000-7fdf9408b000 r--s 00000000 08:05 1192443                    /var/cache/fontconfig/660208299946a285a940457d1287da33-le64.cache-7
7fdf9408b000-7fdf9408c000 r--s 00000000 08:05 1206489                    /var/cache/fontconfig/5d1cca7074f29429a8d18692746c2426-le64.cache-7
7fdf9408c000-7fdf9408e000 r--s 00000000 08:05 1192434                    /var/cache/fontconfig/4f3e3037c9980c83b53a9351efadef62-le64.cache-7
7fdf9408e000-7fdf94090000 r--s 00000000 08:05 1192448                    /var/cache/fontconfig/767a8244fc0220cfb567a839d0392e0b-le64.cache-7
7fdf94090000-7fdf94091000 r--s 00000000 08:05 1176178                    /var/cache/fontconfig/4794a0821666d79190d59a36cb4f44b5-le64.cache-7
7fdf94091000-7fdf94093000 r--s 00000000 08:05 1176008                    /var/cache/fontconfig/0bd3dc0958fa2205aaaa8ebb13e2872b-le64.cache-7
7fdf94093000-7fdf94098000 r--s 00000000 08:05 1192471                    /var/cache/fontconfig/def309198bfa603429122923fa2bb2d4-le64.cache-7
7fdf94098000-7fdf94099000 r--s 00000000 08:05 1192459                    /var/cache/fontconfig/b872e6e592da6075ffa4ab0a1fcc0c75-le64.cache-7
7fdf94099000-7fdf9409a000 r--s 00000000 08:05 1192476                    /var/cache/fontconfig/f6d4eedfaab2589bde49f7a3ff831d22-le64.cache-7
7fdf9409a000-7fdf9409b000 r--s 00000000 08:05 1192441                    /var/cache/fontconfig/589f83ef4c36d296ce6e1c846f468f08-le64.cache-7
7fdf9409b000-7fdf9409c000 r--s 00000000 08:05 1192461                    /var/cache/fontconfig/bab58bb527bb656aaa9f116d68a48d89-le64.cache-7
7fdf9409c000-7fdf9409d000 r--s 00000000 08:05 1192420                    /var/cache/fontconfig/2171a34dccabdb6bcbbc728186263178-le64.cache-7
7fdf9409d000-7fdf9409e000 r--s 00000000 08:05 1192462                    /var/cache/fontconfig/c5c45a61289222e0d30b1a26ef4effbe-le64.cache-7
7fdf9409e000-7fdf9409f000 r--s 00000000 08:05 1192457                    /var/cache/fontconfig/aec30016f93e1b46d1a973dce0d74068-le64.cache-7
7fdf9409f000-7fdf940a0000 r--s 00000000 08:05 1192427                    /var/cache/fontconfig/3f589640d34b7dc9042c8d453f7c8b9c-le64.cache-7
7fdf940a0000-7fdf940a1000 r--s 00000000 08:05 1192417                    /var/cache/fontconfig/16c2fda60d1b4b719f4b3d06fd951d25-le64.cache-7
7fdf940a1000-7fdf940a6000 r--s 00000000 08:05 1188065                    /var/cache/fontconfig/9d2451b1fd30e5bffe8383fd27c35478-le64.cache-7
7fdf940a6000-7fdf94146000 r-xp 00000000 08:05 1044701                    /usr/lib/jvm/java-11-openjdk-amd64/lib/libawt.so
7fdf94146000-7fdf94346000 ---p 000a0000 08:05 1044701                    /usr/lib/jvm/java-11-openjdk-amd64/lib/libawt.so
7fdf94346000-7fdf94347000 r--p 000a0000 08:05 1044701                    /usr/lib/jvm/java-11-openjdk-amd64/lib/libawt.so
7fdf94347000-7fdf94352000 rw-p 000a1000 08:05 1044701                    /usr/lib/jvm/java-11-openjdk-amd64/lib/libawt.so
7fdf94352000-7fdf94377000 rw-p 00000000 00:00 0 
7fdf94377000-7fdf9438e000 r-xp 00000000 08:05 1044726                    /usr/lib/jvm/java-11-openjdk-amd64/lib/libnet.so
7fdf9438e000-7fdf9458d000 ---p 00017000 08:05 1044726                    /usr/lib/jvm/java-11-openjdk-amd64/lib/libnet.so
7fdf9458d000-7fdf9458e000 r--p 00016000 08:05 1044726                    /usr/lib/jvm/java-11-openjdk-amd64/lib/libnet.so
7fdf9458e000-7fdf9458f000 rw-p 00017000 08:05 1044726                    /usr/lib/jvm/java-11-openjdk-amd64/lib/libnet.so
7fdf9458f000-7fdf945a0000 r-xp 00000000 08:05 1044727                    /usr/lib/jvm/java-11-openjdk-amd64/lib/libnio.so
7fdf945a0000-7fdf9479f000 ---p 00011000 08:05 1044727                    /usr/lib/jvm/java-11-openjdk-amd64/lib/libnio.so
7fdf9479f000-7fdf947a0000 r--p 00010000 08:05 1044727                    /usr/lib/jvm/java-11-openjdk-amd64/lib/libnio.so
7fdf947a0000-7fdf947a1000 rw-p 00011000 08:05 1044727                    /usr/lib/jvm/java-11-openjdk-amd64/lib/libnio.so
7fdf947a1000-7fdf947a5000 ---p 00000000 00:00 0 
7fdf947a5000-7fdf948a2000 rw-p 00000000 00:00 0 
7fdf948a2000-7fdf948a3000 ---p 00000000 00:00 0 
7fdf948a3000-7fdf949a4000 rw-p 00000000 00:00 0 
7fdf949a4000-7fdf949a8000 ---p 00000000 00:00 0 
7fdf949a8000-7fdf94aa5000 rw-p 00000000 00:00 0 
7fdf94aa5000-7fdf94aa9000 ---p 00000000 00:00 0 
7fdf94aa9000-7fdf94ba6000 rw-p 00000000 00:00 0 
7fdf94ba6000-7fdf94baa000 ---p 00000000 00:00 0 
7fdf94baa000-7fdf94ca7000 rw-p 00000000 00:00 0 
7fdf94ca7000-7fdf94cab000 ---p 00000000 00:00 0 
7fdf94cab000-7fdf94da8000 rw-p 00000000 00:00 0 
7fdf94da8000-7fdf94dac000 ---p 00000000 00:00 0 
7fdf94dac000-7fdf94ea9000 rw-p 00000000 00:00 0 
7fdf94ea9000-7fdf94ead000 ---p 00000000 00:00 0 
7fdf94ead000-7fdf94faa000 rw-p 00000000 00:00 0 
7fdf94faa000-7fdf95979000 r--p 00000000 08:05 267985                     /usr/lib/locale/locale-archive
7fdf95979000-7fdf9597d000 ---p 00000000 00:00 0 
7fdf9597d000-7fdf95a7a000 rw-p 00000000 00:00 0 
7fdf95a7a000-7fdf95a7e000 ---p 00000000 00:00 0 
7fdf95a7e000-7fdf95b7b000 rw-p 00000000 00:00 0 
7fdf95b7b000-7fdf95b7c000 ---p 00000000 00:00 0 
7fdf95b7c000-7fdf95e6d000 rw-p 00000000 00:00 0 
7fdf95e6d000-7fdf97b25000 ---p 00000000 00:00 0 
7fdf97b25000-7fdf97d95000 rwxp 00000000 00:00 0 
7fdf97d95000-7fdf980b5000 ---p 00000000 00:00 0 
7fdf980b5000-7fdf98bb5000 rwxp 00000000 00:00 0 
7fdf98bb5000-7fdf9f5ed000 ---p 00000000 00:00 0 
7fdf9f5ed000-7fdf9f89d000 rwxp 00000000 00:00 0 
7fdf9f89d000-7fdfa6b25000 ---p 00000000 00:00 0 
7fdfa6b25000-7fdfb0000000 r--s 00000000 08:05 1062053                    /usr/lib/jvm/java-11-openjdk-amd64/lib/modules
7fdfb0000000-7fdfb055d000 rw-p 00000000 00:00 0 
7fdfb055d000-7fdfb4000000 ---p 00000000 00:00 0 
7fdfb4000000-7fdfb4001000 r--s 00000000 08:05 1192456                    /var/cache/fontconfig/a48eab177a16e4f3713381162db2f3e9-le64.cache-7
7fdfb4001000-7fdfb4002000 r--s 00000000 08:05 1192437                    /var/cache/fontconfig/564b2e68ac9bc4e36a6f7f6d6125ec1c-le64.cache-7
7fdfb4002000-7fdfb4008000 r--s 00000000 08:05 1188064                    /var/cache/fontconfig/3047814df9a2f067bd2d96a2b9c36e5a-le64.cache-7
7fdfb4008000-7fdfb4010000 r--s 00000000 08:05 1206702                    /var/cache/fontconfig/bf3b770c553c462765856025a94f1ce6-le64.cache-7
7fdfb4010000-7fdfb4011000 r--s 00000000 08:05 1192438                    /var/cache/fontconfig/56cf4f4769d0f4abc89a4895d7bd3ae1-le64.cache-7
7fdfb4011000-7fdfb4012000 r--s 00000000 08:05 1192460                    /var/cache/fontconfig/b9d506c9ac06c20b433354fa67a72993-le64.cache-7
7fdfb4012000-7fdfb4018000 r--s 00000000 08:05 1192458                    /var/cache/fontconfig/b47c4e1ecd0709278f4910c18777a504-le64.cache-7
7fdfb4018000-7fdfb402b000 r--s 00000000 08:05 1192467                    /var/cache/fontconfig/d52a8644073d54c13679302ca1180695-le64.cache-7
7fdfb402b000-7fdfb402c000 r--s 00000000 08:05 1192425                    /var/cache/fontconfig/370e5b74bf5dafc30834de68e24a87a4-le64.cache-7
7fdfb402c000-7fdfb402d000 r--s 00000000 08:05 1192446                    /var/cache/fontconfig/6b2c5944714ca7831b25bed9e85cb5c8-le64.cache-7
7fdfb402d000-7fdfb402e000 r--s 00000000 08:05 1192466                    /var/cache/fontconfig/d5178ab6d91b49bf20a416737dcea9e8-le64.cache-7
7fdfb402e000-7fdfb402f000 r--s 00000000 08:05 1192436                    /var/cache/fontconfig/551ecf3b0e8b0bca0f25c0944f561853-le64.cache-7
7fdfb402f000-7fdfb4032000 r--s 00000000 08:05 1192475                    /var/cache/fontconfig/f259c2cffa685e28062317905db73c4a-le64.cache-7
7fdfb4032000-7fdfb4034000 r--s 00000000 08:05 1192435                    /var/cache/fontconfig/550f3886151c940c12a5ed35f6a00586-le64.cache-7
7fdfb4034000-7fdfb4037000 r--s 00000000 08:05 1192444                    /var/cache/fontconfig/674d1711f2d1d2a09646eb0bdcadee49-le64.cache-7
7fdfb4037000-7fdfb4038000 r--s 00000000 08:05 1192428                    /var/cache/fontconfig/3f7329c5293ffd510edef78f73874cfd-le64.cache-7
7fdfb4038000-7fdfb4044000 r--s 00000000 08:05 1199994                    /var/cache/fontconfig/d589a48862398ed80a3d6066f4f56f4c-le64.cache-7
7fdfb4044000-7fdfb4045000 r--s 00000000 08:05 1206478                    /var/cache/fontconfig/e7de81b01590fb7e12b38e274e17d0db-le64.cache-7
7fdfb4045000-7fdfb4046000 r--s 00000000 08:05 1192414                    /var/cache/fontconfig/0c9eb80ebd1c36541ebe2852d3bb0c49-le64.cache-7
7fdfb4046000-7fdfb4047000 r--s 00000000 08:05 1192421                    /var/cache/fontconfig/22368d551a680bfe5a62c02760edf4ea-le64.cache-7
7fdfb4047000-7fdfb4048000 r--s 00000000 08:05 1192433                    /var/cache/fontconfig/4d9c95eba1cb85bbcf2878543262124a-le64.cache-7
7fdfb4048000-7fdfb4049000 r--s 00000000 08:05 1192450                    /var/cache/fontconfig/85e0a52ce643a7ba2ae53e5d6949cead-le64.cache-7
7fdfb4049000-7fdfb4057000 r--s 00000000 08:05 1192453                    /var/cache/fontconfig/9b89f8e3dae116d678bbf48e5f21f69b-le64.cache-7
7fdfb4057000-7fdfb406f000 r--s 00000000 08:05 1192469                    /var/cache/fontconfig/e13b20fdb08344e0e664864cc2ede53d-le64.cache-7
7fdfb406f000-7fdfb407c000 r--s 00000000 08:05 1206697                    /var/cache/fontconfig/8f02d4cb045bd6ce15663e43f347c9f8-le64.cache-7
7fdfb407c000-7fdfb409d000 r--s 00000000 08:05 1206694                    /var/cache/fontconfig/467c019e582ee353435ea5c21d137ef6-le64.cache-7
7fdfb409d000-7fdfb40cd000 r--p 00000000 08:05 526415                     /usr/share/glib-2.0/schemas/gschemas.compiled
7fdfb40cd000-7fdfb49f7000 rw-p 00000000 00:00 0 
7fdfb49f7000-7fdfb49f8000 ---p 00000000 00:00 0 
7fdfb49f8000-7fdfb4af9000 rw-p 00000000 00:00 0 
7fdfb4af9000-7fdfb4afa000 ---p 00000000 00:00 0 
7fdfb4afa000-7fdfb4bfb000 rw-p 00000000 00:00 0 
7fdfb4bfb000-7fdfb4bfc000 ---p 00000000 00:00 0 
7fdfb4bfc000-7fdfb4cfd000 rw-p 00000000 00:00 0 
7fdfb4cfd000-7fdfb4cfe000 ---p 00000000 00:00 0 
7fdfb4cfe000-7fdfb4dff000 rw-p 00000000 00:00 0 
7fdfb4dff000-7fdfb4e00000 ---p 00000000 00:00 0 
7fdfb4e00000-7fdfb5305000 rw-p 00000000 00:00 0 
7fdfb5305000-7fdfb5306000 ---p 00000000 00:00 0 
7fdfb5306000-7fdfb5407000 rw-p 00000000 00:00 0 
7fdfb5407000-7fdfb5408000 ---p 00000000 00:00 0 
7fdfb5408000-7fdfb5547000 rw-p 00000000 00:00 0 
7fdfb5547000-7fdfb58de000 ---p 00000000 00:00 0 
7fdfb58de000-7fdfb591c000 rw-p 00000000 00:00 0 
7fdfb591c000-7fdfb5cb3000 ---p 00000000 00:00 0 
7fdfb5cb3000-7fdfb5cf1000 rw-p 00000000 00:00 0 
7fdfb5cf1000-7fdfb6088000 ---p 00000000 00:00 0 
7fdfb6088000-7fdfb648c000 rw-p 00000000 00:00 0 
7fdfb648c000-7fdfb648d000 ---p 00000000 00:00 0 
7fdfb648d000-7fdfb658e000 rw-p 00000000 00:00 0 
7fdfb658e000-7fdfb658f000 ---p 00000000 00:00 0 
7fdfb658f000-7fdfb6690000 rw-p 00000000 00:00 0 
7fdfb6690000-7fdfb6691000 ---p 00000000 00:00 0 
7fdfb6691000-7fdfb6792000 rw-p 00000000 00:00 0 
7fdfb6792000-7fdfb6793000 ---p 00000000 00:00 0 
7fdfb6793000-7fdfb689a000 rw-p 00000000 00:00 0 
7fdfb689a000-7fdfb697f000 ---p 00000000 00:00 0 
7fdfb697f000-7fdfb6995000 rw-p 00000000 00:00 0 
7fdfb6995000-7fdfb6a6a000 ---p 00000000 00:00 0 
7fdfb6a6a000-7fdfb6a6f000 r-xp 00000000 08:05 1044718                    /usr/lib/jvm/java-11-openjdk-amd64/lib/libjimage.so
7fdfb6a6f000-7fdfb6c6e000 ---p 00005000 08:05 1044718                    /usr/lib/jvm/java-11-openjdk-amd64/lib/libjimage.so
7fdfb6c6e000-7fdfb6c6f000 r--p 00004000 08:05 1044718                    /usr/lib/jvm/java-11-openjdk-amd64/lib/libjimage.so
7fdfb6c6f000-7fdfb6c70000 rw-p 00005000 08:05 1044718                    /usr/lib/jvm/java-11-openjdk-amd64/lib/libjimage.so
7fdfb6c70000-7fdfb6c77000 r-xp 00000000 08:05 1062049                    /usr/lib/jvm/java-11-openjdk-amd64/lib/libzip.so
7fdfb6c77000-7fdfb6e76000 ---p 00007000 08:05 1062049                    /usr/lib/jvm/java-11-openjdk-amd64/lib/libzip.so
7fdfb6e76000-7fdfb6e77000 r--p 00006000 08:05 1062049                    /usr/lib/jvm/java-11-openjdk-amd64/lib/libzip.so
7fdfb6e77000-7fdfb6e78000 rw-p 00007000 08:05 1062049                    /usr/lib/jvm/java-11-openjdk-amd64/lib/libzip.so
7fdfb6e78000-7fdfb6e83000 r-xp 00000000 08:05 919743                     /lib/x86_64-linux-gnu/libnss_files-2.27.so
7fdfb6e83000-7fdfb7082000 ---p 0000b000 08:05 919743                     /lib/x86_64-linux-gnu/libnss_files-2.27.so
7fdfb7082000-7fdfb7083000 r--p 0000a000 08:05 919743                     /lib/x86_64-linux-gnu/libnss_files-2.27.so
7fdfb7083000-7fdfb7084000 rw-p 0000b000 08:05 919743                     /lib/x86_64-linux-gnu/libnss_files-2.27.so
7fdfb7084000-7fdfb708a000 rw-p 00000000 00:00 0 
7fdfb708a000-7fdfb70a1000 r-xp 00000000 08:05 919737                     /lib/x86_64-linux-gnu/libnsl-2.27.so
7fdfb70a1000-7fdfb72a0000 ---p 00017000 08:05 919737                     /lib/x86_64-linux-gnu/libnsl-2.27.so
7fdfb72a0000-7fdfb72a1000 r--p 00016000 08:05 919737                     /lib/x86_64-linux-gnu/libnsl-2.27.so
7fdfb72a1000-7fdfb72a2000 rw-p 00017000 08:05 919737                     /lib/x86_64-linux-gnu/libnsl-2.27.so
7fdfb72a2000-7fdfb72a4000 rw-p 00000000 00:00 0 
7fdfb72a4000-7fdfb72af000 r-xp 00000000 08:05 919754                     /lib/x86_64-linux-gnu/libnss_nis-2.27.so
7fdfb72af000-7fdfb74ae000 ---p 0000b000 08:05 919754                     /lib/x86_64-linux-gnu/libnss_nis-2.27.so
7fdfb74ae000-7fdfb74af000 r--p 0000a000 08:05 919754                     /lib/x86_64-linux-gnu/libnss_nis-2.27.so
7fdfb74af000-7fdfb74b0000 rw-p 0000b000 08:05 919754                     /lib/x86_64-linux-gnu/libnss_nis-2.27.so
7fdfb74b0000-7fdfb74b8000 r-xp 00000000 08:05 919739                     /lib/x86_64-linux-gnu/libnss_compat-2.27.so
7fdfb74b8000-7fdfb76b8000 ---p 00008000 08:05 919739                     /lib/x86_64-linux-gnu/libnss_compat-2.27.so
7fdfb76b8000-7fdfb76b9000 r--p 00008000 08:05 919739                     /lib/x86_64-linux-gnu/libnss_compat-2.27.so
7fdfb76b9000-7fdfb76ba000 rw-p 00009000 08:05 919739                     /lib/x86_64-linux-gnu/libnss_compat-2.27.so
7fdfb76ba000-7fdfb76e6000 r-xp 00000000 08:05 1044714                    /usr/lib/jvm/java-11-openjdk-amd64/lib/libjava.so
7fdfb76e6000-7fdfb78e5000 ---p 0002c000 08:05 1044714                    /usr/lib/jvm/java-11-openjdk-amd64/lib/libjava.so
7fdfb78e5000-7fdfb78e6000 r--p 0002b000 08:05 1044714                    /usr/lib/jvm/java-11-openjdk-amd64/lib/libjava.so
7fdfb78e6000-7fdfb78e8000 rw-p 0002c000 08:05 1044714                    /usr/lib/jvm/java-11-openjdk-amd64/lib/libjava.so
7fdfb78e8000-7fdfb78f5000 r-xp 00000000 08:05 1062045                    /usr/lib/jvm/java-11-openjdk-amd64/lib/libverify.so
7fdfb78f5000-7fdfb7af4000 ---p 0000d000 08:05 1062045                    /usr/lib/jvm/java-11-openjdk-amd64/lib/libverify.so
7fdfb7af4000-7fdfb7af6000 r--p 0000c000 08:05 1062045                    /usr/lib/jvm/java-11-openjdk-amd64/lib/libverify.so
7fdfb7af6000-7fdfb7af7000 rw-p 0000e000 08:05 1062045                    /usr/lib/jvm/java-11-openjdk-amd64/lib/libverify.so
7fdfb7af7000-7fdfb7afe000 r-xp 00000000 08:05 919794                     /lib/x86_64-linux-gnu/librt-2.27.so
7fdfb7afe000-7fdfb7cfd000 ---p 00007000 08:05 919794                     /lib/x86_64-linux-gnu/librt-2.27.so
7fdfb7cfd000-7fdfb7cfe000 r--p 00006000 08:05 919794                     /lib/x86_64-linux-gnu/librt-2.27.so
7fdfb7cfe000-7fdfb7cff000 rw-p 00007000 08:05 919794                     /lib/x86_64-linux-gnu/librt-2.27.so
7fdfb7cff000-7fdfb7d16000 r-xp 00000000 08:05 913937                     /lib/x86_64-linux-gnu/libgcc_s.so.1
7fdfb7d16000-7fdfb7f15000 ---p 00017000 08:05 913937                     /lib/x86_64-linux-gnu/libgcc_s.so.1
7fdfb7f15000-7fdfb7f16000 r--p 00016000 08:05 913937                     /lib/x86_64-linux-gnu/libgcc_s.so.1
7fdfb7f16000-7fdfb7f17000 rw-p 00017000 08:05 913937                     /lib/x86_64-linux-gnu/libgcc_s.so.1
7fdfb7f17000-7fdfb80b4000 r-xp 00000000 08:05 919716                     /lib/x86_64-linux-gnu/libm-2.27.so
7fdfb80b4000-7fdfb82b3000 ---p 0019d000 08:05 919716                     /lib/x86_64-linux-gnu/libm-2.27.so
7fdfb82b3000-7fdfb82b4000 r--p 0019c000 08:05 919716                     /lib/x86_64-linux-gnu/libm-2.27.so
7fdfb82b4000-7fdfb82b5000 rw-p 0019d000 08:05 919716                     /lib/x86_64-linux-gnu/libm-2.27.so
7fdfb82b5000-7fdfb842e000 r-xp 00000000 08:05 261187                     /usr/lib/x86_64-linux-gnu/libstdc++.so.6.0.25
7fdfb842e000-7fdfb862e000 ---p 00179000 08:05 261187                     /usr/lib/x86_64-linux-gnu/libstdc++.so.6.0.25
7fdfb862e000-7fdfb8638000 r--p 00179000 08:05 261187                     /usr/lib/x86_64-linux-gnu/libstdc++.so.6.0.25
7fdfb8638000-7fdfb863a000 rw-p 00183000 08:05 261187                     /usr/lib/x86_64-linux-gnu/libstdc++.so.6.0.25
7fdfb863a000-7fdfb863e000 rw-p 00000000 00:00 0 
7fdfb863e000-7fdfb95db000 r-xp 00000000 08:05 1062065                    /usr/lib/jvm/java-11-openjdk-amd64/lib/server/libjvm.so
7fdfb95db000-7fdfb97db000 ---p 00f9d000 08:05 1062065                    /usr/lib/jvm/java-11-openjdk-amd64/lib/server/libjvm.so
7fdfb97db000-7fdfb989f000 r--p 00f9d000 08:05 1062065                    /usr/lib/jvm/java-11-openjdk-amd64/lib/server/libjvm.so
7fdfb989f000-7fdfb98d7000 rw-p 01061000 08:05 1062065                    /usr/lib/jvm/java-11-openjdk-amd64/lib/server/libjvm.so
7fdfb98d7000-7fdfb9920000 rw-p 00000000 00:00 0 
7fdfb9920000-7fdfb993a000 r-xp 00000000 08:05 919786                     /lib/x86_64-linux-gnu/libpthread-2.27.so
7fdfb993a000-7fdfb9b39000 ---p 0001a000 08:05 919786                     /lib/x86_64-linux-gnu/libpthread-2.27.so
7fdfb9b39000-7fdfb9b3a000 r--p 00019000 08:05 919786                     /lib/x86_64-linux-gnu/libpthread-2.27.so
7fdfb9b3a000-7fdfb9b3b000 rw-p 0001a000 08:05 919786                     /lib/x86_64-linux-gnu/libpthread-2.27.so
7fdfb9b3b000-7fdfb9b3f000 rw-p 00000000 00:00 0 
7fdfb9b3f000-7fdfb9b42000 r-xp 00000000 08:05 919676                     /lib/x86_64-linux-gnu/libdl-2.27.so
7fdfb9b42000-7fdfb9d41000 ---p 00003000 08:05 919676                     /lib/x86_64-linux-gnu/libdl-2.27.so
7fdfb9d41000-7fdfb9d42000 r--p 00002000 08:05 919676                     /lib/x86_64-linux-gnu/libdl-2.27.so
7fdfb9d42000-7fdfb9d43000 rw-p 00003000 08:05 919676                     /lib/x86_64-linux-gnu/libdl-2.27.so
7fdfb9d43000-7fdfb9d5f000 r-xp 00000000 08:05 919825                     /lib/x86_64-linux-gnu/libz.so.1.2.11
7fdfb9d5f000-7fdfb9f5e000 ---p 0001c000 08:05 919825                     /lib/x86_64-linux-gnu/libz.so.1.2.11
7fdfb9f5e000-7fdfb9f5f000 r--p 0001b000 08:05 919825                     /lib/x86_64-linux-gnu/libz.so.1.2.11
7fdfb9f5f000-7fdfb9f60000 rw-p 0001c000 08:05 919825                     /lib/x86_64-linux-gnu/libz.so.1.2.11
7fdfb9f60000-7fdfba147000 r-xp 00000000 08:05 919653                     /lib/x86_64-linux-gnu/libc-2.27.so
7fdfba147000-7fdfba347000 ---p 001e7000 08:05 919653                     /lib/x86_64-linux-gnu/libc-2.27.so
7fdfba347000-7fdfba34b000 r--p 001e7000 08:05 919653                     /lib/x86_64-linux-gnu/libc-2.27.so
7fdfba34b000-7fdfba34d000 rw-p 001eb000 08:05 919653                     /lib/x86_64-linux-gnu/libc-2.27.so
7fdfba34d000-7fdfba351000 rw-p 00000000 00:00 0 
7fdfba351000-7fdfba360000 r-xp 00000000 08:05 1044697                    /usr/lib/jvm/java-11-openjdk-amd64/lib/jli/libjli.so
7fdfba360000-7fdfba55f000 ---p 0000f000 08:05 1044697                    /usr/lib/jvm/java-11-openjdk-amd64/lib/jli/libjli.so
7fdfba55f000-7fdfba560000 r--p 0000e000 08:05 1044697                    /usr/lib/jvm/java-11-openjdk-amd64/lib/jli/libjli.so
7fdfba560000-7fdfba561000 rw-p 0000f000 08:05 1044697                    /usr/lib/jvm/java-11-openjdk-amd64/lib/jli/libjli.so
7fdfba561000-7fdfba588000 r-xp 00000000 08:05 919625                     /lib/x86_64-linux-gnu/ld-2.27.so
7fdfba588000-7fdfba589000 r--s 00000000 08:05 1192430                    /var/cache/fontconfig/49f0de54bdd920fe4f0dfd4cbac43e6b-le64.cache-7
7fdfba589000-7fdfba58a000 r--s 00000000 08:05 1192477                    /var/cache/fontconfig/f6e6e0a5c3d2f6ae0c0c2e0ecd42a997-le64.cache-7
7fdfba58a000-7fdfba58b000 r--s 00000000 08:05 1192431                    /var/cache/fontconfig/4b2eda6bb976bda485cb2176619421d5-le64.cache-7
7fdfba58b000-7fdfba58d000 r--s 00000000 08:05 1192445                    /var/cache/fontconfig/6afa1bb216ce958c1589e297e8008489-le64.cache-7
7fdfba58d000-7fdfba590000 r--s 00000000 08:05 1206699                    /var/cache/fontconfig/16326683038b281783a0ef8c680e3a10-le64.cache-7
7fdfba5a8000-7fdfba5ad000 r--p 00000000 08:07 2894373                    /home/christoph/.config/dconf/user (deleted)
7fdfba5ad000-7fdfba66a000 rw-p 00000000 00:00 0 
7fdfba66a000-7fdfba66e000 ---p 00000000 00:00 0 
7fdfba66e000-7fdfba76d000 rw-p 00000000 00:00 0 
7fdfba76d000-7fdfba76e000 r--s 00000000 08:05 1206695                    /var/cache/fontconfig/e0aa53bcfa504e64f87823c16bc01eb6-le64.cache-7
7fdfba76e000-7fdfba76f000 r--s 00000000 00:33 35                         /run/user/1000/dconf/user (deleted)
7fdfba76f000-7fdfba775000 rw-p 00000000 00:00 0 
7fdfba775000-7fdfba77c000 ---p 00000000 00:00 0 
7fdfba77c000-7fdfba784000 rw-s 00000000 08:05 130612                     /tmp/hsperfdata_christoph/13311
7fdfba784000-7fdfba785000 ---p 00000000 00:00 0 
7fdfba785000-7fdfba786000 r--p 00000000 00:00 0 
7fdfba786000-7fdfba788000 rw-p 00000000 00:00 0 
7fdfba788000-7fdfba789000 r--p 00027000 08:05 919625                     /lib/x86_64-linux-gnu/ld-2.27.so
7fdfba789000-7fdfba78a000 rw-p 00028000 08:05 919625                     /lib/x86_64-linux-gnu/ld-2.27.so
7fdfba78a000-7fdfba78b000 rw-p 00000000 00:00 0 
7ffe6592c000-7ffe6594d000 rw-p 00000000 00:00 0                          [stack]
7ffe6596c000-7ffe6596f000 r--p 00000000 00:00 0                          [vvar]
7ffe6596f000-7ffe65971000 r-xp 00000000 00:00 0                          [vdso]
ffffffffff600000-ffffffffff601000 r-xp 00000000 00:00 0                  [vsyscall]


VM Arguments:
jvm_args: -Dfile.encoding=UTF-8 
java_command: Controllers.TRECController
java_class_path (initial): /home/christoph/Uni/OAD/OAD-2018-2019/Ass2/UI-Prototyp:/home/christoph/Uni/OAD/OAD-2018-2019/Ass2/UI-Prototyp/lib/antlr-2.7.7.jar:/home/christoph/Uni/OAD/OAD-2018-2019/Ass2/UI-Prototyp/lib/byte-buddy-1.8.17.jar:/home/christoph/Uni/OAD/OAD-2018-2019/Ass2/UI-Prototyp/lib/classmate-1.3.4.jar:/home/christoph/Uni/OAD/OAD-2018-2019/Ass2/UI-Prototyp/lib/dom4j-2.1.1.jar:/home/christoph/Uni/OAD/OAD-2018-2019/Ass2/UI-Prototyp/lib/hibernate-commons-annotations-5.0.4.Final.jar:/home/christoph/Uni/OAD/OAD-2018-2019/Ass2/UI-Prototyp/lib/hibernate-core-5.3.7.Final.jar:/home/christoph/Uni/OAD/OAD-2018-2019/Ass2/UI-Prototyp/lib/jandex-2.0.5.Final.jar:/home/christoph/Uni/OAD/OAD-2018-2019/Ass2/UI-Prototyp/lib/javassist-3.23.1-GA.jar:/home/christoph/Uni/OAD/OAD-2018-2019/Ass2/UI-Prototyp/lib/javax.activation-api-1.2.0.jar:/home/christoph/Uni/OAD/OAD-2018-2019/Ass2/UI-Prototyp/lib/javax.persistence-api-2.2.jar:/home/christoph/Uni/OAD/OAD-2018-2019/Ass2/UI-Prototyp/lib/jboss-logging-3.3.2.Final.jar:/home/christoph/Uni/OAD/OAD-2018-2019/Ass2/UI-Prototyp/lib/jboss-transaction-api_1.2_spec-1.1.1.Final.jar:/home/christoph/Uni/OAD/OAD-2018-2019/Ass2/UI-Prototyp/lib/mysql-connector-java-8.0.13.jar:/home/christoph/Uni/OAD/OAD-2018-2019/Ass2/UI-Prototyp/lib/javax.activation-1.2.0.jar:/home/christoph/Uni/OAD/OAD-2018-2019/Ass2/UI-Prototyp/lib/jaxb-api-2.3.0.jar:/home/christoph/Uni/OAD/OAD-2018-2019/Ass2/UI-Prototyp/lib/jaxb-core-2.3.0.jar:/home/christoph/Uni/OAD/OAD-2018-2019/Ass2/UI-Prototyp/lib/jaxb-impl-2.3.0.jar
Launcher Type: SUN_STANDARD

Logging:
Log output configuration:
#0: stdout all=warning uptime,level,tags
#1: stderr all=off uptime,level,tags

Environment Variables:
PATH=/home/christoph/.local/bin:/usr/local/sbin:/usr/local/bin:/usr/sbin:/usr/bin:/sbin:/bin:/usr/games:/usr/local/games:/snap/bin
USERNAME=christoph
SHELL=/bin/bash
DISPLAY=:0

Signal Handlers:
SIGSEGV: [libjvm.so+0xd28b70], sa_mask[0]=11111111011111111101111111111110, sa_flags=SA_RESTART|SA_SIGINFO
SIGBUS: [libjvm.so+0xd28b70], sa_mask[0]=11111111011111111101111111111110, sa_flags=SA_RESTART|SA_SIGINFO
SIGFPE: [libjvm.so+0xd28b70], sa_mask[0]=11111111011111111101111111111110, sa_flags=SA_RESTART|SA_SIGINFO
SIGPIPE: SIG_IGN, sa_mask[0]=00000000000010000000000000000000, sa_flags=SA_RESTART
SIGXFSZ: [libjvm.so+0xb2a1f0], sa_mask[0]=11111111011111111101111111111110, sa_flags=SA_RESTART|SA_SIGINFO
SIGILL: [libjvm.so+0xd28b70], sa_mask[0]=11111111011111111101111111111110, sa_flags=SA_RESTART|SA_SIGINFO
SIGUSR2: [libjvm.so+0xb2a030], sa_mask[0]=00100000000000000000000000000000, sa_flags=SA_RESTART|SA_SIGINFO
SIGHUP: [libjvm.so+0xb2a180], sa_mask[0]=11111111011111111101111111111110, sa_flags=SA_RESTART|SA_SIGINFO
SIGINT: [libjvm.so+0xb2a180], sa_mask[0]=11111111011111111101111111111110, sa_flags=SA_RESTART|SA_SIGINFO
SIGTERM: [libjvm.so+0xb2a180], sa_mask[0]=11111111011111111101111111111110, sa_flags=SA_RESTART|SA_SIGINFO
SIGQUIT: [libjvm.so+0xb2a180], sa_mask[0]=11111111011111111101111111111110, sa_flags=SA_RESTART|SA_SIGINFO


---------------  S Y S T E M  ---------------

OS:DISTRIB_ID=Ubuntu
DISTRIB_RELEASE=18.04
DISTRIB_CODENAME=bionic
DISTRIB_DESCRIPTION="Ubuntu 18.04.1 LTS"
uname:Linux 4.15.0-43-generic #46-Ubuntu SMP Thu Dec 6 14:45:28 UTC 2018 x86_64
libc:glibc 2.27 NPTL 2.27 
rlimit: STACK 8192k, CORE 0k, NPROC 30905, NOFILE 4096, AS infinity, DATA infinity, FSIZE infinity
load average:1,35 1,66 1,63

/proc/meminfo:
MemTotal:        8029488 kB
MemFree:         2557136 kB
MemAvailable:    2759972 kB
Buffers:           32580 kB
Cached:           514740 kB
SwapCached:        54284 kB
Active:          4195216 kB
Inactive:        1010764 kB
Active(anon):    4007912 kB
Inactive(anon):   793760 kB
Active(file):     187304 kB
Inactive(file):   217004 kB
Unevictable:          32 kB
Mlocked:              32 kB
SwapTotal:       3906556 kB
SwapFree:         453916 kB
Dirty:              2480 kB
Writeback:             0 kB
AnonPages:       4604980 kB
Mapped:           219836 kB
Shmem:            142276 kB
Slab:             116984 kB
SReclaimable:      45532 kB
SUnreclaim:        71452 kB
KernelStack:       28644 kB
PageTables:        55228 kB
NFS_Unstable:          0 kB
Bounce:                0 kB
WritebackTmp:          0 kB
CommitLimit:     7921300 kB
Committed_AS:   14374880 kB
VmallocTotal:   34359738367 kB
VmallocUsed:           0 kB
VmallocChunk:          0 kB
HardwareCorrupted:     0 kB
AnonHugePages:         0 kB
ShmemHugePages:        0 kB
ShmemPmdMapped:        0 kB
CmaTotal:              0 kB
CmaFree:               0 kB
HugePages_Total:       0
HugePages_Free:        0
HugePages_Rsvd:        0
HugePages_Surp:        0
Hugepagesize:       2048 kB
DirectMap4k:      187796 kB
DirectMap2M:     7014400 kB
DirectMap1G:     1048576 kB

container (cgroup) information:
container_type: cgroupv1
cpu_cpuset_cpus: 0-3
cpu_memory_nodes: 0
active_processor_count: 4
cpu_quota: -1
cpu_period: 100000
cpu_shares: -1
memory_limit_in_bytes: -1
memory_and_swap_limit_in_bytes: -2
memory_soft_limit_in_bytes: -1
memory_usage_in_bytes: 5287849984
memory_max_usage_in_bytes: 0


CPU:total 4 (initial active 4) (2 cores per cpu, 2 threads per core) family 6 model 78 stepping 3, cmov, cx8, fxsr, mmx, sse, sse2, sse3, ssse3, sse4.1, sse4.2, popcnt, avx, avx2, aes, clmul, erms, 3dnowpref, lzcnt, ht, tsc, tscinvbit, bmi1, bmi2, adx, fma
CPU Model and flags from /proc/cpuinfo:
model name	: Intel(R) Core(TM) i5-6200U CPU @ 2.30GHz
flags		: fpu vme de pse tsc msr pae mce cx8 apic sep mtrr pge mca cmov pat pse36 clflush dts acpi mmx fxsr sse sse2 ss ht tm pbe syscall nx pdpe1gb rdtscp lm constant_tsc art arch_perfmon pebs bts rep_good nopl xtopology nonstop_tsc cpuid aperfmperf tsc_known_freq pni pclmulqdq dtes64 monitor ds_cpl vmx est tm2 ssse3 sdbg fma cx16 xtpr pdcm pcid sse4_1 sse4_2 x2apic movbe popcnt tsc_deadline_timer aes xsave avx f16c rdrand lahf_lm abm 3dnowprefetch cpuid_fault epb invpcid_single pti ssbd ibrs ibpb stibp tpr_shadow vnmi flexpriority ept vpid fsgsbase tsc_adjust bmi1 avx2 smep bmi2 erms invpcid mpx rdseed adx smap clflushopt intel_pt xsaveopt xsavec xgetbv1 xsaves dtherm ida arat pln pts hwp hwp_notify hwp_act_window hwp_epp flush_l1d

Memory: 4k page, physical 8029488k(2550700k free), swap 3906556k(477468k free)

vm_info: OpenJDK 64-Bit Server VM (10.0.2+13-Ubuntu-1ubuntu0.18.04.4) for linux-amd64 JRE (10.0.2+13-Ubuntu-1ubuntu0.18.04.4), built on Nov 13 2018 12:53:39 by "buildd" with gcc 7.3.0

END.
