#
# A fatal error has been detected by the Java Runtime Environment:
#
#  SIGSEGV (0xb) at pc=0x00007fbc96f2fb1e, pid=8046, tid=8081
#
# JRE version: OpenJDK Runtime Environment (10.0.2+13) (build 10.0.2+13-Ubuntu-1ubuntu0.18.04.4)
# Java VM: OpenJDK 64-Bit Server VM (10.0.2+13-Ubuntu-1ubuntu0.18.04.4, mixed mode, tiered, compressed oops, g1 gc, linux-amd64)
# Problematic frame:
# v  ~BufferBlob::jni_fast_GetLongField
#
# Core dump will be written. Default location: Core dumps may be processed with "/usr/share/apport/apport %p %s %c %d %P" (or dumping to /home/christoph/Uni/OAD/OAD-2018-2019/Ass2/UI-Prototyp/core.8046)
#
# If you would like to submit a bug report, please visit:
#   http://bugreport.java.com/bugreport/crash.jsp
# The crash happened outside the Java Virtual Machine in native code.
# See problematic frame for where to report the bug.
#

---------------  S U M M A R Y ------------

Command Line: -Dfile.encoding=UTF-8 Controllers.TRECController

Host: Intel(R) Core(TM) i5-6200U CPU @ 2.30GHz, 4 cores, 7G, Ubuntu 18.04.1 LTS
Time: Thu Jan 24 23:40:27 2019 CET elapsed time: 23511 seconds (0d 6h 31m 51s)

---------------  T H R E A D  ---------------

Current thread (0x00007fbcb040a800):  JavaThread "AWT-XAWT" daemon [_thread_in_native, id=8081, stack(0x00007fbc2aefd000,0x00007fbc2affe000)]

Stack: [0x00007fbc2aefd000,0x00007fbc2affe000],  sp=0x00007fbc2affc758,  free space=1021k
Native frames: (J=compiled Java code, A=aot compiled Java code, j=interpreted, Vv=VM code, C=native code)
v  ~BufferBlob::jni_fast_GetLongField
C  [libX11.so.6+0x64b1d]  _XimServerDestroy+0x3d

Java frames: (J=compiled Java code, j=interpreted, Vv=VM code)
J 1671  sun.awt.X11.XlibWrapper.XFilterEvent(JJ)Z java.desktop@10.0.2 (0 bytes) @ 0x00007fbc9ea37e84 [0x00007fbc9ea37e40+0x0000000000000044]
J 2117% c1 sun.awt.X11.XToolkit.run(Z)V java.desktop@10.0.2 (384 bytes) @ 0x00007fbc9781340c [0x00007fbc97810220+0x00000000000031ec]
j  sun.awt.X11.XToolkit.run()V+5 java.desktop@10.0.2
j  java.lang.Thread.run()V+11 java.base@10.0.2
v  ~StubRoutines::call_stub

siginfo: si_signo: 11 (SIGSEGV), si_code: 1 (SEGV_MAPERR), si_addr: 0x0000000000000000

Register to memory mapping:

RAX=0x00007fbcb63a4a80: <offset 0x0000000001274a80> in /usr/lib/jvm/java-11-openjdk-amd64/lib/server/libjvm.so at 0x00007fbcb5130000
RBX=0x00007fbcb040aa00 is an unknown value
RCX=0x0000000000000000 is an unknown value
RDX=0x0000000000000042 is an unknown value
RSP=0x00007fbc2affc758 is pointing into the stack for thread: 0x00007fbcb040a800
RBP=0x00007fbc2affc780 is pointing into the stack for thread: 0x00007fbcb040a800
RSI=0x0000000000000000 is an unknown value
RDI=0x00007fbcb040aa00 is an unknown value
R8 =0x00007fbc784e09b0: <offset 0x000000000005c9b0> in /usr/lib/x86_64-linux-gnu/libX11.so.6 at 0x00007fbc78484000
R9 =0x0000000000000000 is an unknown value
R10=0x00000000000001d0 is an unknown value
R11=0x0000000085865070 is an oop
sun.util.logging.PlatformLogger$Level 
{0x0000000085865070} - klass: 'sun/util/logging/PlatformLogger$Level'
R12=0x0000000000000000 is an unknown value
R13=0x0000000000000000 is an unknown value
R14=0x00007fbc78c315c0: <offset 0x00000000002635c0> in /usr/lib/jvm/java-11-openjdk-amd64/lib/libawt_xawt.so at 0x00007fbc789ce000
R15=0x00007fbcb040a800 is a thread


Registers:
RAX=0x00007fbcb63a4a80, RBX=0x00007fbcb040aa00, RCX=0x0000000000000000, RDX=0x0000000000000042
RSP=0x00007fbc2affc758, RBP=0x00007fbc2affc780, RSI=0x0000000000000000, RDI=0x00007fbcb040aa00
R8 =0x00007fbc784e09b0, R9 =0x0000000000000000, R10=0x00000000000001d0, R11=0x0000000085865070
R12=0x0000000000000000, R13=0x0000000000000000, R14=0x00007fbc78c315c0, R15=0x00007fbcb040a800
RIP=0x00007fbc96f2fb1e, EFLAGS=0x0000000000010246, CSGSFS=0x002b000000000033, ERR=0x0000000000000004
  TRAPNO=0x000000000000000e

Top of Stack: (sp=0x00007fbc2affc758)
0x00007fbc2affc758:   00007fbc78a051d4 000000008b767290
0x00007fbc2affc768:   0000000000000000 0000000000000000
0x00007fbc2affc778:   00007fbc2affc800 00007fbc0c08aa40
0x00007fbc2affc788:   00007fbc784e8b1d 000000008b767290 

Instructions: (pc=0x00007fbc96f2fb1e)
0x00007fbc96f2fafe:   00 00 44 8b 15 7d 08 4c 1f 4c 8b ce 41 f6 c2 01
0x00007fbc96f2fb0e:   0f 85 32 00 00 00 4d 33 ca 4d 33 ca 49 83 e1 fe
0x00007fbc96f2fb1e:   4d 8b 09 4c 8b da 49 c1 eb 02 4b 8b 04 19 49 bb
0x00007fbc96f2fb2e:   84 03 3f b6 bc 7f 00 00 4c 33 d8 4c 33 d8 45 3b 



---------------  P R O C E S S  ---------------

Threads class SMR info:
_java_thread_list=0x00007fbc0c0ac020, length=15, elements={
0x00007fbcb0132000, 0x00007fbcb0134000, 0x00007fbcb0146800, 0x00007fbcb0148800,
0x00007fbcb014a800, 0x00007fbcb014c800, 0x00007fbcb014e800, 0x00007fbcb01c3800,
0x00007fbcb01ce000, 0x00007fbcb03dd800, 0x00007fbcb040a800, 0x00007fbcb048c000,
0x00007fbcb048d800, 0x00007fbcb0012000, 0x00007fbc0c0b0000
}

Java Threads: ( => current thread )
  0x00007fbcb0132000 JavaThread "Reference Handler" daemon [_thread_blocked, id=8065, stack(0x00007fbc944d4000,0x00007fbc945d5000)]
  0x00007fbcb0134000 JavaThread "Finalizer" daemon [_thread_blocked, id=8066, stack(0x00007fbc943d3000,0x00007fbc944d4000)]
  0x00007fbcb0146800 JavaThread "Signal Dispatcher" daemon [_thread_in_vm, id=8067, stack(0x00007fbc942d2000,0x00007fbc943d3000)]
  0x00007fbcb0148800 JavaThread "C2 CompilerThread0" daemon [_thread_blocked, id=8068, stack(0x00007fbc941d1000,0x00007fbc942d2000)]
  0x00007fbcb014a800 JavaThread "C2 CompilerThread1" daemon [_thread_blocked, id=8069, stack(0x00007fbc940d0000,0x00007fbc941d1000)]
  0x00007fbcb014c800 JavaThread "C1 CompilerThread2" daemon [_thread_blocked, id=8070, stack(0x00007fbc841af000,0x00007fbc842b0000)]
  0x00007fbcb014e800 JavaThread "Sweeper thread" daemon [_thread_blocked, id=8071, stack(0x00007fbc840ae000,0x00007fbc841af000)]
  0x00007fbcb01c3800 JavaThread "Service Thread" daemon [_thread_blocked, id=8073, stack(0x00007fbc79530000,0x00007fbc79631000)]
  0x00007fbcb01ce000 JavaThread "Common-Cleaner" daemon [_thread_blocked, id=8075, stack(0x00007fbc7932d000,0x00007fbc7942e000)]
  0x00007fbcb03dd800 JavaThread "Java2D Disposer" daemon [_thread_blocked, id=8080, stack(0x00007fbc3449f000,0x00007fbc345a0000)]
=>0x00007fbcb040a800 JavaThread "AWT-XAWT" daemon [_thread_in_native, id=8081, stack(0x00007fbc2aefd000,0x00007fbc2affe000)]
  0x00007fbcb048c000 JavaThread "AWT-Shutdown" [_thread_blocked, id=8082, stack(0x00007fbc2a9fc000,0x00007fbc2aafd000)]
  0x00007fbcb048d800 JavaThread "AWT-EventQueue-0" [_thread_blocked, id=8083, stack(0x00007fbc2a8fb000,0x00007fbc2a9fc000)]
  0x00007fbcb0012000 JavaThread "DestroyJavaVM" [_thread_blocked, id=8052, stack(0x00007fbcb715c000,0x00007fbcb725d000)]
  0x00007fbc0c0b0000 JavaThread "TimerQueue" daemon [_thread_blocked, id=8086, stack(0x00007fbc2a5fa000,0x00007fbc2a6fb000)]

Other Threads:
  0x00007fbcb0128000 VMThread "VM Thread" [stack: 0x00007fbc945d7000,0x00007fbc946d7000] [id=8064]
  0x00007fbcb01c5800 WatcherThread [stack: 0x00007fbc79430000,0x00007fbc79530000] [id=8074]
  0x00007fbcb0028800 GCTaskThread "GC Thread#0" [stack: 0x00007fbc96cea000,0x00007fbc96dea000] [id=8053]
  0x00007fbcb002a000 GCTaskThread "GC Thread#1" [stack: 0x00007fbc96be8000,0x00007fbc96ce8000] [id=8054]
  0x00007fbcb002b800 GCTaskThread "GC Thread#2" [stack: 0x00007fbc96ae6000,0x00007fbc96be6000] [id=8055]
  0x00007fbcb002d800 GCTaskThread "GC Thread#3" [stack: 0x00007fbc969e4000,0x00007fbc96ae4000] [id=8056]
  0x00007fbcb0056800 ConcurrentGCThread "G1 Main Marker" [stack: 0x00007fbc9595f000,0x00007fbc95a5f000] [id=8057]
  0x00007fbcb0058800 ConcurrentGCThread "G1 Conc#0" [stack: 0x00007fbc9585d000,0x00007fbc9595d000] [id=8058]
  0x00007fbcb00c0000 ConcurrentGCThread "G1 Refine#0" [stack: 0x00007fbc95357000,0x00007fbc95457000] [id=8059]
  0x00007fbcb00c2000 ConcurrentGCThread "G1 Refine#1" [stack: 0x00007fbc95255000,0x00007fbc95355000] [id=8060]
  0x00007fbcb00c3800 ConcurrentGCThread "G1 Refine#2" [stack: 0x00007fbc95153000,0x00007fbc95253000] [id=8061]
  0x00007fbcb00c5800 ConcurrentGCThread "G1 Refine#3" [stack: 0x00007fbc95051000,0x00007fbc95151000] [id=8062]
  0x00007fbcb00c7000 ConcurrentGCThread "G1 Young RemSet Sampling" [stack: 0x00007fbc94f4f000,0x00007fbc9504f000] [id=8063]

Threads with active compile tasks:

VM state:synchronizing (normal execution)

VM Mutex/Monitor currently owned by a thread:  ([mutex/lock_event])
[0x00007fbcb000e4d0] Threads_lock - owner thread: 0x00007fbcb0128000

Heap address: 0x0000000085600000, size: 1962 MB, Compressed Oops mode: 32-bit
Narrow klass base: 0x0000000000000000, Narrow klass shift: 3
Compressed class space size: 1073741824 Address: 0x0000000100000000

Heap:
 garbage-first heap   total 126976K, used 21051K [0x0000000085600000, 0x0000000100000000)
  region size 1024K, 18 young (18432K), 2 survivors (2048K)
 Metaspace       used 19579K, capacity 20054K, committed 20224K, reserved 1067008K
  class space    used 2049K, capacity 2286K, committed 2304K, reserved 1048576K
Heap Regions: E=young(eden), S=young(survivor), O=old, HS=humongous(starts), HC=humongous(continues), CS=collection set, F=free, A=archive, TS=gc time stamp, AC=allocation context, TAMS=top-at-mark-start (previous, next)
|   0|0x0000000085600000, 0x0000000085700000, 0x0000000085700000|100%|HS|  |TS  0|AC  0|TAMS 0x0000000085600000, 0x0000000085600000|
|   1|0x0000000085700000, 0x0000000085800000, 0x0000000085800000|100%| O|  |TS  1|AC  0|TAMS 0x0000000085700000, 0x0000000085700000|
|   2|0x0000000085800000, 0x0000000085900000, 0x0000000085900000|100%| O|  |TS  2|AC  0|TAMS 0x0000000085800000, 0x0000000085800000|
|   3|0x0000000085900000, 0x0000000085a00000, 0x0000000085a00000|100%| O|  |TS  2|AC  0|TAMS 0x0000000085900000, 0x0000000085900000|
|   4|0x0000000085a00000, 0x0000000085a42600, 0x0000000085b00000| 25%| O|  |TS  3|AC  0|TAMS 0x0000000085a00000, 0x0000000085a00000|
|   5|0x0000000085b00000, 0x0000000085b00000, 0x0000000085c00000|  0%| F|  |TS  0|AC  0|TAMS 0x0000000085b00000, 0x0000000085b00000|
|   6|0x0000000085c00000, 0x0000000085c00000, 0x0000000085d00000|  0%| F|  |TS  0|AC  0|TAMS 0x0000000085c00000, 0x0000000085c00000|
|   7|0x0000000085d00000, 0x0000000085d00000, 0x0000000085e00000|  0%| F|  |TS  0|AC  0|TAMS 0x0000000085d00000, 0x0000000085d00000|
|   8|0x0000000085e00000, 0x0000000085e00000, 0x0000000085f00000|  0%| F|  |TS  0|AC  0|TAMS 0x0000000085e00000, 0x0000000085e00000|
|   9|0x0000000085f00000, 0x0000000085f00000, 0x0000000086000000|  0%| F|  |TS  0|AC  0|TAMS 0x0000000085f00000, 0x0000000085f00000|
|  10|0x0000000086000000, 0x0000000086000000, 0x0000000086100000|  0%| F|  |TS  0|AC  0|TAMS 0x0000000086000000, 0x0000000086000000|
|  11|0x0000000086100000, 0x0000000086100000, 0x0000000086200000|  0%| F|  |TS  0|AC  0|TAMS 0x0000000086100000, 0x0000000086100000|
|  12|0x0000000086200000, 0x0000000086200000, 0x0000000086300000|  0%| F|  |TS  0|AC  0|TAMS 0x0000000086200000, 0x0000000086200000|
|  13|0x0000000086300000, 0x0000000086300000, 0x0000000086400000|  0%| F|  |TS  0|AC  0|TAMS 0x0000000086300000, 0x0000000086300000|
|  14|0x0000000086400000, 0x0000000086400000, 0x0000000086500000|  0%| F|  |TS  0|AC  0|TAMS 0x0000000086400000, 0x0000000086400000|
|  15|0x0000000086500000, 0x0000000086500000, 0x0000000086600000|  0%| F|  |TS  0|AC  0|TAMS 0x0000000086500000, 0x0000000086500000|
|  16|0x0000000086600000, 0x0000000086600000, 0x0000000086700000|  0%| F|  |TS  0|AC  0|TAMS 0x0000000086600000, 0x0000000086600000|
|  17|0x0000000086700000, 0x0000000086700000, 0x0000000086800000|  0%| F|  |TS  0|AC  0|TAMS 0x0000000086700000, 0x0000000086700000|
|  18|0x0000000086800000, 0x0000000086800000, 0x0000000086900000|  0%| F|  |TS  0|AC  0|TAMS 0x0000000086800000, 0x0000000086800000|
|  19|0x0000000086900000, 0x0000000086900000, 0x0000000086a00000|  0%| F|  |TS  0|AC  0|TAMS 0x0000000086900000, 0x0000000086900000|
|  20|0x0000000086a00000, 0x0000000086a00000, 0x0000000086b00000|  0%| F|  |TS  0|AC  0|TAMS 0x0000000086a00000, 0x0000000086a00000|
|  21|0x0000000086b00000, 0x0000000086b00000, 0x0000000086c00000|  0%| F|  |TS  0|AC  0|TAMS 0x0000000086b00000, 0x0000000086b00000|
|  22|0x0000000086c00000, 0x0000000086c00000, 0x0000000086d00000|  0%| F|  |TS  0|AC  0|TAMS 0x0000000086c00000, 0x0000000086c00000|
|  23|0x0000000086d00000, 0x0000000086d00000, 0x0000000086e00000|  0%| F|  |TS  0|AC  0|TAMS 0x0000000086d00000, 0x0000000086d00000|
|  24|0x0000000086e00000, 0x0000000086e00000, 0x0000000086f00000|  0%| F|  |TS  0|AC  0|TAMS 0x0000000086e00000, 0x0000000086e00000|
|  25|0x0000000086f00000, 0x0000000086f00000, 0x0000000087000000|  0%| F|  |TS  0|AC  0|TAMS 0x0000000086f00000, 0x0000000086f00000|
|  26|0x0000000087000000, 0x0000000087000000, 0x0000000087100000|  0%| F|  |TS  0|AC  0|TAMS 0x0000000087000000, 0x0000000087000000|
|  27|0x0000000087100000, 0x0000000087100000, 0x0000000087200000|  0%| F|  |TS  0|AC  0|TAMS 0x0000000087100000, 0x0000000087100000|
|  28|0x0000000087200000, 0x0000000087200000, 0x0000000087300000|  0%| F|  |TS  0|AC  0|TAMS 0x0000000087200000, 0x0000000087200000|
|  29|0x0000000087300000, 0x0000000087300000, 0x0000000087400000|  0%| F|  |TS  0|AC  0|TAMS 0x0000000087300000, 0x0000000087300000|
|  30|0x0000000087400000, 0x0000000087400000, 0x0000000087500000|  0%| F|  |TS  0|AC  0|TAMS 0x0000000087400000, 0x0000000087400000|
|  31|0x0000000087500000, 0x0000000087500000, 0x0000000087600000|  0%| F|  |TS  0|AC  0|TAMS 0x0000000087500000, 0x0000000087500000|
|  32|0x0000000087600000, 0x0000000087600000, 0x0000000087700000|  0%| F|  |TS  0|AC  0|TAMS 0x0000000087600000, 0x0000000087600000|
|  33|0x0000000087700000, 0x0000000087700000, 0x0000000087800000|  0%| F|  |TS  0|AC  0|TAMS 0x0000000087700000, 0x0000000087700000|
|  34|0x0000000087800000, 0x0000000087800000, 0x0000000087900000|  0%| F|  |TS  0|AC  0|TAMS 0x0000000087800000, 0x0000000087800000|
|  35|0x0000000087900000, 0x0000000087900000, 0x0000000087a00000|  0%| F|  |TS  0|AC  0|TAMS 0x0000000087900000, 0x0000000087900000|
|  36|0x0000000087a00000, 0x0000000087a00000, 0x0000000087b00000|  0%| F|  |TS  0|AC  0|TAMS 0x0000000087a00000, 0x0000000087a00000|
|  37|0x0000000087b00000, 0x0000000087b00000, 0x0000000087c00000|  0%| F|  |TS  0|AC  0|TAMS 0x0000000087b00000, 0x0000000087b00000|
|  38|0x0000000087c00000, 0x0000000087c00000, 0x0000000087d00000|  0%| F|  |TS  0|AC  0|TAMS 0x0000000087c00000, 0x0000000087c00000|
|  39|0x0000000087d00000, 0x0000000087d00000, 0x0000000087e00000|  0%| F|  |TS  0|AC  0|TAMS 0x0000000087d00000, 0x0000000087d00000|
|  40|0x0000000087e00000, 0x0000000087e00000, 0x0000000087f00000|  0%| F|  |TS  0|AC  0|TAMS 0x0000000087e00000, 0x0000000087e00000|
|  41|0x0000000087f00000, 0x0000000087f00000, 0x0000000088000000|  0%| F|  |TS  0|AC  0|TAMS 0x0000000087f00000, 0x0000000087f00000|
|  42|0x0000000088000000, 0x0000000088000000, 0x0000000088100000|  0%| F|  |TS  0|AC  0|TAMS 0x0000000088000000, 0x0000000088000000|
|  43|0x0000000088100000, 0x0000000088100000, 0x0000000088200000|  0%| F|  |TS  0|AC  0|TAMS 0x0000000088100000, 0x0000000088100000|
|  44|0x0000000088200000, 0x0000000088200000, 0x0000000088300000|  0%| F|  |TS  0|AC  0|TAMS 0x0000000088200000, 0x0000000088200000|
|  45|0x0000000088300000, 0x0000000088300000, 0x0000000088400000|  0%| F|  |TS  0|AC  0|TAMS 0x0000000088300000, 0x0000000088300000|
|  46|0x0000000088400000, 0x0000000088400000, 0x0000000088500000|  0%| F|  |TS  0|AC  0|TAMS 0x0000000088400000, 0x0000000088400000|
|  47|0x0000000088500000, 0x0000000088500000, 0x0000000088600000|  0%| F|  |TS  0|AC  0|TAMS 0x0000000088500000, 0x0000000088500000|
|  48|0x0000000088600000, 0x0000000088600000, 0x0000000088700000|  0%| F|  |TS  0|AC  0|TAMS 0x0000000088600000, 0x0000000088600000|
|  49|0x0000000088700000, 0x0000000088700000, 0x0000000088800000|  0%| F|  |TS  0|AC  0|TAMS 0x0000000088700000, 0x0000000088700000|
|  50|0x0000000088800000, 0x0000000088800000, 0x0000000088900000|  0%| F|  |TS  0|AC  0|TAMS 0x0000000088800000, 0x0000000088800000|
|  51|0x0000000088900000, 0x0000000088900000, 0x0000000088a00000|  0%| F|  |TS  0|AC  0|TAMS 0x0000000088900000, 0x0000000088900000|
|  52|0x0000000088a00000, 0x0000000088a00000, 0x0000000088b00000|  0%| F|  |TS  0|AC  0|TAMS 0x0000000088a00000, 0x0000000088a00000|
|  53|0x0000000088b00000, 0x0000000088b00000, 0x0000000088c00000|  0%| F|  |TS  0|AC  0|TAMS 0x0000000088b00000, 0x0000000088b00000|
|  54|0x0000000088c00000, 0x0000000088c00000, 0x0000000088d00000|  0%| F|  |TS  0|AC  0|TAMS 0x0000000088c00000, 0x0000000088c00000|
|  55|0x0000000088d00000, 0x0000000088d00000, 0x0000000088e00000|  0%| F|  |TS  0|AC  0|TAMS 0x0000000088d00000, 0x0000000088d00000|
|  56|0x0000000088e00000, 0x0000000088e00000, 0x0000000088f00000|  0%| F|  |TS  0|AC  0|TAMS 0x0000000088e00000, 0x0000000088e00000|
|  57|0x0000000088f00000, 0x0000000088f00000, 0x0000000089000000|  0%| F|  |TS  0|AC  0|TAMS 0x0000000088f00000, 0x0000000088f00000|
|  58|0x0000000089000000, 0x0000000089000000, 0x0000000089100000|  0%| F|  |TS  0|AC  0|TAMS 0x0000000089000000, 0x0000000089000000|
|  59|0x0000000089100000, 0x0000000089100000, 0x0000000089200000|  0%| F|  |TS  0|AC  0|TAMS 0x0000000089100000, 0x0000000089100000|
|  60|0x0000000089200000, 0x0000000089200000, 0x0000000089300000|  0%| F|  |TS  0|AC  0|TAMS 0x0000000089200000, 0x0000000089200000|
|  61|0x0000000089300000, 0x0000000089300000, 0x0000000089400000|  0%| F|  |TS  0|AC  0|TAMS 0x0000000089300000, 0x0000000089300000|
|  62|0x0000000089400000, 0x0000000089400000, 0x0000000089500000|  0%| F|  |TS  0|AC  0|TAMS 0x0000000089400000, 0x0000000089400000|
|  63|0x0000000089500000, 0x0000000089500000, 0x0000000089600000|  0%| F|  |TS  0|AC  0|TAMS 0x0000000089500000, 0x0000000089500000|
|  64|0x0000000089600000, 0x0000000089600000, 0x0000000089700000|  0%| F|  |TS  0|AC  0|TAMS 0x0000000089600000, 0x0000000089600000|
|  65|0x0000000089700000, 0x0000000089700000, 0x0000000089800000|  0%| F|  |TS  0|AC  0|TAMS 0x0000000089700000, 0x0000000089700000|
|  66|0x0000000089800000, 0x0000000089800000, 0x0000000089900000|  0%| F|  |TS  0|AC  0|TAMS 0x0000000089800000, 0x0000000089800000|
|  67|0x0000000089900000, 0x0000000089900000, 0x0000000089a00000|  0%| F|  |TS  0|AC  0|TAMS 0x0000000089900000, 0x0000000089900000|
|  68|0x0000000089a00000, 0x0000000089a00000, 0x0000000089b00000|  0%| F|  |TS  0|AC  0|TAMS 0x0000000089a00000, 0x0000000089a00000|
|  69|0x0000000089b00000, 0x0000000089b00000, 0x0000000089c00000|  0%| F|  |TS  0|AC  0|TAMS 0x0000000089b00000, 0x0000000089b00000|
|  70|0x0000000089c00000, 0x0000000089c00000, 0x0000000089d00000|  0%| F|  |TS  0|AC  0|TAMS 0x0000000089c00000, 0x0000000089c00000|
|  71|0x0000000089d00000, 0x0000000089d00000, 0x0000000089e00000|  0%| F|  |TS  0|AC  0|TAMS 0x0000000089d00000, 0x0000000089d00000|
|  72|0x0000000089e00000, 0x0000000089e00000, 0x0000000089f00000|  0%| F|  |TS  0|AC  0|TAMS 0x0000000089e00000, 0x0000000089e00000|
|  73|0x0000000089f00000, 0x0000000089f00000, 0x000000008a000000|  0%| F|  |TS  0|AC  0|TAMS 0x0000000089f00000, 0x0000000089f00000|
|  74|0x000000008a000000, 0x000000008a000000, 0x000000008a100000|  0%| F|  |TS  0|AC  0|TAMS 0x000000008a000000, 0x000000008a000000|
|  75|0x000000008a100000, 0x000000008a100000, 0x000000008a200000|  0%| F|  |TS  0|AC  0|TAMS 0x000000008a100000, 0x000000008a100000|
|  76|0x000000008a200000, 0x000000008a200000, 0x000000008a300000|  0%| F|  |TS  0|AC  0|TAMS 0x000000008a200000, 0x000000008a200000|
|  77|0x000000008a300000, 0x000000008a300000, 0x000000008a400000|  0%| F|  |TS  0|AC  0|TAMS 0x000000008a300000, 0x000000008a300000|
|  78|0x000000008a400000, 0x000000008a400000, 0x000000008a500000|  0%| F|  |TS  0|AC  0|TAMS 0x000000008a400000, 0x000000008a400000|
|  79|0x000000008a500000, 0x000000008a500000, 0x000000008a600000|  0%| F|  |TS  0|AC  0|TAMS 0x000000008a500000, 0x000000008a500000|
|  80|0x000000008a600000, 0x000000008a600000, 0x000000008a700000|  0%| F|  |TS  0|AC  0|TAMS 0x000000008a600000, 0x000000008a600000|
|  81|0x000000008a700000, 0x000000008a700000, 0x000000008a800000|  0%| F|  |TS  0|AC  0|TAMS 0x000000008a700000, 0x000000008a700000|
|  82|0x000000008a800000, 0x000000008a800000, 0x000000008a900000|  0%| F|  |TS  0|AC  0|TAMS 0x000000008a800000, 0x000000008a800000|
|  83|0x000000008a900000, 0x000000008a900000, 0x000000008aa00000|  0%| F|  |TS  0|AC  0|TAMS 0x000000008a900000, 0x000000008a900000|
|  84|0x000000008aa00000, 0x000000008aa00000, 0x000000008ab00000|  0%| F|  |TS  0|AC  0|TAMS 0x000000008aa00000, 0x000000008aa00000|
|  85|0x000000008ab00000, 0x000000008ab00000, 0x000000008ac00000|  0%| F|  |TS  0|AC  0|TAMS 0x000000008ab00000, 0x000000008ab00000|
|  86|0x000000008ac00000, 0x000000008ac00000, 0x000000008ad00000|  0%| F|  |TS  0|AC  0|TAMS 0x000000008ac00000, 0x000000008ac00000|
|  87|0x000000008ad00000, 0x000000008ad00000, 0x000000008ae00000|  0%| F|  |TS  0|AC  0|TAMS 0x000000008ad00000, 0x000000008ad00000|
|  88|0x000000008ae00000, 0x000000008ae00000, 0x000000008af00000|  0%| F|  |TS  0|AC  0|TAMS 0x000000008ae00000, 0x000000008ae00000|
|  89|0x000000008af00000, 0x000000008af00000, 0x000000008b000000|  0%| F|  |TS  0|AC  0|TAMS 0x000000008af00000, 0x000000008af00000|
|  90|0x000000008b000000, 0x000000008b000000, 0x000000008b100000|  0%| F|  |TS  0|AC  0|TAMS 0x000000008b000000, 0x000000008b000000|
|  91|0x000000008b100000, 0x000000008b100000, 0x000000008b200000|  0%| F|  |TS  0|AC  0|TAMS 0x000000008b100000, 0x000000008b100000|
|  92|0x000000008b200000, 0x000000008b200000, 0x000000008b300000|  0%| F|  |TS  0|AC  0|TAMS 0x000000008b200000, 0x000000008b200000|
|  93|0x000000008b300000, 0x000000008b300000, 0x000000008b400000|  0%| F|  |TS  0|AC  0|TAMS 0x000000008b300000, 0x000000008b300000|
|  94|0x000000008b400000, 0x000000008b400000, 0x000000008b500000|  0%| F|  |TS  0|AC  0|TAMS 0x000000008b400000, 0x000000008b400000|
|  95|0x000000008b500000, 0x000000008b500000, 0x000000008b600000|  0%| F|  |TS  0|AC  0|TAMS 0x000000008b500000, 0x000000008b500000|
|  96|0x000000008b600000, 0x000000008b64c858, 0x000000008b700000| 29%| S|CS|TS  3|AC  0|TAMS 0x000000008b600000, 0x000000008b600000|
|  97|0x000000008b700000, 0x000000008b800000, 0x000000008b800000|100%| S|CS|TS  3|AC  0|TAMS 0x000000008b700000, 0x000000008b700000|
|  98|0x000000008b800000, 0x000000008b800000, 0x000000008b900000|  0%| F|  |TS  3|AC  0|TAMS 0x000000008b800000, 0x000000008b800000|
|  99|0x000000008b900000, 0x000000008b900000, 0x000000008ba00000|  0%| F|  |TS  3|AC  0|TAMS 0x000000008b900000, 0x000000008b900000|
| 100|0x000000008ba00000, 0x000000008ba00000, 0x000000008bb00000|  0%| F|  |TS  3|AC  0|TAMS 0x000000008ba00000, 0x000000008ba00000|
| 101|0x000000008bb00000, 0x000000008bb00000, 0x000000008bc00000|  0%| F|  |TS  3|AC  0|TAMS 0x000000008bb00000, 0x000000008bb00000|
| 102|0x000000008bc00000, 0x000000008bc00000, 0x000000008bd00000|  0%| F|  |TS  3|AC  0|TAMS 0x000000008bc00000, 0x000000008bc00000|
| 103|0x000000008bd00000, 0x000000008bd00000, 0x000000008be00000|  0%| F|  |TS  3|AC  0|TAMS 0x000000008bd00000, 0x000000008bd00000|
| 104|0x000000008be00000, 0x000000008be00000, 0x000000008bf00000|  0%| F|  |TS  3|AC  0|TAMS 0x000000008be00000, 0x000000008be00000|
| 105|0x000000008bf00000, 0x000000008bf00000, 0x000000008c000000|  0%| F|  |TS  3|AC  0|TAMS 0x000000008bf00000, 0x000000008bf00000|
| 106|0x000000008c000000, 0x000000008c000000, 0x000000008c100000|  0%| F|  |TS  3|AC  0|TAMS 0x000000008c000000, 0x000000008c000000|
| 107|0x000000008c100000, 0x000000008c100000, 0x000000008c200000|  0%| F|  |TS  3|AC  0|TAMS 0x000000008c100000, 0x000000008c100000|
| 108|0x000000008c200000, 0x000000008c300000, 0x000000008c300000|100%| E|  |TS  3|AC  0|TAMS 0x000000008c200000, 0x000000008c200000|
| 109|0x000000008c300000, 0x000000008c400000, 0x000000008c400000|100%| E|CS|TS  3|AC  0|TAMS 0x000000008c300000, 0x000000008c300000|
| 110|0x000000008c400000, 0x000000008c500000, 0x000000008c500000|100%| E|CS|TS  3|AC  0|TAMS 0x000000008c400000, 0x000000008c400000|
| 111|0x000000008c500000, 0x000000008c600000, 0x000000008c600000|100%| E|CS|TS  3|AC  0|TAMS 0x000000008c500000, 0x000000008c500000|
| 112|0x000000008c600000, 0x000000008c700000, 0x000000008c700000|100%| E|CS|TS  3|AC  0|TAMS 0x000000008c600000, 0x000000008c600000|
| 113|0x000000008c700000, 0x000000008c800000, 0x000000008c800000|100%| E|CS|TS  3|AC  0|TAMS 0x000000008c700000, 0x000000008c700000|
| 114|0x000000008c800000, 0x000000008c900000, 0x000000008c900000|100%| E|CS|TS  3|AC  0|TAMS 0x000000008c800000, 0x000000008c800000|
| 115|0x000000008c900000, 0x000000008ca00000, 0x000000008ca00000|100%| E|CS|TS  3|AC  0|TAMS 0x000000008c900000, 0x000000008c900000|
| 116|0x000000008ca00000, 0x000000008cb00000, 0x000000008cb00000|100%| E|CS|TS  3|AC  0|TAMS 0x000000008ca00000, 0x000000008ca00000|
| 117|0x000000008cb00000, 0x000000008cc00000, 0x000000008cc00000|100%| E|CS|TS  3|AC  0|TAMS 0x000000008cb00000, 0x000000008cb00000|
| 118|0x000000008cc00000, 0x000000008cd00000, 0x000000008cd00000|100%| E|CS|TS  3|AC  0|TAMS 0x000000008cc00000, 0x000000008cc00000|
| 119|0x000000008cd00000, 0x000000008ce00000, 0x000000008ce00000|100%| E|CS|TS  3|AC  0|TAMS 0x000000008cd00000, 0x000000008cd00000|
| 120|0x000000008ce00000, 0x000000008cf00000, 0x000000008cf00000|100%| E|CS|TS  3|AC  0|TAMS 0x000000008ce00000, 0x000000008ce00000|
| 121|0x000000008cf00000, 0x000000008d000000, 0x000000008d000000|100%| E|CS|TS  3|AC  0|TAMS 0x000000008cf00000, 0x000000008cf00000|
| 122|0x000000008d000000, 0x000000008d100000, 0x000000008d100000|100%| E|CS|TS  3|AC  0|TAMS 0x000000008d000000, 0x000000008d000000|
| 123|0x000000008d100000, 0x000000008d200000, 0x000000008d200000|100%| E|CS|TS  3|AC  0|TAMS 0x000000008d100000, 0x000000008d100000|

Card table byte_map: [0x00007fbc95e34000,0x00007fbc96209000] byte_map_base: 0x00007fbc95a09000

Marking Bits (Prev, Next): (CMBitMap*) 0x00007fbcb0055be0, (CMBitMap*) 0x00007fbcb0055c18
 Prev Bits: [0x00007fbc86158000, 0x00007fbc88000000)
 Next Bits: [0x00007fbc842b0000, 0x00007fbc86158000)

Polling page: 0x00007fbcb7276000

CodeHeap 'non-profiled nmethods': size=120032Kb used=794Kb max_used=794Kb free=119237Kb
 bounds [0x00007fbc9e99d000, 0x00007fbc9ec0d000, 0x00007fbca5ed5000]
CodeHeap 'profiled nmethods': size=120032Kb used=3822Kb max_used=3822Kb free=116209Kb
 bounds [0x00007fbc97465000, 0x00007fbc97825000, 0x00007fbc9e99d000]
CodeHeap 'non-nmethods': size=5696Kb used=1246Kb max_used=1279Kb free=4449Kb
 bounds [0x00007fbc96ed5000, 0x00007fbc97145000, 0x00007fbc97465000]
 total_blobs=3201 nmethods=1969 adapters=573
 compilation: enabled

Compilation events (10 events):
Event: 20845,954 Thread 0x00007fbcb014a800 2114       4       java.util.Vector$Itr::<init> (6 bytes)
Event: 20845,961 Thread 0x00007fbcb014a800 nmethod 2114 0x00007fbc9ea62910 code [0x00007fbc9ea62aa0, 0x00007fbc9ea62c38]
Event: 20851,700 Thread 0x00007fbcb0148800 2115   !   4       sun.awt.X11.XToolkit$1::dispatchEvent (34 bytes)
Event: 20851,721 Thread 0x00007fbcb0148800 nmethod 2115 0x00007fbc9ea62d10 code [0x00007fbc9ea62ee0, 0x00007fbc9ea63088]
Event: 21042,335 Thread 0x00007fbcb014a800 2116       4       sun.awt.X11.XMSelection$1::dispatchEvent (10 bytes)
Event: 21042,344 Thread 0x00007fbcb014a800 nmethod 2116 0x00007fbc9ea63390 code [0x00007fbc9ea63560, 0x00007fbc9ea63778]
Event: 22405,438 Thread 0x00007fbcb014c800 2117 % !   3       sun.awt.X11.XToolkit::run @ 59 (384 bytes)
Event: 22405,551 Thread 0x00007fbcb014c800 nmethod 2117% 0x00007fbc9780f810 code [0x00007fbc97810220, 0x00007fbc97816f68]
Event: 22898,679 Thread 0x00007fbcb014c800 2118   !   3       sun.awt.X11.XToolkit::run (384 bytes)
Event: 22898,706 Thread 0x00007fbcb014c800 nmethod 2118 0x00007fbc9781a110 code [0x00007fbc9781ab00, 0x00007fbc97820488]

GC Heap History (6 events):
Event: 0,721 GC heap before
{Heap before GC invocations=0 (full 0):
 garbage-first heap   total 126976K, used 15360K [0x0000000085600000, 0x0000000100000000)
  region size 1024K, 14 young (14336K), 0 survivors (0K)
 Metaspace       used 15191K, capacity 15603K, committed 15744K, reserved 1062912K
  class space    used 1683K, capacity 1911K, committed 1920K, reserved 1048576K
}
Event: 0,734 GC heap after
{Heap after GC invocations=1 (full 0):
 garbage-first heap   total 126976K, used 4506K [0x0000000085600000, 0x0000000100000000)
  region size 1024K, 2 young (2048K), 2 survivors (2048K)
 Metaspace       used 15191K, capacity 15603K, committed 15744K, reserved 1062912K
  class space    used 1683K, capacity 1911K, committed 1920K, reserved 1048576K
}
Event: 1,034 GC heap before
{Heap before GC invocations=1 (full 0):
 garbage-first heap   total 126976K, used 9626K [0x0000000085600000, 0x0000000100000000)
  region size 1024K, 7 young (7168K), 2 survivors (2048K)
 Metaspace       used 17685K, capacity 18225K, committed 18432K, reserved 1064960K
  class space    used 1933K, capacity 2189K, committed 2304K, reserved 1048576K
}
Event: 1,042 GC heap after
{Heap after GC invocations=2 (full 0):
 garbage-first heap   total 126976K, used 5259K [0x0000000085600000, 0x0000000100000000)
  region size 1024K, 1 young (1024K), 1 survivors (1024K)
 Metaspace       used 17685K, capacity 18225K, committed 18432K, reserved 1064960K
  class space    used 1933K, capacity 2189K, committed 2304K, reserved 1048576K
}
Event: 1,878 GC heap before
{Heap before GC invocations=2 (full 0):
 garbage-first heap   total 126976K, used 30859K [0x0000000085600000, 0x0000000100000000)
  region size 1024K, 26 young (26624K), 1 survivors (1024K)
 Metaspace       used 18275K, capacity 18769K, committed 18944K, reserved 1067008K
  class space    used 1985K, capacity 2221K, committed 2304K, reserved 1048576K
}
Event: 1,885 GC heap after
{Heap after GC invocations=3 (full 0):
 garbage-first heap   total 126976K, used 5691K [0x0000000085600000, 0x0000000100000000)
  region size 1024K, 2 young (2048K), 2 survivors (2048K)
 Metaspace       used 18275K, capacity 18769K, committed 18944K, reserved 1067008K
  class space    used 1985K, capacity 2221K, committed 2304K, reserved 1048576K
}

Deoptimization events (10 events):
Event: 0,736 Thread 0x00007fbcb0012000 Uncommon trap: reason=unstable_if action=reinterpret pc=0x00007fbc9e9dbaf8 method=java.lang.invoke.MethodType$ConcurrentWeakInternSet$WeakEntry.equals(Ljava/lang/Object;)Z @ 21 c2
Event: 0,736 Thread 0x00007fbcb0012000 Uncommon trap: reason=unstable_if action=reinterpret pc=0x00007fbc9e9dedb4 method=java.lang.ref.ReferenceQueue.poll()Ljava/lang/ref/Reference; @ 4 c2
Event: 0,958 Thread 0x00007fbcb048d800 Uncommon trap: reason=speculate_null_check action=make_not_entrant pc=0x00007fbc9ea0a780 method=jdk.internal.misc.Unsafe.getIntUnaligned(Ljava/lang/Object;JZ)I @ 5 c2
Event: 0,971 Thread 0x00007fbcb048d800 Uncommon trap: reason=unstable_if action=reinterpret pc=0x00007fbc9ea0bb94 method=java.nio.Buffer.nextGetIndex()I @ 8 c2
Event: 4,468 Thread 0x00007fbcb048d800 Uncommon trap: reason=class_check action=maybe_recompile pc=0x00007fbc9e9b5954 method=java.lang.String.equals(Ljava/lang/Object;)Z @ 8 c2
Event: 4,468 Thread 0x00007fbcb048d800 Uncommon trap: reason=class_check action=maybe_recompile pc=0x00007fbc9e9b5954 method=java.lang.String.equals(Ljava/lang/Object;)Z @ 8 c2
Event: 4,510 Thread 0x00007fbcb048d800 Uncommon trap: reason=class_check action=maybe_recompile pc=0x00007fbc9e9b5954 method=java.lang.String.equals(Ljava/lang/Object;)Z @ 8 c2
Event: 4,510 Thread 0x00007fbcb048d800 Uncommon trap: reason=class_check action=maybe_recompile pc=0x00007fbc9e9b5954 method=java.lang.String.equals(Ljava/lang/Object;)Z @ 8 c2
Event: 5,311 Thread 0x00007fbcb048d800 Uncommon trap: reason=unstable_if action=reinterpret pc=0x00007fbc9e9f0264 method=java.lang.StringUTF16.compress([CI[BII)I @ 20 c2
Event: 5,311 Thread 0x00007fbcb048d800 Uncommon trap: reason=unstable_if action=reinterpret pc=0x00007fbc9e99f778 method=java.lang.String.isLatin1()Z @ 10 c2

Classes redefined (0 events):
No events

Internal exceptions (10 events):
Event: 0,736 Thread 0x00007fbcb0012000 Implicit null exception at 0x00007fbc9e9db2b2 to 0x00007fbc9e9dbaba
Event: 0,744 Thread 0x00007fbcb0012000 Exception <a 'java/lang/NoSuchMethodError'{0x000000008d145fa8}: java.lang.invoke.DirectMethodHandle$Holder.invokeStatic(Ljava/lang/Object;Ljava/lang/Object;Ljava/lang/Object;Ljava/lang/Object;Ljava/lang/Object;Ljava/lang/Object;Ljava/lang/Object;Ljava/lan
Event: 0,745 Thread 0x00007fbcb0012000 Exception <a 'java/lang/NoSuchMethodError'{0x000000008d166380}: java.lang.invoke.DirectMethodHandle$Holder.invokeStatic(Ljava/lang/Object;Ljava/lang/Object;Ljava/lang/Object;Ljava/lang/Object;Ljava/lang/Object;Ljava/lang/Object;Ljava/lang/Object;Ljava/lan
Event: 0,747 Thread 0x00007fbcb0012000 Exception <a 'java/lang/NoSuchMethodError'{0x000000008d187490}: java.lang.invoke.DirectMethodHandle$Holder.invokeStatic(Ljava/lang/Object;Ljava/lang/Object;Ljava/lang/Object;Ljava/lang/Object;Ljava/lang/Object;Ljava/lang/Object;Ljava/lang/Object;Ljava/lan
Event: 0,749 Thread 0x00007fbcb0012000 Exception <a 'java/lang/NoSuchMethodError'{0x000000008d1a9dc0}: java.lang.invoke.DirectMethodHandle$Holder.invokeStatic(Ljava/lang/Object;Ljava/lang/Object;Ljava/lang/Object;Ljava/lang/Object;Ljava/lang/Object;Ljava/lang/Object;Ljava/lang/Object;Ljava/lan
Event: 0,783 Thread 0x00007fbcb0012000 Exception <a 'java/lang/NoSuchMethodError'{0x000000008cf05850}: java.lang.invoke.DirectMethodHandle$Holder.invokeStaticInit(Ljava/lang/Object;)V> (0x000000008cf05850) thrown at [/build/openjdk-lts-Ae5PRQ/openjdk-lts-10.0.2+13/src/hotspot/share/interpreter
Event: 1,206 Thread 0x00007fbcb048d800 Exception <a 'java/lang/UnsupportedOperationException'{0x000000008cf7b8c0}: > (0x000000008cf7b8c0) thrown at [/build/openjdk-lts-Ae5PRQ/openjdk-lts-10.0.2+13/src/hotspot/share/prims/jni.cpp, line 632]
Event: 2,079 Thread 0x00007fbcb048d800 Exception <a 'java/lang/UnsupportedOperationException'{0x000000008c7c9c88}: > (0x000000008c7c9c88) thrown at [/build/openjdk-lts-Ae5PRQ/openjdk-lts-10.0.2+13/src/hotspot/share/prims/jni.cpp, line 632]
Event: 3,372 Thread 0x00007fbcb048d800 Exception <a 'java/lang/UnsupportedOperationException'{0x000000008c6af4c0}: > (0x000000008c6af4c0) thrown at [/build/openjdk-lts-Ae5PRQ/openjdk-lts-10.0.2+13/src/hotspot/share/prims/jni.cpp, line 632]
Event: 8,386 Thread 0x00007fbcb048d800 Exception <a 'java/lang/UnsupportedOperationException'{0x000000008c425738}: > (0x000000008c425738) thrown at [/build/openjdk-lts-Ae5PRQ/openjdk-lts-10.0.2+13/src/hotspot/share/prims/jni.cpp, line 632]

Events (10 events):
Event: 4850,359 Executing VM operation: RevokeBias
Event: 4850,359 Executing VM operation: RevokeBias done
Event: 4850,361 Executing VM operation: RevokeBias
Event: 4850,361 Executing VM operation: RevokeBias done
Event: 4850,361 loading class sun/awt/X11/XAWTXSettings$1
Event: 4850,361 loading class sun/awt/X11/XAWTXSettings$1 done
Event: 20845,941 loading class java/util/Vector$1
Event: 20845,954 loading class java/util/Vector$1 done
Event: 23511,294 loading class jdk/internal/misc/Signal$1
Event: 23511,327 loading class jdk/internal/misc/Signal$1 done


Dynamic libraries:
85600000-8d200000 rw-p 00000000 00:00 0 
8d200000-100000000 ---p 00000000 00:00 0 
100000000-100240000 rw-p 00000000 00:00 0 
100240000-140000000 ---p 00000000 00:00 0 
5610e627a000-5610e627b000 r-xp 00000000 08:05 1044648                    /usr/lib/jvm/java-11-openjdk-amd64/bin/java
5610e647b000-5610e647c000 r--p 00001000 08:05 1044648                    /usr/lib/jvm/java-11-openjdk-amd64/bin/java
5610e647c000-5610e647d000 rw-p 00002000 08:05 1044648                    /usr/lib/jvm/java-11-openjdk-amd64/bin/java
5610e83a5000-5610e83c6000 rw-p 00000000 00:00 0                          [heap]
7fbc0c000000-7fbc0c0e9000 rw-p 00000000 00:00 0 
7fbc0c0e9000-7fbc10000000 ---p 00000000 00:00 0 
7fbc10000000-7fbc10021000 rw-p 00000000 00:00 0 
7fbc10021000-7fbc14000000 ---p 00000000 00:00 0 
7fbc14000000-7fbc14021000 rw-p 00000000 00:00 0 
7fbc14021000-7fbc18000000 ---p 00000000 00:00 0 
7fbc18000000-7fbc18021000 rw-p 00000000 00:00 0 
7fbc18021000-7fbc1c000000 ---p 00000000 00:00 0 
7fbc1c000000-7fbc1c021000 rw-p 00000000 00:00 0 
7fbc1c021000-7fbc20000000 ---p 00000000 00:00 0 
7fbc20000000-7fbc20021000 rw-p 00000000 00:00 0 
7fbc20021000-7fbc24000000 ---p 00000000 00:00 0 
7fbc24000000-7fbc24021000 rw-p 00000000 00:00 0 
7fbc24021000-7fbc28000000 ---p 00000000 00:00 0 
7fbc29f70000-7fbc2a0f0000 rw-p 00000000 00:00 0 
7fbc2a0f0000-7fbc2a170000 ---p 00000000 00:00 0 
7fbc2a1f6000-7fbc2a2f7000 rw-p 00000000 00:00 0 
7fbc2a2f7000-7fbc2a2fb000 ---p 00000000 00:00 0 
7fbc2a2fb000-7fbc2a3f8000 rw-p 00000000 00:00 0 
7fbc2a3f8000-7fbc2a3fc000 ---p 00000000 00:00 0 
7fbc2a3fc000-7fbc2a4f9000 rw-p 00000000 00:00 0 
7fbc2a4f9000-7fbc2a4fd000 ---p 00000000 00:00 0 
7fbc2a4fd000-7fbc2a5fa000 rw-p 00000000 00:00 0 
7fbc2a5fa000-7fbc2a5fe000 ---p 00000000 00:00 0 
7fbc2a5fe000-7fbc2a8fb000 rw-p 00000000 00:00 0 
7fbc2a8fb000-7fbc2a8ff000 ---p 00000000 00:00 0 
7fbc2a8ff000-7fbc2a9fc000 rw-p 00000000 00:00 0 
7fbc2a9fc000-7fbc2aa00000 ---p 00000000 00:00 0 
7fbc2aa00000-7fbc2acfd000 rw-p 00000000 00:00 0 
7fbc2acfd000-7fbc2aefd000 rw-p 00000000 00:00 0 
7fbc2aefd000-7fbc2af01000 ---p 00000000 00:00 0 
7fbc2af01000-7fbc2affe000 rw-p 00000000 00:00 0 
7fbc2affe000-7fbc2afff000 ---p 00000000 00:00 0 
7fbc2afff000-7fbc2b7ff000 rw-p 00000000 00:00 0 
7fbc2b7ff000-7fbc2b800000 ---p 00000000 00:00 0 
7fbc2b800000-7fbc2c000000 rw-p 00000000 00:00 0 
7fbc2c000000-7fbc2c021000 rw-p 00000000 00:00 0 
7fbc2c021000-7fbc30000000 ---p 00000000 00:00 0 
7fbc30000000-7fbc30021000 rw-p 00000000 00:00 0 
7fbc30021000-7fbc34000000 ---p 00000000 00:00 0 
7fbc3408f000-7fbc34094000 r-xp 00000000 08:05 271942                     /usr/lib/x86_64-linux-gnu/libXfixes.so.3.1.0
7fbc34094000-7fbc34293000 ---p 00005000 08:05 271942                     /usr/lib/x86_64-linux-gnu/libXfixes.so.3.1.0
7fbc34293000-7fbc34294000 r--p 00004000 08:05 271942                     /usr/lib/x86_64-linux-gnu/libXfixes.so.3.1.0
7fbc34294000-7fbc34295000 rw-p 00005000 08:05 271942                     /usr/lib/x86_64-linux-gnu/libXfixes.so.3.1.0
7fbc34295000-7fbc3429e000 r-xp 00000000 08:05 271934                     /usr/lib/x86_64-linux-gnu/libXcursor.so.1.0.2
7fbc3429e000-7fbc3449d000 ---p 00009000 08:05 271934                     /usr/lib/x86_64-linux-gnu/libXcursor.so.1.0.2
7fbc3449d000-7fbc3449e000 r--p 00008000 08:05 271934                     /usr/lib/x86_64-linux-gnu/libXcursor.so.1.0.2
7fbc3449e000-7fbc3449f000 rw-p 00009000 08:05 271934                     /usr/lib/x86_64-linux-gnu/libXcursor.so.1.0.2
7fbc3449f000-7fbc344a3000 ---p 00000000 00:00 0 
7fbc344a3000-7fbc345a0000 rw-p 00000000 00:00 0 
7fbc345a0000-7fbc345a1000 ---p 00000000 00:00 0 
7fbc345a1000-7fbc34da1000 rw-p 00000000 00:00 0 
7fbc34da1000-7fbc34dad000 r-xp 00000000 08:05 396751                     /usr/lib/x86_64-linux-gnu/gio/modules/libdconfsettings.so
7fbc34dad000-7fbc34fac000 ---p 0000c000 08:05 396751                     /usr/lib/x86_64-linux-gnu/gio/modules/libdconfsettings.so
7fbc34fac000-7fbc34fad000 r--p 0000b000 08:05 396751                     /usr/lib/x86_64-linux-gnu/gio/modules/libdconfsettings.so
7fbc34fad000-7fbc34fae000 rw-p 0000c000 08:05 396751                     /usr/lib/x86_64-linux-gnu/gio/modules/libdconfsettings.so
7fbc34fae000-7fbc34fb4000 r-xp 00000000 08:05 920010                     /lib/x86_64-linux-gnu/libuuid.so.1.3.0
7fbc34fb4000-7fbc351b3000 ---p 00006000 08:05 920010                     /lib/x86_64-linux-gnu/libuuid.so.1.3.0
7fbc351b3000-7fbc351b4000 r--p 00005000 08:05 920010                     /lib/x86_64-linux-gnu/libuuid.so.1.3.0
7fbc351b4000-7fbc351b5000 rw-p 00006000 08:05 920010                     /lib/x86_64-linux-gnu/libuuid.so.1.3.0
7fbc351b5000-7fbc351fc000 r-xp 00000000 08:05 919820                     /lib/x86_64-linux-gnu/libblkid.so.1.1.0
7fbc351fc000-7fbc353fc000 ---p 00047000 08:05 919820                     /lib/x86_64-linux-gnu/libblkid.so.1.1.0
7fbc353fc000-7fbc35400000 r--p 00047000 08:05 919820                     /lib/x86_64-linux-gnu/libblkid.so.1.1.0
7fbc35400000-7fbc35401000 rw-p 0004b000 08:05 919820                     /lib/x86_64-linux-gnu/libblkid.so.1.1.0
7fbc35401000-7fbc35402000 rw-p 00000000 00:00 0 
7fbc35402000-7fbc35472000 r-xp 00000000 08:05 919775                     /lib/x86_64-linux-gnu/libpcre.so.3.13.3
7fbc35472000-7fbc35672000 ---p 00070000 08:05 919775                     /lib/x86_64-linux-gnu/libpcre.so.3.13.3
7fbc35672000-7fbc35673000 r--p 00070000 08:05 919775                     /lib/x86_64-linux-gnu/libpcre.so.3.13.3
7fbc35673000-7fbc35674000 rw-p 00071000 08:05 919775                     /lib/x86_64-linux-gnu/libpcre.so.3.13.3
7fbc35674000-7fbc3567b000 r-xp 00000000 08:05 272269                     /usr/lib/x86_64-linux-gnu/libffi.so.6.0.4
7fbc3567b000-7fbc3587a000 ---p 00007000 08:05 272269                     /usr/lib/x86_64-linux-gnu/libffi.so.6.0.4
7fbc3587a000-7fbc3587b000 r--p 00006000 08:05 272269                     /usr/lib/x86_64-linux-gnu/libffi.so.6.0.4
7fbc3587b000-7fbc3587c000 rw-p 00007000 08:05 272269                     /usr/lib/x86_64-linux-gnu/libffi.so.6.0.4
7fbc3587c000-7fbc358cd000 r-xp 00000000 08:05 919686                     /lib/x86_64-linux-gnu/libmount.so.1.1.0
7fbc358cd000-7fbc35acc000 ---p 00051000 08:05 919686                     /lib/x86_64-linux-gnu/libmount.so.1.1.0
7fbc35acc000-7fbc35ace000 r--p 00050000 08:05 919686                     /lib/x86_64-linux-gnu/libmount.so.1.1.0
7fbc35ace000-7fbc35acf000 rw-p 00052000 08:05 919686                     /lib/x86_64-linux-gnu/libmount.so.1.1.0
7fbc35acf000-7fbc35ad0000 rw-p 00000000 00:00 0 
7fbc35ad0000-7fbc35ae7000 r-xp 00000000 08:05 919792                     /lib/x86_64-linux-gnu/libresolv-2.27.so
7fbc35ae7000-7fbc35ce7000 ---p 00017000 08:05 919792                     /lib/x86_64-linux-gnu/libresolv-2.27.so
7fbc35ce7000-7fbc35ce8000 r--p 00017000 08:05 919792                     /lib/x86_64-linux-gnu/libresolv-2.27.so
7fbc35ce8000-7fbc35ce9000 rw-p 00018000 08:05 919792                     /lib/x86_64-linux-gnu/libresolv-2.27.so
7fbc35ce9000-7fbc35ceb000 rw-p 00000000 00:00 0 
7fbc35ceb000-7fbc35d10000 r-xp 00000000 08:05 919798                     /lib/x86_64-linux-gnu/libselinux.so.1
7fbc35d10000-7fbc35f0f000 ---p 00025000 08:05 919798                     /lib/x86_64-linux-gnu/libselinux.so.1
7fbc35f0f000-7fbc35f10000 r--p 00024000 08:05 919798                     /lib/x86_64-linux-gnu/libselinux.so.1
7fbc35f10000-7fbc35f11000 rw-p 00025000 08:05 919798                     /lib/x86_64-linux-gnu/libselinux.so.1
7fbc35f11000-7fbc35f13000 rw-p 00000000 00:00 0 
7fbc35f13000-7fbc36026000 r-xp 00000000 08:05 262951                     /usr/lib/x86_64-linux-gnu/libglib-2.0.so.0.5600.3
7fbc36026000-7fbc36226000 ---p 00113000 08:05 262951                     /usr/lib/x86_64-linux-gnu/libglib-2.0.so.0.5600.3
7fbc36226000-7fbc36227000 r--p 00113000 08:05 262951                     /usr/lib/x86_64-linux-gnu/libglib-2.0.so.0.5600.3
7fbc36227000-7fbc36228000 rw-p 00114000 08:05 262951                     /usr/lib/x86_64-linux-gnu/libglib-2.0.so.0.5600.3
7fbc36228000-7fbc36229000 rw-p 00000000 00:00 0 
7fbc36229000-7fbc3622c000 r-xp 00000000 08:05 268079                     /usr/lib/x86_64-linux-gnu/libgmodule-2.0.so.0.5600.3
7fbc3622c000-7fbc3642b000 ---p 00003000 08:05 268079                     /usr/lib/x86_64-linux-gnu/libgmodule-2.0.so.0.5600.3
7fbc3642b000-7fbc3642c000 r--p 00002000 08:05 268079                     /usr/lib/x86_64-linux-gnu/libgmodule-2.0.so.0.5600.3
7fbc3642c000-7fbc3642d000 rw-p 00003000 08:05 268079                     /usr/lib/x86_64-linux-gnu/libgmodule-2.0.so.0.5600.3
7fbc3642d000-7fbc3647f000 r-xp 00000000 08:05 270586                     /usr/lib/x86_64-linux-gnu/libgobject-2.0.so.0.5600.3
7fbc3647f000-7fbc3667f000 ---p 00052000 08:05 270586                     /usr/lib/x86_64-linux-gnu/libgobject-2.0.so.0.5600.3
7fbc3667f000-7fbc36680000 r--p 00052000 08:05 270586                     /usr/lib/x86_64-linux-gnu/libgobject-2.0.so.0.5600.3
7fbc36680000-7fbc36681000 rw-p 00053000 08:05 270586                     /usr/lib/x86_64-linux-gnu/libgobject-2.0.so.0.5600.3
7fbc36681000-7fbc36816000 r-xp 00000000 08:05 262552                     /usr/lib/x86_64-linux-gnu/libgio-2.0.so.0.5600.3
7fbc36816000-7fbc36a16000 ---p 00195000 08:05 262552                     /usr/lib/x86_64-linux-gnu/libgio-2.0.so.0.5600.3
7fbc36a16000-7fbc36a1d000 r--p 00195000 08:05 262552                     /usr/lib/x86_64-linux-gnu/libgio-2.0.so.0.5600.3
7fbc36a1d000-7fbc36a1e000 rw-p 0019c000 08:05 262552                     /usr/lib/x86_64-linux-gnu/libgio-2.0.so.0.5600.3
7fbc36a1e000-7fbc36a20000 rw-p 00000000 00:00 0 
7fbc36a20000-7fbc36a2a000 r-xp 00000000 08:05 271958                     /usr/lib/x86_64-linux-gnu/libXrandr.so.2.2.0
7fbc36a2a000-7fbc36c29000 ---p 0000a000 08:05 271958                     /usr/lib/x86_64-linux-gnu/libXrandr.so.2.2.0
7fbc36c29000-7fbc36c2a000 r--p 00009000 08:05 271958                     /usr/lib/x86_64-linux-gnu/libXrandr.so.2.2.0
7fbc36c2a000-7fbc36c2b000 rw-p 0000a000 08:05 271958                     /usr/lib/x86_64-linux-gnu/libXrandr.so.2.2.0
7fbc36c2b000-7fbc36e2b000 rw-p 00000000 00:00 0 
7fbc36e2b000-7fbc36e5c000 r-xp 00000000 08:05 272791                     /usr/lib/x86_64-linux-gnu/libpng16.so.16.34.0
7fbc36e5c000-7fbc3705b000 ---p 00031000 08:05 272791                     /usr/lib/x86_64-linux-gnu/libpng16.so.16.34.0
7fbc3705b000-7fbc3705c000 r--p 00030000 08:05 272791                     /usr/lib/x86_64-linux-gnu/libpng16.so.16.34.0
7fbc3705c000-7fbc3705d000 rw-p 00031000 08:05 272791                     /usr/lib/x86_64-linux-gnu/libpng16.so.16.34.0
7fbc3705d000-7fbc3710a000 r-xp 00000000 08:05 272301                     /usr/lib/x86_64-linux-gnu/libfreetype.so.6.15.0
7fbc3710a000-7fbc37309000 ---p 000ad000 08:05 272301                     /usr/lib/x86_64-linux-gnu/libfreetype.so.6.15.0
7fbc37309000-7fbc37310000 r--p 000ac000 08:05 272301                     /usr/lib/x86_64-linux-gnu/libfreetype.so.6.15.0
7fbc37310000-7fbc37311000 rw-p 000b3000 08:05 272301                     /usr/lib/x86_64-linux-gnu/libfreetype.so.6.15.0
7fbc37311000-7fbc373a6000 r-xp 00000000 08:05 1044706                    /usr/lib/jvm/java-11-openjdk-amd64/lib/libfontmanager.so
7fbc373a6000-7fbc375a6000 ---p 00095000 08:05 1044706                    /usr/lib/jvm/java-11-openjdk-amd64/lib/libfontmanager.so
7fbc375a6000-7fbc375a7000 r--p 00095000 08:05 1044706                    /usr/lib/jvm/java-11-openjdk-amd64/lib/libfontmanager.so
7fbc375a7000-7fbc375a8000 rw-p 00096000 08:05 1044706                    /usr/lib/jvm/java-11-openjdk-amd64/lib/libfontmanager.so
7fbc375a8000-7fbc375a9000 rw-p 00000000 00:00 0 
7fbc375a9000-7fbc375bc000 r-xp 00000000 08:05 919649                     /lib/x86_64-linux-gnu/libbsd.so.0.8.7
7fbc375bc000-7fbc377bb000 ---p 00013000 08:05 919649                     /lib/x86_64-linux-gnu/libbsd.so.0.8.7
7fbc377bb000-7fbc377bc000 r--p 00012000 08:05 919649                     /lib/x86_64-linux-gnu/libbsd.so.0.8.7
7fbc377bc000-7fbc377bd000 rw-p 00013000 08:05 919649                     /lib/x86_64-linux-gnu/libbsd.so.0.8.7
7fbc377bd000-7fbc377be000 rw-p 00000000 00:00 0 
7fbc377be000-7fbc377c3000 r-xp 00000000 08:05 271938                     /usr/lib/x86_64-linux-gnu/libXdmcp.so.6.0.0
7fbc377c3000-7fbc379c2000 ---p 00005000 08:05 271938                     /usr/lib/x86_64-linux-gnu/libXdmcp.so.6.0.0
7fbc379c2000-7fbc379c3000 r--p 00004000 08:05 271938                     /usr/lib/x86_64-linux-gnu/libXdmcp.so.6.0.0
7fbc379c3000-7fbc379c4000 rw-p 00005000 08:05 271938                     /usr/lib/x86_64-linux-gnu/libXdmcp.so.6.0.0
7fbc379c4000-7fbc379c6000 r-xp 00000000 08:05 271927                     /usr/lib/x86_64-linux-gnu/libXau.so.6.0.0
7fbc379c6000-7fbc37bc6000 ---p 00002000 08:05 271927                     /usr/lib/x86_64-linux-gnu/libXau.so.6.0.0
7fbc37bc6000-7fbc37bc7000 r--p 00002000 08:05 271927                     /usr/lib/x86_64-linux-gnu/libXau.so.6.0.0
7fbc37bc7000-7fbc37bc8000 rw-p 00003000 08:05 271927                     /usr/lib/x86_64-linux-gnu/libXau.so.6.0.0
7fbc37bc8000-7fbc37bee000 r-xp 00000000 08:05 273131                     /usr/lib/x86_64-linux-gnu/libxcb.so.1.1.0
7fbc37bee000-7fbc37dee000 ---p 00026000 08:05 273131                     /usr/lib/x86_64-linux-gnu/libxcb.so.1.1.0
7fbc37dee000-7fbc37def000 r--p 00026000 08:05 273131                     /usr/lib/x86_64-linux-gnu/libxcb.so.1.1.0
7fbc37def000-7fbc37df0000 rw-p 00027000 08:05 273131                     /usr/lib/x86_64-linux-gnu/libxcb.so.1.1.0
7fbc37df0000-7fbc37dff000 r-xp 00000000 08:05 271948                     /usr/lib/x86_64-linux-gnu/libXi.so.6.1.0
7fbc37dff000-7fbc37ffe000 ---p 0000f000 08:05 271948                     /usr/lib/x86_64-linux-gnu/libXi.so.6.1.0
7fbc37ffe000-7fbc37fff000 r--p 0000e000 08:05 271948                     /usr/lib/x86_64-linux-gnu/libXi.so.6.1.0
7fbc37fff000-7fbc38000000 rw-p 0000f000 08:05 271948                     /usr/lib/x86_64-linux-gnu/libXi.so.6.1.0
7fbc38000000-7fbc38021000 rw-p 00000000 00:00 0 
7fbc38021000-7fbc3c000000 ---p 00000000 00:00 0 
7fbc3c000000-7fbc3c021000 rw-p 00000000 00:00 0 
7fbc3c021000-7fbc40000000 ---p 00000000 00:00 0 
7fbc40000000-7fbc402e2000 rw-p 00000000 00:00 0 
7fbc402e2000-7fbc44000000 ---p 00000000 00:00 0 
7fbc44000000-7fbc44021000 rw-p 00000000 00:00 0 
7fbc44021000-7fbc48000000 ---p 00000000 00:00 0 
7fbc48000000-7fbc48bac000 rw-p 00000000 00:00 0 
7fbc48bac000-7fbc4c000000 ---p 00000000 00:00 0 
7fbc4c000000-7fbc4d171000 rw-p 00000000 00:00 0 
7fbc4d171000-7fbc50000000 ---p 00000000 00:00 0 
7fbc50000000-7fbc50021000 rw-p 00000000 00:00 0 
7fbc50021000-7fbc54000000 ---p 00000000 00:00 0 
7fbc54000000-7fbc54021000 rw-p 00000000 00:00 0 
7fbc54021000-7fbc58000000 ---p 00000000 00:00 0 
7fbc58000000-7fbc58021000 rw-p 00000000 00:00 0 
7fbc58021000-7fbc5c000000 ---p 00000000 00:00 0 
7fbc5c000000-7fbc5c021000 rw-p 00000000 00:00 0 
7fbc5c021000-7fbc60000000 ---p 00000000 00:00 0 
7fbc60000000-7fbc60021000 rw-p 00000000 00:00 0 
7fbc60021000-7fbc64000000 ---p 00000000 00:00 0 
7fbc64000000-7fbc64021000 rw-p 00000000 00:00 0 
7fbc64021000-7fbc68000000 ---p 00000000 00:00 0 
7fbc68000000-7fbc68021000 rw-p 00000000 00:00 0 
7fbc68021000-7fbc6c000000 ---p 00000000 00:00 0 
7fbc6c000000-7fbc6c021000 rw-p 00000000 00:00 0 
7fbc6c021000-7fbc70000000 ---p 00000000 00:00 0 
7fbc70000000-7fbc70021000 rw-p 00000000 00:00 0 
7fbc70021000-7fbc74000000 ---p 00000000 00:00 0 
7fbc74000000-7fbc74021000 rw-p 00000000 00:00 0 
7fbc74021000-7fbc78000000 ---p 00000000 00:00 0 
7fbc78074000-7fbc78079000 r-xp 00000000 08:05 271966                     /usr/lib/x86_64-linux-gnu/libXtst.so.6.1.0
7fbc78079000-7fbc78278000 ---p 00005000 08:05 271966                     /usr/lib/x86_64-linux-gnu/libXtst.so.6.1.0
7fbc78278000-7fbc78279000 r--p 00004000 08:05 271966                     /usr/lib/x86_64-linux-gnu/libXtst.so.6.1.0
7fbc78279000-7fbc7827a000 rw-p 00005000 08:05 271966                     /usr/lib/x86_64-linux-gnu/libXtst.so.6.1.0
7fbc7827a000-7fbc78283000 r-xp 00000000 08:05 271960                     /usr/lib/x86_64-linux-gnu/libXrender.so.1.3.0
7fbc78283000-7fbc78482000 ---p 00009000 08:05 271960                     /usr/lib/x86_64-linux-gnu/libXrender.so.1.3.0
7fbc78482000-7fbc78483000 r--p 00008000 08:05 271960                     /usr/lib/x86_64-linux-gnu/libXrender.so.1.3.0
7fbc78483000-7fbc78484000 rw-p 00009000 08:05 271960                     /usr/lib/x86_64-linux-gnu/libXrender.so.1.3.0
7fbc78484000-7fbc785b7000 r-xp 00000000 08:05 263759                     /usr/lib/x86_64-linux-gnu/libX11.so.6.3.0
7fbc785b7000-7fbc787b7000 ---p 00133000 08:05 263759                     /usr/lib/x86_64-linux-gnu/libX11.so.6.3.0
7fbc787b7000-7fbc787b8000 r--p 00133000 08:05 263759                     /usr/lib/x86_64-linux-gnu/libX11.so.6.3.0
7fbc787b8000-7fbc787bc000 rw-p 00134000 08:05 263759                     /usr/lib/x86_64-linux-gnu/libX11.so.6.3.0
7fbc787bc000-7fbc787cd000 r-xp 00000000 08:05 271940                     /usr/lib/x86_64-linux-gnu/libXext.so.6.4.0
7fbc787cd000-7fbc789cc000 ---p 00011000 08:05 271940                     /usr/lib/x86_64-linux-gnu/libXext.so.6.4.0
7fbc789cc000-7fbc789cd000 r--p 00010000 08:05 271940                     /usr/lib/x86_64-linux-gnu/libXext.so.6.4.0
7fbc789cd000-7fbc789ce000 rw-p 00011000 08:05 271940                     /usr/lib/x86_64-linux-gnu/libXext.so.6.4.0
7fbc789ce000-7fbc78a2d000 r-xp 00000000 08:05 1044703                    /usr/lib/jvm/java-11-openjdk-amd64/lib/libawt_xawt.so
7fbc78a2d000-7fbc78c2c000 ---p 0005f000 08:05 1044703                    /usr/lib/jvm/java-11-openjdk-amd64/lib/libawt_xawt.so
7fbc78c2c000-7fbc78c2d000 r--p 0005e000 08:05 1044703                    /usr/lib/jvm/java-11-openjdk-amd64/lib/libawt_xawt.so
7fbc78c2d000-7fbc78c30000 rw-p 0005f000 08:05 1044703                    /usr/lib/jvm/java-11-openjdk-amd64/lib/libawt_xawt.so
7fbc78c30000-7fbc78c32000 rw-p 00000000 00:00 0 
7fbc78c32000-7fbc78cd2000 r-xp 00000000 08:05 1044701                    /usr/lib/jvm/java-11-openjdk-amd64/lib/libawt.so
7fbc78cd2000-7fbc78ed2000 ---p 000a0000 08:05 1044701                    /usr/lib/jvm/java-11-openjdk-amd64/lib/libawt.so
7fbc78ed2000-7fbc78ed3000 r--p 000a0000 08:05 1044701                    /usr/lib/jvm/java-11-openjdk-amd64/lib/libawt.so
7fbc78ed3000-7fbc78ede000 rw-p 000a1000 08:05 1044701                    /usr/lib/jvm/java-11-openjdk-amd64/lib/libawt.so
7fbc78ede000-7fbc78f03000 rw-p 00000000 00:00 0 
7fbc78f03000-7fbc78f1a000 r-xp 00000000 08:05 1044726                    /usr/lib/jvm/java-11-openjdk-amd64/lib/libnet.so
7fbc78f1a000-7fbc79119000 ---p 00017000 08:05 1044726                    /usr/lib/jvm/java-11-openjdk-amd64/lib/libnet.so
7fbc79119000-7fbc7911a000 r--p 00016000 08:05 1044726                    /usr/lib/jvm/java-11-openjdk-amd64/lib/libnet.so
7fbc7911a000-7fbc7911b000 rw-p 00017000 08:05 1044726                    /usr/lib/jvm/java-11-openjdk-amd64/lib/libnet.so
7fbc7911b000-7fbc7912c000 r-xp 00000000 08:05 1044727                    /usr/lib/jvm/java-11-openjdk-amd64/lib/libnio.so
7fbc7912c000-7fbc7932b000 ---p 00011000 08:05 1044727                    /usr/lib/jvm/java-11-openjdk-amd64/lib/libnio.so
7fbc7932b000-7fbc7932c000 r--p 00010000 08:05 1044727                    /usr/lib/jvm/java-11-openjdk-amd64/lib/libnio.so
7fbc7932c000-7fbc7932d000 rw-p 00011000 08:05 1044727                    /usr/lib/jvm/java-11-openjdk-amd64/lib/libnio.so
7fbc7932d000-7fbc79331000 ---p 00000000 00:00 0 
7fbc79331000-7fbc7942e000 rw-p 00000000 00:00 0 
7fbc7942e000-7fbc7942f000 ---p 00000000 00:00 0 
7fbc7942f000-7fbc79530000 rw-p 00000000 00:00 0 
7fbc79530000-7fbc79534000 ---p 00000000 00:00 0 
7fbc79534000-7fbc79631000 rw-p 00000000 00:00 0 
7fbc79631000-7fbc7a000000 r--p 00000000 08:05 267985                     /usr/lib/locale/locale-archive
7fbc7a000000-7fbc7c000000 rw-p 00000000 00:00 0 
7fbc7c000000-7fbc7c021000 rw-p 00000000 00:00 0 
7fbc7c021000-7fbc80000000 ---p 00000000 00:00 0 
7fbc80000000-7fbc80021000 rw-p 00000000 00:00 0 
7fbc80021000-7fbc84000000 ---p 00000000 00:00 0 
7fbc84074000-7fbc84078000 r--s 00000000 08:05 1206704                    /var/cache/fontconfig/6aa41aa22e18b8fa06a12da28ea9c28b-le64.cache-7
7fbc84078000-7fbc84083000 r--s 00000000 08:05 1192451                    /var/cache/fontconfig/945677eb7aeaf62f1d50efc3fb3ec7d8-le64.cache-7
7fbc84083000-7fbc84088000 r--s 00000000 08:05 1192422                    /var/cache/fontconfig/2300eef321c393bfd76478a5c0e95b23-le64.cache-7
7fbc84088000-7fbc84089000 r--s 00000000 08:05 1192415                    /var/cache/fontconfig/0d8c3b2ac0904cb8a57a757ad11a4a08-le64.cache-7
7fbc84089000-7fbc8409e000 r--s 00000000 08:05 1192411                    /var/cache/fontconfig/04aabc0a78ac019cf9454389977116d2-le64.cache-7
7fbc8409e000-7fbc8409f000 r--s 00000000 08:05 1192419                    /var/cache/fontconfig/1ac9eb803944fde146138c791f5cc56a-le64.cache-7
7fbc8409f000-7fbc840a0000 r--s 00000000 08:05 1192470                    /var/cache/fontconfig/dc05db6664285cc2f12bf69c139ae4c3-le64.cache-7
7fbc840a0000-7fbc840a2000 r--s 00000000 08:05 1192416                    /var/cache/fontconfig/14a5e22175779b556eaa434240950366-le64.cache-7
7fbc840a2000-7fbc840a3000 r--s 00000000 08:05 1192443                    /var/cache/fontconfig/660208299946a285a940457d1287da33-le64.cache-7
7fbc840a3000-7fbc840a4000 r--s 00000000 08:05 1206489                    /var/cache/fontconfig/5d1cca7074f29429a8d18692746c2426-le64.cache-7
7fbc840a4000-7fbc840a6000 r--s 00000000 08:05 1192434                    /var/cache/fontconfig/4f3e3037c9980c83b53a9351efadef62-le64.cache-7
7fbc840a6000-7fbc840a8000 r--s 00000000 08:05 1192448                    /var/cache/fontconfig/767a8244fc0220cfb567a839d0392e0b-le64.cache-7
7fbc840a8000-7fbc840a9000 r--s 00000000 08:05 1176178                    /var/cache/fontconfig/4794a0821666d79190d59a36cb4f44b5-le64.cache-7
7fbc840a9000-7fbc840ae000 r--s 00000000 08:05 1192471                    /var/cache/fontconfig/def309198bfa603429122923fa2bb2d4-le64.cache-7
7fbc840ae000-7fbc840b2000 ---p 00000000 00:00 0 
7fbc840b2000-7fbc841af000 rw-p 00000000 00:00 0 
7fbc841af000-7fbc841b3000 ---p 00000000 00:00 0 
7fbc841b3000-7fbc844a0000 rw-p 00000000 00:00 0 
7fbc844a0000-7fbc86158000 ---p 00000000 00:00 0 
7fbc86158000-7fbc86348000 rw-p 00000000 00:00 0 
7fbc86348000-7fbc88000000 ---p 00000000 00:00 0 
7fbc88000000-7fbc88021000 rw-p 00000000 00:00 0 
7fbc88021000-7fbc8c000000 ---p 00000000 00:00 0 
7fbc8c000000-7fbc8c021000 rw-p 00000000 00:00 0 
7fbc8c021000-7fbc90000000 ---p 00000000 00:00 0 
7fbc90000000-7fbc90021000 rw-p 00000000 00:00 0 
7fbc90021000-7fbc94000000 ---p 00000000 00:00 0 
7fbc94000000-7fbc94002000 r--s 00000000 08:05 1176008                    /var/cache/fontconfig/0bd3dc0958fa2205aaaa8ebb13e2872b-le64.cache-7
7fbc94002000-7fbc94003000 r--s 00000000 08:05 1192459                    /var/cache/fontconfig/b872e6e592da6075ffa4ab0a1fcc0c75-le64.cache-7
7fbc94003000-7fbc94004000 r--s 00000000 08:05 1192476                    /var/cache/fontconfig/f6d4eedfaab2589bde49f7a3ff831d22-le64.cache-7
7fbc94004000-7fbc94005000 r--s 00000000 08:05 1192441                    /var/cache/fontconfig/589f83ef4c36d296ce6e1c846f468f08-le64.cache-7
7fbc94005000-7fbc94006000 r--s 00000000 08:05 1192461                    /var/cache/fontconfig/bab58bb527bb656aaa9f116d68a48d89-le64.cache-7
7fbc94006000-7fbc94007000 r--s 00000000 08:05 1192420                    /var/cache/fontconfig/2171a34dccabdb6bcbbc728186263178-le64.cache-7
7fbc94007000-7fbc94008000 r--s 00000000 08:05 1192462                    /var/cache/fontconfig/c5c45a61289222e0d30b1a26ef4effbe-le64.cache-7
7fbc94008000-7fbc94009000 r--s 00000000 08:05 1192457                    /var/cache/fontconfig/aec30016f93e1b46d1a973dce0d74068-le64.cache-7
7fbc94009000-7fbc9400a000 r--s 00000000 08:05 1192427                    /var/cache/fontconfig/3f589640d34b7dc9042c8d453f7c8b9c-le64.cache-7
7fbc9400a000-7fbc9400b000 r--s 00000000 08:05 1192417                    /var/cache/fontconfig/16c2fda60d1b4b719f4b3d06fd951d25-le64.cache-7
7fbc9400b000-7fbc9400c000 r--s 00000000 08:05 1192456                    /var/cache/fontconfig/a48eab177a16e4f3713381162db2f3e9-le64.cache-7
7fbc9400c000-7fbc9400d000 r--s 00000000 08:05 1192437                    /var/cache/fontconfig/564b2e68ac9bc4e36a6f7f6d6125ec1c-le64.cache-7
7fbc9400d000-7fbc94012000 r--s 00000000 08:05 1188065                    /var/cache/fontconfig/9d2451b1fd30e5bffe8383fd27c35478-le64.cache-7
7fbc94012000-7fbc94018000 r--s 00000000 08:05 1188064                    /var/cache/fontconfig/3047814df9a2f067bd2d96a2b9c36e5a-le64.cache-7
7fbc94018000-7fbc94020000 r--s 00000000 08:05 1206702                    /var/cache/fontconfig/bf3b770c553c462765856025a94f1ce6-le64.cache-7
7fbc94020000-7fbc94021000 r--s 00000000 08:05 1192438                    /var/cache/fontconfig/56cf4f4769d0f4abc89a4895d7bd3ae1-le64.cache-7
7fbc94021000-7fbc94022000 r--s 00000000 08:05 1192460                    /var/cache/fontconfig/b9d506c9ac06c20b433354fa67a72993-le64.cache-7
7fbc94022000-7fbc94028000 r--s 00000000 08:05 1192458                    /var/cache/fontconfig/b47c4e1ecd0709278f4910c18777a504-le64.cache-7
7fbc94028000-7fbc9403b000 r--s 00000000 08:05 1192467                    /var/cache/fontconfig/d52a8644073d54c13679302ca1180695-le64.cache-7
7fbc9403b000-7fbc9403c000 r--s 00000000 08:05 1192425                    /var/cache/fontconfig/370e5b74bf5dafc30834de68e24a87a4-le64.cache-7
7fbc9403c000-7fbc9403d000 r--s 00000000 08:05 1192446                    /var/cache/fontconfig/6b2c5944714ca7831b25bed9e85cb5c8-le64.cache-7
7fbc9403d000-7fbc9403e000 r--s 00000000 08:05 1192466                    /var/cache/fontconfig/d5178ab6d91b49bf20a416737dcea9e8-le64.cache-7
7fbc9403e000-7fbc9403f000 r--s 00000000 08:05 1192436                    /var/cache/fontconfig/551ecf3b0e8b0bca0f25c0944f561853-le64.cache-7
7fbc9403f000-7fbc94042000 r--s 00000000 08:05 1192475                    /var/cache/fontconfig/f259c2cffa685e28062317905db73c4a-le64.cache-7
7fbc94042000-7fbc94044000 r--s 00000000 08:05 1192435                    /var/cache/fontconfig/550f3886151c940c12a5ed35f6a00586-le64.cache-7
7fbc94044000-7fbc94047000 r--s 00000000 08:05 1192444                    /var/cache/fontconfig/674d1711f2d1d2a09646eb0bdcadee49-le64.cache-7
7fbc94047000-7fbc94048000 r--s 00000000 08:05 1192428                    /var/cache/fontconfig/3f7329c5293ffd510edef78f73874cfd-le64.cache-7
7fbc94048000-7fbc94054000 r--s 00000000 08:05 1199994                    /var/cache/fontconfig/d589a48862398ed80a3d6066f4f56f4c-le64.cache-7
7fbc94054000-7fbc94055000 r--s 00000000 08:05 1206478                    /var/cache/fontconfig/e7de81b01590fb7e12b38e274e17d0db-le64.cache-7
7fbc94055000-7fbc94056000 r--s 00000000 08:05 1192414                    /var/cache/fontconfig/0c9eb80ebd1c36541ebe2852d3bb0c49-le64.cache-7
7fbc94056000-7fbc94057000 r--s 00000000 08:05 1192421                    /var/cache/fontconfig/22368d551a680bfe5a62c02760edf4ea-le64.cache-7
7fbc94057000-7fbc94058000 r--s 00000000 08:05 1192433                    /var/cache/fontconfig/4d9c95eba1cb85bbcf2878543262124a-le64.cache-7
7fbc94058000-7fbc94059000 r--s 00000000 08:05 1192450                    /var/cache/fontconfig/85e0a52ce643a7ba2ae53e5d6949cead-le64.cache-7
7fbc94059000-7fbc94067000 r--s 00000000 08:05 1192453                    /var/cache/fontconfig/9b89f8e3dae116d678bbf48e5f21f69b-le64.cache-7
7fbc94067000-7fbc9407f000 r--s 00000000 08:05 1192469                    /var/cache/fontconfig/e13b20fdb08344e0e664864cc2ede53d-le64.cache-7
7fbc9407f000-7fbc940a0000 r--s 00000000 08:05 1206694                    /var/cache/fontconfig/467c019e582ee353435ea5c21d137ef6-le64.cache-7
7fbc940a0000-7fbc940d0000 r--p 00000000 08:05 526415                     /usr/share/glib-2.0/schemas/gschemas.compiled
7fbc940d0000-7fbc940d4000 ---p 00000000 00:00 0 
7fbc940d4000-7fbc941d1000 rw-p 00000000 00:00 0 
7fbc941d1000-7fbc941d5000 ---p 00000000 00:00 0 
7fbc941d5000-7fbc942d2000 rw-p 00000000 00:00 0 
7fbc942d2000-7fbc942d6000 ---p 00000000 00:00 0 
7fbc942d6000-7fbc943d3000 rw-p 00000000 00:00 0 
7fbc943d3000-7fbc943d7000 ---p 00000000 00:00 0 
7fbc943d7000-7fbc944d4000 rw-p 00000000 00:00 0 
7fbc944d4000-7fbc944d8000 ---p 00000000 00:00 0 
7fbc944d8000-7fbc945d5000 rw-p 00000000 00:00 0 
7fbc945d5000-7fbc945d6000 ---p 00000000 00:00 0 
7fbc945d6000-7fbc94f4d000 rw-p 00000000 00:00 0 
7fbc94f4d000-7fbc94f4e000 ---p 00000000 00:00 0 
7fbc94f4e000-7fbc9504f000 rw-p 00000000 00:00 0 
7fbc9504f000-7fbc95050000 ---p 00000000 00:00 0 
7fbc95050000-7fbc95151000 rw-p 00000000 00:00 0 
7fbc95151000-7fbc95152000 ---p 00000000 00:00 0 
7fbc95152000-7fbc95253000 rw-p 00000000 00:00 0 
7fbc95253000-7fbc95254000 ---p 00000000 00:00 0 
7fbc95254000-7fbc95355000 rw-p 00000000 00:00 0 
7fbc95355000-7fbc95356000 ---p 00000000 00:00 0 
7fbc95356000-7fbc9585b000 rw-p 00000000 00:00 0 
7fbc9585b000-7fbc9585c000 ---p 00000000 00:00 0 
7fbc9585c000-7fbc9595d000 rw-p 00000000 00:00 0 
7fbc9595d000-7fbc9595e000 ---p 00000000 00:00 0 
7fbc9595e000-7fbc95a9d000 rw-p 00000000 00:00 0 
7fbc95a9d000-7fbc95e34000 ---p 00000000 00:00 0 
7fbc95e34000-7fbc95e72000 rw-p 00000000 00:00 0 
7fbc95e72000-7fbc96209000 ---p 00000000 00:00 0 
7fbc96209000-7fbc96247000 rw-p 00000000 00:00 0 
7fbc96247000-7fbc965de000 ---p 00000000 00:00 0 
7fbc965de000-7fbc969e2000 rw-p 00000000 00:00 0 
7fbc969e2000-7fbc969e3000 ---p 00000000 00:00 0 
7fbc969e3000-7fbc96ae4000 rw-p 00000000 00:00 0 
7fbc96ae4000-7fbc96ae5000 ---p 00000000 00:00 0 
7fbc96ae5000-7fbc96be6000 rw-p 00000000 00:00 0 
7fbc96be6000-7fbc96be7000 ---p 00000000 00:00 0 
7fbc96be7000-7fbc96ce8000 rw-p 00000000 00:00 0 
7fbc96ce8000-7fbc96ce9000 ---p 00000000 00:00 0 
7fbc96ce9000-7fbc96def000 rw-p 00000000 00:00 0 
7fbc96def000-7fbc96ed5000 ---p 00000000 00:00 0 
7fbc96ed5000-7fbc97145000 rwxp 00000000 00:00 0 
7fbc97145000-7fbc97465000 ---p 00000000 00:00 0 
7fbc97465000-7fbc97825000 rwxp 00000000 00:00 0 
7fbc97825000-7fbc9e99d000 ---p 00000000 00:00 0 
7fbc9e99d000-7fbc9ec0d000 rwxp 00000000 00:00 0 
7fbc9ec0d000-7fbca5ed5000 ---p 00000000 00:00 0 
7fbca5ed5000-7fbcaf3b0000 r--s 00000000 08:05 1062053                    /usr/lib/jvm/java-11-openjdk-amd64/lib/modules
7fbcaf3b0000-7fbcaf3b5000 r-xp 00000000 08:05 1044718                    /usr/lib/jvm/java-11-openjdk-amd64/lib/libjimage.so
7fbcaf3b5000-7fbcaf5b4000 ---p 00005000 08:05 1044718                    /usr/lib/jvm/java-11-openjdk-amd64/lib/libjimage.so
7fbcaf5b4000-7fbcaf5b5000 r--p 00004000 08:05 1044718                    /usr/lib/jvm/java-11-openjdk-amd64/lib/libjimage.so
7fbcaf5b5000-7fbcaf5b6000 rw-p 00005000 08:05 1044718                    /usr/lib/jvm/java-11-openjdk-amd64/lib/libjimage.so
7fbcaf5b6000-7fbcaf5bd000 r-xp 00000000 08:05 1062049                    /usr/lib/jvm/java-11-openjdk-amd64/lib/libzip.so
7fbcaf5bd000-7fbcaf7bc000 ---p 00007000 08:05 1062049                    /usr/lib/jvm/java-11-openjdk-amd64/lib/libzip.so
7fbcaf7bc000-7fbcaf7bd000 r--p 00006000 08:05 1062049                    /usr/lib/jvm/java-11-openjdk-amd64/lib/libzip.so
7fbcaf7bd000-7fbcaf7be000 rw-p 00007000 08:05 1062049                    /usr/lib/jvm/java-11-openjdk-amd64/lib/libzip.so
7fbcaf7be000-7fbcaf7c9000 r-xp 00000000 08:05 919743                     /lib/x86_64-linux-gnu/libnss_files-2.27.so
7fbcaf7c9000-7fbcaf9c8000 ---p 0000b000 08:05 919743                     /lib/x86_64-linux-gnu/libnss_files-2.27.so
7fbcaf9c8000-7fbcaf9c9000 r--p 0000a000 08:05 919743                     /lib/x86_64-linux-gnu/libnss_files-2.27.so
7fbcaf9c9000-7fbcaf9ca000 rw-p 0000b000 08:05 919743                     /lib/x86_64-linux-gnu/libnss_files-2.27.so
7fbcaf9ca000-7fbcaf9d0000 rw-p 00000000 00:00 0 
7fbcaf9d0000-7fbcaf9e7000 r-xp 00000000 08:05 919737                     /lib/x86_64-linux-gnu/libnsl-2.27.so
7fbcaf9e7000-7fbcafbe6000 ---p 00017000 08:05 919737                     /lib/x86_64-linux-gnu/libnsl-2.27.so
7fbcafbe6000-7fbcafbe7000 r--p 00016000 08:05 919737                     /lib/x86_64-linux-gnu/libnsl-2.27.so
7fbcafbe7000-7fbcafbe8000 rw-p 00017000 08:05 919737                     /lib/x86_64-linux-gnu/libnsl-2.27.so
7fbcafbe8000-7fbcafbea000 rw-p 00000000 00:00 0 
7fbcafbea000-7fbcafbf5000 r-xp 00000000 08:05 919754                     /lib/x86_64-linux-gnu/libnss_nis-2.27.so
7fbcafbf5000-7fbcafdf4000 ---p 0000b000 08:05 919754                     /lib/x86_64-linux-gnu/libnss_nis-2.27.so
7fbcafdf4000-7fbcafdf5000 r--p 0000a000 08:05 919754                     /lib/x86_64-linux-gnu/libnss_nis-2.27.so
7fbcafdf5000-7fbcafdf6000 rw-p 0000b000 08:05 919754                     /lib/x86_64-linux-gnu/libnss_nis-2.27.so
7fbcafdf6000-7fbcafdfe000 r-xp 00000000 08:05 919739                     /lib/x86_64-linux-gnu/libnss_compat-2.27.so
7fbcafdfe000-7fbcafffe000 ---p 00008000 08:05 919739                     /lib/x86_64-linux-gnu/libnss_compat-2.27.so
7fbcafffe000-7fbcaffff000 r--p 00008000 08:05 919739                     /lib/x86_64-linux-gnu/libnss_compat-2.27.so
7fbcaffff000-7fbcb0000000 rw-p 00009000 08:05 919739                     /lib/x86_64-linux-gnu/libnss_compat-2.27.so
7fbcb0000000-7fbcb0519000 rw-p 00000000 00:00 0 
7fbcb0519000-7fbcb4000000 ---p 00000000 00:00 0 
7fbcb4000000-7fbcb400d000 r--s 00000000 08:05 1206697                    /var/cache/fontconfig/8f02d4cb045bd6ce15663e43f347c9f8-le64.cache-7
7fbcb400d000-7fbcb40c9000 rw-p 00000000 00:00 0 
7fbcb40c9000-7fbcb41ac000 ---p 00000000 00:00 0 
7fbcb41ac000-7fbcb41d8000 r-xp 00000000 08:05 1044714                    /usr/lib/jvm/java-11-openjdk-amd64/lib/libjava.so
7fbcb41d8000-7fbcb43d7000 ---p 0002c000 08:05 1044714                    /usr/lib/jvm/java-11-openjdk-amd64/lib/libjava.so
7fbcb43d7000-7fbcb43d8000 r--p 0002b000 08:05 1044714                    /usr/lib/jvm/java-11-openjdk-amd64/lib/libjava.so
7fbcb43d8000-7fbcb43da000 rw-p 0002c000 08:05 1044714                    /usr/lib/jvm/java-11-openjdk-amd64/lib/libjava.so
7fbcb43da000-7fbcb43e7000 r-xp 00000000 08:05 1062045                    /usr/lib/jvm/java-11-openjdk-amd64/lib/libverify.so
7fbcb43e7000-7fbcb45e6000 ---p 0000d000 08:05 1062045                    /usr/lib/jvm/java-11-openjdk-amd64/lib/libverify.so
7fbcb45e6000-7fbcb45e8000 r--p 0000c000 08:05 1062045                    /usr/lib/jvm/java-11-openjdk-amd64/lib/libverify.so
7fbcb45e8000-7fbcb45e9000 rw-p 0000e000 08:05 1062045                    /usr/lib/jvm/java-11-openjdk-amd64/lib/libverify.so
7fbcb45e9000-7fbcb45f0000 r-xp 00000000 08:05 919794                     /lib/x86_64-linux-gnu/librt-2.27.so
7fbcb45f0000-7fbcb47ef000 ---p 00007000 08:05 919794                     /lib/x86_64-linux-gnu/librt-2.27.so
7fbcb47ef000-7fbcb47f0000 r--p 00006000 08:05 919794                     /lib/x86_64-linux-gnu/librt-2.27.so
7fbcb47f0000-7fbcb47f1000 rw-p 00007000 08:05 919794                     /lib/x86_64-linux-gnu/librt-2.27.so
7fbcb47f1000-7fbcb4808000 r-xp 00000000 08:05 913937                     /lib/x86_64-linux-gnu/libgcc_s.so.1
7fbcb4808000-7fbcb4a07000 ---p 00017000 08:05 913937                     /lib/x86_64-linux-gnu/libgcc_s.so.1
7fbcb4a07000-7fbcb4a08000 r--p 00016000 08:05 913937                     /lib/x86_64-linux-gnu/libgcc_s.so.1
7fbcb4a08000-7fbcb4a09000 rw-p 00017000 08:05 913937                     /lib/x86_64-linux-gnu/libgcc_s.so.1
7fbcb4a09000-7fbcb4ba6000 r-xp 00000000 08:05 919716                     /lib/x86_64-linux-gnu/libm-2.27.so
7fbcb4ba6000-7fbcb4da5000 ---p 0019d000 08:05 919716                     /lib/x86_64-linux-gnu/libm-2.27.so
7fbcb4da5000-7fbcb4da6000 r--p 0019c000 08:05 919716                     /lib/x86_64-linux-gnu/libm-2.27.so
7fbcb4da6000-7fbcb4da7000 rw-p 0019d000 08:05 919716                     /lib/x86_64-linux-gnu/libm-2.27.so
7fbcb4da7000-7fbcb4f20000 r-xp 00000000 08:05 261187                     /usr/lib/x86_64-linux-gnu/libstdc++.so.6.0.25
7fbcb4f20000-7fbcb5120000 ---p 00179000 08:05 261187                     /usr/lib/x86_64-linux-gnu/libstdc++.so.6.0.25
7fbcb5120000-7fbcb512a000 r--p 00179000 08:05 261187                     /usr/lib/x86_64-linux-gnu/libstdc++.so.6.0.25
7fbcb512a000-7fbcb512c000 rw-p 00183000 08:05 261187                     /usr/lib/x86_64-linux-gnu/libstdc++.so.6.0.25
7fbcb512c000-7fbcb5130000 rw-p 00000000 00:00 0 
7fbcb5130000-7fbcb60cd000 r-xp 00000000 08:05 1062065                    /usr/lib/jvm/java-11-openjdk-amd64/lib/server/libjvm.so
7fbcb60cd000-7fbcb62cd000 ---p 00f9d000 08:05 1062065                    /usr/lib/jvm/java-11-openjdk-amd64/lib/server/libjvm.so
7fbcb62cd000-7fbcb6391000 r--p 00f9d000 08:05 1062065                    /usr/lib/jvm/java-11-openjdk-amd64/lib/server/libjvm.so
7fbcb6391000-7fbcb63c9000 rw-p 01061000 08:05 1062065                    /usr/lib/jvm/java-11-openjdk-amd64/lib/server/libjvm.so
7fbcb63c9000-7fbcb6412000 rw-p 00000000 00:00 0 
7fbcb6412000-7fbcb642c000 r-xp 00000000 08:05 919786                     /lib/x86_64-linux-gnu/libpthread-2.27.so
7fbcb642c000-7fbcb662b000 ---p 0001a000 08:05 919786                     /lib/x86_64-linux-gnu/libpthread-2.27.so
7fbcb662b000-7fbcb662c000 r--p 00019000 08:05 919786                     /lib/x86_64-linux-gnu/libpthread-2.27.so
7fbcb662c000-7fbcb662d000 rw-p 0001a000 08:05 919786                     /lib/x86_64-linux-gnu/libpthread-2.27.so
7fbcb662d000-7fbcb6631000 rw-p 00000000 00:00 0 
7fbcb6631000-7fbcb6634000 r-xp 00000000 08:05 919676                     /lib/x86_64-linux-gnu/libdl-2.27.so
7fbcb6634000-7fbcb6833000 ---p 00003000 08:05 919676                     /lib/x86_64-linux-gnu/libdl-2.27.so
7fbcb6833000-7fbcb6834000 r--p 00002000 08:05 919676                     /lib/x86_64-linux-gnu/libdl-2.27.so
7fbcb6834000-7fbcb6835000 rw-p 00003000 08:05 919676                     /lib/x86_64-linux-gnu/libdl-2.27.so
7fbcb6835000-7fbcb6851000 r-xp 00000000 08:05 919825                     /lib/x86_64-linux-gnu/libz.so.1.2.11
7fbcb6851000-7fbcb6a50000 ---p 0001c000 08:05 919825                     /lib/x86_64-linux-gnu/libz.so.1.2.11
7fbcb6a50000-7fbcb6a51000 r--p 0001b000 08:05 919825                     /lib/x86_64-linux-gnu/libz.so.1.2.11
7fbcb6a51000-7fbcb6a52000 rw-p 0001c000 08:05 919825                     /lib/x86_64-linux-gnu/libz.so.1.2.11
7fbcb6a52000-7fbcb6c39000 r-xp 00000000 08:05 919653                     /lib/x86_64-linux-gnu/libc-2.27.so
7fbcb6c39000-7fbcb6e39000 ---p 001e7000 08:05 919653                     /lib/x86_64-linux-gnu/libc-2.27.so
7fbcb6e39000-7fbcb6e3d000 r--p 001e7000 08:05 919653                     /lib/x86_64-linux-gnu/libc-2.27.so
7fbcb6e3d000-7fbcb6e3f000 rw-p 001eb000 08:05 919653                     /lib/x86_64-linux-gnu/libc-2.27.so
7fbcb6e3f000-7fbcb6e43000 rw-p 00000000 00:00 0 
7fbcb6e43000-7fbcb6e52000 r-xp 00000000 08:05 1044697                    /usr/lib/jvm/java-11-openjdk-amd64/lib/jli/libjli.so
7fbcb6e52000-7fbcb7051000 ---p 0000f000 08:05 1044697                    /usr/lib/jvm/java-11-openjdk-amd64/lib/jli/libjli.so
7fbcb7051000-7fbcb7052000 r--p 0000e000 08:05 1044697                    /usr/lib/jvm/java-11-openjdk-amd64/lib/jli/libjli.so
7fbcb7052000-7fbcb7053000 rw-p 0000f000 08:05 1044697                    /usr/lib/jvm/java-11-openjdk-amd64/lib/jli/libjli.so
7fbcb7053000-7fbcb707a000 r-xp 00000000 08:05 919625                     /lib/x86_64-linux-gnu/ld-2.27.so
7fbcb707a000-7fbcb707b000 r--s 00000000 08:05 1192430                    /var/cache/fontconfig/49f0de54bdd920fe4f0dfd4cbac43e6b-le64.cache-7
7fbcb707b000-7fbcb707c000 r--s 00000000 08:05 1192477                    /var/cache/fontconfig/f6e6e0a5c3d2f6ae0c0c2e0ecd42a997-le64.cache-7
7fbcb707c000-7fbcb707d000 r--s 00000000 08:05 1192431                    /var/cache/fontconfig/4b2eda6bb976bda485cb2176619421d5-le64.cache-7
7fbcb707d000-7fbcb707f000 r--s 00000000 08:05 1192445                    /var/cache/fontconfig/6afa1bb216ce958c1589e297e8008489-le64.cache-7
7fbcb707f000-7fbcb7082000 r--s 00000000 08:05 1206699                    /var/cache/fontconfig/16326683038b281783a0ef8c680e3a10-le64.cache-7
7fbcb709a000-7fbcb709f000 r--p 00000000 08:07 2894353                    /home/christoph/.config/dconf/user (deleted)
7fbcb709f000-7fbcb715c000 rw-p 00000000 00:00 0 
7fbcb715c000-7fbcb7160000 ---p 00000000 00:00 0 
7fbcb7160000-7fbcb725f000 rw-p 00000000 00:00 0 
7fbcb725f000-7fbcb7260000 r--s 00000000 08:05 1206695                    /var/cache/fontconfig/e0aa53bcfa504e64f87823c16bc01eb6-le64.cache-7
7fbcb7260000-7fbcb7261000 r--s 00000000 00:33 36                         /run/user/1000/dconf/user (deleted)
7fbcb7261000-7fbcb7267000 rw-p 00000000 00:00 0 
7fbcb7267000-7fbcb726e000 ---p 00000000 00:00 0 
7fbcb726e000-7fbcb7276000 rw-s 00000000 08:05 130605                     /tmp/hsperfdata_christoph/8046
7fbcb7276000-7fbcb7277000 ---p 00000000 00:00 0 
7fbcb7277000-7fbcb7278000 r--p 00000000 00:00 0 
7fbcb7278000-7fbcb727a000 rw-p 00000000 00:00 0 
7fbcb727a000-7fbcb727b000 r--p 00027000 08:05 919625                     /lib/x86_64-linux-gnu/ld-2.27.so
7fbcb727b000-7fbcb727c000 rw-p 00028000 08:05 919625                     /lib/x86_64-linux-gnu/ld-2.27.so
7fbcb727c000-7fbcb727d000 rw-p 00000000 00:00 0 
7fffba8d1000-7fffba8f2000 rw-p 00000000 00:00 0                          [stack]
7fffba908000-7fffba90b000 r--p 00000000 00:00 0                          [vvar]
7fffba90b000-7fffba90d000 r-xp 00000000 00:00 0                          [vdso]
ffffffffff600000-ffffffffff601000 r-xp 00000000 00:00 0                  [vsyscall]


VM Arguments:
jvm_args: -Dfile.encoding=UTF-8 
java_command: Controllers.TRECController
java_class_path (initial): /home/christoph/Uni/OAD/OAD-2018-2019/Ass2/UI-Prototyp:/home/christoph/Uni/OAD/OAD-2018-2019/Ass2/UI-Prototyp/lib/antlr-2.7.7.jar:/home/christoph/Uni/OAD/OAD-2018-2019/Ass2/UI-Prototyp/lib/byte-buddy-1.8.17.jar:/home/christoph/Uni/OAD/OAD-2018-2019/Ass2/UI-Prototyp/lib/classmate-1.3.4.jar:/home/christoph/Uni/OAD/OAD-2018-2019/Ass2/UI-Prototyp/lib/dom4j-2.1.1.jar:/home/christoph/Uni/OAD/OAD-2018-2019/Ass2/UI-Prototyp/lib/hibernate-commons-annotations-5.0.4.Final.jar:/home/christoph/Uni/OAD/OAD-2018-2019/Ass2/UI-Prototyp/lib/hibernate-core-5.3.7.Final.jar:/home/christoph/Uni/OAD/OAD-2018-2019/Ass2/UI-Prototyp/lib/jandex-2.0.5.Final.jar:/home/christoph/Uni/OAD/OAD-2018-2019/Ass2/UI-Prototyp/lib/javassist-3.23.1-GA.jar:/home/christoph/Uni/OAD/OAD-2018-2019/Ass2/UI-Prototyp/lib/javax.activation-api-1.2.0.jar:/home/christoph/Uni/OAD/OAD-2018-2019/Ass2/UI-Prototyp/lib/javax.persistence-api-2.2.jar:/home/christoph/Uni/OAD/OAD-2018-2019/Ass2/UI-Prototyp/lib/jboss-logging-3.3.2.Final.jar:/home/christoph/Uni/OAD/OAD-2018-2019/Ass2/UI-Prototyp/lib/jboss-transaction-api_1.2_spec-1.1.1.Final.jar:/home/christoph/Uni/OAD/OAD-2018-2019/Ass2/UI-Prototyp/lib/mysql-connector-java-8.0.13.jar:/home/christoph/Uni/OAD/OAD-2018-2019/Ass2/UI-Prototyp/lib/javax.activation-1.2.0.jar:/home/christoph/Uni/OAD/OAD-2018-2019/Ass2/UI-Prototyp/lib/jaxb-api-2.3.0.jar:/home/christoph/Uni/OAD/OAD-2018-2019/Ass2/UI-Prototyp/lib/jaxb-core-2.3.0.jar:/home/christoph/Uni/OAD/OAD-2018-2019/Ass2/UI-Prototyp/lib/jaxb-impl-2.3.0.jar
Launcher Type: SUN_STANDARD

Logging:
Log output configuration:
#0: stdout all=warning uptime,level,tags
#1: stderr all=off uptime,level,tags

Environment Variables:
PATH=/home/christoph/.local/bin:/usr/local/sbin:/usr/local/bin:/usr/sbin:/usr/bin:/sbin:/bin:/usr/games:/usr/local/games:/snap/bin
USERNAME=christoph
SHELL=/bin/bash
DISPLAY=:0

Signal Handlers:
SIGSEGV: [libjvm.so+0xd28b70], sa_mask[0]=11111111011111111101111111111110, sa_flags=SA_RESTART|SA_SIGINFO
SIGBUS: [libjvm.so+0xd28b70], sa_mask[0]=11111111011111111101111111111110, sa_flags=SA_RESTART|SA_SIGINFO
SIGFPE: [libjvm.so+0xd28b70], sa_mask[0]=11111111011111111101111111111110, sa_flags=SA_RESTART|SA_SIGINFO
SIGPIPE: SIG_IGN, sa_mask[0]=00000000000010000000000000000000, sa_flags=SA_RESTART
SIGXFSZ: [libjvm.so+0xb2a1f0], sa_mask[0]=11111111011111111101111111111110, sa_flags=SA_RESTART|SA_SIGINFO
SIGILL: [libjvm.so+0xd28b70], sa_mask[0]=11111111011111111101111111111110, sa_flags=SA_RESTART|SA_SIGINFO
SIGUSR2: [libjvm.so+0xb2a030], sa_mask[0]=00100000000000000000000000000000, sa_flags=SA_RESTART|SA_SIGINFO
SIGHUP: [libjvm.so+0xb2a180], sa_mask[0]=11111111011111111101111111111110, sa_flags=SA_RESTART|SA_SIGINFO
SIGINT: [libjvm.so+0xb2a180], sa_mask[0]=11111111011111111101111111111110, sa_flags=SA_RESTART|SA_SIGINFO
SIGTERM: [libjvm.so+0xb2a180], sa_mask[0]=11111111011111111101111111111110, sa_flags=SA_RESTART|SA_SIGINFO
SIGQUIT: [libjvm.so+0xb2a180], sa_mask[0]=11111111011111111101111111111110, sa_flags=SA_RESTART|SA_SIGINFO


---------------  S Y S T E M  ---------------

OS:DISTRIB_ID=Ubuntu
DISTRIB_RELEASE=18.04
DISTRIB_CODENAME=bionic
DISTRIB_DESCRIPTION="Ubuntu 18.04.1 LTS"
uname:Linux 4.15.0-43-generic #46-Ubuntu SMP Thu Dec 6 14:45:28 UTC 2018 x86_64
libc:glibc 2.27 NPTL 2.27 
rlimit: STACK 8192k, CORE 0k, NPROC 30905, NOFILE 4096, AS infinity, DATA infinity, FSIZE infinity
load average:1,35 1,66 1,63

/proc/meminfo:
MemTotal:        8029488 kB
MemFree:         2559368 kB
MemAvailable:    2762032 kB
Buffers:           32424 kB
Cached:           514284 kB
SwapCached:        53952 kB
Active:          4193668 kB
Inactive:        1010248 kB
Active(anon):    4006536 kB
Inactive(anon):   793244 kB
Active(file):     187132 kB
Inactive(file):   217004 kB
Unevictable:          32 kB
Mlocked:              32 kB
SwapTotal:       3906556 kB
SwapFree:         452500 kB
Dirty:              2480 kB
Writeback:             0 kB
AnonPages:       4603776 kB
Mapped:           219664 kB
Shmem:            142104 kB
Slab:             116984 kB
SReclaimable:      45532 kB
SUnreclaim:        71452 kB
KernelStack:       28644 kB
PageTables:        55228 kB
NFS_Unstable:          0 kB
Bounce:                0 kB
WritebackTmp:          0 kB
CommitLimit:     7921300 kB
Committed_AS:   14374880 kB
VmallocTotal:   34359738367 kB
VmallocUsed:           0 kB
VmallocChunk:          0 kB
HardwareCorrupted:     0 kB
AnonHugePages:         0 kB
ShmemHugePages:        0 kB
ShmemPmdMapped:        0 kB
CmaTotal:              0 kB
CmaFree:               0 kB
HugePages_Total:       0
HugePages_Free:        0
HugePages_Rsvd:        0
HugePages_Surp:        0
Hugepagesize:       2048 kB
DirectMap4k:      187796 kB
DirectMap2M:     7014400 kB
DirectMap1G:     1048576 kB

container (cgroup) information:
container_type: cgroupv1
cpu_cpuset_cpus: 0-3
cpu_memory_nodes: 0
active_processor_count: 4
cpu_quota: -1
cpu_period: 100000
cpu_shares: -1
memory_limit_in_bytes: -1
memory_and_swap_limit_in_bytes: -2
memory_soft_limit_in_bytes: -1
memory_usage_in_bytes: 5278466048
memory_max_usage_in_bytes: 0


CPU:total 4 (initial active 4) (2 cores per cpu, 2 threads per core) family 6 model 78 stepping 3, cmov, cx8, fxsr, mmx, sse, sse2, sse3, ssse3, sse4.1, sse4.2, popcnt, avx, avx2, aes, clmul, erms, 3dnowpref, lzcnt, ht, tsc, tscinvbit, bmi1, bmi2, adx, fma
CPU Model and flags from /proc/cpuinfo:
model name	: Intel(R) Core(TM) i5-6200U CPU @ 2.30GHz
flags		: fpu vme de pse tsc msr pae mce cx8 apic sep mtrr pge mca cmov pat pse36 clflush dts acpi mmx fxsr sse sse2 ss ht tm pbe syscall nx pdpe1gb rdtscp lm constant_tsc art arch_perfmon pebs bts rep_good nopl xtopology nonstop_tsc cpuid aperfmperf tsc_known_freq pni pclmulqdq dtes64 monitor ds_cpl vmx est tm2 ssse3 sdbg fma cx16 xtpr pdcm pcid sse4_1 sse4_2 x2apic movbe popcnt tsc_deadline_timer aes xsave avx f16c rdrand lahf_lm abm 3dnowprefetch cpuid_fault epb invpcid_single pti ssbd ibrs ibpb stibp tpr_shadow vnmi flexpriority ept vpid fsgsbase tsc_adjust bmi1 avx2 smep bmi2 erms invpcid mpx rdseed adx smap clflushopt intel_pt xsaveopt xsavec xgetbv1 xsaves dtherm ida arat pln pts hwp hwp_notify hwp_act_window hwp_epp flush_l1d

Memory: 4k page, physical 8029488k(2559368k free), swap 3906556k(452500k free)

vm_info: OpenJDK 64-Bit Server VM (10.0.2+13-Ubuntu-1ubuntu0.18.04.4) for linux-amd64 JRE (10.0.2+13-Ubuntu-1ubuntu0.18.04.4), built on Nov 13 2018 12:53:39 by "buildd" with gcc 7.3.0

END.
