#
# A fatal error has been detected by the Java Runtime Environment:
#
#  SIGSEGV (0xb) at pc=0x00007fbc33b7fb1e, pid=8132, tid=8166
#
# JRE version: OpenJDK Runtime Environment (10.0.2+13) (build 10.0.2+13-Ubuntu-1ubuntu0.18.04.4)
# Java VM: OpenJDK 64-Bit Server VM (10.0.2+13-Ubuntu-1ubuntu0.18.04.4, mixed mode, tiered, compressed oops, g1 gc, linux-amd64)
# Problematic frame:
# v  ~BufferBlob::jni_fast_GetLongField
#
# Core dump will be written. Default location: Core dumps may be processed with "/usr/share/apport/apport %p %s %c %d %P" (or dumping to /home/christoph/Uni/OAD/OAD-2018-2019/Ass2/UI-Prototyp/core.8132)
#
# If you would like to submit a bug report, please visit:
#   http://bugreport.java.com/bugreport/crash.jsp
# The crash happened outside the Java Virtual Machine in native code.
# See problematic frame for where to report the bug.
#

---------------  S U M M A R Y ------------

Command Line: -Dfile.encoding=UTF-8 Controllers.TRECController

Host: Intel(R) Core(TM) i5-6200U CPU @ 2.30GHz, 4 cores, 7G, Ubuntu 18.04.1 LTS
Time: Thu Jan 24 23:40:28 2019 CET elapsed time: 23421 seconds (0d 6h 30m 21s)

---------------  T H R E A D  ---------------

Current thread (0x00007fbc4c41c000):  JavaThread "AWT-XAWT" daemon [_thread_in_native, id=8166, stack(0x00007fbbd4075000,0x00007fbbd4176000)]

Stack: [0x00007fbbd4075000,0x00007fbbd4176000],  sp=0x00007fbbd4174798,  free space=1021k
Native frames: (J=compiled Java code, A=aot compiled Java code, j=interpreted, Vv=VM code, C=native code)
v  ~BufferBlob::jni_fast_GetLongField
C  [libX11.so.6+0x64b1d]  _XimServerDestroy+0x3d

Java frames: (J=compiled Java code, j=interpreted, Vv=VM code)
J 1685  sun.awt.X11.XlibWrapper.XFilterEvent(JJ)Z java.desktop@10.0.2 (0 bytes) @ 0x00007fbc3b68c904 [0x00007fbc3b68c8c0+0x0000000000000044]
J 4733% c1 sun.awt.X11.XToolkit.run(Z)V java.desktop@10.0.2 (384 bytes) @ 0x00007fbc34a121ec [0x00007fbc34a0f080+0x000000000000316c]
j  sun.awt.X11.XToolkit.run()V+5 java.desktop@10.0.2
j  java.lang.Thread.run()V+11 java.base@10.0.2
v  ~StubRoutines::call_stub

siginfo: si_signo: 11 (SIGSEGV), si_code: 1 (SEGV_MAPERR), si_addr: 0x0000000000000000

Register to memory mapping:

RAX=0x00007fbc55723a80: <offset 0x0000000001274a80> in /usr/lib/jvm/java-11-openjdk-amd64/lib/server/libjvm.so at 0x00007fbc544af000
RBX=0x00007fbc4c41c200 is an unknown value
RCX=0x0000000000000000 is an unknown value
RDX=0x0000000000000042 is an unknown value
RSP=0x00007fbbd4174798 is pointing into the stack for thread: 0x00007fbc4c41c000
RBP=0x00007fbbd41747c0 is pointing into the stack for thread: 0x00007fbc4c41c000
RSI=0x0000000000000000 is an unknown value
RDI=0x00007fbc4c41c200 is an unknown value
R8 =0x00007fbbd78419b0: <offset 0x000000000005c9b0> in /usr/lib/x86_64-linux-gnu/libX11.so.6 at 0x00007fbbd77e5000
R9 =0x0000000000000000 is an unknown value
R10=0x0000000000000288 is an unknown value
R11=0x00000000898c4e90 is an oop
java.util.logging.Logger$ConfigurationData 
{0x00000000898c4e90} - klass: 'java/util/logging/Logger$ConfigurationData'
R12=0x0000000000000000 is an unknown value
R13=0x0000000000000000 is an unknown value
R14=0x00007fbc302a55c0: <offset 0x00000000002635c0> in /usr/lib/jvm/java-11-openjdk-amd64/lib/libawt_xawt.so at 0x00007fbc30042000
R15=0x00007fbc4c41c000 is a thread


Registers:
RAX=0x00007fbc55723a80, RBX=0x00007fbc4c41c200, RCX=0x0000000000000000, RDX=0x0000000000000042
RSP=0x00007fbbd4174798, RBP=0x00007fbbd41747c0, RSI=0x0000000000000000, RDI=0x00007fbc4c41c200
R8 =0x00007fbbd78419b0, R9 =0x0000000000000000, R10=0x0000000000000288, R11=0x00000000898c4e90
R12=0x0000000000000000, R13=0x0000000000000000, R14=0x00007fbc302a55c0, R15=0x00007fbc4c41c000
RIP=0x00007fbc33b7fb1e, EFLAGS=0x0000000000010246, CSGSFS=0x002b000000000033, ERR=0x0000000000000004
  TRAPNO=0x000000000000000e

Top of Stack: (sp=0x00007fbbd4174798)
0x00007fbbd4174798:   00007fbc300791d4 00000000898c4e48
0x00007fbbd41747a8:   0000000000000000 00000000857b7ff0
0x00007fbbd41747b8:   00007fbbd4174840 00007fbbb4031f10
0x00007fbbd41747c8:   00007fbbd7849b1d 00000000898c4e48 

Instructions: (pc=0x00007fbc33b7fb1e)
0x00007fbc33b7fafe:   00 00 44 8b 15 7d f8 be 21 4c 8b ce 41 f6 c2 01
0x00007fbc33b7fb0e:   0f 85 32 00 00 00 4d 33 ca 4d 33 ca 49 83 e1 fe
0x00007fbc33b7fb1e:   4d 8b 09 4c 8b da 49 c1 eb 02 4b 8b 04 19 49 bb
0x00007fbc33b7fb2e:   84 f3 76 55 bc 7f 00 00 4c 33 d8 4c 33 d8 45 3b 



---------------  P R O C E S S  ---------------

Threads class SMR info:
_java_thread_list=0x00007fbbb0000b20, length=17, elements={
0x00007fbc4c132000, 0x00007fbc4c134000, 0x00007fbc4c146800, 0x00007fbc4c148800,
0x00007fbc4c14a800, 0x00007fbc4c14c800, 0x00007fbc4c14e800, 0x00007fbc4c1e3800,
0x00007fbc4c1f1800, 0x00007fbc4c3ef000, 0x00007fbc4c41c000, 0x00007fbc4c012000,
0x00007fbbb40af800, 0x00007fbbb454b800, 0x00007fbbb4571000, 0x00007fbbf4001000,
0x00007fbbf4002000
}

Java Threads: ( => current thread )
  0x00007fbc4c132000 JavaThread "Reference Handler" daemon [_thread_blocked, id=8151, stack(0x00007fbc319a9000,0x00007fbc31aaa000)]
  0x00007fbc4c134000 JavaThread "Finalizer" daemon [_thread_blocked, id=8152, stack(0x00007fbc318a8000,0x00007fbc319a9000)]
  0x00007fbc4c146800 JavaThread "Signal Dispatcher" daemon [_thread_in_vm, id=8153, stack(0x00007fbc30dd8000,0x00007fbc30ed9000)]
  0x00007fbc4c148800 JavaThread "C2 CompilerThread0" daemon [_thread_blocked, id=8154, stack(0x00007fbc30cd7000,0x00007fbc30dd8000)]
  0x00007fbc4c14a800 JavaThread "C2 CompilerThread1" daemon [_thread_blocked, id=8155, stack(0x00007fbc30bd6000,0x00007fbc30cd7000)]
  0x00007fbc4c14c800 JavaThread "C1 CompilerThread2" daemon [_thread_blocked, id=8156, stack(0x00007fbc30ad5000,0x00007fbc30bd6000)]
  0x00007fbc4c14e800 JavaThread "Sweeper thread" daemon [_thread_blocked, id=8157, stack(0x00007fbc309d4000,0x00007fbc30ad5000)]
  0x00007fbc4c1e3800 JavaThread "Service Thread" daemon [_thread_blocked, id=8159, stack(0x00007fbc308d3000,0x00007fbc309d4000)]
  0x00007fbc4c1f1800 JavaThread "Common-Cleaner" daemon [_thread_blocked, id=8161, stack(0x00007fbc306d0000,0x00007fbc307d1000)]
  0x00007fbc4c3ef000 JavaThread "Java2D Disposer" daemon [_thread_blocked, id=8165, stack(0x00007fbc20057000,0x00007fbc20158000)]
=>0x00007fbc4c41c000 JavaThread "AWT-XAWT" daemon [_thread_in_native, id=8166, stack(0x00007fbbd4075000,0x00007fbbd4176000)]
  0x00007fbc4c012000 JavaThread "DestroyJavaVM" [_thread_blocked, id=8136, stack(0x00007fbc564db000,0x00007fbc565dc000)]
  0x00007fbbb40af800 JavaThread "TimerQueue" daemon [_thread_blocked, id=8169, stack(0x00007fbbcdaea000,0x00007fbbcdbeb000)]
  0x00007fbbb454b800 JavaThread "Abandoned connection cleanup thread" daemon [_thread_blocked, id=8175, stack(0x00007fbbcd9e9000,0x00007fbbcdaea000)]
  0x00007fbbb4571000 JavaThread "pool-1-thread-1" [_thread_blocked, id=8177, stack(0x00007fbbcc6b1000,0x00007fbbcc7b2000)]
  0x00007fbbf4001000 JavaThread "SIGTERM handler" daemon [_thread_in_Java, id=20739, stack(0x00007fbbcdeec000,0x00007fbbcdfed000)]
  0x00007fbbf4002000 JavaThread "SIGTERM handler" daemon [_thread_blocked, id=20761, stack(0x00007fbbcddeb000,0x00007fbbcdeec000)]

Other Threads:
  0x00007fbc4c128000 VMThread "VM Thread" [stack: 0x00007fbc31aac000,0x00007fbc31bac000] [id=8150]
  0x00007fbc4c1e5800 WatcherThread [stack: 0x00007fbc307d3000,0x00007fbc308d3000] [id=8160]
  0x00007fbc4c028800 GCTaskThread "GC Thread#0" [stack: 0x00007fbc52605000,0x00007fbc52705000] [id=8139]
  0x00007fbc4c02a000 GCTaskThread "GC Thread#1" [stack: 0x00007fbc52503000,0x00007fbc52603000] [id=8140]
  0x00007fbc4c02b800 GCTaskThread "GC Thread#2" [stack: 0x00007fbc52401000,0x00007fbc52501000] [id=8141]
  0x00007fbc4c02d800 GCTaskThread "GC Thread#3" [stack: 0x00007fbc522ff000,0x00007fbc523ff000] [id=8142]
  0x00007fbc4c056800 ConcurrentGCThread "G1 Main Marker" [stack: 0x00007fbc5127a000,0x00007fbc5137a000] [id=8143]
  0x00007fbc4c058800 ConcurrentGCThread "G1 Conc#0" [stack: 0x00007fbc51178000,0x00007fbc51278000] [id=8144]
  0x00007fbc4c0c0000 ConcurrentGCThread "G1 Refine#0" [stack: 0x00007fbc50c72000,0x00007fbc50d72000] [id=8145]
  0x00007fbc4c0c2000 ConcurrentGCThread "G1 Refine#1" [stack: 0x00007fbc50b70000,0x00007fbc50c70000] [id=8146]
  0x00007fbc4c0c3800 ConcurrentGCThread "G1 Refine#2" [stack: 0x00007fbc50a6e000,0x00007fbc50b6e000] [id=8147]
  0x00007fbc4c0c5800 ConcurrentGCThread "G1 Refine#3" [stack: 0x00007fbc5096c000,0x00007fbc50a6c000] [id=8148]
  0x00007fbc4c0c7000 ConcurrentGCThread "G1 Young RemSet Sampling" [stack: 0x00007fbc5086a000,0x00007fbc5096a000] [id=8149]

Threads with active compile tasks:

VM state:not at safepoint (normal execution)

VM Mutex/Monitor currently owned by a thread:  ([mutex/lock_event])
[0x00007fbc4c00e4d0] Threads_lock - owner thread: 0x00007fbbf4001000

Heap address: 0x0000000085600000, size: 1962 MB, Compressed Oops mode: 32-bit
Narrow klass base: 0x0000000000000000, Narrow klass shift: 3
Compressed class space size: 1073741824 Address: 0x0000000100000000

Heap:
 garbage-first heap   total 126976K, used 27878K [0x0000000085600000, 0x0000000100000000)
  region size 1024K, 23 young (23552K), 7 survivors (7168K)
 Metaspace       used 49357K, capacity 50177K, committed 50688K, reserved 1093632K
  class space    used 5756K, capacity 6133K, committed 6144K, reserved 1048576K
Heap Regions: E=young(eden), S=young(survivor), O=old, HS=humongous(starts), HC=humongous(continues), CS=collection set, F=free, A=archive, TS=gc time stamp, AC=allocation context, TAMS=top-at-mark-start (previous, next)
|   0|0x0000000085600000, 0x0000000085700000, 0x0000000085700000|100%|HS|  |TS  0|AC  0|TAMS 0x0000000085700000, 0x0000000085700000|
|   1|0x0000000085700000, 0x0000000085800000, 0x0000000085800000|100%| O|  |TS  0|AC  0|TAMS 0x0000000085800000, 0x0000000085800000|
|   2|0x0000000085800000, 0x0000000085900000, 0x0000000085900000|100%| O|  |TS  0|AC  0|TAMS 0x0000000085900000, 0x0000000085900000|
|   3|0x0000000085900000, 0x0000000085a00000, 0x0000000085a00000|100%| O|  |TS  0|AC  0|TAMS 0x0000000085a00000, 0x0000000085a00000|
|   4|0x0000000085a00000, 0x0000000085b00000, 0x0000000085b00000|100%| O|  |TS  1|AC  0|TAMS 0x0000000085a44e00, 0x0000000085a44e00|
|   5|0x0000000085b00000, 0x0000000085b62200, 0x0000000085c00000| 38%| O|  |TS  1|AC  0|TAMS 0x0000000085b00000, 0x0000000085b00000|
|   6|0x0000000085c00000, 0x0000000085c00000, 0x0000000085d00000|  0%| F|  |TS  0|AC  0|TAMS 0x0000000085c00000, 0x0000000085c00000|
|   7|0x0000000085d00000, 0x0000000085d00000, 0x0000000085e00000|  0%| F|  |TS  0|AC  0|TAMS 0x0000000085d00000, 0x0000000085d00000|
|   8|0x0000000085e00000, 0x0000000085e00000, 0x0000000085f00000|  0%| F|  |TS  0|AC  0|TAMS 0x0000000085e00000, 0x0000000085e00000|
|   9|0x0000000085f00000, 0x0000000085f00000, 0x0000000086000000|  0%| F|  |TS  0|AC  0|TAMS 0x0000000085f00000, 0x0000000085f00000|
|  10|0x0000000086000000, 0x0000000086000000, 0x0000000086100000|  0%| F|  |TS  0|AC  0|TAMS 0x0000000086000000, 0x0000000086000000|
|  11|0x0000000086100000, 0x0000000086100000, 0x0000000086200000|  0%| F|  |TS  0|AC  0|TAMS 0x0000000086100000, 0x0000000086100000|
|  12|0x0000000086200000, 0x0000000086200000, 0x0000000086300000|  0%| F|  |TS  0|AC  0|TAMS 0x0000000086200000, 0x0000000086200000|
|  13|0x0000000086300000, 0x0000000086300000, 0x0000000086400000|  0%| F|  |TS  0|AC  0|TAMS 0x0000000086300000, 0x0000000086300000|
|  14|0x0000000086400000, 0x0000000086400000, 0x0000000086500000|  0%| F|  |TS  0|AC  0|TAMS 0x0000000086400000, 0x0000000086400000|
|  15|0x0000000086500000, 0x0000000086500000, 0x0000000086600000|  0%| F|  |TS  0|AC  0|TAMS 0x0000000086500000, 0x0000000086500000|
|  16|0x0000000086600000, 0x0000000086600000, 0x0000000086700000|  0%| F|  |TS  0|AC  0|TAMS 0x0000000086600000, 0x0000000086600000|
|  17|0x0000000086700000, 0x0000000086700000, 0x0000000086800000|  0%| F|  |TS  0|AC  0|TAMS 0x0000000086700000, 0x0000000086700000|
|  18|0x0000000086800000, 0x0000000086800000, 0x0000000086900000|  0%| F|  |TS  0|AC  0|TAMS 0x0000000086800000, 0x0000000086800000|
|  19|0x0000000086900000, 0x0000000086900000, 0x0000000086a00000|  0%| F|  |TS  0|AC  0|TAMS 0x0000000086900000, 0x0000000086900000|
|  20|0x0000000086a00000, 0x0000000086a00000, 0x0000000086b00000|  0%| F|  |TS  0|AC  0|TAMS 0x0000000086a00000, 0x0000000086a00000|
|  21|0x0000000086b00000, 0x0000000086b00000, 0x0000000086c00000|  0%| F|  |TS  0|AC  0|TAMS 0x0000000086b00000, 0x0000000086b00000|
|  22|0x0000000086c00000, 0x0000000086c00000, 0x0000000086d00000|  0%| F|  |TS  0|AC  0|TAMS 0x0000000086c00000, 0x0000000086c00000|
|  23|0x0000000086d00000, 0x0000000086d00000, 0x0000000086e00000|  0%| F|  |TS  0|AC  0|TAMS 0x0000000086d00000, 0x0000000086d00000|
|  24|0x0000000086e00000, 0x0000000086e00000, 0x0000000086f00000|  0%| F|  |TS  0|AC  0|TAMS 0x0000000086e00000, 0x0000000086e00000|
|  25|0x0000000086f00000, 0x0000000086f00000, 0x0000000087000000|  0%| F|  |TS  0|AC  0|TAMS 0x0000000086f00000, 0x0000000086f00000|
|  26|0x0000000087000000, 0x0000000087000000, 0x0000000087100000|  0%| F|  |TS  0|AC  0|TAMS 0x0000000087000000, 0x0000000087000000|
|  27|0x0000000087100000, 0x0000000087100000, 0x0000000087200000|  0%| F|  |TS  0|AC  0|TAMS 0x0000000087100000, 0x0000000087100000|
|  28|0x0000000087200000, 0x0000000087200000, 0x0000000087300000|  0%| F|  |TS  0|AC  0|TAMS 0x0000000087200000, 0x0000000087200000|
|  29|0x0000000087300000, 0x0000000087300000, 0x0000000087400000|  0%| F|  |TS  0|AC  0|TAMS 0x0000000087300000, 0x0000000087300000|
|  30|0x0000000087400000, 0x0000000087400000, 0x0000000087500000|  0%| F|  |TS  0|AC  0|TAMS 0x0000000087400000, 0x0000000087400000|
|  31|0x0000000087500000, 0x0000000087500000, 0x0000000087600000|  0%| F|  |TS  0|AC  0|TAMS 0x0000000087500000, 0x0000000087500000|
|  32|0x0000000087600000, 0x0000000087600000, 0x0000000087700000|  0%| F|  |TS  0|AC  0|TAMS 0x0000000087600000, 0x0000000087600000|
|  33|0x0000000087700000, 0x0000000087700000, 0x0000000087800000|  0%| F|  |TS  0|AC  0|TAMS 0x0000000087700000, 0x0000000087700000|
|  34|0x0000000087800000, 0x0000000087800000, 0x0000000087900000|  0%| F|  |TS  0|AC  0|TAMS 0x0000000087800000, 0x0000000087800000|
|  35|0x0000000087900000, 0x0000000087900000, 0x0000000087a00000|  0%| F|  |TS  0|AC  0|TAMS 0x0000000087900000, 0x0000000087900000|
|  36|0x0000000087a00000, 0x0000000087a00000, 0x0000000087b00000|  0%| F|  |TS  0|AC  0|TAMS 0x0000000087a00000, 0x0000000087a00000|
|  37|0x0000000087b00000, 0x0000000087b00000, 0x0000000087c00000|  0%| F|  |TS  0|AC  0|TAMS 0x0000000087b00000, 0x0000000087b00000|
|  38|0x0000000087c00000, 0x0000000087c00000, 0x0000000087d00000|  0%| F|  |TS  0|AC  0|TAMS 0x0000000087c00000, 0x0000000087c00000|
|  39|0x0000000087d00000, 0x0000000087d00000, 0x0000000087e00000|  0%| F|  |TS  0|AC  0|TAMS 0x0000000087d00000, 0x0000000087d00000|
|  40|0x0000000087e00000, 0x0000000087e00000, 0x0000000087f00000|  0%| F|  |TS  0|AC  0|TAMS 0x0000000087e00000, 0x0000000087e00000|
|  41|0x0000000087f00000, 0x0000000087f00000, 0x0000000088000000|  0%| F|  |TS  0|AC  0|TAMS 0x0000000087f00000, 0x0000000087f00000|
|  42|0x0000000088000000, 0x0000000088000000, 0x0000000088100000|  0%| F|  |TS  0|AC  0|TAMS 0x0000000088000000, 0x0000000088000000|
|  43|0x0000000088100000, 0x0000000088100000, 0x0000000088200000|  0%| F|  |TS  0|AC  0|TAMS 0x0000000088100000, 0x0000000088100000|
|  44|0x0000000088200000, 0x0000000088200000, 0x0000000088300000|  0%| F|  |TS  0|AC  0|TAMS 0x0000000088200000, 0x0000000088200000|
|  45|0x0000000088300000, 0x0000000088300000, 0x0000000088400000|  0%| F|  |TS  0|AC  0|TAMS 0x0000000088300000, 0x0000000088300000|
|  46|0x0000000088400000, 0x0000000088400000, 0x0000000088500000|  0%| F|  |TS  0|AC  0|TAMS 0x0000000088400000, 0x0000000088400000|
|  47|0x0000000088500000, 0x0000000088500000, 0x0000000088600000|  0%| F|  |TS  0|AC  0|TAMS 0x0000000088500000, 0x0000000088500000|
|  48|0x0000000088600000, 0x0000000088600000, 0x0000000088700000|  0%| F|  |TS  0|AC  0|TAMS 0x0000000088600000, 0x0000000088600000|
|  49|0x0000000088700000, 0x0000000088700000, 0x0000000088800000|  0%| F|  |TS  0|AC  0|TAMS 0x0000000088700000, 0x0000000088700000|
|  50|0x0000000088800000, 0x0000000088800000, 0x0000000088900000|  0%| F|  |TS  0|AC  0|TAMS 0x0000000088800000, 0x0000000088800000|
|  51|0x0000000088900000, 0x0000000088900000, 0x0000000088a00000|  0%| F|  |TS  0|AC  0|TAMS 0x0000000088900000, 0x0000000088900000|
|  52|0x0000000088a00000, 0x0000000088a00000, 0x0000000088b00000|  0%| F|  |TS  0|AC  0|TAMS 0x0000000088a00000, 0x0000000088a00000|
|  53|0x0000000088b00000, 0x0000000088b00000, 0x0000000088c00000|  0%| F|  |TS  0|AC  0|TAMS 0x0000000088b00000, 0x0000000088b00000|
|  54|0x0000000088c00000, 0x0000000088c00000, 0x0000000088d00000|  0%| F|  |TS  0|AC  0|TAMS 0x0000000088c00000, 0x0000000088c00000|
|  55|0x0000000088d00000, 0x0000000088d00000, 0x0000000088e00000|  0%| F|  |TS  0|AC  0|TAMS 0x0000000088d00000, 0x0000000088d00000|
|  56|0x0000000088e00000, 0x0000000088e00000, 0x0000000088f00000|  0%| F|  |TS  0|AC  0|TAMS 0x0000000088e00000, 0x0000000088e00000|
|  57|0x0000000088f00000, 0x0000000088f00000, 0x0000000089000000|  0%| F|  |TS  0|AC  0|TAMS 0x0000000088f00000, 0x0000000088f00000|
|  58|0x0000000089000000, 0x0000000089000000, 0x0000000089100000|  0%| F|  |TS  0|AC  0|TAMS 0x0000000089000000, 0x0000000089000000|
|  59|0x0000000089100000, 0x0000000089100000, 0x0000000089200000|  0%| F|  |TS  0|AC  0|TAMS 0x0000000089100000, 0x0000000089100000|
|  60|0x0000000089200000, 0x0000000089200000, 0x0000000089300000|  0%| F|  |TS  0|AC  0|TAMS 0x0000000089200000, 0x0000000089200000|
|  61|0x0000000089300000, 0x0000000089300000, 0x0000000089400000|  0%| F|  |TS  0|AC  0|TAMS 0x0000000089300000, 0x0000000089300000|
|  62|0x0000000089400000, 0x00000000894d7730, 0x0000000089500000| 84%| S|CS|TS  1|AC  0|TAMS 0x0000000089400000, 0x0000000089400000|
|  63|0x0000000089500000, 0x0000000089600000, 0x0000000089600000|100%| S|CS|TS  1|AC  0|TAMS 0x0000000089500000, 0x0000000089500000|
|  64|0x0000000089600000, 0x0000000089700000, 0x0000000089700000|100%| S|CS|TS  1|AC  0|TAMS 0x0000000089600000, 0x0000000089600000|
|  65|0x0000000089700000, 0x0000000089800000, 0x0000000089800000|100%| S|CS|TS  1|AC  0|TAMS 0x0000000089700000, 0x0000000089700000|
|  66|0x0000000089800000, 0x0000000089900000, 0x0000000089900000|100%| S|CS|TS  1|AC  0|TAMS 0x0000000089800000, 0x0000000089800000|
|  67|0x0000000089900000, 0x0000000089a00000, 0x0000000089a00000|100%| S|CS|TS  1|AC  0|TAMS 0x0000000089900000, 0x0000000089900000|
|  68|0x0000000089a00000, 0x0000000089b00000, 0x0000000089b00000|100%| S|CS|TS  1|AC  0|TAMS 0x0000000089a00000, 0x0000000089a00000|
|  69|0x0000000089b00000, 0x0000000089b00000, 0x0000000089c00000|  0%| F|  |TS  1|AC  0|TAMS 0x0000000089b00000, 0x0000000089b00000|
|  70|0x0000000089c00000, 0x0000000089c00000, 0x0000000089d00000|  0%| F|  |TS  1|AC  0|TAMS 0x0000000089c00000, 0x0000000089c00000|
|  71|0x0000000089d00000, 0x0000000089d00000, 0x0000000089e00000|  0%| F|  |TS  1|AC  0|TAMS 0x0000000089d00000, 0x0000000089d00000|
|  72|0x0000000089e00000, 0x0000000089e00000, 0x0000000089f00000|  0%| F|  |TS  1|AC  0|TAMS 0x0000000089e00000, 0x0000000089e00000|
|  73|0x0000000089f00000, 0x0000000089f00000, 0x000000008a000000|  0%| F|  |TS  1|AC  0|TAMS 0x0000000089f00000, 0x0000000089f00000|
|  74|0x000000008a000000, 0x000000008a000000, 0x000000008a100000|  0%| F|  |TS  1|AC  0|TAMS 0x000000008a000000, 0x000000008a000000|
|  75|0x000000008a100000, 0x000000008a100000, 0x000000008a200000|  0%| F|  |TS  1|AC  0|TAMS 0x000000008a100000, 0x000000008a100000|
|  76|0x000000008a200000, 0x000000008a200000, 0x000000008a300000|  0%| F|  |TS  1|AC  0|TAMS 0x000000008a200000, 0x000000008a200000|
|  77|0x000000008a300000, 0x000000008a300000, 0x000000008a400000|  0%| F|  |TS  1|AC  0|TAMS 0x000000008a300000, 0x000000008a300000|
|  78|0x000000008a400000, 0x000000008a400000, 0x000000008a500000|  0%| F|  |TS  1|AC  0|TAMS 0x000000008a400000, 0x000000008a400000|
|  79|0x000000008a500000, 0x000000008a500000, 0x000000008a600000|  0%| F|  |TS  1|AC  0|TAMS 0x000000008a500000, 0x000000008a500000|
|  80|0x000000008a600000, 0x000000008a600000, 0x000000008a700000|  0%| F|  |TS  1|AC  0|TAMS 0x000000008a600000, 0x000000008a600000|
|  81|0x000000008a700000, 0x000000008a700000, 0x000000008a800000|  0%| F|  |TS  1|AC  0|TAMS 0x000000008a700000, 0x000000008a700000|
|  82|0x000000008a800000, 0x000000008a800000, 0x000000008a900000|  0%| F|  |TS  1|AC  0|TAMS 0x000000008a800000, 0x000000008a800000|
|  83|0x000000008a900000, 0x000000008a900000, 0x000000008aa00000|  0%| F|  |TS  1|AC  0|TAMS 0x000000008a900000, 0x000000008a900000|
|  84|0x000000008aa00000, 0x000000008aa00000, 0x000000008ab00000|  0%| F|  |TS  1|AC  0|TAMS 0x000000008aa00000, 0x000000008aa00000|
|  85|0x000000008ab00000, 0x000000008ab00000, 0x000000008ac00000|  0%| F|  |TS  1|AC  0|TAMS 0x000000008ab00000, 0x000000008ab00000|
|  86|0x000000008ac00000, 0x000000008ac00000, 0x000000008ad00000|  0%| F|  |TS  1|AC  0|TAMS 0x000000008ac00000, 0x000000008ac00000|
|  87|0x000000008ad00000, 0x000000008ad00000, 0x000000008ae00000|  0%| F|  |TS  1|AC  0|TAMS 0x000000008ad00000, 0x000000008ad00000|
|  88|0x000000008ae00000, 0x000000008ae00000, 0x000000008af00000|  0%| F|  |TS  1|AC  0|TAMS 0x000000008ae00000, 0x000000008ae00000|
|  89|0x000000008af00000, 0x000000008af00000, 0x000000008b000000|  0%| F|  |TS  1|AC  0|TAMS 0x000000008af00000, 0x000000008af00000|
|  90|0x000000008b000000, 0x000000008b000000, 0x000000008b100000|  0%| F|  |TS  1|AC  0|TAMS 0x000000008b000000, 0x000000008b000000|
|  91|0x000000008b100000, 0x000000008b100000, 0x000000008b200000|  0%| F|  |TS  1|AC  0|TAMS 0x000000008b100000, 0x000000008b100000|
|  92|0x000000008b200000, 0x000000008b200000, 0x000000008b300000|  0%| F|  |TS  1|AC  0|TAMS 0x000000008b200000, 0x000000008b200000|
|  93|0x000000008b300000, 0x000000008b300000, 0x000000008b400000|  0%| F|  |TS  1|AC  0|TAMS 0x000000008b300000, 0x000000008b300000|
|  94|0x000000008b400000, 0x000000008b400000, 0x000000008b500000|  0%| F|  |TS  1|AC  0|TAMS 0x000000008b400000, 0x000000008b400000|
|  95|0x000000008b500000, 0x000000008b500000, 0x000000008b600000|  0%| F|  |TS  1|AC  0|TAMS 0x000000008b500000, 0x000000008b500000|
|  96|0x000000008b600000, 0x000000008b600000, 0x000000008b700000|  0%| F|  |TS  1|AC  0|TAMS 0x000000008b600000, 0x000000008b600000|
|  97|0x000000008b700000, 0x000000008b700000, 0x000000008b800000|  0%| F|  |TS  1|AC  0|TAMS 0x000000008b700000, 0x000000008b700000|
|  98|0x000000008b800000, 0x000000008b800000, 0x000000008b900000|  0%| F|  |TS  1|AC  0|TAMS 0x000000008b800000, 0x000000008b800000|
|  99|0x000000008b900000, 0x000000008b900000, 0x000000008ba00000|  0%| F|  |TS  1|AC  0|TAMS 0x000000008b900000, 0x000000008b900000|
| 100|0x000000008ba00000, 0x000000008ba00000, 0x000000008bb00000|  0%| F|  |TS  1|AC  0|TAMS 0x000000008ba00000, 0x000000008ba00000|
| 101|0x000000008bb00000, 0x000000008bb00000, 0x000000008bc00000|  0%| F|  |TS  1|AC  0|TAMS 0x000000008bb00000, 0x000000008bb00000|
| 102|0x000000008bc00000, 0x000000008bc00000, 0x000000008bd00000|  0%| F|  |TS  1|AC  0|TAMS 0x000000008bc00000, 0x000000008bc00000|
| 103|0x000000008bd00000, 0x000000008bd00000, 0x000000008be00000|  0%| F|  |TS  1|AC  0|TAMS 0x000000008bd00000, 0x000000008bd00000|
| 104|0x000000008be00000, 0x000000008be00000, 0x000000008bf00000|  0%| F|  |TS  1|AC  0|TAMS 0x000000008be00000, 0x000000008be00000|
| 105|0x000000008bf00000, 0x000000008bf00000, 0x000000008c000000|  0%| F|  |TS  1|AC  0|TAMS 0x000000008bf00000, 0x000000008bf00000|
| 106|0x000000008c000000, 0x000000008c000000, 0x000000008c100000|  0%| F|  |TS  1|AC  0|TAMS 0x000000008c000000, 0x000000008c000000|
| 107|0x000000008c100000, 0x000000008c100000, 0x000000008c200000|  0%| F|  |TS  1|AC  0|TAMS 0x000000008c100000, 0x000000008c100000|
| 108|0x000000008c200000, 0x000000008c300000, 0x000000008c300000|100%| E|  |TS  1|AC  0|TAMS 0x000000008c200000, 0x000000008c200000|
| 109|0x000000008c300000, 0x000000008c400000, 0x000000008c400000|100%| E|CS|TS  1|AC  0|TAMS 0x000000008c300000, 0x000000008c300000|
| 110|0x000000008c400000, 0x000000008c500000, 0x000000008c500000|100%| E|CS|TS  1|AC  0|TAMS 0x000000008c400000, 0x000000008c400000|
| 111|0x000000008c500000, 0x000000008c600000, 0x000000008c600000|100%| E|CS|TS  1|AC  0|TAMS 0x000000008c500000, 0x000000008c500000|
| 112|0x000000008c600000, 0x000000008c700000, 0x000000008c700000|100%| E|CS|TS  1|AC  0|TAMS 0x000000008c600000, 0x000000008c600000|
| 113|0x000000008c700000, 0x000000008c800000, 0x000000008c800000|100%| E|CS|TS  1|AC  0|TAMS 0x000000008c700000, 0x000000008c700000|
| 114|0x000000008c800000, 0x000000008c900000, 0x000000008c900000|100%| E|CS|TS  1|AC  0|TAMS 0x000000008c800000, 0x000000008c800000|
| 115|0x000000008c900000, 0x000000008ca00000, 0x000000008ca00000|100%| E|CS|TS  1|AC  0|TAMS 0x000000008c900000, 0x000000008c900000|
| 116|0x000000008ca00000, 0x000000008cb00000, 0x000000008cb00000|100%| E|CS|TS  1|AC  0|TAMS 0x000000008ca00000, 0x000000008ca00000|
| 117|0x000000008cb00000, 0x000000008cc00000, 0x000000008cc00000|100%| E|CS|TS  1|AC  0|TAMS 0x000000008cb00000, 0x000000008cb00000|
| 118|0x000000008cc00000, 0x000000008cd00000, 0x000000008cd00000|100%| E|CS|TS  1|AC  0|TAMS 0x000000008cc00000, 0x000000008cc00000|
| 119|0x000000008cd00000, 0x000000008ce00000, 0x000000008ce00000|100%| E|CS|TS  1|AC  0|TAMS 0x000000008cd00000, 0x000000008cd00000|
| 120|0x000000008ce00000, 0x000000008cf00000, 0x000000008cf00000|100%| E|CS|TS  1|AC  0|TAMS 0x000000008ce00000, 0x000000008ce00000|
| 121|0x000000008cf00000, 0x000000008d000000, 0x000000008d000000|100%| E|CS|TS  1|AC  0|TAMS 0x000000008cf00000, 0x000000008cf00000|
| 122|0x000000008d000000, 0x000000008d100000, 0x000000008d100000|100%| E|CS|TS  1|AC  0|TAMS 0x000000008d000000, 0x000000008d000000|
| 123|0x000000008d100000, 0x000000008d200000, 0x000000008d200000|100%| E|CS|TS  1|AC  0|TAMS 0x000000008d100000, 0x000000008d100000|

Card table byte_map: [0x00007fbc5174f000,0x00007fbc51b24000] byte_map_base: 0x00007fbc51324000

Marking Bits (Prev, Next): (CMBitMap*) 0x00007fbc4c055be0, (CMBitMap*) 0x00007fbc4c055c18
 Prev Bits: [0x00007fbc31c7d000, 0x00007fbc33b25000)
 Next Bits: [0x00007fbc22158000, 0x00007fbc24000000)

Polling page: 0x00007fbc565f5000

CodeHeap 'non-profiled nmethods': size=120032Kb used=2180Kb max_used=2180Kb free=117851Kb
 bounds [0x00007fbc3b5ed000, 0x00007fbc3b85d000, 0x00007fbc42b25000]
CodeHeap 'profiled nmethods': size=120032Kb used=9649Kb max_used=9649Kb free=110382Kb
 bounds [0x00007fbc340b5000, 0x00007fbc34a25000, 0x00007fbc3b5ed000]
CodeHeap 'non-nmethods': size=5696Kb used=1360Kb max_used=1419Kb free=4336Kb
 bounds [0x00007fbc33b25000, 0x00007fbc33d95000, 0x00007fbc340b5000]
 total_blobs=6523 nmethods=4735 adapters=740
 compilation: enabled

Compilation events (10 events):
Event: 20800,261 Thread 0x00007fbc4c148800 4735  s    4       java.util.Vector::iterator (10 bytes)
Event: 20800,275 Thread 0x00007fbc4c148800 nmethod 4735 0x00007fbc3b80b910 code [0x00007fbc3b80bac0, 0x00007fbc3b80be28]
Event: 20851,255 Thread 0x00007fbc4c14a800 4736   !   4       sun.awt.X11.XToolkit$1::dispatchEvent (34 bytes)
Event: 20851,284 Thread 0x00007fbc4c14a800 nmethod 4736 0x00007fbc3b80bf10 code [0x00007fbc3b80c0e0, 0x00007fbc3b80c328]
Event: 20863,076 Thread 0x00007fbc4c14c800 4737   !   3       sun.awt.X11.XToolkit::run (384 bytes)
Event: 20863,089 Thread 0x00007fbc4c14c800 nmethod 4737 0x00007fbc34a18590 code [0x00007fbc34a18f80, 0x00007fbc34a1e908]
Event: 20987,957 Thread 0x00007fbc4c148800 4738       4       sun.awt.X11.XMSelection$1::dispatchEvent (10 bytes)
Event: 20987,978 Thread 0x00007fbc4c148800 nmethod 4738 0x00007fbc3b80c710 code [0x00007fbc3b80c8e0, 0x00007fbc3b80cb78]
Event: 22867,661 Thread 0x00007fbc4c14a800 4739   !   4       java.lang.ref.ReferenceQueue::remove (125 bytes)
Event: 22867,744 Thread 0x00007fbc4c14a800 nmethod 4739 0x00007fbc3b80d010 code [0x00007fbc3b80d1e0, 0x00007fbc3b80df48]

GC Heap History (10 events):
Event: 0,962 GC heap before
{Heap before GC invocations=1 (full 0):
 garbage-first heap   total 126976K, used 8402K [0x0000000085600000, 0x0000000100000000)
  region size 1024K, 6 young (6144K), 2 survivors (2048K)
 Metaspace       used 17636K, capacity 18155K, committed 18432K, reserved 1064960K
  class space    used 1934K, capacity 2188K, committed 2304K, reserved 1048576K
}
Event: 0,968 GC heap after
{Heap after GC invocations=2 (full 0):
 garbage-first heap   total 126976K, used 5030K [0x0000000085600000, 0x0000000100000000)
  region size 1024K, 1 young (1024K), 1 survivors (1024K)
 Metaspace       used 17636K, capacity 18155K, committed 18432K, reserved 1064960K
  class space    used 1934K, capacity 2188K, committed 2304K, reserved 1048576K
}
Event: 1,910 GC heap before
{Heap before GC invocations=2 (full 0):
 garbage-first heap   total 126976K, used 27558K [0x0000000085600000, 0x0000000100000000)
  region size 1024K, 23 young (23552K), 1 survivors (1024K)
 Metaspace       used 18310K, capacity 18867K, committed 19200K, reserved 1067008K
  class space    used 1988K, capacity 2253K, committed 2304K, reserved 1048576K
}
Event: 1,921 GC heap after
{Heap after GC invocations=3 (full 0):
 garbage-first heap   total 126976K, used 5637K [0x0000000085600000, 0x0000000100000000)
  region size 1024K, 2 young (2048K), 2 survivors (2048K)
 Metaspace       used 18310K, capacity 18867K, committed 19200K, reserved 1067008K
  class space    used 1988K, capacity 2253K, committed 2304K, reserved 1048576K
}
Event: 25,039 GC heap before
{Heap before GC invocations=3 (full 0):
 garbage-first heap   total 126976K, used 26117K [0x0000000085600000, 0x0000000100000000)
  region size 1024K, 23 young (23552K), 2 survivors (2048K)
 Metaspace       used 20665K, capacity 21168K, committed 21296K, reserved 1069056K
  class space    used 2150K, capacity 2423K, committed 2432K, reserved 1048576K
}
Event: 25,043 GC heap after
{Heap after GC invocations=4 (full 0):
 garbage-first heap   total 126976K, used 6147K [0x0000000085600000, 0x0000000100000000)
  region size 1024K, 2 young (2048K), 2 survivors (2048K)
 Metaspace       used 20665K, capacity 21168K, committed 21296K, reserved 1069056K
  class space    used 2150K, capacity 2423K, committed 2432K, reserved 1048576K
}
Event: 25,822 GC heap before
{Heap before GC invocations=5 (full 0):
 garbage-first heap   total 126976K, used 41987K [0x0000000085600000, 0x0000000100000000)
  region size 1024K, 38 young (38912K), 2 survivors (2048K)
 Metaspace       used 34940K, capacity 35665K, committed 35920K, reserved 1081344K
  class space    used 4018K, capacity 4333K, committed 4352K, reserved 1048576K
}
Event: 25,828 GC heap after
{Heap after GC invocations=6 (full 0):
 garbage-first heap   total 126976K, used 8984K [0x0000000085600000, 0x0000000100000000)
  region size 1024K, 5 young (5120K), 5 survivors (5120K)
 Metaspace       used 34940K, capacity 35665K, committed 35920K, reserved 1081344K
  class space    used 4018K, capacity 4333K, committed 4352K, reserved 1048576K
}
Event: 27,024 GC heap before
{Heap before GC invocations=7 (full 0):
 garbage-first heap   total 126976K, used 60184K [0x0000000085600000, 0x0000000100000000)
  region size 1024K, 55 young (56320K), 5 survivors (5120K)
 Metaspace       used 47129K, capacity 47908K, committed 48512K, reserved 1091584K
  class space    used 5556K, capacity 5924K, committed 6016K, reserved 1048576K
}
Event: 27,033 GC heap after
{Heap after GC invocations=8 (full 0):
 garbage-first heap   total 126976K, used 12518K [0x0000000085600000, 0x0000000100000000)
  region size 1024K, 7 young (7168K), 7 survivors (7168K)
 Metaspace       used 47129K, capacity 47908K, committed 48512K, reserved 1091584K
  class space    used 5556K, capacity 5924K, committed 6016K, reserved 1048576K
}

Deoptimization events (10 events):
Event: 27,139 Thread 0x00007fbc4c41c000 Uncommon trap: reason=class_check action=maybe_recompile pc=0x00007fbc3b6b8760 method=jdk.internal.logger.AbstractLoggerWrapper.log(Lsun/util/logging/PlatformLogger$Level;Ljava/lang/String;[Ljava/lang/Object;)V @ 34 c2
Event: 27,139 Thread 0x00007fbc4c41c000 Uncommon trap: reason=class_check action=maybe_recompile pc=0x00007fbc3b6acffc method=jdk.internal.logger.AbstractLoggerWrapper.log(Lsun/util/logging/PlatformLogger$Level;Ljava/lang/String;[Ljava/lang/Object;)V @ 34 c2
Event: 27,181 Thread 0x00007fbc4c49f000 Uncommon trap: reason=class_check action=maybe_recompile pc=0x00007fbc3b680170 method=jdk.internal.logger.AbstractLoggerWrapper.log(Lsun/util/logging/PlatformLogger$Level;Ljava/lang/String;[Ljava/lang/Object;)V @ 34 c2
Event: 27,182 Thread 0x00007fbc4c41c000 Uncommon trap: reason=class_check action=maybe_recompile pc=0x00007fbc3b692d34 method=jdk.internal.logger.AbstractLoggerWrapper.log(Lsun/util/logging/PlatformLogger$Level;Ljava/lang/String;[Ljava/lang/Object;)V @ 34 c2
Event: 30,197 Thread 0x00007fbc4c49f000 Uncommon trap: reason=class_check action=maybe_recompile pc=0x00007fbc3b7ae2f0 method=java.util.Collections$UnmodifiableCollection.contains(Ljava/lang/Object;)Z @ 5 c2
Event: 30,197 Thread 0x00007fbc4c49f000 Uncommon trap: reason=class_check action=maybe_recompile pc=0x00007fbc3b7ae2f0 method=java.util.Collections$UnmodifiableCollection.contains(Ljava/lang/Object;)Z @ 5 c2
Event: 30,197 Thread 0x00007fbc4c49f000 Uncommon trap: reason=class_check action=maybe_recompile pc=0x00007fbc3b7ae2f0 method=java.util.Collections$UnmodifiableCollection.contains(Ljava/lang/Object;)Z @ 5 c2
Event: 30,197 Thread 0x00007fbc4c49f000 Uncommon trap: reason=class_check action=maybe_recompile pc=0x00007fbc3b7ae2f0 method=java.util.Collections$UnmodifiableCollection.contains(Ljava/lang/Object;)Z @ 5 c2
Event: 34,659 Thread 0x00007fbc4c49f000 Uncommon trap: reason=unstable_if action=reinterpret pc=0x00007fbc3b7dc5a8 method=java.awt.Toolkit$SelectiveAWTEventListener.eventDispatched(Ljava/awt/AWTEvent;)V @ 150 c2
Event: 45,678 Thread 0x00007fbc4c49f000 Uncommon trap: reason=unstable_if action=reinterpret pc=0x00007fbc3b6a8290 method=java.awt.Container.getMouseEventTargetImpl(IIZLjava/awt/Container$EventTargetFilter;ZZ)Ljava/awt/Component; @ 218 c2

Classes redefined (0 events):
No events

Internal exceptions (10 events):
Event: 26,719 Thread 0x00007fbc4c49f000 Exception <a 'java/lang/NoSuchMethodError'{0x000000008a645f20}: java.lang.invoke.DirectMethodHandle$Holder.invokeInterface(Ljava/lang/Object;Ljava/lang/Object;)V> (0x000000008a645f20) thrown at [/build/openjdk-lts-Ae5PRQ/openjdk-lts-10.0.2+13/src/hotspot/
Event: 26,848 Thread 0x00007fbc4c49f000 Exception <a 'java/lang/NoSuchMethodError'{0x000000008a038420}: java.lang.invoke.DirectMethodHandle$Holder.invokeStatic(Ljava/lang/Object;Ljava/lang/Object;Ljava/lang/Object;Ljava/lang/Object;)I> (0x000000008a038420) thrown at [/build/openjdk-lts-Ae5PRQ/o
Event: 26,943 Thread 0x00007fbc4c49f000 Exception <a 'java/lang/NoSuchMethodError'{0x0000000089fe6098}: java.lang.invoke.DirectMethodHandle$Holder.invokeStatic(Ljava/lang/Object;ILjava/lang/Object;)V> (0x0000000089fe6098) thrown at [/build/openjdk-lts-Ae5PRQ/openjdk-lts-10.0.2+13/src/hotspot/sh
Event: 26,943 Thread 0x00007fbc4c49f000 Exception <a 'java/lang/NoSuchMethodError'{0x0000000089fe92f8}: java.lang.invoke.DirectMethodHandle$Holder.invokeStaticInit(Ljava/lang/Object;ILjava/lang/Object;)V> (0x0000000089fe92f8) thrown at [/build/openjdk-lts-Ae5PRQ/openjdk-lts-10.0.2+13/src/hotspo
Event: 26,945 Thread 0x00007fbc4c49f000 Exception <a 'java/lang/NoSuchMethodError'{0x0000000089ff8fc0}: java.lang.invoke.DirectMethodHandle$Holder.invokeInterface(Ljava/lang/Object;Ljava/lang/Object;Ljava/lang/Object;)Ljava/lang/Object;> (0x0000000089ff8fc0) thrown at [/build/openjdk-lts-Ae5PRQ
Event: 27,292 Thread 0x00007fbc4c49f000 Exception <a 'java/lang/UnsupportedOperationException'{0x000000008cc41bd8}: > (0x000000008cc41bd8) thrown at [/build/openjdk-lts-Ae5PRQ/openjdk-lts-10.0.2+13/src/hotspot/share/prims/jni.cpp, line 632]
Event: 31,521 Thread 0x00007fbc4c49f000 Exception <a 'java/lang/UnsupportedOperationException'{0x000000008cbeceb8}: > (0x000000008cbeceb8) thrown at [/build/openjdk-lts-Ae5PRQ/openjdk-lts-10.0.2+13/src/hotspot/share/prims/jni.cpp, line 632]
Event: 42,466 Thread 0x00007fbc4c49f000 Exception <a 'java/lang/UnsupportedOperationException'{0x000000008ca7c518}: > (0x000000008ca7c518) thrown at [/build/openjdk-lts-Ae5PRQ/openjdk-lts-10.0.2+13/src/hotspot/share/prims/jni.cpp, line 632]
Event: 43,188 Thread 0x00007fbc4c49f000 Exception <a 'java/lang/UnsupportedOperationException'{0x000000008cae9c48}: > (0x000000008cae9c48) thrown at [/build/openjdk-lts-Ae5PRQ/openjdk-lts-10.0.2+13/src/hotspot/share/prims/jni.cpp, line 632]
Event: 45,057 Thread 0x00007fbc4c49f000 Exception <a 'java/lang/UnsupportedOperationException'{0x000000008c9910a0}: > (0x000000008c9910a0) thrown at [/build/openjdk-lts-Ae5PRQ/openjdk-lts-10.0.2+13/src/hotspot/share/prims/jni.cpp, line 632]

Events (10 events):
Event: 4761,234 Executing VM operation: RevokeBias done
Event: 4761,235 Thread 0x00007fbbbc014800 Thread exited: 0x00007fbbbc014800
Event: 4761,235 Thread 0x00007fbbbc015000 Thread exited: 0x00007fbbbc015000
Event: 4764,890 Thread 0x00007fbbbc014800 Thread added: 0x00007fbbbc014800
Event: 4764,892 Thread 0x00007fbbbc015800 Thread added: 0x00007fbbbc015800
Event: 4765,893 Executing VM operation: RevokeBias
Event: 4765,893 Executing VM operation: RevokeBias done
Event: 4765,893 Thread 0x00007fbbbc014800 Thread exited: 0x00007fbbbc014800
Event: 4765,893 Thread 0x00007fbbbc015800 Thread exited: 0x00007fbbbc015800
Event: 23421,161 loading class jdk/internal/misc/Signal$1


Dynamic libraries:
85600000-8d200000 rw-p 00000000 00:00 0 
8d200000-100000000 ---p 00000000 00:00 0 
100000000-100600000 rw-p 00000000 00:00 0 
100600000-140000000 ---p 00000000 00:00 0 
560d2b330000-560d2b331000 r-xp 00000000 08:05 1044648                    /usr/lib/jvm/java-11-openjdk-amd64/bin/java
560d2b531000-560d2b532000 r--p 00001000 08:05 1044648                    /usr/lib/jvm/java-11-openjdk-amd64/bin/java
560d2b532000-560d2b533000 rw-p 00002000 08:05 1044648                    /usr/lib/jvm/java-11-openjdk-amd64/bin/java
560d2c18f000-560d2c1d6000 rw-p 00000000 00:00 0                          [heap]
7fbba8000000-7fbba8021000 rw-p 00000000 00:00 0 
7fbba8021000-7fbbac000000 ---p 00000000 00:00 0 
7fbbaf6fd000-7fbbaf701000 ---p 00000000 00:00 0 
7fbbaf701000-7fbbaf7fe000 rw-p 00000000 00:00 0 
7fbbaf7fe000-7fbbaf802000 ---p 00000000 00:00 0 
7fbbaf802000-7fbbaf8ff000 rw-p 00000000 00:00 0 
7fbbaf8ff000-7fbbaf903000 ---p 00000000 00:00 0 
7fbbaf903000-7fbbafb80000 rw-p 00000000 00:00 0 
7fbbafb80000-7fbbafc00000 ---p 00000000 00:00 0 
7fbbafc00000-7fbbafe00000 rw-p 00000000 00:00 0 
7fbbafe00000-7fbbb0000000 rw-p 00000000 00:00 0 
7fbbb0000000-7fbbb0021000 rw-p 00000000 00:00 0 
7fbbb0021000-7fbbb4000000 ---p 00000000 00:00 0 
7fbbb4000000-7fbbb4db8000 rw-p 00000000 00:00 0 
7fbbb4db8000-7fbbb8000000 ---p 00000000 00:00 0 
7fbbb8000000-7fbbb8021000 rw-p 00000000 00:00 0 
7fbbb8021000-7fbbbc000000 ---p 00000000 00:00 0 
7fbbbc000000-7fbbbc021000 rw-p 00000000 00:00 0 
7fbbbc021000-7fbbc0000000 ---p 00000000 00:00 0 
7fbbc0000000-7fbbc0021000 rw-p 00000000 00:00 0 
7fbbc0021000-7fbbc4000000 ---p 00000000 00:00 0 
7fbbc4000000-7fbbc4021000 rw-p 00000000 00:00 0 
7fbbc4021000-7fbbc8000000 ---p 00000000 00:00 0 
7fbbc8000000-7fbbc8021000 rw-p 00000000 00:00 0 
7fbbc8021000-7fbbcc000000 ---p 00000000 00:00 0 
7fbbcc0b1000-7fbbcc2b1000 rw-p 00000000 00:00 0 
7fbbcc2b1000-7fbbcc4b1000 rw-p 00000000 00:00 0 
7fbbcc4b1000-7fbbcc6b1000 rw-p 00000000 00:00 0 
7fbbcc6b1000-7fbbcc6b5000 ---p 00000000 00:00 0 
7fbbcc6b5000-7fbbcc7b2000 rw-p 00000000 00:00 0 
7fbbcc7b2000-7fbbcc7b3000 r-xp 00000000 08:05 1044705                    /usr/lib/jvm/java-11-openjdk-amd64/lib/libextnet.so
7fbbcc7b3000-7fbbcc9b2000 ---p 00001000 08:05 1044705                    /usr/lib/jvm/java-11-openjdk-amd64/lib/libextnet.so
7fbbcc9b2000-7fbbcc9b3000 r--p 00000000 08:05 1044705                    /usr/lib/jvm/java-11-openjdk-amd64/lib/libextnet.so
7fbbcc9b3000-7fbbcc9b4000 rw-p 00001000 08:05 1044705                    /usr/lib/jvm/java-11-openjdk-amd64/lib/libextnet.so
7fbbcc9b4000-7fbbccbb4000 rw-p 00000000 00:00 0 
7fbbccbb4000-7fbbccdb4000 rw-p 00000000 00:00 0 
7fbbccdb4000-7fbbccfb4000 rw-p 00000000 00:00 0 
7fbbccfe9000-7fbbcd1e9000 rw-p 00000000 00:00 0 
7fbbcd1e9000-7fbbcd3e9000 rw-p 00000000 00:00 0 
7fbbcd3e9000-7fbbcd5e9000 rw-p 00000000 00:00 0 
7fbbcd5e9000-7fbbcd7e9000 rw-p 00000000 00:00 0 
7fbbcd7e9000-7fbbcd9e9000 rw-p 00000000 00:00 0 
7fbbcd9e9000-7fbbcd9ed000 ---p 00000000 00:00 0 
7fbbcd9ed000-7fbbcdaea000 rw-p 00000000 00:00 0 
7fbbcdaea000-7fbbcdaee000 ---p 00000000 00:00 0 
7fbbcdaee000-7fbbcddeb000 rw-p 00000000 00:00 0 
7fbbcddeb000-7fbbcddef000 ---p 00000000 00:00 0 
7fbbcddef000-7fbbcdeec000 rw-p 00000000 00:00 0 
7fbbcdeec000-7fbbcdef0000 ---p 00000000 00:00 0 
7fbbcdef0000-7fbbce1ed000 rw-p 00000000 00:00 0 
7fbbce1ed000-7fbbce3ed000 rw-p 00000000 00:00 0 
7fbbce3ed000-7fbbce3f2000 r-xp 00000000 08:05 271942                     /usr/lib/x86_64-linux-gnu/libXfixes.so.3.1.0
7fbbce3f2000-7fbbce5f1000 ---p 00005000 08:05 271942                     /usr/lib/x86_64-linux-gnu/libXfixes.so.3.1.0
7fbbce5f1000-7fbbce5f2000 r--p 00004000 08:05 271942                     /usr/lib/x86_64-linux-gnu/libXfixes.so.3.1.0
7fbbce5f2000-7fbbce5f3000 rw-p 00005000 08:05 271942                     /usr/lib/x86_64-linux-gnu/libXfixes.so.3.1.0
7fbbce5f3000-7fbbce5fc000 r-xp 00000000 08:05 271934                     /usr/lib/x86_64-linux-gnu/libXcursor.so.1.0.2
7fbbce5fc000-7fbbce7fb000 ---p 00009000 08:05 271934                     /usr/lib/x86_64-linux-gnu/libXcursor.so.1.0.2
7fbbce7fb000-7fbbce7fc000 r--p 00008000 08:05 271934                     /usr/lib/x86_64-linux-gnu/libXcursor.so.1.0.2
7fbbce7fc000-7fbbce7fd000 rw-p 00009000 08:05 271934                     /usr/lib/x86_64-linux-gnu/libXcursor.so.1.0.2
7fbbce7fd000-7fbbce7fe000 ---p 00000000 00:00 0 
7fbbce7fe000-7fbbceffe000 rw-p 00000000 00:00 0 
7fbbceffe000-7fbbcefff000 ---p 00000000 00:00 0 
7fbbcefff000-7fbbcf7ff000 rw-p 00000000 00:00 0 
7fbbcf7ff000-7fbbcf800000 ---p 00000000 00:00 0 
7fbbcf800000-7fbbd0000000 rw-p 00000000 00:00 0 
7fbbd0000000-7fbbd0021000 rw-p 00000000 00:00 0 
7fbbd0021000-7fbbd4000000 ---p 00000000 00:00 0 
7fbbd4006000-7fbbd400a000 r--s 00000000 08:05 1206704                    /var/cache/fontconfig/6aa41aa22e18b8fa06a12da28ea9c28b-le64.cache-7
7fbbd400a000-7fbbd4015000 r--s 00000000 08:05 1192451                    /var/cache/fontconfig/945677eb7aeaf62f1d50efc3fb3ec7d8-le64.cache-7
7fbbd4015000-7fbbd401a000 r--s 00000000 08:05 1192422                    /var/cache/fontconfig/2300eef321c393bfd76478a5c0e95b23-le64.cache-7
7fbbd401a000-7fbbd401b000 r--s 00000000 08:05 1192415                    /var/cache/fontconfig/0d8c3b2ac0904cb8a57a757ad11a4a08-le64.cache-7
7fbbd401b000-7fbbd4030000 r--s 00000000 08:05 1192411                    /var/cache/fontconfig/04aabc0a78ac019cf9454389977116d2-le64.cache-7
7fbbd4030000-7fbbd4031000 r--s 00000000 08:05 1192419                    /var/cache/fontconfig/1ac9eb803944fde146138c791f5cc56a-le64.cache-7
7fbbd4031000-7fbbd4032000 r--s 00000000 08:05 1192470                    /var/cache/fontconfig/dc05db6664285cc2f12bf69c139ae4c3-le64.cache-7
7fbbd4032000-7fbbd4034000 r--s 00000000 08:05 1192416                    /var/cache/fontconfig/14a5e22175779b556eaa434240950366-le64.cache-7
7fbbd4034000-7fbbd4035000 r--s 00000000 08:05 1192443                    /var/cache/fontconfig/660208299946a285a940457d1287da33-le64.cache-7
7fbbd4035000-7fbbd4036000 r--s 00000000 08:05 1206489                    /var/cache/fontconfig/5d1cca7074f29429a8d18692746c2426-le64.cache-7
7fbbd4036000-7fbbd4038000 r--s 00000000 08:05 1192434                    /var/cache/fontconfig/4f3e3037c9980c83b53a9351efadef62-le64.cache-7
7fbbd4038000-7fbbd403a000 r--s 00000000 08:05 1192448                    /var/cache/fontconfig/767a8244fc0220cfb567a839d0392e0b-le64.cache-7
7fbbd403a000-7fbbd403b000 r--s 00000000 08:05 1176178                    /var/cache/fontconfig/4794a0821666d79190d59a36cb4f44b5-le64.cache-7
7fbbd403b000-7fbbd403d000 r--s 00000000 08:05 1176008                    /var/cache/fontconfig/0bd3dc0958fa2205aaaa8ebb13e2872b-le64.cache-7
7fbbd403d000-7fbbd4042000 r--s 00000000 08:05 1192471                    /var/cache/fontconfig/def309198bfa603429122923fa2bb2d4-le64.cache-7
7fbbd4042000-7fbbd4043000 r--s 00000000 08:05 1192459                    /var/cache/fontconfig/b872e6e592da6075ffa4ab0a1fcc0c75-le64.cache-7
7fbbd4043000-7fbbd4044000 r--s 00000000 08:05 1192476                    /var/cache/fontconfig/f6d4eedfaab2589bde49f7a3ff831d22-le64.cache-7
7fbbd4044000-7fbbd4045000 r--s 00000000 08:05 1192441                    /var/cache/fontconfig/589f83ef4c36d296ce6e1c846f468f08-le64.cache-7
7fbbd4045000-7fbbd4046000 r--s 00000000 08:05 1192461                    /var/cache/fontconfig/bab58bb527bb656aaa9f116d68a48d89-le64.cache-7
7fbbd4046000-7fbbd4047000 r--s 00000000 08:05 1192420                    /var/cache/fontconfig/2171a34dccabdb6bcbbc728186263178-le64.cache-7
7fbbd4047000-7fbbd4048000 r--s 00000000 08:05 1192462                    /var/cache/fontconfig/c5c45a61289222e0d30b1a26ef4effbe-le64.cache-7
7fbbd4048000-7fbbd4049000 r--s 00000000 08:05 1192457                    /var/cache/fontconfig/aec30016f93e1b46d1a973dce0d74068-le64.cache-7
7fbbd4049000-7fbbd404a000 r--s 00000000 08:05 1192427                    /var/cache/fontconfig/3f589640d34b7dc9042c8d453f7c8b9c-le64.cache-7
7fbbd404a000-7fbbd404b000 r--s 00000000 08:05 1192417                    /var/cache/fontconfig/16c2fda60d1b4b719f4b3d06fd951d25-le64.cache-7
7fbbd404b000-7fbbd404c000 r--s 00000000 08:05 1192456                    /var/cache/fontconfig/a48eab177a16e4f3713381162db2f3e9-le64.cache-7
7fbbd404c000-7fbbd404d000 r--s 00000000 08:05 1192437                    /var/cache/fontconfig/564b2e68ac9bc4e36a6f7f6d6125ec1c-le64.cache-7
7fbbd404d000-7fbbd4052000 r--s 00000000 08:05 1188065                    /var/cache/fontconfig/9d2451b1fd30e5bffe8383fd27c35478-le64.cache-7
7fbbd4052000-7fbbd4058000 r--s 00000000 08:05 1188064                    /var/cache/fontconfig/3047814df9a2f067bd2d96a2b9c36e5a-le64.cache-7
7fbbd4058000-7fbbd4060000 r--s 00000000 08:05 1206702                    /var/cache/fontconfig/bf3b770c553c462765856025a94f1ce6-le64.cache-7
7fbbd4060000-7fbbd4061000 r--s 00000000 08:05 1192438                    /var/cache/fontconfig/56cf4f4769d0f4abc89a4895d7bd3ae1-le64.cache-7
7fbbd4061000-7fbbd4062000 r--s 00000000 08:05 1192460                    /var/cache/fontconfig/b9d506c9ac06c20b433354fa67a72993-le64.cache-7
7fbbd4062000-7fbbd4075000 r--s 00000000 08:05 1192467                    /var/cache/fontconfig/d52a8644073d54c13679302ca1180695-le64.cache-7
7fbbd4075000-7fbbd4079000 ---p 00000000 00:00 0 
7fbbd4079000-7fbbd4176000 rw-p 00000000 00:00 0 
7fbbd4176000-7fbbd4182000 r-xp 00000000 08:05 396751                     /usr/lib/x86_64-linux-gnu/gio/modules/libdconfsettings.so
7fbbd4182000-7fbbd4381000 ---p 0000c000 08:05 396751                     /usr/lib/x86_64-linux-gnu/gio/modules/libdconfsettings.so
7fbbd4381000-7fbbd4382000 r--p 0000b000 08:05 396751                     /usr/lib/x86_64-linux-gnu/gio/modules/libdconfsettings.so
7fbbd4382000-7fbbd4383000 rw-p 0000c000 08:05 396751                     /usr/lib/x86_64-linux-gnu/gio/modules/libdconfsettings.so
7fbbd4383000-7fbbd4389000 r-xp 00000000 08:05 920010                     /lib/x86_64-linux-gnu/libuuid.so.1.3.0
7fbbd4389000-7fbbd4588000 ---p 00006000 08:05 920010                     /lib/x86_64-linux-gnu/libuuid.so.1.3.0
7fbbd4588000-7fbbd4589000 r--p 00005000 08:05 920010                     /lib/x86_64-linux-gnu/libuuid.so.1.3.0
7fbbd4589000-7fbbd458a000 rw-p 00006000 08:05 920010                     /lib/x86_64-linux-gnu/libuuid.so.1.3.0
7fbbd458a000-7fbbd45d1000 r-xp 00000000 08:05 919820                     /lib/x86_64-linux-gnu/libblkid.so.1.1.0
7fbbd45d1000-7fbbd47d1000 ---p 00047000 08:05 919820                     /lib/x86_64-linux-gnu/libblkid.so.1.1.0
7fbbd47d1000-7fbbd47d5000 r--p 00047000 08:05 919820                     /lib/x86_64-linux-gnu/libblkid.so.1.1.0
7fbbd47d5000-7fbbd47d6000 rw-p 0004b000 08:05 919820                     /lib/x86_64-linux-gnu/libblkid.so.1.1.0
7fbbd47d6000-7fbbd47d7000 rw-p 00000000 00:00 0 
7fbbd47d7000-7fbbd4847000 r-xp 00000000 08:05 919775                     /lib/x86_64-linux-gnu/libpcre.so.3.13.3
7fbbd4847000-7fbbd4a47000 ---p 00070000 08:05 919775                     /lib/x86_64-linux-gnu/libpcre.so.3.13.3
7fbbd4a47000-7fbbd4a48000 r--p 00070000 08:05 919775                     /lib/x86_64-linux-gnu/libpcre.so.3.13.3
7fbbd4a48000-7fbbd4a49000 rw-p 00071000 08:05 919775                     /lib/x86_64-linux-gnu/libpcre.so.3.13.3
7fbbd4a49000-7fbbd4a50000 r-xp 00000000 08:05 272269                     /usr/lib/x86_64-linux-gnu/libffi.so.6.0.4
7fbbd4a50000-7fbbd4c4f000 ---p 00007000 08:05 272269                     /usr/lib/x86_64-linux-gnu/libffi.so.6.0.4
7fbbd4c4f000-7fbbd4c50000 r--p 00006000 08:05 272269                     /usr/lib/x86_64-linux-gnu/libffi.so.6.0.4
7fbbd4c50000-7fbbd4c51000 rw-p 00007000 08:05 272269                     /usr/lib/x86_64-linux-gnu/libffi.so.6.0.4
7fbbd4c51000-7fbbd4ca2000 r-xp 00000000 08:05 919686                     /lib/x86_64-linux-gnu/libmount.so.1.1.0
7fbbd4ca2000-7fbbd4ea1000 ---p 00051000 08:05 919686                     /lib/x86_64-linux-gnu/libmount.so.1.1.0
7fbbd4ea1000-7fbbd4ea3000 r--p 00050000 08:05 919686                     /lib/x86_64-linux-gnu/libmount.so.1.1.0
7fbbd4ea3000-7fbbd4ea4000 rw-p 00052000 08:05 919686                     /lib/x86_64-linux-gnu/libmount.so.1.1.0
7fbbd4ea4000-7fbbd4ea5000 rw-p 00000000 00:00 0 
7fbbd4ea5000-7fbbd4ebc000 r-xp 00000000 08:05 919792                     /lib/x86_64-linux-gnu/libresolv-2.27.so
7fbbd4ebc000-7fbbd50bc000 ---p 00017000 08:05 919792                     /lib/x86_64-linux-gnu/libresolv-2.27.so
7fbbd50bc000-7fbbd50bd000 r--p 00017000 08:05 919792                     /lib/x86_64-linux-gnu/libresolv-2.27.so
7fbbd50bd000-7fbbd50be000 rw-p 00018000 08:05 919792                     /lib/x86_64-linux-gnu/libresolv-2.27.so
7fbbd50be000-7fbbd50c0000 rw-p 00000000 00:00 0 
7fbbd50c0000-7fbbd50e5000 r-xp 00000000 08:05 919798                     /lib/x86_64-linux-gnu/libselinux.so.1
7fbbd50e5000-7fbbd52e4000 ---p 00025000 08:05 919798                     /lib/x86_64-linux-gnu/libselinux.so.1
7fbbd52e4000-7fbbd52e5000 r--p 00024000 08:05 919798                     /lib/x86_64-linux-gnu/libselinux.so.1
7fbbd52e5000-7fbbd52e6000 rw-p 00025000 08:05 919798                     /lib/x86_64-linux-gnu/libselinux.so.1
7fbbd52e6000-7fbbd52e8000 rw-p 00000000 00:00 0 
7fbbd52e8000-7fbbd53fb000 r-xp 00000000 08:05 262951                     /usr/lib/x86_64-linux-gnu/libglib-2.0.so.0.5600.3
7fbbd53fb000-7fbbd55fb000 ---p 00113000 08:05 262951                     /usr/lib/x86_64-linux-gnu/libglib-2.0.so.0.5600.3
7fbbd55fb000-7fbbd55fc000 r--p 00113000 08:05 262951                     /usr/lib/x86_64-linux-gnu/libglib-2.0.so.0.5600.3
7fbbd55fc000-7fbbd55fd000 rw-p 00114000 08:05 262951                     /usr/lib/x86_64-linux-gnu/libglib-2.0.so.0.5600.3
7fbbd55fd000-7fbbd55fe000 rw-p 00000000 00:00 0 
7fbbd55fe000-7fbbd5601000 r-xp 00000000 08:05 268079                     /usr/lib/x86_64-linux-gnu/libgmodule-2.0.so.0.5600.3
7fbbd5601000-7fbbd5800000 ---p 00003000 08:05 268079                     /usr/lib/x86_64-linux-gnu/libgmodule-2.0.so.0.5600.3
7fbbd5800000-7fbbd5801000 r--p 00002000 08:05 268079                     /usr/lib/x86_64-linux-gnu/libgmodule-2.0.so.0.5600.3
7fbbd5801000-7fbbd5802000 rw-p 00003000 08:05 268079                     /usr/lib/x86_64-linux-gnu/libgmodule-2.0.so.0.5600.3
7fbbd5802000-7fbbd5854000 r-xp 00000000 08:05 270586                     /usr/lib/x86_64-linux-gnu/libgobject-2.0.so.0.5600.3
7fbbd5854000-7fbbd5a54000 ---p 00052000 08:05 270586                     /usr/lib/x86_64-linux-gnu/libgobject-2.0.so.0.5600.3
7fbbd5a54000-7fbbd5a55000 r--p 00052000 08:05 270586                     /usr/lib/x86_64-linux-gnu/libgobject-2.0.so.0.5600.3
7fbbd5a55000-7fbbd5a56000 rw-p 00053000 08:05 270586                     /usr/lib/x86_64-linux-gnu/libgobject-2.0.so.0.5600.3
7fbbd5a56000-7fbbd5beb000 r-xp 00000000 08:05 262552                     /usr/lib/x86_64-linux-gnu/libgio-2.0.so.0.5600.3
7fbbd5beb000-7fbbd5deb000 ---p 00195000 08:05 262552                     /usr/lib/x86_64-linux-gnu/libgio-2.0.so.0.5600.3
7fbbd5deb000-7fbbd5df2000 r--p 00195000 08:05 262552                     /usr/lib/x86_64-linux-gnu/libgio-2.0.so.0.5600.3
7fbbd5df2000-7fbbd5df3000 rw-p 0019c000 08:05 262552                     /usr/lib/x86_64-linux-gnu/libgio-2.0.so.0.5600.3
7fbbd5df3000-7fbbd5df5000 rw-p 00000000 00:00 0 
7fbbd5df5000-7fbbd5dff000 r-xp 00000000 08:05 271958                     /usr/lib/x86_64-linux-gnu/libXrandr.so.2.2.0
7fbbd5dff000-7fbbd5ffe000 ---p 0000a000 08:05 271958                     /usr/lib/x86_64-linux-gnu/libXrandr.so.2.2.0
7fbbd5ffe000-7fbbd5fff000 r--p 00009000 08:05 271958                     /usr/lib/x86_64-linux-gnu/libXrandr.so.2.2.0
7fbbd5fff000-7fbbd6000000 rw-p 0000a000 08:05 271958                     /usr/lib/x86_64-linux-gnu/libXrandr.so.2.2.0
7fbbd6000000-7fbbd6200000 rw-p 00000000 00:00 0 
7fbbd6200000-7fbbd6231000 r-xp 00000000 08:05 272791                     /usr/lib/x86_64-linux-gnu/libpng16.so.16.34.0
7fbbd6231000-7fbbd6430000 ---p 00031000 08:05 272791                     /usr/lib/x86_64-linux-gnu/libpng16.so.16.34.0
7fbbd6430000-7fbbd6431000 r--p 00030000 08:05 272791                     /usr/lib/x86_64-linux-gnu/libpng16.so.16.34.0
7fbbd6431000-7fbbd6432000 rw-p 00031000 08:05 272791                     /usr/lib/x86_64-linux-gnu/libpng16.so.16.34.0
7fbbd6432000-7fbbd64df000 r-xp 00000000 08:05 272301                     /usr/lib/x86_64-linux-gnu/libfreetype.so.6.15.0
7fbbd64df000-7fbbd66de000 ---p 000ad000 08:05 272301                     /usr/lib/x86_64-linux-gnu/libfreetype.so.6.15.0
7fbbd66de000-7fbbd66e5000 r--p 000ac000 08:05 272301                     /usr/lib/x86_64-linux-gnu/libfreetype.so.6.15.0
7fbbd66e5000-7fbbd66e6000 rw-p 000b3000 08:05 272301                     /usr/lib/x86_64-linux-gnu/libfreetype.so.6.15.0
7fbbd66e6000-7fbbd677b000 r-xp 00000000 08:05 1044706                    /usr/lib/jvm/java-11-openjdk-amd64/lib/libfontmanager.so
7fbbd677b000-7fbbd697b000 ---p 00095000 08:05 1044706                    /usr/lib/jvm/java-11-openjdk-amd64/lib/libfontmanager.so
7fbbd697b000-7fbbd697c000 r--p 00095000 08:05 1044706                    /usr/lib/jvm/java-11-openjdk-amd64/lib/libfontmanager.so
7fbbd697c000-7fbbd697d000 rw-p 00096000 08:05 1044706                    /usr/lib/jvm/java-11-openjdk-amd64/lib/libfontmanager.so
7fbbd697d000-7fbbd697e000 rw-p 00000000 00:00 0 
7fbbd697e000-7fbbd6991000 r-xp 00000000 08:05 919649                     /lib/x86_64-linux-gnu/libbsd.so.0.8.7
7fbbd6991000-7fbbd6b90000 ---p 00013000 08:05 919649                     /lib/x86_64-linux-gnu/libbsd.so.0.8.7
7fbbd6b90000-7fbbd6b91000 r--p 00012000 08:05 919649                     /lib/x86_64-linux-gnu/libbsd.so.0.8.7
7fbbd6b91000-7fbbd6b92000 rw-p 00013000 08:05 919649                     /lib/x86_64-linux-gnu/libbsd.so.0.8.7
7fbbd6b92000-7fbbd6b93000 rw-p 00000000 00:00 0 
7fbbd6b93000-7fbbd6b98000 r-xp 00000000 08:05 271938                     /usr/lib/x86_64-linux-gnu/libXdmcp.so.6.0.0
7fbbd6b98000-7fbbd6d97000 ---p 00005000 08:05 271938                     /usr/lib/x86_64-linux-gnu/libXdmcp.so.6.0.0
7fbbd6d97000-7fbbd6d98000 r--p 00004000 08:05 271938                     /usr/lib/x86_64-linux-gnu/libXdmcp.so.6.0.0
7fbbd6d98000-7fbbd6d99000 rw-p 00005000 08:05 271938                     /usr/lib/x86_64-linux-gnu/libXdmcp.so.6.0.0
7fbbd6d99000-7fbbd6d9b000 r-xp 00000000 08:05 271927                     /usr/lib/x86_64-linux-gnu/libXau.so.6.0.0
7fbbd6d9b000-7fbbd6f9b000 ---p 00002000 08:05 271927                     /usr/lib/x86_64-linux-gnu/libXau.so.6.0.0
7fbbd6f9b000-7fbbd6f9c000 r--p 00002000 08:05 271927                     /usr/lib/x86_64-linux-gnu/libXau.so.6.0.0
7fbbd6f9c000-7fbbd6f9d000 rw-p 00003000 08:05 271927                     /usr/lib/x86_64-linux-gnu/libXau.so.6.0.0
7fbbd6f9d000-7fbbd6fc3000 r-xp 00000000 08:05 273131                     /usr/lib/x86_64-linux-gnu/libxcb.so.1.1.0
7fbbd6fc3000-7fbbd71c3000 ---p 00026000 08:05 273131                     /usr/lib/x86_64-linux-gnu/libxcb.so.1.1.0
7fbbd71c3000-7fbbd71c4000 r--p 00026000 08:05 273131                     /usr/lib/x86_64-linux-gnu/libxcb.so.1.1.0
7fbbd71c4000-7fbbd71c5000 rw-p 00027000 08:05 273131                     /usr/lib/x86_64-linux-gnu/libxcb.so.1.1.0
7fbbd71c5000-7fbbd71d4000 r-xp 00000000 08:05 271948                     /usr/lib/x86_64-linux-gnu/libXi.so.6.1.0
7fbbd71d4000-7fbbd73d3000 ---p 0000f000 08:05 271948                     /usr/lib/x86_64-linux-gnu/libXi.so.6.1.0
7fbbd73d3000-7fbbd73d4000 r--p 0000e000 08:05 271948                     /usr/lib/x86_64-linux-gnu/libXi.so.6.1.0
7fbbd73d4000-7fbbd73d5000 rw-p 0000f000 08:05 271948                     /usr/lib/x86_64-linux-gnu/libXi.so.6.1.0
7fbbd73d5000-7fbbd73da000 r-xp 00000000 08:05 271966                     /usr/lib/x86_64-linux-gnu/libXtst.so.6.1.0
7fbbd73da000-7fbbd75d9000 ---p 00005000 08:05 271966                     /usr/lib/x86_64-linux-gnu/libXtst.so.6.1.0
7fbbd75d9000-7fbbd75da000 r--p 00004000 08:05 271966                     /usr/lib/x86_64-linux-gnu/libXtst.so.6.1.0
7fbbd75da000-7fbbd75db000 rw-p 00005000 08:05 271966                     /usr/lib/x86_64-linux-gnu/libXtst.so.6.1.0
7fbbd75db000-7fbbd75e4000 r-xp 00000000 08:05 271960                     /usr/lib/x86_64-linux-gnu/libXrender.so.1.3.0
7fbbd75e4000-7fbbd77e3000 ---p 00009000 08:05 271960                     /usr/lib/x86_64-linux-gnu/libXrender.so.1.3.0
7fbbd77e3000-7fbbd77e4000 r--p 00008000 08:05 271960                     /usr/lib/x86_64-linux-gnu/libXrender.so.1.3.0
7fbbd77e4000-7fbbd77e5000 rw-p 00009000 08:05 271960                     /usr/lib/x86_64-linux-gnu/libXrender.so.1.3.0
7fbbd77e5000-7fbbd7918000 r-xp 00000000 08:05 263759                     /usr/lib/x86_64-linux-gnu/libX11.so.6.3.0
7fbbd7918000-7fbbd7b18000 ---p 00133000 08:05 263759                     /usr/lib/x86_64-linux-gnu/libX11.so.6.3.0
7fbbd7b18000-7fbbd7b19000 r--p 00133000 08:05 263759                     /usr/lib/x86_64-linux-gnu/libX11.so.6.3.0
7fbbd7b19000-7fbbd7b1d000 rw-p 00134000 08:05 263759                     /usr/lib/x86_64-linux-gnu/libX11.so.6.3.0
7fbbd7b1d000-7fbbd7b2e000 r-xp 00000000 08:05 271940                     /usr/lib/x86_64-linux-gnu/libXext.so.6.4.0
7fbbd7b2e000-7fbbd7d2d000 ---p 00011000 08:05 271940                     /usr/lib/x86_64-linux-gnu/libXext.so.6.4.0
7fbbd7d2d000-7fbbd7d2e000 r--p 00010000 08:05 271940                     /usr/lib/x86_64-linux-gnu/libXext.so.6.4.0
7fbbd7d2e000-7fbbd7d2f000 rw-p 00011000 08:05 271940                     /usr/lib/x86_64-linux-gnu/libXext.so.6.4.0
7fbbd7d2f000-7fbbd7dcf000 r-xp 00000000 08:05 1044701                    /usr/lib/jvm/java-11-openjdk-amd64/lib/libawt.so
7fbbd7dcf000-7fbbd7fcf000 ---p 000a0000 08:05 1044701                    /usr/lib/jvm/java-11-openjdk-amd64/lib/libawt.so
7fbbd7fcf000-7fbbd7fd0000 r--p 000a0000 08:05 1044701                    /usr/lib/jvm/java-11-openjdk-amd64/lib/libawt.so
7fbbd7fd0000-7fbbd7fdb000 rw-p 000a1000 08:05 1044701                    /usr/lib/jvm/java-11-openjdk-amd64/lib/libawt.so
7fbbd7fdb000-7fbbd8000000 rw-p 00000000 00:00 0 
7fbbd8000000-7fbbd8021000 rw-p 00000000 00:00 0 
7fbbd8021000-7fbbdc000000 ---p 00000000 00:00 0 
7fbbdc000000-7fbbdc021000 rw-p 00000000 00:00 0 
7fbbdc021000-7fbbe0000000 ---p 00000000 00:00 0 
7fbbe0000000-7fbbe0987000 rw-p 00000000 00:00 0 
7fbbe0987000-7fbbe4000000 ---p 00000000 00:00 0 
7fbbe4000000-7fbbe4021000 rw-p 00000000 00:00 0 
7fbbe4021000-7fbbe8000000 ---p 00000000 00:00 0 
7fbbe8000000-7fbbe8fde000 rw-p 00000000 00:00 0 
7fbbe8fde000-7fbbec000000 ---p 00000000 00:00 0 
7fbbec000000-7fbbed949000 rw-p 00000000 00:00 0 
7fbbed949000-7fbbf0000000 ---p 00000000 00:00 0 
7fbbf0000000-7fbbf0021000 rw-p 00000000 00:00 0 
7fbbf0021000-7fbbf4000000 ---p 00000000 00:00 0 
7fbbf4000000-7fbbf4021000 rw-p 00000000 00:00 0 
7fbbf4021000-7fbbf8000000 ---p 00000000 00:00 0 
7fbbf8000000-7fbbf80af000 rw-p 00000000 00:00 0 
7fbbf80af000-7fbbfc000000 ---p 00000000 00:00 0 
7fbbfc000000-7fbbfc021000 rw-p 00000000 00:00 0 
7fbbfc021000-7fbc00000000 ---p 00000000 00:00 0 
7fbc00000000-7fbc00021000 rw-p 00000000 00:00 0 
7fbc00021000-7fbc04000000 ---p 00000000 00:00 0 
7fbc04000000-7fbc04021000 rw-p 00000000 00:00 0 
7fbc04021000-7fbc08000000 ---p 00000000 00:00 0 
7fbc08000000-7fbc08021000 rw-p 00000000 00:00 0 
7fbc08021000-7fbc0c000000 ---p 00000000 00:00 0 
7fbc0c000000-7fbc0c021000 rw-p 00000000 00:00 0 
7fbc0c021000-7fbc10000000 ---p 00000000 00:00 0 
7fbc10000000-7fbc10021000 rw-p 00000000 00:00 0 
7fbc10021000-7fbc14000000 ---p 00000000 00:00 0 
7fbc14000000-7fbc14021000 rw-p 00000000 00:00 0 
7fbc14021000-7fbc18000000 ---p 00000000 00:00 0 
7fbc18000000-7fbc18021000 rw-p 00000000 00:00 0 
7fbc18021000-7fbc1c000000 ---p 00000000 00:00 0 
7fbc1c000000-7fbc1c021000 rw-p 00000000 00:00 0 
7fbc1c021000-7fbc20000000 ---p 00000000 00:00 0 
7fbc20000000-7fbc20006000 r--s 00000000 08:05 1192458                    /var/cache/fontconfig/b47c4e1ecd0709278f4910c18777a504-le64.cache-7
7fbc20006000-7fbc20007000 r--s 00000000 08:05 1192425                    /var/cache/fontconfig/370e5b74bf5dafc30834de68e24a87a4-le64.cache-7
7fbc20007000-7fbc20008000 r--s 00000000 08:05 1192446                    /var/cache/fontconfig/6b2c5944714ca7831b25bed9e85cb5c8-le64.cache-7
7fbc20008000-7fbc20009000 r--s 00000000 08:05 1192466                    /var/cache/fontconfig/d5178ab6d91b49bf20a416737dcea9e8-le64.cache-7
7fbc20009000-7fbc2000a000 r--s 00000000 08:05 1192436                    /var/cache/fontconfig/551ecf3b0e8b0bca0f25c0944f561853-le64.cache-7
7fbc2000a000-7fbc2000d000 r--s 00000000 08:05 1192475                    /var/cache/fontconfig/f259c2cffa685e28062317905db73c4a-le64.cache-7
7fbc2000d000-7fbc2000f000 r--s 00000000 08:05 1192435                    /var/cache/fontconfig/550f3886151c940c12a5ed35f6a00586-le64.cache-7
7fbc2000f000-7fbc20012000 r--s 00000000 08:05 1192444                    /var/cache/fontconfig/674d1711f2d1d2a09646eb0bdcadee49-le64.cache-7
7fbc20012000-7fbc2001e000 r--s 00000000 08:05 1199994                    /var/cache/fontconfig/d589a48862398ed80a3d6066f4f56f4c-le64.cache-7
7fbc2001e000-7fbc20036000 r--s 00000000 08:05 1192469                    /var/cache/fontconfig/e13b20fdb08344e0e664864cc2ede53d-le64.cache-7
7fbc20036000-7fbc20057000 r--s 00000000 08:05 1206694                    /var/cache/fontconfig/467c019e582ee353435ea5c21d137ef6-le64.cache-7
7fbc20057000-7fbc2005b000 ---p 00000000 00:00 0 
7fbc2005b000-7fbc22348000 rw-p 00000000 00:00 0 
7fbc22348000-7fbc24000000 ---p 00000000 00:00 0 
7fbc24000000-7fbc24021000 rw-p 00000000 00:00 0 
7fbc24021000-7fbc28000000 ---p 00000000 00:00 0 
7fbc28000000-7fbc28021000 rw-p 00000000 00:00 0 
7fbc28021000-7fbc2c000000 ---p 00000000 00:00 0 
7fbc2c000000-7fbc2c021000 rw-p 00000000 00:00 0 
7fbc2c021000-7fbc30000000 ---p 00000000 00:00 0 
7fbc30000000-7fbc30001000 r--s 00000000 08:05 1192428                    /var/cache/fontconfig/3f7329c5293ffd510edef78f73874cfd-le64.cache-7
7fbc30001000-7fbc30002000 r--s 00000000 08:05 1206478                    /var/cache/fontconfig/e7de81b01590fb7e12b38e274e17d0db-le64.cache-7
7fbc30002000-7fbc30003000 r--s 00000000 08:05 1192414                    /var/cache/fontconfig/0c9eb80ebd1c36541ebe2852d3bb0c49-le64.cache-7
7fbc30003000-7fbc30004000 r--s 00000000 08:05 1192421                    /var/cache/fontconfig/22368d551a680bfe5a62c02760edf4ea-le64.cache-7
7fbc30004000-7fbc30012000 r--s 00000000 08:05 1192453                    /var/cache/fontconfig/9b89f8e3dae116d678bbf48e5f21f69b-le64.cache-7
7fbc30012000-7fbc30042000 r--p 00000000 08:05 526415                     /usr/share/glib-2.0/schemas/gschemas.compiled
7fbc30042000-7fbc300a1000 r-xp 00000000 08:05 1044703                    /usr/lib/jvm/java-11-openjdk-amd64/lib/libawt_xawt.so
7fbc300a1000-7fbc302a0000 ---p 0005f000 08:05 1044703                    /usr/lib/jvm/java-11-openjdk-amd64/lib/libawt_xawt.so
7fbc302a0000-7fbc302a1000 r--p 0005e000 08:05 1044703                    /usr/lib/jvm/java-11-openjdk-amd64/lib/libawt_xawt.so
7fbc302a1000-7fbc302a4000 rw-p 0005f000 08:05 1044703                    /usr/lib/jvm/java-11-openjdk-amd64/lib/libawt_xawt.so
7fbc302a4000-7fbc302a6000 rw-p 00000000 00:00 0 
7fbc302a6000-7fbc302bd000 r-xp 00000000 08:05 1044726                    /usr/lib/jvm/java-11-openjdk-amd64/lib/libnet.so
7fbc302bd000-7fbc304bc000 ---p 00017000 08:05 1044726                    /usr/lib/jvm/java-11-openjdk-amd64/lib/libnet.so
7fbc304bc000-7fbc304bd000 r--p 00016000 08:05 1044726                    /usr/lib/jvm/java-11-openjdk-amd64/lib/libnet.so
7fbc304bd000-7fbc304be000 rw-p 00017000 08:05 1044726                    /usr/lib/jvm/java-11-openjdk-amd64/lib/libnet.so
7fbc304be000-7fbc304cf000 r-xp 00000000 08:05 1044727                    /usr/lib/jvm/java-11-openjdk-amd64/lib/libnio.so
7fbc304cf000-7fbc306ce000 ---p 00011000 08:05 1044727                    /usr/lib/jvm/java-11-openjdk-amd64/lib/libnio.so
7fbc306ce000-7fbc306cf000 r--p 00010000 08:05 1044727                    /usr/lib/jvm/java-11-openjdk-amd64/lib/libnio.so
7fbc306cf000-7fbc306d0000 rw-p 00011000 08:05 1044727                    /usr/lib/jvm/java-11-openjdk-amd64/lib/libnio.so
7fbc306d0000-7fbc306d4000 ---p 00000000 00:00 0 
7fbc306d4000-7fbc307d1000 rw-p 00000000 00:00 0 
7fbc307d1000-7fbc307d2000 ---p 00000000 00:00 0 
7fbc307d2000-7fbc308d3000 rw-p 00000000 00:00 0 
7fbc308d3000-7fbc308d7000 ---p 00000000 00:00 0 
7fbc308d7000-7fbc309d4000 rw-p 00000000 00:00 0 
7fbc309d4000-7fbc309d8000 ---p 00000000 00:00 0 
7fbc309d8000-7fbc30ad5000 rw-p 00000000 00:00 0 
7fbc30ad5000-7fbc30ad9000 ---p 00000000 00:00 0 
7fbc30ad9000-7fbc30bd6000 rw-p 00000000 00:00 0 
7fbc30bd6000-7fbc30bda000 ---p 00000000 00:00 0 
7fbc30bda000-7fbc30cd7000 rw-p 00000000 00:00 0 
7fbc30cd7000-7fbc30cdb000 ---p 00000000 00:00 0 
7fbc30cdb000-7fbc30dd8000 rw-p 00000000 00:00 0 
7fbc30dd8000-7fbc30ddc000 ---p 00000000 00:00 0 
7fbc30ddc000-7fbc30ed9000 rw-p 00000000 00:00 0 
7fbc30ed9000-7fbc318a8000 r--p 00000000 08:05 267985                     /usr/lib/locale/locale-archive
7fbc318a8000-7fbc318ac000 ---p 00000000 00:00 0 
7fbc318ac000-7fbc319a9000 rw-p 00000000 00:00 0 
7fbc319a9000-7fbc319ad000 ---p 00000000 00:00 0 
7fbc319ad000-7fbc31aaa000 rw-p 00000000 00:00 0 
7fbc31aaa000-7fbc31aab000 ---p 00000000 00:00 0 
7fbc31aab000-7fbc31e6d000 rw-p 00000000 00:00 0 
7fbc31e6d000-7fbc33b25000 ---p 00000000 00:00 0 
7fbc33b25000-7fbc33d95000 rwxp 00000000 00:00 0 
7fbc33d95000-7fbc340b5000 ---p 00000000 00:00 0 
7fbc340b5000-7fbc34a25000 rwxp 00000000 00:00 0 
7fbc34a25000-7fbc3b5ed000 ---p 00000000 00:00 0 
7fbc3b5ed000-7fbc3b85d000 rwxp 00000000 00:00 0 
7fbc3b85d000-7fbc42b25000 ---p 00000000 00:00 0 
7fbc42b25000-7fbc4c000000 r--s 00000000 08:05 1062053                    /usr/lib/jvm/java-11-openjdk-amd64/lib/modules
7fbc4c000000-7fbc4c527000 rw-p 00000000 00:00 0 
7fbc4c527000-7fbc50000000 ---p 00000000 00:00 0 
7fbc50000000-7fbc50001000 r--s 00000000 08:05 1192433                    /var/cache/fontconfig/4d9c95eba1cb85bbcf2878543262124a-le64.cache-7
7fbc50001000-7fbc50002000 r--s 00000000 08:05 1192450                    /var/cache/fontconfig/85e0a52ce643a7ba2ae53e5d6949cead-le64.cache-7
7fbc50002000-7fbc5000f000 r--s 00000000 08:05 1206697                    /var/cache/fontconfig/8f02d4cb045bd6ce15663e43f347c9f8-le64.cache-7
7fbc5000f000-7fbc50868000 rw-p 00000000 00:00 0 
7fbc50868000-7fbc50869000 ---p 00000000 00:00 0 
7fbc50869000-7fbc5096a000 rw-p 00000000 00:00 0 
7fbc5096a000-7fbc5096b000 ---p 00000000 00:00 0 
7fbc5096b000-7fbc50a6c000 rw-p 00000000 00:00 0 
7fbc50a6c000-7fbc50a6d000 ---p 00000000 00:00 0 
7fbc50a6d000-7fbc50b6e000 rw-p 00000000 00:00 0 
7fbc50b6e000-7fbc50b6f000 ---p 00000000 00:00 0 
7fbc50b6f000-7fbc50c70000 rw-p 00000000 00:00 0 
7fbc50c70000-7fbc50c71000 ---p 00000000 00:00 0 
7fbc50c71000-7fbc51176000 rw-p 00000000 00:00 0 
7fbc51176000-7fbc51177000 ---p 00000000 00:00 0 
7fbc51177000-7fbc51278000 rw-p 00000000 00:00 0 
7fbc51278000-7fbc51279000 ---p 00000000 00:00 0 
7fbc51279000-7fbc513b8000 rw-p 00000000 00:00 0 
7fbc513b8000-7fbc5174f000 ---p 00000000 00:00 0 
7fbc5174f000-7fbc5178d000 rw-p 00000000 00:00 0 
7fbc5178d000-7fbc51b24000 ---p 00000000 00:00 0 
7fbc51b24000-7fbc51b62000 rw-p 00000000 00:00 0 
7fbc51b62000-7fbc51ef9000 ---p 00000000 00:00 0 
7fbc51ef9000-7fbc522fd000 rw-p 00000000 00:00 0 
7fbc522fd000-7fbc522fe000 ---p 00000000 00:00 0 
7fbc522fe000-7fbc523ff000 rw-p 00000000 00:00 0 
7fbc523ff000-7fbc52400000 ---p 00000000 00:00 0 
7fbc52400000-7fbc52501000 rw-p 00000000 00:00 0 
7fbc52501000-7fbc52502000 ---p 00000000 00:00 0 
7fbc52502000-7fbc52603000 rw-p 00000000 00:00 0 
7fbc52603000-7fbc52604000 ---p 00000000 00:00 0 
7fbc52604000-7fbc5270a000 rw-p 00000000 00:00 0 
7fbc5270a000-7fbc527f0000 ---p 00000000 00:00 0 
7fbc527f0000-7fbc52803000 rw-p 00000000 00:00 0 
7fbc52803000-7fbc528db000 ---p 00000000 00:00 0 
7fbc528db000-7fbc528e0000 r-xp 00000000 08:05 1044718                    /usr/lib/jvm/java-11-openjdk-amd64/lib/libjimage.so
7fbc528e0000-7fbc52adf000 ---p 00005000 08:05 1044718                    /usr/lib/jvm/java-11-openjdk-amd64/lib/libjimage.so
7fbc52adf000-7fbc52ae0000 r--p 00004000 08:05 1044718                    /usr/lib/jvm/java-11-openjdk-amd64/lib/libjimage.so
7fbc52ae0000-7fbc52ae1000 rw-p 00005000 08:05 1044718                    /usr/lib/jvm/java-11-openjdk-amd64/lib/libjimage.so
7fbc52ae1000-7fbc52ae8000 r-xp 00000000 08:05 1062049                    /usr/lib/jvm/java-11-openjdk-amd64/lib/libzip.so
7fbc52ae8000-7fbc52ce7000 ---p 00007000 08:05 1062049                    /usr/lib/jvm/java-11-openjdk-amd64/lib/libzip.so
7fbc52ce7000-7fbc52ce8000 r--p 00006000 08:05 1062049                    /usr/lib/jvm/java-11-openjdk-amd64/lib/libzip.so
7fbc52ce8000-7fbc52ce9000 rw-p 00007000 08:05 1062049                    /usr/lib/jvm/java-11-openjdk-amd64/lib/libzip.so
7fbc52ce9000-7fbc52cf4000 r-xp 00000000 08:05 919743                     /lib/x86_64-linux-gnu/libnss_files-2.27.so
7fbc52cf4000-7fbc52ef3000 ---p 0000b000 08:05 919743                     /lib/x86_64-linux-gnu/libnss_files-2.27.so
7fbc52ef3000-7fbc52ef4000 r--p 0000a000 08:05 919743                     /lib/x86_64-linux-gnu/libnss_files-2.27.so
7fbc52ef4000-7fbc52ef5000 rw-p 0000b000 08:05 919743                     /lib/x86_64-linux-gnu/libnss_files-2.27.so
7fbc52ef5000-7fbc52efb000 rw-p 00000000 00:00 0 
7fbc52efb000-7fbc52f12000 r-xp 00000000 08:05 919737                     /lib/x86_64-linux-gnu/libnsl-2.27.so
7fbc52f12000-7fbc53111000 ---p 00017000 08:05 919737                     /lib/x86_64-linux-gnu/libnsl-2.27.so
7fbc53111000-7fbc53112000 r--p 00016000 08:05 919737                     /lib/x86_64-linux-gnu/libnsl-2.27.so
7fbc53112000-7fbc53113000 rw-p 00017000 08:05 919737                     /lib/x86_64-linux-gnu/libnsl-2.27.so
7fbc53113000-7fbc53115000 rw-p 00000000 00:00 0 
7fbc53115000-7fbc53120000 r-xp 00000000 08:05 919754                     /lib/x86_64-linux-gnu/libnss_nis-2.27.so
7fbc53120000-7fbc5331f000 ---p 0000b000 08:05 919754                     /lib/x86_64-linux-gnu/libnss_nis-2.27.so
7fbc5331f000-7fbc53320000 r--p 0000a000 08:05 919754                     /lib/x86_64-linux-gnu/libnss_nis-2.27.so
7fbc53320000-7fbc53321000 rw-p 0000b000 08:05 919754                     /lib/x86_64-linux-gnu/libnss_nis-2.27.so
7fbc53321000-7fbc53329000 r-xp 00000000 08:05 919739                     /lib/x86_64-linux-gnu/libnss_compat-2.27.so
7fbc53329000-7fbc53529000 ---p 00008000 08:05 919739                     /lib/x86_64-linux-gnu/libnss_compat-2.27.so
7fbc53529000-7fbc5352a000 r--p 00008000 08:05 919739                     /lib/x86_64-linux-gnu/libnss_compat-2.27.so
7fbc5352a000-7fbc5352b000 rw-p 00009000 08:05 919739                     /lib/x86_64-linux-gnu/libnss_compat-2.27.so
7fbc5352b000-7fbc53557000 r-xp 00000000 08:05 1044714                    /usr/lib/jvm/java-11-openjdk-amd64/lib/libjava.so
7fbc53557000-7fbc53756000 ---p 0002c000 08:05 1044714                    /usr/lib/jvm/java-11-openjdk-amd64/lib/libjava.so
7fbc53756000-7fbc53757000 r--p 0002b000 08:05 1044714                    /usr/lib/jvm/java-11-openjdk-amd64/lib/libjava.so
7fbc53757000-7fbc53759000 rw-p 0002c000 08:05 1044714                    /usr/lib/jvm/java-11-openjdk-amd64/lib/libjava.so
7fbc53759000-7fbc53766000 r-xp 00000000 08:05 1062045                    /usr/lib/jvm/java-11-openjdk-amd64/lib/libverify.so
7fbc53766000-7fbc53965000 ---p 0000d000 08:05 1062045                    /usr/lib/jvm/java-11-openjdk-amd64/lib/libverify.so
7fbc53965000-7fbc53967000 r--p 0000c000 08:05 1062045                    /usr/lib/jvm/java-11-openjdk-amd64/lib/libverify.so
7fbc53967000-7fbc53968000 rw-p 0000e000 08:05 1062045                    /usr/lib/jvm/java-11-openjdk-amd64/lib/libverify.so
7fbc53968000-7fbc5396f000 r-xp 00000000 08:05 919794                     /lib/x86_64-linux-gnu/librt-2.27.so
7fbc5396f000-7fbc53b6e000 ---p 00007000 08:05 919794                     /lib/x86_64-linux-gnu/librt-2.27.so
7fbc53b6e000-7fbc53b6f000 r--p 00006000 08:05 919794                     /lib/x86_64-linux-gnu/librt-2.27.so
7fbc53b6f000-7fbc53b70000 rw-p 00007000 08:05 919794                     /lib/x86_64-linux-gnu/librt-2.27.so
7fbc53b70000-7fbc53b87000 r-xp 00000000 08:05 913937                     /lib/x86_64-linux-gnu/libgcc_s.so.1
7fbc53b87000-7fbc53d86000 ---p 00017000 08:05 913937                     /lib/x86_64-linux-gnu/libgcc_s.so.1
7fbc53d86000-7fbc53d87000 r--p 00016000 08:05 913937                     /lib/x86_64-linux-gnu/libgcc_s.so.1
7fbc53d87000-7fbc53d88000 rw-p 00017000 08:05 913937                     /lib/x86_64-linux-gnu/libgcc_s.so.1
7fbc53d88000-7fbc53f25000 r-xp 00000000 08:05 919716                     /lib/x86_64-linux-gnu/libm-2.27.so
7fbc53f25000-7fbc54124000 ---p 0019d000 08:05 919716                     /lib/x86_64-linux-gnu/libm-2.27.so
7fbc54124000-7fbc54125000 r--p 0019c000 08:05 919716                     /lib/x86_64-linux-gnu/libm-2.27.so
7fbc54125000-7fbc54126000 rw-p 0019d000 08:05 919716                     /lib/x86_64-linux-gnu/libm-2.27.so
7fbc54126000-7fbc5429f000 r-xp 00000000 08:05 261187                     /usr/lib/x86_64-linux-gnu/libstdc++.so.6.0.25
7fbc5429f000-7fbc5449f000 ---p 00179000 08:05 261187                     /usr/lib/x86_64-linux-gnu/libstdc++.so.6.0.25
7fbc5449f000-7fbc544a9000 r--p 00179000 08:05 261187                     /usr/lib/x86_64-linux-gnu/libstdc++.so.6.0.25
7fbc544a9000-7fbc544ab000 rw-p 00183000 08:05 261187                     /usr/lib/x86_64-linux-gnu/libstdc++.so.6.0.25
7fbc544ab000-7fbc544af000 rw-p 00000000 00:00 0 
7fbc544af000-7fbc5544c000 r-xp 00000000 08:05 1062065                    /usr/lib/jvm/java-11-openjdk-amd64/lib/server/libjvm.so
7fbc5544c000-7fbc5564c000 ---p 00f9d000 08:05 1062065                    /usr/lib/jvm/java-11-openjdk-amd64/lib/server/libjvm.so
7fbc5564c000-7fbc55710000 r--p 00f9d000 08:05 1062065                    /usr/lib/jvm/java-11-openjdk-amd64/lib/server/libjvm.so
7fbc55710000-7fbc55748000 rw-p 01061000 08:05 1062065                    /usr/lib/jvm/java-11-openjdk-amd64/lib/server/libjvm.so
7fbc55748000-7fbc55791000 rw-p 00000000 00:00 0 
7fbc55791000-7fbc557ab000 r-xp 00000000 08:05 919786                     /lib/x86_64-linux-gnu/libpthread-2.27.so
7fbc557ab000-7fbc559aa000 ---p 0001a000 08:05 919786                     /lib/x86_64-linux-gnu/libpthread-2.27.so
7fbc559aa000-7fbc559ab000 r--p 00019000 08:05 919786                     /lib/x86_64-linux-gnu/libpthread-2.27.so
7fbc559ab000-7fbc559ac000 rw-p 0001a000 08:05 919786                     /lib/x86_64-linux-gnu/libpthread-2.27.so
7fbc559ac000-7fbc559b0000 rw-p 00000000 00:00 0 
7fbc559b0000-7fbc559b3000 r-xp 00000000 08:05 919676                     /lib/x86_64-linux-gnu/libdl-2.27.so
7fbc559b3000-7fbc55bb2000 ---p 00003000 08:05 919676                     /lib/x86_64-linux-gnu/libdl-2.27.so
7fbc55bb2000-7fbc55bb3000 r--p 00002000 08:05 919676                     /lib/x86_64-linux-gnu/libdl-2.27.so
7fbc55bb3000-7fbc55bb4000 rw-p 00003000 08:05 919676                     /lib/x86_64-linux-gnu/libdl-2.27.so
7fbc55bb4000-7fbc55bd0000 r-xp 00000000 08:05 919825                     /lib/x86_64-linux-gnu/libz.so.1.2.11
7fbc55bd0000-7fbc55dcf000 ---p 0001c000 08:05 919825                     /lib/x86_64-linux-gnu/libz.so.1.2.11
7fbc55dcf000-7fbc55dd0000 r--p 0001b000 08:05 919825                     /lib/x86_64-linux-gnu/libz.so.1.2.11
7fbc55dd0000-7fbc55dd1000 rw-p 0001c000 08:05 919825                     /lib/x86_64-linux-gnu/libz.so.1.2.11
7fbc55dd1000-7fbc55fb8000 r-xp 00000000 08:05 919653                     /lib/x86_64-linux-gnu/libc-2.27.so
7fbc55fb8000-7fbc561b8000 ---p 001e7000 08:05 919653                     /lib/x86_64-linux-gnu/libc-2.27.so
7fbc561b8000-7fbc561bc000 r--p 001e7000 08:05 919653                     /lib/x86_64-linux-gnu/libc-2.27.so
7fbc561bc000-7fbc561be000 rw-p 001eb000 08:05 919653                     /lib/x86_64-linux-gnu/libc-2.27.so
7fbc561be000-7fbc561c2000 rw-p 00000000 00:00 0 
7fbc561c2000-7fbc561d1000 r-xp 00000000 08:05 1044697                    /usr/lib/jvm/java-11-openjdk-amd64/lib/jli/libjli.so
7fbc561d1000-7fbc563d0000 ---p 0000f000 08:05 1044697                    /usr/lib/jvm/java-11-openjdk-amd64/lib/jli/libjli.so
7fbc563d0000-7fbc563d1000 r--p 0000e000 08:05 1044697                    /usr/lib/jvm/java-11-openjdk-amd64/lib/jli/libjli.so
7fbc563d1000-7fbc563d2000 rw-p 0000f000 08:05 1044697                    /usr/lib/jvm/java-11-openjdk-amd64/lib/jli/libjli.so
7fbc563d2000-7fbc563f9000 r-xp 00000000 08:05 919625                     /lib/x86_64-linux-gnu/ld-2.27.so
7fbc563f9000-7fbc563fa000 r--s 00000000 08:05 1192430                    /var/cache/fontconfig/49f0de54bdd920fe4f0dfd4cbac43e6b-le64.cache-7
7fbc563fa000-7fbc563fb000 r--s 00000000 08:05 1192477                    /var/cache/fontconfig/f6e6e0a5c3d2f6ae0c0c2e0ecd42a997-le64.cache-7
7fbc563fb000-7fbc563fc000 r--s 00000000 08:05 1192431                    /var/cache/fontconfig/4b2eda6bb976bda485cb2176619421d5-le64.cache-7
7fbc563fc000-7fbc563fe000 r--s 00000000 08:05 1192445                    /var/cache/fontconfig/6afa1bb216ce958c1589e297e8008489-le64.cache-7
7fbc563fe000-7fbc56401000 r--s 00000000 08:05 1206699                    /var/cache/fontconfig/16326683038b281783a0ef8c680e3a10-le64.cache-7
7fbc56419000-7fbc5641e000 r--p 00000000 08:07 2894353                    /home/christoph/.config/dconf/user (deleted)
7fbc5641e000-7fbc564db000 rw-p 00000000 00:00 0 
7fbc564db000-7fbc564df000 ---p 00000000 00:00 0 
7fbc564df000-7fbc565de000 rw-p 00000000 00:00 0 
7fbc565de000-7fbc565df000 r--s 00000000 08:05 1206695                    /var/cache/fontconfig/e0aa53bcfa504e64f87823c16bc01eb6-le64.cache-7
7fbc565df000-7fbc565e0000 r--s 00000000 00:33 36                         /run/user/1000/dconf/user (deleted)
7fbc565e0000-7fbc565e6000 rw-p 00000000 00:00 0 
7fbc565e6000-7fbc565ed000 ---p 00000000 00:00 0 
7fbc565ed000-7fbc565f5000 rw-s 00000000 08:05 130606                     /tmp/hsperfdata_christoph/8132
7fbc565f5000-7fbc565f6000 ---p 00000000 00:00 0 
7fbc565f6000-7fbc565f7000 r--p 00000000 00:00 0 
7fbc565f7000-7fbc565f9000 rw-p 00000000 00:00 0 
7fbc565f9000-7fbc565fa000 r--p 00027000 08:05 919625                     /lib/x86_64-linux-gnu/ld-2.27.so
7fbc565fa000-7fbc565fb000 rw-p 00028000 08:05 919625                     /lib/x86_64-linux-gnu/ld-2.27.so
7fbc565fb000-7fbc565fc000 rw-p 00000000 00:00 0 
7ffecdf48000-7ffecdf69000 rw-p 00000000 00:00 0                          [stack]
7ffecdf9f000-7ffecdfa2000 r--p 00000000 00:00 0                          [vvar]
7ffecdfa2000-7ffecdfa4000 r-xp 00000000 00:00 0                          [vdso]
ffffffffff600000-ffffffffff601000 r-xp 00000000 00:00 0                  [vsyscall]


VM Arguments:
jvm_args: -Dfile.encoding=UTF-8 
java_command: Controllers.TRECController
java_class_path (initial): /home/christoph/Uni/OAD/OAD-2018-2019/Ass2/UI-Prototyp:/home/christoph/Uni/OAD/OAD-2018-2019/Ass2/UI-Prototyp/lib/antlr-2.7.7.jar:/home/christoph/Uni/OAD/OAD-2018-2019/Ass2/UI-Prototyp/lib/byte-buddy-1.8.17.jar:/home/christoph/Uni/OAD/OAD-2018-2019/Ass2/UI-Prototyp/lib/classmate-1.3.4.jar:/home/christoph/Uni/OAD/OAD-2018-2019/Ass2/UI-Prototyp/lib/dom4j-2.1.1.jar:/home/christoph/Uni/OAD/OAD-2018-2019/Ass2/UI-Prototyp/lib/hibernate-commons-annotations-5.0.4.Final.jar:/home/christoph/Uni/OAD/OAD-2018-2019/Ass2/UI-Prototyp/lib/hibernate-core-5.3.7.Final.jar:/home/christoph/Uni/OAD/OAD-2018-2019/Ass2/UI-Prototyp/lib/jandex-2.0.5.Final.jar:/home/christoph/Uni/OAD/OAD-2018-2019/Ass2/UI-Prototyp/lib/javassist-3.23.1-GA.jar:/home/christoph/Uni/OAD/OAD-2018-2019/Ass2/UI-Prototyp/lib/javax.activation-api-1.2.0.jar:/home/christoph/Uni/OAD/OAD-2018-2019/Ass2/UI-Prototyp/lib/javax.persistence-api-2.2.jar:/home/christoph/Uni/OAD/OAD-2018-2019/Ass2/UI-Prototyp/lib/jboss-logging-3.3.2.Final.jar:/home/christoph/Uni/OAD/OAD-2018-2019/Ass2/UI-Prototyp/lib/jboss-transaction-api_1.2_spec-1.1.1.Final.jar:/home/christoph/Uni/OAD/OAD-2018-2019/Ass2/UI-Prototyp/lib/mysql-connector-java-8.0.13.jar:/home/christoph/Uni/OAD/OAD-2018-2019/Ass2/UI-Prototyp/lib/javax.activation-1.2.0.jar:/home/christoph/Uni/OAD/OAD-2018-2019/Ass2/UI-Prototyp/lib/jaxb-api-2.3.0.jar:/home/christoph/Uni/OAD/OAD-2018-2019/Ass2/UI-Prototyp/lib/jaxb-core-2.3.0.jar:/home/christoph/Uni/OAD/OAD-2018-2019/Ass2/UI-Prototyp/lib/jaxb-impl-2.3.0.jar
Launcher Type: SUN_STANDARD

Logging:
Log output configuration:
#0: stdout all=warning uptime,level,tags
#1: stderr all=off uptime,level,tags

Environment Variables:
PATH=/home/christoph/.local/bin:/usr/local/sbin:/usr/local/bin:/usr/sbin:/usr/bin:/sbin:/bin:/usr/games:/usr/local/games:/snap/bin
USERNAME=christoph
SHELL=/bin/bash
DISPLAY=:0

Signal Handlers:
SIGSEGV: [libjvm.so+0xd28b70], sa_mask[0]=11111111011111111101111111111110, sa_flags=SA_RESTART|SA_SIGINFO
SIGBUS: [libjvm.so+0xd28b70], sa_mask[0]=11111111011111111101111111111110, sa_flags=SA_RESTART|SA_SIGINFO
SIGFPE: [libjvm.so+0xd28b70], sa_mask[0]=11111111011111111101111111111110, sa_flags=SA_RESTART|SA_SIGINFO
SIGPIPE: SIG_IGN, sa_mask[0]=00000000000010000000000000000000, sa_flags=SA_RESTART
SIGXFSZ: [libjvm.so+0xb2a1f0], sa_mask[0]=11111111011111111101111111111110, sa_flags=SA_RESTART|SA_SIGINFO
SIGILL: [libjvm.so+0xd28b70], sa_mask[0]=11111111011111111101111111111110, sa_flags=SA_RESTART|SA_SIGINFO
SIGUSR2: [libjvm.so+0xb2a030], sa_mask[0]=00100000000000000000000000000000, sa_flags=SA_RESTART|SA_SIGINFO
SIGHUP: [libjvm.so+0xb2a180], sa_mask[0]=11111111011111111101111111111110, sa_flags=SA_RESTART|SA_SIGINFO
SIGINT: [libjvm.so+0xb2a180], sa_mask[0]=11111111011111111101111111111110, sa_flags=SA_RESTART|SA_SIGINFO
SIGTERM: [libjvm.so+0xb2a180], sa_mask[0]=11111111011111111101111111111110, sa_flags=SA_RESTART|SA_SIGINFO
SIGQUIT: [libjvm.so+0xb2a180], sa_mask[0]=11111111011111111101111111111110, sa_flags=SA_RESTART|SA_SIGINFO


---------------  S Y S T E M  ---------------

OS:DISTRIB_ID=Ubuntu
DISTRIB_RELEASE=18.04
DISTRIB_CODENAME=bionic
DISTRIB_DESCRIPTION="Ubuntu 18.04.1 LTS"
uname:Linux 4.15.0-43-generic #46-Ubuntu SMP Thu Dec 6 14:45:28 UTC 2018 x86_64
libc:glibc 2.27 NPTL 2.27 
rlimit: STACK 8192k, CORE 0k, NPROC 30905, NOFILE 4096, AS infinity, DATA infinity, FSIZE infinity
load average:1,35 1,66 1,63

/proc/meminfo:
MemTotal:        8029488 kB
MemFree:         2708424 kB
MemAvailable:    2925276 kB
Buffers:           33004 kB
Cached:           456704 kB
SwapCached:        55036 kB
Active:          4086512 kB
Inactive:         971376 kB
Active(anon):    3892844 kB
Inactive(anon):   746632 kB
Active(file):     193668 kB
Inactive(file):   224744 kB
Unevictable:          32 kB
Mlocked:              32 kB
SwapTotal:       3906556 kB
SwapFree:         568796 kB
Dirty:              3168 kB
Writeback:             0 kB
AnonPages:       4513408 kB
Mapped:           201260 kB
Shmem:             71412 kB
Slab:             116296 kB
SReclaimable:      45360 kB
SUnreclaim:        70936 kB
KernelStack:       27652 kB
PageTables:        53948 kB
NFS_Unstable:          0 kB
Bounce:                0 kB
WritebackTmp:          0 kB
CommitLimit:     7921300 kB
Committed_AS:   14047960 kB
VmallocTotal:   34359738367 kB
VmallocUsed:           0 kB
VmallocChunk:          0 kB
HardwareCorrupted:     0 kB
AnonHugePages:         0 kB
ShmemHugePages:        0 kB
ShmemPmdMapped:        0 kB
CmaTotal:              0 kB
CmaFree:               0 kB
HugePages_Total:       0
HugePages_Free:        0
HugePages_Rsvd:        0
HugePages_Surp:        0
Hugepagesize:       2048 kB
DirectMap4k:      187796 kB
DirectMap2M:     7014400 kB
DirectMap1G:     1048576 kB

container (cgroup) information:
container_type: cgroupv1
cpu_cpuset_cpus: 0-3
cpu_memory_nodes: 0
active_processor_count: 4
cpu_quota: -1
cpu_period: 100000
cpu_shares: -1
memory_limit_in_bytes: -1
memory_and_swap_limit_in_bytes: -2
memory_soft_limit_in_bytes: -1
memory_usage_in_bytes: 5127626752
memory_max_usage_in_bytes: 0


CPU:total 4 (initial active 4) (2 cores per cpu, 2 threads per core) family 6 model 78 stepping 3, cmov, cx8, fxsr, mmx, sse, sse2, sse3, ssse3, sse4.1, sse4.2, popcnt, avx, avx2, aes, clmul, erms, 3dnowpref, lzcnt, ht, tsc, tscinvbit, bmi1, bmi2, adx, fma
CPU Model and flags from /proc/cpuinfo:
model name	: Intel(R) Core(TM) i5-6200U CPU @ 2.30GHz
flags		: fpu vme de pse tsc msr pae mce cx8 apic sep mtrr pge mca cmov pat pse36 clflush dts acpi mmx fxsr sse sse2 ss ht tm pbe syscall nx pdpe1gb rdtscp lm constant_tsc art arch_perfmon pebs bts rep_good nopl xtopology nonstop_tsc cpuid aperfmperf tsc_known_freq pni pclmulqdq dtes64 monitor ds_cpl vmx est tm2 ssse3 sdbg fma cx16 xtpr pdcm pcid sse4_1 sse4_2 x2apic movbe popcnt tsc_deadline_timer aes xsave avx f16c rdrand lahf_lm abm 3dnowprefetch cpuid_fault epb invpcid_single pti ssbd ibrs ibpb stibp tpr_shadow vnmi flexpriority ept vpid fsgsbase tsc_adjust bmi1 avx2 smep bmi2 erms invpcid mpx rdseed adx smap clflushopt intel_pt xsaveopt xsavec xgetbv1 xsaves dtherm ida arat pln pts hwp hwp_notify hwp_act_window hwp_epp flush_l1d

Memory: 4k page, physical 8029488k(2707928k free), swap 3906556k(568808k free)

vm_info: OpenJDK 64-Bit Server VM (10.0.2+13-Ubuntu-1ubuntu0.18.04.4) for linux-amd64 JRE (10.0.2+13-Ubuntu-1ubuntu0.18.04.4), built on Nov 13 2018 12:53:39 by "buildd" with gcc 7.3.0

END.
