#
# A fatal error has been detected by the Java Runtime Environment:
#
#  SIGSEGV (0xb) at pc=0x00007fa523b7fb1e, pid=7941, tid=7975
#
# JRE version: OpenJDK Runtime Environment (10.0.2+13) (build 10.0.2+13-Ubuntu-1ubuntu0.18.04.4)
# Java VM: OpenJDK 64-Bit Server VM (10.0.2+13-Ubuntu-1ubuntu0.18.04.4, mixed mode, tiered, compressed oops, g1 gc, linux-amd64)
# Problematic frame:
# v  ~BufferBlob::jni_fast_GetLongField
#
# Core dump will be written. Default location: Core dumps may be processed with "/usr/share/apport/apport %p %s %c %d %P" (or dumping to /home/christoph/Uni/OAD/OAD-2018-2019/Ass2/UI-Prototyp/core.7941)
#
# If you would like to submit a bug report, please visit:
#   http://bugreport.java.com/bugreport/crash.jsp
# The crash happened outside the Java Virtual Machine in native code.
# See problematic frame for where to report the bug.
#

---------------  S U M M A R Y ------------

Command Line: -Dfile.encoding=UTF-8 Controllers.TRECController

Host: Intel(R) Core(TM) i5-6200U CPU @ 2.30GHz, 4 cores, 7G, Ubuntu 18.04.1 LTS
Time: Thu Jan 24 23:40:28 2019 CET elapsed time: 23863 seconds (0d 6h 37m 43s)

---------------  T H R E A D  ---------------

Current thread (0x00007fa53c3fc000):  JavaThread "AWT-XAWT" daemon [_thread_in_native, id=7975, stack(0x00007fa510057000,0x00007fa510158000)]

Stack: [0x00007fa510057000,0x00007fa510158000],  sp=0x00007fa510156758,  free space=1021k
Native frames: (J=compiled Java code, A=aot compiled Java code, j=interpreted, Vv=VM code, C=native code)
v  ~BufferBlob::jni_fast_GetLongField
C  [libX11.so.6+0x64b1d]  _XimServerDestroy+0x3d

Java frames: (J=compiled Java code, j=interpreted, Vv=VM code)
J 1622  sun.awt.X11.XlibWrapper.XFilterEvent(JJ)Z java.desktop@10.0.2 (0 bytes) @ 0x00007fa52b68cb84 [0x00007fa52b68cb40+0x0000000000000044]
J 6415% c1 sun.awt.X11.XToolkit.run(Z)V java.desktop@10.0.2 (384 bytes) @ 0x00007fa524da098c [0x00007fa524d9d7a0+0x00000000000031ec]
j  sun.awt.X11.XToolkit.run()V+5 java.desktop@10.0.2
j  java.lang.Thread.run()V+11 java.base@10.0.2
v  ~StubRoutines::call_stub

siginfo: si_signo: 11 (SIGSEGV), si_code: 1 (SEGV_MAPERR), si_addr: 0x0000000000000000

Register to memory mapping:

RAX=0x00007fa54565aa80: <offset 0x0000000001274a80> in /usr/lib/jvm/java-11-openjdk-amd64/lib/server/libjvm.so at 0x00007fa5443e6000
RBX=0x00007fa53c3fc200 is an unknown value
RCX=0x0000000000000000 is an unknown value
RDX=0x0000000000000042 is an unknown value
RSP=0x00007fa510156758 is pointing into the stack for thread: 0x00007fa53c3fc000
RBP=0x00007fa510156780 is pointing into the stack for thread: 0x00007fa53c3fc000
RSI=0x0000000000000000 is an unknown value
RDI=0x00007fa53c3fc200 is an unknown value
R8 =0x00007fa4c75dd9b0: <offset 0x000000000005c9b0> in /usr/lib/x86_64-linux-gnu/libX11.so.6 at 0x00007fa4c7581000
R9 =0x0000000000000000 is an unknown value
R10=0x00000000000003c0 is an unknown value
R11=0x0000000000000320 is an unknown value
R12=0x0000000000000000 is an unknown value
R13=0x0000000000000000 is an unknown value
R14=0x00007fa4c7d2e5c0: <offset 0x00000000002635c0> in /usr/lib/jvm/java-11-openjdk-amd64/lib/libawt_xawt.so at 0x00007fa4c7acb000
R15=0x00007fa53c3fc000 is a thread


Registers:
RAX=0x00007fa54565aa80, RBX=0x00007fa53c3fc200, RCX=0x0000000000000000, RDX=0x0000000000000042
RSP=0x00007fa510156758, RBP=0x00007fa510156780, RSI=0x0000000000000000, RDI=0x00007fa53c3fc200
R8 =0x00007fa4c75dd9b0, R9 =0x0000000000000000, R10=0x00000000000003c0, R11=0x0000000000000320
R12=0x0000000000000000, R13=0x0000000000000000, R14=0x00007fa4c7d2e5c0, R15=0x00007fa53c3fc000
RIP=0x00007fa523b7fb1e, EFLAGS=0x0000000000010246, CSGSFS=0x002b000000000033, ERR=0x0000000000000004
  TRAPNO=0x000000000000000e

Top of Stack: (sp=0x00007fa510156758)
0x00007fa510156758:   00007fa4c7b021d4 0000000085affe20
0x00007fa510156768:   0000000000000000 00000000857d1158
0x00007fa510156778:   00007fa510156800 00007fa4a4090e70
0x00007fa510156788:   00007fa4c75e5b1d 0000000085affe20 

Instructions: (pc=0x00007fa523b7fb1e)
0x00007fa523b7fafe:   00 00 44 8b 15 7d 68 b2 21 4c 8b ce 41 f6 c2 01
0x00007fa523b7fb0e:   0f 85 32 00 00 00 4d 33 ca 4d 33 ca 49 83 e1 fe
0x00007fa523b7fb1e:   4d 8b 09 4c 8b da 49 c1 eb 02 4b 8b 04 19 49 bb
0x00007fa523b7fb2e:   84 63 6a 45 a5 7f 00 00 4c 33 d8 4c 33 d8 45 3b 



---------------  P R O C E S S  ---------------

Threads class SMR info:
_java_thread_list=0x00007fa4a0000e10, length=16, elements={
0x00007fa53c132000, 0x00007fa53c134000, 0x00007fa53c146800, 0x00007fa53c148800,
0x00007fa53c14a800, 0x00007fa53c14c800, 0x00007fa53c14e800, 0x00007fa53c1b3000,
0x00007fa53c1c1000, 0x00007fa53c3cf000, 0x00007fa53c3fc000, 0x00007fa53c012000,
0x00007fa4a40b3000, 0x00007fa4a453e800, 0x00007fa4a4563000, 0x00007fa4e4001000
}
_to_delete_list=0x00007fa4a0000ff0, length=15, elements={
0x00007fa53c132000, 0x00007fa53c134000, 0x00007fa53c146800, 0x00007fa53c148800,
0x00007fa53c14a800, 0x00007fa53c14c800, 0x00007fa53c14e800, 0x00007fa53c1b3000,
0x00007fa53c1c1000, 0x00007fa53c3cf000, 0x00007fa53c3fc000, 0x00007fa53c012000,
0x00007fa4a40b3000, 0x00007fa4a453e800, 0x00007fa4a4563000
}

Java Threads: ( => current thread )
  0x00007fa53c132000 JavaThread "Reference Handler" daemon [_thread_blocked, id=7959, stack(0x00007fa5404a3000,0x00007fa5405a4000)]
  0x00007fa53c134000 JavaThread "Finalizer" daemon [_thread_blocked, id=7960, stack(0x00007fa5403a2000,0x00007fa5404a3000)]
  0x00007fa53c146800 JavaThread "Signal Dispatcher" daemon [_thread_in_vm, id=7961, stack(0x00007fa5402a1000,0x00007fa5403a2000)]
  0x00007fa53c148800 JavaThread "C2 CompilerThread0" daemon [_thread_blocked, id=7962, stack(0x00007fa5401a0000,0x00007fa5402a1000)]
  0x00007fa53c14a800 JavaThread "C2 CompilerThread1" daemon [_thread_blocked, id=7963, stack(0x00007fa54009f000,0x00007fa5401a0000)]
  0x00007fa53c14c800 JavaThread "C1 CompilerThread2" daemon [_thread_blocked, id=7965, stack(0x00007fa5209ad000,0x00007fa520aae000)]
  0x00007fa53c14e800 JavaThread "Sweeper thread" daemon [_thread_blocked, id=7966, stack(0x00007fa5208ac000,0x00007fa5209ad000)]
  0x00007fa53c1b3000 JavaThread "Service Thread" daemon [_thread_blocked, id=7968, stack(0x00007fa5207ab000,0x00007fa5208ac000)]
  0x00007fa53c1c1000 JavaThread "Common-Cleaner" daemon [_thread_blocked, id=7970, stack(0x00007fa5205a8000,0x00007fa5206a9000)]
  0x00007fa53c3cf000 JavaThread "Java2D Disposer" daemon [_thread_blocked, id=7974, stack(0x00007fa52007d000,0x00007fa52017e000)]
=>0x00007fa53c3fc000 JavaThread "AWT-XAWT" daemon [_thread_in_native, id=7975, stack(0x00007fa510057000,0x00007fa510158000)]
  0x00007fa53c012000 JavaThread "DestroyJavaVM" [_thread_blocked, id=7946, stack(0x00007fa546412000,0x00007fa546513000)]
  0x00007fa4a40b3000 JavaThread "TimerQueue" daemon [_thread_blocked, id=7978, stack(0x00007fa4bd9de000,0x00007fa4bdadf000)]
  0x00007fa4a453e800 JavaThread "Abandoned connection cleanup thread" daemon [_thread_blocked, id=7979, stack(0x00007fa4bcedd000,0x00007fa4bcfde000)]
  0x00007fa4a4563000 JavaThread "pool-1-thread-1" [_thread_blocked, id=7980, stack(0x00007fa4bc5da000,0x00007fa4bc6db000)]
  0x00007fa4e4001000 JavaThread "SIGTERM handler" daemon [_thread_in_vm, id=20731, stack(0x00007fa4c401e000,0x00007fa4c411f000)]

Other Threads:
  0x00007fa53c128000 VMThread "VM Thread" [stack: 0x00007fa5405a6000,0x00007fa5406a6000] [id=7958]
  0x00007fa53c1b5000 WatcherThread [stack: 0x00007fa5206ab000,0x00007fa5207ab000] [id=7969]
  0x00007fa53c028800 GCTaskThread "GC Thread#0" [stack: 0x00007fa54253c000,0x00007fa54263c000] [id=7947]
  0x00007fa53c02a000 GCTaskThread "GC Thread#1" [stack: 0x00007fa54243a000,0x00007fa54253a000] [id=7948]
  0x00007fa53c02b800 GCTaskThread "GC Thread#2" [stack: 0x00007fa542338000,0x00007fa542438000] [id=7949]
  0x00007fa53c02d800 GCTaskThread "GC Thread#3" [stack: 0x00007fa542236000,0x00007fa542336000] [id=7950]
  0x00007fa53c056800 ConcurrentGCThread "G1 Main Marker" [stack: 0x00007fa5411b1000,0x00007fa5412b1000] [id=7951]
  0x00007fa53c058800 ConcurrentGCThread "G1 Conc#0" [stack: 0x00007fa5410af000,0x00007fa5411af000] [id=7952]
  0x00007fa53c0c0000 ConcurrentGCThread "G1 Refine#0" [stack: 0x00007fa540ba9000,0x00007fa540ca9000] [id=7953]
  0x00007fa53c0c2000 ConcurrentGCThread "G1 Refine#1" [stack: 0x00007fa540aa7000,0x00007fa540ba7000] [id=7954]
  0x00007fa53c0c3800 ConcurrentGCThread "G1 Refine#2" [stack: 0x00007fa5409a5000,0x00007fa540aa5000] [id=7955]
  0x00007fa53c0c5800 ConcurrentGCThread "G1 Refine#3" [stack: 0x00007fa5408a3000,0x00007fa5409a3000] [id=7956]
  0x00007fa53c0c7000 ConcurrentGCThread "G1 Young RemSet Sampling" [stack: 0x00007fa5407a1000,0x00007fa5408a1000] [id=7957]

Threads with active compile tasks:

VM state:synchronizing (normal execution)

VM Mutex/Monitor currently owned by a thread:  ([mutex/lock_event])
[0x00007fa53c00e440] Safepoint_lock - owner thread: 0x00007fa53c128000
[0x00007fa53c00e4d0] Threads_lock - owner thread: 0x00007fa53c128000

Heap address: 0x0000000085600000, size: 1962 MB, Compressed Oops mode: 32-bit
Narrow klass base: 0x0000000000000000, Narrow klass shift: 3
Compressed class space size: 1073741824 Address: 0x0000000100000000

Heap:
 garbage-first heap   total 126976K, used 58894K [0x0000000085600000, 0x0000000100000000)
  region size 1024K, 53 young (54272K), 7 survivors (7168K)
 Metaspace       used 52166K, capacity 53102K, committed 53452K, reserved 1095680K
  class space    used 5968K, capacity 6345K, committed 6348K, reserved 1048576K
Heap Regions: E=young(eden), S=young(survivor), O=old, HS=humongous(starts), HC=humongous(continues), CS=collection set, F=free, A=archive, TS=gc time stamp, AC=allocation context, TAMS=top-at-mark-start (previous, next)
|   0|0x0000000085600000, 0x0000000085700000, 0x0000000085700000|100%|HS|  |TS  0|AC  0|TAMS 0x0000000085700000, 0x0000000085700000|
|   1|0x0000000085700000, 0x0000000085800000, 0x0000000085800000|100%| O|  |TS  0|AC  0|TAMS 0x0000000085800000, 0x0000000085800000|
|   2|0x0000000085800000, 0x0000000085900000, 0x0000000085900000|100%| O|  |TS  0|AC  0|TAMS 0x0000000085900000, 0x0000000085900000|
|   3|0x0000000085900000, 0x0000000085a00000, 0x0000000085a00000|100%| O|  |TS  0|AC  0|TAMS 0x0000000085a00000, 0x0000000085a00000|
|   4|0x0000000085a00000, 0x0000000085b00000, 0x0000000085b00000|100%| O|  |TS  1|AC  0|TAMS 0x0000000085a45c00, 0x0000000085a45c00|
|   5|0x0000000085b00000, 0x0000000085bcac00, 0x0000000085c00000| 79%| O|  |TS  1|AC  0|TAMS 0x0000000085b00000, 0x0000000085b00000|
|   6|0x0000000085c00000, 0x0000000085c00000, 0x0000000085d00000|  0%| F|  |TS  0|AC  0|TAMS 0x0000000085c00000, 0x0000000085c00000|
|   7|0x0000000085d00000, 0x0000000085d00000, 0x0000000085e00000|  0%| F|  |TS  0|AC  0|TAMS 0x0000000085d00000, 0x0000000085d00000|
|   8|0x0000000085e00000, 0x0000000085e00000, 0x0000000085f00000|  0%| F|  |TS  0|AC  0|TAMS 0x0000000085e00000, 0x0000000085e00000|
|   9|0x0000000085f00000, 0x0000000085f00000, 0x0000000086000000|  0%| F|  |TS  0|AC  0|TAMS 0x0000000085f00000, 0x0000000085f00000|
|  10|0x0000000086000000, 0x0000000086000000, 0x0000000086100000|  0%| F|  |TS  0|AC  0|TAMS 0x0000000086000000, 0x0000000086000000|
|  11|0x0000000086100000, 0x0000000086100000, 0x0000000086200000|  0%| F|  |TS  0|AC  0|TAMS 0x0000000086100000, 0x0000000086100000|
|  12|0x0000000086200000, 0x0000000086200000, 0x0000000086300000|  0%| F|  |TS  0|AC  0|TAMS 0x0000000086200000, 0x0000000086200000|
|  13|0x0000000086300000, 0x0000000086300000, 0x0000000086400000|  0%| F|  |TS  0|AC  0|TAMS 0x0000000086300000, 0x0000000086300000|
|  14|0x0000000086400000, 0x0000000086400000, 0x0000000086500000|  0%| F|  |TS  0|AC  0|TAMS 0x0000000086400000, 0x0000000086400000|
|  15|0x0000000086500000, 0x0000000086500000, 0x0000000086600000|  0%| F|  |TS  0|AC  0|TAMS 0x0000000086500000, 0x0000000086500000|
|  16|0x0000000086600000, 0x0000000086600000, 0x0000000086700000|  0%| F|  |TS  0|AC  0|TAMS 0x0000000086600000, 0x0000000086600000|
|  17|0x0000000086700000, 0x0000000086700000, 0x0000000086800000|  0%| F|  |TS  0|AC  0|TAMS 0x0000000086700000, 0x0000000086700000|
|  18|0x0000000086800000, 0x0000000086800000, 0x0000000086900000|  0%| F|  |TS  0|AC  0|TAMS 0x0000000086800000, 0x0000000086800000|
|  19|0x0000000086900000, 0x0000000086900000, 0x0000000086a00000|  0%| F|  |TS  0|AC  0|TAMS 0x0000000086900000, 0x0000000086900000|
|  20|0x0000000086a00000, 0x0000000086a00000, 0x0000000086b00000|  0%| F|  |TS  0|AC  0|TAMS 0x0000000086a00000, 0x0000000086a00000|
|  21|0x0000000086b00000, 0x0000000086b00000, 0x0000000086c00000|  0%| F|  |TS  0|AC  0|TAMS 0x0000000086b00000, 0x0000000086b00000|
|  22|0x0000000086c00000, 0x0000000086c00000, 0x0000000086d00000|  0%| F|  |TS  0|AC  0|TAMS 0x0000000086c00000, 0x0000000086c00000|
|  23|0x0000000086d00000, 0x0000000086d00000, 0x0000000086e00000|  0%| F|  |TS  0|AC  0|TAMS 0x0000000086d00000, 0x0000000086d00000|
|  24|0x0000000086e00000, 0x0000000086e00000, 0x0000000086f00000|  0%| F|  |TS  0|AC  0|TAMS 0x0000000086e00000, 0x0000000086e00000|
|  25|0x0000000086f00000, 0x0000000086f00000, 0x0000000087000000|  0%| F|  |TS  0|AC  0|TAMS 0x0000000086f00000, 0x0000000086f00000|
|  26|0x0000000087000000, 0x0000000087000000, 0x0000000087100000|  0%| F|  |TS  0|AC  0|TAMS 0x0000000087000000, 0x0000000087000000|
|  27|0x0000000087100000, 0x0000000087100000, 0x0000000087200000|  0%| F|  |TS  0|AC  0|TAMS 0x0000000087100000, 0x0000000087100000|
|  28|0x0000000087200000, 0x0000000087200000, 0x0000000087300000|  0%| F|  |TS  0|AC  0|TAMS 0x0000000087200000, 0x0000000087200000|
|  29|0x0000000087300000, 0x0000000087300000, 0x0000000087400000|  0%| F|  |TS  0|AC  0|TAMS 0x0000000087300000, 0x0000000087300000|
|  30|0x0000000087400000, 0x0000000087400000, 0x0000000087500000|  0%| F|  |TS  0|AC  0|TAMS 0x0000000087400000, 0x0000000087400000|
|  31|0x0000000087500000, 0x0000000087500000, 0x0000000087600000|  0%| F|  |TS  0|AC  0|TAMS 0x0000000087500000, 0x0000000087500000|
|  32|0x0000000087600000, 0x0000000087600000, 0x0000000087700000|  0%| F|  |TS  0|AC  0|TAMS 0x0000000087600000, 0x0000000087600000|
|  33|0x0000000087700000, 0x0000000087700000, 0x0000000087800000|  0%| F|  |TS  0|AC  0|TAMS 0x0000000087700000, 0x0000000087700000|
|  34|0x0000000087800000, 0x0000000087800000, 0x0000000087900000|  0%| F|  |TS  0|AC  0|TAMS 0x0000000087800000, 0x0000000087800000|
|  35|0x0000000087900000, 0x0000000087900000, 0x0000000087a00000|  0%| F|  |TS  0|AC  0|TAMS 0x0000000087900000, 0x0000000087900000|
|  36|0x0000000087a00000, 0x0000000087a00000, 0x0000000087b00000|  0%| F|  |TS  0|AC  0|TAMS 0x0000000087a00000, 0x0000000087a00000|
|  37|0x0000000087b00000, 0x0000000087b00000, 0x0000000087c00000|  0%| F|  |TS  0|AC  0|TAMS 0x0000000087b00000, 0x0000000087b00000|
|  38|0x0000000087c00000, 0x0000000087c00000, 0x0000000087d00000|  0%| F|  |TS  0|AC  0|TAMS 0x0000000087c00000, 0x0000000087c00000|
|  39|0x0000000087d00000, 0x0000000087d00000, 0x0000000087e00000|  0%| F|  |TS  0|AC  0|TAMS 0x0000000087d00000, 0x0000000087d00000|
|  40|0x0000000087e00000, 0x0000000087e00000, 0x0000000087f00000|  0%| F|  |TS  0|AC  0|TAMS 0x0000000087e00000, 0x0000000087e00000|
|  41|0x0000000087f00000, 0x0000000087f00000, 0x0000000088000000|  0%| F|  |TS  0|AC  0|TAMS 0x0000000087f00000, 0x0000000087f00000|
|  42|0x0000000088000000, 0x0000000088000000, 0x0000000088100000|  0%| F|  |TS  0|AC  0|TAMS 0x0000000088000000, 0x0000000088000000|
|  43|0x0000000088100000, 0x0000000088100000, 0x0000000088200000|  0%| F|  |TS  0|AC  0|TAMS 0x0000000088100000, 0x0000000088100000|
|  44|0x0000000088200000, 0x0000000088200000, 0x0000000088300000|  0%| F|  |TS  0|AC  0|TAMS 0x0000000088200000, 0x0000000088200000|
|  45|0x0000000088300000, 0x0000000088300000, 0x0000000088400000|  0%| F|  |TS  0|AC  0|TAMS 0x0000000088300000, 0x0000000088300000|
|  46|0x0000000088400000, 0x0000000088400000, 0x0000000088500000|  0%| F|  |TS  0|AC  0|TAMS 0x0000000088400000, 0x0000000088400000|
|  47|0x0000000088500000, 0x0000000088500000, 0x0000000088600000|  0%| F|  |TS  0|AC  0|TAMS 0x0000000088500000, 0x0000000088500000|
|  48|0x0000000088600000, 0x0000000088600000, 0x0000000088700000|  0%| F|  |TS  0|AC  0|TAMS 0x0000000088600000, 0x0000000088600000|
|  49|0x0000000088700000, 0x0000000088700000, 0x0000000088800000|  0%| F|  |TS  0|AC  0|TAMS 0x0000000088700000, 0x0000000088700000|
|  50|0x0000000088800000, 0x0000000088800000, 0x0000000088900000|  0%| F|  |TS  0|AC  0|TAMS 0x0000000088800000, 0x0000000088800000|
|  51|0x0000000088900000, 0x0000000088900000, 0x0000000088a00000|  0%| F|  |TS  0|AC  0|TAMS 0x0000000088900000, 0x0000000088900000|
|  52|0x0000000088a00000, 0x0000000088a00000, 0x0000000088b00000|  0%| F|  |TS  0|AC  0|TAMS 0x0000000088a00000, 0x0000000088a00000|
|  53|0x0000000088b00000, 0x0000000088b00000, 0x0000000088c00000|  0%| F|  |TS  0|AC  0|TAMS 0x0000000088b00000, 0x0000000088b00000|
|  54|0x0000000088c00000, 0x0000000088c00000, 0x0000000088d00000|  0%| F|  |TS  0|AC  0|TAMS 0x0000000088c00000, 0x0000000088c00000|
|  55|0x0000000088d00000, 0x0000000088d00000, 0x0000000088e00000|  0%| F|  |TS  0|AC  0|TAMS 0x0000000088d00000, 0x0000000088d00000|
|  56|0x0000000088e00000, 0x0000000088e00000, 0x0000000088f00000|  0%| F|  |TS  0|AC  0|TAMS 0x0000000088e00000, 0x0000000088e00000|
|  57|0x0000000088f00000, 0x0000000088f00000, 0x0000000089000000|  0%| F|  |TS  0|AC  0|TAMS 0x0000000088f00000, 0x0000000088f00000|
|  58|0x0000000089000000, 0x0000000089000000, 0x0000000089100000|  0%| F|  |TS  0|AC  0|TAMS 0x0000000089000000, 0x0000000089000000|
|  59|0x0000000089100000, 0x00000000891b8f60, 0x0000000089200000| 72%| S|CS|TS  1|AC  0|TAMS 0x0000000089100000, 0x0000000089100000|
|  60|0x0000000089200000, 0x0000000089300000, 0x0000000089300000|100%| S|CS|TS  1|AC  0|TAMS 0x0000000089200000, 0x0000000089200000|
|  61|0x0000000089300000, 0x0000000089400000, 0x0000000089400000|100%| S|CS|TS  1|AC  0|TAMS 0x0000000089300000, 0x0000000089300000|
|  62|0x0000000089400000, 0x0000000089500000, 0x0000000089500000|100%| S|CS|TS  1|AC  0|TAMS 0x0000000089400000, 0x0000000089400000|
|  63|0x0000000089500000, 0x0000000089600000, 0x0000000089600000|100%| S|CS|TS  1|AC  0|TAMS 0x0000000089500000, 0x0000000089500000|
|  64|0x0000000089600000, 0x0000000089700000, 0x0000000089700000|100%| S|CS|TS  1|AC  0|TAMS 0x0000000089600000, 0x0000000089600000|
|  65|0x0000000089700000, 0x0000000089800000, 0x0000000089800000|100%| S|CS|TS  1|AC  0|TAMS 0x0000000089700000, 0x0000000089700000|
|  66|0x0000000089800000, 0x0000000089800000, 0x0000000089900000|  0%| F|  |TS  1|AC  0|TAMS 0x0000000089800000, 0x0000000089800000|
|  67|0x0000000089900000, 0x0000000089900000, 0x0000000089a00000|  0%| F|  |TS  1|AC  0|TAMS 0x0000000089900000, 0x0000000089900000|
|  68|0x0000000089a00000, 0x0000000089a00000, 0x0000000089b00000|  0%| F|  |TS  1|AC  0|TAMS 0x0000000089a00000, 0x0000000089a00000|
|  69|0x0000000089b00000, 0x0000000089b00000, 0x0000000089c00000|  0%| F|  |TS  1|AC  0|TAMS 0x0000000089b00000, 0x0000000089b00000|
|  70|0x0000000089c00000, 0x0000000089c00000, 0x0000000089d00000|  0%| F|  |TS  1|AC  0|TAMS 0x0000000089c00000, 0x0000000089c00000|
|  71|0x0000000089d00000, 0x0000000089d00000, 0x0000000089e00000|  0%| F|  |TS  1|AC  0|TAMS 0x0000000089d00000, 0x0000000089d00000|
|  72|0x0000000089e00000, 0x0000000089e00000, 0x0000000089f00000|  0%| F|  |TS  1|AC  0|TAMS 0x0000000089e00000, 0x0000000089e00000|
|  73|0x0000000089f00000, 0x0000000089f00000, 0x000000008a000000|  0%| F|  |TS  1|AC  0|TAMS 0x0000000089f00000, 0x0000000089f00000|
|  74|0x000000008a000000, 0x000000008a000000, 0x000000008a100000|  0%| F|  |TS  1|AC  0|TAMS 0x000000008a000000, 0x000000008a000000|
|  75|0x000000008a100000, 0x000000008a100000, 0x000000008a200000|  0%| F|  |TS  1|AC  0|TAMS 0x000000008a100000, 0x000000008a100000|
|  76|0x000000008a200000, 0x000000008a200000, 0x000000008a300000|  0%| F|  |TS  1|AC  0|TAMS 0x000000008a200000, 0x000000008a200000|
|  77|0x000000008a300000, 0x000000008a356460, 0x000000008a400000| 33%| E|  |TS  1|AC  0|TAMS 0x000000008a300000, 0x000000008a300000|
|  78|0x000000008a400000, 0x000000008a500000, 0x000000008a500000|100%| E|CS|TS  1|AC  0|TAMS 0x000000008a400000, 0x000000008a400000|
|  79|0x000000008a500000, 0x000000008a600000, 0x000000008a600000|100%| E|CS|TS  1|AC  0|TAMS 0x000000008a500000, 0x000000008a500000|
|  80|0x000000008a600000, 0x000000008a700000, 0x000000008a700000|100%| E|CS|TS  1|AC  0|TAMS 0x000000008a600000, 0x000000008a600000|
|  81|0x000000008a700000, 0x000000008a800000, 0x000000008a800000|100%| E|CS|TS  1|AC  0|TAMS 0x000000008a700000, 0x000000008a700000|
|  82|0x000000008a800000, 0x000000008a900000, 0x000000008a900000|100%| E|CS|TS  1|AC  0|TAMS 0x000000008a800000, 0x000000008a800000|
|  83|0x000000008a900000, 0x000000008aa00000, 0x000000008aa00000|100%| E|CS|TS  1|AC  0|TAMS 0x000000008a900000, 0x000000008a900000|
|  84|0x000000008aa00000, 0x000000008ab00000, 0x000000008ab00000|100%| E|CS|TS  1|AC  0|TAMS 0x000000008aa00000, 0x000000008aa00000|
|  85|0x000000008ab00000, 0x000000008ac00000, 0x000000008ac00000|100%| E|CS|TS  1|AC  0|TAMS 0x000000008ab00000, 0x000000008ab00000|
|  86|0x000000008ac00000, 0x000000008ad00000, 0x000000008ad00000|100%| E|CS|TS  1|AC  0|TAMS 0x000000008ac00000, 0x000000008ac00000|
|  87|0x000000008ad00000, 0x000000008ae00000, 0x000000008ae00000|100%| E|CS|TS  1|AC  0|TAMS 0x000000008ad00000, 0x000000008ad00000|
|  88|0x000000008ae00000, 0x000000008af00000, 0x000000008af00000|100%| E|CS|TS  1|AC  0|TAMS 0x000000008ae00000, 0x000000008ae00000|
|  89|0x000000008af00000, 0x000000008b000000, 0x000000008b000000|100%| E|CS|TS  1|AC  0|TAMS 0x000000008af00000, 0x000000008af00000|
|  90|0x000000008b000000, 0x000000008b100000, 0x000000008b100000|100%| E|CS|TS  1|AC  0|TAMS 0x000000008b000000, 0x000000008b000000|
|  91|0x000000008b100000, 0x000000008b200000, 0x000000008b200000|100%| E|CS|TS  1|AC  0|TAMS 0x000000008b100000, 0x000000008b100000|
|  92|0x000000008b200000, 0x000000008b300000, 0x000000008b300000|100%| E|CS|TS  1|AC  0|TAMS 0x000000008b200000, 0x000000008b200000|
|  93|0x000000008b300000, 0x000000008b400000, 0x000000008b400000|100%| E|CS|TS  1|AC  0|TAMS 0x000000008b300000, 0x000000008b300000|
|  94|0x000000008b400000, 0x000000008b500000, 0x000000008b500000|100%| E|CS|TS  1|AC  0|TAMS 0x000000008b400000, 0x000000008b400000|
|  95|0x000000008b500000, 0x000000008b600000, 0x000000008b600000|100%| E|CS|TS  1|AC  0|TAMS 0x000000008b500000, 0x000000008b500000|
|  96|0x000000008b600000, 0x000000008b700000, 0x000000008b700000|100%| E|CS|TS  1|AC  0|TAMS 0x000000008b600000, 0x000000008b600000|
|  97|0x000000008b700000, 0x000000008b800000, 0x000000008b800000|100%| E|CS|TS  1|AC  0|TAMS 0x000000008b700000, 0x000000008b700000|
|  98|0x000000008b800000, 0x000000008b900000, 0x000000008b900000|100%| E|CS|TS  1|AC  0|TAMS 0x000000008b800000, 0x000000008b800000|
|  99|0x000000008b900000, 0x000000008ba00000, 0x000000008ba00000|100%| E|CS|TS  1|AC  0|TAMS 0x000000008b900000, 0x000000008b900000|
| 100|0x000000008ba00000, 0x000000008bb00000, 0x000000008bb00000|100%| E|CS|TS  1|AC  0|TAMS 0x000000008ba00000, 0x000000008ba00000|
| 101|0x000000008bb00000, 0x000000008bc00000, 0x000000008bc00000|100%| E|CS|TS  1|AC  0|TAMS 0x000000008bb00000, 0x000000008bb00000|
| 102|0x000000008bc00000, 0x000000008bd00000, 0x000000008bd00000|100%| E|CS|TS  1|AC  0|TAMS 0x000000008bc00000, 0x000000008bc00000|
| 103|0x000000008bd00000, 0x000000008be00000, 0x000000008be00000|100%| E|CS|TS  1|AC  0|TAMS 0x000000008bd00000, 0x000000008bd00000|
| 104|0x000000008be00000, 0x000000008bf00000, 0x000000008bf00000|100%| E|CS|TS  1|AC  0|TAMS 0x000000008be00000, 0x000000008be00000|
| 105|0x000000008bf00000, 0x000000008c000000, 0x000000008c000000|100%| E|CS|TS  1|AC  0|TAMS 0x000000008bf00000, 0x000000008bf00000|
| 106|0x000000008c000000, 0x000000008c100000, 0x000000008c100000|100%| E|CS|TS  1|AC  0|TAMS 0x000000008c000000, 0x000000008c000000|
| 107|0x000000008c100000, 0x000000008c200000, 0x000000008c200000|100%| E|CS|TS  1|AC  0|TAMS 0x000000008c100000, 0x000000008c100000|
| 108|0x000000008c200000, 0x000000008c300000, 0x000000008c300000|100%| E|CS|TS  1|AC  0|TAMS 0x000000008c200000, 0x000000008c200000|
| 109|0x000000008c300000, 0x000000008c400000, 0x000000008c400000|100%| E|CS|TS  1|AC  0|TAMS 0x000000008c300000, 0x000000008c300000|
| 110|0x000000008c400000, 0x000000008c500000, 0x000000008c500000|100%| E|CS|TS  1|AC  0|TAMS 0x000000008c400000, 0x000000008c400000|
| 111|0x000000008c500000, 0x000000008c600000, 0x000000008c600000|100%| E|CS|TS  1|AC  0|TAMS 0x000000008c500000, 0x000000008c500000|
| 112|0x000000008c600000, 0x000000008c700000, 0x000000008c700000|100%| E|CS|TS  1|AC  0|TAMS 0x000000008c600000, 0x000000008c600000|
| 113|0x000000008c700000, 0x000000008c800000, 0x000000008c800000|100%| E|CS|TS  1|AC  0|TAMS 0x000000008c700000, 0x000000008c700000|
| 114|0x000000008c800000, 0x000000008c900000, 0x000000008c900000|100%| E|CS|TS  1|AC  0|TAMS 0x000000008c800000, 0x000000008c800000|
| 115|0x000000008c900000, 0x000000008ca00000, 0x000000008ca00000|100%| E|CS|TS  1|AC  0|TAMS 0x000000008c900000, 0x000000008c900000|
| 116|0x000000008ca00000, 0x000000008cb00000, 0x000000008cb00000|100%| E|CS|TS  1|AC  0|TAMS 0x000000008ca00000, 0x000000008ca00000|
| 117|0x000000008cb00000, 0x000000008cc00000, 0x000000008cc00000|100%| E|CS|TS  1|AC  0|TAMS 0x000000008cb00000, 0x000000008cb00000|
| 118|0x000000008cc00000, 0x000000008cd00000, 0x000000008cd00000|100%| E|CS|TS  1|AC  0|TAMS 0x000000008cc00000, 0x000000008cc00000|
| 119|0x000000008cd00000, 0x000000008ce00000, 0x000000008ce00000|100%| E|CS|TS  1|AC  0|TAMS 0x000000008cd00000, 0x000000008cd00000|
| 120|0x000000008ce00000, 0x000000008cf00000, 0x000000008cf00000|100%| E|CS|TS  1|AC  0|TAMS 0x000000008ce00000, 0x000000008ce00000|
| 121|0x000000008cf00000, 0x000000008d000000, 0x000000008d000000|100%| E|CS|TS  1|AC  0|TAMS 0x000000008cf00000, 0x000000008cf00000|
| 122|0x000000008d000000, 0x000000008d100000, 0x000000008d100000|100%| E|CS|TS  1|AC  0|TAMS 0x000000008d000000, 0x000000008d000000|
| 123|0x000000008d100000, 0x000000008d200000, 0x000000008d200000|100%| E|CS|TS  1|AC  0|TAMS 0x000000008d100000, 0x000000008d100000|

Card table byte_map: [0x00007fa541686000,0x00007fa541a5b000] byte_map_base: 0x00007fa54125b000

Marking Bits (Prev, Next): (CMBitMap*) 0x00007fa53c055be0, (CMBitMap*) 0x00007fa53c055c18
 Prev Bits: [0x00007fa521c7d000, 0x00007fa523b25000)
 Next Bits: [0x00007fa512158000, 0x00007fa514000000)

Polling page: 0x00007fa54652c000

CodeHeap 'non-profiled nmethods': size=120032Kb used=3551Kb max_used=3551Kb free=116480Kb
 bounds [0x00007fa52b5ed000, 0x00007fa52b96d000, 0x00007fa532b25000]
CodeHeap 'profiled nmethods': size=120032Kb used=13307Kb max_used=13307Kb free=106724Kb
 bounds [0x00007fa5240b5000, 0x00007fa524dc5000, 0x00007fa52b5ed000]
CodeHeap 'non-nmethods': size=5696Kb used=1375Kb max_used=1423Kb free=4320Kb
 bounds [0x00007fa523b25000, 0x00007fa523d95000, 0x00007fa5240b5000]
 total_blobs=8762 nmethods=6272 adapters=757
 compilation: enabled

Compilation events (10 events):
Event: 20582,570 Thread 0x00007fa53c148800 6424       4       java.util.Vector$Itr::<init> (6 bytes)
Event: 20582,577 Thread 0x00007fa53c148800 nmethod 6424 0x00007fa52b961d90 code [0x00007fa52b961f20, 0x00007fa52b9620b8]
Event: 20989,772 Thread 0x00007fa53c14a800 6425   !   4       sun.awt.X11.XToolkit$1::dispatchEvent (34 bytes)
Event: 20989,905 Thread 0x00007fa53c14a800 nmethod 6425 0x00007fa52b962190 code [0x00007fa52b962360, 0x00007fa52b9625e8]
Event: 21467,469 Thread 0x00007fa53c148800 6426       4       java.util.concurrent.locks.AbstractQueuedSynchronizer$ConditionObject::addConditionWaiter (79 bytes)
Event: 21467,536 Thread 0x00007fa53c148800 nmethod 6426 0x00007fa52b962a10 code [0x00007fa52b962bc0, 0x00007fa52b962f48]
Event: 22743,486 Thread 0x00007fa53c14a800 6427       4       sun.awt.X11.XMSelection$1::dispatchEvent (10 bytes)
Event: 22743,501 Thread 0x00007fa53c14a800 nmethod 6427 0x00007fa52b963110 code [0x00007fa52b963300, 0x00007fa52b9635d8]
Event: 23020,338 Thread 0x00007fa53c148800 6428   !   4       java.lang.ref.ReferenceQueue::remove (125 bytes)
Event: 23020,431 Thread 0x00007fa53c148800 nmethod 6428 0x00007fa52b963b10 code [0x00007fa52b963ce0, 0x00007fa52b964a28]

GC Heap History (10 events):
Event: 3,644 GC heap before
{Heap before GC invocations=1 (full 0):
 garbage-first heap   total 126976K, used 14749K [0x0000000085600000, 0x0000000100000000)
  region size 1024K, 12 young (12288K), 2 survivors (2048K)
 Metaspace       used 18332K, capacity 18835K, committed 19200K, reserved 1067008K
  class space    used 1984K, capacity 2221K, committed 2304K, reserved 1048576K
}
Event: 3,673 GC heap after
{Heap after GC invocations=2 (full 0):
 garbage-first heap   total 126976K, used 5607K [0x0000000085600000, 0x0000000100000000)
  region size 1024K, 2 young (2048K), 2 survivors (2048K)
 Metaspace       used 18332K, capacity 18835K, committed 19200K, reserved 1067008K
  class space    used 1984K, capacity 2221K, committed 2304K, reserved 1048576K
}
Event: 3,689 GC heap before
{Heap before GC invocations=2 (full 0):
 garbage-first heap   total 126976K, used 33255K [0x0000000085600000, 0x0000000100000000)
  region size 1024K, 29 young (29696K), 2 survivors (2048K)
 Metaspace       used 18332K, capacity 18835K, committed 19200K, reserved 1067008K
  class space    used 1984K, capacity 2221K, committed 2304K, reserved 1048576K
}
Event: 3,692 GC heap after
{Heap after GC invocations=3 (full 0):
 garbage-first heap   total 126976K, used 5628K [0x0000000085600000, 0x0000000100000000)
  region size 1024K, 2 young (2048K), 2 survivors (2048K)
 Metaspace       used 18332K, capacity 18835K, committed 19200K, reserved 1067008K
  class space    used 1984K, capacity 2221K, committed 2304K, reserved 1048576K
}
Event: 15,614 GC heap before
{Heap before GC invocations=3 (full 0):
 garbage-first heap   total 126976K, used 14844K [0x0000000085600000, 0x0000000100000000)
  region size 1024K, 12 young (12288K), 2 survivors (2048K)
 Metaspace       used 20678K, capacity 21151K, committed 21296K, reserved 1069056K
  class space    used 2148K, capacity 2396K, committed 2432K, reserved 1048576K
}
Event: 15,616 GC heap after
{Heap after GC invocations=4 (full 0):
 garbage-first heap   total 126976K, used 6242K [0x0000000085600000, 0x0000000100000000)
  region size 1024K, 2 young (2048K), 2 survivors (2048K)
 Metaspace       used 20678K, capacity 21151K, committed 21296K, reserved 1069056K
  class space    used 2148K, capacity 2396K, committed 2432K, reserved 1048576K
}
Event: 16,399 GC heap before
{Heap before GC invocations=5 (full 0):
 garbage-first heap   total 126976K, used 43106K [0x0000000085600000, 0x0000000100000000)
  region size 1024K, 39 young (39936K), 2 survivors (2048K)
 Metaspace       used 35131K, capacity 35776K, committed 36048K, reserved 1081344K
  class space    used 4044K, capacity 4391K, committed 4428K, reserved 1048576K
}
Event: 16,411 GC heap after
{Heap after GC invocations=6 (full 0):
 garbage-first heap   total 126976K, used 9853K [0x0000000085600000, 0x0000000100000000)
  region size 1024K, 6 young (6144K), 6 survivors (6144K)
 Metaspace       used 35131K, capacity 35776K, committed 36048K, reserved 1081344K
  class space    used 4044K, capacity 4391K, committed 4428K, reserved 1048576K
}
Event: 17,691 GC heap before
{Heap before GC invocations=7 (full 0):
 garbage-first heap   total 126976K, used 63101K [0x0000000085600000, 0x0000000100000000)
  region size 1024K, 58 young (59392K), 6 survivors (6144K)
 Metaspace       used 47992K, capacity 48788K, committed 49356K, reserved 1093632K
  class space    used 5637K, capacity 5994K, committed 6092K, reserved 1048576K
}
Event: 17,701 GC heap after
{Heap after GC invocations=8 (full 0):
 garbage-first heap   total 126976K, used 12814K [0x0000000085600000, 0x0000000100000000)
  region size 1024K, 7 young (7168K), 7 survivors (7168K)
 Metaspace       used 47992K, capacity 48788K, committed 49356K, reserved 1093632K
  class space    used 5637K, capacity 5994K, committed 6092K, reserved 1048576K
}

Deoptimization events (10 events):
Event: 105,649 Thread 0x00007fa53c477000 Uncommon trap: reason=unstable_if action=reinterpret pc=0x00007fa52b8f0434 method=java.awt.Component.dispatchEventImpl(Ljava/awt/AWTEvent;)V @ 173 c2
Event: 105,695 Thread 0x00007fa53c477000 Uncommon trap: reason=class_check action=maybe_recompile pc=0x00007fa52b7dcdcc method=java.awt.EventQueue.coalesceEvent(Ljava/awt/AWTEvent;I)Z @ 77 c2
Event: 105,695 Thread 0x00007fa53c477000 Uncommon trap: reason=class_check action=maybe_recompile pc=0x00007fa52b8627cc method=java.awt.LightweightDispatcher.dispatchEvent(Ljava/awt/AWTEvent;)Z @ 44 c2
Event: 146,544 Thread 0x00007fa53c477000 Uncommon trap: reason=unstable_if action=reinterpret pc=0x00007fa52b635854 method=java.lang.StringLatin1.canEncode(I)Z @ 4 c2
Event: 146,551 Thread 0x00007fa53c477000 Uncommon trap: reason=unstable_if action=reinterpret pc=0x00007fa52b6232d4 method=java.lang.StringLatin1.canEncode(I)Z @ 4 c2
Event: 146,629 Thread 0x00007fa53c3fc000 Uncommon trap: reason=unstable_if action=reinterpret pc=0x00007fa52b8a87f8 method=sun.awt.X11.XToolkit.processGlobalMotionEvent(Lsun/awt/X11/XEvent;Lsun/awt/X11/XBaseWindow;)V @ 21 c2
Event: 159,490 Thread 0x00007fa53c477000 Uncommon trap: reason=unstable_if action=reinterpret pc=0x00007fa52b606654 method=java.lang.StringLatin1.canEncode(I)Z @ 4 c2
Event: 180,601 Thread 0x00007fa53c477000 Uncommon trap: reason=unstable_if action=reinterpret pc=0x00007fa52b8e883c method=sun.awt.AWTAutoShutdown.notifyThreadFree(Ljava/lang/Thread;)V @ 34 c2
Event: 181,603 Thread 0x00007fa53c477000 Uncommon trap: reason=unstable_if action=reinterpret pc=0x00007fa52b8dff7c method=java.awt.EventQueue.dispatchEventImpl(Ljava/awt/AWTEvent;Ljava/lang/Object;)V @ 33 c2
Event: 398,002 Thread 0x00007fa53c3fc000 Uncommon trap: reason=unstable_if action=reinterpret pc=0x00007fa52b91563c method=java.awt.EventQueue.wakeup(Z)V @ 31 c2

Classes redefined (0 events):
No events

Internal exceptions (10 events):
Event: 101,572 Thread 0x00007fa53c477000 Exception <a 'java/lang/UnsupportedOperationException'{0x000000008b11cef8}: > (0x000000008b11cef8) thrown at [/build/openjdk-lts-Ae5PRQ/openjdk-lts-10.0.2+13/src/hotspot/share/prims/jni.cpp, line 632]
Event: 103,403 Thread 0x00007fa53c477000 Exception <a 'java/lang/UnsupportedOperationException'{0x000000008b1c1d40}: > (0x000000008b1c1d40) thrown at [/build/openjdk-lts-Ae5PRQ/openjdk-lts-10.0.2+13/src/hotspot/share/prims/jni.cpp, line 632]
Event: 105,039 Thread 0x00007fa53c477000 Exception <a 'java/lang/UnsupportedOperationException'{0x000000008b04d998}: > (0x000000008b04d998) thrown at [/build/openjdk-lts-Ae5PRQ/openjdk-lts-10.0.2+13/src/hotspot/share/prims/jni.cpp, line 632]
Event: 140,724 Thread 0x00007fa53c477000 Exception <a 'java/lang/UnsupportedOperationException'{0x000000008b0c58d8}: > (0x000000008b0c58d8) thrown at [/build/openjdk-lts-Ae5PRQ/openjdk-lts-10.0.2+13/src/hotspot/share/prims/jni.cpp, line 632]
Event: 141,417 Thread 0x00007fa53c477000 Exception <a 'java/lang/UnsupportedOperationException'{0x000000008b0f4700}: > (0x000000008b0f4700) thrown at [/build/openjdk-lts-Ae5PRQ/openjdk-lts-10.0.2+13/src/hotspot/share/prims/jni.cpp, line 632]
Event: 144,240 Thread 0x00007fa53c477000 Exception <a 'java/lang/UnsupportedOperationException'{0x000000008af65b78}: > (0x000000008af65b78) thrown at [/build/openjdk-lts-Ae5PRQ/openjdk-lts-10.0.2+13/src/hotspot/share/prims/jni.cpp, line 632]
Event: 162,105 Thread 0x00007fa53c477000 Exception <a 'java/lang/UnsupportedOperationException'{0x000000008adbfed0}: > (0x000000008adbfed0) thrown at [/build/openjdk-lts-Ae5PRQ/openjdk-lts-10.0.2+13/src/hotspot/share/prims/jni.cpp, line 632]
Event: 167,465 Thread 0x00007fa53c477000 Exception <a 'java/lang/UnsupportedOperationException'{0x000000008ac9edd8}: > (0x000000008ac9edd8) thrown at [/build/openjdk-lts-Ae5PRQ/openjdk-lts-10.0.2+13/src/hotspot/share/prims/jni.cpp, line 632]
Event: 168,305 Thread 0x00007fa53c477000 Exception <a 'java/lang/UnsupportedOperationException'{0x000000008ab3faf8}: > (0x000000008ab3faf8) thrown at [/build/openjdk-lts-Ae5PRQ/openjdk-lts-10.0.2+13/src/hotspot/share/prims/jni.cpp, line 632]
Event: 169,878 Thread 0x00007fa53c477000 Exception <a 'java/lang/UnsupportedOperationException'{0x000000008abe6658}: > (0x000000008abe6658) thrown at [/build/openjdk-lts-Ae5PRQ/openjdk-lts-10.0.2+13/src/hotspot/share/prims/jni.cpp, line 632]

Events (10 events):
Event: 5203,929 Thread 0x00007fa4ac01e800 Thread exited: 0x00007fa4ac01e800
Event: 5207,588 Thread 0x00007fa4ac01e000 Thread added: 0x00007fa4ac01e000
Event: 5207,589 Thread 0x00007fa4ac01f000 Thread added: 0x00007fa4ac01f000
Event: 5208,590 Thread 0x00007fa4ac01f000 Thread exited: 0x00007fa4ac01f000
Event: 5208,591 Executing VM operation: RevokeBias
Event: 5208,591 Executing VM operation: RevokeBias done
Event: 5208,591 Thread 0x00007fa4ac01e000 Thread exited: 0x00007fa4ac01e000
Event: 20582,520 loading class java/util/Vector$1
Event: 20582,558 loading class java/util/Vector$1 done
Event: 23863,856 loading class jdk/internal/misc/Signal$1


Dynamic libraries:
85600000-8d200000 rw-p 00000000 00:00 0 
8d200000-100000000 ---p 00000000 00:00 0 
100000000-100633000 rw-p 00000000 00:00 0 
100633000-140000000 ---p 00000000 00:00 0 
55f423289000-55f42328a000 r-xp 00000000 08:05 1044648                    /usr/lib/jvm/java-11-openjdk-amd64/bin/java
55f42348a000-55f42348b000 r--p 00001000 08:05 1044648                    /usr/lib/jvm/java-11-openjdk-amd64/bin/java
55f42348b000-55f42348c000 rw-p 00002000 08:05 1044648                    /usr/lib/jvm/java-11-openjdk-amd64/bin/java
55f42351b000-55f42353c000 rw-p 00000000 00:00 0                          [heap]
7fa498000000-7fa498021000 rw-p 00000000 00:00 0 
7fa498021000-7fa49c000000 ---p 00000000 00:00 0 
7fa49f3fe000-7fa49f402000 ---p 00000000 00:00 0 
7fa49f402000-7fa49f4ff000 rw-p 00000000 00:00 0 
7fa49f4ff000-7fa49f503000 ---p 00000000 00:00 0 
7fa49f503000-7fa49f800000 rw-p 00000000 00:00 0 
7fa49f800000-7fa49fa00000 rw-p 00000000 00:00 0 
7fa49fa00000-7fa49fc00000 rw-p 00000000 00:00 0 
7fa49fc00000-7fa49fe00000 rw-p 00000000 00:00 0 
7fa49fe00000-7fa4a0000000 rw-p 00000000 00:00 0 
7fa4a0000000-7fa4a0021000 rw-p 00000000 00:00 0 
7fa4a0021000-7fa4a4000000 ---p 00000000 00:00 0 
7fa4a4000000-7fa4a4f4e000 rw-p 00000000 00:00 0 
7fa4a4f4e000-7fa4a8000000 ---p 00000000 00:00 0 
7fa4a8000000-7fa4a8021000 rw-p 00000000 00:00 0 
7fa4a8021000-7fa4ac000000 ---p 00000000 00:00 0 
7fa4ac000000-7fa4ac027000 rw-p 00000000 00:00 0 
7fa4ac027000-7fa4b0000000 ---p 00000000 00:00 0 
7fa4b0000000-7fa4b0021000 rw-p 00000000 00:00 0 
7fa4b0021000-7fa4b4000000 ---p 00000000 00:00 0 
7fa4b4000000-7fa4b4021000 rw-p 00000000 00:00 0 
7fa4b4021000-7fa4b8000000 ---p 00000000 00:00 0 
7fa4b8000000-7fa4b8021000 rw-p 00000000 00:00 0 
7fa4b8021000-7fa4bc000000 ---p 00000000 00:00 0 
7fa4bc0d9000-7fa4bc0dd000 ---p 00000000 00:00 0 
7fa4bc0dd000-7fa4bc3da000 rw-p 00000000 00:00 0 
7fa4bc3da000-7fa4bc5da000 rw-p 00000000 00:00 0 
7fa4bc5da000-7fa4bc5de000 ---p 00000000 00:00 0 
7fa4bc5de000-7fa4bc6db000 rw-p 00000000 00:00 0 
7fa4bc6db000-7fa4bc6dc000 r-xp 00000000 08:05 1044705                    /usr/lib/jvm/java-11-openjdk-amd64/lib/libextnet.so
7fa4bc6dc000-7fa4bc8db000 ---p 00001000 08:05 1044705                    /usr/lib/jvm/java-11-openjdk-amd64/lib/libextnet.so
7fa4bc8db000-7fa4bc8dc000 r--p 00000000 08:05 1044705                    /usr/lib/jvm/java-11-openjdk-amd64/lib/libextnet.so
7fa4bc8dc000-7fa4bc8dd000 rw-p 00001000 08:05 1044705                    /usr/lib/jvm/java-11-openjdk-amd64/lib/libextnet.so
7fa4bc8dd000-7fa4bcadd000 rw-p 00000000 00:00 0 
7fa4bcadd000-7fa4bccdd000 rw-p 00000000 00:00 0 
7fa4bccdd000-7fa4bcedd000 rw-p 00000000 00:00 0 
7fa4bcedd000-7fa4bcee1000 ---p 00000000 00:00 0 
7fa4bcee1000-7fa4bcfde000 rw-p 00000000 00:00 0 
7fa4bcfde000-7fa4bd1de000 rw-p 00000000 00:00 0 
7fa4bd1de000-7fa4bd3de000 rw-p 00000000 00:00 0 
7fa4bd3de000-7fa4bd5de000 rw-p 00000000 00:00 0 
7fa4bd5de000-7fa4bd7de000 rw-p 00000000 00:00 0 
7fa4bd7de000-7fa4bd9de000 rw-p 00000000 00:00 0 
7fa4bd9de000-7fa4bd9e2000 ---p 00000000 00:00 0 
7fa4bd9e2000-7fa4bdcdf000 rw-p 00000000 00:00 0 
7fa4bdcdf000-7fa4bdce3000 ---p 00000000 00:00 0 
7fa4bdce3000-7fa4bdfe0000 rw-p 00000000 00:00 0 
7fa4bdfe0000-7fa4be1e0000 rw-p 00000000 00:00 0 
7fa4be1e0000-7fa4be1e5000 r-xp 00000000 08:05 271942                     /usr/lib/x86_64-linux-gnu/libXfixes.so.3.1.0
7fa4be1e5000-7fa4be3e4000 ---p 00005000 08:05 271942                     /usr/lib/x86_64-linux-gnu/libXfixes.so.3.1.0
7fa4be3e4000-7fa4be3e5000 r--p 00004000 08:05 271942                     /usr/lib/x86_64-linux-gnu/libXfixes.so.3.1.0
7fa4be3e5000-7fa4be3e6000 rw-p 00005000 08:05 271942                     /usr/lib/x86_64-linux-gnu/libXfixes.so.3.1.0
7fa4be3e6000-7fa4be3ef000 r-xp 00000000 08:05 271934                     /usr/lib/x86_64-linux-gnu/libXcursor.so.1.0.2
7fa4be3ef000-7fa4be5ee000 ---p 00009000 08:05 271934                     /usr/lib/x86_64-linux-gnu/libXcursor.so.1.0.2
7fa4be5ee000-7fa4be5ef000 r--p 00008000 08:05 271934                     /usr/lib/x86_64-linux-gnu/libXcursor.so.1.0.2
7fa4be5ef000-7fa4be5f0000 rw-p 00009000 08:05 271934                     /usr/lib/x86_64-linux-gnu/libXcursor.so.1.0.2
7fa4be5f0000-7fa4be5f1000 ---p 00000000 00:00 0 
7fa4be5f1000-7fa4bedf1000 rw-p 00000000 00:00 0 
7fa4bedf1000-7fa4bedf2000 ---p 00000000 00:00 0 
7fa4bedf2000-7fa4bf5f2000 rw-p 00000000 00:00 0 
7fa4bf5f2000-7fa4bf5f3000 ---p 00000000 00:00 0 
7fa4bf5f3000-7fa4bfdf3000 rw-p 00000000 00:00 0 
7fa4bfdf3000-7fa4bfdff000 r-xp 00000000 08:05 396751                     /usr/lib/x86_64-linux-gnu/gio/modules/libdconfsettings.so
7fa4bfdff000-7fa4bfffe000 ---p 0000c000 08:05 396751                     /usr/lib/x86_64-linux-gnu/gio/modules/libdconfsettings.so
7fa4bfffe000-7fa4bffff000 r--p 0000b000 08:05 396751                     /usr/lib/x86_64-linux-gnu/gio/modules/libdconfsettings.so
7fa4bffff000-7fa4c0000000 rw-p 0000c000 08:05 396751                     /usr/lib/x86_64-linux-gnu/gio/modules/libdconfsettings.so
7fa4c0000000-7fa4c0021000 rw-p 00000000 00:00 0 
7fa4c0021000-7fa4c4000000 ---p 00000000 00:00 0 
7fa4c401e000-7fa4c4022000 ---p 00000000 00:00 0 
7fa4c4022000-7fa4c411f000 rw-p 00000000 00:00 0 
7fa4c411f000-7fa4c4125000 r-xp 00000000 08:05 920010                     /lib/x86_64-linux-gnu/libuuid.so.1.3.0
7fa4c4125000-7fa4c4324000 ---p 00006000 08:05 920010                     /lib/x86_64-linux-gnu/libuuid.so.1.3.0
7fa4c4324000-7fa4c4325000 r--p 00005000 08:05 920010                     /lib/x86_64-linux-gnu/libuuid.so.1.3.0
7fa4c4325000-7fa4c4326000 rw-p 00006000 08:05 920010                     /lib/x86_64-linux-gnu/libuuid.so.1.3.0
7fa4c4326000-7fa4c436d000 r-xp 00000000 08:05 919820                     /lib/x86_64-linux-gnu/libblkid.so.1.1.0
7fa4c436d000-7fa4c456d000 ---p 00047000 08:05 919820                     /lib/x86_64-linux-gnu/libblkid.so.1.1.0
7fa4c456d000-7fa4c4571000 r--p 00047000 08:05 919820                     /lib/x86_64-linux-gnu/libblkid.so.1.1.0
7fa4c4571000-7fa4c4572000 rw-p 0004b000 08:05 919820                     /lib/x86_64-linux-gnu/libblkid.so.1.1.0
7fa4c4572000-7fa4c4573000 rw-p 00000000 00:00 0 
7fa4c4573000-7fa4c45e3000 r-xp 00000000 08:05 919775                     /lib/x86_64-linux-gnu/libpcre.so.3.13.3
7fa4c45e3000-7fa4c47e3000 ---p 00070000 08:05 919775                     /lib/x86_64-linux-gnu/libpcre.so.3.13.3
7fa4c47e3000-7fa4c47e4000 r--p 00070000 08:05 919775                     /lib/x86_64-linux-gnu/libpcre.so.3.13.3
7fa4c47e4000-7fa4c47e5000 rw-p 00071000 08:05 919775                     /lib/x86_64-linux-gnu/libpcre.so.3.13.3
7fa4c47e5000-7fa4c47ec000 r-xp 00000000 08:05 272269                     /usr/lib/x86_64-linux-gnu/libffi.so.6.0.4
7fa4c47ec000-7fa4c49eb000 ---p 00007000 08:05 272269                     /usr/lib/x86_64-linux-gnu/libffi.so.6.0.4
7fa4c49eb000-7fa4c49ec000 r--p 00006000 08:05 272269                     /usr/lib/x86_64-linux-gnu/libffi.so.6.0.4
7fa4c49ec000-7fa4c49ed000 rw-p 00007000 08:05 272269                     /usr/lib/x86_64-linux-gnu/libffi.so.6.0.4
7fa4c49ed000-7fa4c4a3e000 r-xp 00000000 08:05 919686                     /lib/x86_64-linux-gnu/libmount.so.1.1.0
7fa4c4a3e000-7fa4c4c3d000 ---p 00051000 08:05 919686                     /lib/x86_64-linux-gnu/libmount.so.1.1.0
7fa4c4c3d000-7fa4c4c3f000 r--p 00050000 08:05 919686                     /lib/x86_64-linux-gnu/libmount.so.1.1.0
7fa4c4c3f000-7fa4c4c40000 rw-p 00052000 08:05 919686                     /lib/x86_64-linux-gnu/libmount.so.1.1.0
7fa4c4c40000-7fa4c4c41000 rw-p 00000000 00:00 0 
7fa4c4c41000-7fa4c4c58000 r-xp 00000000 08:05 919792                     /lib/x86_64-linux-gnu/libresolv-2.27.so
7fa4c4c58000-7fa4c4e58000 ---p 00017000 08:05 919792                     /lib/x86_64-linux-gnu/libresolv-2.27.so
7fa4c4e58000-7fa4c4e59000 r--p 00017000 08:05 919792                     /lib/x86_64-linux-gnu/libresolv-2.27.so
7fa4c4e59000-7fa4c4e5a000 rw-p 00018000 08:05 919792                     /lib/x86_64-linux-gnu/libresolv-2.27.so
7fa4c4e5a000-7fa4c4e5c000 rw-p 00000000 00:00 0 
7fa4c4e5c000-7fa4c4e81000 r-xp 00000000 08:05 919798                     /lib/x86_64-linux-gnu/libselinux.so.1
7fa4c4e81000-7fa4c5080000 ---p 00025000 08:05 919798                     /lib/x86_64-linux-gnu/libselinux.so.1
7fa4c5080000-7fa4c5081000 r--p 00024000 08:05 919798                     /lib/x86_64-linux-gnu/libselinux.so.1
7fa4c5081000-7fa4c5082000 rw-p 00025000 08:05 919798                     /lib/x86_64-linux-gnu/libselinux.so.1
7fa4c5082000-7fa4c5084000 rw-p 00000000 00:00 0 
7fa4c5084000-7fa4c5197000 r-xp 00000000 08:05 262951                     /usr/lib/x86_64-linux-gnu/libglib-2.0.so.0.5600.3
7fa4c5197000-7fa4c5397000 ---p 00113000 08:05 262951                     /usr/lib/x86_64-linux-gnu/libglib-2.0.so.0.5600.3
7fa4c5397000-7fa4c5398000 r--p 00113000 08:05 262951                     /usr/lib/x86_64-linux-gnu/libglib-2.0.so.0.5600.3
7fa4c5398000-7fa4c5399000 rw-p 00114000 08:05 262951                     /usr/lib/x86_64-linux-gnu/libglib-2.0.so.0.5600.3
7fa4c5399000-7fa4c539a000 rw-p 00000000 00:00 0 
7fa4c539a000-7fa4c539d000 r-xp 00000000 08:05 268079                     /usr/lib/x86_64-linux-gnu/libgmodule-2.0.so.0.5600.3
7fa4c539d000-7fa4c559c000 ---p 00003000 08:05 268079                     /usr/lib/x86_64-linux-gnu/libgmodule-2.0.so.0.5600.3
7fa4c559c000-7fa4c559d000 r--p 00002000 08:05 268079                     /usr/lib/x86_64-linux-gnu/libgmodule-2.0.so.0.5600.3
7fa4c559d000-7fa4c559e000 rw-p 00003000 08:05 268079                     /usr/lib/x86_64-linux-gnu/libgmodule-2.0.so.0.5600.3
7fa4c559e000-7fa4c55f0000 r-xp 00000000 08:05 270586                     /usr/lib/x86_64-linux-gnu/libgobject-2.0.so.0.5600.3
7fa4c55f0000-7fa4c57f0000 ---p 00052000 08:05 270586                     /usr/lib/x86_64-linux-gnu/libgobject-2.0.so.0.5600.3
7fa4c57f0000-7fa4c57f1000 r--p 00052000 08:05 270586                     /usr/lib/x86_64-linux-gnu/libgobject-2.0.so.0.5600.3
7fa4c57f1000-7fa4c57f2000 rw-p 00053000 08:05 270586                     /usr/lib/x86_64-linux-gnu/libgobject-2.0.so.0.5600.3
7fa4c57f2000-7fa4c5987000 r-xp 00000000 08:05 262552                     /usr/lib/x86_64-linux-gnu/libgio-2.0.so.0.5600.3
7fa4c5987000-7fa4c5b87000 ---p 00195000 08:05 262552                     /usr/lib/x86_64-linux-gnu/libgio-2.0.so.0.5600.3
7fa4c5b87000-7fa4c5b8e000 r--p 00195000 08:05 262552                     /usr/lib/x86_64-linux-gnu/libgio-2.0.so.0.5600.3
7fa4c5b8e000-7fa4c5b8f000 rw-p 0019c000 08:05 262552                     /usr/lib/x86_64-linux-gnu/libgio-2.0.so.0.5600.3
7fa4c5b8f000-7fa4c5b91000 rw-p 00000000 00:00 0 
7fa4c5b91000-7fa4c5b9b000 r-xp 00000000 08:05 271958                     /usr/lib/x86_64-linux-gnu/libXrandr.so.2.2.0
7fa4c5b9b000-7fa4c5d9a000 ---p 0000a000 08:05 271958                     /usr/lib/x86_64-linux-gnu/libXrandr.so.2.2.0
7fa4c5d9a000-7fa4c5d9b000 r--p 00009000 08:05 271958                     /usr/lib/x86_64-linux-gnu/libXrandr.so.2.2.0
7fa4c5d9b000-7fa4c5d9c000 rw-p 0000a000 08:05 271958                     /usr/lib/x86_64-linux-gnu/libXrandr.so.2.2.0
7fa4c5d9c000-7fa4c5f9c000 rw-p 00000000 00:00 0 
7fa4c5f9c000-7fa4c5fcd000 r-xp 00000000 08:05 272791                     /usr/lib/x86_64-linux-gnu/libpng16.so.16.34.0
7fa4c5fcd000-7fa4c61cc000 ---p 00031000 08:05 272791                     /usr/lib/x86_64-linux-gnu/libpng16.so.16.34.0
7fa4c61cc000-7fa4c61cd000 r--p 00030000 08:05 272791                     /usr/lib/x86_64-linux-gnu/libpng16.so.16.34.0
7fa4c61cd000-7fa4c61ce000 rw-p 00031000 08:05 272791                     /usr/lib/x86_64-linux-gnu/libpng16.so.16.34.0
7fa4c61ce000-7fa4c627b000 r-xp 00000000 08:05 272301                     /usr/lib/x86_64-linux-gnu/libfreetype.so.6.15.0
7fa4c627b000-7fa4c647a000 ---p 000ad000 08:05 272301                     /usr/lib/x86_64-linux-gnu/libfreetype.so.6.15.0
7fa4c647a000-7fa4c6481000 r--p 000ac000 08:05 272301                     /usr/lib/x86_64-linux-gnu/libfreetype.so.6.15.0
7fa4c6481000-7fa4c6482000 rw-p 000b3000 08:05 272301                     /usr/lib/x86_64-linux-gnu/libfreetype.so.6.15.0
7fa4c6482000-7fa4c6517000 r-xp 00000000 08:05 1044706                    /usr/lib/jvm/java-11-openjdk-amd64/lib/libfontmanager.so
7fa4c6517000-7fa4c6717000 ---p 00095000 08:05 1044706                    /usr/lib/jvm/java-11-openjdk-amd64/lib/libfontmanager.so
7fa4c6717000-7fa4c6718000 r--p 00095000 08:05 1044706                    /usr/lib/jvm/java-11-openjdk-amd64/lib/libfontmanager.so
7fa4c6718000-7fa4c6719000 rw-p 00096000 08:05 1044706                    /usr/lib/jvm/java-11-openjdk-amd64/lib/libfontmanager.so
7fa4c6719000-7fa4c671a000 rw-p 00000000 00:00 0 
7fa4c671a000-7fa4c672d000 r-xp 00000000 08:05 919649                     /lib/x86_64-linux-gnu/libbsd.so.0.8.7
7fa4c672d000-7fa4c692c000 ---p 00013000 08:05 919649                     /lib/x86_64-linux-gnu/libbsd.so.0.8.7
7fa4c692c000-7fa4c692d000 r--p 00012000 08:05 919649                     /lib/x86_64-linux-gnu/libbsd.so.0.8.7
7fa4c692d000-7fa4c692e000 rw-p 00013000 08:05 919649                     /lib/x86_64-linux-gnu/libbsd.so.0.8.7
7fa4c692e000-7fa4c692f000 rw-p 00000000 00:00 0 
7fa4c692f000-7fa4c6934000 r-xp 00000000 08:05 271938                     /usr/lib/x86_64-linux-gnu/libXdmcp.so.6.0.0
7fa4c6934000-7fa4c6b33000 ---p 00005000 08:05 271938                     /usr/lib/x86_64-linux-gnu/libXdmcp.so.6.0.0
7fa4c6b33000-7fa4c6b34000 r--p 00004000 08:05 271938                     /usr/lib/x86_64-linux-gnu/libXdmcp.so.6.0.0
7fa4c6b34000-7fa4c6b35000 rw-p 00005000 08:05 271938                     /usr/lib/x86_64-linux-gnu/libXdmcp.so.6.0.0
7fa4c6b35000-7fa4c6b37000 r-xp 00000000 08:05 271927                     /usr/lib/x86_64-linux-gnu/libXau.so.6.0.0
7fa4c6b37000-7fa4c6d37000 ---p 00002000 08:05 271927                     /usr/lib/x86_64-linux-gnu/libXau.so.6.0.0
7fa4c6d37000-7fa4c6d38000 r--p 00002000 08:05 271927                     /usr/lib/x86_64-linux-gnu/libXau.so.6.0.0
7fa4c6d38000-7fa4c6d39000 rw-p 00003000 08:05 271927                     /usr/lib/x86_64-linux-gnu/libXau.so.6.0.0
7fa4c6d39000-7fa4c6d5f000 r-xp 00000000 08:05 273131                     /usr/lib/x86_64-linux-gnu/libxcb.so.1.1.0
7fa4c6d5f000-7fa4c6f5f000 ---p 00026000 08:05 273131                     /usr/lib/x86_64-linux-gnu/libxcb.so.1.1.0
7fa4c6f5f000-7fa4c6f60000 r--p 00026000 08:05 273131                     /usr/lib/x86_64-linux-gnu/libxcb.so.1.1.0
7fa4c6f60000-7fa4c6f61000 rw-p 00027000 08:05 273131                     /usr/lib/x86_64-linux-gnu/libxcb.so.1.1.0
7fa4c6f61000-7fa4c6f70000 r-xp 00000000 08:05 271948                     /usr/lib/x86_64-linux-gnu/libXi.so.6.1.0
7fa4c6f70000-7fa4c716f000 ---p 0000f000 08:05 271948                     /usr/lib/x86_64-linux-gnu/libXi.so.6.1.0
7fa4c716f000-7fa4c7170000 r--p 0000e000 08:05 271948                     /usr/lib/x86_64-linux-gnu/libXi.so.6.1.0
7fa4c7170000-7fa4c7171000 rw-p 0000f000 08:05 271948                     /usr/lib/x86_64-linux-gnu/libXi.so.6.1.0
7fa4c7171000-7fa4c7176000 r-xp 00000000 08:05 271966                     /usr/lib/x86_64-linux-gnu/libXtst.so.6.1.0
7fa4c7176000-7fa4c7375000 ---p 00005000 08:05 271966                     /usr/lib/x86_64-linux-gnu/libXtst.so.6.1.0
7fa4c7375000-7fa4c7376000 r--p 00004000 08:05 271966                     /usr/lib/x86_64-linux-gnu/libXtst.so.6.1.0
7fa4c7376000-7fa4c7377000 rw-p 00005000 08:05 271966                     /usr/lib/x86_64-linux-gnu/libXtst.so.6.1.0
7fa4c7377000-7fa4c7380000 r-xp 00000000 08:05 271960                     /usr/lib/x86_64-linux-gnu/libXrender.so.1.3.0
7fa4c7380000-7fa4c757f000 ---p 00009000 08:05 271960                     /usr/lib/x86_64-linux-gnu/libXrender.so.1.3.0
7fa4c757f000-7fa4c7580000 r--p 00008000 08:05 271960                     /usr/lib/x86_64-linux-gnu/libXrender.so.1.3.0
7fa4c7580000-7fa4c7581000 rw-p 00009000 08:05 271960                     /usr/lib/x86_64-linux-gnu/libXrender.so.1.3.0
7fa4c7581000-7fa4c76b4000 r-xp 00000000 08:05 263759                     /usr/lib/x86_64-linux-gnu/libX11.so.6.3.0
7fa4c76b4000-7fa4c78b4000 ---p 00133000 08:05 263759                     /usr/lib/x86_64-linux-gnu/libX11.so.6.3.0
7fa4c78b4000-7fa4c78b5000 r--p 00133000 08:05 263759                     /usr/lib/x86_64-linux-gnu/libX11.so.6.3.0
7fa4c78b5000-7fa4c78b9000 rw-p 00134000 08:05 263759                     /usr/lib/x86_64-linux-gnu/libX11.so.6.3.0
7fa4c78b9000-7fa4c78ca000 r-xp 00000000 08:05 271940                     /usr/lib/x86_64-linux-gnu/libXext.so.6.4.0
7fa4c78ca000-7fa4c7ac9000 ---p 00011000 08:05 271940                     /usr/lib/x86_64-linux-gnu/libXext.so.6.4.0
7fa4c7ac9000-7fa4c7aca000 r--p 00010000 08:05 271940                     /usr/lib/x86_64-linux-gnu/libXext.so.6.4.0
7fa4c7aca000-7fa4c7acb000 rw-p 00011000 08:05 271940                     /usr/lib/x86_64-linux-gnu/libXext.so.6.4.0
7fa4c7acb000-7fa4c7b2a000 r-xp 00000000 08:05 1044703                    /usr/lib/jvm/java-11-openjdk-amd64/lib/libawt_xawt.so
7fa4c7b2a000-7fa4c7d29000 ---p 0005f000 08:05 1044703                    /usr/lib/jvm/java-11-openjdk-amd64/lib/libawt_xawt.so
7fa4c7d29000-7fa4c7d2a000 r--p 0005e000 08:05 1044703                    /usr/lib/jvm/java-11-openjdk-amd64/lib/libawt_xawt.so
7fa4c7d2a000-7fa4c7d2d000 rw-p 0005f000 08:05 1044703                    /usr/lib/jvm/java-11-openjdk-amd64/lib/libawt_xawt.so
7fa4c7d2d000-7fa4c7d2f000 rw-p 00000000 00:00 0 
7fa4c7d2f000-7fa4c7dcf000 r-xp 00000000 08:05 1044701                    /usr/lib/jvm/java-11-openjdk-amd64/lib/libawt.so
7fa4c7dcf000-7fa4c7fcf000 ---p 000a0000 08:05 1044701                    /usr/lib/jvm/java-11-openjdk-amd64/lib/libawt.so
7fa4c7fcf000-7fa4c7fd0000 r--p 000a0000 08:05 1044701                    /usr/lib/jvm/java-11-openjdk-amd64/lib/libawt.so
7fa4c7fd0000-7fa4c7fdb000 rw-p 000a1000 08:05 1044701                    /usr/lib/jvm/java-11-openjdk-amd64/lib/libawt.so
7fa4c7fdb000-7fa4c8000000 rw-p 00000000 00:00 0 
7fa4c8000000-7fa4c8021000 rw-p 00000000 00:00 0 
7fa4c8021000-7fa4cc000000 ---p 00000000 00:00 0 
7fa4cc000000-7fa4cc021000 rw-p 00000000 00:00 0 
7fa4cc021000-7fa4d0000000 ---p 00000000 00:00 0 
7fa4d0000000-7fa4d0701000 rw-p 00000000 00:00 0 
7fa4d0701000-7fa4d4000000 ---p 00000000 00:00 0 
7fa4d4000000-7fa4d4021000 rw-p 00000000 00:00 0 
7fa4d4021000-7fa4d8000000 ---p 00000000 00:00 0 
7fa4d8000000-7fa4d9a85000 rw-p 00000000 00:00 0 
7fa4d9a85000-7fa4dc000000 ---p 00000000 00:00 0 
7fa4dc000000-7fa4ddd74000 rw-p 00000000 00:00 0 
7fa4ddd74000-7fa4e0000000 ---p 00000000 00:00 0 
7fa4e0000000-7fa4e0021000 rw-p 00000000 00:00 0 
7fa4e0021000-7fa4e4000000 ---p 00000000 00:00 0 
7fa4e4000000-7fa4e4021000 rw-p 00000000 00:00 0 
7fa4e4021000-7fa4e8000000 ---p 00000000 00:00 0 
7fa4e8000000-7fa4e8057000 rw-p 00000000 00:00 0 
7fa4e8057000-7fa4ec000000 ---p 00000000 00:00 0 
7fa4ec000000-7fa4ec021000 rw-p 00000000 00:00 0 
7fa4ec021000-7fa4f0000000 ---p 00000000 00:00 0 
7fa4f0000000-7fa4f0021000 rw-p 00000000 00:00 0 
7fa4f0021000-7fa4f4000000 ---p 00000000 00:00 0 
7fa4f4000000-7fa4f4021000 rw-p 00000000 00:00 0 
7fa4f4021000-7fa4f8000000 ---p 00000000 00:00 0 
7fa4f8000000-7fa4f8021000 rw-p 00000000 00:00 0 
7fa4f8021000-7fa4fc000000 ---p 00000000 00:00 0 
7fa4fc000000-7fa4fc021000 rw-p 00000000 00:00 0 
7fa4fc021000-7fa500000000 ---p 00000000 00:00 0 
7fa500000000-7fa500021000 rw-p 00000000 00:00 0 
7fa500021000-7fa504000000 ---p 00000000 00:00 0 
7fa504000000-7fa504021000 rw-p 00000000 00:00 0 
7fa504021000-7fa508000000 ---p 00000000 00:00 0 
7fa508000000-7fa508021000 rw-p 00000000 00:00 0 
7fa508021000-7fa50c000000 ---p 00000000 00:00 0 
7fa50c000000-7fa50c021000 rw-p 00000000 00:00 0 
7fa50c021000-7fa510000000 ---p 00000000 00:00 0 
7fa51002b000-7fa51002f000 r--s 00000000 08:05 1206704                    /var/cache/fontconfig/6aa41aa22e18b8fa06a12da28ea9c28b-le64.cache-7
7fa51002f000-7fa51003a000 r--s 00000000 08:05 1192451                    /var/cache/fontconfig/945677eb7aeaf62f1d50efc3fb3ec7d8-le64.cache-7
7fa51003a000-7fa51003f000 r--s 00000000 08:05 1192422                    /var/cache/fontconfig/2300eef321c393bfd76478a5c0e95b23-le64.cache-7
7fa51003f000-7fa510040000 r--s 00000000 08:05 1192415                    /var/cache/fontconfig/0d8c3b2ac0904cb8a57a757ad11a4a08-le64.cache-7
7fa510040000-7fa510055000 r--s 00000000 08:05 1192411                    /var/cache/fontconfig/04aabc0a78ac019cf9454389977116d2-le64.cache-7
7fa510055000-7fa510056000 r--s 00000000 08:05 1192419                    /var/cache/fontconfig/1ac9eb803944fde146138c791f5cc56a-le64.cache-7
7fa510056000-7fa510057000 r--s 00000000 08:05 1192470                    /var/cache/fontconfig/dc05db6664285cc2f12bf69c139ae4c3-le64.cache-7
7fa510057000-7fa51005b000 ---p 00000000 00:00 0 
7fa51005b000-7fa512348000 rw-p 00000000 00:00 0 
7fa512348000-7fa514000000 ---p 00000000 00:00 0 
7fa514000000-7fa514021000 rw-p 00000000 00:00 0 
7fa514021000-7fa518000000 ---p 00000000 00:00 0 
7fa518000000-7fa518021000 rw-p 00000000 00:00 0 
7fa518021000-7fa51c000000 ---p 00000000 00:00 0 
7fa51c000000-7fa51c021000 rw-p 00000000 00:00 0 
7fa51c021000-7fa520000000 ---p 00000000 00:00 0 
7fa520000000-7fa520002000 r--s 00000000 08:05 1192416                    /var/cache/fontconfig/14a5e22175779b556eaa434240950366-le64.cache-7
7fa520002000-7fa520003000 r--s 00000000 08:05 1192443                    /var/cache/fontconfig/660208299946a285a940457d1287da33-le64.cache-7
7fa520003000-7fa520004000 r--s 00000000 08:05 1206489                    /var/cache/fontconfig/5d1cca7074f29429a8d18692746c2426-le64.cache-7
7fa520004000-7fa520006000 r--s 00000000 08:05 1192434                    /var/cache/fontconfig/4f3e3037c9980c83b53a9351efadef62-le64.cache-7
7fa520006000-7fa520008000 r--s 00000000 08:05 1192448                    /var/cache/fontconfig/767a8244fc0220cfb567a839d0392e0b-le64.cache-7
7fa520008000-7fa520009000 r--s 00000000 08:05 1176178                    /var/cache/fontconfig/4794a0821666d79190d59a36cb4f44b5-le64.cache-7
7fa520009000-7fa52000b000 r--s 00000000 08:05 1176008                    /var/cache/fontconfig/0bd3dc0958fa2205aaaa8ebb13e2872b-le64.cache-7
7fa52000b000-7fa520010000 r--s 00000000 08:05 1192471                    /var/cache/fontconfig/def309198bfa603429122923fa2bb2d4-le64.cache-7
7fa520010000-7fa520011000 r--s 00000000 08:05 1192459                    /var/cache/fontconfig/b872e6e592da6075ffa4ab0a1fcc0c75-le64.cache-7
7fa520011000-7fa520012000 r--s 00000000 08:05 1192476                    /var/cache/fontconfig/f6d4eedfaab2589bde49f7a3ff831d22-le64.cache-7
7fa520012000-7fa520013000 r--s 00000000 08:05 1192441                    /var/cache/fontconfig/589f83ef4c36d296ce6e1c846f468f08-le64.cache-7
7fa520013000-7fa520014000 r--s 00000000 08:05 1192461                    /var/cache/fontconfig/bab58bb527bb656aaa9f116d68a48d89-le64.cache-7
7fa520014000-7fa520015000 r--s 00000000 08:05 1192420                    /var/cache/fontconfig/2171a34dccabdb6bcbbc728186263178-le64.cache-7
7fa520015000-7fa520016000 r--s 00000000 08:05 1192462                    /var/cache/fontconfig/c5c45a61289222e0d30b1a26ef4effbe-le64.cache-7
7fa520016000-7fa520017000 r--s 00000000 08:05 1192457                    /var/cache/fontconfig/aec30016f93e1b46d1a973dce0d74068-le64.cache-7
7fa520017000-7fa520018000 r--s 00000000 08:05 1192427                    /var/cache/fontconfig/3f589640d34b7dc9042c8d453f7c8b9c-le64.cache-7
7fa520018000-7fa520019000 r--s 00000000 08:05 1192417                    /var/cache/fontconfig/16c2fda60d1b4b719f4b3d06fd951d25-le64.cache-7
7fa520019000-7fa52001a000 r--s 00000000 08:05 1192456                    /var/cache/fontconfig/a48eab177a16e4f3713381162db2f3e9-le64.cache-7
7fa52001a000-7fa52001b000 r--s 00000000 08:05 1192437                    /var/cache/fontconfig/564b2e68ac9bc4e36a6f7f6d6125ec1c-le64.cache-7
7fa52001b000-7fa520020000 r--s 00000000 08:05 1188065                    /var/cache/fontconfig/9d2451b1fd30e5bffe8383fd27c35478-le64.cache-7
7fa520020000-7fa520026000 r--s 00000000 08:05 1188064                    /var/cache/fontconfig/3047814df9a2f067bd2d96a2b9c36e5a-le64.cache-7
7fa520026000-7fa52002e000 r--s 00000000 08:05 1206702                    /var/cache/fontconfig/bf3b770c553c462765856025a94f1ce6-le64.cache-7
7fa52002e000-7fa52002f000 r--s 00000000 08:05 1192438                    /var/cache/fontconfig/56cf4f4769d0f4abc89a4895d7bd3ae1-le64.cache-7
7fa52002f000-7fa520030000 r--s 00000000 08:05 1192460                    /var/cache/fontconfig/b9d506c9ac06c20b433354fa67a72993-le64.cache-7
7fa520030000-7fa520036000 r--s 00000000 08:05 1192458                    /var/cache/fontconfig/b47c4e1ecd0709278f4910c18777a504-le64.cache-7
7fa520036000-7fa520049000 r--s 00000000 08:05 1192467                    /var/cache/fontconfig/d52a8644073d54c13679302ca1180695-le64.cache-7
7fa520049000-7fa52004a000 r--s 00000000 08:05 1192425                    /var/cache/fontconfig/370e5b74bf5dafc30834de68e24a87a4-le64.cache-7
7fa52004a000-7fa52004b000 r--s 00000000 08:05 1192446                    /var/cache/fontconfig/6b2c5944714ca7831b25bed9e85cb5c8-le64.cache-7
7fa52004b000-7fa52004c000 r--s 00000000 08:05 1192466                    /var/cache/fontconfig/d5178ab6d91b49bf20a416737dcea9e8-le64.cache-7
7fa52004c000-7fa52004d000 r--s 00000000 08:05 1192436                    /var/cache/fontconfig/551ecf3b0e8b0bca0f25c0944f561853-le64.cache-7
7fa52004d000-7fa520050000 r--s 00000000 08:05 1192475                    /var/cache/fontconfig/f259c2cffa685e28062317905db73c4a-le64.cache-7
7fa520050000-7fa520052000 r--s 00000000 08:05 1192435                    /var/cache/fontconfig/550f3886151c940c12a5ed35f6a00586-le64.cache-7
7fa520052000-7fa520055000 r--s 00000000 08:05 1192444                    /var/cache/fontconfig/674d1711f2d1d2a09646eb0bdcadee49-le64.cache-7
7fa520055000-7fa520056000 r--s 00000000 08:05 1192428                    /var/cache/fontconfig/3f7329c5293ffd510edef78f73874cfd-le64.cache-7
7fa520056000-7fa520062000 r--s 00000000 08:05 1199994                    /var/cache/fontconfig/d589a48862398ed80a3d6066f4f56f4c-le64.cache-7
7fa520062000-7fa520063000 r--s 00000000 08:05 1206478                    /var/cache/fontconfig/e7de81b01590fb7e12b38e274e17d0db-le64.cache-7
7fa520063000-7fa520064000 r--s 00000000 08:05 1192414                    /var/cache/fontconfig/0c9eb80ebd1c36541ebe2852d3bb0c49-le64.cache-7
7fa520064000-7fa520065000 r--s 00000000 08:05 1192421                    /var/cache/fontconfig/22368d551a680bfe5a62c02760edf4ea-le64.cache-7
7fa520065000-7fa52007d000 r--s 00000000 08:05 1192469                    /var/cache/fontconfig/e13b20fdb08344e0e664864cc2ede53d-le64.cache-7
7fa52007d000-7fa520081000 ---p 00000000 00:00 0 
7fa520081000-7fa52017e000 rw-p 00000000 00:00 0 
7fa52017e000-7fa520195000 r-xp 00000000 08:05 1044726                    /usr/lib/jvm/java-11-openjdk-amd64/lib/libnet.so
7fa520195000-7fa520394000 ---p 00017000 08:05 1044726                    /usr/lib/jvm/java-11-openjdk-amd64/lib/libnet.so
7fa520394000-7fa520395000 r--p 00016000 08:05 1044726                    /usr/lib/jvm/java-11-openjdk-amd64/lib/libnet.so
7fa520395000-7fa520396000 rw-p 00017000 08:05 1044726                    /usr/lib/jvm/java-11-openjdk-amd64/lib/libnet.so
7fa520396000-7fa5203a7000 r-xp 00000000 08:05 1044727                    /usr/lib/jvm/java-11-openjdk-amd64/lib/libnio.so
7fa5203a7000-7fa5205a6000 ---p 00011000 08:05 1044727                    /usr/lib/jvm/java-11-openjdk-amd64/lib/libnio.so
7fa5205a6000-7fa5205a7000 r--p 00010000 08:05 1044727                    /usr/lib/jvm/java-11-openjdk-amd64/lib/libnio.so
7fa5205a7000-7fa5205a8000 rw-p 00011000 08:05 1044727                    /usr/lib/jvm/java-11-openjdk-amd64/lib/libnio.so
7fa5205a8000-7fa5205ac000 ---p 00000000 00:00 0 
7fa5205ac000-7fa5206a9000 rw-p 00000000 00:00 0 
7fa5206a9000-7fa5206aa000 ---p 00000000 00:00 0 
7fa5206aa000-7fa5207ab000 rw-p 00000000 00:00 0 
7fa5207ab000-7fa5207af000 ---p 00000000 00:00 0 
7fa5207af000-7fa5208ac000 rw-p 00000000 00:00 0 
7fa5208ac000-7fa5208b0000 ---p 00000000 00:00 0 
7fa5208b0000-7fa5209ad000 rw-p 00000000 00:00 0 
7fa5209ad000-7fa5209b1000 ---p 00000000 00:00 0 
7fa5209b1000-7fa520aae000 rw-p 00000000 00:00 0 
7fa520aae000-7fa52147d000 r--p 00000000 08:05 267985                     /usr/lib/locale/locale-archive
7fa52147d000-7fa521e6d000 rw-p 00000000 00:00 0 
7fa521e6d000-7fa523b25000 ---p 00000000 00:00 0 
7fa523b25000-7fa523d95000 rwxp 00000000 00:00 0 
7fa523d95000-7fa5240b5000 ---p 00000000 00:00 0 
7fa5240b5000-7fa524dc5000 rwxp 00000000 00:00 0 
7fa524dc5000-7fa52b5ed000 ---p 00000000 00:00 0 
7fa52b5ed000-7fa52b96d000 rwxp 00000000 00:00 0 
7fa52b96d000-7fa532b25000 ---p 00000000 00:00 0 
7fa532b25000-7fa53c000000 r--s 00000000 08:05 1062053                    /usr/lib/jvm/java-11-openjdk-amd64/lib/modules
7fa53c000000-7fa53c4ff000 rw-p 00000000 00:00 0 
7fa53c4ff000-7fa540000000 ---p 00000000 00:00 0 
7fa540000000-7fa540001000 r--s 00000000 08:05 1192433                    /var/cache/fontconfig/4d9c95eba1cb85bbcf2878543262124a-le64.cache-7
7fa540001000-7fa540002000 r--s 00000000 08:05 1192450                    /var/cache/fontconfig/85e0a52ce643a7ba2ae53e5d6949cead-le64.cache-7
7fa540002000-7fa540010000 r--s 00000000 08:05 1192453                    /var/cache/fontconfig/9b89f8e3dae116d678bbf48e5f21f69b-le64.cache-7
7fa540010000-7fa54001d000 r--s 00000000 08:05 1206697                    /var/cache/fontconfig/8f02d4cb045bd6ce15663e43f347c9f8-le64.cache-7
7fa54001d000-7fa54003e000 r--s 00000000 08:05 1206694                    /var/cache/fontconfig/467c019e582ee353435ea5c21d137ef6-le64.cache-7
7fa54003e000-7fa54006e000 r--p 00000000 08:05 526415                     /usr/share/glib-2.0/schemas/gschemas.compiled
7fa54006e000-7fa54009f000 rw-p 00000000 00:00 0 
7fa54009f000-7fa5400a3000 ---p 00000000 00:00 0 
7fa5400a3000-7fa5401a0000 rw-p 00000000 00:00 0 
7fa5401a0000-7fa5401a4000 ---p 00000000 00:00 0 
7fa5401a4000-7fa5402a1000 rw-p 00000000 00:00 0 
7fa5402a1000-7fa5402a5000 ---p 00000000 00:00 0 
7fa5402a5000-7fa5403a2000 rw-p 00000000 00:00 0 
7fa5403a2000-7fa5403a6000 ---p 00000000 00:00 0 
7fa5403a6000-7fa5404a3000 rw-p 00000000 00:00 0 
7fa5404a3000-7fa5404a7000 ---p 00000000 00:00 0 
7fa5404a7000-7fa5405a4000 rw-p 00000000 00:00 0 
7fa5405a4000-7fa5405a5000 ---p 00000000 00:00 0 
7fa5405a5000-7fa54079f000 rw-p 00000000 00:00 0 
7fa54079f000-7fa5407a0000 ---p 00000000 00:00 0 
7fa5407a0000-7fa5408a1000 rw-p 00000000 00:00 0 
7fa5408a1000-7fa5408a2000 ---p 00000000 00:00 0 
7fa5408a2000-7fa5409a3000 rw-p 00000000 00:00 0 
7fa5409a3000-7fa5409a4000 ---p 00000000 00:00 0 
7fa5409a4000-7fa540aa5000 rw-p 00000000 00:00 0 
7fa540aa5000-7fa540aa6000 ---p 00000000 00:00 0 
7fa540aa6000-7fa540ba7000 rw-p 00000000 00:00 0 
7fa540ba7000-7fa540ba8000 ---p 00000000 00:00 0 
7fa540ba8000-7fa5410ad000 rw-p 00000000 00:00 0 
7fa5410ad000-7fa5410ae000 ---p 00000000 00:00 0 
7fa5410ae000-7fa5411af000 rw-p 00000000 00:00 0 
7fa5411af000-7fa5411b0000 ---p 00000000 00:00 0 
7fa5411b0000-7fa5412ef000 rw-p 00000000 00:00 0 
7fa5412ef000-7fa541686000 ---p 00000000 00:00 0 
7fa541686000-7fa5416c4000 rw-p 00000000 00:00 0 
7fa5416c4000-7fa541a5b000 ---p 00000000 00:00 0 
7fa541a5b000-7fa541a99000 rw-p 00000000 00:00 0 
7fa541a99000-7fa541e30000 ---p 00000000 00:00 0 
7fa541e30000-7fa542234000 rw-p 00000000 00:00 0 
7fa542234000-7fa542235000 ---p 00000000 00:00 0 
7fa542235000-7fa542336000 rw-p 00000000 00:00 0 
7fa542336000-7fa542337000 ---p 00000000 00:00 0 
7fa542337000-7fa542438000 rw-p 00000000 00:00 0 
7fa542438000-7fa542439000 ---p 00000000 00:00 0 
7fa542439000-7fa54253a000 rw-p 00000000 00:00 0 
7fa54253a000-7fa54253b000 ---p 00000000 00:00 0 
7fa54253b000-7fa542643000 rw-p 00000000 00:00 0 
7fa542643000-7fa542727000 ---p 00000000 00:00 0 
7fa542727000-7fa542742000 rw-p 00000000 00:00 0 
7fa542742000-7fa542812000 ---p 00000000 00:00 0 
7fa542812000-7fa542817000 r-xp 00000000 08:05 1044718                    /usr/lib/jvm/java-11-openjdk-amd64/lib/libjimage.so
7fa542817000-7fa542a16000 ---p 00005000 08:05 1044718                    /usr/lib/jvm/java-11-openjdk-amd64/lib/libjimage.so
7fa542a16000-7fa542a17000 r--p 00004000 08:05 1044718                    /usr/lib/jvm/java-11-openjdk-amd64/lib/libjimage.so
7fa542a17000-7fa542a18000 rw-p 00005000 08:05 1044718                    /usr/lib/jvm/java-11-openjdk-amd64/lib/libjimage.so
7fa542a18000-7fa542a1f000 r-xp 00000000 08:05 1062049                    /usr/lib/jvm/java-11-openjdk-amd64/lib/libzip.so
7fa542a1f000-7fa542c1e000 ---p 00007000 08:05 1062049                    /usr/lib/jvm/java-11-openjdk-amd64/lib/libzip.so
7fa542c1e000-7fa542c1f000 r--p 00006000 08:05 1062049                    /usr/lib/jvm/java-11-openjdk-amd64/lib/libzip.so
7fa542c1f000-7fa542c20000 rw-p 00007000 08:05 1062049                    /usr/lib/jvm/java-11-openjdk-amd64/lib/libzip.so
7fa542c20000-7fa542c2b000 r-xp 00000000 08:05 919743                     /lib/x86_64-linux-gnu/libnss_files-2.27.so
7fa542c2b000-7fa542e2a000 ---p 0000b000 08:05 919743                     /lib/x86_64-linux-gnu/libnss_files-2.27.so
7fa542e2a000-7fa542e2b000 r--p 0000a000 08:05 919743                     /lib/x86_64-linux-gnu/libnss_files-2.27.so
7fa542e2b000-7fa542e2c000 rw-p 0000b000 08:05 919743                     /lib/x86_64-linux-gnu/libnss_files-2.27.so
7fa542e2c000-7fa542e32000 rw-p 00000000 00:00 0 
7fa542e32000-7fa542e49000 r-xp 00000000 08:05 919737                     /lib/x86_64-linux-gnu/libnsl-2.27.so
7fa542e49000-7fa543048000 ---p 00017000 08:05 919737                     /lib/x86_64-linux-gnu/libnsl-2.27.so
7fa543048000-7fa543049000 r--p 00016000 08:05 919737                     /lib/x86_64-linux-gnu/libnsl-2.27.so
7fa543049000-7fa54304a000 rw-p 00017000 08:05 919737                     /lib/x86_64-linux-gnu/libnsl-2.27.so
7fa54304a000-7fa54304c000 rw-p 00000000 00:00 0 
7fa54304c000-7fa543057000 r-xp 00000000 08:05 919754                     /lib/x86_64-linux-gnu/libnss_nis-2.27.so
7fa543057000-7fa543256000 ---p 0000b000 08:05 919754                     /lib/x86_64-linux-gnu/libnss_nis-2.27.so
7fa543256000-7fa543257000 r--p 0000a000 08:05 919754                     /lib/x86_64-linux-gnu/libnss_nis-2.27.so
7fa543257000-7fa543258000 rw-p 0000b000 08:05 919754                     /lib/x86_64-linux-gnu/libnss_nis-2.27.so
7fa543258000-7fa543260000 r-xp 00000000 08:05 919739                     /lib/x86_64-linux-gnu/libnss_compat-2.27.so
7fa543260000-7fa543460000 ---p 00008000 08:05 919739                     /lib/x86_64-linux-gnu/libnss_compat-2.27.so
7fa543460000-7fa543461000 r--p 00008000 08:05 919739                     /lib/x86_64-linux-gnu/libnss_compat-2.27.so
7fa543461000-7fa543462000 rw-p 00009000 08:05 919739                     /lib/x86_64-linux-gnu/libnss_compat-2.27.so
7fa543462000-7fa54348e000 r-xp 00000000 08:05 1044714                    /usr/lib/jvm/java-11-openjdk-amd64/lib/libjava.so
7fa54348e000-7fa54368d000 ---p 0002c000 08:05 1044714                    /usr/lib/jvm/java-11-openjdk-amd64/lib/libjava.so
7fa54368d000-7fa54368e000 r--p 0002b000 08:05 1044714                    /usr/lib/jvm/java-11-openjdk-amd64/lib/libjava.so
7fa54368e000-7fa543690000 rw-p 0002c000 08:05 1044714                    /usr/lib/jvm/java-11-openjdk-amd64/lib/libjava.so
7fa543690000-7fa54369d000 r-xp 00000000 08:05 1062045                    /usr/lib/jvm/java-11-openjdk-amd64/lib/libverify.so
7fa54369d000-7fa54389c000 ---p 0000d000 08:05 1062045                    /usr/lib/jvm/java-11-openjdk-amd64/lib/libverify.so
7fa54389c000-7fa54389e000 r--p 0000c000 08:05 1062045                    /usr/lib/jvm/java-11-openjdk-amd64/lib/libverify.so
7fa54389e000-7fa54389f000 rw-p 0000e000 08:05 1062045                    /usr/lib/jvm/java-11-openjdk-amd64/lib/libverify.so
7fa54389f000-7fa5438a6000 r-xp 00000000 08:05 919794                     /lib/x86_64-linux-gnu/librt-2.27.so
7fa5438a6000-7fa543aa5000 ---p 00007000 08:05 919794                     /lib/x86_64-linux-gnu/librt-2.27.so
7fa543aa5000-7fa543aa6000 r--p 00006000 08:05 919794                     /lib/x86_64-linux-gnu/librt-2.27.so
7fa543aa6000-7fa543aa7000 rw-p 00007000 08:05 919794                     /lib/x86_64-linux-gnu/librt-2.27.so
7fa543aa7000-7fa543abe000 r-xp 00000000 08:05 913937                     /lib/x86_64-linux-gnu/libgcc_s.so.1
7fa543abe000-7fa543cbd000 ---p 00017000 08:05 913937                     /lib/x86_64-linux-gnu/libgcc_s.so.1
7fa543cbd000-7fa543cbe000 r--p 00016000 08:05 913937                     /lib/x86_64-linux-gnu/libgcc_s.so.1
7fa543cbe000-7fa543cbf000 rw-p 00017000 08:05 913937                     /lib/x86_64-linux-gnu/libgcc_s.so.1
7fa543cbf000-7fa543e5c000 r-xp 00000000 08:05 919716                     /lib/x86_64-linux-gnu/libm-2.27.so
7fa543e5c000-7fa54405b000 ---p 0019d000 08:05 919716                     /lib/x86_64-linux-gnu/libm-2.27.so
7fa54405b000-7fa54405c000 r--p 0019c000 08:05 919716                     /lib/x86_64-linux-gnu/libm-2.27.so
7fa54405c000-7fa54405d000 rw-p 0019d000 08:05 919716                     /lib/x86_64-linux-gnu/libm-2.27.so
7fa54405d000-7fa5441d6000 r-xp 00000000 08:05 261187                     /usr/lib/x86_64-linux-gnu/libstdc++.so.6.0.25
7fa5441d6000-7fa5443d6000 ---p 00179000 08:05 261187                     /usr/lib/x86_64-linux-gnu/libstdc++.so.6.0.25
7fa5443d6000-7fa5443e0000 r--p 00179000 08:05 261187                     /usr/lib/x86_64-linux-gnu/libstdc++.so.6.0.25
7fa5443e0000-7fa5443e2000 rw-p 00183000 08:05 261187                     /usr/lib/x86_64-linux-gnu/libstdc++.so.6.0.25
7fa5443e2000-7fa5443e6000 rw-p 00000000 00:00 0 
7fa5443e6000-7fa545383000 r-xp 00000000 08:05 1062065                    /usr/lib/jvm/java-11-openjdk-amd64/lib/server/libjvm.so
7fa545383000-7fa545583000 ---p 00f9d000 08:05 1062065                    /usr/lib/jvm/java-11-openjdk-amd64/lib/server/libjvm.so
7fa545583000-7fa545647000 r--p 00f9d000 08:05 1062065                    /usr/lib/jvm/java-11-openjdk-amd64/lib/server/libjvm.so
7fa545647000-7fa54567f000 rw-p 01061000 08:05 1062065                    /usr/lib/jvm/java-11-openjdk-amd64/lib/server/libjvm.so
7fa54567f000-7fa5456c8000 rw-p 00000000 00:00 0 
7fa5456c8000-7fa5456e2000 r-xp 00000000 08:05 919786                     /lib/x86_64-linux-gnu/libpthread-2.27.so
7fa5456e2000-7fa5458e1000 ---p 0001a000 08:05 919786                     /lib/x86_64-linux-gnu/libpthread-2.27.so
7fa5458e1000-7fa5458e2000 r--p 00019000 08:05 919786                     /lib/x86_64-linux-gnu/libpthread-2.27.so
7fa5458e2000-7fa5458e3000 rw-p 0001a000 08:05 919786                     /lib/x86_64-linux-gnu/libpthread-2.27.so
7fa5458e3000-7fa5458e7000 rw-p 00000000 00:00 0 
7fa5458e7000-7fa5458ea000 r-xp 00000000 08:05 919676                     /lib/x86_64-linux-gnu/libdl-2.27.so
7fa5458ea000-7fa545ae9000 ---p 00003000 08:05 919676                     /lib/x86_64-linux-gnu/libdl-2.27.so
7fa545ae9000-7fa545aea000 r--p 00002000 08:05 919676                     /lib/x86_64-linux-gnu/libdl-2.27.so
7fa545aea000-7fa545aeb000 rw-p 00003000 08:05 919676                     /lib/x86_64-linux-gnu/libdl-2.27.so
7fa545aeb000-7fa545b07000 r-xp 00000000 08:05 919825                     /lib/x86_64-linux-gnu/libz.so.1.2.11
7fa545b07000-7fa545d06000 ---p 0001c000 08:05 919825                     /lib/x86_64-linux-gnu/libz.so.1.2.11
7fa545d06000-7fa545d07000 r--p 0001b000 08:05 919825                     /lib/x86_64-linux-gnu/libz.so.1.2.11
7fa545d07000-7fa545d08000 rw-p 0001c000 08:05 919825                     /lib/x86_64-linux-gnu/libz.so.1.2.11
7fa545d08000-7fa545eef000 r-xp 00000000 08:05 919653                     /lib/x86_64-linux-gnu/libc-2.27.so
7fa545eef000-7fa5460ef000 ---p 001e7000 08:05 919653                     /lib/x86_64-linux-gnu/libc-2.27.so
7fa5460ef000-7fa5460f3000 r--p 001e7000 08:05 919653                     /lib/x86_64-linux-gnu/libc-2.27.so
7fa5460f3000-7fa5460f5000 rw-p 001eb000 08:05 919653                     /lib/x86_64-linux-gnu/libc-2.27.so
7fa5460f5000-7fa5460f9000 rw-p 00000000 00:00 0 
7fa5460f9000-7fa546108000 r-xp 00000000 08:05 1044697                    /usr/lib/jvm/java-11-openjdk-amd64/lib/jli/libjli.so
7fa546108000-7fa546307000 ---p 0000f000 08:05 1044697                    /usr/lib/jvm/java-11-openjdk-amd64/lib/jli/libjli.so
7fa546307000-7fa546308000 r--p 0000e000 08:05 1044697                    /usr/lib/jvm/java-11-openjdk-amd64/lib/jli/libjli.so
7fa546308000-7fa546309000 rw-p 0000f000 08:05 1044697                    /usr/lib/jvm/java-11-openjdk-amd64/lib/jli/libjli.so
7fa546309000-7fa546330000 r-xp 00000000 08:05 919625                     /lib/x86_64-linux-gnu/ld-2.27.so
7fa546330000-7fa546331000 r--s 00000000 08:05 1192430                    /var/cache/fontconfig/49f0de54bdd920fe4f0dfd4cbac43e6b-le64.cache-7
7fa546331000-7fa546332000 r--s 00000000 08:05 1192477                    /var/cache/fontconfig/f6e6e0a5c3d2f6ae0c0c2e0ecd42a997-le64.cache-7
7fa546332000-7fa546333000 r--s 00000000 08:05 1192431                    /var/cache/fontconfig/4b2eda6bb976bda485cb2176619421d5-le64.cache-7
7fa546333000-7fa546335000 r--s 00000000 08:05 1192445                    /var/cache/fontconfig/6afa1bb216ce958c1589e297e8008489-le64.cache-7
7fa546335000-7fa546338000 r--s 00000000 08:05 1206699                    /var/cache/fontconfig/16326683038b281783a0ef8c680e3a10-le64.cache-7
7fa546350000-7fa546355000 r--p 00000000 08:07 2894353                    /home/christoph/.config/dconf/user (deleted)
7fa546355000-7fa546412000 rw-p 00000000 00:00 0 
7fa546412000-7fa546416000 ---p 00000000 00:00 0 
7fa546416000-7fa546515000 rw-p 00000000 00:00 0 
7fa546515000-7fa546516000 r--s 00000000 08:05 1206695                    /var/cache/fontconfig/e0aa53bcfa504e64f87823c16bc01eb6-le64.cache-7
7fa546516000-7fa546517000 r--s 00000000 00:33 36                         /run/user/1000/dconf/user (deleted)
7fa546517000-7fa54651d000 rw-p 00000000 00:00 0 
7fa54651d000-7fa546524000 ---p 00000000 00:00 0 
7fa546524000-7fa54652c000 rw-s 00000000 08:05 130604                     /tmp/hsperfdata_christoph/7941
7fa54652c000-7fa54652d000 ---p 00000000 00:00 0 
7fa54652d000-7fa54652e000 r--p 00000000 00:00 0 
7fa54652e000-7fa546530000 rw-p 00000000 00:00 0 
7fa546530000-7fa546531000 r--p 00027000 08:05 919625                     /lib/x86_64-linux-gnu/ld-2.27.so
7fa546531000-7fa546532000 rw-p 00028000 08:05 919625                     /lib/x86_64-linux-gnu/ld-2.27.so
7fa546532000-7fa546533000 rw-p 00000000 00:00 0 
7ffc3e166000-7ffc3e187000 rw-p 00000000 00:00 0                          [stack]
7ffc3e1a8000-7ffc3e1ab000 r--p 00000000 00:00 0                          [vvar]
7ffc3e1ab000-7ffc3e1ad000 r-xp 00000000 00:00 0                          [vdso]
ffffffffff600000-ffffffffff601000 r-xp 00000000 00:00 0                  [vsyscall]


VM Arguments:
jvm_args: -Dfile.encoding=UTF-8 
java_command: Controllers.TRECController
java_class_path (initial): /home/christoph/Uni/OAD/OAD-2018-2019/Ass2/UI-Prototyp:/home/christoph/Uni/OAD/OAD-2018-2019/Ass2/UI-Prototyp/lib/antlr-2.7.7.jar:/home/christoph/Uni/OAD/OAD-2018-2019/Ass2/UI-Prototyp/lib/byte-buddy-1.8.17.jar:/home/christoph/Uni/OAD/OAD-2018-2019/Ass2/UI-Prototyp/lib/classmate-1.3.4.jar:/home/christoph/Uni/OAD/OAD-2018-2019/Ass2/UI-Prototyp/lib/dom4j-2.1.1.jar:/home/christoph/Uni/OAD/OAD-2018-2019/Ass2/UI-Prototyp/lib/hibernate-commons-annotations-5.0.4.Final.jar:/home/christoph/Uni/OAD/OAD-2018-2019/Ass2/UI-Prototyp/lib/hibernate-core-5.3.7.Final.jar:/home/christoph/Uni/OAD/OAD-2018-2019/Ass2/UI-Prototyp/lib/jandex-2.0.5.Final.jar:/home/christoph/Uni/OAD/OAD-2018-2019/Ass2/UI-Prototyp/lib/javassist-3.23.1-GA.jar:/home/christoph/Uni/OAD/OAD-2018-2019/Ass2/UI-Prototyp/lib/javax.activation-api-1.2.0.jar:/home/christoph/Uni/OAD/OAD-2018-2019/Ass2/UI-Prototyp/lib/javax.persistence-api-2.2.jar:/home/christoph/Uni/OAD/OAD-2018-2019/Ass2/UI-Prototyp/lib/jboss-logging-3.3.2.Final.jar:/home/christoph/Uni/OAD/OAD-2018-2019/Ass2/UI-Prototyp/lib/jboss-transaction-api_1.2_spec-1.1.1.Final.jar:/home/christoph/Uni/OAD/OAD-2018-2019/Ass2/UI-Prototyp/lib/mysql-connector-java-8.0.13.jar:/home/christoph/Uni/OAD/OAD-2018-2019/Ass2/UI-Prototyp/lib/javax.activation-1.2.0.jar:/home/christoph/Uni/OAD/OAD-2018-2019/Ass2/UI-Prototyp/lib/jaxb-api-2.3.0.jar:/home/christoph/Uni/OAD/OAD-2018-2019/Ass2/UI-Prototyp/lib/jaxb-core-2.3.0.jar:/home/christoph/Uni/OAD/OAD-2018-2019/Ass2/UI-Prototyp/lib/jaxb-impl-2.3.0.jar
Launcher Type: SUN_STANDARD

Logging:
Log output configuration:
#0: stdout all=warning uptime,level,tags
#1: stderr all=off uptime,level,tags

Environment Variables:
PATH=/home/christoph/.local/bin:/usr/local/sbin:/usr/local/bin:/usr/sbin:/usr/bin:/sbin:/bin:/usr/games:/usr/local/games:/snap/bin
USERNAME=christoph
SHELL=/bin/bash
DISPLAY=:0

Signal Handlers:
SIGSEGV: [libjvm.so+0xd28b70], sa_mask[0]=11111111011111111101111111111110, sa_flags=SA_RESTART|SA_SIGINFO
SIGBUS: [libjvm.so+0xd28b70], sa_mask[0]=11111111011111111101111111111110, sa_flags=SA_RESTART|SA_SIGINFO
SIGFPE: [libjvm.so+0xd28b70], sa_mask[0]=11111111011111111101111111111110, sa_flags=SA_RESTART|SA_SIGINFO
SIGPIPE: SIG_IGN, sa_mask[0]=00000000000010000000000000000000, sa_flags=SA_RESTART
SIGXFSZ: [libjvm.so+0xb2a1f0], sa_mask[0]=11111111011111111101111111111110, sa_flags=SA_RESTART|SA_SIGINFO
SIGILL: [libjvm.so+0xd28b70], sa_mask[0]=11111111011111111101111111111110, sa_flags=SA_RESTART|SA_SIGINFO
SIGUSR2: [libjvm.so+0xb2a030], sa_mask[0]=00100000000000000000000000000000, sa_flags=SA_RESTART|SA_SIGINFO
SIGHUP: [libjvm.so+0xb2a180], sa_mask[0]=11111111011111111101111111111110, sa_flags=SA_RESTART|SA_SIGINFO
SIGINT: [libjvm.so+0xb2a180], sa_mask[0]=11111111011111111101111111111110, sa_flags=SA_RESTART|SA_SIGINFO
SIGTERM: [libjvm.so+0xb2a180], sa_mask[0]=11111111011111111101111111111110, sa_flags=SA_RESTART|SA_SIGINFO
SIGQUIT: [libjvm.so+0xb2a180], sa_mask[0]=11111111011111111101111111111110, sa_flags=SA_RESTART|SA_SIGINFO


---------------  S Y S T E M  ---------------

OS:DISTRIB_ID=Ubuntu
DISTRIB_RELEASE=18.04
DISTRIB_CODENAME=bionic
DISTRIB_DESCRIPTION="Ubuntu 18.04.1 LTS"
uname:Linux 4.15.0-43-generic #46-Ubuntu SMP Thu Dec 6 14:45:28 UTC 2018 x86_64
libc:glibc 2.27 NPTL 2.27 
rlimit: STACK 8192k, CORE 0k, NPROC 30905, NOFILE 4096, AS infinity, DATA infinity, FSIZE infinity
load average:1,35 1,66 1,63

/proc/meminfo:
MemTotal:        8029488 kB
MemFree:         2553160 kB
MemAvailable:    2756168 kB
Buffers:           32712 kB
Cached:           515368 kB
SwapCached:        54724 kB
Active:          4197624 kB
Inactive:        1011796 kB
Active(anon):    4010320 kB
Inactive(anon):   794620 kB
Active(file):     187304 kB
Inactive(file):   217176 kB
Unevictable:          32 kB
Mlocked:              32 kB
SwapTotal:       3906556 kB
SwapFree:         455260 kB
Dirty:              2480 kB
Writeback:             0 kB
AnonPages:       4607904 kB
Mapped:           220524 kB
Shmem:            142448 kB
Slab:             116984 kB
SReclaimable:      45532 kB
SUnreclaim:        71452 kB
KernelStack:       28644 kB
PageTables:        55228 kB
NFS_Unstable:          0 kB
Bounce:                0 kB
WritebackTmp:          0 kB
CommitLimit:     7921300 kB
Committed_AS:   14374880 kB
VmallocTotal:   34359738367 kB
VmallocUsed:           0 kB
VmallocChunk:          0 kB
HardwareCorrupted:     0 kB
AnonHugePages:         0 kB
ShmemHugePages:        0 kB
ShmemPmdMapped:        0 kB
CmaTotal:              0 kB
CmaFree:               0 kB
HugePages_Total:       0
HugePages_Free:        0
HugePages_Rsvd:        0
HugePages_Surp:        0
Hugepagesize:       2048 kB
DirectMap4k:      187796 kB
DirectMap2M:     7014400 kB
DirectMap1G:     1048576 kB

container (cgroup) information:
container_type: cgroupv1
cpu_cpuset_cpus: 0-3
cpu_memory_nodes: 0
active_processor_count: 4
cpu_quota: -1
cpu_period: 100000
cpu_shares: -1
memory_limit_in_bytes: -1
memory_and_swap_limit_in_bytes: -2
memory_soft_limit_in_bytes: -1
memory_usage_in_bytes: 5284167680
memory_max_usage_in_bytes: 0


CPU:total 4 (initial active 4) (2 cores per cpu, 2 threads per core) family 6 model 78 stepping 3, cmov, cx8, fxsr, mmx, sse, sse2, sse3, ssse3, sse4.1, sse4.2, popcnt, avx, avx2, aes, clmul, erms, 3dnowpref, lzcnt, ht, tsc, tscinvbit, bmi1, bmi2, adx, fma
CPU Model and flags from /proc/cpuinfo:
model name	: Intel(R) Core(TM) i5-6200U CPU @ 2.30GHz
flags		: fpu vme de pse tsc msr pae mce cx8 apic sep mtrr pge mca cmov pat pse36 clflush dts acpi mmx fxsr sse sse2 ss ht tm pbe syscall nx pdpe1gb rdtscp lm constant_tsc art arch_perfmon pebs bts rep_good nopl xtopology nonstop_tsc cpuid aperfmperf tsc_known_freq pni pclmulqdq dtes64 monitor ds_cpl vmx est tm2 ssse3 sdbg fma cx16 xtpr pdcm pcid sse4_1 sse4_2 x2apic movbe popcnt tsc_deadline_timer aes xsave avx f16c rdrand lahf_lm abm 3dnowprefetch cpuid_fault epb invpcid_single pti ssbd ibrs ibpb stibp tpr_shadow vnmi flexpriority ept vpid fsgsbase tsc_adjust bmi1 avx2 smep bmi2 erms invpcid mpx rdseed adx smap clflushopt intel_pt xsaveopt xsavec xgetbv1 xsaves dtherm ida arat pln pts hwp hwp_notify hwp_act_window hwp_epp flush_l1d

Memory: 4k page, physical 8029488k(2552664k free), swap 3906556k(455496k free)

vm_info: OpenJDK 64-Bit Server VM (10.0.2+13-Ubuntu-1ubuntu0.18.04.4) for linux-amd64 JRE (10.0.2+13-Ubuntu-1ubuntu0.18.04.4), built on Nov 13 2018 12:53:39 by "buildd" with gcc 7.3.0

END.
