#
# A fatal error has been detected by the Java Runtime Environment:
#
#  SIGSEGV (0xb) at pc=0x00007fc567b7fb1e, pid=9690, tid=9724
#
# JRE version: OpenJDK Runtime Environment (10.0.2+13) (build 10.0.2+13-Ubuntu-1ubuntu0.18.04.4)
# Java VM: OpenJDK 64-Bit Server VM (10.0.2+13-Ubuntu-1ubuntu0.18.04.4, mixed mode, tiered, compressed oops, g1 gc, linux-amd64)
# Problematic frame:
# v  ~BufferBlob::jni_fast_GetLongField
#
# Core dump will be written. Default location: Core dumps may be processed with "/usr/share/apport/apport %p %s %c %d %P" (or dumping to /home/christoph/Uni/OAD/OAD-2018-2019/Ass2/UI-Prototyp/core.9690)
#
# If you would like to submit a bug report, please visit:
#   http://bugreport.java.com/bugreport/crash.jsp
# The crash happened outside the Java Virtual Machine in native code.
# See problematic frame for where to report the bug.
#

---------------  S U M M A R Y ------------

Command Line: -Dfile.encoding=UTF-8 Controllers.TRECController

Host: Intel(R) Core(TM) i5-6200U CPU @ 2.30GHz, 4 cores, 7G, Ubuntu 18.04.1 LTS
Time: Thu Jan 24 23:40:27 2019 CET elapsed time: 20299 seconds (0d 5h 38m 19s)

---------------  T H R E A D  ---------------

Current thread (0x00007fc580452800):  JavaThread "AWT-XAWT" daemon [_thread_in_native, id=9724, stack(0x00007fc554057000,0x00007fc554158000)]

Stack: [0x00007fc554057000,0x00007fc554158000],  sp=0x00007fc554156758,  free space=1021k
Native frames: (J=compiled Java code, A=aot compiled Java code, j=interpreted, Vv=VM code, C=native code)
v  ~BufferBlob::jni_fast_GetLongField
C  [libX11.so.6+0x64b1d]  _XimServerDestroy+0x3d

Java frames: (J=compiled Java code, j=interpreted, Vv=VM code)
J 3777  sun.awt.X11.XlibWrapper.XFilterEvent(JJ)Z java.desktop@10.0.2 (0 bytes) @ 0x00007fc56f77c204 [0x00007fc56f77c1c0+0x0000000000000044]
J 6109% c1 sun.awt.X11.XToolkit.run(Z)V java.desktop@10.0.2 (384 bytes) @ 0x00007fc568ce1e0c [0x00007fc568cdec20+0x00000000000031ec]
j  sun.awt.X11.XToolkit.run()V+5 java.desktop@10.0.2
j  java.lang.Thread.run()V+11 java.base@10.0.2
v  ~StubRoutines::call_stub

siginfo: si_signo: 11 (SIGSEGV), si_code: 1 (SEGV_MAPERR), si_addr: 0x0000000000000000

Register to memory mapping:

RAX=0x00007fc589639a80: <offset 0x0000000001274a80> in /usr/lib/jvm/java-11-openjdk-amd64/lib/server/libjvm.so at 0x00007fc5883c5000
RBX=0x00007fc580452a00 is an unknown value
RCX=0x0000000000000000 is pointing into the stack for thread: 0x00007fc4e8854000
RDX=0x0000000000000042 is an unknown value
RSP=0x00007fc554156758 is pointing into the stack for thread: 0x00007fc580452800
RBP=0x00007fc554156780 is pointing into the stack for thread: 0x00007fc580452800
RSI=0x0000000000000000 is pointing into the stack for thread: 0x00007fc4e8854000
RDI=0x00007fc580452a00 is an unknown value
R8 =0x00007fc50b5dd9b0: <offset 0x000000000005c9b0> in /usr/lib/x86_64-linux-gnu/libX11.so.6 at 0x00007fc50b581000
R9 =0x0000000000000000 is pointing into the stack for thread: 0x00007fc4e8854000
R10=0x00000000000002e8 is an unknown value
R11=0x0000000089648ad0 is an oop
java.util.logging.Logger$ConfigurationData 
{0x0000000089648ad0} - klass: 'java/util/logging/Logger$ConfigurationData'
R12=0x0000000000000000 is an unknown value
R13=0x0000000000000000 is an unknown value
R14=0x00007fc50bd2e5c0: <offset 0x00000000002635c0> in /usr/lib/jvm/java-11-openjdk-amd64/lib/libawt_xawt.so at 0x00007fc50bacb000
R15=0x00007fc580452800 is a thread


Registers:
RAX=0x00007fc589639a80, RBX=0x00007fc580452a00, RCX=0x0000000000000000, RDX=0x0000000000000042
RSP=0x00007fc554156758, RBP=0x00007fc554156780, RSI=0x0000000000000000, RDI=0x00007fc580452a00
R8 =0x00007fc50b5dd9b0, R9 =0x0000000000000000, R10=0x00000000000002e8, R11=0x0000000089648ad0
R12=0x0000000000000000, R13=0x0000000000000000, R14=0x00007fc50bd2e5c0, R15=0x00007fc580452800
RIP=0x00007fc567b7fb1e, EFLAGS=0x0000000000010246, CSGSFS=0x002b000000000033, ERR=0x0000000000000004
  TRAPNO=0x000000000000000e

Top of Stack: (sp=0x00007fc554156758)
0x00007fc554156758:   00007fc50bb021d4 0000000089648a88
0x00007fc554156768:   0000000000000000 00000000858ea128
0x00007fc554156778:   00007fc554156800 00007fc4e80858c0
0x00007fc554156788:   00007fc50b5e5b1d 0000000089648a88 

Instructions: (pc=0x00007fc567b7fb1e)
0x00007fc567b7fafe:   00 00 44 8b 15 7d 58 b0 21 4c 8b ce 41 f6 c2 01
0x00007fc567b7fb0e:   0f 85 32 00 00 00 4d 33 ca 4d 33 ca 49 83 e1 fe
0x00007fc567b7fb1e:   4d 8b 09 4c 8b da 49 c1 eb 02 4b 8b 04 19 49 bb
0x00007fc567b7fb2e:   84 53 68 89 c5 7f 00 00 4c 33 d8 4c 33 d8 45 3b 



---------------  P R O C E S S  ---------------

Threads class SMR info:
_java_thread_list=0x00007fc4e8000b20, length=20, elements={
0x00007fc580132000, 0x00007fc580134000, 0x00007fc580148800, 0x00007fc58014a800,
0x00007fc58014c800, 0x00007fc58014e800, 0x00007fc580150800, 0x00007fc5801cd800,
0x00007fc5801dc000, 0x00007fc580427000, 0x00007fc580452800, 0x00007fc580012000,
0x00007fc4e80b1800, 0x00007fc4e8595800, 0x00007fc4e8625000, 0x00007fc528001000,
0x00007fc528002000, 0x00007fc4e8854000, 0x00007fc4e8bc4800, 0x00007fc528003000
}

Java Threads: ( => current thread )
  0x00007fc580132000 JavaThread "Reference Handler" daemon [_thread_blocked, id=9709, stack(0x00007fc584482000,0x00007fc584583000)]
  0x00007fc580134000 JavaThread "Finalizer" daemon [_thread_blocked, id=9710, stack(0x00007fc584381000,0x00007fc584482000)]
  0x00007fc580148800 JavaThread "Signal Dispatcher" daemon [_thread_blocked, id=9711, stack(0x00007fc584280000,0x00007fc584381000)]
  0x00007fc58014a800 JavaThread "C2 CompilerThread0" daemon [_thread_blocked, id=9713, stack(0x00007fc58417f000,0x00007fc584280000)]
  0x00007fc58014c800 JavaThread "C2 CompilerThread1" daemon [_thread_blocked, id=9714, stack(0x00007fc58407e000,0x00007fc58417f000)]
  0x00007fc58014e800 JavaThread "C1 CompilerThread2" daemon [_thread_blocked, id=9715, stack(0x00007fc5649ad000,0x00007fc564aae000)]
  0x00007fc580150800 JavaThread "Sweeper thread" daemon [_thread_blocked, id=9716, stack(0x00007fc5648ac000,0x00007fc5649ad000)]
  0x00007fc5801cd800 JavaThread "Service Thread" daemon [_thread_blocked, id=9717, stack(0x00007fc5647ab000,0x00007fc5648ac000)]
  0x00007fc5801dc000 JavaThread "Common-Cleaner" daemon [_thread_blocked, id=9719, stack(0x00007fc5645a8000,0x00007fc5646a9000)]
  0x00007fc580427000 JavaThread "Java2D Disposer" daemon [_thread_blocked, id=9723, stack(0x00007fc56407d000,0x00007fc56417e000)]
=>0x00007fc580452800 JavaThread "AWT-XAWT" daemon [_thread_in_native, id=9724, stack(0x00007fc554057000,0x00007fc554158000)]
  0x00007fc580012000 JavaThread "DestroyJavaVM" [_thread_blocked, id=9692, stack(0x00007fc58a3f1000,0x00007fc58a4f2000)]
  0x00007fc4e80b1800 JavaThread "TimerQueue" daemon [_thread_blocked, id=9727, stack(0x00007fc5019de000,0x00007fc501adf000)]
  0x00007fc4e8595800 JavaThread "Abandoned connection cleanup thread" daemon [_thread_blocked, id=9728, stack(0x00007fc500edd000,0x00007fc500fde000)]
  0x00007fc4e8625000 JavaThread "pool-1-thread-1" [_thread_blocked, id=9730, stack(0x00007fc5005ba000,0x00007fc5006bb000)]
  0x00007fc528001000 JavaThread "SIGTERM handler" daemon [_thread_blocked, id=20666, stack(0x00007fc501cdf000,0x00007fc501de0000)]
  0x00007fc528002000 JavaThread "SIGTERM handler" daemon [_thread_blocked, id=20690, stack(0x00007fc50801e000,0x00007fc50811f000)]
  0x00007fc4e8854000 JavaThread "XToolkt-Shutdown-Thread" [_thread_in_vm, id=20695, stack(0x00007fc5000b9000,0x00007fc5001ba000)]
  0x00007fc4e8bc4800 JavaThread "Logging-Cleaner" [_thread_blocked, id=20696, stack(0x00007fc4e34ff000,0x00007fc4e3600000)]
  0x00007fc528003000 JavaThread "SIGTERM handler" daemon [_thread_blocked, id=20730, stack(0x00007fc4e33fe000,0x00007fc4e34ff000)]

Other Threads:
  0x00007fc580128000 VMThread "VM Thread" [stack: 0x00007fc584585000,0x00007fc584685000] [id=9708]
  0x00007fc5801d0000 WatcherThread [stack: 0x00007fc5646ab000,0x00007fc5647ab000] [id=9718]
  0x00007fc580028800 GCTaskThread "GC Thread#0" [stack: 0x00007fc58651b000,0x00007fc58661b000] [id=9697]
  0x00007fc58002a000 GCTaskThread "GC Thread#1" [stack: 0x00007fc586419000,0x00007fc586519000] [id=9698]
  0x00007fc58002b800 GCTaskThread "GC Thread#2" [stack: 0x00007fc586317000,0x00007fc586417000] [id=9699]
  0x00007fc58002d800 GCTaskThread "GC Thread#3" [stack: 0x00007fc586215000,0x00007fc586315000] [id=9700]
  0x00007fc580056800 ConcurrentGCThread "G1 Main Marker" [stack: 0x00007fc585190000,0x00007fc585290000] [id=9701]
  0x00007fc580058800 ConcurrentGCThread "G1 Conc#0" [stack: 0x00007fc58508e000,0x00007fc58518e000] [id=9702]
  0x00007fc5800c0000 ConcurrentGCThread "G1 Refine#0" [stack: 0x00007fc584b88000,0x00007fc584c88000] [id=9703]
  0x00007fc5800c2000 ConcurrentGCThread "G1 Refine#1" [stack: 0x00007fc584a86000,0x00007fc584b86000] [id=9704]
  0x00007fc5800c3800 ConcurrentGCThread "G1 Refine#2" [stack: 0x00007fc584984000,0x00007fc584a84000] [id=9705]
  0x00007fc5800c5800 ConcurrentGCThread "G1 Refine#3" [stack: 0x00007fc584882000,0x00007fc584982000] [id=9706]
  0x00007fc5800c7000 ConcurrentGCThread "G1 Young RemSet Sampling" [stack: 0x00007fc584780000,0x00007fc584880000] [id=9707]

Threads with active compile tasks:

VM state:synchronizing (normal execution)

VM Mutex/Monitor currently owned by a thread:  ([mutex/lock_event])
[0x00007fc58000e4d0] Threads_lock - owner thread: 0x00007fc580128000

Heap address: 0x0000000085600000, size: 1962 MB, Compressed Oops mode: 32-bit
Narrow klass base: 0x0000000000000000, Narrow klass shift: 3
Compressed class space size: 1073741824 Address: 0x0000000100000000

Heap:
 garbage-first heap   total 126976K, used 50413K [0x0000000085600000, 0x0000000100000000)
  region size 1024K, 45 young (46080K), 7 survivors (7168K)
 Metaspace       used 51512K, capacity 52535K, committed 52992K, reserved 1095680K
  class space    used 5890K, capacity 6314K, committed 6400K, reserved 1048576K
Heap Regions: E=young(eden), S=young(survivor), O=old, HS=humongous(starts), HC=humongous(continues), CS=collection set, F=free, A=archive, TS=gc time stamp, AC=allocation context, TAMS=top-at-mark-start (previous, next)
|   0|0x0000000085600000, 0x0000000085700000, 0x0000000085700000|100%|HS|  |TS  0|AC  0|TAMS 0x0000000085700000, 0x0000000085700000|
|   1|0x0000000085700000, 0x0000000085800000, 0x0000000085800000|100%| O|  |TS  0|AC  0|TAMS 0x0000000085800000, 0x0000000085800000|
|   2|0x0000000085800000, 0x0000000085900000, 0x0000000085900000|100%| O|  |TS  0|AC  0|TAMS 0x0000000085900000, 0x0000000085900000|
|   3|0x0000000085900000, 0x0000000085a00000, 0x0000000085a00000|100%| O|  |TS  0|AC  0|TAMS 0x0000000085a00000, 0x0000000085a00000|
|   4|0x0000000085a00000, 0x0000000085b00000, 0x0000000085b00000|100%| O|  |TS  1|AC  0|TAMS 0x0000000085a46600, 0x0000000085a46600|
|   5|0x0000000085b00000, 0x0000000085b5e400, 0x0000000085c00000| 36%| O|  |TS  1|AC  0|TAMS 0x0000000085b00000, 0x0000000085b00000|
|   6|0x0000000085c00000, 0x0000000085c00000, 0x0000000085d00000|  0%| F|  |TS  0|AC  0|TAMS 0x0000000085c00000, 0x0000000085c00000|
|   7|0x0000000085d00000, 0x0000000085d00000, 0x0000000085e00000|  0%| F|  |TS  0|AC  0|TAMS 0x0000000085d00000, 0x0000000085d00000|
|   8|0x0000000085e00000, 0x0000000085e00000, 0x0000000085f00000|  0%| F|  |TS  0|AC  0|TAMS 0x0000000085e00000, 0x0000000085e00000|
|   9|0x0000000085f00000, 0x0000000085f00000, 0x0000000086000000|  0%| F|  |TS  0|AC  0|TAMS 0x0000000085f00000, 0x0000000085f00000|
|  10|0x0000000086000000, 0x0000000086000000, 0x0000000086100000|  0%| F|  |TS  0|AC  0|TAMS 0x0000000086000000, 0x0000000086000000|
|  11|0x0000000086100000, 0x0000000086100000, 0x0000000086200000|  0%| F|  |TS  0|AC  0|TAMS 0x0000000086100000, 0x0000000086100000|
|  12|0x0000000086200000, 0x0000000086200000, 0x0000000086300000|  0%| F|  |TS  0|AC  0|TAMS 0x0000000086200000, 0x0000000086200000|
|  13|0x0000000086300000, 0x0000000086300000, 0x0000000086400000|  0%| F|  |TS  0|AC  0|TAMS 0x0000000086300000, 0x0000000086300000|
|  14|0x0000000086400000, 0x0000000086400000, 0x0000000086500000|  0%| F|  |TS  0|AC  0|TAMS 0x0000000086400000, 0x0000000086400000|
|  15|0x0000000086500000, 0x0000000086500000, 0x0000000086600000|  0%| F|  |TS  0|AC  0|TAMS 0x0000000086500000, 0x0000000086500000|
|  16|0x0000000086600000, 0x0000000086600000, 0x0000000086700000|  0%| F|  |TS  0|AC  0|TAMS 0x0000000086600000, 0x0000000086600000|
|  17|0x0000000086700000, 0x0000000086700000, 0x0000000086800000|  0%| F|  |TS  0|AC  0|TAMS 0x0000000086700000, 0x0000000086700000|
|  18|0x0000000086800000, 0x0000000086800000, 0x0000000086900000|  0%| F|  |TS  0|AC  0|TAMS 0x0000000086800000, 0x0000000086800000|
|  19|0x0000000086900000, 0x0000000086900000, 0x0000000086a00000|  0%| F|  |TS  0|AC  0|TAMS 0x0000000086900000, 0x0000000086900000|
|  20|0x0000000086a00000, 0x0000000086a00000, 0x0000000086b00000|  0%| F|  |TS  0|AC  0|TAMS 0x0000000086a00000, 0x0000000086a00000|
|  21|0x0000000086b00000, 0x0000000086b00000, 0x0000000086c00000|  0%| F|  |TS  0|AC  0|TAMS 0x0000000086b00000, 0x0000000086b00000|
|  22|0x0000000086c00000, 0x0000000086c00000, 0x0000000086d00000|  0%| F|  |TS  0|AC  0|TAMS 0x0000000086c00000, 0x0000000086c00000|
|  23|0x0000000086d00000, 0x0000000086d00000, 0x0000000086e00000|  0%| F|  |TS  0|AC  0|TAMS 0x0000000086d00000, 0x0000000086d00000|
|  24|0x0000000086e00000, 0x0000000086e00000, 0x0000000086f00000|  0%| F|  |TS  0|AC  0|TAMS 0x0000000086e00000, 0x0000000086e00000|
|  25|0x0000000086f00000, 0x0000000086f00000, 0x0000000087000000|  0%| F|  |TS  0|AC  0|TAMS 0x0000000086f00000, 0x0000000086f00000|
|  26|0x0000000087000000, 0x0000000087000000, 0x0000000087100000|  0%| F|  |TS  0|AC  0|TAMS 0x0000000087000000, 0x0000000087000000|
|  27|0x0000000087100000, 0x0000000087100000, 0x0000000087200000|  0%| F|  |TS  0|AC  0|TAMS 0x0000000087100000, 0x0000000087100000|
|  28|0x0000000087200000, 0x0000000087200000, 0x0000000087300000|  0%| F|  |TS  0|AC  0|TAMS 0x0000000087200000, 0x0000000087200000|
|  29|0x0000000087300000, 0x0000000087300000, 0x0000000087400000|  0%| F|  |TS  0|AC  0|TAMS 0x0000000087300000, 0x0000000087300000|
|  30|0x0000000087400000, 0x0000000087400000, 0x0000000087500000|  0%| F|  |TS  0|AC  0|TAMS 0x0000000087400000, 0x0000000087400000|
|  31|0x0000000087500000, 0x0000000087500000, 0x0000000087600000|  0%| F|  |TS  0|AC  0|TAMS 0x0000000087500000, 0x0000000087500000|
|  32|0x0000000087600000, 0x0000000087600000, 0x0000000087700000|  0%| F|  |TS  0|AC  0|TAMS 0x0000000087600000, 0x0000000087600000|
|  33|0x0000000087700000, 0x0000000087700000, 0x0000000087800000|  0%| F|  |TS  0|AC  0|TAMS 0x0000000087700000, 0x0000000087700000|
|  34|0x0000000087800000, 0x0000000087800000, 0x0000000087900000|  0%| F|  |TS  0|AC  0|TAMS 0x0000000087800000, 0x0000000087800000|
|  35|0x0000000087900000, 0x0000000087900000, 0x0000000087a00000|  0%| F|  |TS  0|AC  0|TAMS 0x0000000087900000, 0x0000000087900000|
|  36|0x0000000087a00000, 0x0000000087a00000, 0x0000000087b00000|  0%| F|  |TS  0|AC  0|TAMS 0x0000000087a00000, 0x0000000087a00000|
|  37|0x0000000087b00000, 0x0000000087b00000, 0x0000000087c00000|  0%| F|  |TS  0|AC  0|TAMS 0x0000000087b00000, 0x0000000087b00000|
|  38|0x0000000087c00000, 0x0000000087c00000, 0x0000000087d00000|  0%| F|  |TS  0|AC  0|TAMS 0x0000000087c00000, 0x0000000087c00000|
|  39|0x0000000087d00000, 0x0000000087d00000, 0x0000000087e00000|  0%| F|  |TS  0|AC  0|TAMS 0x0000000087d00000, 0x0000000087d00000|
|  40|0x0000000087e00000, 0x0000000087e00000, 0x0000000087f00000|  0%| F|  |TS  0|AC  0|TAMS 0x0000000087e00000, 0x0000000087e00000|
|  41|0x0000000087f00000, 0x0000000087f00000, 0x0000000088000000|  0%| F|  |TS  0|AC  0|TAMS 0x0000000087f00000, 0x0000000087f00000|
|  42|0x0000000088000000, 0x0000000088000000, 0x0000000088100000|  0%| F|  |TS  0|AC  0|TAMS 0x0000000088000000, 0x0000000088000000|
|  43|0x0000000088100000, 0x0000000088100000, 0x0000000088200000|  0%| F|  |TS  0|AC  0|TAMS 0x0000000088100000, 0x0000000088100000|
|  44|0x0000000088200000, 0x0000000088200000, 0x0000000088300000|  0%| F|  |TS  0|AC  0|TAMS 0x0000000088200000, 0x0000000088200000|
|  45|0x0000000088300000, 0x0000000088300000, 0x0000000088400000|  0%| F|  |TS  0|AC  0|TAMS 0x0000000088300000, 0x0000000088300000|
|  46|0x0000000088400000, 0x0000000088400000, 0x0000000088500000|  0%| F|  |TS  0|AC  0|TAMS 0x0000000088400000, 0x0000000088400000|
|  47|0x0000000088500000, 0x0000000088500000, 0x0000000088600000|  0%| F|  |TS  0|AC  0|TAMS 0x0000000088500000, 0x0000000088500000|
|  48|0x0000000088600000, 0x0000000088600000, 0x0000000088700000|  0%| F|  |TS  0|AC  0|TAMS 0x0000000088600000, 0x0000000088600000|
|  49|0x0000000088700000, 0x0000000088700000, 0x0000000088800000|  0%| F|  |TS  0|AC  0|TAMS 0x0000000088700000, 0x0000000088700000|
|  50|0x0000000088800000, 0x0000000088800000, 0x0000000088900000|  0%| F|  |TS  0|AC  0|TAMS 0x0000000088800000, 0x0000000088800000|
|  51|0x0000000088900000, 0x0000000088900000, 0x0000000088a00000|  0%| F|  |TS  0|AC  0|TAMS 0x0000000088900000, 0x0000000088900000|
|  52|0x0000000088a00000, 0x0000000088a00000, 0x0000000088b00000|  0%| F|  |TS  0|AC  0|TAMS 0x0000000088a00000, 0x0000000088a00000|
|  53|0x0000000088b00000, 0x0000000088b00000, 0x0000000088c00000|  0%| F|  |TS  0|AC  0|TAMS 0x0000000088b00000, 0x0000000088b00000|
|  54|0x0000000088c00000, 0x0000000088c00000, 0x0000000088d00000|  0%| F|  |TS  0|AC  0|TAMS 0x0000000088c00000, 0x0000000088c00000|
|  55|0x0000000088d00000, 0x0000000088d00000, 0x0000000088e00000|  0%| F|  |TS  0|AC  0|TAMS 0x0000000088d00000, 0x0000000088d00000|
|  56|0x0000000088e00000, 0x0000000088e00000, 0x0000000088f00000|  0%| F|  |TS  0|AC  0|TAMS 0x0000000088e00000, 0x0000000088e00000|
|  57|0x0000000088f00000, 0x0000000088f00000, 0x0000000089000000|  0%| F|  |TS  0|AC  0|TAMS 0x0000000088f00000, 0x0000000088f00000|
|  58|0x0000000089000000, 0x0000000089000000, 0x0000000089100000|  0%| F|  |TS  0|AC  0|TAMS 0x0000000089000000, 0x0000000089000000|
|  59|0x0000000089100000, 0x0000000089100000, 0x0000000089200000|  0%| F|  |TS  0|AC  0|TAMS 0x0000000089100000, 0x0000000089100000|
|  60|0x0000000089200000, 0x0000000089200000, 0x0000000089300000|  0%| F|  |TS  0|AC  0|TAMS 0x0000000089200000, 0x0000000089200000|
|  61|0x0000000089300000, 0x00000000893dd0b8, 0x0000000089400000| 86%| S|CS|TS  1|AC  0|TAMS 0x0000000089300000, 0x0000000089300000|
|  62|0x0000000089400000, 0x0000000089500000, 0x0000000089500000|100%| S|CS|TS  1|AC  0|TAMS 0x0000000089400000, 0x0000000089400000|
|  63|0x0000000089500000, 0x0000000089600000, 0x0000000089600000|100%| S|CS|TS  1|AC  0|TAMS 0x0000000089500000, 0x0000000089500000|
|  64|0x0000000089600000, 0x0000000089700000, 0x0000000089700000|100%| S|CS|TS  1|AC  0|TAMS 0x0000000089600000, 0x0000000089600000|
|  65|0x0000000089700000, 0x0000000089800000, 0x0000000089800000|100%| S|CS|TS  1|AC  0|TAMS 0x0000000089700000, 0x0000000089700000|
|  66|0x0000000089800000, 0x0000000089900000, 0x0000000089900000|100%| S|CS|TS  1|AC  0|TAMS 0x0000000089800000, 0x0000000089800000|
|  67|0x0000000089900000, 0x0000000089a00000, 0x0000000089a00000|100%| S|CS|TS  1|AC  0|TAMS 0x0000000089900000, 0x0000000089900000|
|  68|0x0000000089a00000, 0x0000000089a00000, 0x0000000089b00000|  0%| F|  |TS  1|AC  0|TAMS 0x0000000089a00000, 0x0000000089a00000|
|  69|0x0000000089b00000, 0x0000000089b00000, 0x0000000089c00000|  0%| F|  |TS  1|AC  0|TAMS 0x0000000089b00000, 0x0000000089b00000|
|  70|0x0000000089c00000, 0x0000000089c00000, 0x0000000089d00000|  0%| F|  |TS  1|AC  0|TAMS 0x0000000089c00000, 0x0000000089c00000|
|  71|0x0000000089d00000, 0x0000000089d00000, 0x0000000089e00000|  0%| F|  |TS  1|AC  0|TAMS 0x0000000089d00000, 0x0000000089d00000|
|  72|0x0000000089e00000, 0x0000000089e00000, 0x0000000089f00000|  0%| F|  |TS  1|AC  0|TAMS 0x0000000089e00000, 0x0000000089e00000|
|  73|0x0000000089f00000, 0x0000000089f00000, 0x000000008a000000|  0%| F|  |TS  1|AC  0|TAMS 0x0000000089f00000, 0x0000000089f00000|
|  74|0x000000008a000000, 0x000000008a000000, 0x000000008a100000|  0%| F|  |TS  1|AC  0|TAMS 0x000000008a000000, 0x000000008a000000|
|  75|0x000000008a100000, 0x000000008a100000, 0x000000008a200000|  0%| F|  |TS  1|AC  0|TAMS 0x000000008a100000, 0x000000008a100000|
|  76|0x000000008a200000, 0x000000008a200000, 0x000000008a300000|  0%| F|  |TS  1|AC  0|TAMS 0x000000008a200000, 0x000000008a200000|
|  77|0x000000008a300000, 0x000000008a300000, 0x000000008a400000|  0%| F|  |TS  1|AC  0|TAMS 0x000000008a300000, 0x000000008a300000|
|  78|0x000000008a400000, 0x000000008a400000, 0x000000008a500000|  0%| F|  |TS  1|AC  0|TAMS 0x000000008a400000, 0x000000008a400000|
|  79|0x000000008a500000, 0x000000008a500000, 0x000000008a600000|  0%| F|  |TS  1|AC  0|TAMS 0x000000008a500000, 0x000000008a500000|
|  80|0x000000008a600000, 0x000000008a600000, 0x000000008a700000|  0%| F|  |TS  1|AC  0|TAMS 0x000000008a600000, 0x000000008a600000|
|  81|0x000000008a700000, 0x000000008a700000, 0x000000008a800000|  0%| F|  |TS  1|AC  0|TAMS 0x000000008a700000, 0x000000008a700000|
|  82|0x000000008a800000, 0x000000008a800000, 0x000000008a900000|  0%| F|  |TS  1|AC  0|TAMS 0x000000008a800000, 0x000000008a800000|
|  83|0x000000008a900000, 0x000000008a900000, 0x000000008aa00000|  0%| F|  |TS  1|AC  0|TAMS 0x000000008a900000, 0x000000008a900000|
|  84|0x000000008aa00000, 0x000000008aa00000, 0x000000008ab00000|  0%| F|  |TS  1|AC  0|TAMS 0x000000008aa00000, 0x000000008aa00000|
|  85|0x000000008ab00000, 0x000000008ab00000, 0x000000008ac00000|  0%| F|  |TS  1|AC  0|TAMS 0x000000008ab00000, 0x000000008ab00000|
|  86|0x000000008ac00000, 0x000000008ad00000, 0x000000008ad00000|100%| E|  |TS  1|AC  0|TAMS 0x000000008ac00000, 0x000000008ac00000|
|  87|0x000000008ad00000, 0x000000008ae00000, 0x000000008ae00000|100%| E|CS|TS  1|AC  0|TAMS 0x000000008ad00000, 0x000000008ad00000|
|  88|0x000000008ae00000, 0x000000008af00000, 0x000000008af00000|100%| E|CS|TS  1|AC  0|TAMS 0x000000008ae00000, 0x000000008ae00000|
|  89|0x000000008af00000, 0x000000008b000000, 0x000000008b000000|100%| E|CS|TS  1|AC  0|TAMS 0x000000008af00000, 0x000000008af00000|
|  90|0x000000008b000000, 0x000000008b100000, 0x000000008b100000|100%| E|CS|TS  1|AC  0|TAMS 0x000000008b000000, 0x000000008b000000|
|  91|0x000000008b100000, 0x000000008b200000, 0x000000008b200000|100%| E|CS|TS  1|AC  0|TAMS 0x000000008b100000, 0x000000008b100000|
|  92|0x000000008b200000, 0x000000008b300000, 0x000000008b300000|100%| E|CS|TS  1|AC  0|TAMS 0x000000008b200000, 0x000000008b200000|
|  93|0x000000008b300000, 0x000000008b400000, 0x000000008b400000|100%| E|CS|TS  1|AC  0|TAMS 0x000000008b300000, 0x000000008b300000|
|  94|0x000000008b400000, 0x000000008b500000, 0x000000008b500000|100%| E|CS|TS  1|AC  0|TAMS 0x000000008b400000, 0x000000008b400000|
|  95|0x000000008b500000, 0x000000008b600000, 0x000000008b600000|100%| E|CS|TS  1|AC  0|TAMS 0x000000008b500000, 0x000000008b500000|
|  96|0x000000008b600000, 0x000000008b700000, 0x000000008b700000|100%| E|CS|TS  1|AC  0|TAMS 0x000000008b600000, 0x000000008b600000|
|  97|0x000000008b700000, 0x000000008b800000, 0x000000008b800000|100%| E|CS|TS  1|AC  0|TAMS 0x000000008b700000, 0x000000008b700000|
|  98|0x000000008b800000, 0x000000008b900000, 0x000000008b900000|100%| E|CS|TS  1|AC  0|TAMS 0x000000008b800000, 0x000000008b800000|
|  99|0x000000008b900000, 0x000000008ba00000, 0x000000008ba00000|100%| E|CS|TS  1|AC  0|TAMS 0x000000008b900000, 0x000000008b900000|
| 100|0x000000008ba00000, 0x000000008bb00000, 0x000000008bb00000|100%| E|CS|TS  1|AC  0|TAMS 0x000000008ba00000, 0x000000008ba00000|
| 101|0x000000008bb00000, 0x000000008bc00000, 0x000000008bc00000|100%| E|CS|TS  1|AC  0|TAMS 0x000000008bb00000, 0x000000008bb00000|
| 102|0x000000008bc00000, 0x000000008bd00000, 0x000000008bd00000|100%| E|CS|TS  1|AC  0|TAMS 0x000000008bc00000, 0x000000008bc00000|
| 103|0x000000008bd00000, 0x000000008be00000, 0x000000008be00000|100%| E|CS|TS  1|AC  0|TAMS 0x000000008bd00000, 0x000000008bd00000|
| 104|0x000000008be00000, 0x000000008bf00000, 0x000000008bf00000|100%| E|CS|TS  1|AC  0|TAMS 0x000000008be00000, 0x000000008be00000|
| 105|0x000000008bf00000, 0x000000008c000000, 0x000000008c000000|100%| E|CS|TS  1|AC  0|TAMS 0x000000008bf00000, 0x000000008bf00000|
| 106|0x000000008c000000, 0x000000008c100000, 0x000000008c100000|100%| E|CS|TS  1|AC  0|TAMS 0x000000008c000000, 0x000000008c000000|
| 107|0x000000008c100000, 0x000000008c200000, 0x000000008c200000|100%| E|CS|TS  1|AC  0|TAMS 0x000000008c100000, 0x000000008c100000|
| 108|0x000000008c200000, 0x000000008c300000, 0x000000008c300000|100%| E|CS|TS  1|AC  0|TAMS 0x000000008c200000, 0x000000008c200000|
| 109|0x000000008c300000, 0x000000008c400000, 0x000000008c400000|100%| E|CS|TS  1|AC  0|TAMS 0x000000008c300000, 0x000000008c300000|
| 110|0x000000008c400000, 0x000000008c500000, 0x000000008c500000|100%| E|CS|TS  1|AC  0|TAMS 0x000000008c400000, 0x000000008c400000|
| 111|0x000000008c500000, 0x000000008c600000, 0x000000008c600000|100%| E|CS|TS  1|AC  0|TAMS 0x000000008c500000, 0x000000008c500000|
| 112|0x000000008c600000, 0x000000008c700000, 0x000000008c700000|100%| E|CS|TS  1|AC  0|TAMS 0x000000008c600000, 0x000000008c600000|
| 113|0x000000008c700000, 0x000000008c800000, 0x000000008c800000|100%| E|CS|TS  1|AC  0|TAMS 0x000000008c700000, 0x000000008c700000|
| 114|0x000000008c800000, 0x000000008c900000, 0x000000008c900000|100%| E|CS|TS  1|AC  0|TAMS 0x000000008c800000, 0x000000008c800000|
| 115|0x000000008c900000, 0x000000008ca00000, 0x000000008ca00000|100%| E|CS|TS  1|AC  0|TAMS 0x000000008c900000, 0x000000008c900000|
| 116|0x000000008ca00000, 0x000000008cb00000, 0x000000008cb00000|100%| E|CS|TS  1|AC  0|TAMS 0x000000008ca00000, 0x000000008ca00000|
| 117|0x000000008cb00000, 0x000000008cc00000, 0x000000008cc00000|100%| E|CS|TS  1|AC  0|TAMS 0x000000008cb00000, 0x000000008cb00000|
| 118|0x000000008cc00000, 0x000000008cd00000, 0x000000008cd00000|100%| E|CS|TS  1|AC  0|TAMS 0x000000008cc00000, 0x000000008cc00000|
| 119|0x000000008cd00000, 0x000000008ce00000, 0x000000008ce00000|100%| E|CS|TS  1|AC  0|TAMS 0x000000008cd00000, 0x000000008cd00000|
| 120|0x000000008ce00000, 0x000000008cf00000, 0x000000008cf00000|100%| E|CS|TS  1|AC  0|TAMS 0x000000008ce00000, 0x000000008ce00000|
| 121|0x000000008cf00000, 0x000000008d000000, 0x000000008d000000|100%| E|CS|TS  1|AC  0|TAMS 0x000000008cf00000, 0x000000008cf00000|
| 122|0x000000008d000000, 0x000000008d100000, 0x000000008d100000|100%| E|CS|TS  1|AC  0|TAMS 0x000000008d000000, 0x000000008d000000|
| 123|0x000000008d100000, 0x000000008d200000, 0x000000008d200000|100%| E|CS|TS  1|AC  0|TAMS 0x000000008d100000, 0x000000008d100000|

Card table byte_map: [0x00007fc585665000,0x00007fc585a3a000] byte_map_base: 0x00007fc58523a000

Marking Bits (Prev, Next): (CMBitMap*) 0x00007fc580055be0, (CMBitMap*) 0x00007fc580055c18
 Prev Bits: [0x00007fc565c7d000, 0x00007fc567b25000)
 Next Bits: [0x00007fc556158000, 0x00007fc558000000)

Polling page: 0x00007fc58a50b000

CodeHeap 'non-profiled nmethods': size=120032Kb used=2983Kb max_used=2983Kb free=117048Kb
 bounds [0x00007fc56f5ed000, 0x00007fc56f8dd000, 0x00007fc576b25000]
CodeHeap 'profiled nmethods': size=120032Kb used=12542Kb max_used=12542Kb free=107489Kb
 bounds [0x00007fc5680b5000, 0x00007fc568cf5000, 0x00007fc56f5ed000]
CodeHeap 'non-nmethods': size=5696Kb used=1363Kb max_used=1407Kb free=4332Kb
 bounds [0x00007fc567b25000, 0x00007fc567d95000, 0x00007fc5680b5000]
 total_blobs=8244 nmethods=6109 adapters=740
 compilation: enabled

Compilation events (10 events):
Event: 19159,269 Thread 0x00007fc58014e800 6109 % !   3       sun.awt.X11.XToolkit::run @ 59 (384 bytes)
Event: 19159,433 Thread 0x00007fc58014e800 nmethod 6109% 0x00007fc568cde210 code [0x00007fc568cdec20, 0x00007fc568ce5968]
Event: 19161,249 Thread 0x00007fc58014a800 6110   !   4       sun.awt.X11.XToolkit$1::dispatchEvent (34 bytes)
Event: 19161,297 Thread 0x00007fc58014a800 nmethod 6110 0x00007fc56f8d6710 code [0x00007fc56f8d68e0, 0x00007fc56f8d6b28]
Event: 19574,652 Thread 0x00007fc58014e800 6111   !   3       sun.awt.X11.XToolkit::run (384 bytes)
Event: 19574,673 Thread 0x00007fc58014e800 nmethod 6111 0x00007fc568ce8b10 code [0x00007fc568ce9500, 0x00007fc568ceee88]
Event: 20160,859 Thread 0x00007fc58014e800 6112       3       java.awt.Container::recursiveHideHeavyweightChildren (78 bytes)
Event: 20160,902 Thread 0x00007fc58014e800 nmethod 6112 0x00007fc568cf1d10 code [0x00007fc568cf1fe0, 0x00007fc568cf31e8]
Event: 20160,906 Thread 0x00007fc58014e800 6113   !   3       java.awt.Container::decreaseComponentCount (124 bytes)
Event: 20160,910 Thread 0x00007fc58014e800 nmethod 6113 0x00007fc568cf3710 code [0x00007fc568cf3960, 0x00007fc568cf45f8]

GC Heap History (10 events):
Event: 2,348 GC heap before
{Heap before GC invocations=1 (full 0):
 garbage-first heap   total 126976K, used 16639K [0x0000000085600000, 0x0000000100000000)
  region size 1024K, 14 young (14336K), 2 survivors (2048K)
 Metaspace       used 18301K, capacity 18835K, committed 19200K, reserved 1067008K
  class space    used 1984K, capacity 2221K, committed 2304K, reserved 1048576K
}
Event: 2,370 GC heap after
{Heap after GC invocations=2 (full 0):
 garbage-first heap   total 126976K, used 5705K [0x0000000085600000, 0x0000000100000000)
  region size 1024K, 2 young (2048K), 2 survivors (2048K)
 Metaspace       used 18301K, capacity 18835K, committed 19200K, reserved 1067008K
  class space    used 1984K, capacity 2221K, committed 2304K, reserved 1048576K
}
Event: 2,424 GC heap before
{Heap before GC invocations=2 (full 0):
 garbage-first heap   total 126976K, used 34377K [0x0000000085600000, 0x0000000100000000)
  region size 1024K, 30 young (30720K), 2 survivors (2048K)
 Metaspace       used 18302K, capacity 18835K, committed 19200K, reserved 1067008K
  class space    used 1984K, capacity 2221K, committed 2304K, reserved 1048576K
}
Event: 2,433 GC heap after
{Heap after GC invocations=3 (full 0):
 garbage-first heap   total 126976K, used 5700K [0x0000000085600000, 0x0000000100000000)
  region size 1024K, 2 young (2048K), 2 survivors (2048K)
 Metaspace       used 18302K, capacity 18835K, committed 19200K, reserved 1067008K
  class space    used 1984K, capacity 2221K, committed 2304K, reserved 1048576K
}
Event: 11,525 GC heap before
{Heap before GC invocations=3 (full 0):
 garbage-first heap   total 126976K, used 10820K [0x0000000085600000, 0x0000000100000000)
  region size 1024K, 8 young (8192K), 2 survivors (2048K)
 Metaspace       used 20589K, capacity 21118K, committed 21248K, reserved 1069056K
  class space    used 2175K, capacity 2470K, committed 2560K, reserved 1048576K
}
Event: 11,527 GC heap after
{Heap after GC invocations=4 (full 0):
 garbage-first heap   total 126976K, used 6202K [0x0000000085600000, 0x0000000100000000)
  region size 1024K, 2 young (2048K), 2 survivors (2048K)
 Metaspace       used 20589K, capacity 21118K, committed 21248K, reserved 1069056K
  class space    used 2175K, capacity 2470K, committed 2560K, reserved 1048576K
}
Event: 12,291 GC heap before
{Heap before GC invocations=5 (full 0):
 garbage-first heap   total 126976K, used 42042K [0x0000000085600000, 0x0000000100000000)
  region size 1024K, 38 young (38912K), 2 survivors (2048K)
 Metaspace       used 34786K, capacity 35494K, committed 35840K, reserved 1081344K
  class space    used 4039K, capacity 4402K, committed 4480K, reserved 1048576K
}
Event: 12,300 GC heap after
{Heap after GC invocations=6 (full 0):
 garbage-first heap   total 126976K, used 9034K [0x0000000085600000, 0x0000000100000000)
  region size 1024K, 5 young (5120K), 5 survivors (5120K)
 Metaspace       used 34786K, capacity 35494K, committed 35840K, reserved 1081344K
  class space    used 4039K, capacity 4402K, committed 4480K, reserved 1048576K
}
Event: 13,502 GC heap before
{Heap before GC invocations=7 (full 0):
 garbage-first heap   total 126976K, used 61258K [0x0000000085600000, 0x0000000100000000)
  region size 1024K, 56 young (57344K), 5 survivors (5120K)
 Metaspace       used 47146K, capacity 47922K, committed 48512K, reserved 1091584K
  class space    used 5585K, capacity 5926K, committed 6016K, reserved 1048576K
}
Event: 13,511 GC heap after
{Heap after GC invocations=8 (full 0):
 garbage-first heap   total 126976K, used 12525K [0x0000000085600000, 0x0000000100000000)
  region size 1024K, 7 young (7168K), 7 survivors (7168K)
 Metaspace       used 47146K, capacity 47922K, committed 48512K, reserved 1091584K
  class space    used 5585K, capacity 5926K, committed 6016K, reserved 1048576K
}

Deoptimization events (10 events):
Event: 13,673 Thread 0x00007fc5804ce000 Uncommon trap: reason=unstable_if action=reinterpret pc=0x00007fc56f6cbc9c method=java.lang.CharacterDataLatin1.isWhitespace(I)Z @ 14 c2
Event: 59,986 Thread 0x00007fc5804ce000 Uncommon trap: reason=unstable_if action=reinterpret pc=0x00007fc56f6dbc50 method=java.io.DataInputStream.readUTF(Ljava/io/DataInput;)Ljava/lang/String; @ 112 c2
Event: 60,005 Thread 0x00007fc5804ce000 Uncommon trap: reason=unstable_if action=reinterpret pc=0x00007fc56f640cf8 method=java.lang.StringLatin1.canEncode(I)Z @ 4 c2
Event: 60,006 Thread 0x00007fc5804ce000 Uncommon trap: reason=unstable_if action=reinterpret pc=0x00007fc56f7e78f8 method=java.lang.AbstractStringBuilder.isLatin1()Z @ 10 c2
Event: 60,006 Thread 0x00007fc5804ce000 Uncommon trap: reason=unstable_if action=reinterpret pc=0x00007fc56f63cc60 method=java.lang.AbstractStringBuilder.isLatin1()Z @ 10 c2
Event: 60,039 Thread 0x00007fc5804ce000 Uncommon trap: reason=unstable_if action=reinterpret pc=0x00007fc56f605fd4 method=java.lang.StringLatin1.canEncode(I)Z @ 4 c2
Event: 60,144 Thread 0x00007fc5804ce000 Uncommon trap: reason=unstable_if action=reinterpret pc=0x00007fc56f606bf4 method=java.lang.String.isLatin1()Z @ 10 c2
Event: 60,176 Thread 0x00007fc5804ce000 Uncommon trap: reason=unstable_if action=reinterpret pc=0x00007fc56f7fbefc method=sun.font.FontDesignMetrics$MetricsKey.equals(Ljava/lang/Object;)Z @ 23 c2
Event: 60,176 Thread 0x00007fc5804ce000 Uncommon trap: reason=bimorphic_or_optimized_type_check action=maybe_recompile pc=0x00007fc56f6a540c method=java.util.concurrent.ConcurrentHashMap.putVal(Ljava/lang/Object;Ljava/lang/Object;Z)Ljava/lang/Object; @ 242 c2
Event: 62,009 Thread 0x00007fc5804ce000 Uncommon trap: reason=unstable_if action=reinterpret pc=0x00007fc56f806210 method=sun.font.FontDesignMetrics$MetricsKey.equals(Ljava/lang/Object;)Z @ 23 c2

Classes redefined (0 events):
No events

Internal exceptions (10 events):
Event: 63,624 Thread 0x00007fc5804ce000 Exception <a 'java/lang/UnsupportedOperationException'{0x000000008b742928}: > (0x000000008b742928) thrown at [/build/openjdk-lts-Ae5PRQ/openjdk-lts-10.0.2+13/src/hotspot/share/prims/jni.cpp, line 632]
Event: 66,758 Thread 0x00007fc5804ce000 Exception <a 'java/lang/UnsupportedOperationException'{0x000000008b69ddf0}: > (0x000000008b69ddf0) thrown at [/build/openjdk-lts-Ae5PRQ/openjdk-lts-10.0.2+13/src/hotspot/share/prims/jni.cpp, line 632]
Event: 67,583 Thread 0x00007fc5804ce000 Exception <a 'java/lang/UnsupportedOperationException'{0x000000008b6cf9a0}: > (0x000000008b6cf9a0) thrown at [/build/openjdk-lts-Ae5PRQ/openjdk-lts-10.0.2+13/src/hotspot/share/prims/jni.cpp, line 632]
Event: 70,903 Thread 0x00007fc5804ce000 Exception <a 'javax/persistence/EntityNotFoundException'{0x000000008b5e8f80}> (0x000000008b5e8f80) thrown at [/build/openjdk-lts-Ae5PRQ/openjdk-lts-10.0.2+13/src/hotspot/share/prims/jvm.cpp, line 1349]
Event: 70,903 Thread 0x00007fc5804ce000 Exception <a 'javax/persistence/EntityNotFoundException'{0x000000008b5e8f80}> (0x000000008b5e8f80) thrown at [/build/openjdk-lts-Ae5PRQ/openjdk-lts-10.0.2+13/src/hotspot/share/prims/jvm.cpp, line 1349]
Event: 70,969 Thread 0x00007fc5804ce000 Exception <a 'java/lang/UnsupportedOperationException'{0x000000008b41c5a0}: > (0x000000008b41c5a0) thrown at [/build/openjdk-lts-Ae5PRQ/openjdk-lts-10.0.2+13/src/hotspot/share/prims/jni.cpp, line 632]
Event: 72,171 Thread 0x00007fc5804ce000 Exception <a 'java/lang/UnsupportedOperationException'{0x000000008b4b7ca8}: > (0x000000008b4b7ca8) thrown at [/build/openjdk-lts-Ae5PRQ/openjdk-lts-10.0.2+13/src/hotspot/share/prims/jni.cpp, line 632]
Event: 556,525 Thread 0x00007fc5804ce000 Exception <a 'java/lang/UnsupportedOperationException'{0x000000008b200568}: > (0x000000008b200568) thrown at [/build/openjdk-lts-Ae5PRQ/openjdk-lts-10.0.2+13/src/hotspot/share/prims/jni.cpp, line 632]
Event: 559,734 Thread 0x00007fc5804ce000 Exception <a 'java/lang/UnsupportedOperationException'{0x000000008b2755a8}: > (0x000000008b2755a8) thrown at [/build/openjdk-lts-Ae5PRQ/openjdk-lts-10.0.2+13/src/hotspot/share/prims/jni.cpp, line 632]
Event: 562,112 Thread 0x00007fc5804ce000 Exception <a 'java/lang/UnsupportedOperationException'{0x000000008b10b8b8}: > (0x000000008b10b8b8) thrown at [/build/openjdk-lts-Ae5PRQ/openjdk-lts-10.0.2+13/src/hotspot/share/prims/jni.cpp, line 632]

Events (10 events):
Event: 20161,935 loading class sun/awt/AppContext$PostShutdownEventRunnable
Event: 20161,966 loading class sun/awt/AppContext$PostShutdownEventRunnable done
Event: 20161,969 loading class sun/awt/AWTAutoShutdown$1
Event: 20161,976 loading class sun/awt/AWTAutoShutdown$1 done
Event: 20161,989 Executing VM operation: RevokeBias
Event: 20161,993 Executing VM operation: RevokeBias done
Event: 20161,999 Thread 0x00007fc5804ce000 Thread exited: 0x00007fc5804ce000
Event: 20161,999 Thread 0x00007fc5804cc800 Thread exited: 0x00007fc5804cc800
Event: 20299,348 loading class jdk/internal/misc/Signal$1
Event: 20299,396 loading class jdk/internal/misc/Signal$1 done


Dynamic libraries:
85600000-8d200000 rw-p 00000000 00:00 0 
8d200000-100000000 ---p 00000000 00:00 0 
100000000-100640000 rw-p 00000000 00:00 0 
100640000-140000000 ---p 00000000 00:00 0 
5621465ab000-5621465ac000 r-xp 00000000 08:05 1044648                    /usr/lib/jvm/java-11-openjdk-amd64/bin/java
5621467ac000-5621467ad000 r--p 00001000 08:05 1044648                    /usr/lib/jvm/java-11-openjdk-amd64/bin/java
5621467ad000-5621467ae000 rw-p 00002000 08:05 1044648                    /usr/lib/jvm/java-11-openjdk-amd64/bin/java
5621473d0000-5621473f1000 rw-p 00000000 00:00 0                          [heap]
7fc4dc000000-7fc4dc021000 rw-p 00000000 00:00 0 
7fc4dc021000-7fc4e0000000 ---p 00000000 00:00 0 
7fc4e33fe000-7fc4e3402000 ---p 00000000 00:00 0 
7fc4e3402000-7fc4e34ff000 rw-p 00000000 00:00 0 
7fc4e34ff000-7fc4e3503000 ---p 00000000 00:00 0 
7fc4e3503000-7fc4e3780000 rw-p 00000000 00:00 0 
7fc4e3780000-7fc4e3800000 ---p 00000000 00:00 0 
7fc4e3800000-7fc4e3a00000 rw-p 00000000 00:00 0 
7fc4e3a00000-7fc4e3c00000 rw-p 00000000 00:00 0 
7fc4e3c00000-7fc4e3e00000 rw-p 00000000 00:00 0 
7fc4e3e00000-7fc4e4000000 rw-p 00000000 00:00 0 
7fc4e4000000-7fc4e4021000 rw-p 00000000 00:00 0 
7fc4e4021000-7fc4e8000000 ---p 00000000 00:00 0 
7fc4e8000000-7fc4e8f1c000 rw-p 00000000 00:00 0 
7fc4e8f1c000-7fc4ec000000 ---p 00000000 00:00 0 
7fc4ec000000-7fc4ec021000 rw-p 00000000 00:00 0 
7fc4ec021000-7fc4f0000000 ---p 00000000 00:00 0 
7fc4f0000000-7fc4f0023000 rw-p 00000000 00:00 0 
7fc4f0023000-7fc4f4000000 ---p 00000000 00:00 0 
7fc4f4000000-7fc4f4021000 rw-p 00000000 00:00 0 
7fc4f4021000-7fc4f8000000 ---p 00000000 00:00 0 
7fc4f8000000-7fc4f8021000 rw-p 00000000 00:00 0 
7fc4f8021000-7fc4fc000000 ---p 00000000 00:00 0 
7fc4fc000000-7fc4fc021000 rw-p 00000000 00:00 0 
7fc4fc021000-7fc500000000 ---p 00000000 00:00 0 
7fc5000b9000-7fc5000bd000 ---p 00000000 00:00 0 
7fc5000bd000-7fc5003ba000 rw-p 00000000 00:00 0 
7fc5003ba000-7fc5005ba000 rw-p 00000000 00:00 0 
7fc5005ba000-7fc5005be000 ---p 00000000 00:00 0 
7fc5005be000-7fc5006bb000 rw-p 00000000 00:00 0 
7fc5006bb000-7fc5006bc000 r-xp 00000000 08:05 1044705                    /usr/lib/jvm/java-11-openjdk-amd64/lib/libextnet.so
7fc5006bc000-7fc5008bb000 ---p 00001000 08:05 1044705                    /usr/lib/jvm/java-11-openjdk-amd64/lib/libextnet.so
7fc5008bb000-7fc5008bc000 r--p 00000000 08:05 1044705                    /usr/lib/jvm/java-11-openjdk-amd64/lib/libextnet.so
7fc5008bc000-7fc5008bd000 rw-p 00001000 08:05 1044705                    /usr/lib/jvm/java-11-openjdk-amd64/lib/libextnet.so
7fc5008bd000-7fc500abd000 rw-p 00000000 00:00 0 
7fc500abd000-7fc500cbd000 rw-p 00000000 00:00 0 
7fc500cbd000-7fc500ebd000 rw-p 00000000 00:00 0 
7fc500edd000-7fc500ee1000 ---p 00000000 00:00 0 
7fc500ee1000-7fc5011de000 rw-p 00000000 00:00 0 
7fc5011de000-7fc5013de000 rw-p 00000000 00:00 0 
7fc5013de000-7fc5015de000 rw-p 00000000 00:00 0 
7fc5015de000-7fc5017de000 rw-p 00000000 00:00 0 
7fc5017de000-7fc5019de000 rw-p 00000000 00:00 0 
7fc5019de000-7fc5019e2000 ---p 00000000 00:00 0 
7fc5019e2000-7fc501cdf000 rw-p 00000000 00:00 0 
7fc501cdf000-7fc501ce3000 ---p 00000000 00:00 0 
7fc501ce3000-7fc501fe0000 rw-p 00000000 00:00 0 
7fc501fe0000-7fc5021e0000 rw-p 00000000 00:00 0 
7fc5021e0000-7fc5021e5000 r-xp 00000000 08:05 271942                     /usr/lib/x86_64-linux-gnu/libXfixes.so.3.1.0
7fc5021e5000-7fc5023e4000 ---p 00005000 08:05 271942                     /usr/lib/x86_64-linux-gnu/libXfixes.so.3.1.0
7fc5023e4000-7fc5023e5000 r--p 00004000 08:05 271942                     /usr/lib/x86_64-linux-gnu/libXfixes.so.3.1.0
7fc5023e5000-7fc5023e6000 rw-p 00005000 08:05 271942                     /usr/lib/x86_64-linux-gnu/libXfixes.so.3.1.0
7fc5023e6000-7fc5023ef000 r-xp 00000000 08:05 271934                     /usr/lib/x86_64-linux-gnu/libXcursor.so.1.0.2
7fc5023ef000-7fc5025ee000 ---p 00009000 08:05 271934                     /usr/lib/x86_64-linux-gnu/libXcursor.so.1.0.2
7fc5025ee000-7fc5025ef000 r--p 00008000 08:05 271934                     /usr/lib/x86_64-linux-gnu/libXcursor.so.1.0.2
7fc5025ef000-7fc5025f0000 rw-p 00009000 08:05 271934                     /usr/lib/x86_64-linux-gnu/libXcursor.so.1.0.2
7fc5025f0000-7fc5025f1000 ---p 00000000 00:00 0 
7fc5025f1000-7fc502df1000 rw-p 00000000 00:00 0 
7fc502df1000-7fc502df2000 ---p 00000000 00:00 0 
7fc502df2000-7fc5035f2000 rw-p 00000000 00:00 0 
7fc5035f2000-7fc5035f3000 ---p 00000000 00:00 0 
7fc5035f3000-7fc503df3000 rw-p 00000000 00:00 0 
7fc503df3000-7fc503dff000 r-xp 00000000 08:05 396751                     /usr/lib/x86_64-linux-gnu/gio/modules/libdconfsettings.so
7fc503dff000-7fc503ffe000 ---p 0000c000 08:05 396751                     /usr/lib/x86_64-linux-gnu/gio/modules/libdconfsettings.so
7fc503ffe000-7fc503fff000 r--p 0000b000 08:05 396751                     /usr/lib/x86_64-linux-gnu/gio/modules/libdconfsettings.so
7fc503fff000-7fc504000000 rw-p 0000c000 08:05 396751                     /usr/lib/x86_64-linux-gnu/gio/modules/libdconfsettings.so
7fc504000000-7fc504021000 rw-p 00000000 00:00 0 
7fc504021000-7fc508000000 ---p 00000000 00:00 0 
7fc50801e000-7fc508022000 ---p 00000000 00:00 0 
7fc508022000-7fc50811f000 rw-p 00000000 00:00 0 
7fc50811f000-7fc508125000 r-xp 00000000 08:05 920010                     /lib/x86_64-linux-gnu/libuuid.so.1.3.0
7fc508125000-7fc508324000 ---p 00006000 08:05 920010                     /lib/x86_64-linux-gnu/libuuid.so.1.3.0
7fc508324000-7fc508325000 r--p 00005000 08:05 920010                     /lib/x86_64-linux-gnu/libuuid.so.1.3.0
7fc508325000-7fc508326000 rw-p 00006000 08:05 920010                     /lib/x86_64-linux-gnu/libuuid.so.1.3.0
7fc508326000-7fc50836d000 r-xp 00000000 08:05 919820                     /lib/x86_64-linux-gnu/libblkid.so.1.1.0
7fc50836d000-7fc50856d000 ---p 00047000 08:05 919820                     /lib/x86_64-linux-gnu/libblkid.so.1.1.0
7fc50856d000-7fc508571000 r--p 00047000 08:05 919820                     /lib/x86_64-linux-gnu/libblkid.so.1.1.0
7fc508571000-7fc508572000 rw-p 0004b000 08:05 919820                     /lib/x86_64-linux-gnu/libblkid.so.1.1.0
7fc508572000-7fc508573000 rw-p 00000000 00:00 0 
7fc508573000-7fc5085e3000 r-xp 00000000 08:05 919775                     /lib/x86_64-linux-gnu/libpcre.so.3.13.3
7fc5085e3000-7fc5087e3000 ---p 00070000 08:05 919775                     /lib/x86_64-linux-gnu/libpcre.so.3.13.3
7fc5087e3000-7fc5087e4000 r--p 00070000 08:05 919775                     /lib/x86_64-linux-gnu/libpcre.so.3.13.3
7fc5087e4000-7fc5087e5000 rw-p 00071000 08:05 919775                     /lib/x86_64-linux-gnu/libpcre.so.3.13.3
7fc5087e5000-7fc5087ec000 r-xp 00000000 08:05 272269                     /usr/lib/x86_64-linux-gnu/libffi.so.6.0.4
7fc5087ec000-7fc5089eb000 ---p 00007000 08:05 272269                     /usr/lib/x86_64-linux-gnu/libffi.so.6.0.4
7fc5089eb000-7fc5089ec000 r--p 00006000 08:05 272269                     /usr/lib/x86_64-linux-gnu/libffi.so.6.0.4
7fc5089ec000-7fc5089ed000 rw-p 00007000 08:05 272269                     /usr/lib/x86_64-linux-gnu/libffi.so.6.0.4
7fc5089ed000-7fc508a3e000 r-xp 00000000 08:05 919686                     /lib/x86_64-linux-gnu/libmount.so.1.1.0
7fc508a3e000-7fc508c3d000 ---p 00051000 08:05 919686                     /lib/x86_64-linux-gnu/libmount.so.1.1.0
7fc508c3d000-7fc508c3f000 r--p 00050000 08:05 919686                     /lib/x86_64-linux-gnu/libmount.so.1.1.0
7fc508c3f000-7fc508c40000 rw-p 00052000 08:05 919686                     /lib/x86_64-linux-gnu/libmount.so.1.1.0
7fc508c40000-7fc508c41000 rw-p 00000000 00:00 0 
7fc508c41000-7fc508c58000 r-xp 00000000 08:05 919792                     /lib/x86_64-linux-gnu/libresolv-2.27.so
7fc508c58000-7fc508e58000 ---p 00017000 08:05 919792                     /lib/x86_64-linux-gnu/libresolv-2.27.so
7fc508e58000-7fc508e59000 r--p 00017000 08:05 919792                     /lib/x86_64-linux-gnu/libresolv-2.27.so
7fc508e59000-7fc508e5a000 rw-p 00018000 08:05 919792                     /lib/x86_64-linux-gnu/libresolv-2.27.so
7fc508e5a000-7fc508e5c000 rw-p 00000000 00:00 0 
7fc508e5c000-7fc508e81000 r-xp 00000000 08:05 919798                     /lib/x86_64-linux-gnu/libselinux.so.1
7fc508e81000-7fc509080000 ---p 00025000 08:05 919798                     /lib/x86_64-linux-gnu/libselinux.so.1
7fc509080000-7fc509081000 r--p 00024000 08:05 919798                     /lib/x86_64-linux-gnu/libselinux.so.1
7fc509081000-7fc509082000 rw-p 00025000 08:05 919798                     /lib/x86_64-linux-gnu/libselinux.so.1
7fc509082000-7fc509084000 rw-p 00000000 00:00 0 
7fc509084000-7fc509197000 r-xp 00000000 08:05 262951                     /usr/lib/x86_64-linux-gnu/libglib-2.0.so.0.5600.3
7fc509197000-7fc509397000 ---p 00113000 08:05 262951                     /usr/lib/x86_64-linux-gnu/libglib-2.0.so.0.5600.3
7fc509397000-7fc509398000 r--p 00113000 08:05 262951                     /usr/lib/x86_64-linux-gnu/libglib-2.0.so.0.5600.3
7fc509398000-7fc509399000 rw-p 00114000 08:05 262951                     /usr/lib/x86_64-linux-gnu/libglib-2.0.so.0.5600.3
7fc509399000-7fc50939a000 rw-p 00000000 00:00 0 
7fc50939a000-7fc50939d000 r-xp 00000000 08:05 268079                     /usr/lib/x86_64-linux-gnu/libgmodule-2.0.so.0.5600.3
7fc50939d000-7fc50959c000 ---p 00003000 08:05 268079                     /usr/lib/x86_64-linux-gnu/libgmodule-2.0.so.0.5600.3
7fc50959c000-7fc50959d000 r--p 00002000 08:05 268079                     /usr/lib/x86_64-linux-gnu/libgmodule-2.0.so.0.5600.3
7fc50959d000-7fc50959e000 rw-p 00003000 08:05 268079                     /usr/lib/x86_64-linux-gnu/libgmodule-2.0.so.0.5600.3
7fc50959e000-7fc5095f0000 r-xp 00000000 08:05 270586                     /usr/lib/x86_64-linux-gnu/libgobject-2.0.so.0.5600.3
7fc5095f0000-7fc5097f0000 ---p 00052000 08:05 270586                     /usr/lib/x86_64-linux-gnu/libgobject-2.0.so.0.5600.3
7fc5097f0000-7fc5097f1000 r--p 00052000 08:05 270586                     /usr/lib/x86_64-linux-gnu/libgobject-2.0.so.0.5600.3
7fc5097f1000-7fc5097f2000 rw-p 00053000 08:05 270586                     /usr/lib/x86_64-linux-gnu/libgobject-2.0.so.0.5600.3
7fc5097f2000-7fc509987000 r-xp 00000000 08:05 262552                     /usr/lib/x86_64-linux-gnu/libgio-2.0.so.0.5600.3
7fc509987000-7fc509b87000 ---p 00195000 08:05 262552                     /usr/lib/x86_64-linux-gnu/libgio-2.0.so.0.5600.3
7fc509b87000-7fc509b8e000 r--p 00195000 08:05 262552                     /usr/lib/x86_64-linux-gnu/libgio-2.0.so.0.5600.3
7fc509b8e000-7fc509b8f000 rw-p 0019c000 08:05 262552                     /usr/lib/x86_64-linux-gnu/libgio-2.0.so.0.5600.3
7fc509b8f000-7fc509b91000 rw-p 00000000 00:00 0 
7fc509b91000-7fc509b9b000 r-xp 00000000 08:05 271958                     /usr/lib/x86_64-linux-gnu/libXrandr.so.2.2.0
7fc509b9b000-7fc509d9a000 ---p 0000a000 08:05 271958                     /usr/lib/x86_64-linux-gnu/libXrandr.so.2.2.0
7fc509d9a000-7fc509d9b000 r--p 00009000 08:05 271958                     /usr/lib/x86_64-linux-gnu/libXrandr.so.2.2.0
7fc509d9b000-7fc509d9c000 rw-p 0000a000 08:05 271958                     /usr/lib/x86_64-linux-gnu/libXrandr.so.2.2.0
7fc509d9c000-7fc509f9c000 rw-p 00000000 00:00 0 
7fc509f9c000-7fc509fcd000 r-xp 00000000 08:05 272791                     /usr/lib/x86_64-linux-gnu/libpng16.so.16.34.0
7fc509fcd000-7fc50a1cc000 ---p 00031000 08:05 272791                     /usr/lib/x86_64-linux-gnu/libpng16.so.16.34.0
7fc50a1cc000-7fc50a1cd000 r--p 00030000 08:05 272791                     /usr/lib/x86_64-linux-gnu/libpng16.so.16.34.0
7fc50a1cd000-7fc50a1ce000 rw-p 00031000 08:05 272791                     /usr/lib/x86_64-linux-gnu/libpng16.so.16.34.0
7fc50a1ce000-7fc50a27b000 r-xp 00000000 08:05 272301                     /usr/lib/x86_64-linux-gnu/libfreetype.so.6.15.0
7fc50a27b000-7fc50a47a000 ---p 000ad000 08:05 272301                     /usr/lib/x86_64-linux-gnu/libfreetype.so.6.15.0
7fc50a47a000-7fc50a481000 r--p 000ac000 08:05 272301                     /usr/lib/x86_64-linux-gnu/libfreetype.so.6.15.0
7fc50a481000-7fc50a482000 rw-p 000b3000 08:05 272301                     /usr/lib/x86_64-linux-gnu/libfreetype.so.6.15.0
7fc50a482000-7fc50a517000 r-xp 00000000 08:05 1044706                    /usr/lib/jvm/java-11-openjdk-amd64/lib/libfontmanager.so
7fc50a517000-7fc50a717000 ---p 00095000 08:05 1044706                    /usr/lib/jvm/java-11-openjdk-amd64/lib/libfontmanager.so
7fc50a717000-7fc50a718000 r--p 00095000 08:05 1044706                    /usr/lib/jvm/java-11-openjdk-amd64/lib/libfontmanager.so
7fc50a718000-7fc50a719000 rw-p 00096000 08:05 1044706                    /usr/lib/jvm/java-11-openjdk-amd64/lib/libfontmanager.so
7fc50a719000-7fc50a71a000 rw-p 00000000 00:00 0 
7fc50a71a000-7fc50a72d000 r-xp 00000000 08:05 919649                     /lib/x86_64-linux-gnu/libbsd.so.0.8.7
7fc50a72d000-7fc50a92c000 ---p 00013000 08:05 919649                     /lib/x86_64-linux-gnu/libbsd.so.0.8.7
7fc50a92c000-7fc50a92d000 r--p 00012000 08:05 919649                     /lib/x86_64-linux-gnu/libbsd.so.0.8.7
7fc50a92d000-7fc50a92e000 rw-p 00013000 08:05 919649                     /lib/x86_64-linux-gnu/libbsd.so.0.8.7
7fc50a92e000-7fc50a92f000 rw-p 00000000 00:00 0 
7fc50a92f000-7fc50a934000 r-xp 00000000 08:05 271938                     /usr/lib/x86_64-linux-gnu/libXdmcp.so.6.0.0
7fc50a934000-7fc50ab33000 ---p 00005000 08:05 271938                     /usr/lib/x86_64-linux-gnu/libXdmcp.so.6.0.0
7fc50ab33000-7fc50ab34000 r--p 00004000 08:05 271938                     /usr/lib/x86_64-linux-gnu/libXdmcp.so.6.0.0
7fc50ab34000-7fc50ab35000 rw-p 00005000 08:05 271938                     /usr/lib/x86_64-linux-gnu/libXdmcp.so.6.0.0
7fc50ab35000-7fc50ab37000 r-xp 00000000 08:05 271927                     /usr/lib/x86_64-linux-gnu/libXau.so.6.0.0
7fc50ab37000-7fc50ad37000 ---p 00002000 08:05 271927                     /usr/lib/x86_64-linux-gnu/libXau.so.6.0.0
7fc50ad37000-7fc50ad38000 r--p 00002000 08:05 271927                     /usr/lib/x86_64-linux-gnu/libXau.so.6.0.0
7fc50ad38000-7fc50ad39000 rw-p 00003000 08:05 271927                     /usr/lib/x86_64-linux-gnu/libXau.so.6.0.0
7fc50ad39000-7fc50ad5f000 r-xp 00000000 08:05 273131                     /usr/lib/x86_64-linux-gnu/libxcb.so.1.1.0
7fc50ad5f000-7fc50af5f000 ---p 00026000 08:05 273131                     /usr/lib/x86_64-linux-gnu/libxcb.so.1.1.0
7fc50af5f000-7fc50af60000 r--p 00026000 08:05 273131                     /usr/lib/x86_64-linux-gnu/libxcb.so.1.1.0
7fc50af60000-7fc50af61000 rw-p 00027000 08:05 273131                     /usr/lib/x86_64-linux-gnu/libxcb.so.1.1.0
7fc50af61000-7fc50af70000 r-xp 00000000 08:05 271948                     /usr/lib/x86_64-linux-gnu/libXi.so.6.1.0
7fc50af70000-7fc50b16f000 ---p 0000f000 08:05 271948                     /usr/lib/x86_64-linux-gnu/libXi.so.6.1.0
7fc50b16f000-7fc50b170000 r--p 0000e000 08:05 271948                     /usr/lib/x86_64-linux-gnu/libXi.so.6.1.0
7fc50b170000-7fc50b171000 rw-p 0000f000 08:05 271948                     /usr/lib/x86_64-linux-gnu/libXi.so.6.1.0
7fc50b171000-7fc50b176000 r-xp 00000000 08:05 271966                     /usr/lib/x86_64-linux-gnu/libXtst.so.6.1.0
7fc50b176000-7fc50b375000 ---p 00005000 08:05 271966                     /usr/lib/x86_64-linux-gnu/libXtst.so.6.1.0
7fc50b375000-7fc50b376000 r--p 00004000 08:05 271966                     /usr/lib/x86_64-linux-gnu/libXtst.so.6.1.0
7fc50b376000-7fc50b377000 rw-p 00005000 08:05 271966                     /usr/lib/x86_64-linux-gnu/libXtst.so.6.1.0
7fc50b377000-7fc50b380000 r-xp 00000000 08:05 271960                     /usr/lib/x86_64-linux-gnu/libXrender.so.1.3.0
7fc50b380000-7fc50b57f000 ---p 00009000 08:05 271960                     /usr/lib/x86_64-linux-gnu/libXrender.so.1.3.0
7fc50b57f000-7fc50b580000 r--p 00008000 08:05 271960                     /usr/lib/x86_64-linux-gnu/libXrender.so.1.3.0
7fc50b580000-7fc50b581000 rw-p 00009000 08:05 271960                     /usr/lib/x86_64-linux-gnu/libXrender.so.1.3.0
7fc50b581000-7fc50b6b4000 r-xp 00000000 08:05 263759                     /usr/lib/x86_64-linux-gnu/libX11.so.6.3.0
7fc50b6b4000-7fc50b8b4000 ---p 00133000 08:05 263759                     /usr/lib/x86_64-linux-gnu/libX11.so.6.3.0
7fc50b8b4000-7fc50b8b5000 r--p 00133000 08:05 263759                     /usr/lib/x86_64-linux-gnu/libX11.so.6.3.0
7fc50b8b5000-7fc50b8b9000 rw-p 00134000 08:05 263759                     /usr/lib/x86_64-linux-gnu/libX11.so.6.3.0
7fc50b8b9000-7fc50b8ca000 r-xp 00000000 08:05 271940                     /usr/lib/x86_64-linux-gnu/libXext.so.6.4.0
7fc50b8ca000-7fc50bac9000 ---p 00011000 08:05 271940                     /usr/lib/x86_64-linux-gnu/libXext.so.6.4.0
7fc50bac9000-7fc50baca000 r--p 00010000 08:05 271940                     /usr/lib/x86_64-linux-gnu/libXext.so.6.4.0
7fc50baca000-7fc50bacb000 rw-p 00011000 08:05 271940                     /usr/lib/x86_64-linux-gnu/libXext.so.6.4.0
7fc50bacb000-7fc50bb2a000 r-xp 00000000 08:05 1044703                    /usr/lib/jvm/java-11-openjdk-amd64/lib/libawt_xawt.so
7fc50bb2a000-7fc50bd29000 ---p 0005f000 08:05 1044703                    /usr/lib/jvm/java-11-openjdk-amd64/lib/libawt_xawt.so
7fc50bd29000-7fc50bd2a000 r--p 0005e000 08:05 1044703                    /usr/lib/jvm/java-11-openjdk-amd64/lib/libawt_xawt.so
7fc50bd2a000-7fc50bd2d000 rw-p 0005f000 08:05 1044703                    /usr/lib/jvm/java-11-openjdk-amd64/lib/libawt_xawt.so
7fc50bd2d000-7fc50bd2f000 rw-p 00000000 00:00 0 
7fc50bd2f000-7fc50bdcf000 r-xp 00000000 08:05 1044701                    /usr/lib/jvm/java-11-openjdk-amd64/lib/libawt.so
7fc50bdcf000-7fc50bfcf000 ---p 000a0000 08:05 1044701                    /usr/lib/jvm/java-11-openjdk-amd64/lib/libawt.so
7fc50bfcf000-7fc50bfd0000 r--p 000a0000 08:05 1044701                    /usr/lib/jvm/java-11-openjdk-amd64/lib/libawt.so
7fc50bfd0000-7fc50bfdb000 rw-p 000a1000 08:05 1044701                    /usr/lib/jvm/java-11-openjdk-amd64/lib/libawt.so
7fc50bfdb000-7fc50c000000 rw-p 00000000 00:00 0 
7fc50c000000-7fc50c021000 rw-p 00000000 00:00 0 
7fc50c021000-7fc510000000 ---p 00000000 00:00 0 
7fc510000000-7fc510021000 rw-p 00000000 00:00 0 
7fc510021000-7fc514000000 ---p 00000000 00:00 0 
7fc514000000-7fc514874000 rw-p 00000000 00:00 0 
7fc514874000-7fc518000000 ---p 00000000 00:00 0 
7fc518000000-7fc518021000 rw-p 00000000 00:00 0 
7fc518021000-7fc51c000000 ---p 00000000 00:00 0 
7fc51c000000-7fc51d9ed000 rw-p 00000000 00:00 0 
7fc51d9ed000-7fc520000000 ---p 00000000 00:00 0 
7fc520000000-7fc5213f8000 rw-p 00000000 00:00 0 
7fc5213f8000-7fc524000000 ---p 00000000 00:00 0 
7fc524000000-7fc524021000 rw-p 00000000 00:00 0 
7fc524021000-7fc528000000 ---p 00000000 00:00 0 
7fc528000000-7fc528021000 rw-p 00000000 00:00 0 
7fc528021000-7fc52c000000 ---p 00000000 00:00 0 
7fc52c000000-7fc52c06f000 rw-p 00000000 00:00 0 
7fc52c06f000-7fc530000000 ---p 00000000 00:00 0 
7fc530000000-7fc530021000 rw-p 00000000 00:00 0 
7fc530021000-7fc534000000 ---p 00000000 00:00 0 
7fc534000000-7fc534021000 rw-p 00000000 00:00 0 
7fc534021000-7fc538000000 ---p 00000000 00:00 0 
7fc538000000-7fc538021000 rw-p 00000000 00:00 0 
7fc538021000-7fc53c000000 ---p 00000000 00:00 0 
7fc53c000000-7fc53c021000 rw-p 00000000 00:00 0 
7fc53c021000-7fc540000000 ---p 00000000 00:00 0 
7fc540000000-7fc540021000 rw-p 00000000 00:00 0 
7fc540021000-7fc544000000 ---p 00000000 00:00 0 
7fc544000000-7fc544021000 rw-p 00000000 00:00 0 
7fc544021000-7fc548000000 ---p 00000000 00:00 0 
7fc548000000-7fc548021000 rw-p 00000000 00:00 0 
7fc548021000-7fc54c000000 ---p 00000000 00:00 0 
7fc54c000000-7fc54c021000 rw-p 00000000 00:00 0 
7fc54c021000-7fc550000000 ---p 00000000 00:00 0 
7fc550000000-7fc550021000 rw-p 00000000 00:00 0 
7fc550021000-7fc554000000 ---p 00000000 00:00 0 
7fc55400a000-7fc55400e000 r--s 00000000 08:05 1206704                    /var/cache/fontconfig/6aa41aa22e18b8fa06a12da28ea9c28b-le64.cache-7
7fc55400e000-7fc554019000 r--s 00000000 08:05 1192451                    /var/cache/fontconfig/945677eb7aeaf62f1d50efc3fb3ec7d8-le64.cache-7
7fc554019000-7fc55401e000 r--s 00000000 08:05 1192422                    /var/cache/fontconfig/2300eef321c393bfd76478a5c0e95b23-le64.cache-7
7fc55401e000-7fc55401f000 r--s 00000000 08:05 1192415                    /var/cache/fontconfig/0d8c3b2ac0904cb8a57a757ad11a4a08-le64.cache-7
7fc55401f000-7fc554034000 r--s 00000000 08:05 1192411                    /var/cache/fontconfig/04aabc0a78ac019cf9454389977116d2-le64.cache-7
7fc554034000-7fc554035000 r--s 00000000 08:05 1192419                    /var/cache/fontconfig/1ac9eb803944fde146138c791f5cc56a-le64.cache-7
7fc554035000-7fc554036000 r--s 00000000 08:05 1192470                    /var/cache/fontconfig/dc05db6664285cc2f12bf69c139ae4c3-le64.cache-7
7fc554036000-7fc554038000 r--s 00000000 08:05 1192416                    /var/cache/fontconfig/14a5e22175779b556eaa434240950366-le64.cache-7
7fc554038000-7fc554039000 r--s 00000000 08:05 1192443                    /var/cache/fontconfig/660208299946a285a940457d1287da33-le64.cache-7
7fc554039000-7fc55403a000 r--s 00000000 08:05 1206489                    /var/cache/fontconfig/5d1cca7074f29429a8d18692746c2426-le64.cache-7
7fc55403a000-7fc55403c000 r--s 00000000 08:05 1192434                    /var/cache/fontconfig/4f3e3037c9980c83b53a9351efadef62-le64.cache-7
7fc55403c000-7fc55403e000 r--s 00000000 08:05 1192448                    /var/cache/fontconfig/767a8244fc0220cfb567a839d0392e0b-le64.cache-7
7fc55403e000-7fc55403f000 r--s 00000000 08:05 1176178                    /var/cache/fontconfig/4794a0821666d79190d59a36cb4f44b5-le64.cache-7
7fc55403f000-7fc554041000 r--s 00000000 08:05 1176008                    /var/cache/fontconfig/0bd3dc0958fa2205aaaa8ebb13e2872b-le64.cache-7
7fc554041000-7fc554046000 r--s 00000000 08:05 1192471                    /var/cache/fontconfig/def309198bfa603429122923fa2bb2d4-le64.cache-7
7fc554046000-7fc554047000 r--s 00000000 08:05 1192459                    /var/cache/fontconfig/b872e6e592da6075ffa4ab0a1fcc0c75-le64.cache-7
7fc554047000-7fc554048000 r--s 00000000 08:05 1192476                    /var/cache/fontconfig/f6d4eedfaab2589bde49f7a3ff831d22-le64.cache-7
7fc554048000-7fc554049000 r--s 00000000 08:05 1192441                    /var/cache/fontconfig/589f83ef4c36d296ce6e1c846f468f08-le64.cache-7
7fc554049000-7fc55404a000 r--s 00000000 08:05 1192461                    /var/cache/fontconfig/bab58bb527bb656aaa9f116d68a48d89-le64.cache-7
7fc55404a000-7fc55404b000 r--s 00000000 08:05 1192420                    /var/cache/fontconfig/2171a34dccabdb6bcbbc728186263178-le64.cache-7
7fc55404b000-7fc55404c000 r--s 00000000 08:05 1192462                    /var/cache/fontconfig/c5c45a61289222e0d30b1a26ef4effbe-le64.cache-7
7fc55404c000-7fc55404d000 r--s 00000000 08:05 1192457                    /var/cache/fontconfig/aec30016f93e1b46d1a973dce0d74068-le64.cache-7
7fc55404d000-7fc55404e000 r--s 00000000 08:05 1192427                    /var/cache/fontconfig/3f589640d34b7dc9042c8d453f7c8b9c-le64.cache-7
7fc55404e000-7fc55404f000 r--s 00000000 08:05 1192417                    /var/cache/fontconfig/16c2fda60d1b4b719f4b3d06fd951d25-le64.cache-7
7fc55404f000-7fc554050000 r--s 00000000 08:05 1192456                    /var/cache/fontconfig/a48eab177a16e4f3713381162db2f3e9-le64.cache-7
7fc554050000-7fc554051000 r--s 00000000 08:05 1192437                    /var/cache/fontconfig/564b2e68ac9bc4e36a6f7f6d6125ec1c-le64.cache-7
7fc554051000-7fc554057000 r--s 00000000 08:05 1188064                    /var/cache/fontconfig/3047814df9a2f067bd2d96a2b9c36e5a-le64.cache-7
7fc554057000-7fc55405b000 ---p 00000000 00:00 0 
7fc55405b000-7fc556348000 rw-p 00000000 00:00 0 
7fc556348000-7fc558000000 ---p 00000000 00:00 0 
7fc558000000-7fc558021000 rw-p 00000000 00:00 0 
7fc558021000-7fc55c000000 ---p 00000000 00:00 0 
7fc55c000000-7fc55c021000 rw-p 00000000 00:00 0 
7fc55c021000-7fc560000000 ---p 00000000 00:00 0 
7fc560000000-7fc560021000 rw-p 00000000 00:00 0 
7fc560021000-7fc564000000 ---p 00000000 00:00 0 
7fc564000000-7fc564005000 r--s 00000000 08:05 1188065                    /var/cache/fontconfig/9d2451b1fd30e5bffe8383fd27c35478-le64.cache-7
7fc564005000-7fc56400d000 r--s 00000000 08:05 1206702                    /var/cache/fontconfig/bf3b770c553c462765856025a94f1ce6-le64.cache-7
7fc56400d000-7fc56400e000 r--s 00000000 08:05 1192438                    /var/cache/fontconfig/56cf4f4769d0f4abc89a4895d7bd3ae1-le64.cache-7
7fc56400e000-7fc56400f000 r--s 00000000 08:05 1192460                    /var/cache/fontconfig/b9d506c9ac06c20b433354fa67a72993-le64.cache-7
7fc56400f000-7fc564015000 r--s 00000000 08:05 1192458                    /var/cache/fontconfig/b47c4e1ecd0709278f4910c18777a504-le64.cache-7
7fc564015000-7fc564028000 r--s 00000000 08:05 1192467                    /var/cache/fontconfig/d52a8644073d54c13679302ca1180695-le64.cache-7
7fc564028000-7fc564029000 r--s 00000000 08:05 1192425                    /var/cache/fontconfig/370e5b74bf5dafc30834de68e24a87a4-le64.cache-7
7fc564029000-7fc56402a000 r--s 00000000 08:05 1192446                    /var/cache/fontconfig/6b2c5944714ca7831b25bed9e85cb5c8-le64.cache-7
7fc56402a000-7fc56402b000 r--s 00000000 08:05 1192466                    /var/cache/fontconfig/d5178ab6d91b49bf20a416737dcea9e8-le64.cache-7
7fc56402b000-7fc56402c000 r--s 00000000 08:05 1192436                    /var/cache/fontconfig/551ecf3b0e8b0bca0f25c0944f561853-le64.cache-7
7fc56402c000-7fc56402f000 r--s 00000000 08:05 1192475                    /var/cache/fontconfig/f259c2cffa685e28062317905db73c4a-le64.cache-7
7fc56402f000-7fc564031000 r--s 00000000 08:05 1192435                    /var/cache/fontconfig/550f3886151c940c12a5ed35f6a00586-le64.cache-7
7fc564031000-7fc564034000 r--s 00000000 08:05 1192444                    /var/cache/fontconfig/674d1711f2d1d2a09646eb0bdcadee49-le64.cache-7
7fc564034000-7fc564035000 r--s 00000000 08:05 1192428                    /var/cache/fontconfig/3f7329c5293ffd510edef78f73874cfd-le64.cache-7
7fc564035000-7fc564041000 r--s 00000000 08:05 1199994                    /var/cache/fontconfig/d589a48862398ed80a3d6066f4f56f4c-le64.cache-7
7fc564041000-7fc564042000 r--s 00000000 08:05 1206478                    /var/cache/fontconfig/e7de81b01590fb7e12b38e274e17d0db-le64.cache-7
7fc564042000-7fc564043000 r--s 00000000 08:05 1192414                    /var/cache/fontconfig/0c9eb80ebd1c36541ebe2852d3bb0c49-le64.cache-7
7fc564043000-7fc564044000 r--s 00000000 08:05 1192421                    /var/cache/fontconfig/22368d551a680bfe5a62c02760edf4ea-le64.cache-7
7fc564044000-7fc56405c000 r--s 00000000 08:05 1192469                    /var/cache/fontconfig/e13b20fdb08344e0e664864cc2ede53d-le64.cache-7
7fc56405c000-7fc56407d000 r--s 00000000 08:05 1206694                    /var/cache/fontconfig/467c019e582ee353435ea5c21d137ef6-le64.cache-7
7fc56407d000-7fc564081000 ---p 00000000 00:00 0 
7fc564081000-7fc56417e000 rw-p 00000000 00:00 0 
7fc56417e000-7fc564195000 r-xp 00000000 08:05 1044726                    /usr/lib/jvm/java-11-openjdk-amd64/lib/libnet.so
7fc564195000-7fc564394000 ---p 00017000 08:05 1044726                    /usr/lib/jvm/java-11-openjdk-amd64/lib/libnet.so
7fc564394000-7fc564395000 r--p 00016000 08:05 1044726                    /usr/lib/jvm/java-11-openjdk-amd64/lib/libnet.so
7fc564395000-7fc564396000 rw-p 00017000 08:05 1044726                    /usr/lib/jvm/java-11-openjdk-amd64/lib/libnet.so
7fc564396000-7fc5643a7000 r-xp 00000000 08:05 1044727                    /usr/lib/jvm/java-11-openjdk-amd64/lib/libnio.so
7fc5643a7000-7fc5645a6000 ---p 00011000 08:05 1044727                    /usr/lib/jvm/java-11-openjdk-amd64/lib/libnio.so
7fc5645a6000-7fc5645a7000 r--p 00010000 08:05 1044727                    /usr/lib/jvm/java-11-openjdk-amd64/lib/libnio.so
7fc5645a7000-7fc5645a8000 rw-p 00011000 08:05 1044727                    /usr/lib/jvm/java-11-openjdk-amd64/lib/libnio.so
7fc5645a8000-7fc5645ac000 ---p 00000000 00:00 0 
7fc5645ac000-7fc5646a9000 rw-p 00000000 00:00 0 
7fc5646a9000-7fc5646aa000 ---p 00000000 00:00 0 
7fc5646aa000-7fc5647ab000 rw-p 00000000 00:00 0 
7fc5647ab000-7fc5647af000 ---p 00000000 00:00 0 
7fc5647af000-7fc5648ac000 rw-p 00000000 00:00 0 
7fc5648ac000-7fc5648b0000 ---p 00000000 00:00 0 
7fc5648b0000-7fc5649ad000 rw-p 00000000 00:00 0 
7fc5649ad000-7fc5649b1000 ---p 00000000 00:00 0 
7fc5649b1000-7fc564aae000 rw-p 00000000 00:00 0 
7fc564aae000-7fc56547d000 r--p 00000000 08:05 267985                     /usr/lib/locale/locale-archive
7fc56547d000-7fc565e6d000 rw-p 00000000 00:00 0 
7fc565e6d000-7fc567b25000 ---p 00000000 00:00 0 
7fc567b25000-7fc567d95000 rwxp 00000000 00:00 0 
7fc567d95000-7fc5680b5000 ---p 00000000 00:00 0 
7fc5680b5000-7fc568cf5000 rwxp 00000000 00:00 0 
7fc568cf5000-7fc56f5ed000 ---p 00000000 00:00 0 
7fc56f5ed000-7fc56f8dd000 rwxp 00000000 00:00 0 
7fc56f8dd000-7fc576b25000 ---p 00000000 00:00 0 
7fc576b25000-7fc580000000 r--s 00000000 08:05 1062053                    /usr/lib/jvm/java-11-openjdk-amd64/lib/modules
7fc580000000-7fc580557000 rw-p 00000000 00:00 0 
7fc580557000-7fc584000000 ---p 00000000 00:00 0 
7fc584000000-7fc584001000 r--s 00000000 08:05 1192433                    /var/cache/fontconfig/4d9c95eba1cb85bbcf2878543262124a-le64.cache-7
7fc584001000-7fc584002000 r--s 00000000 08:05 1192450                    /var/cache/fontconfig/85e0a52ce643a7ba2ae53e5d6949cead-le64.cache-7
7fc584002000-7fc584010000 r--s 00000000 08:05 1192453                    /var/cache/fontconfig/9b89f8e3dae116d678bbf48e5f21f69b-le64.cache-7
7fc584010000-7fc58401d000 r--s 00000000 08:05 1206697                    /var/cache/fontconfig/8f02d4cb045bd6ce15663e43f347c9f8-le64.cache-7
7fc58401d000-7fc58404d000 r--p 00000000 08:05 526415                     /usr/share/glib-2.0/schemas/gschemas.compiled
7fc58404d000-7fc58407e000 rw-p 00000000 00:00 0 
7fc58407e000-7fc584082000 ---p 00000000 00:00 0 
7fc584082000-7fc58417f000 rw-p 00000000 00:00 0 
7fc58417f000-7fc584183000 ---p 00000000 00:00 0 
7fc584183000-7fc584280000 rw-p 00000000 00:00 0 
7fc584280000-7fc584284000 ---p 00000000 00:00 0 
7fc584284000-7fc584381000 rw-p 00000000 00:00 0 
7fc584381000-7fc584385000 ---p 00000000 00:00 0 
7fc584385000-7fc584482000 rw-p 00000000 00:00 0 
7fc584482000-7fc584486000 ---p 00000000 00:00 0 
7fc584486000-7fc584583000 rw-p 00000000 00:00 0 
7fc584583000-7fc584584000 ---p 00000000 00:00 0 
7fc584584000-7fc58477e000 rw-p 00000000 00:00 0 
7fc58477e000-7fc58477f000 ---p 00000000 00:00 0 
7fc58477f000-7fc584880000 rw-p 00000000 00:00 0 
7fc584880000-7fc584881000 ---p 00000000 00:00 0 
7fc584881000-7fc584982000 rw-p 00000000 00:00 0 
7fc584982000-7fc584983000 ---p 00000000 00:00 0 
7fc584983000-7fc584a84000 rw-p 00000000 00:00 0 
7fc584a84000-7fc584a85000 ---p 00000000 00:00 0 
7fc584a85000-7fc584b86000 rw-p 00000000 00:00 0 
7fc584b86000-7fc584b87000 ---p 00000000 00:00 0 
7fc584b87000-7fc58508c000 rw-p 00000000 00:00 0 
7fc58508c000-7fc58508d000 ---p 00000000 00:00 0 
7fc58508d000-7fc58518e000 rw-p 00000000 00:00 0 
7fc58518e000-7fc58518f000 ---p 00000000 00:00 0 
7fc58518f000-7fc5852ce000 rw-p 00000000 00:00 0 
7fc5852ce000-7fc585665000 ---p 00000000 00:00 0 
7fc585665000-7fc5856a3000 rw-p 00000000 00:00 0 
7fc5856a3000-7fc585a3a000 ---p 00000000 00:00 0 
7fc585a3a000-7fc585a78000 rw-p 00000000 00:00 0 
7fc585a78000-7fc585e0f000 ---p 00000000 00:00 0 
7fc585e0f000-7fc586213000 rw-p 00000000 00:00 0 
7fc586213000-7fc586214000 ---p 00000000 00:00 0 
7fc586214000-7fc586315000 rw-p 00000000 00:00 0 
7fc586315000-7fc586316000 ---p 00000000 00:00 0 
7fc586316000-7fc586417000 rw-p 00000000 00:00 0 
7fc586417000-7fc586418000 ---p 00000000 00:00 0 
7fc586418000-7fc586519000 rw-p 00000000 00:00 0 
7fc586519000-7fc58651a000 ---p 00000000 00:00 0 
7fc58651a000-7fc586621000 rw-p 00000000 00:00 0 
7fc586621000-7fc586706000 ---p 00000000 00:00 0 
7fc586706000-7fc58671f000 rw-p 00000000 00:00 0 
7fc58671f000-7fc5867f1000 ---p 00000000 00:00 0 
7fc5867f1000-7fc5867f6000 r-xp 00000000 08:05 1044718                    /usr/lib/jvm/java-11-openjdk-amd64/lib/libjimage.so
7fc5867f6000-7fc5869f5000 ---p 00005000 08:05 1044718                    /usr/lib/jvm/java-11-openjdk-amd64/lib/libjimage.so
7fc5869f5000-7fc5869f6000 r--p 00004000 08:05 1044718                    /usr/lib/jvm/java-11-openjdk-amd64/lib/libjimage.so
7fc5869f6000-7fc5869f7000 rw-p 00005000 08:05 1044718                    /usr/lib/jvm/java-11-openjdk-amd64/lib/libjimage.so
7fc5869f7000-7fc5869fe000 r-xp 00000000 08:05 1062049                    /usr/lib/jvm/java-11-openjdk-amd64/lib/libzip.so
7fc5869fe000-7fc586bfd000 ---p 00007000 08:05 1062049                    /usr/lib/jvm/java-11-openjdk-amd64/lib/libzip.so
7fc586bfd000-7fc586bfe000 r--p 00006000 08:05 1062049                    /usr/lib/jvm/java-11-openjdk-amd64/lib/libzip.so
7fc586bfe000-7fc586bff000 rw-p 00007000 08:05 1062049                    /usr/lib/jvm/java-11-openjdk-amd64/lib/libzip.so
7fc586bff000-7fc586c0a000 r-xp 00000000 08:05 919743                     /lib/x86_64-linux-gnu/libnss_files-2.27.so
7fc586c0a000-7fc586e09000 ---p 0000b000 08:05 919743                     /lib/x86_64-linux-gnu/libnss_files-2.27.so
7fc586e09000-7fc586e0a000 r--p 0000a000 08:05 919743                     /lib/x86_64-linux-gnu/libnss_files-2.27.so
7fc586e0a000-7fc586e0b000 rw-p 0000b000 08:05 919743                     /lib/x86_64-linux-gnu/libnss_files-2.27.so
7fc586e0b000-7fc586e11000 rw-p 00000000 00:00 0 
7fc586e11000-7fc586e28000 r-xp 00000000 08:05 919737                     /lib/x86_64-linux-gnu/libnsl-2.27.so
7fc586e28000-7fc587027000 ---p 00017000 08:05 919737                     /lib/x86_64-linux-gnu/libnsl-2.27.so
7fc587027000-7fc587028000 r--p 00016000 08:05 919737                     /lib/x86_64-linux-gnu/libnsl-2.27.so
7fc587028000-7fc587029000 rw-p 00017000 08:05 919737                     /lib/x86_64-linux-gnu/libnsl-2.27.so
7fc587029000-7fc58702b000 rw-p 00000000 00:00 0 
7fc58702b000-7fc587036000 r-xp 00000000 08:05 919754                     /lib/x86_64-linux-gnu/libnss_nis-2.27.so
7fc587036000-7fc587235000 ---p 0000b000 08:05 919754                     /lib/x86_64-linux-gnu/libnss_nis-2.27.so
7fc587235000-7fc587236000 r--p 0000a000 08:05 919754                     /lib/x86_64-linux-gnu/libnss_nis-2.27.so
7fc587236000-7fc587237000 rw-p 0000b000 08:05 919754                     /lib/x86_64-linux-gnu/libnss_nis-2.27.so
7fc587237000-7fc58723f000 r-xp 00000000 08:05 919739                     /lib/x86_64-linux-gnu/libnss_compat-2.27.so
7fc58723f000-7fc58743f000 ---p 00008000 08:05 919739                     /lib/x86_64-linux-gnu/libnss_compat-2.27.so
7fc58743f000-7fc587440000 r--p 00008000 08:05 919739                     /lib/x86_64-linux-gnu/libnss_compat-2.27.so
7fc587440000-7fc587441000 rw-p 00009000 08:05 919739                     /lib/x86_64-linux-gnu/libnss_compat-2.27.so
7fc587441000-7fc58746d000 r-xp 00000000 08:05 1044714                    /usr/lib/jvm/java-11-openjdk-amd64/lib/libjava.so
7fc58746d000-7fc58766c000 ---p 0002c000 08:05 1044714                    /usr/lib/jvm/java-11-openjdk-amd64/lib/libjava.so
7fc58766c000-7fc58766d000 r--p 0002b000 08:05 1044714                    /usr/lib/jvm/java-11-openjdk-amd64/lib/libjava.so
7fc58766d000-7fc58766f000 rw-p 0002c000 08:05 1044714                    /usr/lib/jvm/java-11-openjdk-amd64/lib/libjava.so
7fc58766f000-7fc58767c000 r-xp 00000000 08:05 1062045                    /usr/lib/jvm/java-11-openjdk-amd64/lib/libverify.so
7fc58767c000-7fc58787b000 ---p 0000d000 08:05 1062045                    /usr/lib/jvm/java-11-openjdk-amd64/lib/libverify.so
7fc58787b000-7fc58787d000 r--p 0000c000 08:05 1062045                    /usr/lib/jvm/java-11-openjdk-amd64/lib/libverify.so
7fc58787d000-7fc58787e000 rw-p 0000e000 08:05 1062045                    /usr/lib/jvm/java-11-openjdk-amd64/lib/libverify.so
7fc58787e000-7fc587885000 r-xp 00000000 08:05 919794                     /lib/x86_64-linux-gnu/librt-2.27.so
7fc587885000-7fc587a84000 ---p 00007000 08:05 919794                     /lib/x86_64-linux-gnu/librt-2.27.so
7fc587a84000-7fc587a85000 r--p 00006000 08:05 919794                     /lib/x86_64-linux-gnu/librt-2.27.so
7fc587a85000-7fc587a86000 rw-p 00007000 08:05 919794                     /lib/x86_64-linux-gnu/librt-2.27.so
7fc587a86000-7fc587a9d000 r-xp 00000000 08:05 913937                     /lib/x86_64-linux-gnu/libgcc_s.so.1
7fc587a9d000-7fc587c9c000 ---p 00017000 08:05 913937                     /lib/x86_64-linux-gnu/libgcc_s.so.1
7fc587c9c000-7fc587c9d000 r--p 00016000 08:05 913937                     /lib/x86_64-linux-gnu/libgcc_s.so.1
7fc587c9d000-7fc587c9e000 rw-p 00017000 08:05 913937                     /lib/x86_64-linux-gnu/libgcc_s.so.1
7fc587c9e000-7fc587e3b000 r-xp 00000000 08:05 919716                     /lib/x86_64-linux-gnu/libm-2.27.so
7fc587e3b000-7fc58803a000 ---p 0019d000 08:05 919716                     /lib/x86_64-linux-gnu/libm-2.27.so
7fc58803a000-7fc58803b000 r--p 0019c000 08:05 919716                     /lib/x86_64-linux-gnu/libm-2.27.so
7fc58803b000-7fc58803c000 rw-p 0019d000 08:05 919716                     /lib/x86_64-linux-gnu/libm-2.27.so
7fc58803c000-7fc5881b5000 r-xp 00000000 08:05 261187                     /usr/lib/x86_64-linux-gnu/libstdc++.so.6.0.25
7fc5881b5000-7fc5883b5000 ---p 00179000 08:05 261187                     /usr/lib/x86_64-linux-gnu/libstdc++.so.6.0.25
7fc5883b5000-7fc5883bf000 r--p 00179000 08:05 261187                     /usr/lib/x86_64-linux-gnu/libstdc++.so.6.0.25
7fc5883bf000-7fc5883c1000 rw-p 00183000 08:05 261187                     /usr/lib/x86_64-linux-gnu/libstdc++.so.6.0.25
7fc5883c1000-7fc5883c5000 rw-p 00000000 00:00 0 
7fc5883c5000-7fc589362000 r-xp 00000000 08:05 1062065                    /usr/lib/jvm/java-11-openjdk-amd64/lib/server/libjvm.so
7fc589362000-7fc589562000 ---p 00f9d000 08:05 1062065                    /usr/lib/jvm/java-11-openjdk-amd64/lib/server/libjvm.so
7fc589562000-7fc589626000 r--p 00f9d000 08:05 1062065                    /usr/lib/jvm/java-11-openjdk-amd64/lib/server/libjvm.so
7fc589626000-7fc58965e000 rw-p 01061000 08:05 1062065                    /usr/lib/jvm/java-11-openjdk-amd64/lib/server/libjvm.so
7fc58965e000-7fc5896a7000 rw-p 00000000 00:00 0 
7fc5896a7000-7fc5896c1000 r-xp 00000000 08:05 919786                     /lib/x86_64-linux-gnu/libpthread-2.27.so
7fc5896c1000-7fc5898c0000 ---p 0001a000 08:05 919786                     /lib/x86_64-linux-gnu/libpthread-2.27.so
7fc5898c0000-7fc5898c1000 r--p 00019000 08:05 919786                     /lib/x86_64-linux-gnu/libpthread-2.27.so
7fc5898c1000-7fc5898c2000 rw-p 0001a000 08:05 919786                     /lib/x86_64-linux-gnu/libpthread-2.27.so
7fc5898c2000-7fc5898c6000 rw-p 00000000 00:00 0 
7fc5898c6000-7fc5898c9000 r-xp 00000000 08:05 919676                     /lib/x86_64-linux-gnu/libdl-2.27.so
7fc5898c9000-7fc589ac8000 ---p 00003000 08:05 919676                     /lib/x86_64-linux-gnu/libdl-2.27.so
7fc589ac8000-7fc589ac9000 r--p 00002000 08:05 919676                     /lib/x86_64-linux-gnu/libdl-2.27.so
7fc589ac9000-7fc589aca000 rw-p 00003000 08:05 919676                     /lib/x86_64-linux-gnu/libdl-2.27.so
7fc589aca000-7fc589ae6000 r-xp 00000000 08:05 919825                     /lib/x86_64-linux-gnu/libz.so.1.2.11
7fc589ae6000-7fc589ce5000 ---p 0001c000 08:05 919825                     /lib/x86_64-linux-gnu/libz.so.1.2.11
7fc589ce5000-7fc589ce6000 r--p 0001b000 08:05 919825                     /lib/x86_64-linux-gnu/libz.so.1.2.11
7fc589ce6000-7fc589ce7000 rw-p 0001c000 08:05 919825                     /lib/x86_64-linux-gnu/libz.so.1.2.11
7fc589ce7000-7fc589ece000 r-xp 00000000 08:05 919653                     /lib/x86_64-linux-gnu/libc-2.27.so
7fc589ece000-7fc58a0ce000 ---p 001e7000 08:05 919653                     /lib/x86_64-linux-gnu/libc-2.27.so
7fc58a0ce000-7fc58a0d2000 r--p 001e7000 08:05 919653                     /lib/x86_64-linux-gnu/libc-2.27.so
7fc58a0d2000-7fc58a0d4000 rw-p 001eb000 08:05 919653                     /lib/x86_64-linux-gnu/libc-2.27.so
7fc58a0d4000-7fc58a0d8000 rw-p 00000000 00:00 0 
7fc58a0d8000-7fc58a0e7000 r-xp 00000000 08:05 1044697                    /usr/lib/jvm/java-11-openjdk-amd64/lib/jli/libjli.so
7fc58a0e7000-7fc58a2e6000 ---p 0000f000 08:05 1044697                    /usr/lib/jvm/java-11-openjdk-amd64/lib/jli/libjli.so
7fc58a2e6000-7fc58a2e7000 r--p 0000e000 08:05 1044697                    /usr/lib/jvm/java-11-openjdk-amd64/lib/jli/libjli.so
7fc58a2e7000-7fc58a2e8000 rw-p 0000f000 08:05 1044697                    /usr/lib/jvm/java-11-openjdk-amd64/lib/jli/libjli.so
7fc58a2e8000-7fc58a30f000 r-xp 00000000 08:05 919625                     /lib/x86_64-linux-gnu/ld-2.27.so
7fc58a30f000-7fc58a310000 r--s 00000000 08:05 1192430                    /var/cache/fontconfig/49f0de54bdd920fe4f0dfd4cbac43e6b-le64.cache-7
7fc58a310000-7fc58a311000 r--s 00000000 08:05 1192477                    /var/cache/fontconfig/f6e6e0a5c3d2f6ae0c0c2e0ecd42a997-le64.cache-7
7fc58a311000-7fc58a312000 r--s 00000000 08:05 1192431                    /var/cache/fontconfig/4b2eda6bb976bda485cb2176619421d5-le64.cache-7
7fc58a312000-7fc58a314000 r--s 00000000 08:05 1192445                    /var/cache/fontconfig/6afa1bb216ce958c1589e297e8008489-le64.cache-7
7fc58a314000-7fc58a317000 r--s 00000000 08:05 1206699                    /var/cache/fontconfig/16326683038b281783a0ef8c680e3a10-le64.cache-7
7fc58a32f000-7fc58a334000 r--p 00000000 08:07 2894353                    /home/christoph/.config/dconf/user (deleted)
7fc58a334000-7fc58a3f1000 rw-p 00000000 00:00 0 
7fc58a3f1000-7fc58a3f5000 ---p 00000000 00:00 0 
7fc58a3f5000-7fc58a4f4000 rw-p 00000000 00:00 0 
7fc58a4f4000-7fc58a4f5000 r--s 00000000 08:05 1206695                    /var/cache/fontconfig/e0aa53bcfa504e64f87823c16bc01eb6-le64.cache-7
7fc58a4f5000-7fc58a4f6000 r--s 00000000 00:33 36                         /run/user/1000/dconf/user (deleted)
7fc58a4f6000-7fc58a4fc000 rw-p 00000000 00:00 0 
7fc58a4fc000-7fc58a503000 ---p 00000000 00:00 0 
7fc58a503000-7fc58a50b000 rw-s 00000000 08:05 130609                     /tmp/hsperfdata_christoph/9690
7fc58a50b000-7fc58a50c000 ---p 00000000 00:00 0 
7fc58a50c000-7fc58a50d000 r--p 00000000 00:00 0 
7fc58a50d000-7fc58a50f000 rw-p 00000000 00:00 0 
7fc58a50f000-7fc58a510000 r--p 00027000 08:05 919625                     /lib/x86_64-linux-gnu/ld-2.27.so
7fc58a510000-7fc58a511000 rw-p 00028000 08:05 919625                     /lib/x86_64-linux-gnu/ld-2.27.so
7fc58a511000-7fc58a512000 rw-p 00000000 00:00 0 
7fff89948000-7fff89969000 rw-p 00000000 00:00 0                          [stack]
7fff8999d000-7fff899a0000 r--p 00000000 00:00 0                          [vvar]
7fff899a0000-7fff899a2000 r-xp 00000000 00:00 0                          [vdso]
ffffffffff600000-ffffffffff601000 r-xp 00000000 00:00 0                  [vsyscall]


VM Arguments:
jvm_args: -Dfile.encoding=UTF-8 
java_command: Controllers.TRECController
java_class_path (initial): /home/christoph/Uni/OAD/OAD-2018-2019/Ass2/UI-Prototyp:/home/christoph/Uni/OAD/OAD-2018-2019/Ass2/UI-Prototyp/lib/antlr-2.7.7.jar:/home/christoph/Uni/OAD/OAD-2018-2019/Ass2/UI-Prototyp/lib/byte-buddy-1.8.17.jar:/home/christoph/Uni/OAD/OAD-2018-2019/Ass2/UI-Prototyp/lib/classmate-1.3.4.jar:/home/christoph/Uni/OAD/OAD-2018-2019/Ass2/UI-Prototyp/lib/dom4j-2.1.1.jar:/home/christoph/Uni/OAD/OAD-2018-2019/Ass2/UI-Prototyp/lib/hibernate-commons-annotations-5.0.4.Final.jar:/home/christoph/Uni/OAD/OAD-2018-2019/Ass2/UI-Prototyp/lib/hibernate-core-5.3.7.Final.jar:/home/christoph/Uni/OAD/OAD-2018-2019/Ass2/UI-Prototyp/lib/jandex-2.0.5.Final.jar:/home/christoph/Uni/OAD/OAD-2018-2019/Ass2/UI-Prototyp/lib/javassist-3.23.1-GA.jar:/home/christoph/Uni/OAD/OAD-2018-2019/Ass2/UI-Prototyp/lib/javax.activation-api-1.2.0.jar:/home/christoph/Uni/OAD/OAD-2018-2019/Ass2/UI-Prototyp/lib/javax.persistence-api-2.2.jar:/home/christoph/Uni/OAD/OAD-2018-2019/Ass2/UI-Prototyp/lib/jboss-logging-3.3.2.Final.jar:/home/christoph/Uni/OAD/OAD-2018-2019/Ass2/UI-Prototyp/lib/jboss-transaction-api_1.2_spec-1.1.1.Final.jar:/home/christoph/Uni/OAD/OAD-2018-2019/Ass2/UI-Prototyp/lib/mysql-connector-java-8.0.13.jar:/home/christoph/Uni/OAD/OAD-2018-2019/Ass2/UI-Prototyp/lib/javax.activation-1.2.0.jar:/home/christoph/Uni/OAD/OAD-2018-2019/Ass2/UI-Prototyp/lib/jaxb-api-2.3.0.jar:/home/christoph/Uni/OAD/OAD-2018-2019/Ass2/UI-Prototyp/lib/jaxb-core-2.3.0.jar:/home/christoph/Uni/OAD/OAD-2018-2019/Ass2/UI-Prototyp/lib/jaxb-impl-2.3.0.jar
Launcher Type: SUN_STANDARD

Logging:
Log output configuration:
#0: stdout all=warning uptime,level,tags
#1: stderr all=off uptime,level,tags

Environment Variables:
PATH=/home/christoph/.local/bin:/usr/local/sbin:/usr/local/bin:/usr/sbin:/usr/bin:/sbin:/bin:/usr/games:/usr/local/games:/snap/bin
USERNAME=christoph
SHELL=/bin/bash
DISPLAY=:0

Signal Handlers:
SIGSEGV: [libjvm.so+0xd28b70], sa_mask[0]=11111111011111111101111111111110, sa_flags=SA_RESTART|SA_SIGINFO
SIGBUS: [libjvm.so+0xd28b70], sa_mask[0]=11111111011111111101111111111110, sa_flags=SA_RESTART|SA_SIGINFO
SIGFPE: [libjvm.so+0xd28b70], sa_mask[0]=11111111011111111101111111111110, sa_flags=SA_RESTART|SA_SIGINFO
SIGPIPE: SIG_IGN, sa_mask[0]=00000000000010000000000000000000, sa_flags=SA_RESTART
SIGXFSZ: [libjvm.so+0xb2a1f0], sa_mask[0]=11111111011111111101111111111110, sa_flags=SA_RESTART|SA_SIGINFO
SIGILL: [libjvm.so+0xd28b70], sa_mask[0]=11111111011111111101111111111110, sa_flags=SA_RESTART|SA_SIGINFO
SIGUSR2: [libjvm.so+0xb2a030], sa_mask[0]=00100000000000000000000000000000, sa_flags=SA_RESTART|SA_SIGINFO
SIGHUP: [libjvm.so+0xb2a180], sa_mask[0]=11111111011111111101111111111110, sa_flags=SA_RESTART|SA_SIGINFO
SIGINT: [libjvm.so+0xb2a180], sa_mask[0]=11111111011111111101111111111110, sa_flags=SA_RESTART|SA_SIGINFO
SIGTERM: [libjvm.so+0xb2a180], sa_mask[0]=11111111011111111101111111111110, sa_flags=SA_RESTART|SA_SIGINFO
SIGQUIT: [libjvm.so+0xb2a180], sa_mask[0]=11111111011111111101111111111110, sa_flags=SA_RESTART|SA_SIGINFO


---------------  S Y S T E M  ---------------

OS:DISTRIB_ID=Ubuntu
DISTRIB_RELEASE=18.04
DISTRIB_CODENAME=bionic
DISTRIB_DESCRIPTION="Ubuntu 18.04.1 LTS"
uname:Linux 4.15.0-43-generic #46-Ubuntu SMP Thu Dec 6 14:45:28 UTC 2018 x86_64
libc:glibc 2.27 NPTL 2.27 
rlimit: STACK 8192k, CORE 0k, NPROC 30905, NOFILE 4096, AS infinity, DATA infinity, FSIZE infinity
load average:1,35 1,66 1,63

/proc/meminfo:
MemTotal:        8029488 kB
MemFree:         2551424 kB
MemAvailable:    2754432 kB
Buffers:           32716 kB
Cached:           515268 kB
SwapCached:        54820 kB
Active:          4199172 kB
Inactive:        1011796 kB
Active(anon):    4011868 kB
Inactive(anon):   794620 kB
Active(file):     187304 kB
Inactive(file):   217176 kB
Unevictable:          32 kB
Mlocked:              32 kB
SwapTotal:       3906556 kB
SwapFree:         455928 kB
Dirty:              2652 kB
Writeback:             0 kB
AnonPages:       4609452 kB
Mapped:           220696 kB
Shmem:            142620 kB
Slab:             116984 kB
SReclaimable:      45532 kB
SUnreclaim:        71452 kB
KernelStack:       28644 kB
PageTables:        55228 kB
NFS_Unstable:          0 kB
Bounce:                0 kB
WritebackTmp:          0 kB
CommitLimit:     7921300 kB
Committed_AS:   14374880 kB
VmallocTotal:   34359738367 kB
VmallocUsed:           0 kB
VmallocChunk:          0 kB
HardwareCorrupted:     0 kB
AnonHugePages:         0 kB
ShmemHugePages:        0 kB
ShmemPmdMapped:        0 kB
CmaTotal:              0 kB
CmaFree:               0 kB
HugePages_Total:       0
HugePages_Free:        0
HugePages_Rsvd:        0
HugePages_Surp:        0
Hugepagesize:       2048 kB
DirectMap4k:      187796 kB
DirectMap2M:     7014400 kB
DirectMap1G:     1048576 kB

container (cgroup) information:
container_type: cgroupv1
cpu_cpuset_cpus: 0-3
cpu_memory_nodes: 0
active_processor_count: 4
cpu_quota: -1
cpu_period: 100000
cpu_shares: -1
memory_limit_in_bytes: -1
memory_and_swap_limit_in_bytes: -2
memory_soft_limit_in_bytes: -1
memory_usage_in_bytes: 5285539840
memory_max_usage_in_bytes: 0


CPU:total 4 (initial active 4) (2 cores per cpu, 2 threads per core) family 6 model 78 stepping 3, cmov, cx8, fxsr, mmx, sse, sse2, sse3, ssse3, sse4.1, sse4.2, popcnt, avx, avx2, aes, clmul, erms, 3dnowpref, lzcnt, ht, tsc, tscinvbit, bmi1, bmi2, adx, fma
CPU Model and flags from /proc/cpuinfo:
model name	: Intel(R) Core(TM) i5-6200U CPU @ 2.30GHz
flags		: fpu vme de pse tsc msr pae mce cx8 apic sep mtrr pge mca cmov pat pse36 clflush dts acpi mmx fxsr sse sse2 ss ht tm pbe syscall nx pdpe1gb rdtscp lm constant_tsc art arch_perfmon pebs bts rep_good nopl xtopology nonstop_tsc cpuid aperfmperf tsc_known_freq pni pclmulqdq dtes64 monitor ds_cpl vmx est tm2 ssse3 sdbg fma cx16 xtpr pdcm pcid sse4_1 sse4_2 x2apic movbe popcnt tsc_deadline_timer aes xsave avx f16c rdrand lahf_lm abm 3dnowprefetch cpuid_fault epb invpcid_single pti ssbd ibrs ibpb stibp tpr_shadow vnmi flexpriority ept vpid fsgsbase tsc_adjust bmi1 avx2 smep bmi2 erms invpcid mpx rdseed adx smap clflushopt intel_pt xsaveopt xsavec xgetbv1 xsaves dtherm ida arat pln pts hwp hwp_notify hwp_act_window hwp_epp flush_l1d

Memory: 4k page, physical 8029488k(2551176k free), swap 3906556k(456016k free)

vm_info: OpenJDK 64-Bit Server VM (10.0.2+13-Ubuntu-1ubuntu0.18.04.4) for linux-amd64 JRE (10.0.2+13-Ubuntu-1ubuntu0.18.04.4), built on Nov 13 2018 12:53:39 by "buildd" with gcc 7.3.0

END.
