#
# A fatal error has been detected by the Java Runtime Environment:
#
#  SIGSEGV (0xb) at pc=0x00007ff23fb7fb1e, pid=11670, tid=11704
#
# JRE version: OpenJDK Runtime Environment (10.0.2+13) (build 10.0.2+13-Ubuntu-1ubuntu0.18.04.4)
# Java VM: OpenJDK 64-Bit Server VM (10.0.2+13-Ubuntu-1ubuntu0.18.04.4, mixed mode, tiered, compressed oops, g1 gc, linux-amd64)
# Problematic frame:
# v  ~BufferBlob::jni_fast_GetLongField
#
# Core dump will be written. Default location: Core dumps may be processed with "/usr/share/apport/apport %p %s %c %d %P" (or dumping to /home/christoph/Uni/OAD/OAD-2018-2019/Ass2/UI-Prototyp/core.11670)
#
# If you would like to submit a bug report, please visit:
#   http://bugreport.java.com/bugreport/crash.jsp
# The crash happened outside the Java Virtual Machine in native code.
# See problematic frame for where to report the bug.
#

---------------  S U M M A R Y ------------

Command Line: -Dfile.encoding=UTF-8 Controllers.TRECController

Host: Intel(R) Core(TM) i5-6200U CPU @ 2.30GHz, 4 cores, 7G, Ubuntu 18.04.1 LTS
Time: Thu Jan 24 23:40:28 2019 CET elapsed time: 13422 seconds (0d 3h 43m 42s)

---------------  T H R E A D  ---------------

Current thread (0x00007ff258412800):  JavaThread "AWT-XAWT" daemon [_thread_in_native, id=11704, stack(0x00007ff22c057000,0x00007ff22c158000)]

Stack: [0x00007ff22c057000,0x00007ff22c158000],  sp=0x00007ff22c156878,  free space=1022k
Native frames: (J=compiled Java code, A=aot compiled Java code, j=interpreted, Vv=VM code, C=native code)
v  ~BufferBlob::jni_fast_GetLongField
C  [libX11.so.6+0x64b1d]  _XimServerDestroy+0x3d

Java frames: (J=compiled Java code, j=interpreted, Vv=VM code)
J 3610  sun.awt.X11.XlibWrapper.XFilterEvent(JJ)Z java.desktop@10.0.2 (0 bytes) @ 0x00007ff24776cb04 [0x00007ff24776cac0+0x0000000000000044]
j  sun.awt.X11.XToolkit.run(Z)V+287 java.desktop@10.0.2
j  sun.awt.X11.XToolkit.run()V+5 java.desktop@10.0.2
j  java.lang.Thread.run()V+11 java.base@10.0.2
v  ~StubRoutines::call_stub

siginfo: si_signo: 11 (SIGSEGV), si_code: 1 (SEGV_MAPERR), si_addr: 0x0000000000000000

Register to memory mapping:

RAX=0x00007ff261b58a80: <offset 0x0000000001274a80> in /usr/lib/jvm/java-11-openjdk-amd64/lib/server/libjvm.so at 0x00007ff2608e4000
RBX=0x00007ff258412a00 is an unknown value
RCX=0x0000000000000000 is an unknown value
RDX=0x0000000000000042 is an unknown value
RSP=0x00007ff22c156878 is pointing into the stack for thread: 0x00007ff258412800
RBP=0x00007ff22c1568a0 is pointing into the stack for thread: 0x00007ff258412800
RSI=0x0000000000000000 is an unknown value
RDI=0x00007ff258412a00 is an unknown value
R8 =0x00007ff1e3b129b0: <offset 0x000000000005c9b0> in /usr/lib/x86_64-linux-gnu/libX11.so.6 at 0x00007ff1e3ab6000
R9 =0x0000000000000000 is an unknown value
R10=0x0000000000000246 is an unknown value
R11=0x00007ff24776cad8 is at entry_point+24 in (nmethod*)0x00007ff24776c910
R12=0x0000000000000000 is an unknown value
R13=0x0000000000000000 is an unknown value
R14=0x00007ff23c3a95c0: <offset 0x00000000002635c0> in /usr/lib/jvm/java-11-openjdk-amd64/lib/libawt_xawt.so at 0x00007ff23c146000
R15=0x00007ff258412800 is a thread


Registers:
RAX=0x00007ff261b58a80, RBX=0x00007ff258412a00, RCX=0x0000000000000000, RDX=0x0000000000000042
RSP=0x00007ff22c156878, RBP=0x00007ff22c1568a0, RSI=0x0000000000000000, RDI=0x00007ff258412a00
R8 =0x00007ff1e3b129b0, R9 =0x0000000000000000, R10=0x0000000000000246, R11=0x00007ff24776cad8
R12=0x0000000000000000, R13=0x0000000000000000, R14=0x00007ff23c3a95c0, R15=0x00007ff258412800
RIP=0x00007ff23fb7fb1e, EFLAGS=0x0000000000010246, CSGSFS=0x002b000000000033, ERR=0x0000000000000004
  TRAPNO=0x000000000000000e

Top of Stack: (sp=0x00007ff22c156878)
0x00007ff22c156878:   00007ff23c17d1d4 00007ff25cbd1970
0x00007ff22c156888:   0000000000000000 00007ff22c156948
0x00007ff22c156898:   00007ff22c156920 00007ff1c008b7d0
0x00007ff22c1568a8:   00007ff1e3b1ab1d 00007ff25cbd1970 

Instructions: (pc=0x00007ff23fb7fb1e)
0x00007ff23fb7fafe:   00 00 44 8b 15 7d 48 02 22 4c 8b ce 41 f6 c2 01
0x00007ff23fb7fb0e:   0f 85 32 00 00 00 4d 33 ca 4d 33 ca 49 83 e1 fe
0x00007ff23fb7fb1e:   4d 8b 09 4c 8b da 49 c1 eb 02 4b 8b 04 19 49 bb
0x00007ff23fb7fb2e:   84 43 ba 61 f2 7f 00 00 4c 33 d8 4c 33 d8 45 3b 



---------------  P R O C E S S  ---------------

Threads class SMR info:
_java_thread_list=0x00007ff1bc000b20, length=17, elements={
0x00007ff258132000, 0x00007ff258134000, 0x00007ff258146800, 0x00007ff258148800,
0x00007ff25814a800, 0x00007ff25814c800, 0x00007ff25814e800, 0x00007ff2581c3000,
0x00007ff2581d1800, 0x00007ff2583e5800, 0x00007ff258412800, 0x00007ff258012000,
0x00007ff1c00b1000, 0x00007ff1c0508800, 0x00007ff1c0529800, 0x00007ff200001000,
0x00007ff200002000
}

Java Threads: ( => current thread )
  0x00007ff258132000 JavaThread "Reference Handler" daemon [_thread_blocked, id=11689, stack(0x00007ff25c1a1000,0x00007ff25c2a2000)]
  0x00007ff258134000 JavaThread "Finalizer" daemon [_thread_blocked, id=11690, stack(0x00007ff25c0a0000,0x00007ff25c1a1000)]
  0x00007ff258146800 JavaThread "Signal Dispatcher" daemon [_thread_blocked, id=11692, stack(0x00007ff23d1ad000,0x00007ff23d2ae000)]
  0x00007ff258148800 JavaThread "C2 CompilerThread0" daemon [_thread_blocked, id=11693, stack(0x00007ff23d0ac000,0x00007ff23d1ad000)]
  0x00007ff25814a800 JavaThread "C2 CompilerThread1" daemon [_thread_blocked, id=11694, stack(0x00007ff23cfab000,0x00007ff23d0ac000)]
  0x00007ff25814c800 JavaThread "C1 CompilerThread2" daemon [_thread_blocked, id=11695, stack(0x00007ff23ceaa000,0x00007ff23cfab000)]
  0x00007ff25814e800 JavaThread "Sweeper thread" daemon [_thread_blocked, id=11696, stack(0x00007ff23cda9000,0x00007ff23ceaa000)]
  0x00007ff2581c3000 JavaThread "Service Thread" daemon [_thread_blocked, id=11697, stack(0x00007ff23cca8000,0x00007ff23cda9000)]
  0x00007ff2581d1800 JavaThread "Common-Cleaner" daemon [_thread_blocked, id=11699, stack(0x00007ff23caa5000,0x00007ff23cba6000)]
  0x00007ff2583e5800 JavaThread "Java2D Disposer" daemon [_thread_blocked, id=11703, stack(0x00007ff23c045000,0x00007ff23c146000)]
=>0x00007ff258412800 JavaThread "AWT-XAWT" daemon [_thread_in_native, id=11704, stack(0x00007ff22c057000,0x00007ff22c158000)]
  0x00007ff258012000 JavaThread "DestroyJavaVM" [_thread_blocked, id=11675, stack(0x00007ff262910000,0x00007ff262a11000)]
  0x00007ff1c00b1000 JavaThread "TimerQueue" daemon [_thread_blocked, id=11707, stack(0x00007ff1d9efa000,0x00007ff1d9ffb000)]
  0x00007ff1c0508800 JavaThread "Abandoned connection cleanup thread" daemon [_thread_blocked, id=11708, stack(0x00007ff1d93f9000,0x00007ff1d94fa000)]
  0x00007ff1c0529800 JavaThread "pool-1-thread-1" [_thread_blocked, id=11709, stack(0x00007ff1d8acf000,0x00007ff1d8bd0000)]
  0x00007ff200001000 JavaThread "SIGTERM handler" daemon [_thread_in_vm, id=20694, stack(0x00007ff1da1fb000,0x00007ff1da2fc000)]
  0x00007ff200002000 JavaThread "SIGTERM handler" daemon [_thread_blocked, id=20703, stack(0x00007ff1da2fc000,0x00007ff1da3fd000)]

Other Threads:
  0x00007ff258128000 VMThread "VM Thread" [stack: 0x00007ff25c2a4000,0x00007ff25c3a4000] [id=11688]
  0x00007ff2581c5800 WatcherThread [stack: 0x00007ff23cba8000,0x00007ff23cca8000] [id=11698]
  0x00007ff258028800 GCTaskThread "GC Thread#0" [stack: 0x00007ff25ea3a000,0x00007ff25eb3a000] [id=11676]
  0x00007ff25802a000 GCTaskThread "GC Thread#1" [stack: 0x00007ff25e938000,0x00007ff25ea38000] [id=11677]
  0x00007ff25802b800 GCTaskThread "GC Thread#2" [stack: 0x00007ff25e836000,0x00007ff25e936000] [id=11678]
  0x00007ff25802d800 GCTaskThread "GC Thread#3" [stack: 0x00007ff25e734000,0x00007ff25e834000] [id=11679]
  0x00007ff258056800 ConcurrentGCThread "G1 Main Marker" [stack: 0x00007ff25d6af000,0x00007ff25d7af000] [id=11681]
  0x00007ff258058800 ConcurrentGCThread "G1 Conc#0" [stack: 0x00007ff25d5ad000,0x00007ff25d6ad000] [id=11682]
  0x00007ff2580c0000 ConcurrentGCThread "G1 Refine#0" [stack: 0x00007ff25d0a7000,0x00007ff25d1a7000] [id=11683]
  0x00007ff2580c2000 ConcurrentGCThread "G1 Refine#1" [stack: 0x00007ff25cfa5000,0x00007ff25d0a5000] [id=11684]
  0x00007ff2580c3800 ConcurrentGCThread "G1 Refine#2" [stack: 0x00007ff25cea3000,0x00007ff25cfa3000] [id=11685]
  0x00007ff2580c5800 ConcurrentGCThread "G1 Refine#3" [stack: 0x00007ff25cda1000,0x00007ff25cea1000] [id=11686]
  0x00007ff2580c7000 ConcurrentGCThread "G1 Young RemSet Sampling" [stack: 0x00007ff25cc9f000,0x00007ff25cd9f000] [id=11687]

Threads with active compile tasks:

VM state:not at safepoint (normal execution)

VM Mutex/Monitor currently owned by a thread: None

Heap address: 0x0000000085600000, size: 1962 MB, Compressed Oops mode: 32-bit
Narrow klass base: 0x0000000000000000, Narrow klass shift: 3
Compressed class space size: 1073741824 Address: 0x0000000100000000

Heap:
 garbage-first heap   total 126976K, used 33180K [0x0000000085600000, 0x0000000100000000)
  region size 1024K, 24 young (24576K), 3 survivors (3072K)
 Metaspace       used 50603K, capacity 51517K, committed 52096K, reserved 1095680K
  class space    used 5858K, capacity 6254K, committed 6272K, reserved 1048576K
Heap Regions: E=young(eden), S=young(survivor), O=old, HS=humongous(starts), HC=humongous(continues), CS=collection set, F=free, A=archive, TS=gc time stamp, AC=allocation context, TAMS=top-at-mark-start (previous, next)
|   0|0x0000000085600000, 0x0000000085700000, 0x0000000085700000|100%|HS|  |TS  0|AC  0|TAMS 0x0000000085700000, 0x0000000085700000|
|   1|0x0000000085700000, 0x0000000085800000, 0x0000000085800000|100%| O|  |TS  0|AC  0|TAMS 0x0000000085800000, 0x0000000085800000|
|   2|0x0000000085800000, 0x0000000085900000, 0x0000000085900000|100%| O|  |TS  0|AC  0|TAMS 0x0000000085900000, 0x0000000085900000|
|   3|0x0000000085900000, 0x0000000085a00000, 0x0000000085a00000|100%| O|  |TS  0|AC  0|TAMS 0x0000000085a00000, 0x0000000085a00000|
|   4|0x0000000085a00000, 0x0000000085b00000, 0x0000000085b00000|100%| O|  |TS  1|AC  0|TAMS 0x0000000085a3da00, 0x0000000085a3da00|
|   5|0x0000000085b00000, 0x0000000085c00000, 0x0000000085c00000|100%| O|  |TS  1|AC  0|TAMS 0x0000000085b00000, 0x0000000085b00000|
|   6|0x0000000085c00000, 0x0000000085d00000, 0x0000000085d00000|100%| O|  |TS  1|AC  0|TAMS 0x0000000085c00000, 0x0000000085c00000|
|   7|0x0000000085d00000, 0x0000000085e00000, 0x0000000085e00000|100%| O|  |TS  1|AC  0|TAMS 0x0000000085d00000, 0x0000000085d00000|
|   8|0x0000000085e00000, 0x0000000085f00000, 0x0000000085f00000|100%| O|  |TS  1|AC  0|TAMS 0x0000000085e00000, 0x0000000085e00000|
|   9|0x0000000085f00000, 0x0000000085f68800, 0x0000000086000000| 40%| O|  |TS  1|AC  0|TAMS 0x0000000085f00000, 0x0000000085f00000|
|  10|0x0000000086000000, 0x0000000086000000, 0x0000000086100000|  0%| F|  |TS  0|AC  0|TAMS 0x0000000086000000, 0x0000000086000000|
|  11|0x0000000086100000, 0x0000000086100000, 0x0000000086200000|  0%| F|  |TS  0|AC  0|TAMS 0x0000000086100000, 0x0000000086100000|
|  12|0x0000000086200000, 0x0000000086200000, 0x0000000086300000|  0%| F|  |TS  0|AC  0|TAMS 0x0000000086200000, 0x0000000086200000|
|  13|0x0000000086300000, 0x0000000086300000, 0x0000000086400000|  0%| F|  |TS  0|AC  0|TAMS 0x0000000086300000, 0x0000000086300000|
|  14|0x0000000086400000, 0x0000000086400000, 0x0000000086500000|  0%| F|  |TS  0|AC  0|TAMS 0x0000000086400000, 0x0000000086400000|
|  15|0x0000000086500000, 0x0000000086500000, 0x0000000086600000|  0%| F|  |TS  0|AC  0|TAMS 0x0000000086500000, 0x0000000086500000|
|  16|0x0000000086600000, 0x0000000086600000, 0x0000000086700000|  0%| F|  |TS  0|AC  0|TAMS 0x0000000086600000, 0x0000000086600000|
|  17|0x0000000086700000, 0x0000000086700000, 0x0000000086800000|  0%| F|  |TS  0|AC  0|TAMS 0x0000000086700000, 0x0000000086700000|
|  18|0x0000000086800000, 0x0000000086800000, 0x0000000086900000|  0%| F|  |TS  0|AC  0|TAMS 0x0000000086800000, 0x0000000086800000|
|  19|0x0000000086900000, 0x0000000086900000, 0x0000000086a00000|  0%| F|  |TS  0|AC  0|TAMS 0x0000000086900000, 0x0000000086900000|
|  20|0x0000000086a00000, 0x0000000086a00000, 0x0000000086b00000|  0%| F|  |TS  0|AC  0|TAMS 0x0000000086a00000, 0x0000000086a00000|
|  21|0x0000000086b00000, 0x0000000086b00000, 0x0000000086c00000|  0%| F|  |TS  0|AC  0|TAMS 0x0000000086b00000, 0x0000000086b00000|
|  22|0x0000000086c00000, 0x0000000086c00000, 0x0000000086d00000|  0%| F|  |TS  0|AC  0|TAMS 0x0000000086c00000, 0x0000000086c00000|
|  23|0x0000000086d00000, 0x0000000086d00000, 0x0000000086e00000|  0%| F|  |TS  0|AC  0|TAMS 0x0000000086d00000, 0x0000000086d00000|
|  24|0x0000000086e00000, 0x0000000086e00000, 0x0000000086f00000|  0%| F|  |TS  0|AC  0|TAMS 0x0000000086e00000, 0x0000000086e00000|
|  25|0x0000000086f00000, 0x0000000086f00000, 0x0000000087000000|  0%| F|  |TS  0|AC  0|TAMS 0x0000000086f00000, 0x0000000086f00000|
|  26|0x0000000087000000, 0x0000000087000000, 0x0000000087100000|  0%| F|  |TS  0|AC  0|TAMS 0x0000000087000000, 0x0000000087000000|
|  27|0x0000000087100000, 0x0000000087100000, 0x0000000087200000|  0%| F|  |TS  0|AC  0|TAMS 0x0000000087100000, 0x0000000087100000|
|  28|0x0000000087200000, 0x0000000087200000, 0x0000000087300000|  0%| F|  |TS  0|AC  0|TAMS 0x0000000087200000, 0x0000000087200000|
|  29|0x0000000087300000, 0x0000000087300000, 0x0000000087400000|  0%| F|  |TS  0|AC  0|TAMS 0x0000000087300000, 0x0000000087300000|
|  30|0x0000000087400000, 0x0000000087400000, 0x0000000087500000|  0%| F|  |TS  0|AC  0|TAMS 0x0000000087400000, 0x0000000087400000|
|  31|0x0000000087500000, 0x0000000087500000, 0x0000000087600000|  0%| F|  |TS  0|AC  0|TAMS 0x0000000087500000, 0x0000000087500000|
|  32|0x0000000087600000, 0x0000000087600000, 0x0000000087700000|  0%| F|  |TS  0|AC  0|TAMS 0x0000000087600000, 0x0000000087600000|
|  33|0x0000000087700000, 0x0000000087700000, 0x0000000087800000|  0%| F|  |TS  0|AC  0|TAMS 0x0000000087700000, 0x0000000087700000|
|  34|0x0000000087800000, 0x0000000087800000, 0x0000000087900000|  0%| F|  |TS  0|AC  0|TAMS 0x0000000087800000, 0x0000000087800000|
|  35|0x0000000087900000, 0x0000000087900000, 0x0000000087a00000|  0%| F|  |TS  0|AC  0|TAMS 0x0000000087900000, 0x0000000087900000|
|  36|0x0000000087a00000, 0x0000000087a00000, 0x0000000087b00000|  0%| F|  |TS  0|AC  0|TAMS 0x0000000087a00000, 0x0000000087a00000|
|  37|0x0000000087b00000, 0x0000000087b00000, 0x0000000087c00000|  0%| F|  |TS  0|AC  0|TAMS 0x0000000087b00000, 0x0000000087b00000|
|  38|0x0000000087c00000, 0x0000000087c00000, 0x0000000087d00000|  0%| F|  |TS  0|AC  0|TAMS 0x0000000087c00000, 0x0000000087c00000|
|  39|0x0000000087d00000, 0x0000000087d00000, 0x0000000087e00000|  0%| F|  |TS  0|AC  0|TAMS 0x0000000087d00000, 0x0000000087d00000|
|  40|0x0000000087e00000, 0x0000000087e00000, 0x0000000087f00000|  0%| F|  |TS  0|AC  0|TAMS 0x0000000087e00000, 0x0000000087e00000|
|  41|0x0000000087f00000, 0x0000000087f00000, 0x0000000088000000|  0%| F|  |TS  0|AC  0|TAMS 0x0000000087f00000, 0x0000000087f00000|
|  42|0x0000000088000000, 0x0000000088000000, 0x0000000088100000|  0%| F|  |TS  0|AC  0|TAMS 0x0000000088000000, 0x0000000088000000|
|  43|0x0000000088100000, 0x0000000088100000, 0x0000000088200000|  0%| F|  |TS  0|AC  0|TAMS 0x0000000088100000, 0x0000000088100000|
|  44|0x0000000088200000, 0x0000000088200000, 0x0000000088300000|  0%| F|  |TS  0|AC  0|TAMS 0x0000000088200000, 0x0000000088200000|
|  45|0x0000000088300000, 0x0000000088300000, 0x0000000088400000|  0%| F|  |TS  0|AC  0|TAMS 0x0000000088300000, 0x0000000088300000|
|  46|0x0000000088400000, 0x0000000088400000, 0x0000000088500000|  0%| F|  |TS  0|AC  0|TAMS 0x0000000088400000, 0x0000000088400000|
|  47|0x0000000088500000, 0x0000000088500000, 0x0000000088600000|  0%| F|  |TS  0|AC  0|TAMS 0x0000000088500000, 0x0000000088500000|
|  48|0x0000000088600000, 0x0000000088600000, 0x0000000088700000|  0%| F|  |TS  0|AC  0|TAMS 0x0000000088600000, 0x0000000088600000|
|  49|0x0000000088700000, 0x0000000088700000, 0x0000000088800000|  0%| F|  |TS  0|AC  0|TAMS 0x0000000088700000, 0x0000000088700000|
|  50|0x0000000088800000, 0x0000000088800000, 0x0000000088900000|  0%| F|  |TS  0|AC  0|TAMS 0x0000000088800000, 0x0000000088800000|
|  51|0x0000000088900000, 0x0000000088900000, 0x0000000088a00000|  0%| F|  |TS  0|AC  0|TAMS 0x0000000088900000, 0x0000000088900000|
|  52|0x0000000088a00000, 0x0000000088a00000, 0x0000000088b00000|  0%| F|  |TS  0|AC  0|TAMS 0x0000000088a00000, 0x0000000088a00000|
|  53|0x0000000088b00000, 0x0000000088b00000, 0x0000000088c00000|  0%| F|  |TS  0|AC  0|TAMS 0x0000000088b00000, 0x0000000088b00000|
|  54|0x0000000088c00000, 0x0000000088c00000, 0x0000000088d00000|  0%| F|  |TS  0|AC  0|TAMS 0x0000000088c00000, 0x0000000088c00000|
|  55|0x0000000088d00000, 0x0000000088d00000, 0x0000000088e00000|  0%| F|  |TS  0|AC  0|TAMS 0x0000000088d00000, 0x0000000088d00000|
|  56|0x0000000088e00000, 0x0000000088e00000, 0x0000000088f00000|  0%| F|  |TS  0|AC  0|TAMS 0x0000000088e00000, 0x0000000088e00000|
|  57|0x0000000088f00000, 0x0000000088f00000, 0x0000000089000000|  0%| F|  |TS  0|AC  0|TAMS 0x0000000088f00000, 0x0000000088f00000|
|  58|0x0000000089000000, 0x0000000089000000, 0x0000000089100000|  0%| F|  |TS  0|AC  0|TAMS 0x0000000089000000, 0x0000000089000000|
|  59|0x0000000089100000, 0x0000000089100000, 0x0000000089200000|  0%| F|  |TS  0|AC  0|TAMS 0x0000000089100000, 0x0000000089100000|
|  60|0x0000000089200000, 0x0000000089200000, 0x0000000089300000|  0%| F|  |TS  0|AC  0|TAMS 0x0000000089200000, 0x0000000089200000|
|  61|0x0000000089300000, 0x0000000089300000, 0x0000000089400000|  0%| F|  |TS  0|AC  0|TAMS 0x0000000089300000, 0x0000000089300000|
|  62|0x0000000089400000, 0x0000000089400000, 0x0000000089500000|  0%| F|  |TS  0|AC  0|TAMS 0x0000000089400000, 0x0000000089400000|
|  63|0x0000000089500000, 0x0000000089500000, 0x0000000089600000|  0%| F|  |TS  0|AC  0|TAMS 0x0000000089500000, 0x0000000089500000|
|  64|0x0000000089600000, 0x0000000089600000, 0x0000000089700000|  0%| F|  |TS  0|AC  0|TAMS 0x0000000089600000, 0x0000000089600000|
|  65|0x0000000089700000, 0x00000000897fe990, 0x0000000089800000| 99%| S|CS|TS  1|AC  0|TAMS 0x0000000089700000, 0x0000000089700000|
|  66|0x0000000089800000, 0x0000000089900000, 0x0000000089900000|100%| S|CS|TS  1|AC  0|TAMS 0x0000000089800000, 0x0000000089800000|
|  67|0x0000000089900000, 0x0000000089a00000, 0x0000000089a00000|100%| S|CS|TS  1|AC  0|TAMS 0x0000000089900000, 0x0000000089900000|
|  68|0x0000000089a00000, 0x0000000089a00000, 0x0000000089b00000|  0%| F|  |TS  1|AC  0|TAMS 0x0000000089a00000, 0x0000000089a00000|
|  69|0x0000000089b00000, 0x0000000089b00000, 0x0000000089c00000|  0%| F|  |TS  1|AC  0|TAMS 0x0000000089b00000, 0x0000000089b00000|
|  70|0x0000000089c00000, 0x0000000089c00000, 0x0000000089d00000|  0%| F|  |TS  1|AC  0|TAMS 0x0000000089c00000, 0x0000000089c00000|
|  71|0x0000000089d00000, 0x0000000089d00000, 0x0000000089e00000|  0%| F|  |TS  1|AC  0|TAMS 0x0000000089d00000, 0x0000000089d00000|
|  72|0x0000000089e00000, 0x0000000089e00000, 0x0000000089f00000|  0%| F|  |TS  1|AC  0|TAMS 0x0000000089e00000, 0x0000000089e00000|
|  73|0x0000000089f00000, 0x0000000089f00000, 0x000000008a000000|  0%| F|  |TS  1|AC  0|TAMS 0x0000000089f00000, 0x0000000089f00000|
|  74|0x000000008a000000, 0x000000008a000000, 0x000000008a100000|  0%| F|  |TS  1|AC  0|TAMS 0x000000008a000000, 0x000000008a000000|
|  75|0x000000008a100000, 0x000000008a100000, 0x000000008a200000|  0%| F|  |TS  1|AC  0|TAMS 0x000000008a100000, 0x000000008a100000|
|  76|0x000000008a200000, 0x000000008a200000, 0x000000008a300000|  0%| F|  |TS  1|AC  0|TAMS 0x000000008a200000, 0x000000008a200000|
|  77|0x000000008a300000, 0x000000008a300000, 0x000000008a400000|  0%| F|  |TS  1|AC  0|TAMS 0x000000008a300000, 0x000000008a300000|
|  78|0x000000008a400000, 0x000000008a400000, 0x000000008a500000|  0%| F|  |TS  1|AC  0|TAMS 0x000000008a400000, 0x000000008a400000|
|  79|0x000000008a500000, 0x000000008a500000, 0x000000008a600000|  0%| F|  |TS  1|AC  0|TAMS 0x000000008a500000, 0x000000008a500000|
|  80|0x000000008a600000, 0x000000008a600000, 0x000000008a700000|  0%| F|  |TS  1|AC  0|TAMS 0x000000008a600000, 0x000000008a600000|
|  81|0x000000008a700000, 0x000000008a700000, 0x000000008a800000|  0%| F|  |TS  1|AC  0|TAMS 0x000000008a700000, 0x000000008a700000|
|  82|0x000000008a800000, 0x000000008a800000, 0x000000008a900000|  0%| F|  |TS  1|AC  0|TAMS 0x000000008a800000, 0x000000008a800000|
|  83|0x000000008a900000, 0x000000008a900000, 0x000000008aa00000|  0%| F|  |TS  1|AC  0|TAMS 0x000000008a900000, 0x000000008a900000|
|  84|0x000000008aa00000, 0x000000008aa00000, 0x000000008ab00000|  0%| F|  |TS  1|AC  0|TAMS 0x000000008aa00000, 0x000000008aa00000|
|  85|0x000000008ab00000, 0x000000008ab00000, 0x000000008ac00000|  0%| F|  |TS  1|AC  0|TAMS 0x000000008ab00000, 0x000000008ab00000|
|  86|0x000000008ac00000, 0x000000008ac00000, 0x000000008ad00000|  0%| F|  |TS  1|AC  0|TAMS 0x000000008ac00000, 0x000000008ac00000|
|  87|0x000000008ad00000, 0x000000008ad00000, 0x000000008ae00000|  0%| F|  |TS  1|AC  0|TAMS 0x000000008ad00000, 0x000000008ad00000|
|  88|0x000000008ae00000, 0x000000008ae00000, 0x000000008af00000|  0%| F|  |TS  1|AC  0|TAMS 0x000000008ae00000, 0x000000008ae00000|
|  89|0x000000008af00000, 0x000000008af00000, 0x000000008b000000|  0%| F|  |TS  1|AC  0|TAMS 0x000000008af00000, 0x000000008af00000|
|  90|0x000000008b000000, 0x000000008b000000, 0x000000008b100000|  0%| F|  |TS  1|AC  0|TAMS 0x000000008b000000, 0x000000008b000000|
|  91|0x000000008b100000, 0x000000008b100000, 0x000000008b200000|  0%| F|  |TS  1|AC  0|TAMS 0x000000008b100000, 0x000000008b100000|
|  92|0x000000008b200000, 0x000000008b200000, 0x000000008b300000|  0%| F|  |TS  1|AC  0|TAMS 0x000000008b200000, 0x000000008b200000|
|  93|0x000000008b300000, 0x000000008b300000, 0x000000008b400000|  0%| F|  |TS  1|AC  0|TAMS 0x000000008b300000, 0x000000008b300000|
|  94|0x000000008b400000, 0x000000008b400000, 0x000000008b500000|  0%| F|  |TS  1|AC  0|TAMS 0x000000008b400000, 0x000000008b400000|
|  95|0x000000008b500000, 0x000000008b500000, 0x000000008b600000|  0%| F|  |TS  1|AC  0|TAMS 0x000000008b500000, 0x000000008b500000|
|  96|0x000000008b600000, 0x000000008b600000, 0x000000008b700000|  0%| F|  |TS  1|AC  0|TAMS 0x000000008b600000, 0x000000008b600000|
|  97|0x000000008b700000, 0x000000008b700000, 0x000000008b800000|  0%| F|  |TS  1|AC  0|TAMS 0x000000008b700000, 0x000000008b700000|
|  98|0x000000008b800000, 0x000000008b800000, 0x000000008b900000|  0%| F|  |TS  1|AC  0|TAMS 0x000000008b800000, 0x000000008b800000|
|  99|0x000000008b900000, 0x000000008b900000, 0x000000008ba00000|  0%| F|  |TS  1|AC  0|TAMS 0x000000008b900000, 0x000000008b900000|
| 100|0x000000008ba00000, 0x000000008ba00000, 0x000000008bb00000|  0%| F|  |TS  1|AC  0|TAMS 0x000000008ba00000, 0x000000008ba00000|
| 101|0x000000008bb00000, 0x000000008bb00000, 0x000000008bc00000|  0%| F|  |TS  1|AC  0|TAMS 0x000000008bb00000, 0x000000008bb00000|
| 102|0x000000008bc00000, 0x000000008bc00000, 0x000000008bd00000|  0%| F|  |TS  1|AC  0|TAMS 0x000000008bc00000, 0x000000008bc00000|
| 103|0x000000008bd00000, 0x000000008be00000, 0x000000008be00000|100%| E|  |TS  1|AC  0|TAMS 0x000000008bd00000, 0x000000008bd00000|
| 104|0x000000008be00000, 0x000000008bf00000, 0x000000008bf00000|100%| E|CS|TS  1|AC  0|TAMS 0x000000008be00000, 0x000000008be00000|
| 105|0x000000008bf00000, 0x000000008c000000, 0x000000008c000000|100%| E|CS|TS  1|AC  0|TAMS 0x000000008bf00000, 0x000000008bf00000|
| 106|0x000000008c000000, 0x000000008c100000, 0x000000008c100000|100%| E|CS|TS  1|AC  0|TAMS 0x000000008c000000, 0x000000008c000000|
| 107|0x000000008c100000, 0x000000008c200000, 0x000000008c200000|100%| E|CS|TS  1|AC  0|TAMS 0x000000008c100000, 0x000000008c100000|
| 108|0x000000008c200000, 0x000000008c300000, 0x000000008c300000|100%| E|CS|TS  1|AC  0|TAMS 0x000000008c200000, 0x000000008c200000|
| 109|0x000000008c300000, 0x000000008c400000, 0x000000008c400000|100%| E|CS|TS  1|AC  0|TAMS 0x000000008c300000, 0x000000008c300000|
| 110|0x000000008c400000, 0x000000008c500000, 0x000000008c500000|100%| E|CS|TS  1|AC  0|TAMS 0x000000008c400000, 0x000000008c400000|
| 111|0x000000008c500000, 0x000000008c600000, 0x000000008c600000|100%| E|CS|TS  1|AC  0|TAMS 0x000000008c500000, 0x000000008c500000|
| 112|0x000000008c600000, 0x000000008c700000, 0x000000008c700000|100%| E|CS|TS  1|AC  0|TAMS 0x000000008c600000, 0x000000008c600000|
| 113|0x000000008c700000, 0x000000008c800000, 0x000000008c800000|100%| E|CS|TS  1|AC  0|TAMS 0x000000008c700000, 0x000000008c700000|
| 114|0x000000008c800000, 0x000000008c900000, 0x000000008c900000|100%| E|CS|TS  1|AC  0|TAMS 0x000000008c800000, 0x000000008c800000|
| 115|0x000000008c900000, 0x000000008ca00000, 0x000000008ca00000|100%| E|CS|TS  1|AC  0|TAMS 0x000000008c900000, 0x000000008c900000|
| 116|0x000000008ca00000, 0x000000008cb00000, 0x000000008cb00000|100%| E|CS|TS  1|AC  0|TAMS 0x000000008ca00000, 0x000000008ca00000|
| 117|0x000000008cb00000, 0x000000008cc00000, 0x000000008cc00000|100%| E|CS|TS  1|AC  0|TAMS 0x000000008cb00000, 0x000000008cb00000|
| 118|0x000000008cc00000, 0x000000008cd00000, 0x000000008cd00000|100%| E|CS|TS  1|AC  0|TAMS 0x000000008cc00000, 0x000000008cc00000|
| 119|0x000000008cd00000, 0x000000008ce00000, 0x000000008ce00000|100%| E|CS|TS  1|AC  0|TAMS 0x000000008cd00000, 0x000000008cd00000|
| 120|0x000000008ce00000, 0x000000008cf00000, 0x000000008cf00000|100%| E|CS|TS  1|AC  0|TAMS 0x000000008ce00000, 0x000000008ce00000|
| 121|0x000000008cf00000, 0x000000008d000000, 0x000000008d000000|100%| E|CS|TS  1|AC  0|TAMS 0x000000008cf00000, 0x000000008cf00000|
| 122|0x000000008d000000, 0x000000008d100000, 0x000000008d100000|100%| E|CS|TS  1|AC  0|TAMS 0x000000008d000000, 0x000000008d000000|
| 123|0x000000008d100000, 0x000000008d200000, 0x000000008d200000|100%| E|CS|TS  1|AC  0|TAMS 0x000000008d100000, 0x000000008d100000|

Card table byte_map: [0x00007ff25db84000,0x00007ff25df59000] byte_map_base: 0x00007ff25d759000

Marking Bits (Prev, Next): (CMBitMap*) 0x00007ff258055be0, (CMBitMap*) 0x00007ff258055c18
 Prev Bits: [0x00007ff23dc7d000, 0x00007ff23fb25000)
 Next Bits: [0x00007ff22e158000, 0x00007ff230000000)

Polling page: 0x00007ff262a2a000

CodeHeap 'non-profiled nmethods': size=120032Kb used=2439Kb max_used=2439Kb free=117592Kb
 bounds [0x00007ff2475ed000, 0x00007ff24785d000, 0x00007ff24eb25000]
CodeHeap 'profiled nmethods': size=120032Kb used=10381Kb max_used=10381Kb free=109651Kb
 bounds [0x00007ff2400b5000, 0x00007ff240ae5000, 0x00007ff2475ed000]
CodeHeap 'non-nmethods': size=5696Kb used=1362Kb max_used=1394Kb free=4334Kb
 bounds [0x00007ff23fb25000, 0x00007ff23fd95000, 0x00007ff2400b5000]
 total_blobs=7163 nmethods=5237 adapters=746
 compilation: enabled

Compilation events (10 events):
Event: 12279,883 Thread 0x00007ff258148800 nmethod 5241 0x00007ff24784d310 code [0x00007ff24784d4a0, 0x00007ff24784d558]
Event: 12279,969 Thread 0x00007ff25814a800 nmethod 5240 0x00007ff24784d610 code [0x00007ff24784d820, 0x00007ff24784ddc0]
Event: 13174,392 Thread 0x00007ff258148800 5242       4       java.lang.ClassLoader::getResource (41 bytes)
Event: 13174,444 Thread 0x00007ff258148800 nmethod 5242 0x00007ff24784e190 code [0x00007ff24784e380, 0x00007ff24784e590]
Event: 13174,701 Thread 0x00007ff25814a800 5243   !   4       sun.awt.X11.XToolkit::notifyListeners (100 bytes)
Event: 13174,715 Thread 0x00007ff25814a800 nmethod 5243 0x00007ff24784e810 code [0x00007ff24784e9a0, 0x00007ff24784ec78]
Event: 13337,982 Thread 0x00007ff25814c800 5244       3       java.util.Collections$UnmodifiableCollection::iterator (9 bytes)
Event: 13337,984 Thread 0x00007ff25814c800 nmethod 5244 0x00007ff240ad7690 code [0x00007ff240ad7860, 0x00007ff240ad7c68]
Event: 13337,984 Thread 0x00007ff25814c800 5245       3       java.util.Collections$UnmodifiableCollection$1::<init> (26 bytes)
Event: 13337,985 Thread 0x00007ff25814c800 nmethod 5245 0x00007ff240ad7d90 code [0x00007ff240ad7f60, 0x00007ff240ad82a8]

GC Heap History (10 events):
Event: 1,934 GC heap before
{Heap before GC invocations=1 (full 0):
 garbage-first heap   total 126976K, used 16606K [0x0000000085600000, 0x0000000100000000)
  region size 1024K, 14 young (14336K), 2 survivors (2048K)
 Metaspace       used 18244K, capacity 18803K, committed 18944K, reserved 1067008K
  class space    used 1988K, capacity 2253K, committed 2304K, reserved 1048576K
}
Event: 1,955 GC heap after
{Heap after GC invocations=2 (full 0):
 garbage-first heap   total 126976K, used 5724K [0x0000000085600000, 0x0000000100000000)
  region size 1024K, 2 young (2048K), 2 survivors (2048K)
 Metaspace       used 18244K, capacity 18803K, committed 18944K, reserved 1067008K
  class space    used 1988K, capacity 2253K, committed 2304K, reserved 1048576K
}
Event: 1,998 GC heap before
{Heap before GC invocations=2 (full 0):
 garbage-first heap   total 126976K, used 34396K [0x0000000085600000, 0x0000000100000000)
  region size 1024K, 30 young (30720K), 2 survivors (2048K)
 Metaspace       used 18254K, capacity 18803K, committed 18944K, reserved 1067008K
  class space    used 1988K, capacity 2253K, committed 2304K, reserved 1048576K
}
Event: 2,007 GC heap after
{Heap after GC invocations=3 (full 0):
 garbage-first heap   total 126976K, used 5927K [0x0000000085600000, 0x0000000100000000)
  region size 1024K, 2 young (2048K), 2 survivors (2048K)
 Metaspace       used 18254K, capacity 18803K, committed 18944K, reserved 1067008K
  class space    used 1988K, capacity 2253K, committed 2304K, reserved 1048576K
}
Event: 6,120 GC heap before
{Heap before GC invocations=3 (full 0):
 garbage-first heap   total 126976K, used 11047K [0x0000000085600000, 0x0000000100000000)
  region size 1024K, 8 young (8192K), 2 survivors (2048K)
 Metaspace       used 20648K, capacity 21183K, committed 21248K, reserved 1069056K
  class space    used 2280K, capacity 2556K, committed 2560K, reserved 1048576K
}
Event: 6,123 GC heap after
{Heap after GC invocations=4 (full 0):
 garbage-first heap   total 126976K, used 6076K [0x0000000085600000, 0x0000000100000000)
  region size 1024K, 2 young (2048K), 2 survivors (2048K)
 Metaspace       used 20648K, capacity 21183K, committed 21248K, reserved 1069056K
  class space    used 2280K, capacity 2556K, committed 2560K, reserved 1048576K
}
Event: 6,896 GC heap before
{Heap before GC invocations=5 (full 0):
 garbage-first heap   total 126976K, used 41916K [0x0000000085600000, 0x0000000100000000)
  region size 1024K, 38 young (38912K), 2 survivors (2048K)
 Metaspace       used 34832K, capacity 35525K, committed 35840K, reserved 1081344K
  class space    used 4078K, capacity 4393K, committed 4480K, reserved 1048576K
}
Event: 6,904 GC heap after
{Heap after GC invocations=6 (full 0):
 garbage-first heap   total 126976K, used 9877K [0x0000000085600000, 0x0000000100000000)
  region size 1024K, 6 young (6144K), 6 survivors (6144K)
 Metaspace       used 34832K, capacity 35525K, committed 35840K, reserved 1081344K
  class space    used 4078K, capacity 4393K, committed 4480K, reserved 1048576K
}
Event: 8,087 GC heap before
{Heap before GC invocations=7 (full 0):
 garbage-first heap   total 126976K, used 61077K [0x0000000085600000, 0x0000000100000000)
  region size 1024K, 56 young (57344K), 6 survivors (6144K)
 Metaspace       used 47020K, capacity 47788K, committed 48512K, reserved 1091584K
  class space    used 5591K, capacity 5947K, committed 6016K, reserved 1048576K
}
Event: 8,099 GC heap after
{Heap after GC invocations=8 (full 0):
 garbage-first heap   total 126976K, used 12700K [0x0000000085600000, 0x0000000100000000)
  region size 1024K, 3 young (3072K), 3 survivors (3072K)
 Metaspace       used 47020K, capacity 47788K, committed 48512K, reserved 1091584K
  class space    used 5591K, capacity 5947K, committed 6016K, reserved 1048576K
}

Deoptimization events (10 events):
Event: 10,472 Thread 0x00007ff258496000 Uncommon trap: reason=unstable_if action=reinterpret pc=0x00007ff24776d8b8 method=java.lang.CharacterDataLatin1.isWhitespace(I)Z @ 14 c2
Event: 10,472 Thread 0x00007ff258496000 Uncommon trap: reason=unstable_if action=reinterpret pc=0x00007ff2476bfb9c method=java.lang.CharacterDataLatin1.isWhitespace(I)Z @ 14 c2
Event: 10,488 Thread 0x00007ff258496000 Uncommon trap: reason=unstable_if action=reinterpret pc=0x00007ff2476ca250 method=java.io.DataInputStream.readUTF(Ljava/io/DataInput;)Ljava/lang/String; @ 112 c2
Event: 10,497 Thread 0x00007ff258496000 Uncommon trap: reason=unstable_if action=reinterpret pc=0x00007ff2477ab268 method=java.lang.StringLatin1.canEncode(I)Z @ 4 c2
Event: 10,548 Thread 0x00007ff258496000 Uncommon trap: reason=unstable_if action=reinterpret pc=0x00007ff24762f454 method=java.lang.StringLatin1.canEncode(I)Z @ 4 c2
Event: 10,549 Thread 0x00007ff258496000 Uncommon trap: reason=unstable_if action=reinterpret pc=0x00007ff247623b40 method=java.lang.AbstractStringBuilder.isLatin1()Z @ 10 c2
Event: 10,669 Thread 0x00007ff258496000 Uncommon trap: reason=class_check action=maybe_recompile pc=0x00007ff247695548 method=java.util.concurrent.ConcurrentHashMap.putVal(Ljava/lang/Object;Ljava/lang/Object;Z)Ljava/lang/Object; @ 242 c2
Event: 10,671 Thread 0x00007ff258496000 Uncommon trap: reason=class_check action=maybe_recompile pc=0x00007ff247695548 method=java.util.concurrent.ConcurrentHashMap.putVal(Ljava/lang/Object;Ljava/lang/Object;Z)Ljava/lang/Object; @ 242 c2
Event: 20,101 Thread 0x00007ff258496000 Uncommon trap: reason=unstable_if action=reinterpret pc=0x00007ff2477f2e94 method=java.awt.Container$MouseEventTargetFilter.accept(Ljava/awt/Component;)Z @ 57 c2
Event: 23,160 Thread 0x00007ff258496000 Uncommon trap: reason=unstable_if action=reinterpret pc=0x00007ff2477d0c9c method=sun.font.FontDesignMetrics$MetricsKey.equals(Ljava/lang/Object;)Z @ 23 c2

Classes redefined (0 events):
No events

Internal exceptions (10 events):
Event: 7,915 Thread 0x00007ff258496000 Exception <a 'java/lang/NoSuchMethodError'{0x000000008a299cc0}: java.lang.invoke.DirectMethodHandle$Holder.invokeInterface(Ljava/lang/Object;Ljava/lang/Object;Ljava/lang/Object;)Ljava/lang/Object;> (0x000000008a299cc0) thrown at [/build/openjdk-lts-Ae5PRQ
Event: 8,339 Thread 0x00007ff258496000 Exception <a 'java/lang/UnsupportedOperationException'{0x000000008d07c190}: > (0x000000008d07c190) thrown at [/build/openjdk-lts-Ae5PRQ/openjdk-lts-10.0.2+13/src/hotspot/share/prims/jni.cpp, line 632]
Event: 9,900 Thread 0x00007ff258496000 Exception <a 'java/lang/UnsupportedOperationException'{0x000000008cf1add0}: > (0x000000008cf1add0) thrown at [/build/openjdk-lts-Ae5PRQ/openjdk-lts-10.0.2+13/src/hotspot/share/prims/jni.cpp, line 632]
Event: 10,530 Thread 0x00007ff258496000 Exception <a 'java/lang/NoSuchMethodError'{0x000000008cd587e0}: java.lang.invoke.DirectMethodHandle$Holder.invokeStatic(Ljava/lang/Object;Ljava/lang/Object;Ljava/lang/Object;Ljava/lang/Object;Ljava/lang/Object;Ljava/lang/Object;Ljava/lang/Object;Ljava/lan
Event: 10,532 Thread 0x00007ff258496000 Exception <a 'java/lang/NoSuchMethodError'{0x000000008cd775d0}: java.lang.invoke.DirectMethodHandle$Holder.invokeStatic(Ljava/lang/Object;Ljava/lang/Object;Ljava/lang/Object;Ljava/lang/Object;Ljava/lang/Object;Ljava/lang/Object;Ljava/lang/Object;Ljava/lan
Event: 10,534 Thread 0x00007ff258496000 Exception <a 'java/lang/NoSuchMethodError'{0x000000008cd97e90}: method resolution failed> (0x000000008cd97e90) thrown at [/build/openjdk-lts-Ae5PRQ/openjdk-lts-10.0.2+13/src/hotspot/share/prims/methodHandles.cpp, line 1226]
Event: 10,536 Thread 0x00007ff258496000 Exception <a 'java/lang/NoSuchMethodError'{0x000000008cdb9c88}: method resolution failed> (0x000000008cdb9c88) thrown at [/build/openjdk-lts-Ae5PRQ/openjdk-lts-10.0.2+13/src/hotspot/share/prims/methodHandles.cpp, line 1226]
Event: 10,778 Thread 0x00007ff258496000 Exception <a 'java/lang/UnsupportedOperationException'{0x000000008caa56d8}: > (0x000000008caa56d8) thrown at [/build/openjdk-lts-Ae5PRQ/openjdk-lts-10.0.2+13/src/hotspot/share/prims/jni.cpp, line 632]
Event: 13,145 Thread 0x00007ff258496000 Exception <a 'java/lang/UnsupportedOperationException'{0x000000008c8450e0}: > (0x000000008c8450e0) thrown at [/build/openjdk-lts-Ae5PRQ/openjdk-lts-10.0.2+13/src/hotspot/share/prims/jni.cpp, line 632]
Event: 23,237 Thread 0x00007ff258496000 Exception <a 'java/lang/UnsupportedOperationException'{0x000000008c26f300}: > (0x000000008c26f300) thrown at [/build/openjdk-lts-Ae5PRQ/openjdk-lts-10.0.2+13/src/hotspot/share/prims/jni.cpp, line 632]

Events (10 events):
Event: 27,962 Thread 0x00007ff258494800 Thread exited: 0x00007ff258494800
Event: 27,963 Thread 0x00007ff258496000 Thread exited: 0x00007ff258496000
Event: 36,896 Executing VM operation: RevokeBias
Event: 36,896 Executing VM operation: RevokeBias done
Event: 11837,724 loading class sun/awt/X11/XkbEvent
Event: 11837,821 loading class sun/awt/X11/XkbEvent done
Event: 11837,833 loading class sun/awt/X11/XkbAnyEvent
Event: 11837,849 loading class sun/awt/X11/XkbAnyEvent done
Event: 13422,659 loading class jdk/internal/misc/Signal$1
Event: 13422,700 loading class jdk/internal/misc/Signal$1 done


Dynamic libraries:
85600000-8d200000 rw-p 00000000 00:00 0 
8d200000-100000000 ---p 00000000 00:00 0 
100000000-100620000 rw-p 00000000 00:00 0 
100620000-140000000 ---p 00000000 00:00 0 
55c3476e6000-55c3476e7000 r-xp 00000000 08:05 1044648                    /usr/lib/jvm/java-11-openjdk-amd64/bin/java
55c3478e7000-55c3478e8000 r--p 00001000 08:05 1044648                    /usr/lib/jvm/java-11-openjdk-amd64/bin/java
55c3478e8000-55c3478e9000 rw-p 00002000 08:05 1044648                    /usr/lib/jvm/java-11-openjdk-amd64/bin/java
55c349056000-55c349077000 rw-p 00000000 00:00 0                          [heap]
7ff1b4000000-7ff1b4021000 rw-p 00000000 00:00 0 
7ff1b4021000-7ff1b8000000 ---p 00000000 00:00 0 
7ff1bb8fd000-7ff1bb901000 ---p 00000000 00:00 0 
7ff1bb901000-7ff1bb9fe000 rw-p 00000000 00:00 0 
7ff1bb9fe000-7ff1bba02000 ---p 00000000 00:00 0 
7ff1bba02000-7ff1bbaff000 rw-p 00000000 00:00 0 
7ff1bbaff000-7ff1bbb03000 ---p 00000000 00:00 0 
7ff1bbb03000-7ff1bbcc0000 rw-p 00000000 00:00 0 
7ff1bbcc0000-7ff1bbe00000 ---p 00000000 00:00 0 
7ff1bbe00000-7ff1bc000000 rw-p 00000000 00:00 0 
7ff1bc000000-7ff1bc021000 rw-p 00000000 00:00 0 
7ff1bc021000-7ff1c0000000 ---p 00000000 00:00 0 
7ff1c0000000-7ff1c0d4c000 rw-p 00000000 00:00 0 
7ff1c0d4c000-7ff1c4000000 ---p 00000000 00:00 0 
7ff1c4000000-7ff1c4021000 rw-p 00000000 00:00 0 
7ff1c4021000-7ff1c8000000 ---p 00000000 00:00 0 
7ff1c8000000-7ff1c8021000 rw-p 00000000 00:00 0 
7ff1c8021000-7ff1cc000000 ---p 00000000 00:00 0 
7ff1cc000000-7ff1cc021000 rw-p 00000000 00:00 0 
7ff1cc021000-7ff1d0000000 ---p 00000000 00:00 0 
7ff1d0000000-7ff1d0021000 rw-p 00000000 00:00 0 
7ff1d0021000-7ff1d4000000 ---p 00000000 00:00 0 
7ff1d4000000-7ff1d4021000 rw-p 00000000 00:00 0 
7ff1d4021000-7ff1d8000000 ---p 00000000 00:00 0 
7ff1d8063000-7ff1d8263000 rw-p 00000000 00:00 0 
7ff1d82cf000-7ff1d84cf000 rw-p 00000000 00:00 0 
7ff1d84cf000-7ff1d86cf000 rw-p 00000000 00:00 0 
7ff1d86cf000-7ff1d88cf000 rw-p 00000000 00:00 0 
7ff1d88cf000-7ff1d8acf000 rw-p 00000000 00:00 0 
7ff1d8acf000-7ff1d8ad3000 ---p 00000000 00:00 0 
7ff1d8ad3000-7ff1d8dd0000 rw-p 00000000 00:00 0 
7ff1d8dd0000-7ff1d8dd1000 r-xp 00000000 08:05 1044705                    /usr/lib/jvm/java-11-openjdk-amd64/lib/libextnet.so
7ff1d8dd1000-7ff1d8fd0000 ---p 00001000 08:05 1044705                    /usr/lib/jvm/java-11-openjdk-amd64/lib/libextnet.so
7ff1d8fd0000-7ff1d8fd1000 r--p 00000000 08:05 1044705                    /usr/lib/jvm/java-11-openjdk-amd64/lib/libextnet.so
7ff1d8fd1000-7ff1d8fd2000 rw-p 00001000 08:05 1044705                    /usr/lib/jvm/java-11-openjdk-amd64/lib/libextnet.so
7ff1d8fd2000-7ff1d91d2000 rw-p 00000000 00:00 0 
7ff1d91d2000-7ff1d93d2000 rw-p 00000000 00:00 0 
7ff1d93f9000-7ff1d93fd000 ---p 00000000 00:00 0 
7ff1d93fd000-7ff1d96fa000 rw-p 00000000 00:00 0 
7ff1d96fa000-7ff1d98fa000 rw-p 00000000 00:00 0 
7ff1d98fa000-7ff1d9afa000 rw-p 00000000 00:00 0 
7ff1d9afa000-7ff1d9cfa000 rw-p 00000000 00:00 0 
7ff1d9cfa000-7ff1d9efa000 rw-p 00000000 00:00 0 
7ff1d9efa000-7ff1d9efe000 ---p 00000000 00:00 0 
7ff1d9efe000-7ff1da1fb000 rw-p 00000000 00:00 0 
7ff1da1fb000-7ff1da1ff000 ---p 00000000 00:00 0 
7ff1da1ff000-7ff1da2fc000 rw-p 00000000 00:00 0 
7ff1da2fc000-7ff1da300000 ---p 00000000 00:00 0 
7ff1da300000-7ff1da5fd000 rw-p 00000000 00:00 0 
7ff1da5fd000-7ff1da7fd000 rw-p 00000000 00:00 0 
7ff1da7fd000-7ff1da7fe000 ---p 00000000 00:00 0 
7ff1da7fe000-7ff1daffe000 rw-p 00000000 00:00 0 
7ff1daffe000-7ff1dafff000 ---p 00000000 00:00 0 
7ff1dafff000-7ff1db7ff000 rw-p 00000000 00:00 0 
7ff1db7ff000-7ff1db800000 ---p 00000000 00:00 0 
7ff1db800000-7ff1dc000000 rw-p 00000000 00:00 0 
7ff1dc000000-7ff1dc021000 rw-p 00000000 00:00 0 
7ff1dc021000-7ff1e0000000 ---p 00000000 00:00 0 
7ff1e0028000-7ff1e002c000 r--s 00000000 08:05 1206704                    /var/cache/fontconfig/6aa41aa22e18b8fa06a12da28ea9c28b-le64.cache-7
7ff1e002c000-7ff1e0037000 r--s 00000000 08:05 1192451                    /var/cache/fontconfig/945677eb7aeaf62f1d50efc3fb3ec7d8-le64.cache-7
7ff1e0037000-7ff1e003c000 r-xp 00000000 08:05 271942                     /usr/lib/x86_64-linux-gnu/libXfixes.so.3.1.0
7ff1e003c000-7ff1e023b000 ---p 00005000 08:05 271942                     /usr/lib/x86_64-linux-gnu/libXfixes.so.3.1.0
7ff1e023b000-7ff1e023c000 r--p 00004000 08:05 271942                     /usr/lib/x86_64-linux-gnu/libXfixes.so.3.1.0
7ff1e023c000-7ff1e023d000 rw-p 00005000 08:05 271942                     /usr/lib/x86_64-linux-gnu/libXfixes.so.3.1.0
7ff1e023d000-7ff1e0246000 r-xp 00000000 08:05 271934                     /usr/lib/x86_64-linux-gnu/libXcursor.so.1.0.2
7ff1e0246000-7ff1e0445000 ---p 00009000 08:05 271934                     /usr/lib/x86_64-linux-gnu/libXcursor.so.1.0.2
7ff1e0445000-7ff1e0446000 r--p 00008000 08:05 271934                     /usr/lib/x86_64-linux-gnu/libXcursor.so.1.0.2
7ff1e0446000-7ff1e0447000 rw-p 00009000 08:05 271934                     /usr/lib/x86_64-linux-gnu/libXcursor.so.1.0.2
7ff1e0447000-7ff1e0453000 r-xp 00000000 08:05 396751                     /usr/lib/x86_64-linux-gnu/gio/modules/libdconfsettings.so
7ff1e0453000-7ff1e0652000 ---p 0000c000 08:05 396751                     /usr/lib/x86_64-linux-gnu/gio/modules/libdconfsettings.so
7ff1e0652000-7ff1e0653000 r--p 0000b000 08:05 396751                     /usr/lib/x86_64-linux-gnu/gio/modules/libdconfsettings.so
7ff1e0653000-7ff1e0654000 rw-p 0000c000 08:05 396751                     /usr/lib/x86_64-linux-gnu/gio/modules/libdconfsettings.so
7ff1e0654000-7ff1e065a000 r-xp 00000000 08:05 920010                     /lib/x86_64-linux-gnu/libuuid.so.1.3.0
7ff1e065a000-7ff1e0859000 ---p 00006000 08:05 920010                     /lib/x86_64-linux-gnu/libuuid.so.1.3.0
7ff1e0859000-7ff1e085a000 r--p 00005000 08:05 920010                     /lib/x86_64-linux-gnu/libuuid.so.1.3.0
7ff1e085a000-7ff1e085b000 rw-p 00006000 08:05 920010                     /lib/x86_64-linux-gnu/libuuid.so.1.3.0
7ff1e085b000-7ff1e08a2000 r-xp 00000000 08:05 919820                     /lib/x86_64-linux-gnu/libblkid.so.1.1.0
7ff1e08a2000-7ff1e0aa2000 ---p 00047000 08:05 919820                     /lib/x86_64-linux-gnu/libblkid.so.1.1.0
7ff1e0aa2000-7ff1e0aa6000 r--p 00047000 08:05 919820                     /lib/x86_64-linux-gnu/libblkid.so.1.1.0
7ff1e0aa6000-7ff1e0aa7000 rw-p 0004b000 08:05 919820                     /lib/x86_64-linux-gnu/libblkid.so.1.1.0
7ff1e0aa7000-7ff1e0aa8000 rw-p 00000000 00:00 0 
7ff1e0aa8000-7ff1e0b18000 r-xp 00000000 08:05 919775                     /lib/x86_64-linux-gnu/libpcre.so.3.13.3
7ff1e0b18000-7ff1e0d18000 ---p 00070000 08:05 919775                     /lib/x86_64-linux-gnu/libpcre.so.3.13.3
7ff1e0d18000-7ff1e0d19000 r--p 00070000 08:05 919775                     /lib/x86_64-linux-gnu/libpcre.so.3.13.3
7ff1e0d19000-7ff1e0d1a000 rw-p 00071000 08:05 919775                     /lib/x86_64-linux-gnu/libpcre.so.3.13.3
7ff1e0d1a000-7ff1e0d21000 r-xp 00000000 08:05 272269                     /usr/lib/x86_64-linux-gnu/libffi.so.6.0.4
7ff1e0d21000-7ff1e0f20000 ---p 00007000 08:05 272269                     /usr/lib/x86_64-linux-gnu/libffi.so.6.0.4
7ff1e0f20000-7ff1e0f21000 r--p 00006000 08:05 272269                     /usr/lib/x86_64-linux-gnu/libffi.so.6.0.4
7ff1e0f21000-7ff1e0f22000 rw-p 00007000 08:05 272269                     /usr/lib/x86_64-linux-gnu/libffi.so.6.0.4
7ff1e0f22000-7ff1e0f73000 r-xp 00000000 08:05 919686                     /lib/x86_64-linux-gnu/libmount.so.1.1.0
7ff1e0f73000-7ff1e1172000 ---p 00051000 08:05 919686                     /lib/x86_64-linux-gnu/libmount.so.1.1.0
7ff1e1172000-7ff1e1174000 r--p 00050000 08:05 919686                     /lib/x86_64-linux-gnu/libmount.so.1.1.0
7ff1e1174000-7ff1e1175000 rw-p 00052000 08:05 919686                     /lib/x86_64-linux-gnu/libmount.so.1.1.0
7ff1e1175000-7ff1e1176000 rw-p 00000000 00:00 0 
7ff1e1176000-7ff1e118d000 r-xp 00000000 08:05 919792                     /lib/x86_64-linux-gnu/libresolv-2.27.so
7ff1e118d000-7ff1e138d000 ---p 00017000 08:05 919792                     /lib/x86_64-linux-gnu/libresolv-2.27.so
7ff1e138d000-7ff1e138e000 r--p 00017000 08:05 919792                     /lib/x86_64-linux-gnu/libresolv-2.27.so
7ff1e138e000-7ff1e138f000 rw-p 00018000 08:05 919792                     /lib/x86_64-linux-gnu/libresolv-2.27.so
7ff1e138f000-7ff1e1391000 rw-p 00000000 00:00 0 
7ff1e1391000-7ff1e13b6000 r-xp 00000000 08:05 919798                     /lib/x86_64-linux-gnu/libselinux.so.1
7ff1e13b6000-7ff1e15b5000 ---p 00025000 08:05 919798                     /lib/x86_64-linux-gnu/libselinux.so.1
7ff1e15b5000-7ff1e15b6000 r--p 00024000 08:05 919798                     /lib/x86_64-linux-gnu/libselinux.so.1
7ff1e15b6000-7ff1e15b7000 rw-p 00025000 08:05 919798                     /lib/x86_64-linux-gnu/libselinux.so.1
7ff1e15b7000-7ff1e15b9000 rw-p 00000000 00:00 0 
7ff1e15b9000-7ff1e16cc000 r-xp 00000000 08:05 262951                     /usr/lib/x86_64-linux-gnu/libglib-2.0.so.0.5600.3
7ff1e16cc000-7ff1e18cc000 ---p 00113000 08:05 262951                     /usr/lib/x86_64-linux-gnu/libglib-2.0.so.0.5600.3
7ff1e18cc000-7ff1e18cd000 r--p 00113000 08:05 262951                     /usr/lib/x86_64-linux-gnu/libglib-2.0.so.0.5600.3
7ff1e18cd000-7ff1e18ce000 rw-p 00114000 08:05 262951                     /usr/lib/x86_64-linux-gnu/libglib-2.0.so.0.5600.3
7ff1e18ce000-7ff1e18cf000 rw-p 00000000 00:00 0 
7ff1e18cf000-7ff1e18d2000 r-xp 00000000 08:05 268079                     /usr/lib/x86_64-linux-gnu/libgmodule-2.0.so.0.5600.3
7ff1e18d2000-7ff1e1ad1000 ---p 00003000 08:05 268079                     /usr/lib/x86_64-linux-gnu/libgmodule-2.0.so.0.5600.3
7ff1e1ad1000-7ff1e1ad2000 r--p 00002000 08:05 268079                     /usr/lib/x86_64-linux-gnu/libgmodule-2.0.so.0.5600.3
7ff1e1ad2000-7ff1e1ad3000 rw-p 00003000 08:05 268079                     /usr/lib/x86_64-linux-gnu/libgmodule-2.0.so.0.5600.3
7ff1e1ad3000-7ff1e1b25000 r-xp 00000000 08:05 270586                     /usr/lib/x86_64-linux-gnu/libgobject-2.0.so.0.5600.3
7ff1e1b25000-7ff1e1d25000 ---p 00052000 08:05 270586                     /usr/lib/x86_64-linux-gnu/libgobject-2.0.so.0.5600.3
7ff1e1d25000-7ff1e1d26000 r--p 00052000 08:05 270586                     /usr/lib/x86_64-linux-gnu/libgobject-2.0.so.0.5600.3
7ff1e1d26000-7ff1e1d27000 rw-p 00053000 08:05 270586                     /usr/lib/x86_64-linux-gnu/libgobject-2.0.so.0.5600.3
7ff1e1d27000-7ff1e1ebc000 r-xp 00000000 08:05 262552                     /usr/lib/x86_64-linux-gnu/libgio-2.0.so.0.5600.3
7ff1e1ebc000-7ff1e20bc000 ---p 00195000 08:05 262552                     /usr/lib/x86_64-linux-gnu/libgio-2.0.so.0.5600.3
7ff1e20bc000-7ff1e20c3000 r--p 00195000 08:05 262552                     /usr/lib/x86_64-linux-gnu/libgio-2.0.so.0.5600.3
7ff1e20c3000-7ff1e20c4000 rw-p 0019c000 08:05 262552                     /usr/lib/x86_64-linux-gnu/libgio-2.0.so.0.5600.3
7ff1e20c4000-7ff1e20c6000 rw-p 00000000 00:00 0 
7ff1e20c6000-7ff1e20d0000 r-xp 00000000 08:05 271958                     /usr/lib/x86_64-linux-gnu/libXrandr.so.2.2.0
7ff1e20d0000-7ff1e22cf000 ---p 0000a000 08:05 271958                     /usr/lib/x86_64-linux-gnu/libXrandr.so.2.2.0
7ff1e22cf000-7ff1e22d0000 r--p 00009000 08:05 271958                     /usr/lib/x86_64-linux-gnu/libXrandr.so.2.2.0
7ff1e22d0000-7ff1e22d1000 rw-p 0000a000 08:05 271958                     /usr/lib/x86_64-linux-gnu/libXrandr.so.2.2.0
7ff1e22d1000-7ff1e24d1000 rw-p 00000000 00:00 0 
7ff1e24d1000-7ff1e2502000 r-xp 00000000 08:05 272791                     /usr/lib/x86_64-linux-gnu/libpng16.so.16.34.0
7ff1e2502000-7ff1e2701000 ---p 00031000 08:05 272791                     /usr/lib/x86_64-linux-gnu/libpng16.so.16.34.0
7ff1e2701000-7ff1e2702000 r--p 00030000 08:05 272791                     /usr/lib/x86_64-linux-gnu/libpng16.so.16.34.0
7ff1e2702000-7ff1e2703000 rw-p 00031000 08:05 272791                     /usr/lib/x86_64-linux-gnu/libpng16.so.16.34.0
7ff1e2703000-7ff1e27b0000 r-xp 00000000 08:05 272301                     /usr/lib/x86_64-linux-gnu/libfreetype.so.6.15.0
7ff1e27b0000-7ff1e29af000 ---p 000ad000 08:05 272301                     /usr/lib/x86_64-linux-gnu/libfreetype.so.6.15.0
7ff1e29af000-7ff1e29b6000 r--p 000ac000 08:05 272301                     /usr/lib/x86_64-linux-gnu/libfreetype.so.6.15.0
7ff1e29b6000-7ff1e29b7000 rw-p 000b3000 08:05 272301                     /usr/lib/x86_64-linux-gnu/libfreetype.so.6.15.0
7ff1e29b7000-7ff1e2a4c000 r-xp 00000000 08:05 1044706                    /usr/lib/jvm/java-11-openjdk-amd64/lib/libfontmanager.so
7ff1e2a4c000-7ff1e2c4c000 ---p 00095000 08:05 1044706                    /usr/lib/jvm/java-11-openjdk-amd64/lib/libfontmanager.so
7ff1e2c4c000-7ff1e2c4d000 r--p 00095000 08:05 1044706                    /usr/lib/jvm/java-11-openjdk-amd64/lib/libfontmanager.so
7ff1e2c4d000-7ff1e2c4e000 rw-p 00096000 08:05 1044706                    /usr/lib/jvm/java-11-openjdk-amd64/lib/libfontmanager.so
7ff1e2c4e000-7ff1e2c4f000 rw-p 00000000 00:00 0 
7ff1e2c4f000-7ff1e2c62000 r-xp 00000000 08:05 919649                     /lib/x86_64-linux-gnu/libbsd.so.0.8.7
7ff1e2c62000-7ff1e2e61000 ---p 00013000 08:05 919649                     /lib/x86_64-linux-gnu/libbsd.so.0.8.7
7ff1e2e61000-7ff1e2e62000 r--p 00012000 08:05 919649                     /lib/x86_64-linux-gnu/libbsd.so.0.8.7
7ff1e2e62000-7ff1e2e63000 rw-p 00013000 08:05 919649                     /lib/x86_64-linux-gnu/libbsd.so.0.8.7
7ff1e2e63000-7ff1e2e64000 rw-p 00000000 00:00 0 
7ff1e2e64000-7ff1e2e69000 r-xp 00000000 08:05 271938                     /usr/lib/x86_64-linux-gnu/libXdmcp.so.6.0.0
7ff1e2e69000-7ff1e3068000 ---p 00005000 08:05 271938                     /usr/lib/x86_64-linux-gnu/libXdmcp.so.6.0.0
7ff1e3068000-7ff1e3069000 r--p 00004000 08:05 271938                     /usr/lib/x86_64-linux-gnu/libXdmcp.so.6.0.0
7ff1e3069000-7ff1e306a000 rw-p 00005000 08:05 271938                     /usr/lib/x86_64-linux-gnu/libXdmcp.so.6.0.0
7ff1e306a000-7ff1e306c000 r-xp 00000000 08:05 271927                     /usr/lib/x86_64-linux-gnu/libXau.so.6.0.0
7ff1e306c000-7ff1e326c000 ---p 00002000 08:05 271927                     /usr/lib/x86_64-linux-gnu/libXau.so.6.0.0
7ff1e326c000-7ff1e326d000 r--p 00002000 08:05 271927                     /usr/lib/x86_64-linux-gnu/libXau.so.6.0.0
7ff1e326d000-7ff1e326e000 rw-p 00003000 08:05 271927                     /usr/lib/x86_64-linux-gnu/libXau.so.6.0.0
7ff1e326e000-7ff1e3294000 r-xp 00000000 08:05 273131                     /usr/lib/x86_64-linux-gnu/libxcb.so.1.1.0
7ff1e3294000-7ff1e3494000 ---p 00026000 08:05 273131                     /usr/lib/x86_64-linux-gnu/libxcb.so.1.1.0
7ff1e3494000-7ff1e3495000 r--p 00026000 08:05 273131                     /usr/lib/x86_64-linux-gnu/libxcb.so.1.1.0
7ff1e3495000-7ff1e3496000 rw-p 00027000 08:05 273131                     /usr/lib/x86_64-linux-gnu/libxcb.so.1.1.0
7ff1e3496000-7ff1e34a5000 r-xp 00000000 08:05 271948                     /usr/lib/x86_64-linux-gnu/libXi.so.6.1.0
7ff1e34a5000-7ff1e36a4000 ---p 0000f000 08:05 271948                     /usr/lib/x86_64-linux-gnu/libXi.so.6.1.0
7ff1e36a4000-7ff1e36a5000 r--p 0000e000 08:05 271948                     /usr/lib/x86_64-linux-gnu/libXi.so.6.1.0
7ff1e36a5000-7ff1e36a6000 rw-p 0000f000 08:05 271948                     /usr/lib/x86_64-linux-gnu/libXi.so.6.1.0
7ff1e36a6000-7ff1e36ab000 r-xp 00000000 08:05 271966                     /usr/lib/x86_64-linux-gnu/libXtst.so.6.1.0
7ff1e36ab000-7ff1e38aa000 ---p 00005000 08:05 271966                     /usr/lib/x86_64-linux-gnu/libXtst.so.6.1.0
7ff1e38aa000-7ff1e38ab000 r--p 00004000 08:05 271966                     /usr/lib/x86_64-linux-gnu/libXtst.so.6.1.0
7ff1e38ab000-7ff1e38ac000 rw-p 00005000 08:05 271966                     /usr/lib/x86_64-linux-gnu/libXtst.so.6.1.0
7ff1e38ac000-7ff1e38b5000 r-xp 00000000 08:05 271960                     /usr/lib/x86_64-linux-gnu/libXrender.so.1.3.0
7ff1e38b5000-7ff1e3ab4000 ---p 00009000 08:05 271960                     /usr/lib/x86_64-linux-gnu/libXrender.so.1.3.0
7ff1e3ab4000-7ff1e3ab5000 r--p 00008000 08:05 271960                     /usr/lib/x86_64-linux-gnu/libXrender.so.1.3.0
7ff1e3ab5000-7ff1e3ab6000 rw-p 00009000 08:05 271960                     /usr/lib/x86_64-linux-gnu/libXrender.so.1.3.0
7ff1e3ab6000-7ff1e3be9000 r-xp 00000000 08:05 263759                     /usr/lib/x86_64-linux-gnu/libX11.so.6.3.0
7ff1e3be9000-7ff1e3de9000 ---p 00133000 08:05 263759                     /usr/lib/x86_64-linux-gnu/libX11.so.6.3.0
7ff1e3de9000-7ff1e3dea000 r--p 00133000 08:05 263759                     /usr/lib/x86_64-linux-gnu/libX11.so.6.3.0
7ff1e3dea000-7ff1e3dee000 rw-p 00134000 08:05 263759                     /usr/lib/x86_64-linux-gnu/libX11.so.6.3.0
7ff1e3dee000-7ff1e3dff000 r-xp 00000000 08:05 271940                     /usr/lib/x86_64-linux-gnu/libXext.so.6.4.0
7ff1e3dff000-7ff1e3ffe000 ---p 00011000 08:05 271940                     /usr/lib/x86_64-linux-gnu/libXext.so.6.4.0
7ff1e3ffe000-7ff1e3fff000 r--p 00010000 08:05 271940                     /usr/lib/x86_64-linux-gnu/libXext.so.6.4.0
7ff1e3fff000-7ff1e4000000 rw-p 00011000 08:05 271940                     /usr/lib/x86_64-linux-gnu/libXext.so.6.4.0
7ff1e4000000-7ff1e4021000 rw-p 00000000 00:00 0 
7ff1e4021000-7ff1e8000000 ---p 00000000 00:00 0 
7ff1e8000000-7ff1e8021000 rw-p 00000000 00:00 0 
7ff1e8021000-7ff1ec000000 ---p 00000000 00:00 0 
7ff1ec000000-7ff1ec7e9000 rw-p 00000000 00:00 0 
7ff1ec7e9000-7ff1f0000000 ---p 00000000 00:00 0 
7ff1f0000000-7ff1f0021000 rw-p 00000000 00:00 0 
7ff1f0021000-7ff1f4000000 ---p 00000000 00:00 0 
7ff1f4000000-7ff1f5917000 rw-p 00000000 00:00 0 
7ff1f5917000-7ff1f8000000 ---p 00000000 00:00 0 
7ff1f8000000-7ff1f9812000 rw-p 00000000 00:00 0 
7ff1f9812000-7ff1fc000000 ---p 00000000 00:00 0 
7ff1fc000000-7ff1fc021000 rw-p 00000000 00:00 0 
7ff1fc021000-7ff200000000 ---p 00000000 00:00 0 
7ff200000000-7ff200021000 rw-p 00000000 00:00 0 
7ff200021000-7ff204000000 ---p 00000000 00:00 0 
7ff204000000-7ff20402f000 rw-p 00000000 00:00 0 
7ff20402f000-7ff208000000 ---p 00000000 00:00 0 
7ff208000000-7ff208021000 rw-p 00000000 00:00 0 
7ff208021000-7ff20c000000 ---p 00000000 00:00 0 
7ff20c000000-7ff20c021000 rw-p 00000000 00:00 0 
7ff20c021000-7ff210000000 ---p 00000000 00:00 0 
7ff210000000-7ff210021000 rw-p 00000000 00:00 0 
7ff210021000-7ff214000000 ---p 00000000 00:00 0 
7ff214000000-7ff214021000 rw-p 00000000 00:00 0 
7ff214021000-7ff218000000 ---p 00000000 00:00 0 
7ff218000000-7ff218021000 rw-p 00000000 00:00 0 
7ff218021000-7ff21c000000 ---p 00000000 00:00 0 
7ff21c000000-7ff21c021000 rw-p 00000000 00:00 0 
7ff21c021000-7ff220000000 ---p 00000000 00:00 0 
7ff220000000-7ff220021000 rw-p 00000000 00:00 0 
7ff220021000-7ff224000000 ---p 00000000 00:00 0 
7ff224000000-7ff224021000 rw-p 00000000 00:00 0 
7ff224021000-7ff228000000 ---p 00000000 00:00 0 
7ff228000000-7ff22802c000 rw-p 00000000 00:00 0 
7ff22802c000-7ff22c000000 ---p 00000000 00:00 0 
7ff22c003000-7ff22c008000 r--s 00000000 08:05 1192422                    /var/cache/fontconfig/2300eef321c393bfd76478a5c0e95b23-le64.cache-7
7ff22c008000-7ff22c009000 r--s 00000000 08:05 1192415                    /var/cache/fontconfig/0d8c3b2ac0904cb8a57a757ad11a4a08-le64.cache-7
7ff22c009000-7ff22c01e000 r--s 00000000 08:05 1192411                    /var/cache/fontconfig/04aabc0a78ac019cf9454389977116d2-le64.cache-7
7ff22c01e000-7ff22c01f000 r--s 00000000 08:05 1192419                    /var/cache/fontconfig/1ac9eb803944fde146138c791f5cc56a-le64.cache-7
7ff22c01f000-7ff22c020000 r--s 00000000 08:05 1192470                    /var/cache/fontconfig/dc05db6664285cc2f12bf69c139ae4c3-le64.cache-7
7ff22c020000-7ff22c022000 r--s 00000000 08:05 1192416                    /var/cache/fontconfig/14a5e22175779b556eaa434240950366-le64.cache-7
7ff22c022000-7ff22c023000 r--s 00000000 08:05 1192443                    /var/cache/fontconfig/660208299946a285a940457d1287da33-le64.cache-7
7ff22c023000-7ff22c024000 r--s 00000000 08:05 1206489                    /var/cache/fontconfig/5d1cca7074f29429a8d18692746c2426-le64.cache-7
7ff22c024000-7ff22c026000 r--s 00000000 08:05 1192434                    /var/cache/fontconfig/4f3e3037c9980c83b53a9351efadef62-le64.cache-7
7ff22c026000-7ff22c028000 r--s 00000000 08:05 1192448                    /var/cache/fontconfig/767a8244fc0220cfb567a839d0392e0b-le64.cache-7
7ff22c028000-7ff22c029000 r--s 00000000 08:05 1176178                    /var/cache/fontconfig/4794a0821666d79190d59a36cb4f44b5-le64.cache-7
7ff22c029000-7ff22c02b000 r--s 00000000 08:05 1176008                    /var/cache/fontconfig/0bd3dc0958fa2205aaaa8ebb13e2872b-le64.cache-7
7ff22c02b000-7ff22c030000 r--s 00000000 08:05 1192471                    /var/cache/fontconfig/def309198bfa603429122923fa2bb2d4-le64.cache-7
7ff22c030000-7ff22c031000 r--s 00000000 08:05 1192459                    /var/cache/fontconfig/b872e6e592da6075ffa4ab0a1fcc0c75-le64.cache-7
7ff22c031000-7ff22c032000 r--s 00000000 08:05 1192476                    /var/cache/fontconfig/f6d4eedfaab2589bde49f7a3ff831d22-le64.cache-7
7ff22c032000-7ff22c033000 r--s 00000000 08:05 1192441                    /var/cache/fontconfig/589f83ef4c36d296ce6e1c846f468f08-le64.cache-7
7ff22c033000-7ff22c034000 r--s 00000000 08:05 1192461                    /var/cache/fontconfig/bab58bb527bb656aaa9f116d68a48d89-le64.cache-7
7ff22c034000-7ff22c035000 r--s 00000000 08:05 1192420                    /var/cache/fontconfig/2171a34dccabdb6bcbbc728186263178-le64.cache-7
7ff22c035000-7ff22c036000 r--s 00000000 08:05 1192462                    /var/cache/fontconfig/c5c45a61289222e0d30b1a26ef4effbe-le64.cache-7
7ff22c036000-7ff22c037000 r--s 00000000 08:05 1192457                    /var/cache/fontconfig/aec30016f93e1b46d1a973dce0d74068-le64.cache-7
7ff22c037000-7ff22c038000 r--s 00000000 08:05 1192427                    /var/cache/fontconfig/3f589640d34b7dc9042c8d453f7c8b9c-le64.cache-7
7ff22c038000-7ff22c039000 r--s 00000000 08:05 1192417                    /var/cache/fontconfig/16c2fda60d1b4b719f4b3d06fd951d25-le64.cache-7
7ff22c039000-7ff22c03e000 r--s 00000000 08:05 1188065                    /var/cache/fontconfig/9d2451b1fd30e5bffe8383fd27c35478-le64.cache-7
7ff22c03e000-7ff22c044000 r--s 00000000 08:05 1188064                    /var/cache/fontconfig/3047814df9a2f067bd2d96a2b9c36e5a-le64.cache-7
7ff22c044000-7ff22c057000 r--s 00000000 08:05 1192467                    /var/cache/fontconfig/d52a8644073d54c13679302ca1180695-le64.cache-7
7ff22c057000-7ff22c05b000 ---p 00000000 00:00 0 
7ff22c05b000-7ff22e348000 rw-p 00000000 00:00 0 
7ff22e348000-7ff230000000 ---p 00000000 00:00 0 
7ff230000000-7ff230021000 rw-p 00000000 00:00 0 
7ff230021000-7ff234000000 ---p 00000000 00:00 0 
7ff234000000-7ff234021000 rw-p 00000000 00:00 0 
7ff234021000-7ff238000000 ---p 00000000 00:00 0 
7ff238000000-7ff238021000 rw-p 00000000 00:00 0 
7ff238021000-7ff23c000000 ---p 00000000 00:00 0 
7ff23c000000-7ff23c001000 r--s 00000000 08:05 1192456                    /var/cache/fontconfig/a48eab177a16e4f3713381162db2f3e9-le64.cache-7
7ff23c001000-7ff23c002000 r--s 00000000 08:05 1192437                    /var/cache/fontconfig/564b2e68ac9bc4e36a6f7f6d6125ec1c-le64.cache-7
7ff23c002000-7ff23c00a000 r--s 00000000 08:05 1206702                    /var/cache/fontconfig/bf3b770c553c462765856025a94f1ce6-le64.cache-7
7ff23c00a000-7ff23c00b000 r--s 00000000 08:05 1192438                    /var/cache/fontconfig/56cf4f4769d0f4abc89a4895d7bd3ae1-le64.cache-7
7ff23c00b000-7ff23c00c000 r--s 00000000 08:05 1192460                    /var/cache/fontconfig/b9d506c9ac06c20b433354fa67a72993-le64.cache-7
7ff23c00c000-7ff23c012000 r--s 00000000 08:05 1192458                    /var/cache/fontconfig/b47c4e1ecd0709278f4910c18777a504-le64.cache-7
7ff23c012000-7ff23c013000 r--s 00000000 08:05 1192425                    /var/cache/fontconfig/370e5b74bf5dafc30834de68e24a87a4-le64.cache-7
7ff23c013000-7ff23c014000 r--s 00000000 08:05 1192446                    /var/cache/fontconfig/6b2c5944714ca7831b25bed9e85cb5c8-le64.cache-7
7ff23c014000-7ff23c015000 r--s 00000000 08:05 1192466                    /var/cache/fontconfig/d5178ab6d91b49bf20a416737dcea9e8-le64.cache-7
7ff23c015000-7ff23c016000 r--s 00000000 08:05 1192436                    /var/cache/fontconfig/551ecf3b0e8b0bca0f25c0944f561853-le64.cache-7
7ff23c016000-7ff23c019000 r--s 00000000 08:05 1192475                    /var/cache/fontconfig/f259c2cffa685e28062317905db73c4a-le64.cache-7
7ff23c019000-7ff23c01b000 r--s 00000000 08:05 1192435                    /var/cache/fontconfig/550f3886151c940c12a5ed35f6a00586-le64.cache-7
7ff23c01b000-7ff23c01e000 r--s 00000000 08:05 1192444                    /var/cache/fontconfig/674d1711f2d1d2a09646eb0bdcadee49-le64.cache-7
7ff23c01e000-7ff23c01f000 r--s 00000000 08:05 1192428                    /var/cache/fontconfig/3f7329c5293ffd510edef78f73874cfd-le64.cache-7
7ff23c01f000-7ff23c02b000 r--s 00000000 08:05 1199994                    /var/cache/fontconfig/d589a48862398ed80a3d6066f4f56f4c-le64.cache-7
7ff23c02b000-7ff23c02c000 r--s 00000000 08:05 1206478                    /var/cache/fontconfig/e7de81b01590fb7e12b38e274e17d0db-le64.cache-7
7ff23c02c000-7ff23c02d000 r--s 00000000 08:05 1192414                    /var/cache/fontconfig/0c9eb80ebd1c36541ebe2852d3bb0c49-le64.cache-7
7ff23c02d000-7ff23c045000 r--s 00000000 08:05 1192469                    /var/cache/fontconfig/e13b20fdb08344e0e664864cc2ede53d-le64.cache-7
7ff23c045000-7ff23c049000 ---p 00000000 00:00 0 
7ff23c049000-7ff23c146000 rw-p 00000000 00:00 0 
7ff23c146000-7ff23c1a5000 r-xp 00000000 08:05 1044703                    /usr/lib/jvm/java-11-openjdk-amd64/lib/libawt_xawt.so
7ff23c1a5000-7ff23c3a4000 ---p 0005f000 08:05 1044703                    /usr/lib/jvm/java-11-openjdk-amd64/lib/libawt_xawt.so
7ff23c3a4000-7ff23c3a5000 r--p 0005e000 08:05 1044703                    /usr/lib/jvm/java-11-openjdk-amd64/lib/libawt_xawt.so
7ff23c3a5000-7ff23c3a8000 rw-p 0005f000 08:05 1044703                    /usr/lib/jvm/java-11-openjdk-amd64/lib/libawt_xawt.so
7ff23c3a8000-7ff23c3aa000 rw-p 00000000 00:00 0 
7ff23c3aa000-7ff23c44a000 r-xp 00000000 08:05 1044701                    /usr/lib/jvm/java-11-openjdk-amd64/lib/libawt.so
7ff23c44a000-7ff23c64a000 ---p 000a0000 08:05 1044701                    /usr/lib/jvm/java-11-openjdk-amd64/lib/libawt.so
7ff23c64a000-7ff23c64b000 r--p 000a0000 08:05 1044701                    /usr/lib/jvm/java-11-openjdk-amd64/lib/libawt.so
7ff23c64b000-7ff23c656000 rw-p 000a1000 08:05 1044701                    /usr/lib/jvm/java-11-openjdk-amd64/lib/libawt.so
7ff23c656000-7ff23c67b000 rw-p 00000000 00:00 0 
7ff23c67b000-7ff23c692000 r-xp 00000000 08:05 1044726                    /usr/lib/jvm/java-11-openjdk-amd64/lib/libnet.so
7ff23c692000-7ff23c891000 ---p 00017000 08:05 1044726                    /usr/lib/jvm/java-11-openjdk-amd64/lib/libnet.so
7ff23c891000-7ff23c892000 r--p 00016000 08:05 1044726                    /usr/lib/jvm/java-11-openjdk-amd64/lib/libnet.so
7ff23c892000-7ff23c893000 rw-p 00017000 08:05 1044726                    /usr/lib/jvm/java-11-openjdk-amd64/lib/libnet.so
7ff23c893000-7ff23c8a4000 r-xp 00000000 08:05 1044727                    /usr/lib/jvm/java-11-openjdk-amd64/lib/libnio.so
7ff23c8a4000-7ff23caa3000 ---p 00011000 08:05 1044727                    /usr/lib/jvm/java-11-openjdk-amd64/lib/libnio.so
7ff23caa3000-7ff23caa4000 r--p 00010000 08:05 1044727                    /usr/lib/jvm/java-11-openjdk-amd64/lib/libnio.so
7ff23caa4000-7ff23caa5000 rw-p 00011000 08:05 1044727                    /usr/lib/jvm/java-11-openjdk-amd64/lib/libnio.so
7ff23caa5000-7ff23caa9000 ---p 00000000 00:00 0 
7ff23caa9000-7ff23cba6000 rw-p 00000000 00:00 0 
7ff23cba6000-7ff23cba7000 ---p 00000000 00:00 0 
7ff23cba7000-7ff23cca8000 rw-p 00000000 00:00 0 
7ff23cca8000-7ff23ccac000 ---p 00000000 00:00 0 
7ff23ccac000-7ff23cda9000 rw-p 00000000 00:00 0 
7ff23cda9000-7ff23cdad000 ---p 00000000 00:00 0 
7ff23cdad000-7ff23ceaa000 rw-p 00000000 00:00 0 
7ff23ceaa000-7ff23ceae000 ---p 00000000 00:00 0 
7ff23ceae000-7ff23cfab000 rw-p 00000000 00:00 0 
7ff23cfab000-7ff23cfaf000 ---p 00000000 00:00 0 
7ff23cfaf000-7ff23d0ac000 rw-p 00000000 00:00 0 
7ff23d0ac000-7ff23d0b0000 ---p 00000000 00:00 0 
7ff23d0b0000-7ff23d1ad000 rw-p 00000000 00:00 0 
7ff23d1ad000-7ff23d1b1000 ---p 00000000 00:00 0 
7ff23d1b1000-7ff23d2ae000 rw-p 00000000 00:00 0 
7ff23d2ae000-7ff23dc7d000 r--p 00000000 08:05 267985                     /usr/lib/locale/locale-archive
7ff23dc7d000-7ff23de6d000 rw-p 00000000 00:00 0 
7ff23de6d000-7ff23fb25000 ---p 00000000 00:00 0 
7ff23fb25000-7ff23fd95000 rwxp 00000000 00:00 0 
7ff23fd95000-7ff2400b5000 ---p 00000000 00:00 0 
7ff2400b5000-7ff240ae5000 rwxp 00000000 00:00 0 
7ff240ae5000-7ff2475ed000 ---p 00000000 00:00 0 
7ff2475ed000-7ff24785d000 rwxp 00000000 00:00 0 
7ff24785d000-7ff24eb25000 ---p 00000000 00:00 0 
7ff24eb25000-7ff258000000 r--s 00000000 08:05 1062053                    /usr/lib/jvm/java-11-openjdk-amd64/lib/modules
7ff258000000-7ff258522000 rw-p 00000000 00:00 0 
7ff258522000-7ff25c000000 ---p 00000000 00:00 0 
7ff25c000000-7ff25c001000 r--s 00000000 08:05 1192421                    /var/cache/fontconfig/22368d551a680bfe5a62c02760edf4ea-le64.cache-7
7ff25c001000-7ff25c002000 r--s 00000000 08:05 1192433                    /var/cache/fontconfig/4d9c95eba1cb85bbcf2878543262124a-le64.cache-7
7ff25c002000-7ff25c003000 r--s 00000000 08:05 1192450                    /var/cache/fontconfig/85e0a52ce643a7ba2ae53e5d6949cead-le64.cache-7
7ff25c003000-7ff25c011000 r--s 00000000 08:05 1192453                    /var/cache/fontconfig/9b89f8e3dae116d678bbf48e5f21f69b-le64.cache-7
7ff25c011000-7ff25c01e000 r--s 00000000 08:05 1206697                    /var/cache/fontconfig/8f02d4cb045bd6ce15663e43f347c9f8-le64.cache-7
7ff25c01e000-7ff25c03f000 r--s 00000000 08:05 1206694                    /var/cache/fontconfig/467c019e582ee353435ea5c21d137ef6-le64.cache-7
7ff25c03f000-7ff25c06f000 r--p 00000000 08:05 526415                     /usr/share/glib-2.0/schemas/gschemas.compiled
7ff25c06f000-7ff25c0a0000 rw-p 00000000 00:00 0 
7ff25c0a0000-7ff25c0a4000 ---p 00000000 00:00 0 
7ff25c0a4000-7ff25c1a1000 rw-p 00000000 00:00 0 
7ff25c1a1000-7ff25c1a5000 ---p 00000000 00:00 0 
7ff25c1a5000-7ff25c2a2000 rw-p 00000000 00:00 0 
7ff25c2a2000-7ff25c2a3000 ---p 00000000 00:00 0 
7ff25c2a3000-7ff25cc9d000 rw-p 00000000 00:00 0 
7ff25cc9d000-7ff25cc9e000 ---p 00000000 00:00 0 
7ff25cc9e000-7ff25cd9f000 rw-p 00000000 00:00 0 
7ff25cd9f000-7ff25cda0000 ---p 00000000 00:00 0 
7ff25cda0000-7ff25cea1000 rw-p 00000000 00:00 0 
7ff25cea1000-7ff25cea2000 ---p 00000000 00:00 0 
7ff25cea2000-7ff25cfa3000 rw-p 00000000 00:00 0 
7ff25cfa3000-7ff25cfa4000 ---p 00000000 00:00 0 
7ff25cfa4000-7ff25d0a5000 rw-p 00000000 00:00 0 
7ff25d0a5000-7ff25d0a6000 ---p 00000000 00:00 0 
7ff25d0a6000-7ff25d5ab000 rw-p 00000000 00:00 0 
7ff25d5ab000-7ff25d5ac000 ---p 00000000 00:00 0 
7ff25d5ac000-7ff25d6ad000 rw-p 00000000 00:00 0 
7ff25d6ad000-7ff25d6ae000 ---p 00000000 00:00 0 
7ff25d6ae000-7ff25d7ed000 rw-p 00000000 00:00 0 
7ff25d7ed000-7ff25db84000 ---p 00000000 00:00 0 
7ff25db84000-7ff25dbc2000 rw-p 00000000 00:00 0 
7ff25dbc2000-7ff25df59000 ---p 00000000 00:00 0 
7ff25df59000-7ff25df97000 rw-p 00000000 00:00 0 
7ff25df97000-7ff25e32e000 ---p 00000000 00:00 0 
7ff25e32e000-7ff25e732000 rw-p 00000000 00:00 0 
7ff25e732000-7ff25e733000 ---p 00000000 00:00 0 
7ff25e733000-7ff25e834000 rw-p 00000000 00:00 0 
7ff25e834000-7ff25e835000 ---p 00000000 00:00 0 
7ff25e835000-7ff25e936000 rw-p 00000000 00:00 0 
7ff25e936000-7ff25e937000 ---p 00000000 00:00 0 
7ff25e937000-7ff25ea38000 rw-p 00000000 00:00 0 
7ff25ea38000-7ff25ea39000 ---p 00000000 00:00 0 
7ff25ea39000-7ff25eb3f000 rw-p 00000000 00:00 0 
7ff25eb3f000-7ff25ec25000 ---p 00000000 00:00 0 
7ff25ec25000-7ff25ec3a000 rw-p 00000000 00:00 0 
7ff25ec3a000-7ff25ed10000 ---p 00000000 00:00 0 
7ff25ed10000-7ff25ed15000 r-xp 00000000 08:05 1044718                    /usr/lib/jvm/java-11-openjdk-amd64/lib/libjimage.so
7ff25ed15000-7ff25ef14000 ---p 00005000 08:05 1044718                    /usr/lib/jvm/java-11-openjdk-amd64/lib/libjimage.so
7ff25ef14000-7ff25ef15000 r--p 00004000 08:05 1044718                    /usr/lib/jvm/java-11-openjdk-amd64/lib/libjimage.so
7ff25ef15000-7ff25ef16000 rw-p 00005000 08:05 1044718                    /usr/lib/jvm/java-11-openjdk-amd64/lib/libjimage.so
7ff25ef16000-7ff25ef1d000 r-xp 00000000 08:05 1062049                    /usr/lib/jvm/java-11-openjdk-amd64/lib/libzip.so
7ff25ef1d000-7ff25f11c000 ---p 00007000 08:05 1062049                    /usr/lib/jvm/java-11-openjdk-amd64/lib/libzip.so
7ff25f11c000-7ff25f11d000 r--p 00006000 08:05 1062049                    /usr/lib/jvm/java-11-openjdk-amd64/lib/libzip.so
7ff25f11d000-7ff25f11e000 rw-p 00007000 08:05 1062049                    /usr/lib/jvm/java-11-openjdk-amd64/lib/libzip.so
7ff25f11e000-7ff25f129000 r-xp 00000000 08:05 919743                     /lib/x86_64-linux-gnu/libnss_files-2.27.so
7ff25f129000-7ff25f328000 ---p 0000b000 08:05 919743                     /lib/x86_64-linux-gnu/libnss_files-2.27.so
7ff25f328000-7ff25f329000 r--p 0000a000 08:05 919743                     /lib/x86_64-linux-gnu/libnss_files-2.27.so
7ff25f329000-7ff25f32a000 rw-p 0000b000 08:05 919743                     /lib/x86_64-linux-gnu/libnss_files-2.27.so
7ff25f32a000-7ff25f330000 rw-p 00000000 00:00 0 
7ff25f330000-7ff25f347000 r-xp 00000000 08:05 919737                     /lib/x86_64-linux-gnu/libnsl-2.27.so
7ff25f347000-7ff25f546000 ---p 00017000 08:05 919737                     /lib/x86_64-linux-gnu/libnsl-2.27.so
7ff25f546000-7ff25f547000 r--p 00016000 08:05 919737                     /lib/x86_64-linux-gnu/libnsl-2.27.so
7ff25f547000-7ff25f548000 rw-p 00017000 08:05 919737                     /lib/x86_64-linux-gnu/libnsl-2.27.so
7ff25f548000-7ff25f54a000 rw-p 00000000 00:00 0 
7ff25f54a000-7ff25f555000 r-xp 00000000 08:05 919754                     /lib/x86_64-linux-gnu/libnss_nis-2.27.so
7ff25f555000-7ff25f754000 ---p 0000b000 08:05 919754                     /lib/x86_64-linux-gnu/libnss_nis-2.27.so
7ff25f754000-7ff25f755000 r--p 0000a000 08:05 919754                     /lib/x86_64-linux-gnu/libnss_nis-2.27.so
7ff25f755000-7ff25f756000 rw-p 0000b000 08:05 919754                     /lib/x86_64-linux-gnu/libnss_nis-2.27.so
7ff25f756000-7ff25f75e000 r-xp 00000000 08:05 919739                     /lib/x86_64-linux-gnu/libnss_compat-2.27.so
7ff25f75e000-7ff25f95e000 ---p 00008000 08:05 919739                     /lib/x86_64-linux-gnu/libnss_compat-2.27.so
7ff25f95e000-7ff25f95f000 r--p 00008000 08:05 919739                     /lib/x86_64-linux-gnu/libnss_compat-2.27.so
7ff25f95f000-7ff25f960000 rw-p 00009000 08:05 919739                     /lib/x86_64-linux-gnu/libnss_compat-2.27.so
7ff25f960000-7ff25f98c000 r-xp 00000000 08:05 1044714                    /usr/lib/jvm/java-11-openjdk-amd64/lib/libjava.so
7ff25f98c000-7ff25fb8b000 ---p 0002c000 08:05 1044714                    /usr/lib/jvm/java-11-openjdk-amd64/lib/libjava.so
7ff25fb8b000-7ff25fb8c000 r--p 0002b000 08:05 1044714                    /usr/lib/jvm/java-11-openjdk-amd64/lib/libjava.so
7ff25fb8c000-7ff25fb8e000 rw-p 0002c000 08:05 1044714                    /usr/lib/jvm/java-11-openjdk-amd64/lib/libjava.so
7ff25fb8e000-7ff25fb9b000 r-xp 00000000 08:05 1062045                    /usr/lib/jvm/java-11-openjdk-amd64/lib/libverify.so
7ff25fb9b000-7ff25fd9a000 ---p 0000d000 08:05 1062045                    /usr/lib/jvm/java-11-openjdk-amd64/lib/libverify.so
7ff25fd9a000-7ff25fd9c000 r--p 0000c000 08:05 1062045                    /usr/lib/jvm/java-11-openjdk-amd64/lib/libverify.so
7ff25fd9c000-7ff25fd9d000 rw-p 0000e000 08:05 1062045                    /usr/lib/jvm/java-11-openjdk-amd64/lib/libverify.so
7ff25fd9d000-7ff25fda4000 r-xp 00000000 08:05 919794                     /lib/x86_64-linux-gnu/librt-2.27.so
7ff25fda4000-7ff25ffa3000 ---p 00007000 08:05 919794                     /lib/x86_64-linux-gnu/librt-2.27.so
7ff25ffa3000-7ff25ffa4000 r--p 00006000 08:05 919794                     /lib/x86_64-linux-gnu/librt-2.27.so
7ff25ffa4000-7ff25ffa5000 rw-p 00007000 08:05 919794                     /lib/x86_64-linux-gnu/librt-2.27.so
7ff25ffa5000-7ff25ffbc000 r-xp 00000000 08:05 913937                     /lib/x86_64-linux-gnu/libgcc_s.so.1
7ff25ffbc000-7ff2601bb000 ---p 00017000 08:05 913937                     /lib/x86_64-linux-gnu/libgcc_s.so.1
7ff2601bb000-7ff2601bc000 r--p 00016000 08:05 913937                     /lib/x86_64-linux-gnu/libgcc_s.so.1
7ff2601bc000-7ff2601bd000 rw-p 00017000 08:05 913937                     /lib/x86_64-linux-gnu/libgcc_s.so.1
7ff2601bd000-7ff26035a000 r-xp 00000000 08:05 919716                     /lib/x86_64-linux-gnu/libm-2.27.so
7ff26035a000-7ff260559000 ---p 0019d000 08:05 919716                     /lib/x86_64-linux-gnu/libm-2.27.so
7ff260559000-7ff26055a000 r--p 0019c000 08:05 919716                     /lib/x86_64-linux-gnu/libm-2.27.so
7ff26055a000-7ff26055b000 rw-p 0019d000 08:05 919716                     /lib/x86_64-linux-gnu/libm-2.27.so
7ff26055b000-7ff2606d4000 r-xp 00000000 08:05 261187                     /usr/lib/x86_64-linux-gnu/libstdc++.so.6.0.25
7ff2606d4000-7ff2608d4000 ---p 00179000 08:05 261187                     /usr/lib/x86_64-linux-gnu/libstdc++.so.6.0.25
7ff2608d4000-7ff2608de000 r--p 00179000 08:05 261187                     /usr/lib/x86_64-linux-gnu/libstdc++.so.6.0.25
7ff2608de000-7ff2608e0000 rw-p 00183000 08:05 261187                     /usr/lib/x86_64-linux-gnu/libstdc++.so.6.0.25
7ff2608e0000-7ff2608e4000 rw-p 00000000 00:00 0 
7ff2608e4000-7ff261881000 r-xp 00000000 08:05 1062065                    /usr/lib/jvm/java-11-openjdk-amd64/lib/server/libjvm.so
7ff261881000-7ff261a81000 ---p 00f9d000 08:05 1062065                    /usr/lib/jvm/java-11-openjdk-amd64/lib/server/libjvm.so
7ff261a81000-7ff261b45000 r--p 00f9d000 08:05 1062065                    /usr/lib/jvm/java-11-openjdk-amd64/lib/server/libjvm.so
7ff261b45000-7ff261b7d000 rw-p 01061000 08:05 1062065                    /usr/lib/jvm/java-11-openjdk-amd64/lib/server/libjvm.so
7ff261b7d000-7ff261bc6000 rw-p 00000000 00:00 0 
7ff261bc6000-7ff261be0000 r-xp 00000000 08:05 919786                     /lib/x86_64-linux-gnu/libpthread-2.27.so
7ff261be0000-7ff261ddf000 ---p 0001a000 08:05 919786                     /lib/x86_64-linux-gnu/libpthread-2.27.so
7ff261ddf000-7ff261de0000 r--p 00019000 08:05 919786                     /lib/x86_64-linux-gnu/libpthread-2.27.so
7ff261de0000-7ff261de1000 rw-p 0001a000 08:05 919786                     /lib/x86_64-linux-gnu/libpthread-2.27.so
7ff261de1000-7ff261de5000 rw-p 00000000 00:00 0 
7ff261de5000-7ff261de8000 r-xp 00000000 08:05 919676                     /lib/x86_64-linux-gnu/libdl-2.27.so
7ff261de8000-7ff261fe7000 ---p 00003000 08:05 919676                     /lib/x86_64-linux-gnu/libdl-2.27.so
7ff261fe7000-7ff261fe8000 r--p 00002000 08:05 919676                     /lib/x86_64-linux-gnu/libdl-2.27.so
7ff261fe8000-7ff261fe9000 rw-p 00003000 08:05 919676                     /lib/x86_64-linux-gnu/libdl-2.27.so
7ff261fe9000-7ff262005000 r-xp 00000000 08:05 919825                     /lib/x86_64-linux-gnu/libz.so.1.2.11
7ff262005000-7ff262204000 ---p 0001c000 08:05 919825                     /lib/x86_64-linux-gnu/libz.so.1.2.11
7ff262204000-7ff262205000 r--p 0001b000 08:05 919825                     /lib/x86_64-linux-gnu/libz.so.1.2.11
7ff262205000-7ff262206000 rw-p 0001c000 08:05 919825                     /lib/x86_64-linux-gnu/libz.so.1.2.11
7ff262206000-7ff2623ed000 r-xp 00000000 08:05 919653                     /lib/x86_64-linux-gnu/libc-2.27.so
7ff2623ed000-7ff2625ed000 ---p 001e7000 08:05 919653                     /lib/x86_64-linux-gnu/libc-2.27.so
7ff2625ed000-7ff2625f1000 r--p 001e7000 08:05 919653                     /lib/x86_64-linux-gnu/libc-2.27.so
7ff2625f1000-7ff2625f3000 rw-p 001eb000 08:05 919653                     /lib/x86_64-linux-gnu/libc-2.27.so
7ff2625f3000-7ff2625f7000 rw-p 00000000 00:00 0 
7ff2625f7000-7ff262606000 r-xp 00000000 08:05 1044697                    /usr/lib/jvm/java-11-openjdk-amd64/lib/jli/libjli.so
7ff262606000-7ff262805000 ---p 0000f000 08:05 1044697                    /usr/lib/jvm/java-11-openjdk-amd64/lib/jli/libjli.so
7ff262805000-7ff262806000 r--p 0000e000 08:05 1044697                    /usr/lib/jvm/java-11-openjdk-amd64/lib/jli/libjli.so
7ff262806000-7ff262807000 rw-p 0000f000 08:05 1044697                    /usr/lib/jvm/java-11-openjdk-amd64/lib/jli/libjli.so
7ff262807000-7ff26282e000 r-xp 00000000 08:05 919625                     /lib/x86_64-linux-gnu/ld-2.27.so
7ff26282e000-7ff26282f000 r--s 00000000 08:05 1192430                    /var/cache/fontconfig/49f0de54bdd920fe4f0dfd4cbac43e6b-le64.cache-7
7ff26282f000-7ff262830000 r--s 00000000 08:05 1192477                    /var/cache/fontconfig/f6e6e0a5c3d2f6ae0c0c2e0ecd42a997-le64.cache-7
7ff262830000-7ff262831000 r--s 00000000 08:05 1192431                    /var/cache/fontconfig/4b2eda6bb976bda485cb2176619421d5-le64.cache-7
7ff262831000-7ff262833000 r--s 00000000 08:05 1192445                    /var/cache/fontconfig/6afa1bb216ce958c1589e297e8008489-le64.cache-7
7ff262833000-7ff262836000 r--s 00000000 08:05 1206699                    /var/cache/fontconfig/16326683038b281783a0ef8c680e3a10-le64.cache-7
7ff26284e000-7ff262853000 r--p 00000000 08:07 2894373                    /home/christoph/.config/dconf/user (deleted)
7ff262853000-7ff262910000 rw-p 00000000 00:00 0 
7ff262910000-7ff262914000 ---p 00000000 00:00 0 
7ff262914000-7ff262a13000 rw-p 00000000 00:00 0 
7ff262a13000-7ff262a14000 r--s 00000000 08:05 1206695                    /var/cache/fontconfig/e0aa53bcfa504e64f87823c16bc01eb6-le64.cache-7
7ff262a14000-7ff262a15000 r--s 00000000 00:33 35                         /run/user/1000/dconf/user (deleted)
7ff262a15000-7ff262a1b000 rw-p 00000000 00:00 0 
7ff262a1b000-7ff262a22000 ---p 00000000 00:00 0 
7ff262a22000-7ff262a2a000 rw-s 00000000 08:05 130611                     /tmp/hsperfdata_christoph/11670
7ff262a2a000-7ff262a2b000 ---p 00000000 00:00 0 
7ff262a2b000-7ff262a2c000 r--p 00000000 00:00 0 
7ff262a2c000-7ff262a2e000 rw-p 00000000 00:00 0 
7ff262a2e000-7ff262a2f000 r--p 00027000 08:05 919625                     /lib/x86_64-linux-gnu/ld-2.27.so
7ff262a2f000-7ff262a30000 rw-p 00028000 08:05 919625                     /lib/x86_64-linux-gnu/ld-2.27.so
7ff262a30000-7ff262a31000 rw-p 00000000 00:00 0 
7ffec0400000-7ffec0421000 rw-p 00000000 00:00 0                          [stack]
7ffec0500000-7ffec0503000 r--p 00000000 00:00 0                          [vvar]
7ffec0503000-7ffec0505000 r-xp 00000000 00:00 0                          [vdso]
ffffffffff600000-ffffffffff601000 r-xp 00000000 00:00 0                  [vsyscall]


VM Arguments:
jvm_args: -Dfile.encoding=UTF-8 
java_command: Controllers.TRECController
java_class_path (initial): /home/christoph/Uni/OAD/OAD-2018-2019/Ass2/UI-Prototyp:/home/christoph/Uni/OAD/OAD-2018-2019/Ass2/UI-Prototyp/lib/antlr-2.7.7.jar:/home/christoph/Uni/OAD/OAD-2018-2019/Ass2/UI-Prototyp/lib/byte-buddy-1.8.17.jar:/home/christoph/Uni/OAD/OAD-2018-2019/Ass2/UI-Prototyp/lib/classmate-1.3.4.jar:/home/christoph/Uni/OAD/OAD-2018-2019/Ass2/UI-Prototyp/lib/dom4j-2.1.1.jar:/home/christoph/Uni/OAD/OAD-2018-2019/Ass2/UI-Prototyp/lib/hibernate-commons-annotations-5.0.4.Final.jar:/home/christoph/Uni/OAD/OAD-2018-2019/Ass2/UI-Prototyp/lib/hibernate-core-5.3.7.Final.jar:/home/christoph/Uni/OAD/OAD-2018-2019/Ass2/UI-Prototyp/lib/jandex-2.0.5.Final.jar:/home/christoph/Uni/OAD/OAD-2018-2019/Ass2/UI-Prototyp/lib/javassist-3.23.1-GA.jar:/home/christoph/Uni/OAD/OAD-2018-2019/Ass2/UI-Prototyp/lib/javax.activation-api-1.2.0.jar:/home/christoph/Uni/OAD/OAD-2018-2019/Ass2/UI-Prototyp/lib/javax.persistence-api-2.2.jar:/home/christoph/Uni/OAD/OAD-2018-2019/Ass2/UI-Prototyp/lib/jboss-logging-3.3.2.Final.jar:/home/christoph/Uni/OAD/OAD-2018-2019/Ass2/UI-Prototyp/lib/jboss-transaction-api_1.2_spec-1.1.1.Final.jar:/home/christoph/Uni/OAD/OAD-2018-2019/Ass2/UI-Prototyp/lib/mysql-connector-java-8.0.13.jar:/home/christoph/Uni/OAD/OAD-2018-2019/Ass2/UI-Prototyp/lib/javax.activation-1.2.0.jar:/home/christoph/Uni/OAD/OAD-2018-2019/Ass2/UI-Prototyp/lib/jaxb-api-2.3.0.jar:/home/christoph/Uni/OAD/OAD-2018-2019/Ass2/UI-Prototyp/lib/jaxb-core-2.3.0.jar:/home/christoph/Uni/OAD/OAD-2018-2019/Ass2/UI-Prototyp/lib/jaxb-impl-2.3.0.jar
Launcher Type: SUN_STANDARD

Logging:
Log output configuration:
#0: stdout all=warning uptime,level,tags
#1: stderr all=off uptime,level,tags

Environment Variables:
PATH=/home/christoph/.local/bin:/usr/local/sbin:/usr/local/bin:/usr/sbin:/usr/bin:/sbin:/bin:/usr/games:/usr/local/games:/snap/bin
USERNAME=christoph
SHELL=/bin/bash
DISPLAY=:0

Signal Handlers:
SIGSEGV: [libjvm.so+0xd28b70], sa_mask[0]=11111111011111111101111111111110, sa_flags=SA_RESTART|SA_SIGINFO
SIGBUS: [libjvm.so+0xd28b70], sa_mask[0]=11111111011111111101111111111110, sa_flags=SA_RESTART|SA_SIGINFO
SIGFPE: [libjvm.so+0xd28b70], sa_mask[0]=11111111011111111101111111111110, sa_flags=SA_RESTART|SA_SIGINFO
SIGPIPE: SIG_IGN, sa_mask[0]=00000000000010000000000000000000, sa_flags=SA_RESTART
SIGXFSZ: [libjvm.so+0xb2a1f0], sa_mask[0]=11111111011111111101111111111110, sa_flags=SA_RESTART|SA_SIGINFO
SIGILL: [libjvm.so+0xd28b70], sa_mask[0]=11111111011111111101111111111110, sa_flags=SA_RESTART|SA_SIGINFO
SIGUSR2: [libjvm.so+0xb2a030], sa_mask[0]=00100000000000000000000000000000, sa_flags=SA_RESTART|SA_SIGINFO
SIGHUP: [libjvm.so+0xb2a180], sa_mask[0]=11111111011111111101111111111110, sa_flags=SA_RESTART|SA_SIGINFO
SIGINT: [libjvm.so+0xb2a180], sa_mask[0]=11111111011111111101111111111110, sa_flags=SA_RESTART|SA_SIGINFO
SIGTERM: [libjvm.so+0xb2a180], sa_mask[0]=11111111011111111101111111111110, sa_flags=SA_RESTART|SA_SIGINFO
SIGQUIT: [libjvm.so+0xb2a180], sa_mask[0]=11111111011111111101111111111110, sa_flags=SA_RESTART|SA_SIGINFO


---------------  S Y S T E M  ---------------

OS:DISTRIB_ID=Ubuntu
DISTRIB_RELEASE=18.04
DISTRIB_CODENAME=bionic
DISTRIB_DESCRIPTION="Ubuntu 18.04.1 LTS"
uname:Linux 4.15.0-43-generic #46-Ubuntu SMP Thu Dec 6 14:45:28 UTC 2018 x86_64
libc:glibc 2.27 NPTL 2.27 
rlimit: STACK 8192k, CORE 0k, NPROC 30905, NOFILE 4096, AS infinity, DATA infinity, FSIZE infinity
load average:1,35 1,66 1,63

/proc/meminfo:
MemTotal:        8029488 kB
MemFree:         2558160 kB
MemAvailable:    2764264 kB
Buffers:           33000 kB
Cached:           502720 kB
SwapCached:        54936 kB
Active:          4195732 kB
Inactive:        1010592 kB
Active(anon):    4003096 kB
Inactive(anon):   795652 kB
Active(file):     192636 kB
Inactive(file):   214940 kB
Unevictable:          32 kB
Mlocked:              32 kB
SwapTotal:       3906556 kB
SwapFree:         519612 kB
Dirty:              2996 kB
Writeback:             0 kB
AnonPages:       4616252 kB
Mapped:           202120 kB
Shmem:            128000 kB
Slab:             116640 kB
SReclaimable:      45532 kB
SUnreclaim:        71108 kB
KernelStack:       28688 kB
PageTables:        53692 kB
NFS_Unstable:          0 kB
Bounce:                0 kB
WritebackTmp:          0 kB
CommitLimit:     7921300 kB
Committed_AS:   14156656 kB
VmallocTotal:   34359738367 kB
VmallocUsed:           0 kB
VmallocChunk:          0 kB
HardwareCorrupted:     0 kB
AnonHugePages:         0 kB
ShmemHugePages:        0 kB
ShmemPmdMapped:        0 kB
CmaTotal:              0 kB
CmaFree:               0 kB
HugePages_Total:       0
HugePages_Free:        0
HugePages_Rsvd:        0
HugePages_Surp:        0
Hugepagesize:       2048 kB
DirectMap4k:      187796 kB
DirectMap2M:     7014400 kB
DirectMap1G:     1048576 kB

container (cgroup) information:
container_type: cgroupv1
cpu_cpuset_cpus: 0-3
cpu_memory_nodes: 0
active_processor_count: 4
cpu_quota: -1
cpu_period: 100000
cpu_shares: -1
memory_limit_in_bytes: -1
memory_and_swap_limit_in_bytes: -2
memory_soft_limit_in_bytes: -1
memory_usage_in_bytes: 5279825920
memory_max_usage_in_bytes: 0


CPU:total 4 (initial active 4) (2 cores per cpu, 2 threads per core) family 6 model 78 stepping 3, cmov, cx8, fxsr, mmx, sse, sse2, sse3, ssse3, sse4.1, sse4.2, popcnt, avx, avx2, aes, clmul, erms, 3dnowpref, lzcnt, ht, tsc, tscinvbit, bmi1, bmi2, adx, fma
CPU Model and flags from /proc/cpuinfo:
model name	: Intel(R) Core(TM) i5-6200U CPU @ 2.30GHz
flags		: fpu vme de pse tsc msr pae mce cx8 apic sep mtrr pge mca cmov pat pse36 clflush dts acpi mmx fxsr sse sse2 ss ht tm pbe syscall nx pdpe1gb rdtscp lm constant_tsc art arch_perfmon pebs bts rep_good nopl xtopology nonstop_tsc cpuid aperfmperf tsc_known_freq pni pclmulqdq dtes64 monitor ds_cpl vmx est tm2 ssse3 sdbg fma cx16 xtpr pdcm pcid sse4_1 sse4_2 x2apic movbe popcnt tsc_deadline_timer aes xsave avx f16c rdrand lahf_lm abm 3dnowprefetch cpuid_fault epb invpcid_single pti ssbd ibrs ibpb stibp tpr_shadow vnmi flexpriority ept vpid fsgsbase tsc_adjust bmi1 avx2 smep bmi2 erms invpcid mpx rdseed adx smap clflushopt intel_pt xsaveopt xsavec xgetbv1 xsaves dtherm ida arat pln pts hwp hwp_notify hwp_act_window hwp_epp flush_l1d

Memory: 4k page, physical 8029488k(2557664k free), swap 3906556k(519660k free)

vm_info: OpenJDK 64-Bit Server VM (10.0.2+13-Ubuntu-1ubuntu0.18.04.4) for linux-amd64 JRE (10.0.2+13-Ubuntu-1ubuntu0.18.04.4), built on Nov 13 2018 12:53:39 by "buildd" with gcc 7.3.0

END.
