#
# A fatal error has been detected by the Java Runtime Environment:
#
#  SIGSEGV (0xb) at pc=0x00007fd047b7fb1e, pid=14145, tid=14181
#
# JRE version: OpenJDK Runtime Environment (10.0.2+13) (build 10.0.2+13-Ubuntu-1ubuntu0.18.04.4)
# Java VM: OpenJDK 64-Bit Server VM (10.0.2+13-Ubuntu-1ubuntu0.18.04.4, mixed mode, tiered, compressed oops, g1 gc, linux-amd64)
# Problematic frame:
# v  ~BufferBlob::jni_fast_GetLongField
#
# Core dump will be written. Default location: Core dumps may be processed with "/usr/share/apport/apport %p %s %c %d %P" (or dumping to /home/christoph/Uni/OAD/OAD-2018-2019/Ass2/UI-Prototyp/core.14145)
#
# If you would like to submit a bug report, please visit:
#   http://bugreport.java.com/bugreport/crash.jsp
# The crash happened outside the Java Virtual Machine in native code.
# See problematic frame for where to report the bug.
#

---------------  S U M M A R Y ------------

Command Line: -Dfile.encoding=UTF-8 Controllers.TRECController

Host: Intel(R) Core(TM) i5-6200U CPU @ 2.30GHz, 4 cores, 7G, Ubuntu 18.04.1 LTS
Time: Thu Jan 24 23:40:27 2019 CET elapsed time: 9766 seconds (0d 2h 42m 46s)

---------------  T H R E A D  ---------------

Current thread (0x00007fd060405000):  JavaThread "AWT-XAWT" daemon [_thread_in_native, id=14181, stack(0x00007fcfe80e2000,0x00007fcfe81e3000)]

Stack: [0x00007fcfe80e2000,0x00007fcfe81e3000],  sp=0x00007fcfe81e1878,  free space=1022k
Native frames: (J=compiled Java code, A=aot compiled Java code, j=interpreted, Vv=VM code, C=native code)
v  ~BufferBlob::jni_fast_GetLongField
C  [libX11.so.6+0x64b1d]  _XimServerDestroy+0x3d

Java frames: (J=compiled Java code, j=interpreted, Vv=VM code)
J 1693  sun.awt.X11.XlibWrapper.XFilterEvent(JJ)Z java.desktop@10.0.2 (0 bytes) @ 0x00007fd04f68ac84 [0x00007fd04f68ac40+0x0000000000000044]
j  sun.awt.X11.XToolkit.run(Z)V+287 java.desktop@10.0.2
j  sun.awt.X11.XToolkit.run()V+5 java.desktop@10.0.2
j  java.lang.Thread.run()V+11 java.base@10.0.2
v  ~StubRoutines::call_stub

siginfo: si_signo: 11 (SIGSEGV), si_code: 1 (SEGV_MAPERR), si_addr: 0x0000000000000000

Register to memory mapping:

RAX=0x00007fd069841a80: <offset 0x0000000001274a80> in /usr/lib/jvm/java-11-openjdk-amd64/lib/server/libjvm.so at 0x00007fd0685cd000
RBX=0x00007fd060405200 is an unknown value
RCX=0x0000000000000000 is pointing into the stack for thread: 0x00007fd008001000
RDX=0x0000000000000042 is an unknown value
RSP=0x00007fcfe81e1878 is pointing into the stack for thread: 0x00007fd060405000
RBP=0x00007fcfe81e18a0 is pointing into the stack for thread: 0x00007fd060405000
RSI=0x0000000000000000 is pointing into the stack for thread: 0x00007fd008001000
RDI=0x00007fd060405200 is an unknown value
R8 =0x00007fcfeb8ae9b0: <offset 0x000000000005c9b0> in /usr/lib/x86_64-linux-gnu/libX11.so.6 at 0x00007fcfeb852000
R9 =0x0000000000000000 is pointing into the stack for thread: 0x00007fd008001000
R10=0x0000000000000282 is an unknown value
R11=0x00007fd04f68ac58 is at entry_point+24 in (nmethod*)0x00007fd04f68aa90
R12=0x0000000000000000 is pointing into the stack for thread: 0x00007fd008001000
R13=0x0000000000000000 is pointing into the stack for thread: 0x00007fd008001000
R14=0x00007fcfebfff5c0: <offset 0x00000000002635c0> in /usr/lib/jvm/java-11-openjdk-amd64/lib/libawt_xawt.so at 0x00007fcfebd9c000
R15=0x00007fd060405000 is a thread


Registers:
RAX=0x00007fd069841a80, RBX=0x00007fd060405200, RCX=0x0000000000000000, RDX=0x0000000000000042
RSP=0x00007fcfe81e1878, RBP=0x00007fcfe81e18a0, RSI=0x0000000000000000, RDI=0x00007fd060405200
R8 =0x00007fcfeb8ae9b0, R9 =0x0000000000000000, R10=0x0000000000000282, R11=0x00007fd04f68ac58
R12=0x0000000000000000, R13=0x0000000000000000, R14=0x00007fcfebfff5c0, R15=0x00007fd060405000
RIP=0x00007fd047b7fb1e, EFLAGS=0x0000000000010246, CSGSFS=0x002b000000000033, ERR=0x0000000000000004
  TRAPNO=0x000000000000000e

Top of Stack: (sp=0x00007fcfe81e1878)
0x00007fcfe81e1878:   00007fcfebdd31d4 00007fd0648bb4d0
0x00007fcfe81e1888:   0000000000000000 00007fcfe81e1948
0x00007fcfe81e1898:   00007fcfe81e1920 00007fcfc809fff0
0x00007fcfe81e18a8:   00007fcfeb8b6b1d 00007fd0648bb4d0 

Instructions: (pc=0x00007fd047b7fb1e)
0x00007fd047b7fafe:   00 00 44 8b 15 7d d8 d0 21 4c 8b ce 41 f6 c2 01
0x00007fd047b7fb0e:   0f 85 32 00 00 00 4d 33 ca 4d 33 ca 49 83 e1 fe
0x00007fd047b7fb1e:   4d 8b 09 4c 8b da 49 c1 eb 02 4b 8b 04 19 49 bb
0x00007fd047b7fb2e:   84 d3 88 69 d0 7f 00 00 4c 33 d8 4c 33 d8 45 3b 



---------------  P R O C E S S  ---------------

Threads class SMR info:
_java_thread_list=0x00007fcfc4000b20, length=17, elements={
0x00007fd060132000, 0x00007fd060134000, 0x00007fd060146800, 0x00007fd060148800,
0x00007fd06014a800, 0x00007fd06014c800, 0x00007fd06014e800, 0x00007fd0601d3800,
0x00007fd0601e6800, 0x00007fd0603d7800, 0x00007fd060405000, 0x00007fd060012000,
0x00007fcfc80b1000, 0x00007fcfc8418800, 0x00007fcfc843d000, 0x00007fd008001000,
0x00007fd008002000
}

Java Threads: ( => current thread )
  0x00007fd060132000 JavaThread "Reference Handler" daemon [_thread_blocked, id=14165, stack(0x00007fd045a7a000,0x00007fd045b7b000)]
  0x00007fd060134000 JavaThread "Finalizer" daemon [_thread_blocked, id=14166, stack(0x00007fd045979000,0x00007fd045a7a000)]
  0x00007fd060146800 JavaThread "Signal Dispatcher" daemon [_thread_blocked, id=14167, stack(0x00007fd044ea9000,0x00007fd044faa000)]
  0x00007fd060148800 JavaThread "C2 CompilerThread0" daemon [_thread_blocked, id=14168, stack(0x00007fd044da8000,0x00007fd044ea9000)]
  0x00007fd06014a800 JavaThread "C2 CompilerThread1" daemon [_thread_blocked, id=14169, stack(0x00007fd044ca7000,0x00007fd044da8000)]
  0x00007fd06014c800 JavaThread "C1 CompilerThread2" daemon [_thread_blocked, id=14170, stack(0x00007fd044ba6000,0x00007fd044ca7000)]
  0x00007fd06014e800 JavaThread "Sweeper thread" daemon [_thread_blocked, id=14171, stack(0x00007fd044aa5000,0x00007fd044ba6000)]
  0x00007fd0601d3800 JavaThread "Service Thread" daemon [_thread_blocked, id=14173, stack(0x00007fd0449a4000,0x00007fd044aa5000)]
  0x00007fd0601e6800 JavaThread "Common-Cleaner" daemon [_thread_blocked, id=14175, stack(0x00007fd0447a1000,0x00007fd0448a2000)]
  0x00007fd0603d7800 JavaThread "Java2D Disposer" daemon [_thread_blocked, id=14180, stack(0x00007fd034057000,0x00007fd034158000)]
=>0x00007fd060405000 JavaThread "AWT-XAWT" daemon [_thread_in_native, id=14181, stack(0x00007fcfe80e2000,0x00007fcfe81e3000)]
  0x00007fd060012000 JavaThread "DestroyJavaVM" [_thread_blocked, id=14152, stack(0x00007fd06a5f9000,0x00007fd06a6fa000)]
  0x00007fcfc80b1000 JavaThread "TimerQueue" daemon [_thread_blocked, id=14184, stack(0x00007fcfe1aea000,0x00007fcfe1beb000)]
  0x00007fcfc8418800 JavaThread "Abandoned connection cleanup thread" daemon [_thread_blocked, id=14186, stack(0x00007fcfe19e9000,0x00007fcfe1aea000)]
  0x00007fcfc843d000 JavaThread "pool-1-thread-1" [_thread_blocked, id=14188, stack(0x00007fcfe06c3000,0x00007fcfe07c4000)]
  0x00007fd008001000 JavaThread "SIGTERM handler" daemon [_thread_blocked, id=20663, stack(0x00007fcfe1deb000,0x00007fcfe1eec000)]
  0x00007fd008002000 JavaThread "SIGTERM handler" daemon [_thread_in_Java, id=20691, stack(0x00007fcfe1eec000,0x00007fcfe1fed000)]

Other Threads:
  0x00007fd060128000 VMThread "VM Thread" [stack: 0x00007fd045b7d000,0x00007fd045c7d000] [id=14164]
  0x00007fd0601d6000 WatcherThread [stack: 0x00007fd0448a4000,0x00007fd0449a4000] [id=14174]
  0x00007fd060028800 GCTaskThread "GC Thread#0" [stack: 0x00007fd066723000,0x00007fd066823000] [id=14153]
  0x00007fd06002a000 GCTaskThread "GC Thread#1" [stack: 0x00007fd066621000,0x00007fd066721000] [id=14154]
  0x00007fd06002b800 GCTaskThread "GC Thread#2" [stack: 0x00007fd06651f000,0x00007fd06661f000] [id=14155]
  0x00007fd06002d800 GCTaskThread "GC Thread#3" [stack: 0x00007fd06641d000,0x00007fd06651d000] [id=14156]
  0x00007fd060056800 ConcurrentGCThread "G1 Main Marker" [stack: 0x00007fd065398000,0x00007fd065498000] [id=14157]
  0x00007fd060058800 ConcurrentGCThread "G1 Conc#0" [stack: 0x00007fd065296000,0x00007fd065396000] [id=14158]
  0x00007fd0600c0000 ConcurrentGCThread "G1 Refine#0" [stack: 0x00007fd064d90000,0x00007fd064e90000] [id=14159]
  0x00007fd0600c2000 ConcurrentGCThread "G1 Refine#1" [stack: 0x00007fd064c8e000,0x00007fd064d8e000] [id=14160]
  0x00007fd0600c3800 ConcurrentGCThread "G1 Refine#2" [stack: 0x00007fd064b8c000,0x00007fd064c8c000] [id=14161]
  0x00007fd0600c5800 ConcurrentGCThread "G1 Refine#3" [stack: 0x00007fd064a8a000,0x00007fd064b8a000] [id=14162]
  0x00007fd0600c7000 ConcurrentGCThread "G1 Young RemSet Sampling" [stack: 0x00007fd064988000,0x00007fd064a88000] [id=14163]

Threads with active compile tasks:

VM state:not at safepoint (normal execution)

VM Mutex/Monitor currently owned by a thread: None

Heap address: 0x0000000085600000, size: 1962 MB, Compressed Oops mode: 32-bit
Narrow klass base: 0x0000000000000000, Narrow klass shift: 3
Compressed class space size: 1073741824 Address: 0x0000000100000000

Heap:
 garbage-first heap   total 126976K, used 37243K [0x0000000085600000, 0x0000000100000000)
  region size 1024K, 28 young (28672K), 3 survivors (3072K)
 Metaspace       used 50884K, capacity 51821K, committed 52096K, reserved 1095680K
  class space    used 5887K, capacity 6266K, committed 6272K, reserved 1048576K
Heap Regions: E=young(eden), S=young(survivor), O=old, HS=humongous(starts), HC=humongous(continues), CS=collection set, F=free, A=archive, TS=gc time stamp, AC=allocation context, TAMS=top-at-mark-start (previous, next)
|   0|0x0000000085600000, 0x0000000085700000, 0x0000000085700000|100%|HS|  |TS  0|AC  0|TAMS 0x0000000085700000, 0x0000000085700000|
|   1|0x0000000085700000, 0x0000000085800000, 0x0000000085800000|100%| O|  |TS  0|AC  0|TAMS 0x0000000085800000, 0x0000000085800000|
|   2|0x0000000085800000, 0x0000000085900000, 0x0000000085900000|100%| O|  |TS  0|AC  0|TAMS 0x0000000085900000, 0x0000000085900000|
|   3|0x0000000085900000, 0x0000000085a00000, 0x0000000085a00000|100%| O|  |TS  0|AC  0|TAMS 0x0000000085a00000, 0x0000000085a00000|
|   4|0x0000000085a00000, 0x0000000085b00000, 0x0000000085b00000|100%| O|  |TS  1|AC  0|TAMS 0x0000000085a40200, 0x0000000085a40200|
|   5|0x0000000085b00000, 0x0000000085c00000, 0x0000000085c00000|100%| O|  |TS  1|AC  0|TAMS 0x0000000085b00000, 0x0000000085b00000|
|   6|0x0000000085c00000, 0x0000000085d00000, 0x0000000085d00000|100%| O|  |TS  1|AC  0|TAMS 0x0000000085c00000, 0x0000000085c00000|
|   7|0x0000000085d00000, 0x0000000085e00000, 0x0000000085e00000|100%| O|  |TS  1|AC  0|TAMS 0x0000000085d00000, 0x0000000085d00000|
|   8|0x0000000085e00000, 0x0000000085f00000, 0x0000000085f00000|100%| O|  |TS  1|AC  0|TAMS 0x0000000085e00000, 0x0000000085e00000|
|   9|0x0000000085f00000, 0x0000000085f5ee00, 0x0000000086000000| 37%| O|  |TS  1|AC  0|TAMS 0x0000000085f00000, 0x0000000085f00000|
|  10|0x0000000086000000, 0x0000000086000000, 0x0000000086100000|  0%| F|  |TS  0|AC  0|TAMS 0x0000000086000000, 0x0000000086000000|
|  11|0x0000000086100000, 0x0000000086100000, 0x0000000086200000|  0%| F|  |TS  0|AC  0|TAMS 0x0000000086100000, 0x0000000086100000|
|  12|0x0000000086200000, 0x0000000086200000, 0x0000000086300000|  0%| F|  |TS  0|AC  0|TAMS 0x0000000086200000, 0x0000000086200000|
|  13|0x0000000086300000, 0x0000000086300000, 0x0000000086400000|  0%| F|  |TS  0|AC  0|TAMS 0x0000000086300000, 0x0000000086300000|
|  14|0x0000000086400000, 0x0000000086400000, 0x0000000086500000|  0%| F|  |TS  0|AC  0|TAMS 0x0000000086400000, 0x0000000086400000|
|  15|0x0000000086500000, 0x0000000086500000, 0x0000000086600000|  0%| F|  |TS  0|AC  0|TAMS 0x0000000086500000, 0x0000000086500000|
|  16|0x0000000086600000, 0x0000000086600000, 0x0000000086700000|  0%| F|  |TS  0|AC  0|TAMS 0x0000000086600000, 0x0000000086600000|
|  17|0x0000000086700000, 0x0000000086700000, 0x0000000086800000|  0%| F|  |TS  0|AC  0|TAMS 0x0000000086700000, 0x0000000086700000|
|  18|0x0000000086800000, 0x0000000086800000, 0x0000000086900000|  0%| F|  |TS  0|AC  0|TAMS 0x0000000086800000, 0x0000000086800000|
|  19|0x0000000086900000, 0x0000000086900000, 0x0000000086a00000|  0%| F|  |TS  0|AC  0|TAMS 0x0000000086900000, 0x0000000086900000|
|  20|0x0000000086a00000, 0x0000000086a00000, 0x0000000086b00000|  0%| F|  |TS  0|AC  0|TAMS 0x0000000086a00000, 0x0000000086a00000|
|  21|0x0000000086b00000, 0x0000000086b00000, 0x0000000086c00000|  0%| F|  |TS  0|AC  0|TAMS 0x0000000086b00000, 0x0000000086b00000|
|  22|0x0000000086c00000, 0x0000000086c00000, 0x0000000086d00000|  0%| F|  |TS  0|AC  0|TAMS 0x0000000086c00000, 0x0000000086c00000|
|  23|0x0000000086d00000, 0x0000000086d00000, 0x0000000086e00000|  0%| F|  |TS  0|AC  0|TAMS 0x0000000086d00000, 0x0000000086d00000|
|  24|0x0000000086e00000, 0x0000000086e00000, 0x0000000086f00000|  0%| F|  |TS  0|AC  0|TAMS 0x0000000086e00000, 0x0000000086e00000|
|  25|0x0000000086f00000, 0x0000000086f00000, 0x0000000087000000|  0%| F|  |TS  0|AC  0|TAMS 0x0000000086f00000, 0x0000000086f00000|
|  26|0x0000000087000000, 0x0000000087000000, 0x0000000087100000|  0%| F|  |TS  0|AC  0|TAMS 0x0000000087000000, 0x0000000087000000|
|  27|0x0000000087100000, 0x0000000087100000, 0x0000000087200000|  0%| F|  |TS  0|AC  0|TAMS 0x0000000087100000, 0x0000000087100000|
|  28|0x0000000087200000, 0x0000000087200000, 0x0000000087300000|  0%| F|  |TS  0|AC  0|TAMS 0x0000000087200000, 0x0000000087200000|
|  29|0x0000000087300000, 0x0000000087300000, 0x0000000087400000|  0%| F|  |TS  0|AC  0|TAMS 0x0000000087300000, 0x0000000087300000|
|  30|0x0000000087400000, 0x0000000087400000, 0x0000000087500000|  0%| F|  |TS  0|AC  0|TAMS 0x0000000087400000, 0x0000000087400000|
|  31|0x0000000087500000, 0x0000000087500000, 0x0000000087600000|  0%| F|  |TS  0|AC  0|TAMS 0x0000000087500000, 0x0000000087500000|
|  32|0x0000000087600000, 0x0000000087600000, 0x0000000087700000|  0%| F|  |TS  0|AC  0|TAMS 0x0000000087600000, 0x0000000087600000|
|  33|0x0000000087700000, 0x0000000087700000, 0x0000000087800000|  0%| F|  |TS  0|AC  0|TAMS 0x0000000087700000, 0x0000000087700000|
|  34|0x0000000087800000, 0x0000000087800000, 0x0000000087900000|  0%| F|  |TS  0|AC  0|TAMS 0x0000000087800000, 0x0000000087800000|
|  35|0x0000000087900000, 0x0000000087900000, 0x0000000087a00000|  0%| F|  |TS  0|AC  0|TAMS 0x0000000087900000, 0x0000000087900000|
|  36|0x0000000087a00000, 0x0000000087a00000, 0x0000000087b00000|  0%| F|  |TS  0|AC  0|TAMS 0x0000000087a00000, 0x0000000087a00000|
|  37|0x0000000087b00000, 0x0000000087b00000, 0x0000000087c00000|  0%| F|  |TS  0|AC  0|TAMS 0x0000000087b00000, 0x0000000087b00000|
|  38|0x0000000087c00000, 0x0000000087c00000, 0x0000000087d00000|  0%| F|  |TS  0|AC  0|TAMS 0x0000000087c00000, 0x0000000087c00000|
|  39|0x0000000087d00000, 0x0000000087d00000, 0x0000000087e00000|  0%| F|  |TS  0|AC  0|TAMS 0x0000000087d00000, 0x0000000087d00000|
|  40|0x0000000087e00000, 0x0000000087e00000, 0x0000000087f00000|  0%| F|  |TS  0|AC  0|TAMS 0x0000000087e00000, 0x0000000087e00000|
|  41|0x0000000087f00000, 0x0000000087f00000, 0x0000000088000000|  0%| F|  |TS  0|AC  0|TAMS 0x0000000087f00000, 0x0000000087f00000|
|  42|0x0000000088000000, 0x0000000088000000, 0x0000000088100000|  0%| F|  |TS  0|AC  0|TAMS 0x0000000088000000, 0x0000000088000000|
|  43|0x0000000088100000, 0x0000000088100000, 0x0000000088200000|  0%| F|  |TS  0|AC  0|TAMS 0x0000000088100000, 0x0000000088100000|
|  44|0x0000000088200000, 0x0000000088200000, 0x0000000088300000|  0%| F|  |TS  0|AC  0|TAMS 0x0000000088200000, 0x0000000088200000|
|  45|0x0000000088300000, 0x0000000088300000, 0x0000000088400000|  0%| F|  |TS  0|AC  0|TAMS 0x0000000088300000, 0x0000000088300000|
|  46|0x0000000088400000, 0x0000000088400000, 0x0000000088500000|  0%| F|  |TS  0|AC  0|TAMS 0x0000000088400000, 0x0000000088400000|
|  47|0x0000000088500000, 0x0000000088500000, 0x0000000088600000|  0%| F|  |TS  0|AC  0|TAMS 0x0000000088500000, 0x0000000088500000|
|  48|0x0000000088600000, 0x0000000088600000, 0x0000000088700000|  0%| F|  |TS  0|AC  0|TAMS 0x0000000088600000, 0x0000000088600000|
|  49|0x0000000088700000, 0x0000000088700000, 0x0000000088800000|  0%| F|  |TS  0|AC  0|TAMS 0x0000000088700000, 0x0000000088700000|
|  50|0x0000000088800000, 0x0000000088800000, 0x0000000088900000|  0%| F|  |TS  0|AC  0|TAMS 0x0000000088800000, 0x0000000088800000|
|  51|0x0000000088900000, 0x0000000088900000, 0x0000000088a00000|  0%| F|  |TS  0|AC  0|TAMS 0x0000000088900000, 0x0000000088900000|
|  52|0x0000000088a00000, 0x0000000088a00000, 0x0000000088b00000|  0%| F|  |TS  0|AC  0|TAMS 0x0000000088a00000, 0x0000000088a00000|
|  53|0x0000000088b00000, 0x0000000088b00000, 0x0000000088c00000|  0%| F|  |TS  0|AC  0|TAMS 0x0000000088b00000, 0x0000000088b00000|
|  54|0x0000000088c00000, 0x0000000088c00000, 0x0000000088d00000|  0%| F|  |TS  0|AC  0|TAMS 0x0000000088c00000, 0x0000000088c00000|
|  55|0x0000000088d00000, 0x0000000088d00000, 0x0000000088e00000|  0%| F|  |TS  0|AC  0|TAMS 0x0000000088d00000, 0x0000000088d00000|
|  56|0x0000000088e00000, 0x0000000088e00000, 0x0000000088f00000|  0%| F|  |TS  0|AC  0|TAMS 0x0000000088e00000, 0x0000000088e00000|
|  57|0x0000000088f00000, 0x0000000088f00000, 0x0000000089000000|  0%| F|  |TS  0|AC  0|TAMS 0x0000000088f00000, 0x0000000088f00000|
|  58|0x0000000089000000, 0x0000000089000000, 0x0000000089100000|  0%| F|  |TS  0|AC  0|TAMS 0x0000000089000000, 0x0000000089000000|
|  59|0x0000000089100000, 0x0000000089100000, 0x0000000089200000|  0%| F|  |TS  0|AC  0|TAMS 0x0000000089100000, 0x0000000089100000|
|  60|0x0000000089200000, 0x0000000089200000, 0x0000000089300000|  0%| F|  |TS  0|AC  0|TAMS 0x0000000089200000, 0x0000000089200000|
|  61|0x0000000089300000, 0x0000000089300000, 0x0000000089400000|  0%| F|  |TS  0|AC  0|TAMS 0x0000000089300000, 0x0000000089300000|
|  62|0x0000000089400000, 0x0000000089400000, 0x0000000089500000|  0%| F|  |TS  0|AC  0|TAMS 0x0000000089400000, 0x0000000089400000|
|  63|0x0000000089500000, 0x0000000089500000, 0x0000000089600000|  0%| F|  |TS  0|AC  0|TAMS 0x0000000089500000, 0x0000000089500000|
|  64|0x0000000089600000, 0x0000000089600000, 0x0000000089700000|  0%| F|  |TS  0|AC  0|TAMS 0x0000000089600000, 0x0000000089600000|
|  65|0x0000000089700000, 0x0000000089800000, 0x0000000089800000|100%| S|CS|TS  1|AC  0|TAMS 0x0000000089700000, 0x0000000089700000|
|  66|0x0000000089800000, 0x0000000089900000, 0x0000000089900000|100%| S|CS|TS  1|AC  0|TAMS 0x0000000089800000, 0x0000000089800000|
|  67|0x0000000089900000, 0x0000000089a00000, 0x0000000089a00000|100%| S|CS|TS  1|AC  0|TAMS 0x0000000089900000, 0x0000000089900000|
|  68|0x0000000089a00000, 0x0000000089a00000, 0x0000000089b00000|  0%| F|  |TS  1|AC  0|TAMS 0x0000000089a00000, 0x0000000089a00000|
|  69|0x0000000089b00000, 0x0000000089b00000, 0x0000000089c00000|  0%| F|  |TS  1|AC  0|TAMS 0x0000000089b00000, 0x0000000089b00000|
|  70|0x0000000089c00000, 0x0000000089c00000, 0x0000000089d00000|  0%| F|  |TS  1|AC  0|TAMS 0x0000000089c00000, 0x0000000089c00000|
|  71|0x0000000089d00000, 0x0000000089d00000, 0x0000000089e00000|  0%| F|  |TS  1|AC  0|TAMS 0x0000000089d00000, 0x0000000089d00000|
|  72|0x0000000089e00000, 0x0000000089e00000, 0x0000000089f00000|  0%| F|  |TS  1|AC  0|TAMS 0x0000000089e00000, 0x0000000089e00000|
|  73|0x0000000089f00000, 0x0000000089f00000, 0x000000008a000000|  0%| F|  |TS  1|AC  0|TAMS 0x0000000089f00000, 0x0000000089f00000|
|  74|0x000000008a000000, 0x000000008a000000, 0x000000008a100000|  0%| F|  |TS  1|AC  0|TAMS 0x000000008a000000, 0x000000008a000000|
|  75|0x000000008a100000, 0x000000008a100000, 0x000000008a200000|  0%| F|  |TS  1|AC  0|TAMS 0x000000008a100000, 0x000000008a100000|
|  76|0x000000008a200000, 0x000000008a200000, 0x000000008a300000|  0%| F|  |TS  1|AC  0|TAMS 0x000000008a200000, 0x000000008a200000|
|  77|0x000000008a300000, 0x000000008a300000, 0x000000008a400000|  0%| F|  |TS  1|AC  0|TAMS 0x000000008a300000, 0x000000008a300000|
|  78|0x000000008a400000, 0x000000008a400000, 0x000000008a500000|  0%| F|  |TS  1|AC  0|TAMS 0x000000008a400000, 0x000000008a400000|
|  79|0x000000008a500000, 0x000000008a500000, 0x000000008a600000|  0%| F|  |TS  1|AC  0|TAMS 0x000000008a500000, 0x000000008a500000|
|  80|0x000000008a600000, 0x000000008a600000, 0x000000008a700000|  0%| F|  |TS  1|AC  0|TAMS 0x000000008a600000, 0x000000008a600000|
|  81|0x000000008a700000, 0x000000008a700000, 0x000000008a800000|  0%| F|  |TS  1|AC  0|TAMS 0x000000008a700000, 0x000000008a700000|
|  82|0x000000008a800000, 0x000000008a800000, 0x000000008a900000|  0%| F|  |TS  1|AC  0|TAMS 0x000000008a800000, 0x000000008a800000|
|  83|0x000000008a900000, 0x000000008a900000, 0x000000008aa00000|  0%| F|  |TS  1|AC  0|TAMS 0x000000008a900000, 0x000000008a900000|
|  84|0x000000008aa00000, 0x000000008aa00000, 0x000000008ab00000|  0%| F|  |TS  1|AC  0|TAMS 0x000000008aa00000, 0x000000008aa00000|
|  85|0x000000008ab00000, 0x000000008ab00000, 0x000000008ac00000|  0%| F|  |TS  1|AC  0|TAMS 0x000000008ab00000, 0x000000008ab00000|
|  86|0x000000008ac00000, 0x000000008ac00000, 0x000000008ad00000|  0%| F|  |TS  1|AC  0|TAMS 0x000000008ac00000, 0x000000008ac00000|
|  87|0x000000008ad00000, 0x000000008ad00000, 0x000000008ae00000|  0%| F|  |TS  1|AC  0|TAMS 0x000000008ad00000, 0x000000008ad00000|
|  88|0x000000008ae00000, 0x000000008ae00000, 0x000000008af00000|  0%| F|  |TS  1|AC  0|TAMS 0x000000008ae00000, 0x000000008ae00000|
|  89|0x000000008af00000, 0x000000008af00000, 0x000000008b000000|  0%| F|  |TS  1|AC  0|TAMS 0x000000008af00000, 0x000000008af00000|
|  90|0x000000008b000000, 0x000000008b000000, 0x000000008b100000|  0%| F|  |TS  1|AC  0|TAMS 0x000000008b000000, 0x000000008b000000|
|  91|0x000000008b100000, 0x000000008b100000, 0x000000008b200000|  0%| F|  |TS  1|AC  0|TAMS 0x000000008b100000, 0x000000008b100000|
|  92|0x000000008b200000, 0x000000008b200000, 0x000000008b300000|  0%| F|  |TS  1|AC  0|TAMS 0x000000008b200000, 0x000000008b200000|
|  93|0x000000008b300000, 0x000000008b300000, 0x000000008b400000|  0%| F|  |TS  1|AC  0|TAMS 0x000000008b300000, 0x000000008b300000|
|  94|0x000000008b400000, 0x000000008b400000, 0x000000008b500000|  0%| F|  |TS  1|AC  0|TAMS 0x000000008b400000, 0x000000008b400000|
|  95|0x000000008b500000, 0x000000008b500000, 0x000000008b600000|  0%| F|  |TS  1|AC  0|TAMS 0x000000008b500000, 0x000000008b500000|
|  96|0x000000008b600000, 0x000000008b600000, 0x000000008b700000|  0%| F|  |TS  1|AC  0|TAMS 0x000000008b600000, 0x000000008b600000|
|  97|0x000000008b700000, 0x000000008b700000, 0x000000008b800000|  0%| F|  |TS  1|AC  0|TAMS 0x000000008b700000, 0x000000008b700000|
|  98|0x000000008b800000, 0x000000008b800000, 0x000000008b900000|  0%| F|  |TS  1|AC  0|TAMS 0x000000008b800000, 0x000000008b800000|
|  99|0x000000008b900000, 0x000000008b94e978, 0x000000008ba00000| 30%| E|  |TS  1|AC  0|TAMS 0x000000008b900000, 0x000000008b900000|
| 100|0x000000008ba00000, 0x000000008bb00000, 0x000000008bb00000|100%| E|CS|TS  1|AC  0|TAMS 0x000000008ba00000, 0x000000008ba00000|
| 101|0x000000008bb00000, 0x000000008bc00000, 0x000000008bc00000|100%| E|CS|TS  1|AC  0|TAMS 0x000000008bb00000, 0x000000008bb00000|
| 102|0x000000008bc00000, 0x000000008bd00000, 0x000000008bd00000|100%| E|CS|TS  1|AC  0|TAMS 0x000000008bc00000, 0x000000008bc00000|
| 103|0x000000008bd00000, 0x000000008be00000, 0x000000008be00000|100%| E|CS|TS  1|AC  0|TAMS 0x000000008bd00000, 0x000000008bd00000|
| 104|0x000000008be00000, 0x000000008bf00000, 0x000000008bf00000|100%| E|CS|TS  1|AC  0|TAMS 0x000000008be00000, 0x000000008be00000|
| 105|0x000000008bf00000, 0x000000008c000000, 0x000000008c000000|100%| E|CS|TS  1|AC  0|TAMS 0x000000008bf00000, 0x000000008bf00000|
| 106|0x000000008c000000, 0x000000008c100000, 0x000000008c100000|100%| E|CS|TS  1|AC  0|TAMS 0x000000008c000000, 0x000000008c000000|
| 107|0x000000008c100000, 0x000000008c200000, 0x000000008c200000|100%| E|CS|TS  1|AC  0|TAMS 0x000000008c100000, 0x000000008c100000|
| 108|0x000000008c200000, 0x000000008c300000, 0x000000008c300000|100%| E|CS|TS  1|AC  0|TAMS 0x000000008c200000, 0x000000008c200000|
| 109|0x000000008c300000, 0x000000008c400000, 0x000000008c400000|100%| E|CS|TS  1|AC  0|TAMS 0x000000008c300000, 0x000000008c300000|
| 110|0x000000008c400000, 0x000000008c500000, 0x000000008c500000|100%| E|CS|TS  1|AC  0|TAMS 0x000000008c400000, 0x000000008c400000|
| 111|0x000000008c500000, 0x000000008c600000, 0x000000008c600000|100%| E|CS|TS  1|AC  0|TAMS 0x000000008c500000, 0x000000008c500000|
| 112|0x000000008c600000, 0x000000008c700000, 0x000000008c700000|100%| E|CS|TS  1|AC  0|TAMS 0x000000008c600000, 0x000000008c600000|
| 113|0x000000008c700000, 0x000000008c800000, 0x000000008c800000|100%| E|CS|TS  1|AC  0|TAMS 0x000000008c700000, 0x000000008c700000|
| 114|0x000000008c800000, 0x000000008c900000, 0x000000008c900000|100%| E|CS|TS  1|AC  0|TAMS 0x000000008c800000, 0x000000008c800000|
| 115|0x000000008c900000, 0x000000008ca00000, 0x000000008ca00000|100%| E|CS|TS  1|AC  0|TAMS 0x000000008c900000, 0x000000008c900000|
| 116|0x000000008ca00000, 0x000000008cb00000, 0x000000008cb00000|100%| E|CS|TS  1|AC  0|TAMS 0x000000008ca00000, 0x000000008ca00000|
| 117|0x000000008cb00000, 0x000000008cc00000, 0x000000008cc00000|100%| E|CS|TS  1|AC  0|TAMS 0x000000008cb00000, 0x000000008cb00000|
| 118|0x000000008cc00000, 0x000000008cd00000, 0x000000008cd00000|100%| E|CS|TS  1|AC  0|TAMS 0x000000008cc00000, 0x000000008cc00000|
| 119|0x000000008cd00000, 0x000000008ce00000, 0x000000008ce00000|100%| E|CS|TS  1|AC  0|TAMS 0x000000008cd00000, 0x000000008cd00000|
| 120|0x000000008ce00000, 0x000000008cf00000, 0x000000008cf00000|100%| E|CS|TS  1|AC  0|TAMS 0x000000008ce00000, 0x000000008ce00000|
| 121|0x000000008cf00000, 0x000000008d000000, 0x000000008d000000|100%| E|CS|TS  1|AC  0|TAMS 0x000000008cf00000, 0x000000008cf00000|
| 122|0x000000008d000000, 0x000000008d100000, 0x000000008d100000|100%| E|CS|TS  1|AC  0|TAMS 0x000000008d000000, 0x000000008d000000|
| 123|0x000000008d100000, 0x000000008d200000, 0x000000008d200000|100%| E|CS|TS  1|AC  0|TAMS 0x000000008d100000, 0x000000008d100000|

Card table byte_map: [0x00007fd06586d000,0x00007fd065c42000] byte_map_base: 0x00007fd065442000

Marking Bits (Prev, Next): (CMBitMap*) 0x00007fd060055be0, (CMBitMap*) 0x00007fd060055c18
 Prev Bits: [0x00007fd045c7d000, 0x00007fd047b25000)
 Next Bits: [0x00007fd036158000, 0x00007fd038000000)

Polling page: 0x00007fd06a713000

CodeHeap 'non-profiled nmethods': size=120032Kb used=2644Kb max_used=2644Kb free=117387Kb
 bounds [0x00007fd04f5ed000, 0x00007fd04f88d000, 0x00007fd056b25000]
CodeHeap 'profiled nmethods': size=120032Kb used=11313Kb max_used=11313Kb free=108718Kb
 bounds [0x00007fd0480b5000, 0x00007fd048bc5000, 0x00007fd04f5ed000]
CodeHeap 'non-nmethods': size=5696Kb used=1367Kb max_used=1412Kb free=4328Kb
 bounds [0x00007fd047b25000, 0x00007fd047d95000, 0x00007fd0480b5000]
 total_blobs=7381 nmethods=5369 adapters=750
 compilation: enabled

Compilation events (10 events):
Event: 8433,218 Thread 0x00007fd060148800 5371       4       jdk.internal.module.Resources::toPackageName (39 bytes)
Event: 8433,247 Thread 0x00007fd060148800 nmethod 5371 0x00007fd04f87a590 code [0x00007fd04f87a740, 0x00007fd04f87a938]
Event: 8478,220 Thread 0x00007fd060148800 5372   !   4       jdk.internal.loader.BuiltinClassLoader::findMiscResource (118 bytes)
Event: 8478,250 Thread 0x00007fd060148800 nmethod 5372 0x00007fd04f87ab90 code [0x00007fd04f87ada0, 0x00007fd04f87b6d8]
Event: 8683,230 Thread 0x00007fd060148800 5373   !   4       jdk.internal.loader.BuiltinClassLoader::findResource (154 bytes)
Event: 8683,412 Thread 0x00007fd060148800 nmethod 5373 0x00007fd04f87bc90 code [0x00007fd04f87c040, 0x00007fd04f87f938]
Event: 8948,243 Thread 0x00007fd060148800 5374       4       java.lang.StringLatin1::canEncode (13 bytes)
Event: 8948,243 Thread 0x00007fd060148800 nmethod 5374 0x00007fd04f881990 code [0x00007fd04f881b20, 0x00007fd04f881b78]
Event: 9503,269 Thread 0x00007fd06014a800 5375       4       java.lang.ref.ReferenceQueue::reallyPoll (65 bytes)
Event: 9503,283 Thread 0x00007fd06014a800 nmethod 5375 0x00007fd04f881c10 code [0x00007fd04f881dc0, 0x00007fd04f882148]

GC Heap History (10 events):
Event: 1,169 GC heap before
{Heap before GC invocations=1 (full 0):
 garbage-first heap   total 126976K, used 9653K [0x0000000085600000, 0x0000000100000000)
  region size 1024K, 7 young (7168K), 2 survivors (2048K)
 Metaspace       used 17717K, capacity 18225K, committed 18432K, reserved 1064960K
  class space    used 1933K, capacity 2189K, committed 2304K, reserved 1048576K
}
Event: 1,176 GC heap after
{Heap after GC invocations=2 (full 0):
 garbage-first heap   total 126976K, used 5290K [0x0000000085600000, 0x0000000100000000)
  region size 1024K, 1 young (1024K), 1 survivors (1024K)
 Metaspace       used 17717K, capacity 18225K, committed 18432K, reserved 1064960K
  class space    used 1933K, capacity 2189K, committed 2304K, reserved 1048576K
}
Event: 2,109 GC heap before
{Heap before GC invocations=2 (full 0):
 garbage-first heap   total 126976K, used 31914K [0x0000000085600000, 0x0000000100000000)
  region size 1024K, 27 young (27648K), 1 survivors (1024K)
 Metaspace       used 18316K, capacity 18835K, committed 19200K, reserved 1067008K
  class space    used 1984K, capacity 2221K, committed 2304K, reserved 1048576K
}
Event: 2,120 GC heap after
{Heap after GC invocations=3 (full 0):
 garbage-first heap   total 126976K, used 5632K [0x0000000085600000, 0x0000000100000000)
  region size 1024K, 2 young (2048K), 2 survivors (2048K)
 Metaspace       used 18316K, capacity 18835K, committed 19200K, reserved 1067008K
  class space    used 1984K, capacity 2221K, committed 2304K, reserved 1048576K
}
Event: 6,884 GC heap before
{Heap before GC invocations=3 (full 0):
 garbage-first heap   total 126976K, used 19968K [0x0000000085600000, 0x0000000100000000)
  region size 1024K, 17 young (17408K), 2 survivors (2048K)
 Metaspace       used 20585K, capacity 21119K, committed 21248K, reserved 1069056K
  class space    used 2212K, capacity 2492K, committed 2560K, reserved 1048576K
}
Event: 6,888 GC heap after
{Heap after GC invocations=4 (full 0):
 garbage-first heap   total 126976K, used 6125K [0x0000000085600000, 0x0000000100000000)
  region size 1024K, 2 young (2048K), 2 survivors (2048K)
 Metaspace       used 20585K, capacity 21119K, committed 21248K, reserved 1069056K
  class space    used 2212K, capacity 2492K, committed 2560K, reserved 1048576K
}
Event: 7,733 GC heap before
{Heap before GC invocations=5 (full 0):
 garbage-first heap   total 126976K, used 42989K [0x0000000085600000, 0x0000000100000000)
  region size 1024K, 39 young (39936K), 2 survivors (2048K)
 Metaspace       used 34792K, capacity 35520K, committed 35840K, reserved 1081344K
  class space    used 4046K, capacity 4391K, committed 4480K, reserved 1048576K
}
Event: 7,741 GC heap after
{Heap after GC invocations=6 (full 0):
 garbage-first heap   total 126976K, used 9945K [0x0000000085600000, 0x0000000100000000)
  region size 1024K, 6 young (6144K), 6 survivors (6144K)
 Metaspace       used 34792K, capacity 35520K, committed 35840K, reserved 1081344K
  class space    used 4046K, capacity 4391K, committed 4480K, reserved 1048576K
}
Event: 8,875 GC heap before
{Heap before GC invocations=7 (full 0):
 garbage-first heap   total 126976K, used 61145K [0x0000000085600000, 0x0000000100000000)
  region size 1024K, 56 young (57344K), 6 survivors (6144K)
 Metaspace       used 46976K, capacity 47756K, committed 48256K, reserved 1091584K
  class space    used 5572K, capacity 5915K, committed 6016K, reserved 1048576K
}
Event: 8,888 GC heap after
{Heap after GC invocations=8 (full 0):
 garbage-first heap   total 126976K, used 12667K [0x0000000085600000, 0x0000000100000000)
  region size 1024K, 3 young (3072K), 3 survivors (3072K)
 Metaspace       used 46976K, capacity 47756K, committed 48256K, reserved 1091584K
  class space    used 5572K, capacity 5915K, committed 6016K, reserved 1048576K
}

Deoptimization events (10 events):
Event: 20,664 Thread 0x00007fd060488800 Uncommon trap: reason=unstable_if action=reinterpret pc=0x00007fd04f62ff54 method=java.lang.StringLatin1.canEncode(I)Z @ 4 c2
Event: 20,664 Thread 0x00007fd060488800 Uncommon trap: reason=unstable_if action=reinterpret pc=0x00007fd04f622cc0 method=java.lang.AbstractStringBuilder.isLatin1()Z @ 10 c2
Event: 20,683 Thread 0x00007fd060488800 Uncommon trap: reason=unstable_if action=reinterpret pc=0x00007fd04f605cd4 method=java.lang.StringLatin1.canEncode(I)Z @ 4 c2
Event: 20,803 Thread 0x00007fd060488800 Uncommon trap: reason=unstable_if action=reinterpret pc=0x00007fd04f7df35c method=sun.font.FontDesignMetrics$MetricsKey.equals(Ljava/lang/Object;)Z @ 23 c2
Event: 20,806 Thread 0x00007fd060488800 Uncommon trap: reason=class_check action=maybe_recompile pc=0x00007fd04f6e2460 method=java.util.concurrent.ConcurrentHashMap.putVal(Ljava/lang/Object;Ljava/lang/Object;Z)Ljava/lang/Object; @ 242 c2
Event: 20,809 Thread 0x00007fd060488800 Uncommon trap: reason=class_check action=maybe_recompile pc=0x00007fd04f6e2460 method=java.util.concurrent.ConcurrentHashMap.putVal(Ljava/lang/Object;Ljava/lang/Object;Z)Ljava/lang/Object; @ 242 c2
Event: 20,843 Thread 0x00007fd060488800 Uncommon trap: reason=unstable_if action=reinterpret pc=0x00007fd04f7e901c method=sun.font.FontDesignMetrics$MetricsKey.equals(Ljava/lang/Object;)Z @ 23 c2
Event: 40,611 Thread 0x00007fd060488800 Uncommon trap: reason=unstable_if action=reinterpret pc=0x00007fd04f81c0f4 method=java.awt.Container.getMouseEventTargetImpl(IIZLjava/awt/Container$EventTargetFilter;ZZ)Ljava/awt/Component; @ 218 c2
Event: 44,097 Thread 0x00007fd060488800 Uncommon trap: reason=unstable_if action=reinterpret pc=0x00007fd04f80dc40 method=java.awt.Container.findComponentAtImpl(IIZ)Ljava/awt/Component; @ 131 c2
Event: 56,419 Thread 0x00007fd060488800 Uncommon trap: reason=unstable_if action=reinterpret pc=0x00007fd04f81e6bc method=java.awt.Container.getMouseEventTargetImpl(IIZLjava/awt/Container$EventTargetFilter;ZZ)Ljava/awt/Component; @ 218 c2

Classes redefined (0 events):
No events

Internal exceptions (10 events):
Event: 17,380 Thread 0x00007fd060488800 Exception <a 'java/lang/UnsupportedOperationException'{0x000000008cd405e8}: > (0x000000008cd405e8) thrown at [/build/openjdk-lts-Ae5PRQ/openjdk-lts-10.0.2+13/src/hotspot/share/prims/jni.cpp, line 632]
Event: 20,647 Thread 0x00007fd060488800 Exception <a 'java/lang/NoSuchMethodError'{0x000000008cb44e78}: java.lang.invoke.DirectMethodHandle$Holder.invokeStatic(Ljava/lang/Object;Ljava/lang/Object;Ljava/lang/Object;Ljava/lang/Object;Ljava/lang/Object;Ljava/lang/Object;Ljava/lang/Object;Ljava/lan
Event: 20,649 Thread 0x00007fd060488800 Exception <a 'java/lang/NoSuchMethodError'{0x000000008cb639c0}: java.lang.invoke.DirectMethodHandle$Holder.invokeStatic(Ljava/lang/Object;Ljava/lang/Object;Ljava/lang/Object;Ljava/lang/Object;Ljava/lang/Object;Ljava/lang/Object;Ljava/lang/Object;Ljava/lan
Event: 20,651 Thread 0x00007fd060488800 Exception <a 'java/lang/NoSuchMethodError'{0x000000008cb83fc8}: method resolution failed> (0x000000008cb83fc8) thrown at [/build/openjdk-lts-Ae5PRQ/openjdk-lts-10.0.2+13/src/hotspot/share/prims/methodHandles.cpp, line 1226]
Event: 20,652 Thread 0x00007fd060488800 Exception <a 'java/lang/NoSuchMethodError'{0x000000008cba5b18}: method resolution failed> (0x000000008cba5b18) thrown at [/build/openjdk-lts-Ae5PRQ/openjdk-lts-10.0.2+13/src/hotspot/share/prims/methodHandles.cpp, line 1226]
Event: 20,947 Thread 0x00007fd060488800 Exception <a 'java/lang/UnsupportedOperationException'{0x000000008c74f078}: > (0x000000008c74f078) thrown at [/build/openjdk-lts-Ae5PRQ/openjdk-lts-10.0.2+13/src/hotspot/share/prims/jni.cpp, line 632]
Event: 44,490 Thread 0x00007fd060488800 Exception <a 'java/lang/UnsupportedOperationException'{0x000000008c3b1938}: > (0x000000008c3b1938) thrown at [/build/openjdk-lts-Ae5PRQ/openjdk-lts-10.0.2+13/src/hotspot/share/prims/jni.cpp, line 632]
Event: 47,526 Thread 0x00007fd060488800 Exception <a 'java/lang/UnsupportedOperationException'{0x000000008c3ec2c8}: > (0x000000008c3ec2c8) thrown at [/build/openjdk-lts-Ae5PRQ/openjdk-lts-10.0.2+13/src/hotspot/share/prims/jni.cpp, line 632]
Event: 50,250 Thread 0x00007fd060488800 Exception <a 'java/lang/UnsupportedOperationException'{0x000000008c24e4f0}: > (0x000000008c24e4f0) thrown at [/build/openjdk-lts-Ae5PRQ/openjdk-lts-10.0.2+13/src/hotspot/share/prims/jni.cpp, line 632]
Event: 51,948 Thread 0x00007fd060488800 Exception <a 'java/lang/UnsupportedOperationException'{0x000000008bff8758}: > (0x000000008bff8758) thrown at [/build/openjdk-lts-Ae5PRQ/openjdk-lts-10.0.2+13/src/hotspot/share/prims/jni.cpp, line 632]

Events (10 events):
Event: 60,163 Executing VM operation: RevokeBias
Event: 60,163 Executing VM operation: RevokeBias done
Event: 60,163 Thread 0x00007fd060487000 Thread exited: 0x00007fd060487000
Event: 60,163 Thread 0x00007fd060488800 Thread exited: 0x00007fd060488800
Event: 8181,751 loading class sun/awt/X11/XkbEvent
Event: 8181,778 loading class sun/awt/X11/XkbEvent done
Event: 8181,795 loading class sun/awt/X11/XkbAnyEvent
Event: 8181,795 loading class sun/awt/X11/XkbAnyEvent done
Event: 9766,739 loading class jdk/internal/misc/Signal$1
Event: 9766,765 loading class jdk/internal/misc/Signal$1 done


Dynamic libraries:
85600000-8d200000 rw-p 00000000 00:00 0 
8d200000-100000000 ---p 00000000 00:00 0 
100000000-100620000 rw-p 00000000 00:00 0 
100620000-140000000 ---p 00000000 00:00 0 
55fdf767e000-55fdf767f000 r-xp 00000000 08:05 1044648                    /usr/lib/jvm/java-11-openjdk-amd64/bin/java
55fdf787f000-55fdf7880000 r--p 00001000 08:05 1044648                    /usr/lib/jvm/java-11-openjdk-amd64/bin/java
55fdf7880000-55fdf7881000 rw-p 00002000 08:05 1044648                    /usr/lib/jvm/java-11-openjdk-amd64/bin/java
55fdf836a000-55fdf838b000 rw-p 00000000 00:00 0                          [heap]
7fcfbc000000-7fcfbc021000 rw-p 00000000 00:00 0 
7fcfbc021000-7fcfc0000000 ---p 00000000 00:00 0 
7fcfc34fd000-7fcfc3501000 ---p 00000000 00:00 0 
7fcfc3501000-7fcfc35fe000 rw-p 00000000 00:00 0 
7fcfc35fe000-7fcfc3602000 ---p 00000000 00:00 0 
7fcfc3602000-7fcfc37bf000 rw-p 00000000 00:00 0 
7fcfc37bf000-7fcfc38ff000 ---p 00000000 00:00 0 
7fcfc38ff000-7fcfc3903000 ---p 00000000 00:00 0 
7fcfc3903000-7fcfc3c00000 rw-p 00000000 00:00 0 
7fcfc3c00000-7fcfc3e00000 rw-p 00000000 00:00 0 
7fcfc3e00000-7fcfc4000000 rw-p 00000000 00:00 0 
7fcfc4000000-7fcfc4021000 rw-p 00000000 00:00 0 
7fcfc4021000-7fcfc8000000 ---p 00000000 00:00 0 
7fcfc8000000-7fcfc8f58000 rw-p 00000000 00:00 0 
7fcfc8f58000-7fcfcc000000 ---p 00000000 00:00 0 
7fcfcc000000-7fcfcc021000 rw-p 00000000 00:00 0 
7fcfcc021000-7fcfd0000000 ---p 00000000 00:00 0 
7fcfd0000000-7fcfd0021000 rw-p 00000000 00:00 0 
7fcfd0021000-7fcfd4000000 ---p 00000000 00:00 0 
7fcfd4000000-7fcfd4021000 rw-p 00000000 00:00 0 
7fcfd4021000-7fcfd8000000 ---p 00000000 00:00 0 
7fcfd8000000-7fcfd8021000 rw-p 00000000 00:00 0 
7fcfd8021000-7fcfdc000000 ---p 00000000 00:00 0 
7fcfdc000000-7fcfdc021000 rw-p 00000000 00:00 0 
7fcfdc021000-7fcfe0000000 ---p 00000000 00:00 0 
7fcfe00c3000-7fcfe02c3000 rw-p 00000000 00:00 0 
7fcfe02c3000-7fcfe04c3000 rw-p 00000000 00:00 0 
7fcfe04c3000-7fcfe06c3000 rw-p 00000000 00:00 0 
7fcfe06c3000-7fcfe06c7000 ---p 00000000 00:00 0 
7fcfe06c7000-7fcfe09c4000 rw-p 00000000 00:00 0 
7fcfe09c4000-7fcfe09c5000 r-xp 00000000 08:05 1044705                    /usr/lib/jvm/java-11-openjdk-amd64/lib/libextnet.so
7fcfe09c5000-7fcfe0bc4000 ---p 00001000 08:05 1044705                    /usr/lib/jvm/java-11-openjdk-amd64/lib/libextnet.so
7fcfe0bc4000-7fcfe0bc5000 r--p 00000000 08:05 1044705                    /usr/lib/jvm/java-11-openjdk-amd64/lib/libextnet.so
7fcfe0bc5000-7fcfe0bc6000 rw-p 00001000 08:05 1044705                    /usr/lib/jvm/java-11-openjdk-amd64/lib/libextnet.so
7fcfe0bc6000-7fcfe0dc6000 rw-p 00000000 00:00 0 
7fcfe0dc6000-7fcfe0fc6000 rw-p 00000000 00:00 0 
7fcfe0fc6000-7fcfe11c6000 rw-p 00000000 00:00 0 
7fcfe11c6000-7fcfe13c6000 rw-p 00000000 00:00 0 
7fcfe13c6000-7fcfe15c6000 rw-p 00000000 00:00 0 
7fcfe15c6000-7fcfe17c6000 rw-p 00000000 00:00 0 
7fcfe17c6000-7fcfe19c6000 rw-p 00000000 00:00 0 
7fcfe19e9000-7fcfe19ed000 ---p 00000000 00:00 0 
7fcfe19ed000-7fcfe1aea000 rw-p 00000000 00:00 0 
7fcfe1aea000-7fcfe1aee000 ---p 00000000 00:00 0 
7fcfe1aee000-7fcfe1deb000 rw-p 00000000 00:00 0 
7fcfe1deb000-7fcfe1def000 ---p 00000000 00:00 0 
7fcfe1def000-7fcfe1eec000 rw-p 00000000 00:00 0 
7fcfe1eec000-7fcfe1ef0000 ---p 00000000 00:00 0 
7fcfe1ef0000-7fcfe21ed000 rw-p 00000000 00:00 0 
7fcfe21ed000-7fcfe23ed000 rw-p 00000000 00:00 0 
7fcfe23ed000-7fcfe23f2000 r-xp 00000000 08:05 271942                     /usr/lib/x86_64-linux-gnu/libXfixes.so.3.1.0
7fcfe23f2000-7fcfe25f1000 ---p 00005000 08:05 271942                     /usr/lib/x86_64-linux-gnu/libXfixes.so.3.1.0
7fcfe25f1000-7fcfe25f2000 r--p 00004000 08:05 271942                     /usr/lib/x86_64-linux-gnu/libXfixes.so.3.1.0
7fcfe25f2000-7fcfe25f3000 rw-p 00005000 08:05 271942                     /usr/lib/x86_64-linux-gnu/libXfixes.so.3.1.0
7fcfe25f3000-7fcfe25fc000 r-xp 00000000 08:05 271934                     /usr/lib/x86_64-linux-gnu/libXcursor.so.1.0.2
7fcfe25fc000-7fcfe27fb000 ---p 00009000 08:05 271934                     /usr/lib/x86_64-linux-gnu/libXcursor.so.1.0.2
7fcfe27fb000-7fcfe27fc000 r--p 00008000 08:05 271934                     /usr/lib/x86_64-linux-gnu/libXcursor.so.1.0.2
7fcfe27fc000-7fcfe27fd000 rw-p 00009000 08:05 271934                     /usr/lib/x86_64-linux-gnu/libXcursor.so.1.0.2
7fcfe27fd000-7fcfe27fe000 ---p 00000000 00:00 0 
7fcfe27fe000-7fcfe2ffe000 rw-p 00000000 00:00 0 
7fcfe2ffe000-7fcfe2fff000 ---p 00000000 00:00 0 
7fcfe2fff000-7fcfe37ff000 rw-p 00000000 00:00 0 
7fcfe37ff000-7fcfe3800000 ---p 00000000 00:00 0 
7fcfe3800000-7fcfe4000000 rw-p 00000000 00:00 0 
7fcfe4000000-7fcfe4021000 rw-p 00000000 00:00 0 
7fcfe4021000-7fcfe8000000 ---p 00000000 00:00 0 
7fcfe80e2000-7fcfe80e6000 ---p 00000000 00:00 0 
7fcfe80e6000-7fcfe81e3000 rw-p 00000000 00:00 0 
7fcfe81e3000-7fcfe81ef000 r-xp 00000000 08:05 396751                     /usr/lib/x86_64-linux-gnu/gio/modules/libdconfsettings.so
7fcfe81ef000-7fcfe83ee000 ---p 0000c000 08:05 396751                     /usr/lib/x86_64-linux-gnu/gio/modules/libdconfsettings.so
7fcfe83ee000-7fcfe83ef000 r--p 0000b000 08:05 396751                     /usr/lib/x86_64-linux-gnu/gio/modules/libdconfsettings.so
7fcfe83ef000-7fcfe83f0000 rw-p 0000c000 08:05 396751                     /usr/lib/x86_64-linux-gnu/gio/modules/libdconfsettings.so
7fcfe83f0000-7fcfe83f6000 r-xp 00000000 08:05 920010                     /lib/x86_64-linux-gnu/libuuid.so.1.3.0
7fcfe83f6000-7fcfe85f5000 ---p 00006000 08:05 920010                     /lib/x86_64-linux-gnu/libuuid.so.1.3.0
7fcfe85f5000-7fcfe85f6000 r--p 00005000 08:05 920010                     /lib/x86_64-linux-gnu/libuuid.so.1.3.0
7fcfe85f6000-7fcfe85f7000 rw-p 00006000 08:05 920010                     /lib/x86_64-linux-gnu/libuuid.so.1.3.0
7fcfe85f7000-7fcfe863e000 r-xp 00000000 08:05 919820                     /lib/x86_64-linux-gnu/libblkid.so.1.1.0
7fcfe863e000-7fcfe883e000 ---p 00047000 08:05 919820                     /lib/x86_64-linux-gnu/libblkid.so.1.1.0
7fcfe883e000-7fcfe8842000 r--p 00047000 08:05 919820                     /lib/x86_64-linux-gnu/libblkid.so.1.1.0
7fcfe8842000-7fcfe8843000 rw-p 0004b000 08:05 919820                     /lib/x86_64-linux-gnu/libblkid.so.1.1.0
7fcfe8843000-7fcfe8844000 rw-p 00000000 00:00 0 
7fcfe8844000-7fcfe88b4000 r-xp 00000000 08:05 919775                     /lib/x86_64-linux-gnu/libpcre.so.3.13.3
7fcfe88b4000-7fcfe8ab4000 ---p 00070000 08:05 919775                     /lib/x86_64-linux-gnu/libpcre.so.3.13.3
7fcfe8ab4000-7fcfe8ab5000 r--p 00070000 08:05 919775                     /lib/x86_64-linux-gnu/libpcre.so.3.13.3
7fcfe8ab5000-7fcfe8ab6000 rw-p 00071000 08:05 919775                     /lib/x86_64-linux-gnu/libpcre.so.3.13.3
7fcfe8ab6000-7fcfe8abd000 r-xp 00000000 08:05 272269                     /usr/lib/x86_64-linux-gnu/libffi.so.6.0.4
7fcfe8abd000-7fcfe8cbc000 ---p 00007000 08:05 272269                     /usr/lib/x86_64-linux-gnu/libffi.so.6.0.4
7fcfe8cbc000-7fcfe8cbd000 r--p 00006000 08:05 272269                     /usr/lib/x86_64-linux-gnu/libffi.so.6.0.4
7fcfe8cbd000-7fcfe8cbe000 rw-p 00007000 08:05 272269                     /usr/lib/x86_64-linux-gnu/libffi.so.6.0.4
7fcfe8cbe000-7fcfe8d0f000 r-xp 00000000 08:05 919686                     /lib/x86_64-linux-gnu/libmount.so.1.1.0
7fcfe8d0f000-7fcfe8f0e000 ---p 00051000 08:05 919686                     /lib/x86_64-linux-gnu/libmount.so.1.1.0
7fcfe8f0e000-7fcfe8f10000 r--p 00050000 08:05 919686                     /lib/x86_64-linux-gnu/libmount.so.1.1.0
7fcfe8f10000-7fcfe8f11000 rw-p 00052000 08:05 919686                     /lib/x86_64-linux-gnu/libmount.so.1.1.0
7fcfe8f11000-7fcfe8f12000 rw-p 00000000 00:00 0 
7fcfe8f12000-7fcfe8f29000 r-xp 00000000 08:05 919792                     /lib/x86_64-linux-gnu/libresolv-2.27.so
7fcfe8f29000-7fcfe9129000 ---p 00017000 08:05 919792                     /lib/x86_64-linux-gnu/libresolv-2.27.so
7fcfe9129000-7fcfe912a000 r--p 00017000 08:05 919792                     /lib/x86_64-linux-gnu/libresolv-2.27.so
7fcfe912a000-7fcfe912b000 rw-p 00018000 08:05 919792                     /lib/x86_64-linux-gnu/libresolv-2.27.so
7fcfe912b000-7fcfe912d000 rw-p 00000000 00:00 0 
7fcfe912d000-7fcfe9152000 r-xp 00000000 08:05 919798                     /lib/x86_64-linux-gnu/libselinux.so.1
7fcfe9152000-7fcfe9351000 ---p 00025000 08:05 919798                     /lib/x86_64-linux-gnu/libselinux.so.1
7fcfe9351000-7fcfe9352000 r--p 00024000 08:05 919798                     /lib/x86_64-linux-gnu/libselinux.so.1
7fcfe9352000-7fcfe9353000 rw-p 00025000 08:05 919798                     /lib/x86_64-linux-gnu/libselinux.so.1
7fcfe9353000-7fcfe9355000 rw-p 00000000 00:00 0 
7fcfe9355000-7fcfe9468000 r-xp 00000000 08:05 262951                     /usr/lib/x86_64-linux-gnu/libglib-2.0.so.0.5600.3
7fcfe9468000-7fcfe9668000 ---p 00113000 08:05 262951                     /usr/lib/x86_64-linux-gnu/libglib-2.0.so.0.5600.3
7fcfe9668000-7fcfe9669000 r--p 00113000 08:05 262951                     /usr/lib/x86_64-linux-gnu/libglib-2.0.so.0.5600.3
7fcfe9669000-7fcfe966a000 rw-p 00114000 08:05 262951                     /usr/lib/x86_64-linux-gnu/libglib-2.0.so.0.5600.3
7fcfe966a000-7fcfe966b000 rw-p 00000000 00:00 0 
7fcfe966b000-7fcfe966e000 r-xp 00000000 08:05 268079                     /usr/lib/x86_64-linux-gnu/libgmodule-2.0.so.0.5600.3
7fcfe966e000-7fcfe986d000 ---p 00003000 08:05 268079                     /usr/lib/x86_64-linux-gnu/libgmodule-2.0.so.0.5600.3
7fcfe986d000-7fcfe986e000 r--p 00002000 08:05 268079                     /usr/lib/x86_64-linux-gnu/libgmodule-2.0.so.0.5600.3
7fcfe986e000-7fcfe986f000 rw-p 00003000 08:05 268079                     /usr/lib/x86_64-linux-gnu/libgmodule-2.0.so.0.5600.3
7fcfe986f000-7fcfe98c1000 r-xp 00000000 08:05 270586                     /usr/lib/x86_64-linux-gnu/libgobject-2.0.so.0.5600.3
7fcfe98c1000-7fcfe9ac1000 ---p 00052000 08:05 270586                     /usr/lib/x86_64-linux-gnu/libgobject-2.0.so.0.5600.3
7fcfe9ac1000-7fcfe9ac2000 r--p 00052000 08:05 270586                     /usr/lib/x86_64-linux-gnu/libgobject-2.0.so.0.5600.3
7fcfe9ac2000-7fcfe9ac3000 rw-p 00053000 08:05 270586                     /usr/lib/x86_64-linux-gnu/libgobject-2.0.so.0.5600.3
7fcfe9ac3000-7fcfe9c58000 r-xp 00000000 08:05 262552                     /usr/lib/x86_64-linux-gnu/libgio-2.0.so.0.5600.3
7fcfe9c58000-7fcfe9e58000 ---p 00195000 08:05 262552                     /usr/lib/x86_64-linux-gnu/libgio-2.0.so.0.5600.3
7fcfe9e58000-7fcfe9e5f000 r--p 00195000 08:05 262552                     /usr/lib/x86_64-linux-gnu/libgio-2.0.so.0.5600.3
7fcfe9e5f000-7fcfe9e60000 rw-p 0019c000 08:05 262552                     /usr/lib/x86_64-linux-gnu/libgio-2.0.so.0.5600.3
7fcfe9e60000-7fcfe9e62000 rw-p 00000000 00:00 0 
7fcfe9e62000-7fcfe9e6c000 r-xp 00000000 08:05 271958                     /usr/lib/x86_64-linux-gnu/libXrandr.so.2.2.0
7fcfe9e6c000-7fcfea06b000 ---p 0000a000 08:05 271958                     /usr/lib/x86_64-linux-gnu/libXrandr.so.2.2.0
7fcfea06b000-7fcfea06c000 r--p 00009000 08:05 271958                     /usr/lib/x86_64-linux-gnu/libXrandr.so.2.2.0
7fcfea06c000-7fcfea06d000 rw-p 0000a000 08:05 271958                     /usr/lib/x86_64-linux-gnu/libXrandr.so.2.2.0
7fcfea06d000-7fcfea26d000 rw-p 00000000 00:00 0 
7fcfea26d000-7fcfea29e000 r-xp 00000000 08:05 272791                     /usr/lib/x86_64-linux-gnu/libpng16.so.16.34.0
7fcfea29e000-7fcfea49d000 ---p 00031000 08:05 272791                     /usr/lib/x86_64-linux-gnu/libpng16.so.16.34.0
7fcfea49d000-7fcfea49e000 r--p 00030000 08:05 272791                     /usr/lib/x86_64-linux-gnu/libpng16.so.16.34.0
7fcfea49e000-7fcfea49f000 rw-p 00031000 08:05 272791                     /usr/lib/x86_64-linux-gnu/libpng16.so.16.34.0
7fcfea49f000-7fcfea54c000 r-xp 00000000 08:05 272301                     /usr/lib/x86_64-linux-gnu/libfreetype.so.6.15.0
7fcfea54c000-7fcfea74b000 ---p 000ad000 08:05 272301                     /usr/lib/x86_64-linux-gnu/libfreetype.so.6.15.0
7fcfea74b000-7fcfea752000 r--p 000ac000 08:05 272301                     /usr/lib/x86_64-linux-gnu/libfreetype.so.6.15.0
7fcfea752000-7fcfea753000 rw-p 000b3000 08:05 272301                     /usr/lib/x86_64-linux-gnu/libfreetype.so.6.15.0
7fcfea753000-7fcfea7e8000 r-xp 00000000 08:05 1044706                    /usr/lib/jvm/java-11-openjdk-amd64/lib/libfontmanager.so
7fcfea7e8000-7fcfea9e8000 ---p 00095000 08:05 1044706                    /usr/lib/jvm/java-11-openjdk-amd64/lib/libfontmanager.so
7fcfea9e8000-7fcfea9e9000 r--p 00095000 08:05 1044706                    /usr/lib/jvm/java-11-openjdk-amd64/lib/libfontmanager.so
7fcfea9e9000-7fcfea9ea000 rw-p 00096000 08:05 1044706                    /usr/lib/jvm/java-11-openjdk-amd64/lib/libfontmanager.so
7fcfea9ea000-7fcfea9eb000 rw-p 00000000 00:00 0 
7fcfea9eb000-7fcfea9fe000 r-xp 00000000 08:05 919649                     /lib/x86_64-linux-gnu/libbsd.so.0.8.7
7fcfea9fe000-7fcfeabfd000 ---p 00013000 08:05 919649                     /lib/x86_64-linux-gnu/libbsd.so.0.8.7
7fcfeabfd000-7fcfeabfe000 r--p 00012000 08:05 919649                     /lib/x86_64-linux-gnu/libbsd.so.0.8.7
7fcfeabfe000-7fcfeabff000 rw-p 00013000 08:05 919649                     /lib/x86_64-linux-gnu/libbsd.so.0.8.7
7fcfeabff000-7fcfeac00000 rw-p 00000000 00:00 0 
7fcfeac00000-7fcfeac05000 r-xp 00000000 08:05 271938                     /usr/lib/x86_64-linux-gnu/libXdmcp.so.6.0.0
7fcfeac05000-7fcfeae04000 ---p 00005000 08:05 271938                     /usr/lib/x86_64-linux-gnu/libXdmcp.so.6.0.0
7fcfeae04000-7fcfeae05000 r--p 00004000 08:05 271938                     /usr/lib/x86_64-linux-gnu/libXdmcp.so.6.0.0
7fcfeae05000-7fcfeae06000 rw-p 00005000 08:05 271938                     /usr/lib/x86_64-linux-gnu/libXdmcp.so.6.0.0
7fcfeae06000-7fcfeae08000 r-xp 00000000 08:05 271927                     /usr/lib/x86_64-linux-gnu/libXau.so.6.0.0
7fcfeae08000-7fcfeb008000 ---p 00002000 08:05 271927                     /usr/lib/x86_64-linux-gnu/libXau.so.6.0.0
7fcfeb008000-7fcfeb009000 r--p 00002000 08:05 271927                     /usr/lib/x86_64-linux-gnu/libXau.so.6.0.0
7fcfeb009000-7fcfeb00a000 rw-p 00003000 08:05 271927                     /usr/lib/x86_64-linux-gnu/libXau.so.6.0.0
7fcfeb00a000-7fcfeb030000 r-xp 00000000 08:05 273131                     /usr/lib/x86_64-linux-gnu/libxcb.so.1.1.0
7fcfeb030000-7fcfeb230000 ---p 00026000 08:05 273131                     /usr/lib/x86_64-linux-gnu/libxcb.so.1.1.0
7fcfeb230000-7fcfeb231000 r--p 00026000 08:05 273131                     /usr/lib/x86_64-linux-gnu/libxcb.so.1.1.0
7fcfeb231000-7fcfeb232000 rw-p 00027000 08:05 273131                     /usr/lib/x86_64-linux-gnu/libxcb.so.1.1.0
7fcfeb232000-7fcfeb241000 r-xp 00000000 08:05 271948                     /usr/lib/x86_64-linux-gnu/libXi.so.6.1.0
7fcfeb241000-7fcfeb440000 ---p 0000f000 08:05 271948                     /usr/lib/x86_64-linux-gnu/libXi.so.6.1.0
7fcfeb440000-7fcfeb441000 r--p 0000e000 08:05 271948                     /usr/lib/x86_64-linux-gnu/libXi.so.6.1.0
7fcfeb441000-7fcfeb442000 rw-p 0000f000 08:05 271948                     /usr/lib/x86_64-linux-gnu/libXi.so.6.1.0
7fcfeb442000-7fcfeb447000 r-xp 00000000 08:05 271966                     /usr/lib/x86_64-linux-gnu/libXtst.so.6.1.0
7fcfeb447000-7fcfeb646000 ---p 00005000 08:05 271966                     /usr/lib/x86_64-linux-gnu/libXtst.so.6.1.0
7fcfeb646000-7fcfeb647000 r--p 00004000 08:05 271966                     /usr/lib/x86_64-linux-gnu/libXtst.so.6.1.0
7fcfeb647000-7fcfeb648000 rw-p 00005000 08:05 271966                     /usr/lib/x86_64-linux-gnu/libXtst.so.6.1.0
7fcfeb648000-7fcfeb651000 r-xp 00000000 08:05 271960                     /usr/lib/x86_64-linux-gnu/libXrender.so.1.3.0
7fcfeb651000-7fcfeb850000 ---p 00009000 08:05 271960                     /usr/lib/x86_64-linux-gnu/libXrender.so.1.3.0
7fcfeb850000-7fcfeb851000 r--p 00008000 08:05 271960                     /usr/lib/x86_64-linux-gnu/libXrender.so.1.3.0
7fcfeb851000-7fcfeb852000 rw-p 00009000 08:05 271960                     /usr/lib/x86_64-linux-gnu/libXrender.so.1.3.0
7fcfeb852000-7fcfeb985000 r-xp 00000000 08:05 263759                     /usr/lib/x86_64-linux-gnu/libX11.so.6.3.0
7fcfeb985000-7fcfebb85000 ---p 00133000 08:05 263759                     /usr/lib/x86_64-linux-gnu/libX11.so.6.3.0
7fcfebb85000-7fcfebb86000 r--p 00133000 08:05 263759                     /usr/lib/x86_64-linux-gnu/libX11.so.6.3.0
7fcfebb86000-7fcfebb8a000 rw-p 00134000 08:05 263759                     /usr/lib/x86_64-linux-gnu/libX11.so.6.3.0
7fcfebb8a000-7fcfebb9b000 r-xp 00000000 08:05 271940                     /usr/lib/x86_64-linux-gnu/libXext.so.6.4.0
7fcfebb9b000-7fcfebd9a000 ---p 00011000 08:05 271940                     /usr/lib/x86_64-linux-gnu/libXext.so.6.4.0
7fcfebd9a000-7fcfebd9b000 r--p 00010000 08:05 271940                     /usr/lib/x86_64-linux-gnu/libXext.so.6.4.0
7fcfebd9b000-7fcfebd9c000 rw-p 00011000 08:05 271940                     /usr/lib/x86_64-linux-gnu/libXext.so.6.4.0
7fcfebd9c000-7fcfebdfb000 r-xp 00000000 08:05 1044703                    /usr/lib/jvm/java-11-openjdk-amd64/lib/libawt_xawt.so
7fcfebdfb000-7fcfebffa000 ---p 0005f000 08:05 1044703                    /usr/lib/jvm/java-11-openjdk-amd64/lib/libawt_xawt.so
7fcfebffa000-7fcfebffb000 r--p 0005e000 08:05 1044703                    /usr/lib/jvm/java-11-openjdk-amd64/lib/libawt_xawt.so
7fcfebffb000-7fcfebffe000 rw-p 0005f000 08:05 1044703                    /usr/lib/jvm/java-11-openjdk-amd64/lib/libawt_xawt.so
7fcfebffe000-7fcfec000000 rw-p 00000000 00:00 0 
7fcfec000000-7fcfec021000 rw-p 00000000 00:00 0 
7fcfec021000-7fcff0000000 ---p 00000000 00:00 0 
7fcff0000000-7fcff0021000 rw-p 00000000 00:00 0 
7fcff0021000-7fcff4000000 ---p 00000000 00:00 0 
7fcff4000000-7fcff5543000 rw-p 00000000 00:00 0 
7fcff5543000-7fcff8000000 ---p 00000000 00:00 0 
7fcff8000000-7fcff8021000 rw-p 00000000 00:00 0 
7fcff8021000-7fcffc000000 ---p 00000000 00:00 0 
7fcffc000000-7fcffd820000 rw-p 00000000 00:00 0 
7fcffd820000-7fd000000000 ---p 00000000 00:00 0 
7fd000000000-7fd001a3a000 rw-p 00000000 00:00 0 
7fd001a3a000-7fd004000000 ---p 00000000 00:00 0 
7fd004000000-7fd004021000 rw-p 00000000 00:00 0 
7fd004021000-7fd008000000 ---p 00000000 00:00 0 
7fd008000000-7fd008021000 rw-p 00000000 00:00 0 
7fd008021000-7fd00c000000 ---p 00000000 00:00 0 
7fd00c000000-7fd00c09f000 rw-p 00000000 00:00 0 
7fd00c09f000-7fd010000000 ---p 00000000 00:00 0 
7fd010000000-7fd010021000 rw-p 00000000 00:00 0 
7fd010021000-7fd014000000 ---p 00000000 00:00 0 
7fd014000000-7fd014021000 rw-p 00000000 00:00 0 
7fd014021000-7fd018000000 ---p 00000000 00:00 0 
7fd018000000-7fd018021000 rw-p 00000000 00:00 0 
7fd018021000-7fd01c000000 ---p 00000000 00:00 0 
7fd01c000000-7fd01c021000 rw-p 00000000 00:00 0 
7fd01c021000-7fd020000000 ---p 00000000 00:00 0 
7fd020000000-7fd020021000 rw-p 00000000 00:00 0 
7fd020021000-7fd024000000 ---p 00000000 00:00 0 
7fd024000000-7fd024021000 rw-p 00000000 00:00 0 
7fd024021000-7fd028000000 ---p 00000000 00:00 0 
7fd028000000-7fd028021000 rw-p 00000000 00:00 0 
7fd028021000-7fd02c000000 ---p 00000000 00:00 0 
7fd02c000000-7fd02c021000 rw-p 00000000 00:00 0 
7fd02c021000-7fd030000000 ---p 00000000 00:00 0 
7fd030000000-7fd030021000 rw-p 00000000 00:00 0 
7fd030021000-7fd034000000 ---p 00000000 00:00 0 
7fd034042000-7fd034046000 r--s 00000000 08:05 1206704                    /var/cache/fontconfig/6aa41aa22e18b8fa06a12da28ea9c28b-le64.cache-7
7fd034046000-7fd034051000 r--s 00000000 08:05 1192451                    /var/cache/fontconfig/945677eb7aeaf62f1d50efc3fb3ec7d8-le64.cache-7
7fd034051000-7fd034056000 r--s 00000000 08:05 1192422                    /var/cache/fontconfig/2300eef321c393bfd76478a5c0e95b23-le64.cache-7
7fd034056000-7fd034057000 r--s 00000000 08:05 1192415                    /var/cache/fontconfig/0d8c3b2ac0904cb8a57a757ad11a4a08-le64.cache-7
7fd034057000-7fd03405b000 ---p 00000000 00:00 0 
7fd03405b000-7fd036348000 rw-p 00000000 00:00 0 
7fd036348000-7fd038000000 ---p 00000000 00:00 0 
7fd038000000-7fd038021000 rw-p 00000000 00:00 0 
7fd038021000-7fd03c000000 ---p 00000000 00:00 0 
7fd03c000000-7fd03c021000 rw-p 00000000 00:00 0 
7fd03c021000-7fd040000000 ---p 00000000 00:00 0 
7fd040000000-7fd040021000 rw-p 00000000 00:00 0 
7fd040021000-7fd044000000 ---p 00000000 00:00 0 
7fd044000000-7fd044015000 r--s 00000000 08:05 1192411                    /var/cache/fontconfig/04aabc0a78ac019cf9454389977116d2-le64.cache-7
7fd044015000-7fd044016000 r--s 00000000 08:05 1192419                    /var/cache/fontconfig/1ac9eb803944fde146138c791f5cc56a-le64.cache-7
7fd044016000-7fd044017000 r--s 00000000 08:05 1192470                    /var/cache/fontconfig/dc05db6664285cc2f12bf69c139ae4c3-le64.cache-7
7fd044017000-7fd044019000 r--s 00000000 08:05 1192416                    /var/cache/fontconfig/14a5e22175779b556eaa434240950366-le64.cache-7
7fd044019000-7fd04401a000 r--s 00000000 08:05 1192443                    /var/cache/fontconfig/660208299946a285a940457d1287da33-le64.cache-7
7fd04401a000-7fd04401b000 r--s 00000000 08:05 1206489                    /var/cache/fontconfig/5d1cca7074f29429a8d18692746c2426-le64.cache-7
7fd04401b000-7fd04401d000 r--s 00000000 08:05 1192434                    /var/cache/fontconfig/4f3e3037c9980c83b53a9351efadef62-le64.cache-7
7fd04401d000-7fd04401f000 r--s 00000000 08:05 1192448                    /var/cache/fontconfig/767a8244fc0220cfb567a839d0392e0b-le64.cache-7
7fd04401f000-7fd044020000 r--s 00000000 08:05 1176178                    /var/cache/fontconfig/4794a0821666d79190d59a36cb4f44b5-le64.cache-7
7fd044020000-7fd044022000 r--s 00000000 08:05 1176008                    /var/cache/fontconfig/0bd3dc0958fa2205aaaa8ebb13e2872b-le64.cache-7
7fd044022000-7fd044027000 r--s 00000000 08:05 1192471                    /var/cache/fontconfig/def309198bfa603429122923fa2bb2d4-le64.cache-7
7fd044027000-7fd044028000 r--s 00000000 08:05 1192459                    /var/cache/fontconfig/b872e6e592da6075ffa4ab0a1fcc0c75-le64.cache-7
7fd044028000-7fd044029000 r--s 00000000 08:05 1192476                    /var/cache/fontconfig/f6d4eedfaab2589bde49f7a3ff831d22-le64.cache-7
7fd044029000-7fd04402a000 r--s 00000000 08:05 1192441                    /var/cache/fontconfig/589f83ef4c36d296ce6e1c846f468f08-le64.cache-7
7fd04402a000-7fd04402b000 r--s 00000000 08:05 1192461                    /var/cache/fontconfig/bab58bb527bb656aaa9f116d68a48d89-le64.cache-7
7fd04402b000-7fd04402c000 r--s 00000000 08:05 1192420                    /var/cache/fontconfig/2171a34dccabdb6bcbbc728186263178-le64.cache-7
7fd04402c000-7fd04402d000 r--s 00000000 08:05 1192462                    /var/cache/fontconfig/c5c45a61289222e0d30b1a26ef4effbe-le64.cache-7
7fd04402d000-7fd04402e000 r--s 00000000 08:05 1192457                    /var/cache/fontconfig/aec30016f93e1b46d1a973dce0d74068-le64.cache-7
7fd04402e000-7fd04402f000 r--s 00000000 08:05 1192427                    /var/cache/fontconfig/3f589640d34b7dc9042c8d453f7c8b9c-le64.cache-7
7fd04402f000-7fd044030000 r--s 00000000 08:05 1192417                    /var/cache/fontconfig/16c2fda60d1b4b719f4b3d06fd951d25-le64.cache-7
7fd044030000-7fd044031000 r--s 00000000 08:05 1192456                    /var/cache/fontconfig/a48eab177a16e4f3713381162db2f3e9-le64.cache-7
7fd044031000-7fd044032000 r--s 00000000 08:05 1192437                    /var/cache/fontconfig/564b2e68ac9bc4e36a6f7f6d6125ec1c-le64.cache-7
7fd044032000-7fd044037000 r--s 00000000 08:05 1188065                    /var/cache/fontconfig/9d2451b1fd30e5bffe8383fd27c35478-le64.cache-7
7fd044037000-7fd04403d000 r--s 00000000 08:05 1188064                    /var/cache/fontconfig/3047814df9a2f067bd2d96a2b9c36e5a-le64.cache-7
7fd04403d000-7fd044045000 r--s 00000000 08:05 1206702                    /var/cache/fontconfig/bf3b770c553c462765856025a94f1ce6-le64.cache-7
7fd044045000-7fd044046000 r--s 00000000 08:05 1192438                    /var/cache/fontconfig/56cf4f4769d0f4abc89a4895d7bd3ae1-le64.cache-7
7fd044046000-7fd044047000 r--s 00000000 08:05 1192460                    /var/cache/fontconfig/b9d506c9ac06c20b433354fa67a72993-le64.cache-7
7fd044047000-7fd04404d000 r--s 00000000 08:05 1192458                    /var/cache/fontconfig/b47c4e1ecd0709278f4910c18777a504-le64.cache-7
7fd04404d000-7fd044060000 r--s 00000000 08:05 1192467                    /var/cache/fontconfig/d52a8644073d54c13679302ca1180695-le64.cache-7
7fd044060000-7fd044061000 r--s 00000000 08:05 1192425                    /var/cache/fontconfig/370e5b74bf5dafc30834de68e24a87a4-le64.cache-7
7fd044061000-7fd044062000 r--s 00000000 08:05 1192446                    /var/cache/fontconfig/6b2c5944714ca7831b25bed9e85cb5c8-le64.cache-7
7fd044062000-7fd044063000 r--s 00000000 08:05 1192466                    /var/cache/fontconfig/d5178ab6d91b49bf20a416737dcea9e8-le64.cache-7
7fd044063000-7fd044064000 r--s 00000000 08:05 1192436                    /var/cache/fontconfig/551ecf3b0e8b0bca0f25c0944f561853-le64.cache-7
7fd044064000-7fd044067000 r--s 00000000 08:05 1192475                    /var/cache/fontconfig/f259c2cffa685e28062317905db73c4a-le64.cache-7
7fd044067000-7fd044073000 r--s 00000000 08:05 1199994                    /var/cache/fontconfig/d589a48862398ed80a3d6066f4f56f4c-le64.cache-7
7fd044073000-7fd044081000 r--s 00000000 08:05 1192453                    /var/cache/fontconfig/9b89f8e3dae116d678bbf48e5f21f69b-le64.cache-7
7fd044081000-7fd044099000 r--s 00000000 08:05 1192469                    /var/cache/fontconfig/e13b20fdb08344e0e664864cc2ede53d-le64.cache-7
7fd044099000-7fd0440a6000 r--s 00000000 08:05 1206697                    /var/cache/fontconfig/8f02d4cb045bd6ce15663e43f347c9f8-le64.cache-7
7fd0440a6000-7fd044146000 r-xp 00000000 08:05 1044701                    /usr/lib/jvm/java-11-openjdk-amd64/lib/libawt.so
7fd044146000-7fd044346000 ---p 000a0000 08:05 1044701                    /usr/lib/jvm/java-11-openjdk-amd64/lib/libawt.so
7fd044346000-7fd044347000 r--p 000a0000 08:05 1044701                    /usr/lib/jvm/java-11-openjdk-amd64/lib/libawt.so
7fd044347000-7fd044352000 rw-p 000a1000 08:05 1044701                    /usr/lib/jvm/java-11-openjdk-amd64/lib/libawt.so
7fd044352000-7fd044377000 rw-p 00000000 00:00 0 
7fd044377000-7fd04438e000 r-xp 00000000 08:05 1044726                    /usr/lib/jvm/java-11-openjdk-amd64/lib/libnet.so
7fd04438e000-7fd04458d000 ---p 00017000 08:05 1044726                    /usr/lib/jvm/java-11-openjdk-amd64/lib/libnet.so
7fd04458d000-7fd04458e000 r--p 00016000 08:05 1044726                    /usr/lib/jvm/java-11-openjdk-amd64/lib/libnet.so
7fd04458e000-7fd04458f000 rw-p 00017000 08:05 1044726                    /usr/lib/jvm/java-11-openjdk-amd64/lib/libnet.so
7fd04458f000-7fd0445a0000 r-xp 00000000 08:05 1044727                    /usr/lib/jvm/java-11-openjdk-amd64/lib/libnio.so
7fd0445a0000-7fd04479f000 ---p 00011000 08:05 1044727                    /usr/lib/jvm/java-11-openjdk-amd64/lib/libnio.so
7fd04479f000-7fd0447a0000 r--p 00010000 08:05 1044727                    /usr/lib/jvm/java-11-openjdk-amd64/lib/libnio.so
7fd0447a0000-7fd0447a1000 rw-p 00011000 08:05 1044727                    /usr/lib/jvm/java-11-openjdk-amd64/lib/libnio.so
7fd0447a1000-7fd0447a5000 ---p 00000000 00:00 0 
7fd0447a5000-7fd0448a2000 rw-p 00000000 00:00 0 
7fd0448a2000-7fd0448a3000 ---p 00000000 00:00 0 
7fd0448a3000-7fd0449a4000 rw-p 00000000 00:00 0 
7fd0449a4000-7fd0449a8000 ---p 00000000 00:00 0 
7fd0449a8000-7fd044aa5000 rw-p 00000000 00:00 0 
7fd044aa5000-7fd044aa9000 ---p 00000000 00:00 0 
7fd044aa9000-7fd044ba6000 rw-p 00000000 00:00 0 
7fd044ba6000-7fd044baa000 ---p 00000000 00:00 0 
7fd044baa000-7fd044ca7000 rw-p 00000000 00:00 0 
7fd044ca7000-7fd044cab000 ---p 00000000 00:00 0 
7fd044cab000-7fd044da8000 rw-p 00000000 00:00 0 
7fd044da8000-7fd044dac000 ---p 00000000 00:00 0 
7fd044dac000-7fd044ea9000 rw-p 00000000 00:00 0 
7fd044ea9000-7fd044ead000 ---p 00000000 00:00 0 
7fd044ead000-7fd044faa000 rw-p 00000000 00:00 0 
7fd044faa000-7fd045979000 r--p 00000000 08:05 267985                     /usr/lib/locale/locale-archive
7fd045979000-7fd04597d000 ---p 00000000 00:00 0 
7fd04597d000-7fd045a7a000 rw-p 00000000 00:00 0 
7fd045a7a000-7fd045a7e000 ---p 00000000 00:00 0 
7fd045a7e000-7fd045b7b000 rw-p 00000000 00:00 0 
7fd045b7b000-7fd045b7c000 ---p 00000000 00:00 0 
7fd045b7c000-7fd045e6d000 rw-p 00000000 00:00 0 
7fd045e6d000-7fd047b25000 ---p 00000000 00:00 0 
7fd047b25000-7fd047d95000 rwxp 00000000 00:00 0 
7fd047d95000-7fd0480b5000 ---p 00000000 00:00 0 
7fd0480b5000-7fd048bc5000 rwxp 00000000 00:00 0 
7fd048bc5000-7fd04f5ed000 ---p 00000000 00:00 0 
7fd04f5ed000-7fd04f88d000 rwxp 00000000 00:00 0 
7fd04f88d000-7fd056b25000 ---p 00000000 00:00 0 
7fd056b25000-7fd060000000 r--s 00000000 08:05 1062053                    /usr/lib/jvm/java-11-openjdk-amd64/lib/modules
7fd060000000-7fd060510000 rw-p 00000000 00:00 0 
7fd060510000-7fd064000000 ---p 00000000 00:00 0 
7fd064000000-7fd064002000 r--s 00000000 08:05 1192435                    /var/cache/fontconfig/550f3886151c940c12a5ed35f6a00586-le64.cache-7
7fd064002000-7fd064005000 r--s 00000000 08:05 1192444                    /var/cache/fontconfig/674d1711f2d1d2a09646eb0bdcadee49-le64.cache-7
7fd064005000-7fd064006000 r--s 00000000 08:05 1192428                    /var/cache/fontconfig/3f7329c5293ffd510edef78f73874cfd-le64.cache-7
7fd064006000-7fd064007000 r--s 00000000 08:05 1206478                    /var/cache/fontconfig/e7de81b01590fb7e12b38e274e17d0db-le64.cache-7
7fd064007000-7fd064008000 r--s 00000000 08:05 1192414                    /var/cache/fontconfig/0c9eb80ebd1c36541ebe2852d3bb0c49-le64.cache-7
7fd064008000-7fd064009000 r--s 00000000 08:05 1192421                    /var/cache/fontconfig/22368d551a680bfe5a62c02760edf4ea-le64.cache-7
7fd064009000-7fd06400a000 r--s 00000000 08:05 1192433                    /var/cache/fontconfig/4d9c95eba1cb85bbcf2878543262124a-le64.cache-7
7fd06400a000-7fd06400b000 r--s 00000000 08:05 1192450                    /var/cache/fontconfig/85e0a52ce643a7ba2ae53e5d6949cead-le64.cache-7
7fd06400b000-7fd06402c000 r--s 00000000 08:05 1206694                    /var/cache/fontconfig/467c019e582ee353435ea5c21d137ef6-le64.cache-7
7fd06402c000-7fd06405c000 r--p 00000000 08:05 526415                     /usr/share/glib-2.0/schemas/gschemas.compiled
7fd06405c000-7fd064986000 rw-p 00000000 00:00 0 
7fd064986000-7fd064987000 ---p 00000000 00:00 0 
7fd064987000-7fd064a88000 rw-p 00000000 00:00 0 
7fd064a88000-7fd064a89000 ---p 00000000 00:00 0 
7fd064a89000-7fd064b8a000 rw-p 00000000 00:00 0 
7fd064b8a000-7fd064b8b000 ---p 00000000 00:00 0 
7fd064b8b000-7fd064c8c000 rw-p 00000000 00:00 0 
7fd064c8c000-7fd064c8d000 ---p 00000000 00:00 0 
7fd064c8d000-7fd064d8e000 rw-p 00000000 00:00 0 
7fd064d8e000-7fd064d8f000 ---p 00000000 00:00 0 
7fd064d8f000-7fd065294000 rw-p 00000000 00:00 0 
7fd065294000-7fd065295000 ---p 00000000 00:00 0 
7fd065295000-7fd065396000 rw-p 00000000 00:00 0 
7fd065396000-7fd065397000 ---p 00000000 00:00 0 
7fd065397000-7fd0654d6000 rw-p 00000000 00:00 0 
7fd0654d6000-7fd06586d000 ---p 00000000 00:00 0 
7fd06586d000-7fd0658ab000 rw-p 00000000 00:00 0 
7fd0658ab000-7fd065c42000 ---p 00000000 00:00 0 
7fd065c42000-7fd065c80000 rw-p 00000000 00:00 0 
7fd065c80000-7fd066017000 ---p 00000000 00:00 0 
7fd066017000-7fd06641b000 rw-p 00000000 00:00 0 
7fd06641b000-7fd06641c000 ---p 00000000 00:00 0 
7fd06641c000-7fd06651d000 rw-p 00000000 00:00 0 
7fd06651d000-7fd06651e000 ---p 00000000 00:00 0 
7fd06651e000-7fd06661f000 rw-p 00000000 00:00 0 
7fd06661f000-7fd066620000 ---p 00000000 00:00 0 
7fd066620000-7fd066721000 rw-p 00000000 00:00 0 
7fd066721000-7fd066722000 ---p 00000000 00:00 0 
7fd066722000-7fd066829000 rw-p 00000000 00:00 0 
7fd066829000-7fd06690e000 ---p 00000000 00:00 0 
7fd06690e000-7fd066925000 rw-p 00000000 00:00 0 
7fd066925000-7fd0669f9000 ---p 00000000 00:00 0 
7fd0669f9000-7fd0669fe000 r-xp 00000000 08:05 1044718                    /usr/lib/jvm/java-11-openjdk-amd64/lib/libjimage.so
7fd0669fe000-7fd066bfd000 ---p 00005000 08:05 1044718                    /usr/lib/jvm/java-11-openjdk-amd64/lib/libjimage.so
7fd066bfd000-7fd066bfe000 r--p 00004000 08:05 1044718                    /usr/lib/jvm/java-11-openjdk-amd64/lib/libjimage.so
7fd066bfe000-7fd066bff000 rw-p 00005000 08:05 1044718                    /usr/lib/jvm/java-11-openjdk-amd64/lib/libjimage.so
7fd066bff000-7fd066c06000 r-xp 00000000 08:05 1062049                    /usr/lib/jvm/java-11-openjdk-amd64/lib/libzip.so
7fd066c06000-7fd066e05000 ---p 00007000 08:05 1062049                    /usr/lib/jvm/java-11-openjdk-amd64/lib/libzip.so
7fd066e05000-7fd066e06000 r--p 00006000 08:05 1062049                    /usr/lib/jvm/java-11-openjdk-amd64/lib/libzip.so
7fd066e06000-7fd066e07000 rw-p 00007000 08:05 1062049                    /usr/lib/jvm/java-11-openjdk-amd64/lib/libzip.so
7fd066e07000-7fd066e12000 r-xp 00000000 08:05 919743                     /lib/x86_64-linux-gnu/libnss_files-2.27.so
7fd066e12000-7fd067011000 ---p 0000b000 08:05 919743                     /lib/x86_64-linux-gnu/libnss_files-2.27.so
7fd067011000-7fd067012000 r--p 0000a000 08:05 919743                     /lib/x86_64-linux-gnu/libnss_files-2.27.so
7fd067012000-7fd067013000 rw-p 0000b000 08:05 919743                     /lib/x86_64-linux-gnu/libnss_files-2.27.so
7fd067013000-7fd067019000 rw-p 00000000 00:00 0 
7fd067019000-7fd067030000 r-xp 00000000 08:05 919737                     /lib/x86_64-linux-gnu/libnsl-2.27.so
7fd067030000-7fd06722f000 ---p 00017000 08:05 919737                     /lib/x86_64-linux-gnu/libnsl-2.27.so
7fd06722f000-7fd067230000 r--p 00016000 08:05 919737                     /lib/x86_64-linux-gnu/libnsl-2.27.so
7fd067230000-7fd067231000 rw-p 00017000 08:05 919737                     /lib/x86_64-linux-gnu/libnsl-2.27.so
7fd067231000-7fd067233000 rw-p 00000000 00:00 0 
7fd067233000-7fd06723e000 r-xp 00000000 08:05 919754                     /lib/x86_64-linux-gnu/libnss_nis-2.27.so
7fd06723e000-7fd06743d000 ---p 0000b000 08:05 919754                     /lib/x86_64-linux-gnu/libnss_nis-2.27.so
7fd06743d000-7fd06743e000 r--p 0000a000 08:05 919754                     /lib/x86_64-linux-gnu/libnss_nis-2.27.so
7fd06743e000-7fd06743f000 rw-p 0000b000 08:05 919754                     /lib/x86_64-linux-gnu/libnss_nis-2.27.so
7fd06743f000-7fd067447000 r-xp 00000000 08:05 919739                     /lib/x86_64-linux-gnu/libnss_compat-2.27.so
7fd067447000-7fd067647000 ---p 00008000 08:05 919739                     /lib/x86_64-linux-gnu/libnss_compat-2.27.so
7fd067647000-7fd067648000 r--p 00008000 08:05 919739                     /lib/x86_64-linux-gnu/libnss_compat-2.27.so
7fd067648000-7fd067649000 rw-p 00009000 08:05 919739                     /lib/x86_64-linux-gnu/libnss_compat-2.27.so
7fd067649000-7fd067675000 r-xp 00000000 08:05 1044714                    /usr/lib/jvm/java-11-openjdk-amd64/lib/libjava.so
7fd067675000-7fd067874000 ---p 0002c000 08:05 1044714                    /usr/lib/jvm/java-11-openjdk-amd64/lib/libjava.so
7fd067874000-7fd067875000 r--p 0002b000 08:05 1044714                    /usr/lib/jvm/java-11-openjdk-amd64/lib/libjava.so
7fd067875000-7fd067877000 rw-p 0002c000 08:05 1044714                    /usr/lib/jvm/java-11-openjdk-amd64/lib/libjava.so
7fd067877000-7fd067884000 r-xp 00000000 08:05 1062045                    /usr/lib/jvm/java-11-openjdk-amd64/lib/libverify.so
7fd067884000-7fd067a83000 ---p 0000d000 08:05 1062045                    /usr/lib/jvm/java-11-openjdk-amd64/lib/libverify.so
7fd067a83000-7fd067a85000 r--p 0000c000 08:05 1062045                    /usr/lib/jvm/java-11-openjdk-amd64/lib/libverify.so
7fd067a85000-7fd067a86000 rw-p 0000e000 08:05 1062045                    /usr/lib/jvm/java-11-openjdk-amd64/lib/libverify.so
7fd067a86000-7fd067a8d000 r-xp 00000000 08:05 919794                     /lib/x86_64-linux-gnu/librt-2.27.so
7fd067a8d000-7fd067c8c000 ---p 00007000 08:05 919794                     /lib/x86_64-linux-gnu/librt-2.27.so
7fd067c8c000-7fd067c8d000 r--p 00006000 08:05 919794                     /lib/x86_64-linux-gnu/librt-2.27.so
7fd067c8d000-7fd067c8e000 rw-p 00007000 08:05 919794                     /lib/x86_64-linux-gnu/librt-2.27.so
7fd067c8e000-7fd067ca5000 r-xp 00000000 08:05 913937                     /lib/x86_64-linux-gnu/libgcc_s.so.1
7fd067ca5000-7fd067ea4000 ---p 00017000 08:05 913937                     /lib/x86_64-linux-gnu/libgcc_s.so.1
7fd067ea4000-7fd067ea5000 r--p 00016000 08:05 913937                     /lib/x86_64-linux-gnu/libgcc_s.so.1
7fd067ea5000-7fd067ea6000 rw-p 00017000 08:05 913937                     /lib/x86_64-linux-gnu/libgcc_s.so.1
7fd067ea6000-7fd068043000 r-xp 00000000 08:05 919716                     /lib/x86_64-linux-gnu/libm-2.27.so
7fd068043000-7fd068242000 ---p 0019d000 08:05 919716                     /lib/x86_64-linux-gnu/libm-2.27.so
7fd068242000-7fd068243000 r--p 0019c000 08:05 919716                     /lib/x86_64-linux-gnu/libm-2.27.so
7fd068243000-7fd068244000 rw-p 0019d000 08:05 919716                     /lib/x86_64-linux-gnu/libm-2.27.so
7fd068244000-7fd0683bd000 r-xp 00000000 08:05 261187                     /usr/lib/x86_64-linux-gnu/libstdc++.so.6.0.25
7fd0683bd000-7fd0685bd000 ---p 00179000 08:05 261187                     /usr/lib/x86_64-linux-gnu/libstdc++.so.6.0.25
7fd0685bd000-7fd0685c7000 r--p 00179000 08:05 261187                     /usr/lib/x86_64-linux-gnu/libstdc++.so.6.0.25
7fd0685c7000-7fd0685c9000 rw-p 00183000 08:05 261187                     /usr/lib/x86_64-linux-gnu/libstdc++.so.6.0.25
7fd0685c9000-7fd0685cd000 rw-p 00000000 00:00 0 
7fd0685cd000-7fd06956a000 r-xp 00000000 08:05 1062065                    /usr/lib/jvm/java-11-openjdk-amd64/lib/server/libjvm.so
7fd06956a000-7fd06976a000 ---p 00f9d000 08:05 1062065                    /usr/lib/jvm/java-11-openjdk-amd64/lib/server/libjvm.so
7fd06976a000-7fd06982e000 r--p 00f9d000 08:05 1062065                    /usr/lib/jvm/java-11-openjdk-amd64/lib/server/libjvm.so
7fd06982e000-7fd069866000 rw-p 01061000 08:05 1062065                    /usr/lib/jvm/java-11-openjdk-amd64/lib/server/libjvm.so
7fd069866000-7fd0698af000 rw-p 00000000 00:00 0 
7fd0698af000-7fd0698c9000 r-xp 00000000 08:05 919786                     /lib/x86_64-linux-gnu/libpthread-2.27.so
7fd0698c9000-7fd069ac8000 ---p 0001a000 08:05 919786                     /lib/x86_64-linux-gnu/libpthread-2.27.so
7fd069ac8000-7fd069ac9000 r--p 00019000 08:05 919786                     /lib/x86_64-linux-gnu/libpthread-2.27.so
7fd069ac9000-7fd069aca000 rw-p 0001a000 08:05 919786                     /lib/x86_64-linux-gnu/libpthread-2.27.so
7fd069aca000-7fd069ace000 rw-p 00000000 00:00 0 
7fd069ace000-7fd069ad1000 r-xp 00000000 08:05 919676                     /lib/x86_64-linux-gnu/libdl-2.27.so
7fd069ad1000-7fd069cd0000 ---p 00003000 08:05 919676                     /lib/x86_64-linux-gnu/libdl-2.27.so
7fd069cd0000-7fd069cd1000 r--p 00002000 08:05 919676                     /lib/x86_64-linux-gnu/libdl-2.27.so
7fd069cd1000-7fd069cd2000 rw-p 00003000 08:05 919676                     /lib/x86_64-linux-gnu/libdl-2.27.so
7fd069cd2000-7fd069cee000 r-xp 00000000 08:05 919825                     /lib/x86_64-linux-gnu/libz.so.1.2.11
7fd069cee000-7fd069eed000 ---p 0001c000 08:05 919825                     /lib/x86_64-linux-gnu/libz.so.1.2.11
7fd069eed000-7fd069eee000 r--p 0001b000 08:05 919825                     /lib/x86_64-linux-gnu/libz.so.1.2.11
7fd069eee000-7fd069eef000 rw-p 0001c000 08:05 919825                     /lib/x86_64-linux-gnu/libz.so.1.2.11
7fd069eef000-7fd06a0d6000 r-xp 00000000 08:05 919653                     /lib/x86_64-linux-gnu/libc-2.27.so
7fd06a0d6000-7fd06a2d6000 ---p 001e7000 08:05 919653                     /lib/x86_64-linux-gnu/libc-2.27.so
7fd06a2d6000-7fd06a2da000 r--p 001e7000 08:05 919653                     /lib/x86_64-linux-gnu/libc-2.27.so
7fd06a2da000-7fd06a2dc000 rw-p 001eb000 08:05 919653                     /lib/x86_64-linux-gnu/libc-2.27.so
7fd06a2dc000-7fd06a2e0000 rw-p 00000000 00:00 0 
7fd06a2e0000-7fd06a2ef000 r-xp 00000000 08:05 1044697                    /usr/lib/jvm/java-11-openjdk-amd64/lib/jli/libjli.so
7fd06a2ef000-7fd06a4ee000 ---p 0000f000 08:05 1044697                    /usr/lib/jvm/java-11-openjdk-amd64/lib/jli/libjli.so
7fd06a4ee000-7fd06a4ef000 r--p 0000e000 08:05 1044697                    /usr/lib/jvm/java-11-openjdk-amd64/lib/jli/libjli.so
7fd06a4ef000-7fd06a4f0000 rw-p 0000f000 08:05 1044697                    /usr/lib/jvm/java-11-openjdk-amd64/lib/jli/libjli.so
7fd06a4f0000-7fd06a517000 r-xp 00000000 08:05 919625                     /lib/x86_64-linux-gnu/ld-2.27.so
7fd06a517000-7fd06a518000 r--s 00000000 08:05 1192430                    /var/cache/fontconfig/49f0de54bdd920fe4f0dfd4cbac43e6b-le64.cache-7
7fd06a518000-7fd06a519000 r--s 00000000 08:05 1192477                    /var/cache/fontconfig/f6e6e0a5c3d2f6ae0c0c2e0ecd42a997-le64.cache-7
7fd06a519000-7fd06a51a000 r--s 00000000 08:05 1192431                    /var/cache/fontconfig/4b2eda6bb976bda485cb2176619421d5-le64.cache-7
7fd06a51a000-7fd06a51c000 r--s 00000000 08:05 1192445                    /var/cache/fontconfig/6afa1bb216ce958c1589e297e8008489-le64.cache-7
7fd06a51c000-7fd06a51f000 r--s 00000000 08:05 1206699                    /var/cache/fontconfig/16326683038b281783a0ef8c680e3a10-le64.cache-7
7fd06a537000-7fd06a53c000 r--p 00000000 08:07 2894373                    /home/christoph/.config/dconf/user (deleted)
7fd06a53c000-7fd06a5f9000 rw-p 00000000 00:00 0 
7fd06a5f9000-7fd06a5fd000 ---p 00000000 00:00 0 
7fd06a5fd000-7fd06a6fc000 rw-p 00000000 00:00 0 
7fd06a6fc000-7fd06a6fd000 r--s 00000000 08:05 1206695                    /var/cache/fontconfig/e0aa53bcfa504e64f87823c16bc01eb6-le64.cache-7
7fd06a6fd000-7fd06a6fe000 r--s 00000000 00:33 35                         /run/user/1000/dconf/user (deleted)
7fd06a6fe000-7fd06a704000 rw-p 00000000 00:00 0 
7fd06a704000-7fd06a70b000 ---p 00000000 00:00 0 
7fd06a70b000-7fd06a713000 rw-s 00000000 08:05 130618                     /tmp/hsperfdata_christoph/14145
7fd06a713000-7fd06a714000 ---p 00000000 00:00 0 
7fd06a714000-7fd06a715000 r--p 00000000 00:00 0 
7fd06a715000-7fd06a717000 rw-p 00000000 00:00 0 
7fd06a717000-7fd06a718000 r--p 00027000 08:05 919625                     /lib/x86_64-linux-gnu/ld-2.27.so
7fd06a718000-7fd06a719000 rw-p 00028000 08:05 919625                     /lib/x86_64-linux-gnu/ld-2.27.so
7fd06a719000-7fd06a71a000 rw-p 00000000 00:00 0 
7ffd5589c000-7ffd558bd000 rw-p 00000000 00:00 0                          [stack]
7ffd55907000-7ffd5590a000 r--p 00000000 00:00 0                          [vvar]
7ffd5590a000-7ffd5590c000 r-xp 00000000 00:00 0                          [vdso]
ffffffffff600000-ffffffffff601000 r-xp 00000000 00:00 0                  [vsyscall]


VM Arguments:
jvm_args: -Dfile.encoding=UTF-8 
java_command: Controllers.TRECController
java_class_path (initial): /home/christoph/Uni/OAD/OAD-2018-2019/Ass2/UI-Prototyp:/home/christoph/Uni/OAD/OAD-2018-2019/Ass2/UI-Prototyp/lib/antlr-2.7.7.jar:/home/christoph/Uni/OAD/OAD-2018-2019/Ass2/UI-Prototyp/lib/byte-buddy-1.8.17.jar:/home/christoph/Uni/OAD/OAD-2018-2019/Ass2/UI-Prototyp/lib/classmate-1.3.4.jar:/home/christoph/Uni/OAD/OAD-2018-2019/Ass2/UI-Prototyp/lib/dom4j-2.1.1.jar:/home/christoph/Uni/OAD/OAD-2018-2019/Ass2/UI-Prototyp/lib/hibernate-commons-annotations-5.0.4.Final.jar:/home/christoph/Uni/OAD/OAD-2018-2019/Ass2/UI-Prototyp/lib/hibernate-core-5.3.7.Final.jar:/home/christoph/Uni/OAD/OAD-2018-2019/Ass2/UI-Prototyp/lib/jandex-2.0.5.Final.jar:/home/christoph/Uni/OAD/OAD-2018-2019/Ass2/UI-Prototyp/lib/javassist-3.23.1-GA.jar:/home/christoph/Uni/OAD/OAD-2018-2019/Ass2/UI-Prototyp/lib/javax.activation-api-1.2.0.jar:/home/christoph/Uni/OAD/OAD-2018-2019/Ass2/UI-Prototyp/lib/javax.persistence-api-2.2.jar:/home/christoph/Uni/OAD/OAD-2018-2019/Ass2/UI-Prototyp/lib/jboss-logging-3.3.2.Final.jar:/home/christoph/Uni/OAD/OAD-2018-2019/Ass2/UI-Prototyp/lib/jboss-transaction-api_1.2_spec-1.1.1.Final.jar:/home/christoph/Uni/OAD/OAD-2018-2019/Ass2/UI-Prototyp/lib/mysql-connector-java-8.0.13.jar:/home/christoph/Uni/OAD/OAD-2018-2019/Ass2/UI-Prototyp/lib/javax.activation-1.2.0.jar:/home/christoph/Uni/OAD/OAD-2018-2019/Ass2/UI-Prototyp/lib/jaxb-api-2.3.0.jar:/home/christoph/Uni/OAD/OAD-2018-2019/Ass2/UI-Prototyp/lib/jaxb-core-2.3.0.jar:/home/christoph/Uni/OAD/OAD-2018-2019/Ass2/UI-Prototyp/lib/jaxb-impl-2.3.0.jar
Launcher Type: SUN_STANDARD

Logging:
Log output configuration:
#0: stdout all=warning uptime,level,tags
#1: stderr all=off uptime,level,tags

Environment Variables:
PATH=/home/christoph/.local/bin:/usr/local/sbin:/usr/local/bin:/usr/sbin:/usr/bin:/sbin:/bin:/usr/games:/usr/local/games:/snap/bin
USERNAME=christoph
SHELL=/bin/bash
DISPLAY=:0

Signal Handlers:
SIGSEGV: [libjvm.so+0xd28b70], sa_mask[0]=11111111011111111101111111111110, sa_flags=SA_RESTART|SA_SIGINFO
SIGBUS: [libjvm.so+0xd28b70], sa_mask[0]=11111111011111111101111111111110, sa_flags=SA_RESTART|SA_SIGINFO
SIGFPE: [libjvm.so+0xd28b70], sa_mask[0]=11111111011111111101111111111110, sa_flags=SA_RESTART|SA_SIGINFO
SIGPIPE: SIG_IGN, sa_mask[0]=00000000000010000000000000000000, sa_flags=SA_RESTART
SIGXFSZ: [libjvm.so+0xb2a1f0], sa_mask[0]=11111111011111111101111111111110, sa_flags=SA_RESTART|SA_SIGINFO
SIGILL: [libjvm.so+0xd28b70], sa_mask[0]=11111111011111111101111111111110, sa_flags=SA_RESTART|SA_SIGINFO
SIGUSR2: [libjvm.so+0xb2a030], sa_mask[0]=00100000000000000000000000000000, sa_flags=SA_RESTART|SA_SIGINFO
SIGHUP: [libjvm.so+0xb2a180], sa_mask[0]=11111111011111111101111111111110, sa_flags=SA_RESTART|SA_SIGINFO
SIGINT: [libjvm.so+0xb2a180], sa_mask[0]=11111111011111111101111111111110, sa_flags=SA_RESTART|SA_SIGINFO
SIGTERM: [libjvm.so+0xb2a180], sa_mask[0]=11111111011111111101111111111110, sa_flags=SA_RESTART|SA_SIGINFO
SIGQUIT: [libjvm.so+0xb2a180], sa_mask[0]=11111111011111111101111111111110, sa_flags=SA_RESTART|SA_SIGINFO


---------------  S Y S T E M  ---------------

OS:DISTRIB_ID=Ubuntu
DISTRIB_RELEASE=18.04
DISTRIB_CODENAME=bionic
DISTRIB_DESCRIPTION="Ubuntu 18.04.1 LTS"
uname:Linux 4.15.0-43-generic #46-Ubuntu SMP Thu Dec 6 14:45:28 UTC 2018 x86_64
libc:glibc 2.27 NPTL 2.27 
rlimit: STACK 8192k, CORE 0k, NPROC 30905, NOFILE 4096, AS infinity, DATA infinity, FSIZE infinity
load average:1,35 1,66 1,63

/proc/meminfo:
MemTotal:        8029488 kB
MemFree:         2589628 kB
MemAvailable:    2785584 kB
Buffers:           31568 kB
Cached:           504172 kB
SwapCached:        47092 kB
Active:          4171308 kB
Inactive:         999584 kB
Active(anon):    3989508 kB
Inactive(anon):   783956 kB
Active(file):     181800 kB
Inactive(file):   215628 kB
Unevictable:          32 kB
Mlocked:              32 kB
SwapTotal:       3906556 kB
SwapFree:         419440 kB
Dirty:              1792 kB
Writeback:             0 kB
AnonPages:       4588028 kB
Mapped:           215364 kB
Shmem:            138492 kB
Slab:             117504 kB
SReclaimable:      45532 kB
SUnreclaim:        71972 kB
KernelStack:       28292 kB
PageTables:        57532 kB
NFS_Unstable:          0 kB
Bounce:                0 kB
WritebackTmp:          0 kB
CommitLimit:     7921300 kB
Committed_AS:   14559016 kB
VmallocTotal:   34359738367 kB
VmallocUsed:           0 kB
VmallocChunk:          0 kB
HardwareCorrupted:     0 kB
AnonHugePages:         0 kB
ShmemHugePages:        0 kB
ShmemPmdMapped:        0 kB
CmaTotal:              0 kB
CmaFree:               0 kB
HugePages_Total:       0
HugePages_Free:        0
HugePages_Rsvd:        0
HugePages_Surp:        0
Hugepagesize:       2048 kB
DirectMap4k:      187796 kB
DirectMap2M:     7014400 kB
DirectMap1G:     1048576 kB

container (cgroup) information:
container_type: cgroupv1
cpu_cpuset_cpus: 0-3
cpu_memory_nodes: 0
active_processor_count: 4
cpu_quota: -1
cpu_period: 100000
cpu_shares: -1
memory_limit_in_bytes: -1
memory_and_swap_limit_in_bytes: -2
memory_soft_limit_in_bytes: -1
memory_usage_in_bytes: 5251338240
memory_max_usage_in_bytes: 0


CPU:total 4 (initial active 4) (2 cores per cpu, 2 threads per core) family 6 model 78 stepping 3, cmov, cx8, fxsr, mmx, sse, sse2, sse3, ssse3, sse4.1, sse4.2, popcnt, avx, avx2, aes, clmul, erms, 3dnowpref, lzcnt, ht, tsc, tscinvbit, bmi1, bmi2, adx, fma
CPU Model and flags from /proc/cpuinfo:
model name	: Intel(R) Core(TM) i5-6200U CPU @ 2.30GHz
flags		: fpu vme de pse tsc msr pae mce cx8 apic sep mtrr pge mca cmov pat pse36 clflush dts acpi mmx fxsr sse sse2 ss ht tm pbe syscall nx pdpe1gb rdtscp lm constant_tsc art arch_perfmon pebs bts rep_good nopl xtopology nonstop_tsc cpuid aperfmperf tsc_known_freq pni pclmulqdq dtes64 monitor ds_cpl vmx est tm2 ssse3 sdbg fma cx16 xtpr pdcm pcid sse4_1 sse4_2 x2apic movbe popcnt tsc_deadline_timer aes xsave avx f16c rdrand lahf_lm abm 3dnowprefetch cpuid_fault epb invpcid_single pti ssbd ibrs ibpb stibp tpr_shadow vnmi flexpriority ept vpid fsgsbase tsc_adjust bmi1 avx2 smep bmi2 erms invpcid mpx rdseed adx smap clflushopt intel_pt xsaveopt xsavec xgetbv1 xsaves dtherm ida arat pln pts hwp hwp_notify hwp_act_window hwp_epp flush_l1d

Memory: 4k page, physical 8029488k(2589396k free), swap 3906556k(419624k free)

vm_info: OpenJDK 64-Bit Server VM (10.0.2+13-Ubuntu-1ubuntu0.18.04.4) for linux-amd64 JRE (10.0.2+13-Ubuntu-1ubuntu0.18.04.4), built on Nov 13 2018 12:53:39 by "buildd" with gcc 7.3.0

END.
