#
# There is insufficient memory for the Java Runtime Environment to continue.
# Native memory allocation (mmap) failed to map 130023424 bytes for committing reserved memory.
# Possible reasons:
#   The system is out of physical RAM or swap space
#   The process is running with CompressedOops enabled, and the Java Heap may be blocking the growth of the native heap
# Possible solutions:
#   Reduce memory load on the system
#   Increase physical memory or swap space
#   Check if swap backing store is full
#   Decrease Java heap size (-Xmx/-Xms)
#   Decrease number of Java threads
#   Decrease Java thread stack sizes (-Xss)
#   Set larger code cache with -XX:ReservedCodeCacheSize=
# This output file may be truncated or incomplete.
#
#  Out of Memory Error (os_linux.cpp:2706), pid=19529, tid=19534
#
# JRE version:  (10.0.2+13) (build )
# Java VM: OpenJDK 64-Bit Server VM (10.0.2+13-Ubuntu-1ubuntu0.18.04.4, mixed mode, aot, tiered, compressed oops, g1 gc, linux-amd64)
# Core dump will be written. Default location: Core dumps may be processed with "/usr/share/apport/apport %p %s %c %d %P" (or dumping to /home/christoph/Uni/OAD/OAD-2018-2019/Ass2/UI-Prototyp/core.19529)
#

---------------  S U M M A R Y ------------

Command Line: -Dfile.encoding=UTF-8 Controllers.TRECController

Host: Intel(R) Core(TM) i5-6200U CPU @ 2.30GHz, 4 cores, 7G, Ubuntu 18.04.1 LTS
Time: Mon Jan 21 19:58:37 2019 CET elapsed time: 0 seconds (0d 0h 0m 0s)

---------------  T H R E A D  ---------------

Current thread (0x00007f1618012000):  JavaThread "Unknown thread" [_thread_in_vm, id=19534, stack(0x00007f161edc3000,0x00007f161eec4000)]

Stack: [0x00007f161edc3000,0x00007f161eec4000],  sp=0x00007f161eec22e0,  free space=1020k
Native frames: (J=compiled Java code, A=aot compiled Java code, j=interpreted, Vv=VM code, C=native code)
V  [libjvm.so+0xd27ea4]
V  [libjvm.so+0xd28a4b]
V  [libjvm.so+0x64d415]
V  [libjvm.so+0xb2d7c8]
V  [libjvm.so+0xb2601d]
V  [libjvm.so+0x7662ff]
V  [libjvm.so+0x76653e]
V  [libjvm.so+0x769500]
V  [libjvm.so+0x7efa1c]
V  [libjvm.so+0x7f06df]
V  [libjvm.so+0x7f0b59]
V  [libjvm.so+0x7162cf]
V  [libjvm.so+0x71afd3]
V  [libjvm.so+0xce5dc2]
V  [libjvm.so+0xce60c6]
V  [libjvm.so+0x807d57]
V  [libjvm.so+0xcc7ac4]
V  [libjvm.so+0x8601b1]  JNI_CreateJavaVM+0x51
C  [libjli.so+0x3d83]
C  [libjli.so+0x89dd]
C  [libpthread.so.0+0x76db]  start_thread+0xdb


---------------  P R O C E S S  ---------------

Threads class SMR info:
_java_thread_list=0x000055c370c5ac20, length=0, elements={
}

Java Threads: ( => current thread )

Other Threads:
  0x00007f1618028800 GCTaskThread "GC Thread#0" [stack: 0x00007f15fe9d1000,0x00007f15fead1000] [id=19536]
  0x00007f161802a000 GCTaskThread "GC Thread#1" [stack: 0x00007f15fe8cf000,0x00007f15fe9cf000] [id=19537]
  0x00007f161802b800 GCTaskThread "GC Thread#2" [stack: 0x00007f15fe7cd000,0x00007f15fe8cd000] [id=19538]
  0x00007f161802d800 GCTaskThread "GC Thread#3" [stack: 0x00007f15fe6cb000,0x00007f15fe7cb000] [id=19539]
  0x00007f1618056800 ConcurrentGCThread "G1 Main Marker" [stack: 0x00007f15fd646000,0x00007f15fd746000] [id=19540]
  0x00007f1618058800 ConcurrentGCThread "G1 Conc#0" [stack: 0x00007f15fd544000,0x00007f15fd644000] [id=19541]

[error occurred during error reporting (printing all threads), id 0xe0000002]

VM state:not at safepoint (not fully initialized)

VM Mutex/Monitor currently owned by a thread:  ([mutex/lock_event])
[0x00007f161800ea70] Heap_lock - owner thread: 0x00007f1618012000

Heap address: 0x0000000085600000, size: 1962 MB, Compressed Oops mode: Non-zero based: 0x0000000085600000
Narrow klass base: 0x0000000000000000, Narrow klass shift: 0

GC Heap History (0 events):
No events

Deoptimization events (0 events):
No events

Classes redefined (0 events):
No events

Internal exceptions (0 events):
No events

Events (0 events):
No events


Dynamic libraries:
8d200000-100000000 ---p 00000000 00:00 0 
55c36ff65000-55c36ff66000 r-xp 00000000 08:05 1044648                    /usr/lib/jvm/java-11-openjdk-amd64/bin/java
55c370166000-55c370167000 r--p 00001000 08:05 1044648                    /usr/lib/jvm/java-11-openjdk-amd64/bin/java
55c370167000-55c370168000 rw-p 00002000 08:05 1044648                    /usr/lib/jvm/java-11-openjdk-amd64/bin/java
55c370c43000-55c370c64000 rw-p 00000000 00:00 0                          [heap]
7f15dc000000-7f15dc021000 rw-p 00000000 00:00 0 
7f15dc021000-7f15e0000000 ---p 00000000 00:00 0 
7f15e2000000-7f15e4000000 rw-p 00000000 00:00 0 
7f15e4000000-7f15e4021000 rw-p 00000000 00:00 0 
7f15e4021000-7f15e8000000 ---p 00000000 00:00 0 
7f15e8000000-7f15e8021000 rw-p 00000000 00:00 0 
7f15e8021000-7f15ec000000 ---p 00000000 00:00 0 
7f15ec2b0000-7f15f0000000 ---p 00000000 00:00 0 
7f15f0000000-7f15f0021000 rw-p 00000000 00:00 0 
7f15f0021000-7f15f4000000 ---p 00000000 00:00 0 
7f15f4000000-7f15f4021000 rw-p 00000000 00:00 0 
7f15f4021000-7f15f8000000 ---p 00000000 00:00 0 
7f15f8000000-7f15f8021000 rw-p 00000000 00:00 0 
7f15f8021000-7f15fc000000 ---p 00000000 00:00 0 
7f15fd13e000-7f15fd542000 rw-p 00000000 00:00 0 
7f15fd542000-7f15fd543000 ---p 00000000 00:00 0 
7f15fd543000-7f15fd644000 rw-p 00000000 00:00 0 
7f15fd644000-7f15fd645000 ---p 00000000 00:00 0 
7f15fd645000-7f15fd746000 rw-p 00000000 00:00 0 
7f15fd746000-7f15fe2c5000 ---p 00000000 00:00 0 
7f15fe2c5000-7f15fe6c9000 rw-p 00000000 00:00 0 
7f15fe6c9000-7f15fe6ca000 ---p 00000000 00:00 0 
7f15fe6ca000-7f15fe7cb000 rw-p 00000000 00:00 0 
7f15fe7cb000-7f15fe7cc000 ---p 00000000 00:00 0 
7f15fe7cc000-7f15fe8cd000 rw-p 00000000 00:00 0 
7f15fe8cd000-7f15fe8ce000 ---p 00000000 00:00 0 
7f15fe8ce000-7f15fe9cf000 rw-p 00000000 00:00 0 
7f15fe9cf000-7f15fe9d0000 ---p 00000000 00:00 0 
7f15fe9d0000-7f15fead6000 rw-p 00000000 00:00 0 
7f15fead6000-7f15febbc000 ---p 00000000 00:00 0 
7f15febbc000-7f15febc1000 rw-p 00000000 00:00 0 
7f15febc1000-7f15feca7000 ---p 00000000 00:00 0 
7f15feca7000-7f15fef17000 rwxp 00000000 00:00 0 
7f15fef17000-7f15ff237000 ---p 00000000 00:00 0 
7f15ff237000-7f15ff4a7000 rwxp 00000000 00:00 0 
7f15ff4a7000-7f160676f000 ---p 00000000 00:00 0 
7f160676f000-7f16069df000 rwxp 00000000 00:00 0 
7f16069df000-7f160dca7000 ---p 00000000 00:00 0 
7f160dca7000-7f1617182000 r--s 00000000 08:05 1062053                    /usr/lib/jvm/java-11-openjdk-amd64/lib/modules
7f1617182000-7f1617187000 r-xp 00000000 08:05 1044718                    /usr/lib/jvm/java-11-openjdk-amd64/lib/libjimage.so
7f1617187000-7f1617386000 ---p 00005000 08:05 1044718                    /usr/lib/jvm/java-11-openjdk-amd64/lib/libjimage.so
7f1617386000-7f1617387000 r--p 00004000 08:05 1044718                    /usr/lib/jvm/java-11-openjdk-amd64/lib/libjimage.so
7f1617387000-7f1617388000 rw-p 00005000 08:05 1044718                    /usr/lib/jvm/java-11-openjdk-amd64/lib/libjimage.so
7f1617388000-7f161738f000 r-xp 00000000 08:05 1062049                    /usr/lib/jvm/java-11-openjdk-amd64/lib/libzip.so
7f161738f000-7f161758e000 ---p 00007000 08:05 1062049                    /usr/lib/jvm/java-11-openjdk-amd64/lib/libzip.so
7f161758e000-7f161758f000 r--p 00006000 08:05 1062049                    /usr/lib/jvm/java-11-openjdk-amd64/lib/libzip.so
7f161758f000-7f1617590000 rw-p 00007000 08:05 1062049                    /usr/lib/jvm/java-11-openjdk-amd64/lib/libzip.so
7f1617590000-7f161759b000 r-xp 00000000 08:05 919743                     /lib/x86_64-linux-gnu/libnss_files-2.27.so
7f161759b000-7f161779a000 ---p 0000b000 08:05 919743                     /lib/x86_64-linux-gnu/libnss_files-2.27.so
7f161779a000-7f161779b000 r--p 0000a000 08:05 919743                     /lib/x86_64-linux-gnu/libnss_files-2.27.so
7f161779b000-7f161779c000 rw-p 0000b000 08:05 919743                     /lib/x86_64-linux-gnu/libnss_files-2.27.so
7f161779c000-7f16177a2000 rw-p 00000000 00:00 0 
7f16177a2000-7f16177b9000 r-xp 00000000 08:05 919737                     /lib/x86_64-linux-gnu/libnsl-2.27.so
7f16177b9000-7f16179b8000 ---p 00017000 08:05 919737                     /lib/x86_64-linux-gnu/libnsl-2.27.so
7f16179b8000-7f16179b9000 r--p 00016000 08:05 919737                     /lib/x86_64-linux-gnu/libnsl-2.27.so
7f16179b9000-7f16179ba000 rw-p 00017000 08:05 919737                     /lib/x86_64-linux-gnu/libnsl-2.27.so
7f16179ba000-7f16179bc000 rw-p 00000000 00:00 0 
7f16179bc000-7f16179c7000 r-xp 00000000 08:05 919754                     /lib/x86_64-linux-gnu/libnss_nis-2.27.so
7f16179c7000-7f1617bc6000 ---p 0000b000 08:05 919754                     /lib/x86_64-linux-gnu/libnss_nis-2.27.so
7f1617bc6000-7f1617bc7000 r--p 0000a000 08:05 919754                     /lib/x86_64-linux-gnu/libnss_nis-2.27.so
7f1617bc7000-7f1617bc8000 rw-p 0000b000 08:05 919754                     /lib/x86_64-linux-gnu/libnss_nis-2.27.so
7f1617bc8000-7f1617bd0000 r-xp 00000000 08:05 919739                     /lib/x86_64-linux-gnu/libnss_compat-2.27.so
7f1617bd0000-7f1617dd0000 ---p 00008000 08:05 919739                     /lib/x86_64-linux-gnu/libnss_compat-2.27.so
7f1617dd0000-7f1617dd1000 r--p 00008000 08:05 919739                     /lib/x86_64-linux-gnu/libnss_compat-2.27.so
7f1617dd1000-7f1617dd2000 rw-p 00009000 08:05 919739                     /lib/x86_64-linux-gnu/libnss_compat-2.27.so
7f1617dd2000-7f1617dfe000 r-xp 00000000 08:05 1044714                    /usr/lib/jvm/java-11-openjdk-amd64/lib/libjava.so
7f1617dfe000-7f1617ffd000 ---p 0002c000 08:05 1044714                    /usr/lib/jvm/java-11-openjdk-amd64/lib/libjava.so
7f1617ffd000-7f1617ffe000 r--p 0002b000 08:05 1044714                    /usr/lib/jvm/java-11-openjdk-amd64/lib/libjava.so
7f1617ffe000-7f1618000000 rw-p 0002c000 08:05 1044714                    /usr/lib/jvm/java-11-openjdk-amd64/lib/libjava.so
7f1618000000-7f161806f000 rw-p 00000000 00:00 0 
7f161806f000-7f161c000000 ---p 00000000 00:00 0 
7f161c041000-7f161c04e000 r-xp 00000000 08:05 1062045                    /usr/lib/jvm/java-11-openjdk-amd64/lib/libverify.so
7f161c04e000-7f161c24d000 ---p 0000d000 08:05 1062045                    /usr/lib/jvm/java-11-openjdk-amd64/lib/libverify.so
7f161c24d000-7f161c24f000 r--p 0000c000 08:05 1062045                    /usr/lib/jvm/java-11-openjdk-amd64/lib/libverify.so
7f161c24f000-7f161c250000 rw-p 0000e000 08:05 1062045                    /usr/lib/jvm/java-11-openjdk-amd64/lib/libverify.so
7f161c250000-7f161c257000 r-xp 00000000 08:05 919794                     /lib/x86_64-linux-gnu/librt-2.27.so
7f161c257000-7f161c456000 ---p 00007000 08:05 919794                     /lib/x86_64-linux-gnu/librt-2.27.so
7f161c456000-7f161c457000 r--p 00006000 08:05 919794                     /lib/x86_64-linux-gnu/librt-2.27.so
7f161c457000-7f161c458000 rw-p 00007000 08:05 919794                     /lib/x86_64-linux-gnu/librt-2.27.so
7f161c458000-7f161c46f000 r-xp 00000000 08:05 913937                     /lib/x86_64-linux-gnu/libgcc_s.so.1
7f161c46f000-7f161c66e000 ---p 00017000 08:05 913937                     /lib/x86_64-linux-gnu/libgcc_s.so.1
7f161c66e000-7f161c66f000 r--p 00016000 08:05 913937                     /lib/x86_64-linux-gnu/libgcc_s.so.1
7f161c66f000-7f161c670000 rw-p 00017000 08:05 913937                     /lib/x86_64-linux-gnu/libgcc_s.so.1
7f161c670000-7f161c80d000 r-xp 00000000 08:05 919716                     /lib/x86_64-linux-gnu/libm-2.27.so
7f161c80d000-7f161ca0c000 ---p 0019d000 08:05 919716                     /lib/x86_64-linux-gnu/libm-2.27.so
7f161ca0c000-7f161ca0d000 r--p 0019c000 08:05 919716                     /lib/x86_64-linux-gnu/libm-2.27.so
7f161ca0d000-7f161ca0e000 rw-p 0019d000 08:05 919716                     /lib/x86_64-linux-gnu/libm-2.27.so
7f161ca0e000-7f161cb87000 r-xp 00000000 08:05 261187                     /usr/lib/x86_64-linux-gnu/libstdc++.so.6.0.25
7f161cb87000-7f161cd87000 ---p 00179000 08:05 261187                     /usr/lib/x86_64-linux-gnu/libstdc++.so.6.0.25
7f161cd87000-7f161cd91000 r--p 00179000 08:05 261187                     /usr/lib/x86_64-linux-gnu/libstdc++.so.6.0.25
7f161cd91000-7f161cd93000 rw-p 00183000 08:05 261187                     /usr/lib/x86_64-linux-gnu/libstdc++.so.6.0.25
7f161cd93000-7f161cd97000 rw-p 00000000 00:00 0 
7f161cd97000-7f161dd34000 r-xp 00000000 08:05 1062065                    /usr/lib/jvm/java-11-openjdk-amd64/lib/server/libjvm.so
7f161dd34000-7f161df34000 ---p 00f9d000 08:05 1062065                    /usr/lib/jvm/java-11-openjdk-amd64/lib/server/libjvm.so
7f161df34000-7f161dff8000 r--p 00f9d000 08:05 1062065                    /usr/lib/jvm/java-11-openjdk-amd64/lib/server/libjvm.so
7f161dff8000-7f161e030000 rw-p 01061000 08:05 1062065                    /usr/lib/jvm/java-11-openjdk-amd64/lib/server/libjvm.so
7f161e030000-7f161e079000 rw-p 00000000 00:00 0 
7f161e079000-7f161e093000 r-xp 00000000 08:05 919786                     /lib/x86_64-linux-gnu/libpthread-2.27.so
7f161e093000-7f161e292000 ---p 0001a000 08:05 919786                     /lib/x86_64-linux-gnu/libpthread-2.27.so
7f161e292000-7f161e293000 r--p 00019000 08:05 919786                     /lib/x86_64-linux-gnu/libpthread-2.27.so
7f161e293000-7f161e294000 rw-p 0001a000 08:05 919786                     /lib/x86_64-linux-gnu/libpthread-2.27.so
7f161e294000-7f161e298000 rw-p 00000000 00:00 0 
7f161e298000-7f161e29b000 r-xp 00000000 08:05 919676                     /lib/x86_64-linux-gnu/libdl-2.27.so
7f161e29b000-7f161e49a000 ---p 00003000 08:05 919676                     /lib/x86_64-linux-gnu/libdl-2.27.so
7f161e49a000-7f161e49b000 r--p 00002000 08:05 919676                     /lib/x86_64-linux-gnu/libdl-2.27.so
7f161e49b000-7f161e49c000 rw-p 00003000 08:05 919676                     /lib/x86_64-linux-gnu/libdl-2.27.so
7f161e49c000-7f161e4b8000 r-xp 00000000 08:05 919825                     /lib/x86_64-linux-gnu/libz.so.1.2.11
7f161e4b8000-7f161e6b7000 ---p 0001c000 08:05 919825                     /lib/x86_64-linux-gnu/libz.so.1.2.11
7f161e6b7000-7f161e6b8000 r--p 0001b000 08:05 919825                     /lib/x86_64-linux-gnu/libz.so.1.2.11
7f161e6b8000-7f161e6b9000 rw-p 0001c000 08:05 919825                     /lib/x86_64-linux-gnu/libz.so.1.2.11
7f161e6b9000-7f161e8a0000 r-xp 00000000 08:05 919653                     /lib/x86_64-linux-gnu/libc-2.27.so
7f161e8a0000-7f161eaa0000 ---p 001e7000 08:05 919653                     /lib/x86_64-linux-gnu/libc-2.27.so
7f161eaa0000-7f161eaa4000 r--p 001e7000 08:05 919653                     /lib/x86_64-linux-gnu/libc-2.27.so
7f161eaa4000-7f161eaa6000 rw-p 001eb000 08:05 919653                     /lib/x86_64-linux-gnu/libc-2.27.so
7f161eaa6000-7f161eaaa000 rw-p 00000000 00:00 0 
7f161eaaa000-7f161eab9000 r-xp 00000000 08:05 1044697                    /usr/lib/jvm/java-11-openjdk-amd64/lib/jli/libjli.so
7f161eab9000-7f161ecb8000 ---p 0000f000 08:05 1044697                    /usr/lib/jvm/java-11-openjdk-amd64/lib/jli/libjli.so
7f161ecb8000-7f161ecb9000 r--p 0000e000 08:05 1044697                    /usr/lib/jvm/java-11-openjdk-amd64/lib/jli/libjli.so
7f161ecb9000-7f161ecba000 rw-p 0000f000 08:05 1044697                    /usr/lib/jvm/java-11-openjdk-amd64/lib/jli/libjli.so
7f161ecba000-7f161ece1000 r-xp 00000000 08:05 919625                     /lib/x86_64-linux-gnu/ld-2.27.so
7f161ed06000-7f161edc3000 rw-p 00000000 00:00 0 
7f161edc3000-7f161edc7000 ---p 00000000 00:00 0 
7f161edc7000-7f161eec6000 rw-p 00000000 00:00 0 
7f161eec8000-7f161eece000 rw-p 00000000 00:00 0 
7f161eece000-7f161eed5000 ---p 00000000 00:00 0 
7f161eed5000-7f161eedd000 rw-s 00000000 08:05 130643                     /tmp/hsperfdata_christoph/19529
7f161eedd000-7f161eede000 ---p 00000000 00:00 0 
7f161eede000-7f161eedf000 r--p 00000000 00:00 0 
7f161eedf000-7f161eee1000 rw-p 00000000 00:00 0 
7f161eee1000-7f161eee2000 r--p 00027000 08:05 919625                     /lib/x86_64-linux-gnu/ld-2.27.so
7f161eee2000-7f161eee3000 rw-p 00028000 08:05 919625                     /lib/x86_64-linux-gnu/ld-2.27.so
7f161eee3000-7f161eee4000 rw-p 00000000 00:00 0 
7ffd92b67000-7ffd92b88000 rw-p 00000000 00:00 0                          [stack]
7ffd92bad000-7ffd92bb0000 r--p 00000000 00:00 0                          [vvar]
7ffd92bb0000-7ffd92bb2000 r-xp 00000000 00:00 0                          [vdso]
ffffffffff600000-ffffffffff601000 r-xp 00000000 00:00 0                  [vsyscall]


VM Arguments:
jvm_args: -Dfile.encoding=UTF-8 
java_command: Controllers.TRECController
java_class_path (initial): /home/christoph/Uni/OAD/OAD-2018-2019/Ass2/UI-Prototyp:/home/christoph/Uni/OAD/OAD-2018-2019/Ass2/UI-Prototyp/lib/antlr-2.7.7.jar:/home/christoph/Uni/OAD/OAD-2018-2019/Ass2/UI-Prototyp/lib/byte-buddy-1.8.17.jar:/home/christoph/Uni/OAD/OAD-2018-2019/Ass2/UI-Prototyp/lib/classmate-1.3.4.jar:/home/christoph/Uni/OAD/OAD-2018-2019/Ass2/UI-Prototyp/lib/dom4j-2.1.1.jar:/home/christoph/Uni/OAD/OAD-2018-2019/Ass2/UI-Prototyp/lib/hibernate-commons-annotations-5.0.4.Final.jar:/home/christoph/Uni/OAD/OAD-2018-2019/Ass2/UI-Prototyp/lib/hibernate-core-5.3.7.Final.jar:/home/christoph/Uni/OAD/OAD-2018-2019/Ass2/UI-Prototyp/lib/jandex-2.0.5.Final.jar:/home/christoph/Uni/OAD/OAD-2018-2019/Ass2/UI-Prototyp/lib/javassist-3.23.1-GA.jar:/home/christoph/Uni/OAD/OAD-2018-2019/Ass2/UI-Prototyp/lib/javax.activation-api-1.2.0.jar:/home/christoph/Uni/OAD/OAD-2018-2019/Ass2/UI-Prototyp/lib/javax.persistence-api-2.2.jar:/home/christoph/Uni/OAD/OAD-2018-2019/Ass2/UI-Prototyp/lib/jboss-logging-3.3.2.Final.jar:/home/christoph/Uni/OAD/OAD-2018-2019/Ass2/UI-Prototyp/lib/jboss-transaction-api_1.2_spec-1.1.1.Final.jar:/home/christoph/Uni/OAD/OAD-2018-2019/Ass2/UI-Prototyp/lib/mysql-connector-java-8.0.13.jar:/home/christoph/Uni/OAD/OAD-2018-2019/Ass2/UI-Prototyp/lib/javax.activation-1.2.0.jar:/home/christoph/Uni/OAD/OAD-2018-2019/Ass2/UI-Prototyp/lib/jaxb-api-2.3.0.jar:/home/christoph/Uni/OAD/OAD-2018-2019/Ass2/UI-Prototyp/lib/jaxb-core-2.3.0.jar:/home/christoph/Uni/OAD/OAD-2018-2019/Ass2/UI-Prototyp/lib/jaxb-impl-2.3.0.jar
Launcher Type: SUN_STANDARD

Logging:
Log output configuration:
#0: stdout all=warning uptime,level,tags
#1: stderr all=off uptime,level,tags

Environment Variables:
PATH=/home/christoph/.local/bin:/usr/local/sbin:/usr/local/bin:/usr/sbin:/usr/bin:/sbin:/bin:/usr/games:/usr/local/games:/snap/bin
USERNAME=christoph
SHELL=/bin/bash
DISPLAY=:0

Signal Handlers:
SIGSEGV: [libjvm.so+0xd28b70], sa_mask[0]=11111111011111111101111111111110, sa_flags=SA_RESTART|SA_SIGINFO
SIGBUS: [libjvm.so+0xd28b70], sa_mask[0]=11111111011111111101111111111110, sa_flags=SA_RESTART|SA_SIGINFO
SIGFPE: [libjvm.so+0xd28b70], sa_mask[0]=11111111011111111101111111111110, sa_flags=SA_RESTART|SA_SIGINFO
SIGPIPE: [libjvm.so+0xb2a1f0], sa_mask[0]=11111111011111111101111111111110, sa_flags=SA_RESTART|SA_SIGINFO
SIGXFSZ: [libjvm.so+0xb2a1f0], sa_mask[0]=11111111011111111101111111111110, sa_flags=SA_RESTART|SA_SIGINFO
SIGILL: [libjvm.so+0xd28b70], sa_mask[0]=11111111011111111101111111111110, sa_flags=SA_RESTART|SA_SIGINFO
SIGUSR2: [libjvm.so+0xb2a030], sa_mask[0]=00100000000000000000000000000000, sa_flags=SA_RESTART|SA_SIGINFO
SIGHUP: SIG_DFL, sa_mask[0]=00000000000000000000000000000000, sa_flags=none
SIGINT: SIG_DFL, sa_mask[0]=00000000000000000000000000000000, sa_flags=none
SIGTERM: SIG_DFL, sa_mask[0]=00000000000000000000000000000000, sa_flags=none
SIGQUIT: SIG_DFL, sa_mask[0]=00000000000000000000000000000000, sa_flags=none


---------------  S Y S T E M  ---------------

OS:DISTRIB_ID=Ubuntu
DISTRIB_RELEASE=18.04
DISTRIB_CODENAME=bionic
DISTRIB_DESCRIPTION="Ubuntu 18.04.1 LTS"
uname:Linux 4.15.0-43-generic #46-Ubuntu SMP Thu Dec 6 14:45:28 UTC 2018 x86_64
libc:glibc 2.27 NPTL 2.27 
rlimit: STACK 8192k, CORE 0k, NPROC 30905, NOFILE 4096, AS infinity, DATA infinity, FSIZE infinity
load average:1.74 1.06 1.07

/proc/meminfo:
MemTotal:        8029476 kB
MemFree:          123800 kB
MemAvailable:      58436 kB
Buffers:            3060 kB
Cached:           485068 kB
SwapCached:         1752 kB
Active:          6671228 kB
Inactive:         887292 kB
Active(anon):    6625144 kB
Inactive(anon):   833436 kB
Active(file):      46084 kB
Inactive(file):    53856 kB
Unevictable:          80 kB
Mlocked:              80 kB
SwapTotal:       3906556 kB
SwapFree:              0 kB
Dirty:               516 kB
Writeback:             0 kB
AnonPages:       7069972 kB
Mapped:           226764 kB
Shmem:            387800 kB
Slab:             132320 kB
SReclaimable:      49076 kB
SUnreclaim:        83244 kB
KernelStack:       41056 kB
PageTables:       103984 kB
NFS_Unstable:          0 kB
Bounce:                0 kB
WritebackTmp:          0 kB
CommitLimit:     7921292 kB
Committed_AS:   27585168 kB
VmallocTotal:   34359738367 kB
VmallocUsed:           0 kB
VmallocChunk:          0 kB
HardwareCorrupted:     0 kB
AnonHugePages:         0 kB
ShmemHugePages:        0 kB
ShmemPmdMapped:        0 kB
CmaTotal:              0 kB
CmaFree:               0 kB
HugePages_Total:       0
HugePages_Free:        0
HugePages_Rsvd:        0
HugePages_Surp:        0
Hugepagesize:       2048 kB
DirectMap4k:      216468 kB
DirectMap2M:     8034304 kB
DirectMap1G:           0 kB

container (cgroup) information:
container_type: cgroupv1
cpu_cpuset_cpus: 0-3
cpu_memory_nodes: 0
active_processor_count: 4
cpu_quota: -1
cpu_period: 100000
cpu_shares: -1
memory_limit_in_bytes: -1
memory_and_swap_limit_in_bytes: -2
memory_soft_limit_in_bytes: -1
memory_usage_in_bytes: 7737184256
memory_max_usage_in_bytes: 0


CPU:total 4 (initial active 4) (2 cores per cpu, 2 threads per core) family 6 model 78 stepping 3, cmov, cx8, fxsr, mmx, sse, sse2, sse3, ssse3, sse4.1, sse4.2, popcnt, avx, avx2, aes, clmul, erms, 3dnowpref, lzcnt, ht, tsc, tscinvbit, bmi1, bmi2, adx, fma
CPU Model and flags from /proc/cpuinfo:
model name	: Intel(R) Core(TM) i5-6200U CPU @ 2.30GHz
flags		: fpu vme de pse tsc msr pae mce cx8 apic sep mtrr pge mca cmov pat pse36 clflush dts acpi mmx fxsr sse sse2 ss ht tm pbe syscall nx pdpe1gb rdtscp lm constant_tsc art arch_perfmon pebs bts rep_good nopl xtopology nonstop_tsc cpuid aperfmperf tsc_known_freq pni pclmulqdq dtes64 monitor ds_cpl vmx est tm2 ssse3 sdbg fma cx16 xtpr pdcm pcid sse4_1 sse4_2 x2apic movbe popcnt tsc_deadline_timer aes xsave avx f16c rdrand lahf_lm abm 3dnowprefetch cpuid_fault epb invpcid_single pti ssbd ibrs ibpb stibp tpr_shadow vnmi flexpriority ept vpid fsgsbase tsc_adjust bmi1 avx2 smep bmi2 erms invpcid mpx rdseed adx smap clflushopt intel_pt xsaveopt xsavec xgetbv1 xsaves dtherm ida arat pln pts hwp hwp_notify hwp_act_window hwp_epp flush_l1d

Memory: 4k page, physical 8029476k(128220k free), swap 3906556k(0k free)

vm_info: OpenJDK 64-Bit Server VM (10.0.2+13-Ubuntu-1ubuntu0.18.04.4) for linux-amd64 JRE (10.0.2+13-Ubuntu-1ubuntu0.18.04.4), built on Nov 13 2018 12:53:39 by "buildd" with gcc 7.3.0

END.
