#
# There is insufficient memory for the Java Runtime Environment to continue.
# Native memory allocation (mmap) failed to map 130023424 bytes for committing reserved memory.
# Possible reasons:
#   The system is out of physical RAM or swap space
#   The process is running with CompressedOops enabled, and the Java Heap may be blocking the growth of the native heap
# Possible solutions:
#   Reduce memory load on the system
#   Increase physical memory or swap space
#   Check if swap backing store is full
#   Decrease Java heap size (-Xmx/-Xms)
#   Decrease number of Java threads
#   Decrease Java thread stack sizes (-Xss)
#   Set larger code cache with -XX:ReservedCodeCacheSize=
# This output file may be truncated or incomplete.
#
#  Out of Memory Error (os_linux.cpp:2706), pid=20485, tid=20491
#
# JRE version:  (10.0.2+13) (build )
# Java VM: OpenJDK 64-Bit Server VM (10.0.2+13-Ubuntu-1ubuntu0.18.04.4, mixed mode, aot, tiered, compressed oops, g1 gc, linux-amd64)
# Core dump will be written. Default location: Core dumps may be processed with "/usr/share/apport/apport %p %s %c %d %P" (or dumping to /home/christoph/Uni/OAD/OAD-2018-2019/Ass2/UI-Prototyp/core.20485)
#

---------------  S U M M A R Y ------------

Command Line: -Dfile.encoding=UTF-8 Controllers.TRECController

Host: Intel(R) Core(TM) i5-6200U CPU @ 2.30GHz, 4 cores, 7G, Ubuntu 18.04.1 LTS
Time: Thu Jan 24 23:37:59 2019 CET elapsed time: 0 seconds (0d 0h 0m 0s)

---------------  T H R E A D  ---------------

Current thread (0x00007f4d58012000):  JavaThread "Unknown thread" [_thread_in_vm, id=20491, stack(0x00007f4d5f47d000,0x00007f4d5f57e000)]

Stack: [0x00007f4d5f47d000,0x00007f4d5f57e000],  sp=0x00007f4d5f57c2e0,  free space=1020k
Native frames: (J=compiled Java code, A=aot compiled Java code, j=interpreted, Vv=VM code, C=native code)
V  [libjvm.so+0xd27ea4]
V  [libjvm.so+0xd28a4b]
V  [libjvm.so+0x64d415]
V  [libjvm.so+0xb2d7c8]
V  [libjvm.so+0xb2601d]
V  [libjvm.so+0x7662ff]
V  [libjvm.so+0x76653e]
V  [libjvm.so+0x769500]
V  [libjvm.so+0x7efa1c]
V  [libjvm.so+0x7f06df]
V  [libjvm.so+0x7f0b59]
V  [libjvm.so+0x7162cf]
V  [libjvm.so+0x71afd3]
V  [libjvm.so+0xce5dc2]
V  [libjvm.so+0xce60c6]
V  [libjvm.so+0x807d57]
V  [libjvm.so+0xcc7ac4]
V  [libjvm.so+0x8601b1]  JNI_CreateJavaVM+0x51
C  [libjli.so+0x3d83]
C  [libjli.so+0x89dd]
C  [libpthread.so.0+0x76db]  start_thread+0xdb


---------------  P R O C E S S  ---------------

Threads class SMR info:
_java_thread_list=0x00005646df387c20, length=0, elements={
}

Java Threads: ( => current thread )

Other Threads:
  0x00007f4d58028800 GCTaskThread "GC Thread#0" [stack: 0x00007f4d3f015000,0x00007f4d3f115000] [id=20492]
  0x00007f4d5802a000 GCTaskThread "GC Thread#1" [stack: 0x00007f4d3ef13000,0x00007f4d3f013000] [id=20493]
  0x00007f4d5802b800 GCTaskThread "GC Thread#2" [stack: 0x00007f4d3ee11000,0x00007f4d3ef11000] [id=20494]
  0x00007f4d5802d800 GCTaskThread "GC Thread#3" [stack: 0x00007f4d3ed0f000,0x00007f4d3ee0f000] [id=20495]
  0x00007f4d58056800 ConcurrentGCThread "G1 Main Marker" [stack: 0x00007f4d3dc8a000,0x00007f4d3dd8a000] [id=20496]
  0x00007f4d58058800 ConcurrentGCThread "G1 Conc#0" [stack: 0x00007f4d3db88000,0x00007f4d3dc88000] [id=20497]

[error occurred during error reporting (printing all threads), id 0xe0000002]

VM state:not at safepoint (not fully initialized)

VM Mutex/Monitor currently owned by a thread:  ([mutex/lock_event])
[0x00007f4d5800ea70] Heap_lock - owner thread: 0x00007f4d58012000

Heap address: 0x0000000085600000, size: 1962 MB, Compressed Oops mode: Non-zero based: 0x0000000085600000
Narrow klass base: 0x0000000000000000, Narrow klass shift: 0

GC Heap History (0 events):
No events

Deoptimization events (0 events):
No events

Classes redefined (0 events):
No events

Internal exceptions (0 events):
No events

Events (0 events):
No events


Dynamic libraries:
8d200000-100000000 ---p 00000000 00:00 0 
5646de03b000-5646de03c000 r-xp 00000000 08:05 1044648                    /usr/lib/jvm/java-11-openjdk-amd64/bin/java
5646de23c000-5646de23d000 r--p 00001000 08:05 1044648                    /usr/lib/jvm/java-11-openjdk-amd64/bin/java
5646de23d000-5646de23e000 rw-p 00002000 08:05 1044648                    /usr/lib/jvm/java-11-openjdk-amd64/bin/java
5646df370000-5646df391000 rw-p 00000000 00:00 0                          [heap]
7f4d1c000000-7f4d1c021000 rw-p 00000000 00:00 0 
7f4d1c021000-7f4d20000000 ---p 00000000 00:00 0 
7f4d22000000-7f4d24000000 rw-p 00000000 00:00 0 
7f4d24000000-7f4d24021000 rw-p 00000000 00:00 0 
7f4d24021000-7f4d28000000 ---p 00000000 00:00 0 
7f4d28000000-7f4d28021000 rw-p 00000000 00:00 0 
7f4d28021000-7f4d2c000000 ---p 00000000 00:00 0 
7f4d2c2b0000-7f4d30000000 ---p 00000000 00:00 0 
7f4d30000000-7f4d30021000 rw-p 00000000 00:00 0 
7f4d30021000-7f4d34000000 ---p 00000000 00:00 0 
7f4d34000000-7f4d34021000 rw-p 00000000 00:00 0 
7f4d34021000-7f4d38000000 ---p 00000000 00:00 0 
7f4d38000000-7f4d38021000 rw-p 00000000 00:00 0 
7f4d38021000-7f4d3c000000 ---p 00000000 00:00 0 
7f4d3d782000-7f4d3db86000 rw-p 00000000 00:00 0 
7f4d3db86000-7f4d3db87000 ---p 00000000 00:00 0 
7f4d3db87000-7f4d3dc88000 rw-p 00000000 00:00 0 
7f4d3dc88000-7f4d3dc89000 ---p 00000000 00:00 0 
7f4d3dc89000-7f4d3dd8a000 rw-p 00000000 00:00 0 
7f4d3dd8a000-7f4d3e909000 ---p 00000000 00:00 0 
7f4d3e909000-7f4d3ed0d000 rw-p 00000000 00:00 0 
7f4d3ed0d000-7f4d3ed0e000 ---p 00000000 00:00 0 
7f4d3ed0e000-7f4d3ee0f000 rw-p 00000000 00:00 0 
7f4d3ee0f000-7f4d3ee10000 ---p 00000000 00:00 0 
7f4d3ee10000-7f4d3ef11000 rw-p 00000000 00:00 0 
7f4d3ef11000-7f4d3ef12000 ---p 00000000 00:00 0 
7f4d3ef12000-7f4d3f013000 rw-p 00000000 00:00 0 
7f4d3f013000-7f4d3f014000 ---p 00000000 00:00 0 
7f4d3f014000-7f4d3f11a000 rw-p 00000000 00:00 0 
7f4d3f11a000-7f4d3f200000 ---p 00000000 00:00 0 
7f4d3f200000-7f4d3f205000 rw-p 00000000 00:00 0 
7f4d3f205000-7f4d3f2eb000 ---p 00000000 00:00 0 
7f4d3f2eb000-7f4d3f55b000 rwxp 00000000 00:00 0 
7f4d3f55b000-7f4d3f87b000 ---p 00000000 00:00 0 
7f4d3f87b000-7f4d3faeb000 rwxp 00000000 00:00 0 
7f4d3faeb000-7f4d46db3000 ---p 00000000 00:00 0 
7f4d46db3000-7f4d47023000 rwxp 00000000 00:00 0 
7f4d47023000-7f4d4e2eb000 ---p 00000000 00:00 0 
7f4d4e2eb000-7f4d577c6000 r--s 00000000 08:05 1062053                    /usr/lib/jvm/java-11-openjdk-amd64/lib/modules
7f4d577c6000-7f4d577cb000 r-xp 00000000 08:05 1044718                    /usr/lib/jvm/java-11-openjdk-amd64/lib/libjimage.so
7f4d577cb000-7f4d579ca000 ---p 00005000 08:05 1044718                    /usr/lib/jvm/java-11-openjdk-amd64/lib/libjimage.so
7f4d579ca000-7f4d579cb000 r--p 00004000 08:05 1044718                    /usr/lib/jvm/java-11-openjdk-amd64/lib/libjimage.so
7f4d579cb000-7f4d579cc000 rw-p 00005000 08:05 1044718                    /usr/lib/jvm/java-11-openjdk-amd64/lib/libjimage.so
7f4d579cc000-7f4d579d3000 r-xp 00000000 08:05 1062049                    /usr/lib/jvm/java-11-openjdk-amd64/lib/libzip.so
7f4d579d3000-7f4d57bd2000 ---p 00007000 08:05 1062049                    /usr/lib/jvm/java-11-openjdk-amd64/lib/libzip.so
7f4d57bd2000-7f4d57bd3000 r--p 00006000 08:05 1062049                    /usr/lib/jvm/java-11-openjdk-amd64/lib/libzip.so
7f4d57bd3000-7f4d57bd4000 rw-p 00007000 08:05 1062049                    /usr/lib/jvm/java-11-openjdk-amd64/lib/libzip.so
7f4d57bd4000-7f4d57bdf000 r-xp 00000000 08:05 919743                     /lib/x86_64-linux-gnu/libnss_files-2.27.so
7f4d57bdf000-7f4d57dde000 ---p 0000b000 08:05 919743                     /lib/x86_64-linux-gnu/libnss_files-2.27.so
7f4d57dde000-7f4d57ddf000 r--p 0000a000 08:05 919743                     /lib/x86_64-linux-gnu/libnss_files-2.27.so
7f4d57ddf000-7f4d57de0000 rw-p 0000b000 08:05 919743                     /lib/x86_64-linux-gnu/libnss_files-2.27.so
7f4d57de0000-7f4d57de6000 rw-p 00000000 00:00 0 
7f4d57de6000-7f4d57dfd000 r-xp 00000000 08:05 919737                     /lib/x86_64-linux-gnu/libnsl-2.27.so
7f4d57dfd000-7f4d57ffc000 ---p 00017000 08:05 919737                     /lib/x86_64-linux-gnu/libnsl-2.27.so
7f4d57ffc000-7f4d57ffd000 r--p 00016000 08:05 919737                     /lib/x86_64-linux-gnu/libnsl-2.27.so
7f4d57ffd000-7f4d57ffe000 rw-p 00017000 08:05 919737                     /lib/x86_64-linux-gnu/libnsl-2.27.so
7f4d57ffe000-7f4d58000000 rw-p 00000000 00:00 0 
7f4d58000000-7f4d5806f000 rw-p 00000000 00:00 0 
7f4d5806f000-7f4d5c000000 ---p 00000000 00:00 0 
7f4d5c0b7000-7f4d5c0c2000 r-xp 00000000 08:05 919754                     /lib/x86_64-linux-gnu/libnss_nis-2.27.so
7f4d5c0c2000-7f4d5c2c1000 ---p 0000b000 08:05 919754                     /lib/x86_64-linux-gnu/libnss_nis-2.27.so
7f4d5c2c1000-7f4d5c2c2000 r--p 0000a000 08:05 919754                     /lib/x86_64-linux-gnu/libnss_nis-2.27.so
7f4d5c2c2000-7f4d5c2c3000 rw-p 0000b000 08:05 919754                     /lib/x86_64-linux-gnu/libnss_nis-2.27.so
7f4d5c2c3000-7f4d5c2cb000 r-xp 00000000 08:05 919739                     /lib/x86_64-linux-gnu/libnss_compat-2.27.so
7f4d5c2cb000-7f4d5c4cb000 ---p 00008000 08:05 919739                     /lib/x86_64-linux-gnu/libnss_compat-2.27.so
7f4d5c4cb000-7f4d5c4cc000 r--p 00008000 08:05 919739                     /lib/x86_64-linux-gnu/libnss_compat-2.27.so
7f4d5c4cc000-7f4d5c4cd000 rw-p 00009000 08:05 919739                     /lib/x86_64-linux-gnu/libnss_compat-2.27.so
7f4d5c4cd000-7f4d5c4f9000 r-xp 00000000 08:05 1044714                    /usr/lib/jvm/java-11-openjdk-amd64/lib/libjava.so
7f4d5c4f9000-7f4d5c6f8000 ---p 0002c000 08:05 1044714                    /usr/lib/jvm/java-11-openjdk-amd64/lib/libjava.so
7f4d5c6f8000-7f4d5c6f9000 r--p 0002b000 08:05 1044714                    /usr/lib/jvm/java-11-openjdk-amd64/lib/libjava.so
7f4d5c6f9000-7f4d5c6fb000 rw-p 0002c000 08:05 1044714                    /usr/lib/jvm/java-11-openjdk-amd64/lib/libjava.so
7f4d5c6fb000-7f4d5c708000 r-xp 00000000 08:05 1062045                    /usr/lib/jvm/java-11-openjdk-amd64/lib/libverify.so
7f4d5c708000-7f4d5c907000 ---p 0000d000 08:05 1062045                    /usr/lib/jvm/java-11-openjdk-amd64/lib/libverify.so
7f4d5c907000-7f4d5c909000 r--p 0000c000 08:05 1062045                    /usr/lib/jvm/java-11-openjdk-amd64/lib/libverify.so
7f4d5c909000-7f4d5c90a000 rw-p 0000e000 08:05 1062045                    /usr/lib/jvm/java-11-openjdk-amd64/lib/libverify.so
7f4d5c90a000-7f4d5c911000 r-xp 00000000 08:05 919794                     /lib/x86_64-linux-gnu/librt-2.27.so
7f4d5c911000-7f4d5cb10000 ---p 00007000 08:05 919794                     /lib/x86_64-linux-gnu/librt-2.27.so
7f4d5cb10000-7f4d5cb11000 r--p 00006000 08:05 919794                     /lib/x86_64-linux-gnu/librt-2.27.so
7f4d5cb11000-7f4d5cb12000 rw-p 00007000 08:05 919794                     /lib/x86_64-linux-gnu/librt-2.27.so
7f4d5cb12000-7f4d5cb29000 r-xp 00000000 08:05 913937                     /lib/x86_64-linux-gnu/libgcc_s.so.1
7f4d5cb29000-7f4d5cd28000 ---p 00017000 08:05 913937                     /lib/x86_64-linux-gnu/libgcc_s.so.1
7f4d5cd28000-7f4d5cd29000 r--p 00016000 08:05 913937                     /lib/x86_64-linux-gnu/libgcc_s.so.1
7f4d5cd29000-7f4d5cd2a000 rw-p 00017000 08:05 913937                     /lib/x86_64-linux-gnu/libgcc_s.so.1
7f4d5cd2a000-7f4d5cec7000 r-xp 00000000 08:05 919716                     /lib/x86_64-linux-gnu/libm-2.27.so
7f4d5cec7000-7f4d5d0c6000 ---p 0019d000 08:05 919716                     /lib/x86_64-linux-gnu/libm-2.27.so
7f4d5d0c6000-7f4d5d0c7000 r--p 0019c000 08:05 919716                     /lib/x86_64-linux-gnu/libm-2.27.so
7f4d5d0c7000-7f4d5d0c8000 rw-p 0019d000 08:05 919716                     /lib/x86_64-linux-gnu/libm-2.27.so
7f4d5d0c8000-7f4d5d241000 r-xp 00000000 08:05 261187                     /usr/lib/x86_64-linux-gnu/libstdc++.so.6.0.25
7f4d5d241000-7f4d5d441000 ---p 00179000 08:05 261187                     /usr/lib/x86_64-linux-gnu/libstdc++.so.6.0.25
7f4d5d441000-7f4d5d44b000 r--p 00179000 08:05 261187                     /usr/lib/x86_64-linux-gnu/libstdc++.so.6.0.25
7f4d5d44b000-7f4d5d44d000 rw-p 00183000 08:05 261187                     /usr/lib/x86_64-linux-gnu/libstdc++.so.6.0.25
7f4d5d44d000-7f4d5d451000 rw-p 00000000 00:00 0 
7f4d5d451000-7f4d5e3ee000 r-xp 00000000 08:05 1062065                    /usr/lib/jvm/java-11-openjdk-amd64/lib/server/libjvm.so
7f4d5e3ee000-7f4d5e5ee000 ---p 00f9d000 08:05 1062065                    /usr/lib/jvm/java-11-openjdk-amd64/lib/server/libjvm.so
7f4d5e5ee000-7f4d5e6b2000 r--p 00f9d000 08:05 1062065                    /usr/lib/jvm/java-11-openjdk-amd64/lib/server/libjvm.so
7f4d5e6b2000-7f4d5e6ea000 rw-p 01061000 08:05 1062065                    /usr/lib/jvm/java-11-openjdk-amd64/lib/server/libjvm.so
7f4d5e6ea000-7f4d5e733000 rw-p 00000000 00:00 0 
7f4d5e733000-7f4d5e74d000 r-xp 00000000 08:05 919786                     /lib/x86_64-linux-gnu/libpthread-2.27.so
7f4d5e74d000-7f4d5e94c000 ---p 0001a000 08:05 919786                     /lib/x86_64-linux-gnu/libpthread-2.27.so
7f4d5e94c000-7f4d5e94d000 r--p 00019000 08:05 919786                     /lib/x86_64-linux-gnu/libpthread-2.27.so
7f4d5e94d000-7f4d5e94e000 rw-p 0001a000 08:05 919786                     /lib/x86_64-linux-gnu/libpthread-2.27.so
7f4d5e94e000-7f4d5e952000 rw-p 00000000 00:00 0 
7f4d5e952000-7f4d5e955000 r-xp 00000000 08:05 919676                     /lib/x86_64-linux-gnu/libdl-2.27.so
7f4d5e955000-7f4d5eb54000 ---p 00003000 08:05 919676                     /lib/x86_64-linux-gnu/libdl-2.27.so
7f4d5eb54000-7f4d5eb55000 r--p 00002000 08:05 919676                     /lib/x86_64-linux-gnu/libdl-2.27.so
7f4d5eb55000-7f4d5eb56000 rw-p 00003000 08:05 919676                     /lib/x86_64-linux-gnu/libdl-2.27.so
7f4d5eb56000-7f4d5eb72000 r-xp 00000000 08:05 919825                     /lib/x86_64-linux-gnu/libz.so.1.2.11
7f4d5eb72000-7f4d5ed71000 ---p 0001c000 08:05 919825                     /lib/x86_64-linux-gnu/libz.so.1.2.11
7f4d5ed71000-7f4d5ed72000 r--p 0001b000 08:05 919825                     /lib/x86_64-linux-gnu/libz.so.1.2.11
7f4d5ed72000-7f4d5ed73000 rw-p 0001c000 08:05 919825                     /lib/x86_64-linux-gnu/libz.so.1.2.11
7f4d5ed73000-7f4d5ef5a000 r-xp 00000000 08:05 919653                     /lib/x86_64-linux-gnu/libc-2.27.so
7f4d5ef5a000-7f4d5f15a000 ---p 001e7000 08:05 919653                     /lib/x86_64-linux-gnu/libc-2.27.so
7f4d5f15a000-7f4d5f15e000 r--p 001e7000 08:05 919653                     /lib/x86_64-linux-gnu/libc-2.27.so
7f4d5f15e000-7f4d5f160000 rw-p 001eb000 08:05 919653                     /lib/x86_64-linux-gnu/libc-2.27.so
7f4d5f160000-7f4d5f164000 rw-p 00000000 00:00 0 
7f4d5f164000-7f4d5f173000 r-xp 00000000 08:05 1044697                    /usr/lib/jvm/java-11-openjdk-amd64/lib/jli/libjli.so
7f4d5f173000-7f4d5f372000 ---p 0000f000 08:05 1044697                    /usr/lib/jvm/java-11-openjdk-amd64/lib/jli/libjli.so
7f4d5f372000-7f4d5f373000 r--p 0000e000 08:05 1044697                    /usr/lib/jvm/java-11-openjdk-amd64/lib/jli/libjli.so
7f4d5f373000-7f4d5f374000 rw-p 0000f000 08:05 1044697                    /usr/lib/jvm/java-11-openjdk-amd64/lib/jli/libjli.so
7f4d5f374000-7f4d5f39b000 r-xp 00000000 08:05 919625                     /lib/x86_64-linux-gnu/ld-2.27.so
7f4d5f3c0000-7f4d5f47d000 rw-p 00000000 00:00 0 
7f4d5f47d000-7f4d5f481000 ---p 00000000 00:00 0 
7f4d5f481000-7f4d5f580000 rw-p 00000000 00:00 0 
7f4d5f582000-7f4d5f588000 rw-p 00000000 00:00 0 
7f4d5f588000-7f4d5f58f000 ---p 00000000 00:00 0 
7f4d5f58f000-7f4d5f597000 rw-s 00000000 08:05 130643                     /tmp/hsperfdata_christoph/20485
7f4d5f597000-7f4d5f598000 ---p 00000000 00:00 0 
7f4d5f598000-7f4d5f599000 r--p 00000000 00:00 0 
7f4d5f599000-7f4d5f59b000 rw-p 00000000 00:00 0 
7f4d5f59b000-7f4d5f59c000 r--p 00027000 08:05 919625                     /lib/x86_64-linux-gnu/ld-2.27.so
7f4d5f59c000-7f4d5f59d000 rw-p 00028000 08:05 919625                     /lib/x86_64-linux-gnu/ld-2.27.so
7f4d5f59d000-7f4d5f59e000 rw-p 00000000 00:00 0 
7ffe1ec3d000-7ffe1ec5e000 rw-p 00000000 00:00 0                          [stack]
7ffe1ed20000-7ffe1ed23000 r--p 00000000 00:00 0                          [vvar]
7ffe1ed23000-7ffe1ed25000 r-xp 00000000 00:00 0                          [vdso]
ffffffffff600000-ffffffffff601000 r-xp 00000000 00:00 0                  [vsyscall]


VM Arguments:
jvm_args: -Dfile.encoding=UTF-8 
java_command: Controllers.TRECController
java_class_path (initial): /home/christoph/Uni/OAD/OAD-2018-2019/Ass2/UI-Prototyp:/home/christoph/Uni/OAD/OAD-2018-2019/Ass2/UI-Prototyp/lib/antlr-2.7.7.jar:/home/christoph/Uni/OAD/OAD-2018-2019/Ass2/UI-Prototyp/lib/byte-buddy-1.8.17.jar:/home/christoph/Uni/OAD/OAD-2018-2019/Ass2/UI-Prototyp/lib/classmate-1.3.4.jar:/home/christoph/Uni/OAD/OAD-2018-2019/Ass2/UI-Prototyp/lib/dom4j-2.1.1.jar:/home/christoph/Uni/OAD/OAD-2018-2019/Ass2/UI-Prototyp/lib/hibernate-commons-annotations-5.0.4.Final.jar:/home/christoph/Uni/OAD/OAD-2018-2019/Ass2/UI-Prototyp/lib/hibernate-core-5.3.7.Final.jar:/home/christoph/Uni/OAD/OAD-2018-2019/Ass2/UI-Prototyp/lib/jandex-2.0.5.Final.jar:/home/christoph/Uni/OAD/OAD-2018-2019/Ass2/UI-Prototyp/lib/javassist-3.23.1-GA.jar:/home/christoph/Uni/OAD/OAD-2018-2019/Ass2/UI-Prototyp/lib/javax.activation-api-1.2.0.jar:/home/christoph/Uni/OAD/OAD-2018-2019/Ass2/UI-Prototyp/lib/javax.persistence-api-2.2.jar:/home/christoph/Uni/OAD/OAD-2018-2019/Ass2/UI-Prototyp/lib/jboss-logging-3.3.2.Final.jar:/home/christoph/Uni/OAD/OAD-2018-2019/Ass2/UI-Prototyp/lib/jboss-transaction-api_1.2_spec-1.1.1.Final.jar:/home/christoph/Uni/OAD/OAD-2018-2019/Ass2/UI-Prototyp/lib/mysql-connector-java-8.0.13.jar:/home/christoph/Uni/OAD/OAD-2018-2019/Ass2/UI-Prototyp/lib/javax.activation-1.2.0.jar:/home/christoph/Uni/OAD/OAD-2018-2019/Ass2/UI-Prototyp/lib/jaxb-api-2.3.0.jar:/home/christoph/Uni/OAD/OAD-2018-2019/Ass2/UI-Prototyp/lib/jaxb-core-2.3.0.jar:/home/christoph/Uni/OAD/OAD-2018-2019/Ass2/UI-Prototyp/lib/jaxb-impl-2.3.0.jar
Launcher Type: SUN_STANDARD

Logging:
Log output configuration:
#0: stdout all=warning uptime,level,tags
#1: stderr all=off uptime,level,tags

Environment Variables:
PATH=/home/christoph/.local/bin:/usr/local/sbin:/usr/local/bin:/usr/sbin:/usr/bin:/sbin:/bin:/usr/games:/usr/local/games:/snap/bin
USERNAME=christoph
SHELL=/bin/bash
DISPLAY=:0

Signal Handlers:
SIGSEGV: [libjvm.so+0xd28b70], sa_mask[0]=11111111011111111101111111111110, sa_flags=SA_RESTART|SA_SIGINFO
SIGBUS: [libjvm.so+0xd28b70], sa_mask[0]=11111111011111111101111111111110, sa_flags=SA_RESTART|SA_SIGINFO
SIGFPE: [libjvm.so+0xd28b70], sa_mask[0]=11111111011111111101111111111110, sa_flags=SA_RESTART|SA_SIGINFO
SIGPIPE: [libjvm.so+0xb2a1f0], sa_mask[0]=11111111011111111101111111111110, sa_flags=SA_RESTART|SA_SIGINFO
SIGXFSZ: [libjvm.so+0xb2a1f0], sa_mask[0]=11111111011111111101111111111110, sa_flags=SA_RESTART|SA_SIGINFO
SIGILL: [libjvm.so+0xd28b70], sa_mask[0]=11111111011111111101111111111110, sa_flags=SA_RESTART|SA_SIGINFO
SIGUSR2: [libjvm.so+0xb2a030], sa_mask[0]=00100000000000000000000000000000, sa_flags=SA_RESTART|SA_SIGINFO
SIGHUP: SIG_DFL, sa_mask[0]=00000000000000000000000000000000, sa_flags=none
SIGINT: SIG_DFL, sa_mask[0]=00000000000000000000000000000000, sa_flags=none
SIGTERM: SIG_DFL, sa_mask[0]=00000000000000000000000000000000, sa_flags=none
SIGQUIT: SIG_DFL, sa_mask[0]=00000000000000000000000000000000, sa_flags=none


---------------  S Y S T E M  ---------------

OS:DISTRIB_ID=Ubuntu
DISTRIB_RELEASE=18.04
DISTRIB_CODENAME=bionic
DISTRIB_DESCRIPTION="Ubuntu 18.04.1 LTS"
uname:Linux 4.15.0-43-generic #46-Ubuntu SMP Thu Dec 6 14:45:28 UTC 2018 x86_64
libc:glibc 2.27 NPTL 2.27 
rlimit: STACK 8192k, CORE 0k, NPROC 30905, NOFILE 4096, AS infinity, DATA infinity, FSIZE infinity
load average:2.15 1.86 1.68

/proc/meminfo:
MemTotal:        8029488 kB
MemFree:          120520 kB
MemAvailable:      31368 kB
Buffers:            1908 kB
Cached:           411972 kB
SwapCached:        35084 kB
Active:          6726988 kB
Inactive:         869200 kB
Active(anon):    6702184 kB
Inactive(anon):   837684 kB
Active(file):      24804 kB
Inactive(file):    31516 kB
Unevictable:          80 kB
Mlocked:              80 kB
SwapTotal:       3906556 kB
SwapFree:              0 kB
Dirty:               264 kB
Writeback:             0 kB
AnonPages:       7147844 kB
Mapped:           252408 kB
Shmem:            357148 kB
Slab:             120880 kB
SReclaimable:      44908 kB
SUnreclaim:        75972 kB
KernelStack:       35568 kB
PageTables:        91220 kB
NFS_Unstable:          0 kB
Bounce:                0 kB
WritebackTmp:          0 kB
CommitLimit:     7921300 kB
Committed_AS:   20749116 kB
VmallocTotal:   34359738367 kB
VmallocUsed:           0 kB
VmallocChunk:          0 kB
HardwareCorrupted:     0 kB
AnonHugePages:         0 kB
ShmemHugePages:        0 kB
ShmemPmdMapped:        0 kB
CmaTotal:              0 kB
CmaFree:               0 kB
HugePages_Total:       0
HugePages_Free:        0
HugePages_Rsvd:        0
HugePages_Surp:        0
Hugepagesize:       2048 kB
DirectMap4k:      187796 kB
DirectMap2M:     7014400 kB
DirectMap1G:     1048576 kB

container (cgroup) information:
container_type: cgroupv1
cpu_cpuset_cpus: 0-3
cpu_memory_nodes: 0
active_processor_count: 4
cpu_quota: -1
cpu_period: 100000
cpu_shares: -1
memory_limit_in_bytes: -1
memory_and_swap_limit_in_bytes: -2
memory_soft_limit_in_bytes: -1
memory_usage_in_bytes: 7748739072
memory_max_usage_in_bytes: 0


CPU:total 4 (initial active 4) (2 cores per cpu, 2 threads per core) family 6 model 78 stepping 3, cmov, cx8, fxsr, mmx, sse, sse2, sse3, ssse3, sse4.1, sse4.2, popcnt, avx, avx2, aes, clmul, erms, 3dnowpref, lzcnt, ht, tsc, tscinvbit, bmi1, bmi2, adx, fma
CPU Model and flags from /proc/cpuinfo:
model name	: Intel(R) Core(TM) i5-6200U CPU @ 2.30GHz
flags		: fpu vme de pse tsc msr pae mce cx8 apic sep mtrr pge mca cmov pat pse36 clflush dts acpi mmx fxsr sse sse2 ss ht tm pbe syscall nx pdpe1gb rdtscp lm constant_tsc art arch_perfmon pebs bts rep_good nopl xtopology nonstop_tsc cpuid aperfmperf tsc_known_freq pni pclmulqdq dtes64 monitor ds_cpl vmx est tm2 ssse3 sdbg fma cx16 xtpr pdcm pcid sse4_1 sse4_2 x2apic movbe popcnt tsc_deadline_timer aes xsave avx f16c rdrand lahf_lm abm 3dnowprefetch cpuid_fault epb invpcid_single pti ssbd ibrs ibpb stibp tpr_shadow vnmi flexpriority ept vpid fsgsbase tsc_adjust bmi1 avx2 smep bmi2 erms invpcid mpx rdseed adx smap clflushopt intel_pt xsaveopt xsavec xgetbv1 xsaves dtherm ida arat pln pts hwp hwp_notify hwp_act_window hwp_epp flush_l1d

Memory: 4k page, physical 8029488k(120396k free), swap 3906556k(0k free)

vm_info: OpenJDK 64-Bit Server VM (10.0.2+13-Ubuntu-1ubuntu0.18.04.4) for linux-amd64 JRE (10.0.2+13-Ubuntu-1ubuntu0.18.04.4), built on Nov 13 2018 12:53:39 by "buildd" with gcc 7.3.0

END.
