#
# A fatal error has been detected by the Java Runtime Environment:
#
#  SIGSEGV (0xb) at pc=0x00007f8653139b1e, pid=13692, tid=13725
#
# JRE version: OpenJDK Runtime Environment (10.0.2+13) (build 10.0.2+13-Ubuntu-1ubuntu0.18.04.4)
# Java VM: OpenJDK 64-Bit Server VM (10.0.2+13-Ubuntu-1ubuntu0.18.04.4, mixed mode, tiered, compressed oops, g1 gc, linux-amd64)
# Problematic frame:
# v  ~BufferBlob::jni_fast_GetLongField
#
# Core dump will be written. Default location: Core dumps may be processed with "/usr/share/apport/apport %p %s %c %d %P" (or dumping to /home/christoph/Uni/OAD/OAD-2018-2019/Ass2/UI-Prototyp/core.13692)
#
# If you would like to submit a bug report, please visit:
#   http://bugreport.java.com/bugreport/crash.jsp
# The crash happened outside the Java Virtual Machine in native code.
# See problematic frame for where to report the bug.
#

---------------  S U M M A R Y ------------

Command Line: -Dfile.encoding=UTF-8 Controllers.TRECController

Host: Intel(R) Core(TM) i5-6200U CPU @ 2.30GHz, 4 cores, 7G, Ubuntu 18.04.1 LTS
Time: Thu Jan 24 23:40:28 2019 CET elapsed time: 9977 seconds (0d 2h 46m 17s)

---------------  T H R E A D  ---------------

Current thread (0x00007f866c3fa000):  JavaThread "AWT-XAWT" daemon [_thread_in_native, id=13725, stack(0x00007f85f008f000,0x00007f85f0190000)]

Stack: [0x00007f85f008f000,0x00007f85f0190000],  sp=0x00007f85f018e878,  free space=1022k
Native frames: (J=compiled Java code, A=aot compiled Java code, j=interpreted, Vv=VM code, C=native code)
v  ~BufferBlob::jni_fast_GetLongField
C  [libX11.so.6+0x64b1d]  _XimServerDestroy+0x3d

Java frames: (J=compiled Java code, j=interpreted, Vv=VM code)
J 3714  sun.awt.X11.XlibWrapper.XFilterEvent(JJ)Z java.desktop@10.0.2 (0 bytes) @ 0x00007f865ad2f504 [0x00007f865ad2f4c0+0x0000000000000044]
j  sun.awt.X11.XToolkit.run(Z)V+287 java.desktop@10.0.2
j  sun.awt.X11.XToolkit.run()V+5 java.desktop@10.0.2
j  java.lang.Thread.run()V+11 java.base@10.0.2
v  ~StubRoutines::call_stub

siginfo: si_signo: 11 (SIGSEGV), si_code: 1 (SEGV_MAPERR), si_addr: 0x0000000000000000

Register to memory mapping:

RAX=0x00007f86724baa80: <offset 0x0000000001274a80> in /usr/lib/jvm/java-11-openjdk-amd64/lib/server/libjvm.so at 0x00007f8671246000
RBX=0x00007f866c3fa200 is an unknown value
RCX=0x0000000000000000 is pointing into the stack for thread: 0x00007f8610001000
RDX=0x0000000000000042 is an unknown value
RSP=0x00007f85f018e878 is pointing into the stack for thread: 0x00007f866c3fa000
RBP=0x00007f85f018e8a0 is pointing into the stack for thread: 0x00007f866c3fa000
RSI=0x0000000000000000 is pointing into the stack for thread: 0x00007f8610001000
RDI=0x00007f866c3fa200 is an unknown value
R8 =0x00007f86345e19b0: <offset 0x000000000005c9b0> in /usr/lib/x86_64-linux-gnu/libX11.so.6 at 0x00007f8634585000
R9 =0x0000000000000000 is pointing into the stack for thread: 0x00007f8610001000
R10=0x0000000000000248 is an unknown value
R11=0x00007f865ad2f4d8 is at entry_point+24 in (nmethod*)0x00007f865ad2f310
R12=0x0000000000000000 is pointing into the stack for thread: 0x00007f8610001000
R13=0x0000000000000000 is pointing into the stack for thread: 0x00007f8610001000
R14=0x00007f8634d325c0: <offset 0x00000000002635c0> in /usr/lib/jvm/java-11-openjdk-amd64/lib/libawt_xawt.so at 0x00007f8634acf000
R15=0x00007f866c3fa000 is a thread


Registers:
RAX=0x00007f86724baa80, RBX=0x00007f866c3fa200, RCX=0x0000000000000000, RDX=0x0000000000000042
RSP=0x00007f85f018e878, RBP=0x00007f85f018e8a0, RSI=0x0000000000000000, RDI=0x00007f866c3fa200
R8 =0x00007f86345e19b0, R9 =0x0000000000000000, R10=0x0000000000000248, R11=0x00007f865ad2f4d8
R12=0x0000000000000000, R13=0x0000000000000000, R14=0x00007f8634d325c0, R15=0x00007f866c3fa000
RIP=0x00007f8653139b1e, EFLAGS=0x0000000000010246, CSGSFS=0x002b000000000033, ERR=0x0000000000000004
  TRAPNO=0x000000000000000e

Top of Stack: (sp=0x00007f85f018e878)
0x00007f85f018e878:   00007f8634b061d4 00007f8650f9ed88
0x00007f85f018e888:   0000000000000000 00007f85f018e948
0x00007f85f018e898:   00007f85f018e920 00007f85c808b0e0
0x00007f85f018e8a8:   00007f86345e9b1d 00007f8650f9ed88 

Instructions: (pc=0x00007f8653139b1e)
0x00007f8653139afe:   00 00 44 8b 15 7d c8 3c 1f 4c 8b ce 41 f6 c2 01
0x00007f8653139b0e:   0f 85 32 00 00 00 4d 33 ca 4d 33 ca 49 83 e1 fe
0x00007f8653139b1e:   4d 8b 09 4c 8b da 49 c1 eb 02 4b 8b 04 19 49 bb
0x00007f8653139b2e:   84 63 50 72 86 7f 00 00 4c 33 d8 4c 33 d8 45 3b 



---------------  P R O C E S S  ---------------

Threads class SMR info:
_java_thread_list=0x00007f85d4000b20, length=17, elements={
0x00007f866c132000, 0x00007f866c134000, 0x00007f866c146800, 0x00007f866c148800,
0x00007f866c14a800, 0x00007f866c14c800, 0x00007f866c14e800, 0x00007f866c1ab800,
0x00007f866c1b9800, 0x00007f866c3ce000, 0x00007f866c3fa000, 0x00007f866c012000,
0x00007f85c80af800, 0x00007f85c84f7000, 0x00007f85c851a000, 0x00007f8610001000,
0x00007f8610002000
}

Java Threads: ( => current thread )
  0x00007f866c132000 JavaThread "Reference Handler" daemon [_thread_blocked, id=13710, stack(0x00007f86505f3000,0x00007f86506f4000)]
  0x00007f866c134000 JavaThread "Finalizer" daemon [_thread_blocked, id=13711, stack(0x00007f86504f2000,0x00007f86505f3000)]
  0x00007f866c146800 JavaThread "Signal Dispatcher" daemon [_thread_blocked, id=13712, stack(0x00007f86503f1000,0x00007f86504f2000)]
  0x00007f866c148800 JavaThread "C2 CompilerThread0" daemon [_thread_blocked, id=13713, stack(0x00007f86502f0000,0x00007f86503f1000)]
  0x00007f866c14a800 JavaThread "C2 CompilerThread1" daemon [_thread_blocked, id=13714, stack(0x00007f86501ef000,0x00007f86502f0000)]
  0x00007f866c14c800 JavaThread "C1 CompilerThread2" daemon [_thread_blocked, id=13715, stack(0x00007f86500ee000,0x00007f86501ef000)]
  0x00007f866c14e800 JavaThread "Sweeper thread" daemon [_thread_blocked, id=13716, stack(0x00007f86401af000,0x00007f86402b0000)]
  0x00007f866c1ab800 JavaThread "Service Thread" daemon [_thread_blocked, id=13718, stack(0x00007f86400ae000,0x00007f86401af000)]
  0x00007f866c1b9800 JavaThread "Common-Cleaner" daemon [_thread_blocked, id=13720, stack(0x00007f863542e000,0x00007f863552f000)]
  0x00007f866c3ce000 JavaThread "Java2D Disposer" daemon [_thread_blocked, id=13722, stack(0x00007f8634074000,0x00007f8634175000)]
=>0x00007f866c3fa000 JavaThread "AWT-XAWT" daemon [_thread_in_native, id=13725, stack(0x00007f85f008f000,0x00007f85f0190000)]
  0x00007f866c012000 JavaThread "DestroyJavaVM" [_thread_blocked, id=13696, stack(0x00007f8673272000,0x00007f8673373000)]
  0x00007f85c80af800 JavaThread "TimerQueue" daemon [_thread_blocked, id=13728, stack(0x00007f85e66fb000,0x00007f85e67fc000)]
  0x00007f85c84f7000 JavaThread "Abandoned connection cleanup thread" daemon [_thread_blocked, id=13732, stack(0x00007f85e61fa000,0x00007f85e62fb000)]
  0x00007f85c851a000 JavaThread "pool-1-thread-1" [_thread_blocked, id=13733, stack(0x00007f85e52d7000,0x00007f85e53d8000)]
  0x00007f8610001000 JavaThread "SIGTERM handler" daemon [_thread_in_Java, id=20659, stack(0x00007f85e69fc000,0x00007f85e6afd000)]
  0x00007f8610002000 JavaThread "SIGTERM handler" daemon [_thread_blocked, id=20698, stack(0x00007f85e6afd000,0x00007f85e6bfe000)]

Other Threads:
  0x00007f866c128000 VMThread "VM Thread" [stack: 0x00007f86506f6000,0x00007f86507f6000] [id=13709]
  0x00007f866c1ad800 WatcherThread [stack: 0x00007f8635531000,0x00007f8635631000] [id=13719]
  0x00007f866c028800 GCTaskThread "GC Thread#0" [stack: 0x00007f8652e09000,0x00007f8652f09000] [id=13698]
  0x00007f866c02a000 GCTaskThread "GC Thread#1" [stack: 0x00007f8652d07000,0x00007f8652e07000] [id=13699]
  0x00007f866c02b800 GCTaskThread "GC Thread#2" [stack: 0x00007f8652c05000,0x00007f8652d05000] [id=13700]
  0x00007f866c02d800 GCTaskThread "GC Thread#3" [stack: 0x00007f8652b03000,0x00007f8652c03000] [id=13701]
  0x00007f866c056800 ConcurrentGCThread "G1 Main Marker" [stack: 0x00007f8651a7e000,0x00007f8651b7e000] [id=13702]
  0x00007f866c058800 ConcurrentGCThread "G1 Conc#0" [stack: 0x00007f865197c000,0x00007f8651a7c000] [id=13703]
  0x00007f866c0c0000 ConcurrentGCThread "G1 Refine#0" [stack: 0x00007f8651476000,0x00007f8651576000] [id=13704]
  0x00007f866c0c2000 ConcurrentGCThread "G1 Refine#1" [stack: 0x00007f8651374000,0x00007f8651474000] [id=13705]
  0x00007f866c0c3800 ConcurrentGCThread "G1 Refine#2" [stack: 0x00007f8651272000,0x00007f8651372000] [id=13706]
  0x00007f866c0c5800 ConcurrentGCThread "G1 Refine#3" [stack: 0x00007f8651170000,0x00007f8651270000] [id=13707]
  0x00007f866c0c7000 ConcurrentGCThread "G1 Young RemSet Sampling" [stack: 0x00007f865106e000,0x00007f865116e000] [id=13708]

Threads with active compile tasks:

VM state:not at safepoint (normal execution)

VM Mutex/Monitor currently owned by a thread: None

Heap address: 0x0000000085600000, size: 1962 MB, Compressed Oops mode: 32-bit
Narrow klass base: 0x0000000000000000, Narrow klass shift: 3
Compressed class space size: 1073741824 Address: 0x0000000100000000

Heap:
 garbage-first heap   total 126976K, used 21936K [0x0000000085600000, 0x0000000100000000)
  region size 1024K, 13 young (13312K), 3 survivors (3072K)
 Metaspace       used 48879K, capacity 49681K, committed 50176K, reserved 1093632K
  class space    used 5726K, capacity 6093K, committed 6144K, reserved 1048576K
Heap Regions: E=young(eden), S=young(survivor), O=old, HS=humongous(starts), HC=humongous(continues), CS=collection set, F=free, A=archive, TS=gc time stamp, AC=allocation context, TAMS=top-at-mark-start (previous, next)
|   0|0x0000000085600000, 0x0000000085700000, 0x0000000085700000|100%|HS|  |TS  0|AC  0|TAMS 0x0000000085700000, 0x0000000085700000|
|   1|0x0000000085700000, 0x0000000085800000, 0x0000000085800000|100%| O|  |TS  0|AC  0|TAMS 0x0000000085800000, 0x0000000085800000|
|   2|0x0000000085800000, 0x0000000085900000, 0x0000000085900000|100%| O|  |TS  0|AC  0|TAMS 0x0000000085900000, 0x0000000085900000|
|   3|0x0000000085900000, 0x0000000085a00000, 0x0000000085a00000|100%| O|  |TS  0|AC  0|TAMS 0x0000000085a00000, 0x0000000085a00000|
|   4|0x0000000085a00000, 0x0000000085b00000, 0x0000000085b00000|100%| O|  |TS  1|AC  0|TAMS 0x0000000085a5fc00, 0x0000000085a5fc00|
|   5|0x0000000085b00000, 0x0000000085c00000, 0x0000000085c00000|100%| O|  |TS  1|AC  0|TAMS 0x0000000085b00000, 0x0000000085b00000|
|   6|0x0000000085c00000, 0x0000000085d00000, 0x0000000085d00000|100%| O|  |TS  1|AC  0|TAMS 0x0000000085c00000, 0x0000000085c00000|
|   7|0x0000000085d00000, 0x0000000085e00000, 0x0000000085e00000|100%| O|  |TS  1|AC  0|TAMS 0x0000000085d00000, 0x0000000085d00000|
|   8|0x0000000085e00000, 0x0000000085f00000, 0x0000000085f00000|100%| O|  |TS  1|AC  0|TAMS 0x0000000085e00000, 0x0000000085e00000|
|   9|0x0000000085f00000, 0x0000000085f74a00, 0x0000000086000000| 45%| O|  |TS  1|AC  0|TAMS 0x0000000085f00000, 0x0000000085f00000|
|  10|0x0000000086000000, 0x0000000086000000, 0x0000000086100000|  0%| F|  |TS  0|AC  0|TAMS 0x0000000086000000, 0x0000000086000000|
|  11|0x0000000086100000, 0x0000000086100000, 0x0000000086200000|  0%| F|  |TS  0|AC  0|TAMS 0x0000000086100000, 0x0000000086100000|
|  12|0x0000000086200000, 0x0000000086200000, 0x0000000086300000|  0%| F|  |TS  0|AC  0|TAMS 0x0000000086200000, 0x0000000086200000|
|  13|0x0000000086300000, 0x0000000086300000, 0x0000000086400000|  0%| F|  |TS  0|AC  0|TAMS 0x0000000086300000, 0x0000000086300000|
|  14|0x0000000086400000, 0x0000000086400000, 0x0000000086500000|  0%| F|  |TS  0|AC  0|TAMS 0x0000000086400000, 0x0000000086400000|
|  15|0x0000000086500000, 0x0000000086500000, 0x0000000086600000|  0%| F|  |TS  0|AC  0|TAMS 0x0000000086500000, 0x0000000086500000|
|  16|0x0000000086600000, 0x0000000086600000, 0x0000000086700000|  0%| F|  |TS  0|AC  0|TAMS 0x0000000086600000, 0x0000000086600000|
|  17|0x0000000086700000, 0x0000000086700000, 0x0000000086800000|  0%| F|  |TS  0|AC  0|TAMS 0x0000000086700000, 0x0000000086700000|
|  18|0x0000000086800000, 0x0000000086800000, 0x0000000086900000|  0%| F|  |TS  0|AC  0|TAMS 0x0000000086800000, 0x0000000086800000|
|  19|0x0000000086900000, 0x0000000086900000, 0x0000000086a00000|  0%| F|  |TS  0|AC  0|TAMS 0x0000000086900000, 0x0000000086900000|
|  20|0x0000000086a00000, 0x0000000086a00000, 0x0000000086b00000|  0%| F|  |TS  0|AC  0|TAMS 0x0000000086a00000, 0x0000000086a00000|
|  21|0x0000000086b00000, 0x0000000086b00000, 0x0000000086c00000|  0%| F|  |TS  0|AC  0|TAMS 0x0000000086b00000, 0x0000000086b00000|
|  22|0x0000000086c00000, 0x0000000086c00000, 0x0000000086d00000|  0%| F|  |TS  0|AC  0|TAMS 0x0000000086c00000, 0x0000000086c00000|
|  23|0x0000000086d00000, 0x0000000086d00000, 0x0000000086e00000|  0%| F|  |TS  0|AC  0|TAMS 0x0000000086d00000, 0x0000000086d00000|
|  24|0x0000000086e00000, 0x0000000086e00000, 0x0000000086f00000|  0%| F|  |TS  0|AC  0|TAMS 0x0000000086e00000, 0x0000000086e00000|
|  25|0x0000000086f00000, 0x0000000086f00000, 0x0000000087000000|  0%| F|  |TS  0|AC  0|TAMS 0x0000000086f00000, 0x0000000086f00000|
|  26|0x0000000087000000, 0x0000000087000000, 0x0000000087100000|  0%| F|  |TS  0|AC  0|TAMS 0x0000000087000000, 0x0000000087000000|
|  27|0x0000000087100000, 0x0000000087100000, 0x0000000087200000|  0%| F|  |TS  0|AC  0|TAMS 0x0000000087100000, 0x0000000087100000|
|  28|0x0000000087200000, 0x0000000087200000, 0x0000000087300000|  0%| F|  |TS  0|AC  0|TAMS 0x0000000087200000, 0x0000000087200000|
|  29|0x0000000087300000, 0x0000000087300000, 0x0000000087400000|  0%| F|  |TS  0|AC  0|TAMS 0x0000000087300000, 0x0000000087300000|
|  30|0x0000000087400000, 0x0000000087400000, 0x0000000087500000|  0%| F|  |TS  0|AC  0|TAMS 0x0000000087400000, 0x0000000087400000|
|  31|0x0000000087500000, 0x0000000087500000, 0x0000000087600000|  0%| F|  |TS  0|AC  0|TAMS 0x0000000087500000, 0x0000000087500000|
|  32|0x0000000087600000, 0x0000000087600000, 0x0000000087700000|  0%| F|  |TS  0|AC  0|TAMS 0x0000000087600000, 0x0000000087600000|
|  33|0x0000000087700000, 0x0000000087700000, 0x0000000087800000|  0%| F|  |TS  0|AC  0|TAMS 0x0000000087700000, 0x0000000087700000|
|  34|0x0000000087800000, 0x0000000087800000, 0x0000000087900000|  0%| F|  |TS  0|AC  0|TAMS 0x0000000087800000, 0x0000000087800000|
|  35|0x0000000087900000, 0x0000000087900000, 0x0000000087a00000|  0%| F|  |TS  0|AC  0|TAMS 0x0000000087900000, 0x0000000087900000|
|  36|0x0000000087a00000, 0x0000000087a00000, 0x0000000087b00000|  0%| F|  |TS  0|AC  0|TAMS 0x0000000087a00000, 0x0000000087a00000|
|  37|0x0000000087b00000, 0x0000000087b00000, 0x0000000087c00000|  0%| F|  |TS  0|AC  0|TAMS 0x0000000087b00000, 0x0000000087b00000|
|  38|0x0000000087c00000, 0x0000000087c00000, 0x0000000087d00000|  0%| F|  |TS  0|AC  0|TAMS 0x0000000087c00000, 0x0000000087c00000|
|  39|0x0000000087d00000, 0x0000000087d00000, 0x0000000087e00000|  0%| F|  |TS  0|AC  0|TAMS 0x0000000087d00000, 0x0000000087d00000|
|  40|0x0000000087e00000, 0x0000000087e00000, 0x0000000087f00000|  0%| F|  |TS  0|AC  0|TAMS 0x0000000087e00000, 0x0000000087e00000|
|  41|0x0000000087f00000, 0x0000000087f00000, 0x0000000088000000|  0%| F|  |TS  0|AC  0|TAMS 0x0000000087f00000, 0x0000000087f00000|
|  42|0x0000000088000000, 0x0000000088000000, 0x0000000088100000|  0%| F|  |TS  0|AC  0|TAMS 0x0000000088000000, 0x0000000088000000|
|  43|0x0000000088100000, 0x0000000088100000, 0x0000000088200000|  0%| F|  |TS  0|AC  0|TAMS 0x0000000088100000, 0x0000000088100000|
|  44|0x0000000088200000, 0x0000000088200000, 0x0000000088300000|  0%| F|  |TS  0|AC  0|TAMS 0x0000000088200000, 0x0000000088200000|
|  45|0x0000000088300000, 0x0000000088300000, 0x0000000088400000|  0%| F|  |TS  0|AC  0|TAMS 0x0000000088300000, 0x0000000088300000|
|  46|0x0000000088400000, 0x0000000088400000, 0x0000000088500000|  0%| F|  |TS  0|AC  0|TAMS 0x0000000088400000, 0x0000000088400000|
|  47|0x0000000088500000, 0x0000000088500000, 0x0000000088600000|  0%| F|  |TS  0|AC  0|TAMS 0x0000000088500000, 0x0000000088500000|
|  48|0x0000000088600000, 0x0000000088600000, 0x0000000088700000|  0%| F|  |TS  0|AC  0|TAMS 0x0000000088600000, 0x0000000088600000|
|  49|0x0000000088700000, 0x0000000088700000, 0x0000000088800000|  0%| F|  |TS  0|AC  0|TAMS 0x0000000088700000, 0x0000000088700000|
|  50|0x0000000088800000, 0x0000000088800000, 0x0000000088900000|  0%| F|  |TS  0|AC  0|TAMS 0x0000000088800000, 0x0000000088800000|
|  51|0x0000000088900000, 0x0000000088900000, 0x0000000088a00000|  0%| F|  |TS  0|AC  0|TAMS 0x0000000088900000, 0x0000000088900000|
|  52|0x0000000088a00000, 0x0000000088a00000, 0x0000000088b00000|  0%| F|  |TS  0|AC  0|TAMS 0x0000000088a00000, 0x0000000088a00000|
|  53|0x0000000088b00000, 0x0000000088b00000, 0x0000000088c00000|  0%| F|  |TS  0|AC  0|TAMS 0x0000000088b00000, 0x0000000088b00000|
|  54|0x0000000088c00000, 0x0000000088c00000, 0x0000000088d00000|  0%| F|  |TS  0|AC  0|TAMS 0x0000000088c00000, 0x0000000088c00000|
|  55|0x0000000088d00000, 0x0000000088d00000, 0x0000000088e00000|  0%| F|  |TS  0|AC  0|TAMS 0x0000000088d00000, 0x0000000088d00000|
|  56|0x0000000088e00000, 0x0000000088e00000, 0x0000000088f00000|  0%| F|  |TS  0|AC  0|TAMS 0x0000000088e00000, 0x0000000088e00000|
|  57|0x0000000088f00000, 0x0000000088f00000, 0x0000000089000000|  0%| F|  |TS  0|AC  0|TAMS 0x0000000088f00000, 0x0000000088f00000|
|  58|0x0000000089000000, 0x0000000089000000, 0x0000000089100000|  0%| F|  |TS  0|AC  0|TAMS 0x0000000089000000, 0x0000000089000000|
|  59|0x0000000089100000, 0x0000000089100000, 0x0000000089200000|  0%| F|  |TS  0|AC  0|TAMS 0x0000000089100000, 0x0000000089100000|
|  60|0x0000000089200000, 0x0000000089200000, 0x0000000089300000|  0%| F|  |TS  0|AC  0|TAMS 0x0000000089200000, 0x0000000089200000|
|  61|0x0000000089300000, 0x0000000089300000, 0x0000000089400000|  0%| F|  |TS  0|AC  0|TAMS 0x0000000089300000, 0x0000000089300000|
|  62|0x0000000089400000, 0x0000000089400000, 0x0000000089500000|  0%| F|  |TS  0|AC  0|TAMS 0x0000000089400000, 0x0000000089400000|
|  63|0x0000000089500000, 0x0000000089500000, 0x0000000089600000|  0%| F|  |TS  0|AC  0|TAMS 0x0000000089500000, 0x0000000089500000|
|  64|0x0000000089600000, 0x0000000089600000, 0x0000000089700000|  0%| F|  |TS  0|AC  0|TAMS 0x0000000089600000, 0x0000000089600000|
|  65|0x0000000089700000, 0x00000000897f79f8, 0x0000000089800000| 96%| S|CS|TS  1|AC  0|TAMS 0x0000000089700000, 0x0000000089700000|
|  66|0x0000000089800000, 0x0000000089900000, 0x0000000089900000|100%| S|CS|TS  1|AC  0|TAMS 0x0000000089800000, 0x0000000089800000|
|  67|0x0000000089900000, 0x0000000089a00000, 0x0000000089a00000|100%| S|CS|TS  1|AC  0|TAMS 0x0000000089900000, 0x0000000089900000|
|  68|0x0000000089a00000, 0x0000000089a00000, 0x0000000089b00000|  0%| F|  |TS  1|AC  0|TAMS 0x0000000089a00000, 0x0000000089a00000|
|  69|0x0000000089b00000, 0x0000000089b00000, 0x0000000089c00000|  0%| F|  |TS  1|AC  0|TAMS 0x0000000089b00000, 0x0000000089b00000|
|  70|0x0000000089c00000, 0x0000000089c00000, 0x0000000089d00000|  0%| F|  |TS  1|AC  0|TAMS 0x0000000089c00000, 0x0000000089c00000|
|  71|0x0000000089d00000, 0x0000000089d00000, 0x0000000089e00000|  0%| F|  |TS  1|AC  0|TAMS 0x0000000089d00000, 0x0000000089d00000|
|  72|0x0000000089e00000, 0x0000000089e00000, 0x0000000089f00000|  0%| F|  |TS  1|AC  0|TAMS 0x0000000089e00000, 0x0000000089e00000|
|  73|0x0000000089f00000, 0x0000000089f00000, 0x000000008a000000|  0%| F|  |TS  1|AC  0|TAMS 0x0000000089f00000, 0x0000000089f00000|
|  74|0x000000008a000000, 0x000000008a000000, 0x000000008a100000|  0%| F|  |TS  1|AC  0|TAMS 0x000000008a000000, 0x000000008a000000|
|  75|0x000000008a100000, 0x000000008a100000, 0x000000008a200000|  0%| F|  |TS  1|AC  0|TAMS 0x000000008a100000, 0x000000008a100000|
|  76|0x000000008a200000, 0x000000008a200000, 0x000000008a300000|  0%| F|  |TS  1|AC  0|TAMS 0x000000008a200000, 0x000000008a200000|
|  77|0x000000008a300000, 0x000000008a300000, 0x000000008a400000|  0%| F|  |TS  1|AC  0|TAMS 0x000000008a300000, 0x000000008a300000|
|  78|0x000000008a400000, 0x000000008a400000, 0x000000008a500000|  0%| F|  |TS  1|AC  0|TAMS 0x000000008a400000, 0x000000008a400000|
|  79|0x000000008a500000, 0x000000008a500000, 0x000000008a600000|  0%| F|  |TS  1|AC  0|TAMS 0x000000008a500000, 0x000000008a500000|
|  80|0x000000008a600000, 0x000000008a600000, 0x000000008a700000|  0%| F|  |TS  1|AC  0|TAMS 0x000000008a600000, 0x000000008a600000|
|  81|0x000000008a700000, 0x000000008a700000, 0x000000008a800000|  0%| F|  |TS  1|AC  0|TAMS 0x000000008a700000, 0x000000008a700000|
|  82|0x000000008a800000, 0x000000008a800000, 0x000000008a900000|  0%| F|  |TS  1|AC  0|TAMS 0x000000008a800000, 0x000000008a800000|
|  83|0x000000008a900000, 0x000000008a900000, 0x000000008aa00000|  0%| F|  |TS  1|AC  0|TAMS 0x000000008a900000, 0x000000008a900000|
|  84|0x000000008aa00000, 0x000000008aa00000, 0x000000008ab00000|  0%| F|  |TS  1|AC  0|TAMS 0x000000008aa00000, 0x000000008aa00000|
|  85|0x000000008ab00000, 0x000000008ab00000, 0x000000008ac00000|  0%| F|  |TS  1|AC  0|TAMS 0x000000008ab00000, 0x000000008ab00000|
|  86|0x000000008ac00000, 0x000000008ac00000, 0x000000008ad00000|  0%| F|  |TS  1|AC  0|TAMS 0x000000008ac00000, 0x000000008ac00000|
|  87|0x000000008ad00000, 0x000000008ad00000, 0x000000008ae00000|  0%| F|  |TS  1|AC  0|TAMS 0x000000008ad00000, 0x000000008ad00000|
|  88|0x000000008ae00000, 0x000000008ae00000, 0x000000008af00000|  0%| F|  |TS  1|AC  0|TAMS 0x000000008ae00000, 0x000000008ae00000|
|  89|0x000000008af00000, 0x000000008af00000, 0x000000008b000000|  0%| F|  |TS  1|AC  0|TAMS 0x000000008af00000, 0x000000008af00000|
|  90|0x000000008b000000, 0x000000008b000000, 0x000000008b100000|  0%| F|  |TS  1|AC  0|TAMS 0x000000008b000000, 0x000000008b000000|
|  91|0x000000008b100000, 0x000000008b100000, 0x000000008b200000|  0%| F|  |TS  1|AC  0|TAMS 0x000000008b100000, 0x000000008b100000|
|  92|0x000000008b200000, 0x000000008b200000, 0x000000008b300000|  0%| F|  |TS  1|AC  0|TAMS 0x000000008b200000, 0x000000008b200000|
|  93|0x000000008b300000, 0x000000008b300000, 0x000000008b400000|  0%| F|  |TS  1|AC  0|TAMS 0x000000008b300000, 0x000000008b300000|
|  94|0x000000008b400000, 0x000000008b400000, 0x000000008b500000|  0%| F|  |TS  1|AC  0|TAMS 0x000000008b400000, 0x000000008b400000|
|  95|0x000000008b500000, 0x000000008b500000, 0x000000008b600000|  0%| F|  |TS  1|AC  0|TAMS 0x000000008b500000, 0x000000008b500000|
|  96|0x000000008b600000, 0x000000008b600000, 0x000000008b700000|  0%| F|  |TS  1|AC  0|TAMS 0x000000008b600000, 0x000000008b600000|
|  97|0x000000008b700000, 0x000000008b700000, 0x000000008b800000|  0%| F|  |TS  1|AC  0|TAMS 0x000000008b700000, 0x000000008b700000|
|  98|0x000000008b800000, 0x000000008b800000, 0x000000008b900000|  0%| F|  |TS  1|AC  0|TAMS 0x000000008b800000, 0x000000008b800000|
|  99|0x000000008b900000, 0x000000008b900000, 0x000000008ba00000|  0%| F|  |TS  1|AC  0|TAMS 0x000000008b900000, 0x000000008b900000|
| 100|0x000000008ba00000, 0x000000008ba00000, 0x000000008bb00000|  0%| F|  |TS  1|AC  0|TAMS 0x000000008ba00000, 0x000000008ba00000|
| 101|0x000000008bb00000, 0x000000008bb00000, 0x000000008bc00000|  0%| F|  |TS  1|AC  0|TAMS 0x000000008bb00000, 0x000000008bb00000|
| 102|0x000000008bc00000, 0x000000008bc00000, 0x000000008bd00000|  0%| F|  |TS  1|AC  0|TAMS 0x000000008bc00000, 0x000000008bc00000|
| 103|0x000000008bd00000, 0x000000008bd00000, 0x000000008be00000|  0%| F|  |TS  1|AC  0|TAMS 0x000000008bd00000, 0x000000008bd00000|
| 104|0x000000008be00000, 0x000000008be00000, 0x000000008bf00000|  0%| F|  |TS  1|AC  0|TAMS 0x000000008be00000, 0x000000008be00000|
| 105|0x000000008bf00000, 0x000000008bf00000, 0x000000008c000000|  0%| F|  |TS  1|AC  0|TAMS 0x000000008bf00000, 0x000000008bf00000|
| 106|0x000000008c000000, 0x000000008c000000, 0x000000008c100000|  0%| F|  |TS  1|AC  0|TAMS 0x000000008c000000, 0x000000008c000000|
| 107|0x000000008c100000, 0x000000008c100000, 0x000000008c200000|  0%| F|  |TS  1|AC  0|TAMS 0x000000008c100000, 0x000000008c100000|
| 108|0x000000008c200000, 0x000000008c200000, 0x000000008c300000|  0%| F|  |TS  1|AC  0|TAMS 0x000000008c200000, 0x000000008c200000|
| 109|0x000000008c300000, 0x000000008c300000, 0x000000008c400000|  0%| F|  |TS  1|AC  0|TAMS 0x000000008c300000, 0x000000008c300000|
| 110|0x000000008c400000, 0x000000008c400000, 0x000000008c500000|  0%| F|  |TS  1|AC  0|TAMS 0x000000008c400000, 0x000000008c400000|
| 111|0x000000008c500000, 0x000000008c500000, 0x000000008c600000|  0%| F|  |TS  1|AC  0|TAMS 0x000000008c500000, 0x000000008c500000|
| 112|0x000000008c600000, 0x000000008c600000, 0x000000008c700000|  0%| F|  |TS  1|AC  0|TAMS 0x000000008c600000, 0x000000008c600000|
| 113|0x000000008c700000, 0x000000008c700000, 0x000000008c800000|  0%| F|  |TS  1|AC  0|TAMS 0x000000008c700000, 0x000000008c700000|
| 114|0x000000008c800000, 0x000000008c900000, 0x000000008c900000|100%| E|  |TS  1|AC  0|TAMS 0x000000008c800000, 0x000000008c800000|
| 115|0x000000008c900000, 0x000000008ca00000, 0x000000008ca00000|100%| E|CS|TS  1|AC  0|TAMS 0x000000008c900000, 0x000000008c900000|
| 116|0x000000008ca00000, 0x000000008cb00000, 0x000000008cb00000|100%| E|CS|TS  1|AC  0|TAMS 0x000000008ca00000, 0x000000008ca00000|
| 117|0x000000008cb00000, 0x000000008cc00000, 0x000000008cc00000|100%| E|CS|TS  1|AC  0|TAMS 0x000000008cb00000, 0x000000008cb00000|
| 118|0x000000008cc00000, 0x000000008cd00000, 0x000000008cd00000|100%| E|CS|TS  1|AC  0|TAMS 0x000000008cc00000, 0x000000008cc00000|
| 119|0x000000008cd00000, 0x000000008ce00000, 0x000000008ce00000|100%| E|CS|TS  1|AC  0|TAMS 0x000000008cd00000, 0x000000008cd00000|
| 120|0x000000008ce00000, 0x000000008cf00000, 0x000000008cf00000|100%| E|CS|TS  1|AC  0|TAMS 0x000000008ce00000, 0x000000008ce00000|
| 121|0x000000008cf00000, 0x000000008d000000, 0x000000008d000000|100%| E|CS|TS  1|AC  0|TAMS 0x000000008cf00000, 0x000000008cf00000|
| 122|0x000000008d000000, 0x000000008d100000, 0x000000008d100000|100%| E|CS|TS  1|AC  0|TAMS 0x000000008d000000, 0x000000008d000000|
| 123|0x000000008d100000, 0x000000008d200000, 0x000000008d200000|100%| E|CS|TS  1|AC  0|TAMS 0x000000008d100000, 0x000000008d100000|

Card table byte_map: [0x00007f8651f53000,0x00007f8652328000] byte_map_base: 0x00007f8651b28000

Marking Bits (Prev, Next): (CMBitMap*) 0x00007f866c055be0, (CMBitMap*) 0x00007f866c055c18
 Prev Bits: [0x00007f8642158000, 0x00007f8644000000)
 Next Bits: [0x00007f86402b0000, 0x00007f8642158000)

Polling page: 0x00007f867338c000

CodeHeap 'non-profiled nmethods': size=120032Kb used=2098Kb max_used=2098Kb free=117933Kb
 bounds [0x00007f865aba7000, 0x00007f865ae17000, 0x00007f86620df000]
CodeHeap 'profiled nmethods': size=120032Kb used=8837Kb max_used=8837Kb free=111194Kb
 bounds [0x00007f865366f000, 0x00007f8653f1f000, 0x00007f865aba7000]
CodeHeap 'non-nmethods': size=5696Kb used=1352Kb max_used=1386Kb free=4343Kb
 bounds [0x00007f86530df000, 0x00007f865334f000, 0x00007f865366f000]
 total_blobs=6255 nmethods=4551 adapters=731
 compilation: enabled

Compilation events (10 events):
Event: 8839,750 Thread 0x00007f866c14a800 nmethod 4549 0x00007f865ad9d790 code [0x00007f865ad9db40, 0x00007f865ad9ebe8]
Event: 8839,750 Thread 0x00007f866c14a800 4551   !   4       sun.awt.X11.XDragSourceContextPeer::processEvent (34 bytes)
Event: 8839,765 Thread 0x00007f866c14a800 nmethod 4551 0x00007f865ada0010 code [0x00007f865ada0220, 0x00007f865ada07c0]
Event: 8839,818 Thread 0x00007f866c148800 nmethod 4550 0x00007f865ada0b90 code [0x00007f865ada0f20, 0x00007f865ada2068]
Event: 8849,976 Thread 0x00007f866c14a800 4552   !   4       sun.awt.X11.XToolkit::dispatchEvent (191 bytes)
Event: 8850,340 Thread 0x00007f866c14a800 nmethod 4552 0x00007f865ada3510 code [0x00007f865ada3ec0, 0x00007f865ada92d0]
Event: 9539,366 Thread 0x00007f866c148800 4553       4       java.lang.ref.ReferenceQueue::reallyPoll (65 bytes)
Event: 9539,385 Thread 0x00007f866c148800 nmethod 4553 0x00007f865adb3210 code [0x00007f865adb33c0, 0x00007f865adb3748]
Event: 9721,220 Thread 0x00007f866c14a800 4554       4       sun.awt.X11.XDragSourceContextPeer::processProxyModeEvent (99 bytes)
Event: 9721,223 Thread 0x00007f866c14a800 nmethod 4554 0x00007f865adb3810 code [0x00007f865adb39a0, 0x00007f865adb3a38]

GC Heap History (10 events):
Event: 1,262 GC heap before
{Heap before GC invocations=1 (full 0):
 garbage-first heap   total 126976K, used 9489K [0x0000000085600000, 0x0000000100000000)
  region size 1024K, 7 young (7168K), 2 survivors (2048K)
 Metaspace       used 17758K, capacity 18289K, committed 18432K, reserved 1064960K
  class space    used 1936K, capacity 2189K, committed 2304K, reserved 1048576K
}
Event: 1,269 GC heap after
{Heap after GC invocations=2 (full 0):
 garbage-first heap   total 126976K, used 5385K [0x0000000085600000, 0x0000000100000000)
  region size 1024K, 1 young (1024K), 1 survivors (1024K)
 Metaspace       used 17758K, capacity 18289K, committed 18432K, reserved 1064960K
  class space    used 1936K, capacity 2189K, committed 2304K, reserved 1048576K
}
Event: 2,017 GC heap before
{Heap before GC invocations=2 (full 0):
 garbage-first heap   total 126976K, used 27913K [0x0000000085600000, 0x0000000100000000)
  region size 1024K, 23 young (23552K), 1 survivors (1024K)
 Metaspace       used 18327K, capacity 18835K, committed 19200K, reserved 1067008K
  class space    used 1984K, capacity 2221K, committed 2304K, reserved 1048576K
}
Event: 2,024 GC heap after
{Heap after GC invocations=3 (full 0):
 garbage-first heap   total 126976K, used 5738K [0x0000000085600000, 0x0000000100000000)
  region size 1024K, 2 young (2048K), 2 survivors (2048K)
 Metaspace       used 18327K, capacity 18835K, committed 19200K, reserved 1067008K
  class space    used 1984K, capacity 2221K, committed 2304K, reserved 1048576K
}
Event: 6,948 GC heap before
{Heap before GC invocations=3 (full 0):
 garbage-first heap   total 126976K, used 24170K [0x0000000085600000, 0x0000000100000000)
  region size 1024K, 21 young (21504K), 2 survivors (2048K)
 Metaspace       used 20628K, capacity 21151K, committed 21248K, reserved 1069056K
  class space    used 2244K, capacity 2524K, committed 2560K, reserved 1048576K
}
Event: 6,952 GC heap after
{Heap after GC invocations=4 (full 0):
 garbage-first heap   total 126976K, used 6165K [0x0000000085600000, 0x0000000100000000)
  region size 1024K, 2 young (2048K), 2 survivors (2048K)
 Metaspace       used 20628K, capacity 21151K, committed 21248K, reserved 1069056K
  class space    used 2244K, capacity 2524K, committed 2560K, reserved 1048576K
}
Event: 7,783 GC heap before
{Heap before GC invocations=5 (full 0):
 garbage-first heap   total 126976K, used 42005K [0x0000000085600000, 0x0000000100000000)
  region size 1024K, 38 young (38912K), 2 survivors (2048K)
 Metaspace       used 34813K, capacity 35520K, committed 35840K, reserved 1081344K
  class space    used 4054K, capacity 4391K, committed 4480K, reserved 1048576K
}
Event: 7,790 GC heap after
{Heap after GC invocations=6 (full 0):
 garbage-first heap   total 126976K, used 9994K [0x0000000085600000, 0x0000000100000000)
  region size 1024K, 6 young (6144K), 6 survivors (6144K)
 Metaspace       used 34813K, capacity 35520K, committed 35840K, reserved 1081344K
  class space    used 4054K, capacity 4391K, committed 4480K, reserved 1048576K
}
Event: 8,948 GC heap before
{Heap before GC invocations=7 (full 0):
 garbage-first heap   total 126976K, used 61194K [0x0000000085600000, 0x0000000100000000)
  region size 1024K, 56 young (57344K), 6 survivors (6144K)
 Metaspace       used 47059K, capacity 47852K, committed 48512K, reserved 1091584K
  class space    used 5579K, capacity 5947K, committed 6016K, reserved 1048576K
}
Event: 8,959 GC heap after
{Heap after GC invocations=8 (full 0):
 garbage-first heap   total 126976K, used 12720K [0x0000000085600000, 0x0000000100000000)
  region size 1024K, 3 young (3072K), 3 survivors (3072K)
 Metaspace       used 47059K, capacity 47852K, committed 48512K, reserved 1091584K
  class space    used 5579K, capacity 5947K, committed 6016K, reserved 1048576K
}

Deoptimization events (10 events):
Event: 8,983 Thread 0x00007f866c47e000 Uncommon trap: reason=class_check action=maybe_recompile pc=0x00007f865ac35bf0 method=jdk.internal.logger.AbstractLoggerWrapper.log(Lsun/util/logging/PlatformLogger$Level;Ljava/lang/String;[Ljava/lang/Object;)V @ 34 c2
Event: 8,983 Thread 0x00007f866c47e000 Uncommon trap: reason=class_check action=maybe_recompile pc=0x00007f865ac35bf0 method=jdk.internal.logger.AbstractLoggerWrapper.log(Lsun/util/logging/PlatformLogger$Level;Ljava/lang/String;[Ljava/lang/Object;)V @ 34 c2
Event: 8,983 Thread 0x00007f866c47e000 Uncommon trap: reason=class_check action=maybe_recompile pc=0x00007f865ac2e4f0 method=jdk.internal.logger.AbstractLoggerWrapper.log(Lsun/util/logging/PlatformLogger$Level;Ljava/lang/String;[Ljava/lang/Object;)V @ 34 c2
Event: 10,810 Thread 0x00007f85c8947800 Uncommon trap: reason=class_check action=maybe_recompile pc=0x00007f865ac973d0 method=java.util.zip.InflaterInputStream.read([BII)I @ 100 c2
Event: 10,814 Thread 0x00007f85c8947800 Uncommon trap: reason=class_check action=maybe_recompile pc=0x00007f865ac973d0 method=java.util.zip.InflaterInputStream.read([BII)I @ 100 c2
Event: 10,814 Thread 0x00007f85c8947800 Uncommon trap: reason=class_check action=maybe_recompile pc=0x00007f865ac973d0 method=java.util.zip.InflaterInputStream.read([BII)I @ 100 c2
Event: 10,861 Thread 0x00007f866c47e000 Uncommon trap: reason=class_check action=maybe_recompile pc=0x00007f865ad313dc method=sun.util.logging.PlatformLogger.isLoggable(Lsun/util/logging/PlatformLogger$Level;)Z @ 17 c2
Event: 10,861 Thread 0x00007f866c47e000 Uncommon trap: reason=class_check action=maybe_recompile pc=0x00007f865ad313dc method=sun.util.logging.PlatformLogger.isLoggable(Lsun/util/logging/PlatformLogger$Level;)Z @ 17 c2
Event: 10,861 Thread 0x00007f866c47e000 Uncommon trap: reason=class_check action=maybe_recompile pc=0x00007f865ad313dc method=sun.util.logging.PlatformLogger.isLoggable(Lsun/util/logging/PlatformLogger$Level;)Z @ 17 c2
Event: 10,877 Thread 0x00007f866c47e000 Uncommon trap: reason=class_check action=maybe_recompile pc=0x00007f865ad313dc method=sun.util.logging.PlatformLogger.isLoggable(Lsun/util/logging/PlatformLogger$Level;)Z @ 17 c2

Classes redefined (0 events):
No events

Internal exceptions (10 events):
Event: 8,790 Thread 0x00007f866c47e000 Exception <a 'java/lang/NoSuchMethodError'{0x000000008a2e3e78}: java.lang.invoke.DirectMethodHandle$Holder.invokeStatic(Ljava/lang/Object;ILjava/lang/Object;)V> (0x000000008a2e3e78) thrown at [/build/openjdk-lts-Ae5PRQ/openjdk-lts-10.0.2+13/src/hotspot/sh
Event: 8,790 Thread 0x00007f866c47e000 Exception <a 'java/lang/NoSuchMethodError'{0x000000008a2e70d8}: java.lang.invoke.DirectMethodHandle$Holder.invokeStaticInit(Ljava/lang/Object;ILjava/lang/Object;)V> (0x000000008a2e70d8) thrown at [/build/openjdk-lts-Ae5PRQ/openjdk-lts-10.0.2+13/src/hotspo
Event: 8,792 Thread 0x00007f866c47e000 Exception <a 'java/lang/NoSuchMethodError'{0x000000008a2f6da0}: java.lang.invoke.DirectMethodHandle$Holder.invokeInterface(Ljava/lang/Object;Ljava/lang/Object;Ljava/lang/Object;)Ljava/lang/Object;> (0x000000008a2f6da0) thrown at [/build/openjdk-lts-Ae5PRQ
Event: 9,177 Thread 0x00007f866c47e000 Exception <a 'java/lang/UnsupportedOperationException'{0x000000008d0b4b08}: > (0x000000008d0b4b08) thrown at [/build/openjdk-lts-Ae5PRQ/openjdk-lts-10.0.2+13/src/hotspot/share/prims/jni.cpp, line 632]
Event: 10,808 Thread 0x00007f85c8947800 Exception <a 'java/lang/NoSuchMethodError'{0x000000008ce074d8}: method resolution failed> (0x000000008ce074d8) thrown at [/build/openjdk-lts-Ae5PRQ/openjdk-lts-10.0.2+13/src/hotspot/share/prims/methodHandles.cpp, line 1226]
Event: 10,809 Thread 0x00007f85c8947800 Exception <a 'java/lang/NoSuchMethodError'{0x000000008ce0f0e8}: method resolution failed> (0x000000008ce0f0e8) thrown at [/build/openjdk-lts-Ae5PRQ/openjdk-lts-10.0.2+13/src/hotspot/share/prims/methodHandles.cpp, line 1226]
Event: 10,975 Thread 0x00007f866c47e000 Exception <a 'java/lang/UnsupportedOperationException'{0x000000008ce62eb8}: > (0x000000008ce62eb8) thrown at [/build/openjdk-lts-Ae5PRQ/openjdk-lts-10.0.2+13/src/hotspot/share/prims/jni.cpp, line 632]
Event: 20,292 Thread 0x00007f866c47e000 Exception <a 'java/lang/UnsupportedOperationException'{0x000000008ceb1de8}: > (0x000000008ceb1de8) thrown at [/build/openjdk-lts-Ae5PRQ/openjdk-lts-10.0.2+13/src/hotspot/share/prims/jni.cpp, line 632]
Event: 23,428 Thread 0x00007f866c47e000 Exception <a 'java/lang/UnsupportedOperationException'{0x000000008cdf4290}: > (0x000000008cdf4290) thrown at [/build/openjdk-lts-Ae5PRQ/openjdk-lts-10.0.2+13/src/hotspot/share/prims/jni.cpp, line 632]
Event: 27,138 Thread 0x00007f866c47e000 Exception <a 'java/lang/UnsupportedOperationException'{0x000000008cc1f180}: > (0x000000008cc1f180) thrown at [/build/openjdk-lts-Ae5PRQ/openjdk-lts-10.0.2+13/src/hotspot/share/prims/jni.cpp, line 632]

Events (10 events):
Event: 29,996 Thread 0x00007f866c47c800 Thread exited: 0x00007f866c47c800
Event: 29,996 Thread 0x00007f866c47e000 Thread exited: 0x00007f866c47e000
Event: 37,812 Executing VM operation: RevokeBias
Event: 37,812 Executing VM operation: RevokeBias done
Event: 8392,831 loading class sun/awt/X11/XkbEvent
Event: 8392,948 loading class sun/awt/X11/XkbEvent done
Event: 8392,958 loading class sun/awt/X11/XkbAnyEvent
Event: 8392,973 loading class sun/awt/X11/XkbAnyEvent done
Event: 9977,733 loading class jdk/internal/misc/Signal$1
Event: 9977,784 loading class jdk/internal/misc/Signal$1 done


Dynamic libraries:
85600000-8d200000 rw-p 00000000 00:00 0 
8d200000-100000000 ---p 00000000 00:00 0 
100000000-100600000 rw-p 00000000 00:00 0 
100600000-140000000 ---p 00000000 00:00 0 
565408ba1000-565408ba2000 r-xp 00000000 08:05 1044648                    /usr/lib/jvm/java-11-openjdk-amd64/bin/java
565408da2000-565408da3000 r--p 00001000 08:05 1044648                    /usr/lib/jvm/java-11-openjdk-amd64/bin/java
565408da3000-565408da4000 rw-p 00002000 08:05 1044648                    /usr/lib/jvm/java-11-openjdk-amd64/bin/java
565408dbc000-565408ddd000 rw-p 00000000 00:00 0                          [heap]
7f85c8000000-7f85c8ddd000 rw-p 00000000 00:00 0 
7f85c8ddd000-7f85cc000000 ---p 00000000 00:00 0 
7f85cc000000-7f85cc021000 rw-p 00000000 00:00 0 
7f85cc021000-7f85d0000000 ---p 00000000 00:00 0 
7f85d0000000-7f85d0021000 rw-p 00000000 00:00 0 
7f85d0021000-7f85d4000000 ---p 00000000 00:00 0 
7f85d4000000-7f85d4021000 rw-p 00000000 00:00 0 
7f85d4021000-7f85d8000000 ---p 00000000 00:00 0 
7f85d8000000-7f85d8021000 rw-p 00000000 00:00 0 
7f85d8021000-7f85dc000000 ---p 00000000 00:00 0 
7f85dc000000-7f85dc021000 rw-p 00000000 00:00 0 
7f85dc021000-7f85e0000000 ---p 00000000 00:00 0 
7f85e0000000-7f85e0021000 rw-p 00000000 00:00 0 
7f85e0021000-7f85e4000000 ---p 00000000 00:00 0 
7f85e43d4000-7f85e43d8000 ---p 00000000 00:00 0 
7f85e43d8000-7f85e44d5000 rw-p 00000000 00:00 0 
7f85e44d5000-7f85e44d9000 ---p 00000000 00:00 0 
7f85e44d9000-7f85e45d6000 rw-p 00000000 00:00 0 
7f85e45d6000-7f85e45da000 ---p 00000000 00:00 0 
7f85e45da000-7f85e47d7000 rw-p 00000000 00:00 0 
7f85e47d7000-7f85e48d7000 ---p 00000000 00:00 0 
7f85e48d7000-7f85e4ad7000 rw-p 00000000 00:00 0 
7f85e4ad7000-7f85e4cd7000 rw-p 00000000 00:00 0 
7f85e4cd7000-7f85e4ed7000 rw-p 00000000 00:00 0 
7f85e4ed7000-7f85e50d7000 rw-p 00000000 00:00 0 
7f85e50d7000-7f85e52d7000 rw-p 00000000 00:00 0 
7f85e52d7000-7f85e52db000 ---p 00000000 00:00 0 
7f85e52db000-7f85e55d8000 rw-p 00000000 00:00 0 
7f85e55d8000-7f85e55d9000 r-xp 00000000 08:05 1044705                    /usr/lib/jvm/java-11-openjdk-amd64/lib/libextnet.so
7f85e55d9000-7f85e57d8000 ---p 00001000 08:05 1044705                    /usr/lib/jvm/java-11-openjdk-amd64/lib/libextnet.so
7f85e57d8000-7f85e57d9000 r--p 00000000 08:05 1044705                    /usr/lib/jvm/java-11-openjdk-amd64/lib/libextnet.so
7f85e57d9000-7f85e57da000 rw-p 00001000 08:05 1044705                    /usr/lib/jvm/java-11-openjdk-amd64/lib/libextnet.so
7f85e57da000-7f85e59da000 rw-p 00000000 00:00 0 
7f85e59da000-7f85e5bda000 rw-p 00000000 00:00 0 
7f85e5bda000-7f85e5dda000 rw-p 00000000 00:00 0 
7f85e5dda000-7f85e5fda000 rw-p 00000000 00:00 0 
7f85e5fda000-7f85e61da000 rw-p 00000000 00:00 0 
7f85e61fa000-7f85e61fe000 ---p 00000000 00:00 0 
7f85e61fe000-7f85e64fb000 rw-p 00000000 00:00 0 
7f85e64fb000-7f85e66fb000 rw-p 00000000 00:00 0 
7f85e66fb000-7f85e66ff000 ---p 00000000 00:00 0 
7f85e66ff000-7f85e69fc000 rw-p 00000000 00:00 0 
7f85e69fc000-7f85e6a00000 ---p 00000000 00:00 0 
7f85e6a00000-7f85e6afd000 rw-p 00000000 00:00 0 
7f85e6afd000-7f85e6b01000 ---p 00000000 00:00 0 
7f85e6b01000-7f85e6dfe000 rw-p 00000000 00:00 0 
7f85e6dfe000-7f85e6ffe000 rw-p 00000000 00:00 0 
7f85e6ffe000-7f85e6fff000 ---p 00000000 00:00 0 
7f85e6fff000-7f85e77ff000 rw-p 00000000 00:00 0 
7f85e77ff000-7f85e7800000 ---p 00000000 00:00 0 
7f85e7800000-7f85e8000000 rw-p 00000000 00:00 0 
7f85e8000000-7f85e8021000 rw-p 00000000 00:00 0 
7f85e8021000-7f85ec000000 ---p 00000000 00:00 0 
7f85ec000000-7f85ec021000 rw-p 00000000 00:00 0 
7f85ec021000-7f85f0000000 ---p 00000000 00:00 0 
7f85f008f000-7f85f0093000 ---p 00000000 00:00 0 
7f85f0093000-7f85f0190000 rw-p 00000000 00:00 0 
7f85f0190000-7f85f0195000 r-xp 00000000 08:05 271942                     /usr/lib/x86_64-linux-gnu/libXfixes.so.3.1.0
7f85f0195000-7f85f0394000 ---p 00005000 08:05 271942                     /usr/lib/x86_64-linux-gnu/libXfixes.so.3.1.0
7f85f0394000-7f85f0395000 r--p 00004000 08:05 271942                     /usr/lib/x86_64-linux-gnu/libXfixes.so.3.1.0
7f85f0395000-7f85f0396000 rw-p 00005000 08:05 271942                     /usr/lib/x86_64-linux-gnu/libXfixes.so.3.1.0
7f85f0396000-7f85f039f000 r-xp 00000000 08:05 271934                     /usr/lib/x86_64-linux-gnu/libXcursor.so.1.0.2
7f85f039f000-7f85f059e000 ---p 00009000 08:05 271934                     /usr/lib/x86_64-linux-gnu/libXcursor.so.1.0.2
7f85f059e000-7f85f059f000 r--p 00008000 08:05 271934                     /usr/lib/x86_64-linux-gnu/libXcursor.so.1.0.2
7f85f059f000-7f85f05a0000 rw-p 00009000 08:05 271934                     /usr/lib/x86_64-linux-gnu/libXcursor.so.1.0.2
7f85f05a0000-7f85f05a1000 ---p 00000000 00:00 0 
7f85f05a1000-7f85f0da1000 rw-p 00000000 00:00 0 
7f85f0da1000-7f85f0dad000 r-xp 00000000 08:05 396751                     /usr/lib/x86_64-linux-gnu/gio/modules/libdconfsettings.so
7f85f0dad000-7f85f0fac000 ---p 0000c000 08:05 396751                     /usr/lib/x86_64-linux-gnu/gio/modules/libdconfsettings.so
7f85f0fac000-7f85f0fad000 r--p 0000b000 08:05 396751                     /usr/lib/x86_64-linux-gnu/gio/modules/libdconfsettings.so
7f85f0fad000-7f85f0fae000 rw-p 0000c000 08:05 396751                     /usr/lib/x86_64-linux-gnu/gio/modules/libdconfsettings.so
7f85f0fae000-7f85f0fb4000 r-xp 00000000 08:05 920010                     /lib/x86_64-linux-gnu/libuuid.so.1.3.0
7f85f0fb4000-7f85f11b3000 ---p 00006000 08:05 920010                     /lib/x86_64-linux-gnu/libuuid.so.1.3.0
7f85f11b3000-7f85f11b4000 r--p 00005000 08:05 920010                     /lib/x86_64-linux-gnu/libuuid.so.1.3.0
7f85f11b4000-7f85f11b5000 rw-p 00006000 08:05 920010                     /lib/x86_64-linux-gnu/libuuid.so.1.3.0
7f85f11b5000-7f85f11fc000 r-xp 00000000 08:05 919820                     /lib/x86_64-linux-gnu/libblkid.so.1.1.0
7f85f11fc000-7f85f13fc000 ---p 00047000 08:05 919820                     /lib/x86_64-linux-gnu/libblkid.so.1.1.0
7f85f13fc000-7f85f1400000 r--p 00047000 08:05 919820                     /lib/x86_64-linux-gnu/libblkid.so.1.1.0
7f85f1400000-7f85f1401000 rw-p 0004b000 08:05 919820                     /lib/x86_64-linux-gnu/libblkid.so.1.1.0
7f85f1401000-7f85f1402000 rw-p 00000000 00:00 0 
7f85f1402000-7f85f1472000 r-xp 00000000 08:05 919775                     /lib/x86_64-linux-gnu/libpcre.so.3.13.3
7f85f1472000-7f85f1672000 ---p 00070000 08:05 919775                     /lib/x86_64-linux-gnu/libpcre.so.3.13.3
7f85f1672000-7f85f1673000 r--p 00070000 08:05 919775                     /lib/x86_64-linux-gnu/libpcre.so.3.13.3
7f85f1673000-7f85f1674000 rw-p 00071000 08:05 919775                     /lib/x86_64-linux-gnu/libpcre.so.3.13.3
7f85f1674000-7f85f167b000 r-xp 00000000 08:05 272269                     /usr/lib/x86_64-linux-gnu/libffi.so.6.0.4
7f85f167b000-7f85f187a000 ---p 00007000 08:05 272269                     /usr/lib/x86_64-linux-gnu/libffi.so.6.0.4
7f85f187a000-7f85f187b000 r--p 00006000 08:05 272269                     /usr/lib/x86_64-linux-gnu/libffi.so.6.0.4
7f85f187b000-7f85f187c000 rw-p 00007000 08:05 272269                     /usr/lib/x86_64-linux-gnu/libffi.so.6.0.4
7f85f187c000-7f85f18cd000 r-xp 00000000 08:05 919686                     /lib/x86_64-linux-gnu/libmount.so.1.1.0
7f85f18cd000-7f85f1acc000 ---p 00051000 08:05 919686                     /lib/x86_64-linux-gnu/libmount.so.1.1.0
7f85f1acc000-7f85f1ace000 r--p 00050000 08:05 919686                     /lib/x86_64-linux-gnu/libmount.so.1.1.0
7f85f1ace000-7f85f1acf000 rw-p 00052000 08:05 919686                     /lib/x86_64-linux-gnu/libmount.so.1.1.0
7f85f1acf000-7f85f1ad0000 rw-p 00000000 00:00 0 
7f85f1ad0000-7f85f1ae7000 r-xp 00000000 08:05 919792                     /lib/x86_64-linux-gnu/libresolv-2.27.so
7f85f1ae7000-7f85f1ce7000 ---p 00017000 08:05 919792                     /lib/x86_64-linux-gnu/libresolv-2.27.so
7f85f1ce7000-7f85f1ce8000 r--p 00017000 08:05 919792                     /lib/x86_64-linux-gnu/libresolv-2.27.so
7f85f1ce8000-7f85f1ce9000 rw-p 00018000 08:05 919792                     /lib/x86_64-linux-gnu/libresolv-2.27.so
7f85f1ce9000-7f85f1ceb000 rw-p 00000000 00:00 0 
7f85f1ceb000-7f85f1d10000 r-xp 00000000 08:05 919798                     /lib/x86_64-linux-gnu/libselinux.so.1
7f85f1d10000-7f85f1f0f000 ---p 00025000 08:05 919798                     /lib/x86_64-linux-gnu/libselinux.so.1
7f85f1f0f000-7f85f1f10000 r--p 00024000 08:05 919798                     /lib/x86_64-linux-gnu/libselinux.so.1
7f85f1f10000-7f85f1f11000 rw-p 00025000 08:05 919798                     /lib/x86_64-linux-gnu/libselinux.so.1
7f85f1f11000-7f85f1f13000 rw-p 00000000 00:00 0 
7f85f1f13000-7f85f2026000 r-xp 00000000 08:05 262951                     /usr/lib/x86_64-linux-gnu/libglib-2.0.so.0.5600.3
7f85f2026000-7f85f2226000 ---p 00113000 08:05 262951                     /usr/lib/x86_64-linux-gnu/libglib-2.0.so.0.5600.3
7f85f2226000-7f85f2227000 r--p 00113000 08:05 262951                     /usr/lib/x86_64-linux-gnu/libglib-2.0.so.0.5600.3
7f85f2227000-7f85f2228000 rw-p 00114000 08:05 262951                     /usr/lib/x86_64-linux-gnu/libglib-2.0.so.0.5600.3
7f85f2228000-7f85f2229000 rw-p 00000000 00:00 0 
7f85f2229000-7f85f222c000 r-xp 00000000 08:05 268079                     /usr/lib/x86_64-linux-gnu/libgmodule-2.0.so.0.5600.3
7f85f222c000-7f85f242b000 ---p 00003000 08:05 268079                     /usr/lib/x86_64-linux-gnu/libgmodule-2.0.so.0.5600.3
7f85f242b000-7f85f242c000 r--p 00002000 08:05 268079                     /usr/lib/x86_64-linux-gnu/libgmodule-2.0.so.0.5600.3
7f85f242c000-7f85f242d000 rw-p 00003000 08:05 268079                     /usr/lib/x86_64-linux-gnu/libgmodule-2.0.so.0.5600.3
7f85f242d000-7f85f247f000 r-xp 00000000 08:05 270586                     /usr/lib/x86_64-linux-gnu/libgobject-2.0.so.0.5600.3
7f85f247f000-7f85f267f000 ---p 00052000 08:05 270586                     /usr/lib/x86_64-linux-gnu/libgobject-2.0.so.0.5600.3
7f85f267f000-7f85f2680000 r--p 00052000 08:05 270586                     /usr/lib/x86_64-linux-gnu/libgobject-2.0.so.0.5600.3
7f85f2680000-7f85f2681000 rw-p 00053000 08:05 270586                     /usr/lib/x86_64-linux-gnu/libgobject-2.0.so.0.5600.3
7f85f2681000-7f85f2816000 r-xp 00000000 08:05 262552                     /usr/lib/x86_64-linux-gnu/libgio-2.0.so.0.5600.3
7f85f2816000-7f85f2a16000 ---p 00195000 08:05 262552                     /usr/lib/x86_64-linux-gnu/libgio-2.0.so.0.5600.3
7f85f2a16000-7f85f2a1d000 r--p 00195000 08:05 262552                     /usr/lib/x86_64-linux-gnu/libgio-2.0.so.0.5600.3
7f85f2a1d000-7f85f2a1e000 rw-p 0019c000 08:05 262552                     /usr/lib/x86_64-linux-gnu/libgio-2.0.so.0.5600.3
7f85f2a1e000-7f85f2a20000 rw-p 00000000 00:00 0 
7f85f2a20000-7f85f2a2a000 r-xp 00000000 08:05 271958                     /usr/lib/x86_64-linux-gnu/libXrandr.so.2.2.0
7f85f2a2a000-7f85f2c29000 ---p 0000a000 08:05 271958                     /usr/lib/x86_64-linux-gnu/libXrandr.so.2.2.0
7f85f2c29000-7f85f2c2a000 r--p 00009000 08:05 271958                     /usr/lib/x86_64-linux-gnu/libXrandr.so.2.2.0
7f85f2c2a000-7f85f2c2b000 rw-p 0000a000 08:05 271958                     /usr/lib/x86_64-linux-gnu/libXrandr.so.2.2.0
7f85f2c2b000-7f85f2e2b000 rw-p 00000000 00:00 0 
7f85f2e2b000-7f85f2e5c000 r-xp 00000000 08:05 272791                     /usr/lib/x86_64-linux-gnu/libpng16.so.16.34.0
7f85f2e5c000-7f85f305b000 ---p 00031000 08:05 272791                     /usr/lib/x86_64-linux-gnu/libpng16.so.16.34.0
7f85f305b000-7f85f305c000 r--p 00030000 08:05 272791                     /usr/lib/x86_64-linux-gnu/libpng16.so.16.34.0
7f85f305c000-7f85f305d000 rw-p 00031000 08:05 272791                     /usr/lib/x86_64-linux-gnu/libpng16.so.16.34.0
7f85f305d000-7f85f310a000 r-xp 00000000 08:05 272301                     /usr/lib/x86_64-linux-gnu/libfreetype.so.6.15.0
7f85f310a000-7f85f3309000 ---p 000ad000 08:05 272301                     /usr/lib/x86_64-linux-gnu/libfreetype.so.6.15.0
7f85f3309000-7f85f3310000 r--p 000ac000 08:05 272301                     /usr/lib/x86_64-linux-gnu/libfreetype.so.6.15.0
7f85f3310000-7f85f3311000 rw-p 000b3000 08:05 272301                     /usr/lib/x86_64-linux-gnu/libfreetype.so.6.15.0
7f85f3311000-7f85f33a6000 r-xp 00000000 08:05 1044706                    /usr/lib/jvm/java-11-openjdk-amd64/lib/libfontmanager.so
7f85f33a6000-7f85f35a6000 ---p 00095000 08:05 1044706                    /usr/lib/jvm/java-11-openjdk-amd64/lib/libfontmanager.so
7f85f35a6000-7f85f35a7000 r--p 00095000 08:05 1044706                    /usr/lib/jvm/java-11-openjdk-amd64/lib/libfontmanager.so
7f85f35a7000-7f85f35a8000 rw-p 00096000 08:05 1044706                    /usr/lib/jvm/java-11-openjdk-amd64/lib/libfontmanager.so
7f85f35a8000-7f85f35a9000 rw-p 00000000 00:00 0 
7f85f35a9000-7f85f35bc000 r-xp 00000000 08:05 919649                     /lib/x86_64-linux-gnu/libbsd.so.0.8.7
7f85f35bc000-7f85f37bb000 ---p 00013000 08:05 919649                     /lib/x86_64-linux-gnu/libbsd.so.0.8.7
7f85f37bb000-7f85f37bc000 r--p 00012000 08:05 919649                     /lib/x86_64-linux-gnu/libbsd.so.0.8.7
7f85f37bc000-7f85f37bd000 rw-p 00013000 08:05 919649                     /lib/x86_64-linux-gnu/libbsd.so.0.8.7
7f85f37bd000-7f85f37be000 rw-p 00000000 00:00 0 
7f85f37be000-7f85f37c3000 r-xp 00000000 08:05 271938                     /usr/lib/x86_64-linux-gnu/libXdmcp.so.6.0.0
7f85f37c3000-7f85f39c2000 ---p 00005000 08:05 271938                     /usr/lib/x86_64-linux-gnu/libXdmcp.so.6.0.0
7f85f39c2000-7f85f39c3000 r--p 00004000 08:05 271938                     /usr/lib/x86_64-linux-gnu/libXdmcp.so.6.0.0
7f85f39c3000-7f85f39c4000 rw-p 00005000 08:05 271938                     /usr/lib/x86_64-linux-gnu/libXdmcp.so.6.0.0
7f85f39c4000-7f85f39c6000 r-xp 00000000 08:05 271927                     /usr/lib/x86_64-linux-gnu/libXau.so.6.0.0
7f85f39c6000-7f85f3bc6000 ---p 00002000 08:05 271927                     /usr/lib/x86_64-linux-gnu/libXau.so.6.0.0
7f85f3bc6000-7f85f3bc7000 r--p 00002000 08:05 271927                     /usr/lib/x86_64-linux-gnu/libXau.so.6.0.0
7f85f3bc7000-7f85f3bc8000 rw-p 00003000 08:05 271927                     /usr/lib/x86_64-linux-gnu/libXau.so.6.0.0
7f85f3bc8000-7f85f3bee000 r-xp 00000000 08:05 273131                     /usr/lib/x86_64-linux-gnu/libxcb.so.1.1.0
7f85f3bee000-7f85f3dee000 ---p 00026000 08:05 273131                     /usr/lib/x86_64-linux-gnu/libxcb.so.1.1.0
7f85f3dee000-7f85f3def000 r--p 00026000 08:05 273131                     /usr/lib/x86_64-linux-gnu/libxcb.so.1.1.0
7f85f3def000-7f85f3df0000 rw-p 00027000 08:05 273131                     /usr/lib/x86_64-linux-gnu/libxcb.so.1.1.0
7f85f3df0000-7f85f3dff000 r-xp 00000000 08:05 271948                     /usr/lib/x86_64-linux-gnu/libXi.so.6.1.0
7f85f3dff000-7f85f3ffe000 ---p 0000f000 08:05 271948                     /usr/lib/x86_64-linux-gnu/libXi.so.6.1.0
7f85f3ffe000-7f85f3fff000 r--p 0000e000 08:05 271948                     /usr/lib/x86_64-linux-gnu/libXi.so.6.1.0
7f85f3fff000-7f85f4000000 rw-p 0000f000 08:05 271948                     /usr/lib/x86_64-linux-gnu/libXi.so.6.1.0
7f85f4000000-7f85f4021000 rw-p 00000000 00:00 0 
7f85f4021000-7f85f8000000 ---p 00000000 00:00 0 
7f85f8000000-7f85f8021000 rw-p 00000000 00:00 0 
7f85f8021000-7f85fc000000 ---p 00000000 00:00 0 
7f85fc000000-7f85fc7db000 rw-p 00000000 00:00 0 
7f85fc7db000-7f8600000000 ---p 00000000 00:00 0 
7f8600000000-7f8600021000 rw-p 00000000 00:00 0 
7f8600021000-7f8604000000 ---p 00000000 00:00 0 
7f8604000000-7f86048fe000 rw-p 00000000 00:00 0 
7f86048fe000-7f8608000000 ---p 00000000 00:00 0 
7f8608000000-7f86097e6000 rw-p 00000000 00:00 0 
7f86097e6000-7f860c000000 ---p 00000000 00:00 0 
7f860c000000-7f860c021000 rw-p 00000000 00:00 0 
7f860c021000-7f8610000000 ---p 00000000 00:00 0 
7f8610000000-7f8610021000 rw-p 00000000 00:00 0 
7f8610021000-7f8614000000 ---p 00000000 00:00 0 
7f8614000000-7f8614077000 rw-p 00000000 00:00 0 
7f8614077000-7f8618000000 ---p 00000000 00:00 0 
7f8618000000-7f8618021000 rw-p 00000000 00:00 0 
7f8618021000-7f861c000000 ---p 00000000 00:00 0 
7f861c000000-7f861c021000 rw-p 00000000 00:00 0 
7f861c021000-7f8620000000 ---p 00000000 00:00 0 
7f8620000000-7f8620021000 rw-p 00000000 00:00 0 
7f8620021000-7f8624000000 ---p 00000000 00:00 0 
7f8624000000-7f8624021000 rw-p 00000000 00:00 0 
7f8624021000-7f8628000000 ---p 00000000 00:00 0 
7f8628000000-7f8628021000 rw-p 00000000 00:00 0 
7f8628021000-7f862c000000 ---p 00000000 00:00 0 
7f862c000000-7f862c021000 rw-p 00000000 00:00 0 
7f862c021000-7f8630000000 ---p 00000000 00:00 0 
7f8630000000-7f8630021000 rw-p 00000000 00:00 0 
7f8630021000-7f8634000000 ---p 00000000 00:00 0 
7f8634074000-7f8634078000 ---p 00000000 00:00 0 
7f8634078000-7f8634175000 rw-p 00000000 00:00 0 
7f8634175000-7f863417a000 r-xp 00000000 08:05 271966                     /usr/lib/x86_64-linux-gnu/libXtst.so.6.1.0
7f863417a000-7f8634379000 ---p 00005000 08:05 271966                     /usr/lib/x86_64-linux-gnu/libXtst.so.6.1.0
7f8634379000-7f863437a000 r--p 00004000 08:05 271966                     /usr/lib/x86_64-linux-gnu/libXtst.so.6.1.0
7f863437a000-7f863437b000 rw-p 00005000 08:05 271966                     /usr/lib/x86_64-linux-gnu/libXtst.so.6.1.0
7f863437b000-7f8634384000 r-xp 00000000 08:05 271960                     /usr/lib/x86_64-linux-gnu/libXrender.so.1.3.0
7f8634384000-7f8634583000 ---p 00009000 08:05 271960                     /usr/lib/x86_64-linux-gnu/libXrender.so.1.3.0
7f8634583000-7f8634584000 r--p 00008000 08:05 271960                     /usr/lib/x86_64-linux-gnu/libXrender.so.1.3.0
7f8634584000-7f8634585000 rw-p 00009000 08:05 271960                     /usr/lib/x86_64-linux-gnu/libXrender.so.1.3.0
7f8634585000-7f86346b8000 r-xp 00000000 08:05 263759                     /usr/lib/x86_64-linux-gnu/libX11.so.6.3.0
7f86346b8000-7f86348b8000 ---p 00133000 08:05 263759                     /usr/lib/x86_64-linux-gnu/libX11.so.6.3.0
7f86348b8000-7f86348b9000 r--p 00133000 08:05 263759                     /usr/lib/x86_64-linux-gnu/libX11.so.6.3.0
7f86348b9000-7f86348bd000 rw-p 00134000 08:05 263759                     /usr/lib/x86_64-linux-gnu/libX11.so.6.3.0
7f86348bd000-7f86348ce000 r-xp 00000000 08:05 271940                     /usr/lib/x86_64-linux-gnu/libXext.so.6.4.0
7f86348ce000-7f8634acd000 ---p 00011000 08:05 271940                     /usr/lib/x86_64-linux-gnu/libXext.so.6.4.0
7f8634acd000-7f8634ace000 r--p 00010000 08:05 271940                     /usr/lib/x86_64-linux-gnu/libXext.so.6.4.0
7f8634ace000-7f8634acf000 rw-p 00011000 08:05 271940                     /usr/lib/x86_64-linux-gnu/libXext.so.6.4.0
7f8634acf000-7f8634b2e000 r-xp 00000000 08:05 1044703                    /usr/lib/jvm/java-11-openjdk-amd64/lib/libawt_xawt.so
7f8634b2e000-7f8634d2d000 ---p 0005f000 08:05 1044703                    /usr/lib/jvm/java-11-openjdk-amd64/lib/libawt_xawt.so
7f8634d2d000-7f8634d2e000 r--p 0005e000 08:05 1044703                    /usr/lib/jvm/java-11-openjdk-amd64/lib/libawt_xawt.so
7f8634d2e000-7f8634d31000 rw-p 0005f000 08:05 1044703                    /usr/lib/jvm/java-11-openjdk-amd64/lib/libawt_xawt.so
7f8634d31000-7f8634d33000 rw-p 00000000 00:00 0 
7f8634d33000-7f8634dd3000 r-xp 00000000 08:05 1044701                    /usr/lib/jvm/java-11-openjdk-amd64/lib/libawt.so
7f8634dd3000-7f8634fd3000 ---p 000a0000 08:05 1044701                    /usr/lib/jvm/java-11-openjdk-amd64/lib/libawt.so
7f8634fd3000-7f8634fd4000 r--p 000a0000 08:05 1044701                    /usr/lib/jvm/java-11-openjdk-amd64/lib/libawt.so
7f8634fd4000-7f8634fdf000 rw-p 000a1000 08:05 1044701                    /usr/lib/jvm/java-11-openjdk-amd64/lib/libawt.so
7f8634fdf000-7f8635004000 rw-p 00000000 00:00 0 
7f8635004000-7f863501b000 r-xp 00000000 08:05 1044726                    /usr/lib/jvm/java-11-openjdk-amd64/lib/libnet.so
7f863501b000-7f863521a000 ---p 00017000 08:05 1044726                    /usr/lib/jvm/java-11-openjdk-amd64/lib/libnet.so
7f863521a000-7f863521b000 r--p 00016000 08:05 1044726                    /usr/lib/jvm/java-11-openjdk-amd64/lib/libnet.so
7f863521b000-7f863521c000 rw-p 00017000 08:05 1044726                    /usr/lib/jvm/java-11-openjdk-amd64/lib/libnet.so
7f863521c000-7f863522d000 r-xp 00000000 08:05 1044727                    /usr/lib/jvm/java-11-openjdk-amd64/lib/libnio.so
7f863522d000-7f863542c000 ---p 00011000 08:05 1044727                    /usr/lib/jvm/java-11-openjdk-amd64/lib/libnio.so
7f863542c000-7f863542d000 r--p 00010000 08:05 1044727                    /usr/lib/jvm/java-11-openjdk-amd64/lib/libnio.so
7f863542d000-7f863542e000 rw-p 00011000 08:05 1044727                    /usr/lib/jvm/java-11-openjdk-amd64/lib/libnio.so
7f863542e000-7f8635432000 ---p 00000000 00:00 0 
7f8635432000-7f863552f000 rw-p 00000000 00:00 0 
7f863552f000-7f8635530000 ---p 00000000 00:00 0 
7f8635530000-7f8635631000 rw-p 00000000 00:00 0 
7f8635631000-7f8636000000 r--p 00000000 08:05 267985                     /usr/lib/locale/locale-archive
7f8636000000-7f8638000000 rw-p 00000000 00:00 0 
7f8638000000-7f8638021000 rw-p 00000000 00:00 0 
7f8638021000-7f863c000000 ---p 00000000 00:00 0 
7f863c000000-7f863c021000 rw-p 00000000 00:00 0 
7f863c021000-7f8640000000 ---p 00000000 00:00 0 
7f8640089000-7f8640094000 r--s 00000000 08:05 1192451                    /var/cache/fontconfig/945677eb7aeaf62f1d50efc3fb3ec7d8-le64.cache-7
7f8640094000-7f8640099000 r--s 00000000 08:05 1192422                    /var/cache/fontconfig/2300eef321c393bfd76478a5c0e95b23-le64.cache-7
7f8640099000-7f86400ae000 r--s 00000000 08:05 1192411                    /var/cache/fontconfig/04aabc0a78ac019cf9454389977116d2-le64.cache-7
7f86400ae000-7f86400b2000 ---p 00000000 00:00 0 
7f86400b2000-7f86401af000 rw-p 00000000 00:00 0 
7f86401af000-7f86401b3000 ---p 00000000 00:00 0 
7f86401b3000-7f86404a0000 rw-p 00000000 00:00 0 
7f86404a0000-7f8642158000 ---p 00000000 00:00 0 
7f8642158000-7f8642348000 rw-p 00000000 00:00 0 
7f8642348000-7f8644000000 ---p 00000000 00:00 0 
7f8644000000-7f8644021000 rw-p 00000000 00:00 0 
7f8644021000-7f8648000000 ---p 00000000 00:00 0 
7f8648000000-7f8648021000 rw-p 00000000 00:00 0 
7f8648021000-7f864c000000 ---p 00000000 00:00 0 
7f864c000000-7f864c021000 rw-p 00000000 00:00 0 
7f864c021000-7f8650000000 ---p 00000000 00:00 0 
7f8650000000-7f8650004000 r--s 00000000 08:05 1206704                    /var/cache/fontconfig/6aa41aa22e18b8fa06a12da28ea9c28b-le64.cache-7
7f8650004000-7f8650005000 r--s 00000000 08:05 1192415                    /var/cache/fontconfig/0d8c3b2ac0904cb8a57a757ad11a4a08-le64.cache-7
7f8650005000-7f8650006000 r--s 00000000 08:05 1192419                    /var/cache/fontconfig/1ac9eb803944fde146138c791f5cc56a-le64.cache-7
7f8650006000-7f8650007000 r--s 00000000 08:05 1192470                    /var/cache/fontconfig/dc05db6664285cc2f12bf69c139ae4c3-le64.cache-7
7f8650007000-7f8650009000 r--s 00000000 08:05 1192416                    /var/cache/fontconfig/14a5e22175779b556eaa434240950366-le64.cache-7
7f8650009000-7f865000a000 r--s 00000000 08:05 1192443                    /var/cache/fontconfig/660208299946a285a940457d1287da33-le64.cache-7
7f865000a000-7f865000b000 r--s 00000000 08:05 1206489                    /var/cache/fontconfig/5d1cca7074f29429a8d18692746c2426-le64.cache-7
7f865000b000-7f865000d000 r--s 00000000 08:05 1192434                    /var/cache/fontconfig/4f3e3037c9980c83b53a9351efadef62-le64.cache-7
7f865000d000-7f865000f000 r--s 00000000 08:05 1192448                    /var/cache/fontconfig/767a8244fc0220cfb567a839d0392e0b-le64.cache-7
7f865000f000-7f8650010000 r--s 00000000 08:05 1176178                    /var/cache/fontconfig/4794a0821666d79190d59a36cb4f44b5-le64.cache-7
7f8650010000-7f8650012000 r--s 00000000 08:05 1176008                    /var/cache/fontconfig/0bd3dc0958fa2205aaaa8ebb13e2872b-le64.cache-7
7f8650012000-7f8650017000 r--s 00000000 08:05 1192471                    /var/cache/fontconfig/def309198bfa603429122923fa2bb2d4-le64.cache-7
7f8650017000-7f8650018000 r--s 00000000 08:05 1192459                    /var/cache/fontconfig/b872e6e592da6075ffa4ab0a1fcc0c75-le64.cache-7
7f8650018000-7f8650019000 r--s 00000000 08:05 1192476                    /var/cache/fontconfig/f6d4eedfaab2589bde49f7a3ff831d22-le64.cache-7
7f8650019000-7f865001a000 r--s 00000000 08:05 1192441                    /var/cache/fontconfig/589f83ef4c36d296ce6e1c846f468f08-le64.cache-7
7f865001a000-7f865001b000 r--s 00000000 08:05 1192461                    /var/cache/fontconfig/bab58bb527bb656aaa9f116d68a48d89-le64.cache-7
7f865001b000-7f865001c000 r--s 00000000 08:05 1192420                    /var/cache/fontconfig/2171a34dccabdb6bcbbc728186263178-le64.cache-7
7f865001c000-7f865001d000 r--s 00000000 08:05 1192462                    /var/cache/fontconfig/c5c45a61289222e0d30b1a26ef4effbe-le64.cache-7
7f865001d000-7f865001e000 r--s 00000000 08:05 1192457                    /var/cache/fontconfig/aec30016f93e1b46d1a973dce0d74068-le64.cache-7
7f865001e000-7f865001f000 r--s 00000000 08:05 1192427                    /var/cache/fontconfig/3f589640d34b7dc9042c8d453f7c8b9c-le64.cache-7
7f865001f000-7f8650020000 r--s 00000000 08:05 1192417                    /var/cache/fontconfig/16c2fda60d1b4b719f4b3d06fd951d25-le64.cache-7
7f8650020000-7f8650021000 r--s 00000000 08:05 1192456                    /var/cache/fontconfig/a48eab177a16e4f3713381162db2f3e9-le64.cache-7
7f8650021000-7f8650022000 r--s 00000000 08:05 1192437                    /var/cache/fontconfig/564b2e68ac9bc4e36a6f7f6d6125ec1c-le64.cache-7
7f8650022000-7f8650027000 r--s 00000000 08:05 1188065                    /var/cache/fontconfig/9d2451b1fd30e5bffe8383fd27c35478-le64.cache-7
7f8650027000-7f865002d000 r--s 00000000 08:05 1188064                    /var/cache/fontconfig/3047814df9a2f067bd2d96a2b9c36e5a-le64.cache-7
7f865002d000-7f8650035000 r--s 00000000 08:05 1206702                    /var/cache/fontconfig/bf3b770c553c462765856025a94f1ce6-le64.cache-7
7f8650035000-7f8650036000 r--s 00000000 08:05 1192438                    /var/cache/fontconfig/56cf4f4769d0f4abc89a4895d7bd3ae1-le64.cache-7
7f8650036000-7f8650037000 r--s 00000000 08:05 1192460                    /var/cache/fontconfig/b9d506c9ac06c20b433354fa67a72993-le64.cache-7
7f8650037000-7f865003d000 r--s 00000000 08:05 1192458                    /var/cache/fontconfig/b47c4e1ecd0709278f4910c18777a504-le64.cache-7
7f865003d000-7f8650050000 r--s 00000000 08:05 1192467                    /var/cache/fontconfig/d52a8644073d54c13679302ca1180695-le64.cache-7
7f8650050000-7f8650051000 r--s 00000000 08:05 1192425                    /var/cache/fontconfig/370e5b74bf5dafc30834de68e24a87a4-le64.cache-7
7f8650051000-7f8650052000 r--s 00000000 08:05 1192446                    /var/cache/fontconfig/6b2c5944714ca7831b25bed9e85cb5c8-le64.cache-7
7f8650052000-7f8650053000 r--s 00000000 08:05 1192466                    /var/cache/fontconfig/d5178ab6d91b49bf20a416737dcea9e8-le64.cache-7
7f8650053000-7f8650054000 r--s 00000000 08:05 1192436                    /var/cache/fontconfig/551ecf3b0e8b0bca0f25c0944f561853-le64.cache-7
7f8650054000-7f8650057000 r--s 00000000 08:05 1192475                    /var/cache/fontconfig/f259c2cffa685e28062317905db73c4a-le64.cache-7
7f8650057000-7f8650059000 r--s 00000000 08:05 1192435                    /var/cache/fontconfig/550f3886151c940c12a5ed35f6a00586-le64.cache-7
7f8650059000-7f865005c000 r--s 00000000 08:05 1192444                    /var/cache/fontconfig/674d1711f2d1d2a09646eb0bdcadee49-le64.cache-7
7f865005c000-7f865005d000 r--s 00000000 08:05 1192428                    /var/cache/fontconfig/3f7329c5293ffd510edef78f73874cfd-le64.cache-7
7f865005d000-7f8650069000 r--s 00000000 08:05 1199994                    /var/cache/fontconfig/d589a48862398ed80a3d6066f4f56f4c-le64.cache-7
7f8650069000-7f865006a000 r--s 00000000 08:05 1206478                    /var/cache/fontconfig/e7de81b01590fb7e12b38e274e17d0db-le64.cache-7
7f865006a000-7f8650078000 r--s 00000000 08:05 1192453                    /var/cache/fontconfig/9b89f8e3dae116d678bbf48e5f21f69b-le64.cache-7
7f8650078000-7f8650090000 r--s 00000000 08:05 1192469                    /var/cache/fontconfig/e13b20fdb08344e0e664864cc2ede53d-le64.cache-7
7f8650090000-7f865009d000 r--s 00000000 08:05 1206697                    /var/cache/fontconfig/8f02d4cb045bd6ce15663e43f347c9f8-le64.cache-7
7f865009d000-7f86500be000 r--s 00000000 08:05 1206694                    /var/cache/fontconfig/467c019e582ee353435ea5c21d137ef6-le64.cache-7
7f86500be000-7f86500ee000 r--p 00000000 08:05 526415                     /usr/share/glib-2.0/schemas/gschemas.compiled
7f86500ee000-7f86500f2000 ---p 00000000 00:00 0 
7f86500f2000-7f86501ef000 rw-p 00000000 00:00 0 
7f86501ef000-7f86501f3000 ---p 00000000 00:00 0 
7f86501f3000-7f86502f0000 rw-p 00000000 00:00 0 
7f86502f0000-7f86502f4000 ---p 00000000 00:00 0 
7f86502f4000-7f86503f1000 rw-p 00000000 00:00 0 
7f86503f1000-7f86503f5000 ---p 00000000 00:00 0 
7f86503f5000-7f86504f2000 rw-p 00000000 00:00 0 
7f86504f2000-7f86504f6000 ---p 00000000 00:00 0 
7f86504f6000-7f86505f3000 rw-p 00000000 00:00 0 
7f86505f3000-7f86505f7000 ---p 00000000 00:00 0 
7f86505f7000-7f86506f4000 rw-p 00000000 00:00 0 
7f86506f4000-7f86506f5000 ---p 00000000 00:00 0 
7f86506f5000-7f865106c000 rw-p 00000000 00:00 0 
7f865106c000-7f865106d000 ---p 00000000 00:00 0 
7f865106d000-7f865116e000 rw-p 00000000 00:00 0 
7f865116e000-7f865116f000 ---p 00000000 00:00 0 
7f865116f000-7f8651270000 rw-p 00000000 00:00 0 
7f8651270000-7f8651271000 ---p 00000000 00:00 0 
7f8651271000-7f8651372000 rw-p 00000000 00:00 0 
7f8651372000-7f8651373000 ---p 00000000 00:00 0 
7f8651373000-7f8651474000 rw-p 00000000 00:00 0 
7f8651474000-7f8651475000 ---p 00000000 00:00 0 
7f8651475000-7f865197a000 rw-p 00000000 00:00 0 
7f865197a000-7f865197b000 ---p 00000000 00:00 0 
7f865197b000-7f8651a7c000 rw-p 00000000 00:00 0 
7f8651a7c000-7f8651a7d000 ---p 00000000 00:00 0 
7f8651a7d000-7f8651bbc000 rw-p 00000000 00:00 0 
7f8651bbc000-7f8651f53000 ---p 00000000 00:00 0 
7f8651f53000-7f8651f91000 rw-p 00000000 00:00 0 
7f8651f91000-7f8652328000 ---p 00000000 00:00 0 
7f8652328000-7f8652366000 rw-p 00000000 00:00 0 
7f8652366000-7f86526fd000 ---p 00000000 00:00 0 
7f86526fd000-7f8652b01000 rw-p 00000000 00:00 0 
7f8652b01000-7f8652b02000 ---p 00000000 00:00 0 
7f8652b02000-7f8652c03000 rw-p 00000000 00:00 0 
7f8652c03000-7f8652c04000 ---p 00000000 00:00 0 
7f8652c04000-7f8652d05000 rw-p 00000000 00:00 0 
7f8652d05000-7f8652d06000 ---p 00000000 00:00 0 
7f8652d06000-7f8652e07000 rw-p 00000000 00:00 0 
7f8652e07000-7f8652e08000 ---p 00000000 00:00 0 
7f8652e08000-7f8652f0e000 rw-p 00000000 00:00 0 
7f8652f0e000-7f8652ff4000 ---p 00000000 00:00 0 
7f8652ff4000-7f8653006000 rw-p 00000000 00:00 0 
7f8653006000-7f86530df000 ---p 00000000 00:00 0 
7f86530df000-7f865334f000 rwxp 00000000 00:00 0 
7f865334f000-7f865366f000 ---p 00000000 00:00 0 
7f865366f000-7f8653f1f000 rwxp 00000000 00:00 0 
7f8653f1f000-7f865aba7000 ---p 00000000 00:00 0 
7f865aba7000-7f865ae17000 rwxp 00000000 00:00 0 
7f865ae17000-7f86620df000 ---p 00000000 00:00 0 
7f86620df000-7f866b5ba000 r--s 00000000 08:05 1062053                    /usr/lib/jvm/java-11-openjdk-amd64/lib/modules
7f866b5ba000-7f866b5bf000 r-xp 00000000 08:05 1044718                    /usr/lib/jvm/java-11-openjdk-amd64/lib/libjimage.so
7f866b5bf000-7f866b7be000 ---p 00005000 08:05 1044718                    /usr/lib/jvm/java-11-openjdk-amd64/lib/libjimage.so
7f866b7be000-7f866b7bf000 r--p 00004000 08:05 1044718                    /usr/lib/jvm/java-11-openjdk-amd64/lib/libjimage.so
7f866b7bf000-7f866b7c0000 rw-p 00005000 08:05 1044718                    /usr/lib/jvm/java-11-openjdk-amd64/lib/libjimage.so
7f866b7c0000-7f866b7c7000 r-xp 00000000 08:05 1062049                    /usr/lib/jvm/java-11-openjdk-amd64/lib/libzip.so
7f866b7c7000-7f866b9c6000 ---p 00007000 08:05 1062049                    /usr/lib/jvm/java-11-openjdk-amd64/lib/libzip.so
7f866b9c6000-7f866b9c7000 r--p 00006000 08:05 1062049                    /usr/lib/jvm/java-11-openjdk-amd64/lib/libzip.so
7f866b9c7000-7f866b9c8000 rw-p 00007000 08:05 1062049                    /usr/lib/jvm/java-11-openjdk-amd64/lib/libzip.so
7f866b9c8000-7f866b9d3000 r-xp 00000000 08:05 919743                     /lib/x86_64-linux-gnu/libnss_files-2.27.so
7f866b9d3000-7f866bbd2000 ---p 0000b000 08:05 919743                     /lib/x86_64-linux-gnu/libnss_files-2.27.so
7f866bbd2000-7f866bbd3000 r--p 0000a000 08:05 919743                     /lib/x86_64-linux-gnu/libnss_files-2.27.so
7f866bbd3000-7f866bbd4000 rw-p 0000b000 08:05 919743                     /lib/x86_64-linux-gnu/libnss_files-2.27.so
7f866bbd4000-7f866bbda000 rw-p 00000000 00:00 0 
7f866bbda000-7f866bbf1000 r-xp 00000000 08:05 919737                     /lib/x86_64-linux-gnu/libnsl-2.27.so
7f866bbf1000-7f866bdf0000 ---p 00017000 08:05 919737                     /lib/x86_64-linux-gnu/libnsl-2.27.so
7f866bdf0000-7f866bdf1000 r--p 00016000 08:05 919737                     /lib/x86_64-linux-gnu/libnsl-2.27.so
7f866bdf1000-7f866bdf2000 rw-p 00017000 08:05 919737                     /lib/x86_64-linux-gnu/libnsl-2.27.so
7f866bdf2000-7f866bdf4000 rw-p 00000000 00:00 0 
7f866bdf4000-7f866bdff000 r-xp 00000000 08:05 919754                     /lib/x86_64-linux-gnu/libnss_nis-2.27.so
7f866bdff000-7f866bffe000 ---p 0000b000 08:05 919754                     /lib/x86_64-linux-gnu/libnss_nis-2.27.so
7f866bffe000-7f866bfff000 r--p 0000a000 08:05 919754                     /lib/x86_64-linux-gnu/libnss_nis-2.27.so
7f866bfff000-7f866c000000 rw-p 0000b000 08:05 919754                     /lib/x86_64-linux-gnu/libnss_nis-2.27.so
7f866c000000-7f866c507000 rw-p 00000000 00:00 0 
7f866c507000-7f8670000000 ---p 00000000 00:00 0 
7f8670000000-7f8670001000 r--s 00000000 08:05 1192414                    /var/cache/fontconfig/0c9eb80ebd1c36541ebe2852d3bb0c49-le64.cache-7
7f8670001000-7f8670002000 r--s 00000000 08:05 1192421                    /var/cache/fontconfig/22368d551a680bfe5a62c02760edf4ea-le64.cache-7
7f8670002000-7f8670003000 r--s 00000000 08:05 1192433                    /var/cache/fontconfig/4d9c95eba1cb85bbcf2878543262124a-le64.cache-7
7f8670003000-7f8670004000 r--s 00000000 08:05 1192450                    /var/cache/fontconfig/85e0a52ce643a7ba2ae53e5d6949cead-le64.cache-7
7f8670004000-7f86700b8000 rw-p 00000000 00:00 0 
7f86700b8000-7f86700c0000 r-xp 00000000 08:05 919739                     /lib/x86_64-linux-gnu/libnss_compat-2.27.so
7f86700c0000-7f86702c0000 ---p 00008000 08:05 919739                     /lib/x86_64-linux-gnu/libnss_compat-2.27.so
7f86702c0000-7f86702c1000 r--p 00008000 08:05 919739                     /lib/x86_64-linux-gnu/libnss_compat-2.27.so
7f86702c1000-7f86702c2000 rw-p 00009000 08:05 919739                     /lib/x86_64-linux-gnu/libnss_compat-2.27.so
7f86702c2000-7f86702ee000 r-xp 00000000 08:05 1044714                    /usr/lib/jvm/java-11-openjdk-amd64/lib/libjava.so
7f86702ee000-7f86704ed000 ---p 0002c000 08:05 1044714                    /usr/lib/jvm/java-11-openjdk-amd64/lib/libjava.so
7f86704ed000-7f86704ee000 r--p 0002b000 08:05 1044714                    /usr/lib/jvm/java-11-openjdk-amd64/lib/libjava.so
7f86704ee000-7f86704f0000 rw-p 0002c000 08:05 1044714                    /usr/lib/jvm/java-11-openjdk-amd64/lib/libjava.so
7f86704f0000-7f86704fd000 r-xp 00000000 08:05 1062045                    /usr/lib/jvm/java-11-openjdk-amd64/lib/libverify.so
7f86704fd000-7f86706fc000 ---p 0000d000 08:05 1062045                    /usr/lib/jvm/java-11-openjdk-amd64/lib/libverify.so
7f86706fc000-7f86706fe000 r--p 0000c000 08:05 1062045                    /usr/lib/jvm/java-11-openjdk-amd64/lib/libverify.so
7f86706fe000-7f86706ff000 rw-p 0000e000 08:05 1062045                    /usr/lib/jvm/java-11-openjdk-amd64/lib/libverify.so
7f86706ff000-7f8670706000 r-xp 00000000 08:05 919794                     /lib/x86_64-linux-gnu/librt-2.27.so
7f8670706000-7f8670905000 ---p 00007000 08:05 919794                     /lib/x86_64-linux-gnu/librt-2.27.so
7f8670905000-7f8670906000 r--p 00006000 08:05 919794                     /lib/x86_64-linux-gnu/librt-2.27.so
7f8670906000-7f8670907000 rw-p 00007000 08:05 919794                     /lib/x86_64-linux-gnu/librt-2.27.so
7f8670907000-7f867091e000 r-xp 00000000 08:05 913937                     /lib/x86_64-linux-gnu/libgcc_s.so.1
7f867091e000-7f8670b1d000 ---p 00017000 08:05 913937                     /lib/x86_64-linux-gnu/libgcc_s.so.1
7f8670b1d000-7f8670b1e000 r--p 00016000 08:05 913937                     /lib/x86_64-linux-gnu/libgcc_s.so.1
7f8670b1e000-7f8670b1f000 rw-p 00017000 08:05 913937                     /lib/x86_64-linux-gnu/libgcc_s.so.1
7f8670b1f000-7f8670cbc000 r-xp 00000000 08:05 919716                     /lib/x86_64-linux-gnu/libm-2.27.so
7f8670cbc000-7f8670ebb000 ---p 0019d000 08:05 919716                     /lib/x86_64-linux-gnu/libm-2.27.so
7f8670ebb000-7f8670ebc000 r--p 0019c000 08:05 919716                     /lib/x86_64-linux-gnu/libm-2.27.so
7f8670ebc000-7f8670ebd000 rw-p 0019d000 08:05 919716                     /lib/x86_64-linux-gnu/libm-2.27.so
7f8670ebd000-7f8671036000 r-xp 00000000 08:05 261187                     /usr/lib/x86_64-linux-gnu/libstdc++.so.6.0.25
7f8671036000-7f8671236000 ---p 00179000 08:05 261187                     /usr/lib/x86_64-linux-gnu/libstdc++.so.6.0.25
7f8671236000-7f8671240000 r--p 00179000 08:05 261187                     /usr/lib/x86_64-linux-gnu/libstdc++.so.6.0.25
7f8671240000-7f8671242000 rw-p 00183000 08:05 261187                     /usr/lib/x86_64-linux-gnu/libstdc++.so.6.0.25
7f8671242000-7f8671246000 rw-p 00000000 00:00 0 
7f8671246000-7f86721e3000 r-xp 00000000 08:05 1062065                    /usr/lib/jvm/java-11-openjdk-amd64/lib/server/libjvm.so
7f86721e3000-7f86723e3000 ---p 00f9d000 08:05 1062065                    /usr/lib/jvm/java-11-openjdk-amd64/lib/server/libjvm.so
7f86723e3000-7f86724a7000 r--p 00f9d000 08:05 1062065                    /usr/lib/jvm/java-11-openjdk-amd64/lib/server/libjvm.so
7f86724a7000-7f86724df000 rw-p 01061000 08:05 1062065                    /usr/lib/jvm/java-11-openjdk-amd64/lib/server/libjvm.so
7f86724df000-7f8672528000 rw-p 00000000 00:00 0 
7f8672528000-7f8672542000 r-xp 00000000 08:05 919786                     /lib/x86_64-linux-gnu/libpthread-2.27.so
7f8672542000-7f8672741000 ---p 0001a000 08:05 919786                     /lib/x86_64-linux-gnu/libpthread-2.27.so
7f8672741000-7f8672742000 r--p 00019000 08:05 919786                     /lib/x86_64-linux-gnu/libpthread-2.27.so
7f8672742000-7f8672743000 rw-p 0001a000 08:05 919786                     /lib/x86_64-linux-gnu/libpthread-2.27.so
7f8672743000-7f8672747000 rw-p 00000000 00:00 0 
7f8672747000-7f867274a000 r-xp 00000000 08:05 919676                     /lib/x86_64-linux-gnu/libdl-2.27.so
7f867274a000-7f8672949000 ---p 00003000 08:05 919676                     /lib/x86_64-linux-gnu/libdl-2.27.so
7f8672949000-7f867294a000 r--p 00002000 08:05 919676                     /lib/x86_64-linux-gnu/libdl-2.27.so
7f867294a000-7f867294b000 rw-p 00003000 08:05 919676                     /lib/x86_64-linux-gnu/libdl-2.27.so
7f867294b000-7f8672967000 r-xp 00000000 08:05 919825                     /lib/x86_64-linux-gnu/libz.so.1.2.11
7f8672967000-7f8672b66000 ---p 0001c000 08:05 919825                     /lib/x86_64-linux-gnu/libz.so.1.2.11
7f8672b66000-7f8672b67000 r--p 0001b000 08:05 919825                     /lib/x86_64-linux-gnu/libz.so.1.2.11
7f8672b67000-7f8672b68000 rw-p 0001c000 08:05 919825                     /lib/x86_64-linux-gnu/libz.so.1.2.11
7f8672b68000-7f8672d4f000 r-xp 00000000 08:05 919653                     /lib/x86_64-linux-gnu/libc-2.27.so
7f8672d4f000-7f8672f4f000 ---p 001e7000 08:05 919653                     /lib/x86_64-linux-gnu/libc-2.27.so
7f8672f4f000-7f8672f53000 r--p 001e7000 08:05 919653                     /lib/x86_64-linux-gnu/libc-2.27.so
7f8672f53000-7f8672f55000 rw-p 001eb000 08:05 919653                     /lib/x86_64-linux-gnu/libc-2.27.so
7f8672f55000-7f8672f59000 rw-p 00000000 00:00 0 
7f8672f59000-7f8672f68000 r-xp 00000000 08:05 1044697                    /usr/lib/jvm/java-11-openjdk-amd64/lib/jli/libjli.so
7f8672f68000-7f8673167000 ---p 0000f000 08:05 1044697                    /usr/lib/jvm/java-11-openjdk-amd64/lib/jli/libjli.so
7f8673167000-7f8673168000 r--p 0000e000 08:05 1044697                    /usr/lib/jvm/java-11-openjdk-amd64/lib/jli/libjli.so
7f8673168000-7f8673169000 rw-p 0000f000 08:05 1044697                    /usr/lib/jvm/java-11-openjdk-amd64/lib/jli/libjli.so
7f8673169000-7f8673190000 r-xp 00000000 08:05 919625                     /lib/x86_64-linux-gnu/ld-2.27.so
7f8673190000-7f8673191000 r--s 00000000 08:05 1192430                    /var/cache/fontconfig/49f0de54bdd920fe4f0dfd4cbac43e6b-le64.cache-7
7f8673191000-7f8673192000 r--s 00000000 08:05 1192477                    /var/cache/fontconfig/f6e6e0a5c3d2f6ae0c0c2e0ecd42a997-le64.cache-7
7f8673192000-7f8673193000 r--s 00000000 08:05 1192431                    /var/cache/fontconfig/4b2eda6bb976bda485cb2176619421d5-le64.cache-7
7f8673193000-7f8673195000 r--s 00000000 08:05 1192445                    /var/cache/fontconfig/6afa1bb216ce958c1589e297e8008489-le64.cache-7
7f8673195000-7f8673198000 r--s 00000000 08:05 1206699                    /var/cache/fontconfig/16326683038b281783a0ef8c680e3a10-le64.cache-7
7f86731b0000-7f86731b5000 r--p 00000000 08:07 2894373                    /home/christoph/.config/dconf/user (deleted)
7f86731b5000-7f8673272000 rw-p 00000000 00:00 0 
7f8673272000-7f8673276000 ---p 00000000 00:00 0 
7f8673276000-7f8673375000 rw-p 00000000 00:00 0 
7f8673375000-7f8673376000 r--s 00000000 08:05 1206695                    /var/cache/fontconfig/e0aa53bcfa504e64f87823c16bc01eb6-le64.cache-7
7f8673376000-7f8673377000 r--s 00000000 00:33 35                         /run/user/1000/dconf/user (deleted)
7f8673377000-7f867337d000 rw-p 00000000 00:00 0 
7f867337d000-7f8673384000 ---p 00000000 00:00 0 
7f8673384000-7f867338c000 rw-s 00000000 08:05 130616                     /tmp/hsperfdata_christoph/13692
7f867338c000-7f867338d000 ---p 00000000 00:00 0 
7f867338d000-7f867338e000 r--p 00000000 00:00 0 
7f867338e000-7f8673390000 rw-p 00000000 00:00 0 
7f8673390000-7f8673391000 r--p 00027000 08:05 919625                     /lib/x86_64-linux-gnu/ld-2.27.so
7f8673391000-7f8673392000 rw-p 00028000 08:05 919625                     /lib/x86_64-linux-gnu/ld-2.27.so
7f8673392000-7f8673393000 rw-p 00000000 00:00 0 
7fff1b2ec000-7fff1b30d000 rw-p 00000000 00:00 0                          [stack]
7fff1b3ab000-7fff1b3ae000 r--p 00000000 00:00 0                          [vvar]
7fff1b3ae000-7fff1b3b0000 r-xp 00000000 00:00 0                          [vdso]
ffffffffff600000-ffffffffff601000 r-xp 00000000 00:00 0                  [vsyscall]


VM Arguments:
jvm_args: -Dfile.encoding=UTF-8 
java_command: Controllers.TRECController
java_class_path (initial): /home/christoph/Uni/OAD/OAD-2018-2019/Ass2/UI-Prototyp:/home/christoph/Uni/OAD/OAD-2018-2019/Ass2/UI-Prototyp/lib/antlr-2.7.7.jar:/home/christoph/Uni/OAD/OAD-2018-2019/Ass2/UI-Prototyp/lib/byte-buddy-1.8.17.jar:/home/christoph/Uni/OAD/OAD-2018-2019/Ass2/UI-Prototyp/lib/classmate-1.3.4.jar:/home/christoph/Uni/OAD/OAD-2018-2019/Ass2/UI-Prototyp/lib/dom4j-2.1.1.jar:/home/christoph/Uni/OAD/OAD-2018-2019/Ass2/UI-Prototyp/lib/hibernate-commons-annotations-5.0.4.Final.jar:/home/christoph/Uni/OAD/OAD-2018-2019/Ass2/UI-Prototyp/lib/hibernate-core-5.3.7.Final.jar:/home/christoph/Uni/OAD/OAD-2018-2019/Ass2/UI-Prototyp/lib/jandex-2.0.5.Final.jar:/home/christoph/Uni/OAD/OAD-2018-2019/Ass2/UI-Prototyp/lib/javassist-3.23.1-GA.jar:/home/christoph/Uni/OAD/OAD-2018-2019/Ass2/UI-Prototyp/lib/javax.activation-api-1.2.0.jar:/home/christoph/Uni/OAD/OAD-2018-2019/Ass2/UI-Prototyp/lib/javax.persistence-api-2.2.jar:/home/christoph/Uni/OAD/OAD-2018-2019/Ass2/UI-Prototyp/lib/jboss-logging-3.3.2.Final.jar:/home/christoph/Uni/OAD/OAD-2018-2019/Ass2/UI-Prototyp/lib/jboss-transaction-api_1.2_spec-1.1.1.Final.jar:/home/christoph/Uni/OAD/OAD-2018-2019/Ass2/UI-Prototyp/lib/mysql-connector-java-8.0.13.jar:/home/christoph/Uni/OAD/OAD-2018-2019/Ass2/UI-Prototyp/lib/javax.activation-1.2.0.jar:/home/christoph/Uni/OAD/OAD-2018-2019/Ass2/UI-Prototyp/lib/jaxb-api-2.3.0.jar:/home/christoph/Uni/OAD/OAD-2018-2019/Ass2/UI-Prototyp/lib/jaxb-core-2.3.0.jar:/home/christoph/Uni/OAD/OAD-2018-2019/Ass2/UI-Prototyp/lib/jaxb-impl-2.3.0.jar
Launcher Type: SUN_STANDARD

Logging:
Log output configuration:
#0: stdout all=warning uptime,level,tags
#1: stderr all=off uptime,level,tags

Environment Variables:
PATH=/home/christoph/.local/bin:/usr/local/sbin:/usr/local/bin:/usr/sbin:/usr/bin:/sbin:/bin:/usr/games:/usr/local/games:/snap/bin
USERNAME=christoph
SHELL=/bin/bash
DISPLAY=:0

Signal Handlers:
SIGSEGV: [libjvm.so+0xd28b70], sa_mask[0]=11111111011111111101111111111110, sa_flags=SA_RESTART|SA_SIGINFO
SIGBUS: [libjvm.so+0xd28b70], sa_mask[0]=11111111011111111101111111111110, sa_flags=SA_RESTART|SA_SIGINFO
SIGFPE: [libjvm.so+0xd28b70], sa_mask[0]=11111111011111111101111111111110, sa_flags=SA_RESTART|SA_SIGINFO
SIGPIPE: SIG_IGN, sa_mask[0]=00000000000010000000000000000000, sa_flags=SA_RESTART
SIGXFSZ: [libjvm.so+0xb2a1f0], sa_mask[0]=11111111011111111101111111111110, sa_flags=SA_RESTART|SA_SIGINFO
SIGILL: [libjvm.so+0xd28b70], sa_mask[0]=11111111011111111101111111111110, sa_flags=SA_RESTART|SA_SIGINFO
SIGUSR2: [libjvm.so+0xb2a030], sa_mask[0]=00100000000000000000000000000000, sa_flags=SA_RESTART|SA_SIGINFO
SIGHUP: [libjvm.so+0xb2a180], sa_mask[0]=11111111011111111101111111111110, sa_flags=SA_RESTART|SA_SIGINFO
SIGINT: [libjvm.so+0xb2a180], sa_mask[0]=11111111011111111101111111111110, sa_flags=SA_RESTART|SA_SIGINFO
SIGTERM: [libjvm.so+0xb2a180], sa_mask[0]=11111111011111111101111111111110, sa_flags=SA_RESTART|SA_SIGINFO
SIGQUIT: [libjvm.so+0xb2a180], sa_mask[0]=11111111011111111101111111111110, sa_flags=SA_RESTART|SA_SIGINFO


---------------  S Y S T E M  ---------------

OS:DISTRIB_ID=Ubuntu
DISTRIB_RELEASE=18.04
DISTRIB_CODENAME=bionic
DISTRIB_DESCRIPTION="Ubuntu 18.04.1 LTS"
uname:Linux 4.15.0-43-generic #46-Ubuntu SMP Thu Dec 6 14:45:28 UTC 2018 x86_64
libc:glibc 2.27 NPTL 2.27 
rlimit: STACK 8192k, CORE 0k, NPROC 30905, NOFILE 4096, AS infinity, DATA infinity, FSIZE infinity
load average:1,35 1,66 1,63

/proc/meminfo:
MemTotal:        8029488 kB
MemFree:         2557632 kB
MemAvailable:    2760468 kB
Buffers:           32568 kB
Cached:           514572 kB
SwapCached:        54116 kB
Active:          4194528 kB
Inactive:        1010764 kB
Active(anon):    4007224 kB
Inactive(anon):   793760 kB
Active(file):     187304 kB
Inactive(file):   217004 kB
Unevictable:          32 kB
Mlocked:              32 kB
SwapTotal:       3906556 kB
SwapFree:         453392 kB
Dirty:              2480 kB
Writeback:             0 kB
AnonPages:       4604464 kB
Mapped:           219836 kB
Shmem:            142104 kB
Slab:             116984 kB
SReclaimable:      45532 kB
SUnreclaim:        71452 kB
KernelStack:       28644 kB
PageTables:        55228 kB
NFS_Unstable:          0 kB
Bounce:                0 kB
WritebackTmp:          0 kB
CommitLimit:     7921300 kB
Committed_AS:   14374880 kB
VmallocTotal:   34359738367 kB
VmallocUsed:           0 kB
VmallocChunk:          0 kB
HardwareCorrupted:     0 kB
AnonHugePages:         0 kB
ShmemHugePages:        0 kB
ShmemPmdMapped:        0 kB
CmaTotal:              0 kB
CmaFree:               0 kB
HugePages_Total:       0
HugePages_Free:        0
HugePages_Rsvd:        0
HugePages_Surp:        0
Hugepagesize:       2048 kB
DirectMap4k:      187796 kB
DirectMap2M:     7014400 kB
DirectMap1G:     1048576 kB

container (cgroup) information:
container_type: cgroupv1
cpu_cpuset_cpus: 0-3
cpu_memory_nodes: 0
active_processor_count: 4
cpu_quota: -1
cpu_period: 100000
cpu_shares: -1
memory_limit_in_bytes: -1
memory_and_swap_limit_in_bytes: -2
memory_soft_limit_in_bytes: -1
memory_usage_in_bytes: 5279920128
memory_max_usage_in_bytes: 0


CPU:total 4 (initial active 4) (2 cores per cpu, 2 threads per core) family 6 model 78 stepping 3, cmov, cx8, fxsr, mmx, sse, sse2, sse3, ssse3, sse4.1, sse4.2, popcnt, avx, avx2, aes, clmul, erms, 3dnowpref, lzcnt, ht, tsc, tscinvbit, bmi1, bmi2, adx, fma
CPU Model and flags from /proc/cpuinfo:
model name	: Intel(R) Core(TM) i5-6200U CPU @ 2.30GHz
flags		: fpu vme de pse tsc msr pae mce cx8 apic sep mtrr pge mca cmov pat pse36 clflush dts acpi mmx fxsr sse sse2 ss ht tm pbe syscall nx pdpe1gb rdtscp lm constant_tsc art arch_perfmon pebs bts rep_good nopl xtopology nonstop_tsc cpuid aperfmperf tsc_known_freq pni pclmulqdq dtes64 monitor ds_cpl vmx est tm2 ssse3 sdbg fma cx16 xtpr pdcm pcid sse4_1 sse4_2 x2apic movbe popcnt tsc_deadline_timer aes xsave avx f16c rdrand lahf_lm abm 3dnowprefetch cpuid_fault epb invpcid_single pti ssbd ibrs ibpb stibp tpr_shadow vnmi flexpriority ept vpid fsgsbase tsc_adjust bmi1 avx2 smep bmi2 erms invpcid mpx rdseed adx smap clflushopt intel_pt xsaveopt xsavec xgetbv1 xsaves dtherm ida arat pln pts hwp hwp_notify hwp_act_window hwp_epp flush_l1d

Memory: 4k page, physical 8029488k(2554648k free), swap 3906556k(454672k free)

vm_info: OpenJDK 64-Bit Server VM (10.0.2+13-Ubuntu-1ubuntu0.18.04.4) for linux-amd64 JRE (10.0.2+13-Ubuntu-1ubuntu0.18.04.4), built on Nov 13 2018 12:53:39 by "buildd" with gcc 7.3.0

END.
