#
# A fatal error has been detected by the Java Runtime Environment:
#
#  SIGSEGV (0xb) at pc=0x00007f358f55fb1e, pid=13508, tid=13544
#
# JRE version: OpenJDK Runtime Environment (10.0.2+13) (build 10.0.2+13-Ubuntu-1ubuntu0.18.04.4)
# Java VM: OpenJDK 64-Bit Server VM (10.0.2+13-Ubuntu-1ubuntu0.18.04.4, mixed mode, tiered, compressed oops, g1 gc, linux-amd64)
# Problematic frame:
# v  ~BufferBlob::jni_fast_GetLongField
#
# Core dump will be written. Default location: Core dumps may be processed with "/usr/share/apport/apport %p %s %c %d %P" (or dumping to /home/christoph/Uni/OAD/OAD-2018-2019/Ass2/UI-Prototyp/core.13508)
#
# If you would like to submit a bug report, please visit:
#   http://bugreport.java.com/bugreport/crash.jsp
# The crash happened outside the Java Virtual Machine in native code.
# See problematic frame for where to report the bug.
#

---------------  S U M M A R Y ------------

Command Line: -Dfile.encoding=UTF-8 Controllers.TRECController

Host: Intel(R) Core(TM) i5-6200U CPU @ 2.30GHz, 4 cores, 7G, Ubuntu 18.04.1 LTS
Time: Thu Jan 24 23:40:28 2019 CET elapsed time: 10055 seconds (0d 2h 47m 35s)

---------------  T H R E A D  ---------------

Current thread (0x00007f35a8423800):  JavaThread "AWT-XAWT" daemon [_thread_in_native, id=13544, stack(0x00007f35234f8000,0x00007f35235f9000)]

Stack: [0x00007f35234f8000,0x00007f35235f9000],  sp=0x00007f35235f7878,  free space=1022k
Native frames: (J=compiled Java code, A=aot compiled Java code, j=interpreted, Vv=VM code, C=native code)
v  ~BufferBlob::jni_fast_GetLongField
C  [libX11.so.6+0x64b1d]  _XimServerDestroy+0x3d

Java frames: (J=compiled Java code, j=interpreted, Vv=VM code)
J 3608  sun.awt.X11.XlibWrapper.XFilterEvent(JJ)Z java.desktop@10.0.2 (0 bytes) @ 0x00007f359714fc04 [0x00007f359714fbc0+0x0000000000000044]
j  sun.awt.X11.XToolkit.run(Z)V+287 java.desktop@10.0.2
j  sun.awt.X11.XToolkit.run()V+5 java.desktop@10.0.2
j  java.lang.Thread.run()V+11 java.base@10.0.2
v  ~StubRoutines::call_stub

siginfo: si_signo: 11 (SIGSEGV), si_code: 1 (SEGV_MAPERR), si_addr: 0x0000000000000000

Register to memory mapping:

RAX=0x00007f35ae8d7a80: <offset 0x0000000001274a80> in /usr/lib/jvm/java-11-openjdk-amd64/lib/server/libjvm.so at 0x00007f35ad663000
RBX=0x00007f35a8423a00 is an unknown value
RCX=0x0000000000000000 is an unknown value
RDX=0x0000000000000042 is an unknown value
RSP=0x00007f35235f7878 is pointing into the stack for thread: 0x00007f35a8423800
RBP=0x00007f35235f78a0 is pointing into the stack for thread: 0x00007f35a8423800
RSI=0x0000000000000000 is an unknown value
RDI=0x00007f35a8423a00 is an unknown value
R8 =0x00007f3570aab9b0: <offset 0x000000000005c9b0> in /usr/lib/x86_64-linux-gnu/libX11.so.6 at 0x00007f3570a4f000
R9 =0x0000000000000000 is an unknown value
R10=0x0000000000000234 is an unknown value
R11=0x00007f359714fbd8 is at entry_point+24 in (nmethod*)0x00007f359714fa10
R12=0x0000000000000000 is an unknown value
R13=0x0000000000000000 is an unknown value
R14=0x00007f35711fc5c0: <offset 0x00000000002635c0> in /usr/lib/jvm/java-11-openjdk-amd64/lib/libawt_xawt.so at 0x00007f3570f99000
R15=0x00007f35a8423800 is a thread


Registers:
RAX=0x00007f35ae8d7a80, RBX=0x00007f35a8423a00, RCX=0x0000000000000000, RDX=0x0000000000000042
RSP=0x00007f35235f7878, RBP=0x00007f35235f78a0, RSI=0x0000000000000000, RDI=0x00007f35a8423a00
R8 =0x00007f3570aab9b0, R9 =0x0000000000000000, R10=0x0000000000000234, R11=0x00007f359714fbd8
R12=0x0000000000000000, R13=0x0000000000000000, R14=0x00007f35711fc5c0, R15=0x00007f35a8423800
RIP=0x00007f358f55fb1e, EFLAGS=0x0000000000010246, CSGSFS=0x002b000000000033, ERR=0x0000000000000004
  TRAPNO=0x000000000000000e

Top of Stack: (sp=0x00007f35235f7878)
0x00007f35235f7878:   00007f3570fd01d4 00007f357d57bb90
0x00007f35235f7888:   0000000000000000 00007f35235f7948
0x00007f35235f7898:   00007f35235f7920 00007f350c08a460
0x00007f35235f78a8:   00007f3570ab3b1d 00007f357d57bb90 

Instructions: (pc=0x00007f358f55fb1e)
0x00007f358f55fafe:   00 00 44 8b 15 7d 38 3c 1f 4c 8b ce 41 f6 c2 01
0x00007f358f55fb0e:   0f 85 32 00 00 00 4d 33 ca 4d 33 ca 49 83 e1 fe
0x00007f358f55fb1e:   4d 8b 09 4c 8b da 49 c1 eb 02 4b 8b 04 19 49 bb
0x00007f358f55fb2e:   84 33 92 ae 35 7f 00 00 4c 33 d8 4c 33 d8 45 3b 



---------------  P R O C E S S  ---------------

Threads class SMR info:
_java_thread_list=0x00007f3508000b20, length=17, elements={
0x00007f35a8132000, 0x00007f35a8134000, 0x00007f35a8146800, 0x00007f35a8148800,
0x00007f35a814a800, 0x00007f35a814c800, 0x00007f35a814e800, 0x00007f35a81d3000,
0x00007f35a81e1800, 0x00007f35a83f6000, 0x00007f35a8423800, 0x00007f35a8012000,
0x00007f350c0af000, 0x00007f350c528800, 0x00007f350c54f000, 0x00007f354c001000,
0x00007f354c002000
}

Java Threads: ( => current thread )
  0x00007f35a8132000 JavaThread "Reference Handler" daemon [_thread_blocked, id=13528, stack(0x00007f357cc43000,0x00007f357cd44000)]
  0x00007f35a8134000 JavaThread "Finalizer" daemon [_thread_blocked, id=13529, stack(0x00007f357cb42000,0x00007f357cc43000)]
  0x00007f35a8146800 JavaThread "Signal Dispatcher" daemon [_thread_blocked, id=13530, stack(0x00007f357c072000,0x00007f357c173000)]
  0x00007f35a8148800 JavaThread "C2 CompilerThread0" daemon [_thread_blocked, id=13531, stack(0x00007f3571eff000,0x00007f3572000000)]
  0x00007f35a814a800 JavaThread "C2 CompilerThread1" daemon [_thread_blocked, id=13532, stack(0x00007f3571dfe000,0x00007f3571eff000)]
  0x00007f35a814c800 JavaThread "C1 CompilerThread2" daemon [_thread_blocked, id=13533, stack(0x00007f3571cfd000,0x00007f3571dfe000)]
  0x00007f35a814e800 JavaThread "Sweeper thread" daemon [_thread_blocked, id=13534, stack(0x00007f3571bfc000,0x00007f3571cfd000)]
  0x00007f35a81d3000 JavaThread "Service Thread" daemon [_thread_blocked, id=13536, stack(0x00007f3571afb000,0x00007f3571bfc000)]
  0x00007f35a81e1800 JavaThread "Common-Cleaner" daemon [_thread_blocked, id=13538, stack(0x00007f35718f8000,0x00007f35719f9000)]
  0x00007f35a83f6000 JavaThread "Java2D Disposer" daemon [_thread_blocked, id=13543, stack(0x00007f352c2da000,0x00007f352c3db000)]
=>0x00007f35a8423800 JavaThread "AWT-XAWT" daemon [_thread_in_native, id=13544, stack(0x00007f35234f8000,0x00007f35235f9000)]
  0x00007f35a8012000 JavaThread "DestroyJavaVM" [_thread_blocked, id=13510, stack(0x00007f35af68f000,0x00007f35af790000)]
  0x00007f350c0af000 JavaThread "TimerQueue" daemon [_thread_blocked, id=13548, stack(0x00007f3522bf5000,0x00007f3522cf6000)]
  0x00007f350c528800 JavaThread "Abandoned connection cleanup thread" daemon [_thread_blocked, id=13550, stack(0x00007f3521c56000,0x00007f3521d57000)]
  0x00007f350c54f000 JavaThread "pool-1-thread-1" [_thread_blocked, id=13552, stack(0x00007f3521753000,0x00007f3521854000)]
  0x00007f354c001000 JavaThread "SIGTERM handler" daemon [_thread_in_vm, id=20665, stack(0x00007f3522ef6000,0x00007f3522ff7000)]
  0x00007f354c002000 JavaThread "SIGTERM handler" daemon [_thread_blocked, id=20688, stack(0x00007f3522ff7000,0x00007f35230f8000)]

Other Threads:
  0x00007f35a8128000 VMThread "VM Thread" [stack: 0x00007f357cd46000,0x00007f357ce46000] [id=13527]
  0x00007f35a81d5800 WatcherThread [stack: 0x00007f35719fb000,0x00007f3571afb000] [id=13537]
  0x00007f35a8028800 GCTaskThread "GC Thread#0" [stack: 0x00007f358f22f000,0x00007f358f32f000] [id=13511]
  0x00007f35a802a000 GCTaskThread "GC Thread#1" [stack: 0x00007f358f12d000,0x00007f358f22d000] [id=13512]
  0x00007f35a802b800 GCTaskThread "GC Thread#2" [stack: 0x00007f358f02b000,0x00007f358f12b000] [id=13513]
  0x00007f35a802d800 GCTaskThread "GC Thread#3" [stack: 0x00007f358ef29000,0x00007f358f029000] [id=13514]
  0x00007f35a8056800 ConcurrentGCThread "G1 Main Marker" [stack: 0x00007f357e058000,0x00007f357e158000] [id=13515]
  0x00007f35a8058800 ConcurrentGCThread "G1 Conc#0" [stack: 0x00007f357df56000,0x00007f357e056000] [id=13516]
  0x00007f35a80c0000 ConcurrentGCThread "G1 Refine#0" [stack: 0x00007f357da50000,0x00007f357db50000] [id=13521]
  0x00007f35a80c2000 ConcurrentGCThread "G1 Refine#1" [stack: 0x00007f357d94e000,0x00007f357da4e000] [id=13522]
  0x00007f35a80c3800 ConcurrentGCThread "G1 Refine#2" [stack: 0x00007f357d84c000,0x00007f357d94c000] [id=13523]
  0x00007f35a80c5800 ConcurrentGCThread "G1 Refine#3" [stack: 0x00007f357d74a000,0x00007f357d84a000] [id=13524]
  0x00007f35a80c7000 ConcurrentGCThread "G1 Young RemSet Sampling" [stack: 0x00007f357d648000,0x00007f357d748000] [id=13525]

Threads with active compile tasks:

VM state:not at safepoint (normal execution)

VM Mutex/Monitor currently owned by a thread:  ([mutex/lock_event])
[0x00007f35a800e4d0] Threads_lock - owner thread: 0x00007f354c001000

Heap address: 0x0000000085600000, size: 1962 MB, Compressed Oops mode: 32-bit
Narrow klass base: 0x0000000000000000, Narrow klass shift: 3
Compressed class space size: 1073741824 Address: 0x0000000100000000

Heap:
 garbage-first heap   total 126976K, used 19894K [0x0000000085600000, 0x0000000100000000)
  region size 1024K, 15 young (15360K), 7 survivors (7168K)
 Metaspace       used 48628K, capacity 49465K, committed 49920K, reserved 1093632K
  class space    used 5728K, capacity 6089K, committed 6144K, reserved 1048576K
Heap Regions: E=young(eden), S=young(survivor), O=old, HS=humongous(starts), HC=humongous(continues), CS=collection set, F=free, A=archive, TS=gc time stamp, AC=allocation context, TAMS=top-at-mark-start (previous, next)
|   0|0x0000000085600000, 0x0000000085700000, 0x0000000085700000|100%|HS|  |TS  0|AC  0|TAMS 0x0000000085700000, 0x0000000085700000|
|   1|0x0000000085700000, 0x0000000085800000, 0x0000000085800000|100%| O|  |TS  0|AC  0|TAMS 0x0000000085800000, 0x0000000085800000|
|   2|0x0000000085800000, 0x0000000085900000, 0x0000000085900000|100%| O|  |TS  0|AC  0|TAMS 0x0000000085900000, 0x0000000085900000|
|   3|0x0000000085900000, 0x0000000085a00000, 0x0000000085a00000|100%| O|  |TS  0|AC  0|TAMS 0x0000000085a00000, 0x0000000085a00000|
|   4|0x0000000085a00000, 0x0000000085b00000, 0x0000000085b00000|100%| O|  |TS  1|AC  0|TAMS 0x0000000085a41000, 0x0000000085a41000|
|   5|0x0000000085b00000, 0x0000000085bd6800, 0x0000000085c00000| 83%| O|  |TS  1|AC  0|TAMS 0x0000000085b00000, 0x0000000085b00000|
|   6|0x0000000085c00000, 0x0000000085c00000, 0x0000000085d00000|  0%| F|  |TS  0|AC  0|TAMS 0x0000000085c00000, 0x0000000085c00000|
|   7|0x0000000085d00000, 0x0000000085d00000, 0x0000000085e00000|  0%| F|  |TS  0|AC  0|TAMS 0x0000000085d00000, 0x0000000085d00000|
|   8|0x0000000085e00000, 0x0000000085e00000, 0x0000000085f00000|  0%| F|  |TS  0|AC  0|TAMS 0x0000000085e00000, 0x0000000085e00000|
|   9|0x0000000085f00000, 0x0000000085f00000, 0x0000000086000000|  0%| F|  |TS  0|AC  0|TAMS 0x0000000085f00000, 0x0000000085f00000|
|  10|0x0000000086000000, 0x0000000086000000, 0x0000000086100000|  0%| F|  |TS  0|AC  0|TAMS 0x0000000086000000, 0x0000000086000000|
|  11|0x0000000086100000, 0x0000000086100000, 0x0000000086200000|  0%| F|  |TS  0|AC  0|TAMS 0x0000000086100000, 0x0000000086100000|
|  12|0x0000000086200000, 0x0000000086200000, 0x0000000086300000|  0%| F|  |TS  0|AC  0|TAMS 0x0000000086200000, 0x0000000086200000|
|  13|0x0000000086300000, 0x0000000086300000, 0x0000000086400000|  0%| F|  |TS  0|AC  0|TAMS 0x0000000086300000, 0x0000000086300000|
|  14|0x0000000086400000, 0x0000000086400000, 0x0000000086500000|  0%| F|  |TS  0|AC  0|TAMS 0x0000000086400000, 0x0000000086400000|
|  15|0x0000000086500000, 0x0000000086500000, 0x0000000086600000|  0%| F|  |TS  0|AC  0|TAMS 0x0000000086500000, 0x0000000086500000|
|  16|0x0000000086600000, 0x0000000086600000, 0x0000000086700000|  0%| F|  |TS  0|AC  0|TAMS 0x0000000086600000, 0x0000000086600000|
|  17|0x0000000086700000, 0x0000000086700000, 0x0000000086800000|  0%| F|  |TS  0|AC  0|TAMS 0x0000000086700000, 0x0000000086700000|
|  18|0x0000000086800000, 0x0000000086800000, 0x0000000086900000|  0%| F|  |TS  0|AC  0|TAMS 0x0000000086800000, 0x0000000086800000|
|  19|0x0000000086900000, 0x0000000086900000, 0x0000000086a00000|  0%| F|  |TS  0|AC  0|TAMS 0x0000000086900000, 0x0000000086900000|
|  20|0x0000000086a00000, 0x0000000086a00000, 0x0000000086b00000|  0%| F|  |TS  0|AC  0|TAMS 0x0000000086a00000, 0x0000000086a00000|
|  21|0x0000000086b00000, 0x0000000086b00000, 0x0000000086c00000|  0%| F|  |TS  0|AC  0|TAMS 0x0000000086b00000, 0x0000000086b00000|
|  22|0x0000000086c00000, 0x0000000086c00000, 0x0000000086d00000|  0%| F|  |TS  0|AC  0|TAMS 0x0000000086c00000, 0x0000000086c00000|
|  23|0x0000000086d00000, 0x0000000086d00000, 0x0000000086e00000|  0%| F|  |TS  0|AC  0|TAMS 0x0000000086d00000, 0x0000000086d00000|
|  24|0x0000000086e00000, 0x0000000086e00000, 0x0000000086f00000|  0%| F|  |TS  0|AC  0|TAMS 0x0000000086e00000, 0x0000000086e00000|
|  25|0x0000000086f00000, 0x0000000086f00000, 0x0000000087000000|  0%| F|  |TS  0|AC  0|TAMS 0x0000000086f00000, 0x0000000086f00000|
|  26|0x0000000087000000, 0x0000000087000000, 0x0000000087100000|  0%| F|  |TS  0|AC  0|TAMS 0x0000000087000000, 0x0000000087000000|
|  27|0x0000000087100000, 0x0000000087100000, 0x0000000087200000|  0%| F|  |TS  0|AC  0|TAMS 0x0000000087100000, 0x0000000087100000|
|  28|0x0000000087200000, 0x0000000087200000, 0x0000000087300000|  0%| F|  |TS  0|AC  0|TAMS 0x0000000087200000, 0x0000000087200000|
|  29|0x0000000087300000, 0x0000000087300000, 0x0000000087400000|  0%| F|  |TS  0|AC  0|TAMS 0x0000000087300000, 0x0000000087300000|
|  30|0x0000000087400000, 0x0000000087400000, 0x0000000087500000|  0%| F|  |TS  0|AC  0|TAMS 0x0000000087400000, 0x0000000087400000|
|  31|0x0000000087500000, 0x0000000087500000, 0x0000000087600000|  0%| F|  |TS  0|AC  0|TAMS 0x0000000087500000, 0x0000000087500000|
|  32|0x0000000087600000, 0x0000000087600000, 0x0000000087700000|  0%| F|  |TS  0|AC  0|TAMS 0x0000000087600000, 0x0000000087600000|
|  33|0x0000000087700000, 0x0000000087700000, 0x0000000087800000|  0%| F|  |TS  0|AC  0|TAMS 0x0000000087700000, 0x0000000087700000|
|  34|0x0000000087800000, 0x0000000087800000, 0x0000000087900000|  0%| F|  |TS  0|AC  0|TAMS 0x0000000087800000, 0x0000000087800000|
|  35|0x0000000087900000, 0x0000000087900000, 0x0000000087a00000|  0%| F|  |TS  0|AC  0|TAMS 0x0000000087900000, 0x0000000087900000|
|  36|0x0000000087a00000, 0x0000000087a00000, 0x0000000087b00000|  0%| F|  |TS  0|AC  0|TAMS 0x0000000087a00000, 0x0000000087a00000|
|  37|0x0000000087b00000, 0x0000000087b00000, 0x0000000087c00000|  0%| F|  |TS  0|AC  0|TAMS 0x0000000087b00000, 0x0000000087b00000|
|  38|0x0000000087c00000, 0x0000000087c00000, 0x0000000087d00000|  0%| F|  |TS  0|AC  0|TAMS 0x0000000087c00000, 0x0000000087c00000|
|  39|0x0000000087d00000, 0x0000000087d00000, 0x0000000087e00000|  0%| F|  |TS  0|AC  0|TAMS 0x0000000087d00000, 0x0000000087d00000|
|  40|0x0000000087e00000, 0x0000000087e00000, 0x0000000087f00000|  0%| F|  |TS  0|AC  0|TAMS 0x0000000087e00000, 0x0000000087e00000|
|  41|0x0000000087f00000, 0x0000000087f00000, 0x0000000088000000|  0%| F|  |TS  0|AC  0|TAMS 0x0000000087f00000, 0x0000000087f00000|
|  42|0x0000000088000000, 0x0000000088000000, 0x0000000088100000|  0%| F|  |TS  0|AC  0|TAMS 0x0000000088000000, 0x0000000088000000|
|  43|0x0000000088100000, 0x0000000088100000, 0x0000000088200000|  0%| F|  |TS  0|AC  0|TAMS 0x0000000088100000, 0x0000000088100000|
|  44|0x0000000088200000, 0x0000000088200000, 0x0000000088300000|  0%| F|  |TS  0|AC  0|TAMS 0x0000000088200000, 0x0000000088200000|
|  45|0x0000000088300000, 0x0000000088300000, 0x0000000088400000|  0%| F|  |TS  0|AC  0|TAMS 0x0000000088300000, 0x0000000088300000|
|  46|0x0000000088400000, 0x0000000088400000, 0x0000000088500000|  0%| F|  |TS  0|AC  0|TAMS 0x0000000088400000, 0x0000000088400000|
|  47|0x0000000088500000, 0x0000000088500000, 0x0000000088600000|  0%| F|  |TS  0|AC  0|TAMS 0x0000000088500000, 0x0000000088500000|
|  48|0x0000000088600000, 0x0000000088600000, 0x0000000088700000|  0%| F|  |TS  0|AC  0|TAMS 0x0000000088600000, 0x0000000088600000|
|  49|0x0000000088700000, 0x0000000088700000, 0x0000000088800000|  0%| F|  |TS  0|AC  0|TAMS 0x0000000088700000, 0x0000000088700000|
|  50|0x0000000088800000, 0x0000000088800000, 0x0000000088900000|  0%| F|  |TS  0|AC  0|TAMS 0x0000000088800000, 0x0000000088800000|
|  51|0x0000000088900000, 0x0000000088900000, 0x0000000088a00000|  0%| F|  |TS  0|AC  0|TAMS 0x0000000088900000, 0x0000000088900000|
|  52|0x0000000088a00000, 0x0000000088a00000, 0x0000000088b00000|  0%| F|  |TS  0|AC  0|TAMS 0x0000000088a00000, 0x0000000088a00000|
|  53|0x0000000088b00000, 0x0000000088b00000, 0x0000000088c00000|  0%| F|  |TS  0|AC  0|TAMS 0x0000000088b00000, 0x0000000088b00000|
|  54|0x0000000088c00000, 0x0000000088c00000, 0x0000000088d00000|  0%| F|  |TS  0|AC  0|TAMS 0x0000000088c00000, 0x0000000088c00000|
|  55|0x0000000088d00000, 0x0000000088d00000, 0x0000000088e00000|  0%| F|  |TS  0|AC  0|TAMS 0x0000000088d00000, 0x0000000088d00000|
|  56|0x0000000088e00000, 0x0000000088e00000, 0x0000000088f00000|  0%| F|  |TS  0|AC  0|TAMS 0x0000000088e00000, 0x0000000088e00000|
|  57|0x0000000088f00000, 0x0000000088f00000, 0x0000000089000000|  0%| F|  |TS  0|AC  0|TAMS 0x0000000088f00000, 0x0000000088f00000|
|  58|0x0000000089000000, 0x0000000089000000, 0x0000000089100000|  0%| F|  |TS  0|AC  0|TAMS 0x0000000089000000, 0x0000000089000000|
|  59|0x0000000089100000, 0x0000000089100000, 0x0000000089200000|  0%| F|  |TS  0|AC  0|TAMS 0x0000000089100000, 0x0000000089100000|
|  60|0x0000000089200000, 0x00000000892972d8, 0x0000000089300000| 59%| S|CS|TS  1|AC  0|TAMS 0x0000000089200000, 0x0000000089200000|
|  61|0x0000000089300000, 0x0000000089400000, 0x0000000089400000|100%| S|CS|TS  1|AC  0|TAMS 0x0000000089300000, 0x0000000089300000|
|  62|0x0000000089400000, 0x0000000089500000, 0x0000000089500000|100%| S|CS|TS  1|AC  0|TAMS 0x0000000089400000, 0x0000000089400000|
|  63|0x0000000089500000, 0x0000000089600000, 0x0000000089600000|100%| S|CS|TS  1|AC  0|TAMS 0x0000000089500000, 0x0000000089500000|
|  64|0x0000000089600000, 0x0000000089700000, 0x0000000089700000|100%| S|CS|TS  1|AC  0|TAMS 0x0000000089600000, 0x0000000089600000|
|  65|0x0000000089700000, 0x0000000089800000, 0x0000000089800000|100%| S|CS|TS  1|AC  0|TAMS 0x0000000089700000, 0x0000000089700000|
|  66|0x0000000089800000, 0x0000000089900000, 0x0000000089900000|100%| S|CS|TS  1|AC  0|TAMS 0x0000000089800000, 0x0000000089800000|
|  67|0x0000000089900000, 0x0000000089900000, 0x0000000089a00000|  0%| F|  |TS  1|AC  0|TAMS 0x0000000089900000, 0x0000000089900000|
|  68|0x0000000089a00000, 0x0000000089a00000, 0x0000000089b00000|  0%| F|  |TS  1|AC  0|TAMS 0x0000000089a00000, 0x0000000089a00000|
|  69|0x0000000089b00000, 0x0000000089b00000, 0x0000000089c00000|  0%| F|  |TS  1|AC  0|TAMS 0x0000000089b00000, 0x0000000089b00000|
|  70|0x0000000089c00000, 0x0000000089c00000, 0x0000000089d00000|  0%| F|  |TS  1|AC  0|TAMS 0x0000000089c00000, 0x0000000089c00000|
|  71|0x0000000089d00000, 0x0000000089d00000, 0x0000000089e00000|  0%| F|  |TS  1|AC  0|TAMS 0x0000000089d00000, 0x0000000089d00000|
|  72|0x0000000089e00000, 0x0000000089e00000, 0x0000000089f00000|  0%| F|  |TS  1|AC  0|TAMS 0x0000000089e00000, 0x0000000089e00000|
|  73|0x0000000089f00000, 0x0000000089f00000, 0x000000008a000000|  0%| F|  |TS  1|AC  0|TAMS 0x0000000089f00000, 0x0000000089f00000|
|  74|0x000000008a000000, 0x000000008a000000, 0x000000008a100000|  0%| F|  |TS  1|AC  0|TAMS 0x000000008a000000, 0x000000008a000000|
|  75|0x000000008a100000, 0x000000008a100000, 0x000000008a200000|  0%| F|  |TS  1|AC  0|TAMS 0x000000008a100000, 0x000000008a100000|
|  76|0x000000008a200000, 0x000000008a200000, 0x000000008a300000|  0%| F|  |TS  1|AC  0|TAMS 0x000000008a200000, 0x000000008a200000|
|  77|0x000000008a300000, 0x000000008a300000, 0x000000008a400000|  0%| F|  |TS  1|AC  0|TAMS 0x000000008a300000, 0x000000008a300000|
|  78|0x000000008a400000, 0x000000008a400000, 0x000000008a500000|  0%| F|  |TS  1|AC  0|TAMS 0x000000008a400000, 0x000000008a400000|
|  79|0x000000008a500000, 0x000000008a500000, 0x000000008a600000|  0%| F|  |TS  1|AC  0|TAMS 0x000000008a500000, 0x000000008a500000|
|  80|0x000000008a600000, 0x000000008a600000, 0x000000008a700000|  0%| F|  |TS  1|AC  0|TAMS 0x000000008a600000, 0x000000008a600000|
|  81|0x000000008a700000, 0x000000008a700000, 0x000000008a800000|  0%| F|  |TS  1|AC  0|TAMS 0x000000008a700000, 0x000000008a700000|
|  82|0x000000008a800000, 0x000000008a800000, 0x000000008a900000|  0%| F|  |TS  1|AC  0|TAMS 0x000000008a800000, 0x000000008a800000|
|  83|0x000000008a900000, 0x000000008a900000, 0x000000008aa00000|  0%| F|  |TS  1|AC  0|TAMS 0x000000008a900000, 0x000000008a900000|
|  84|0x000000008aa00000, 0x000000008aa00000, 0x000000008ab00000|  0%| F|  |TS  1|AC  0|TAMS 0x000000008aa00000, 0x000000008aa00000|
|  85|0x000000008ab00000, 0x000000008ab00000, 0x000000008ac00000|  0%| F|  |TS  1|AC  0|TAMS 0x000000008ab00000, 0x000000008ab00000|
|  86|0x000000008ac00000, 0x000000008ac00000, 0x000000008ad00000|  0%| F|  |TS  1|AC  0|TAMS 0x000000008ac00000, 0x000000008ac00000|
|  87|0x000000008ad00000, 0x000000008ad00000, 0x000000008ae00000|  0%| F|  |TS  1|AC  0|TAMS 0x000000008ad00000, 0x000000008ad00000|
|  88|0x000000008ae00000, 0x000000008ae00000, 0x000000008af00000|  0%| F|  |TS  1|AC  0|TAMS 0x000000008ae00000, 0x000000008ae00000|
|  89|0x000000008af00000, 0x000000008af00000, 0x000000008b000000|  0%| F|  |TS  1|AC  0|TAMS 0x000000008af00000, 0x000000008af00000|
|  90|0x000000008b000000, 0x000000008b000000, 0x000000008b100000|  0%| F|  |TS  1|AC  0|TAMS 0x000000008b000000, 0x000000008b000000|
|  91|0x000000008b100000, 0x000000008b100000, 0x000000008b200000|  0%| F|  |TS  1|AC  0|TAMS 0x000000008b100000, 0x000000008b100000|
|  92|0x000000008b200000, 0x000000008b200000, 0x000000008b300000|  0%| F|  |TS  1|AC  0|TAMS 0x000000008b200000, 0x000000008b200000|
|  93|0x000000008b300000, 0x000000008b300000, 0x000000008b400000|  0%| F|  |TS  1|AC  0|TAMS 0x000000008b300000, 0x000000008b300000|
|  94|0x000000008b400000, 0x000000008b400000, 0x000000008b500000|  0%| F|  |TS  1|AC  0|TAMS 0x000000008b400000, 0x000000008b400000|
|  95|0x000000008b500000, 0x000000008b500000, 0x000000008b600000|  0%| F|  |TS  1|AC  0|TAMS 0x000000008b500000, 0x000000008b500000|
|  96|0x000000008b600000, 0x000000008b600000, 0x000000008b700000|  0%| F|  |TS  1|AC  0|TAMS 0x000000008b600000, 0x000000008b600000|
|  97|0x000000008b700000, 0x000000008b700000, 0x000000008b800000|  0%| F|  |TS  1|AC  0|TAMS 0x000000008b700000, 0x000000008b700000|
|  98|0x000000008b800000, 0x000000008b800000, 0x000000008b900000|  0%| F|  |TS  1|AC  0|TAMS 0x000000008b800000, 0x000000008b800000|
|  99|0x000000008b900000, 0x000000008b900000, 0x000000008ba00000|  0%| F|  |TS  1|AC  0|TAMS 0x000000008b900000, 0x000000008b900000|
| 100|0x000000008ba00000, 0x000000008ba00000, 0x000000008bb00000|  0%| F|  |TS  1|AC  0|TAMS 0x000000008ba00000, 0x000000008ba00000|
| 101|0x000000008bb00000, 0x000000008bb00000, 0x000000008bc00000|  0%| F|  |TS  1|AC  0|TAMS 0x000000008bb00000, 0x000000008bb00000|
| 102|0x000000008bc00000, 0x000000008bc00000, 0x000000008bd00000|  0%| F|  |TS  1|AC  0|TAMS 0x000000008bc00000, 0x000000008bc00000|
| 103|0x000000008bd00000, 0x000000008bd00000, 0x000000008be00000|  0%| F|  |TS  1|AC  0|TAMS 0x000000008bd00000, 0x000000008bd00000|
| 104|0x000000008be00000, 0x000000008be00000, 0x000000008bf00000|  0%| F|  |TS  1|AC  0|TAMS 0x000000008be00000, 0x000000008be00000|
| 105|0x000000008bf00000, 0x000000008bf00000, 0x000000008c000000|  0%| F|  |TS  1|AC  0|TAMS 0x000000008bf00000, 0x000000008bf00000|
| 106|0x000000008c000000, 0x000000008c000000, 0x000000008c100000|  0%| F|  |TS  1|AC  0|TAMS 0x000000008c000000, 0x000000008c000000|
| 107|0x000000008c100000, 0x000000008c100000, 0x000000008c200000|  0%| F|  |TS  1|AC  0|TAMS 0x000000008c100000, 0x000000008c100000|
| 108|0x000000008c200000, 0x000000008c200000, 0x000000008c300000|  0%| F|  |TS  1|AC  0|TAMS 0x000000008c200000, 0x000000008c200000|
| 109|0x000000008c300000, 0x000000008c300000, 0x000000008c400000|  0%| F|  |TS  1|AC  0|TAMS 0x000000008c300000, 0x000000008c300000|
| 110|0x000000008c400000, 0x000000008c400000, 0x000000008c500000|  0%| F|  |TS  1|AC  0|TAMS 0x000000008c400000, 0x000000008c400000|
| 111|0x000000008c500000, 0x000000008c500000, 0x000000008c600000|  0%| F|  |TS  1|AC  0|TAMS 0x000000008c500000, 0x000000008c500000|
| 112|0x000000008c600000, 0x000000008c600000, 0x000000008c700000|  0%| F|  |TS  1|AC  0|TAMS 0x000000008c600000, 0x000000008c600000|
| 113|0x000000008c700000, 0x000000008c700000, 0x000000008c800000|  0%| F|  |TS  1|AC  0|TAMS 0x000000008c700000, 0x000000008c700000|
| 114|0x000000008c800000, 0x000000008c800000, 0x000000008c900000|  0%| F|  |TS  1|AC  0|TAMS 0x000000008c800000, 0x000000008c800000|
| 115|0x000000008c900000, 0x000000008c900000, 0x000000008ca00000|  0%| F|  |TS  1|AC  0|TAMS 0x000000008c900000, 0x000000008c900000|
| 116|0x000000008ca00000, 0x000000008ca00800, 0x000000008cb00000|  0%| E|  |TS  1|AC  0|TAMS 0x000000008ca00000, 0x000000008ca00000|
| 117|0x000000008cb00000, 0x000000008cc00000, 0x000000008cc00000|100%| E|CS|TS  1|AC  0|TAMS 0x000000008cb00000, 0x000000008cb00000|
| 118|0x000000008cc00000, 0x000000008cd00000, 0x000000008cd00000|100%| E|CS|TS  1|AC  0|TAMS 0x000000008cc00000, 0x000000008cc00000|
| 119|0x000000008cd00000, 0x000000008ce00000, 0x000000008ce00000|100%| E|CS|TS  1|AC  0|TAMS 0x000000008cd00000, 0x000000008cd00000|
| 120|0x000000008ce00000, 0x000000008cf00000, 0x000000008cf00000|100%| E|CS|TS  1|AC  0|TAMS 0x000000008ce00000, 0x000000008ce00000|
| 121|0x000000008cf00000, 0x000000008d000000, 0x000000008d000000|100%| E|CS|TS  1|AC  0|TAMS 0x000000008cf00000, 0x000000008cf00000|
| 122|0x000000008d000000, 0x000000008d100000, 0x000000008d100000|100%| E|CS|TS  1|AC  0|TAMS 0x000000008d000000, 0x000000008d000000|
| 123|0x000000008d100000, 0x000000008d200000, 0x000000008d200000|100%| E|CS|TS  1|AC  0|TAMS 0x000000008d100000, 0x000000008d100000|

Card table byte_map: [0x00007f358e379000,0x00007f358e74e000] byte_map_base: 0x00007f358df4e000

Marking Bits (Prev, Next): (CMBitMap*) 0x00007f35a8055be0, (CMBitMap*) 0x00007f35a8055c18
 Prev Bits: [0x00007f358c0fc000, 0x00007f358dfa4000)
 Next Bits: [0x00007f357e158000, 0x00007f3580000000)

Polling page: 0x00007f35af7a9000

CodeHeap 'non-profiled nmethods': size=120032Kb used=1926Kb max_used=1926Kb free=118105Kb
 bounds [0x00007f3596fcd000, 0x00007f359723d000, 0x00007f359e505000]
CodeHeap 'profiled nmethods': size=120032Kb used=8002Kb max_used=8002Kb free=112029Kb
 bounds [0x00007f358fa95000, 0x00007f3590275000, 0x00007f3596fcd000]
CodeHeap 'non-nmethods': size=5696Kb used=1351Kb max_used=1394Kb free=4344Kb
 bounds [0x00007f358f505000, 0x00007f358f775000, 0x00007f358fa95000]
 total_blobs=5934 nmethods=4275 adapters=730
 compilation: enabled

Compilation events (10 events):
Event: 8442,127 Thread 0x00007f35a8148800 4273       4       jdk.internal.module.Resources::toPackageName (39 bytes)
Event: 8442,179 Thread 0x00007f35a8148800 nmethod 4273 0x00007f35971a5390 code [0x00007f35971a5540, 0x00007f35971a5738]
Event: 8682,168 Thread 0x00007f35a8148800 4274   !   4       jdk.internal.loader.BuiltinClassLoader::findResource (154 bytes)
Event: 8682,172 Thread 0x00007f35a814a800 4275   !   4       jdk.internal.loader.BuiltinClassLoader::findMiscResource (118 bytes)
Event: 8682,291 Thread 0x00007f35a814a800 nmethod 4275 0x00007f35971a5990 code [0x00007f35971a5b60, 0x00007f35971a63d8]
Event: 8682,528 Thread 0x00007f35a8148800 nmethod 4274 0x00007f35971a6910 code [0x00007f35971a6ce0, 0x00007f35971aafa0]
Event: 8933,526 Thread 0x00007f35a814a800 4276   !   4       sun.awt.X11.XAwtState::getGrabWindow (67 bytes)
Event: 8933,558 Thread 0x00007f35a814a800 nmethod 4276 0x00007f35971ad710 code [0x00007f35971ad920, 0x00007f35971adfb0]
Event: 9477,276 Thread 0x00007f35a8148800 4277       4       java.lang.ref.ReferenceQueue::reallyPoll (65 bytes)
Event: 9477,282 Thread 0x00007f35a8148800 nmethod 4277 0x00007f35971ae310 code [0x00007f35971ae4c0, 0x00007f35971ae848]

GC Heap History (10 events):
Event: 1,772 GC heap before
{Heap before GC invocations=1 (full 0):
 garbage-first heap   total 126976K, used 14556K [0x0000000085600000, 0x0000000100000000)
  region size 1024K, 12 young (12288K), 2 survivors (2048K)
 Metaspace       used 18275K, capacity 18769K, committed 18944K, reserved 1067008K
  class space    used 1984K, capacity 2221K, committed 2304K, reserved 1048576K
}
Event: 1,798 GC heap after
{Heap after GC invocations=2 (full 0):
 garbage-first heap   total 126976K, used 5703K [0x0000000085600000, 0x0000000100000000)
  region size 1024K, 2 young (2048K), 2 survivors (2048K)
 Metaspace       used 18275K, capacity 18769K, committed 18944K, reserved 1067008K
  class space    used 1984K, capacity 2221K, committed 2304K, reserved 1048576K
}
Event: 1,847 GC heap before
{Heap before GC invocations=2 (full 0):
 garbage-first heap   total 126976K, used 31303K [0x0000000085600000, 0x0000000100000000)
  region size 1024K, 27 young (27648K), 2 survivors (2048K)
 Metaspace       used 18276K, capacity 18769K, committed 18944K, reserved 1067008K
  class space    used 1984K, capacity 2221K, committed 2304K, reserved 1048576K
}
Event: 1,863 GC heap after
{Heap after GC invocations=3 (full 0):
 garbage-first heap   total 126976K, used 5691K [0x0000000085600000, 0x0000000100000000)
  region size 1024K, 2 young (2048K), 2 survivors (2048K)
 Metaspace       used 18276K, capacity 18769K, committed 18944K, reserved 1067008K
  class space    used 1984K, capacity 2221K, committed 2304K, reserved 1048576K
}
Event: 5,912 GC heap before
{Heap before GC invocations=3 (full 0):
 garbage-first heap   total 126976K, used 16955K [0x0000000085600000, 0x0000000100000000)
  region size 1024K, 14 young (14336K), 2 survivors (2048K)
 Metaspace       used 20700K, capacity 21183K, committed 21248K, reserved 1069056K
  class space    used 2285K, capacity 2556K, committed 2560K, reserved 1048576K
}
Event: 5,914 GC heap after
{Heap after GC invocations=4 (full 0):
 garbage-first heap   total 126976K, used 6107K [0x0000000085600000, 0x0000000100000000)
  region size 1024K, 2 young (2048K), 2 survivors (2048K)
 Metaspace       used 20700K, capacity 21183K, committed 21248K, reserved 1069056K
  class space    used 2285K, capacity 2556K, committed 2560K, reserved 1048576K
}
Event: 6,705 GC heap before
{Heap before GC invocations=5 (full 0):
 garbage-first heap   total 126976K, used 42971K [0x0000000085600000, 0x0000000100000000)
  region size 1024K, 39 young (39936K), 2 survivors (2048K)
 Metaspace       used 34881K, capacity 35525K, committed 35840K, reserved 1081344K
  class space    used 4081K, capacity 4393K, committed 4480K, reserved 1048576K
}
Event: 6,712 GC heap after
{Heap after GC invocations=6 (full 0):
 garbage-first heap   total 126976K, used 9896K [0x0000000085600000, 0x0000000100000000)
  region size 1024K, 6 young (6144K), 6 survivors (6144K)
 Metaspace       used 34881K, capacity 35525K, committed 35840K, reserved 1081344K
  class space    used 4081K, capacity 4393K, committed 4480K, reserved 1048576K
}
Event: 7,871 GC heap before
{Heap before GC invocations=7 (full 0):
 garbage-first heap   total 126976K, used 62120K [0x0000000085600000, 0x0000000100000000)
  region size 1024K, 57 young (58368K), 6 survivors (6144K)
 Metaspace       used 47160K, capacity 47920K, committed 48512K, reserved 1091584K
  class space    used 5604K, capacity 5949K, committed 6016K, reserved 1048576K
}
Event: 7,881 GC heap after
{Heap after GC invocations=8 (full 0):
 garbage-first heap   total 126976K, used 12726K [0x0000000085600000, 0x0000000100000000)
  region size 1024K, 7 young (7168K), 7 survivors (7168K)
 Metaspace       used 47160K, capacity 47920K, committed 48512K, reserved 1091584K
  class space    used 5604K, capacity 5949K, committed 6016K, reserved 1048576K
}

Deoptimization events (10 events):
Event: 7,791 Thread 0x00007f35a84a7000 Uncommon trap: reason=class_check action=maybe_recompile pc=0x00007f3597149ca4 method=jdk.internal.misc.Unsafe.allocateUninitializedArray(Ljava/lang/Class;I)Ljava/lang/Object; @ 48 c2
Event: 7,791 Thread 0x00007f35a84a7000 Uncommon trap: reason=class_check action=maybe_recompile pc=0x00007f3597149ca4 method=jdk.internal.misc.Unsafe.allocateUninitializedArray(Ljava/lang/Class;I)Ljava/lang/Object; @ 48 c2
Event: 7,809 Thread 0x00007f35a84a7000 Uncommon trap: reason=unstable_if action=reinterpret pc=0x00007f3597038060 method=java.lang.CharacterData.of(I)Ljava/lang/CharacterData; @ 4 c2
Event: 9,027 Thread 0x00007f350d0dc800 Uncommon trap: reason=class_check action=maybe_recompile pc=0x00007f35970a8420 method=java.util.zip.InflaterInputStream.read([BII)I @ 100 c2
Event: 9,030 Thread 0x00007f350d0dc800 Uncommon trap: reason=class_check action=maybe_recompile pc=0x00007f35970a8420 method=java.util.zip.InflaterInputStream.read([BII)I @ 100 c2
Event: 9,030 Thread 0x00007f350d0dc800 Uncommon trap: reason=class_check action=maybe_recompile pc=0x00007f35970a8420 method=java.util.zip.InflaterInputStream.read([BII)I @ 100 c2
Event: 9,067 Thread 0x00007f35a84a7000 Uncommon trap: reason=class_check action=maybe_recompile pc=0x00007f3597150d68 method=sun.util.logging.PlatformLogger.isLoggable(Lsun/util/logging/PlatformLogger$Level;)Z @ 17 c2
Event: 9,067 Thread 0x00007f35a84a7000 Uncommon trap: reason=class_check action=maybe_recompile pc=0x00007f3597150d68 method=sun.util.logging.PlatformLogger.isLoggable(Lsun/util/logging/PlatformLogger$Level;)Z @ 17 c2
Event: 9,067 Thread 0x00007f35a84a7000 Uncommon trap: reason=class_check action=maybe_recompile pc=0x00007f3597150d68 method=sun.util.logging.PlatformLogger.isLoggable(Lsun/util/logging/PlatformLogger$Level;)Z @ 17 c2
Event: 9,084 Thread 0x00007f35a84a7000 Uncommon trap: reason=class_check action=maybe_recompile pc=0x00007f3597150d68 method=sun.util.logging.PlatformLogger.isLoggable(Lsun/util/logging/PlatformLogger$Level;)Z @ 17 c2

Classes redefined (0 events):
No events

Internal exceptions (10 events):
Event: 7,485 Thread 0x00007f35a84a7000 Exception <a 'java/lang/NoSuchMethodError'{0x000000008af97670}: java.lang.invoke.DirectMethodHandle$Holder.invokeInterface(Ljava/lang/Object;Ljava/lang/Object;)V> (0x000000008af97670) thrown at [/build/openjdk-lts-Ae5PRQ/openjdk-lts-10.0.2+13/src/hotspot/
Event: 7,597 Thread 0x00007f35a84a7000 Exception <a 'java/lang/NoSuchMethodError'{0x000000008a38dc48}: method resolution failed> (0x000000008a38dc48) thrown at [/build/openjdk-lts-Ae5PRQ/openjdk-lts-10.0.2+13/src/hotspot/share/prims/methodHandles.cpp, line 1226]
Event: 7,689 Thread 0x00007f35a84a7000 Exception <a 'java/lang/NoSuchMethodError'{0x000000008a13edd8}: java.lang.invoke.DirectMethodHandle$Holder.invokeStatic(Ljava/lang/Object;ILjava/lang/Object;)V> (0x000000008a13edd8) thrown at [/build/openjdk-lts-Ae5PRQ/openjdk-lts-10.0.2+13/src/hotspot/sh
Event: 7,690 Thread 0x00007f35a84a7000 Exception <a 'java/lang/NoSuchMethodError'{0x000000008a142038}: java.lang.invoke.DirectMethodHandle$Holder.invokeStaticInit(Ljava/lang/Object;ILjava/lang/Object;)V> (0x000000008a142038) thrown at [/build/openjdk-lts-Ae5PRQ/openjdk-lts-10.0.2+13/src/hotspo
Event: 7,691 Thread 0x00007f35a84a7000 Exception <a 'java/lang/NoSuchMethodError'{0x000000008a151e20}: java.lang.invoke.DirectMethodHandle$Holder.invokeInterface(Ljava/lang/Object;Ljava/lang/Object;Ljava/lang/Object;)Ljava/lang/Object;> (0x000000008a151e20) thrown at [/build/openjdk-lts-Ae5PRQ
Event: 8,095 Thread 0x00007f35a84a7000 Exception <a 'java/lang/UnsupportedOperationException'{0x000000008d039b98}: > (0x000000008d039b98) thrown at [/build/openjdk-lts-Ae5PRQ/openjdk-lts-10.0.2+13/src/hotspot/share/prims/jni.cpp, line 632]
Event: 9,022 Thread 0x00007f350d0dc800 Exception <a 'java/lang/NoSuchMethodError'{0x000000008cf87520}: method resolution failed> (0x000000008cf87520) thrown at [/build/openjdk-lts-Ae5PRQ/openjdk-lts-10.0.2+13/src/hotspot/share/prims/methodHandles.cpp, line 1226]
Event: 9,025 Thread 0x00007f350d0dc800 Exception <a 'java/lang/NoSuchMethodError'{0x000000008cf8f130}: method resolution failed> (0x000000008cf8f130) thrown at [/build/openjdk-lts-Ae5PRQ/openjdk-lts-10.0.2+13/src/hotspot/share/prims/methodHandles.cpp, line 1226]
Event: 9,160 Thread 0x00007f35a84a7000 Exception <a 'java/lang/UnsupportedOperationException'{0x000000008cf71fd0}: > (0x000000008cf71fd0) thrown at [/build/openjdk-lts-Ae5PRQ/openjdk-lts-10.0.2+13/src/hotspot/share/prims/jni.cpp, line 632]
Event: 10,962 Thread 0x00007f35a84a7000 Exception <a 'java/lang/UnsupportedOperationException'{0x000000008cffe940}: > (0x000000008cffe940) thrown at [/build/openjdk-lts-Ae5PRQ/openjdk-lts-10.0.2+13/src/hotspot/share/prims/jni.cpp, line 632]

Events (10 events):
Event: 16,110 Thread 0x00007f35a84a5800 Thread exited: 0x00007f35a84a5800
Event: 16,111 Thread 0x00007f35a84a7000 Thread exited: 0x00007f35a84a7000
Event: 36,713 Executing VM operation: RevokeBias
Event: 36,713 Executing VM operation: RevokeBias done
Event: 8470,474 loading class sun/awt/X11/XkbEvent
Event: 8470,578 loading class sun/awt/X11/XkbEvent done
Event: 8470,585 loading class sun/awt/X11/XkbAnyEvent
Event: 8470,604 loading class sun/awt/X11/XkbAnyEvent done
Event: 10055,407 loading class jdk/internal/misc/Signal$1
Event: 10055,429 loading class jdk/internal/misc/Signal$1 done


Dynamic libraries:
85600000-8d200000 rw-p 00000000 00:00 0 
8d200000-100000000 ---p 00000000 00:00 0 
100000000-100600000 rw-p 00000000 00:00 0 
100600000-140000000 ---p 00000000 00:00 0 
559f3cfb4000-559f3cfb5000 r-xp 00000000 08:05 1044648                    /usr/lib/jvm/java-11-openjdk-amd64/bin/java
559f3d1b5000-559f3d1b6000 r--p 00001000 08:05 1044648                    /usr/lib/jvm/java-11-openjdk-amd64/bin/java
559f3d1b6000-559f3d1b7000 rw-p 00002000 08:05 1044648                    /usr/lib/jvm/java-11-openjdk-amd64/bin/java
559f3da3a000-559f3da5b000 rw-p 00000000 00:00 0                          [heap]
7f3500000000-7f3500021000 rw-p 00000000 00:00 0 
7f3500021000-7f3504000000 ---p 00000000 00:00 0 
7f3508000000-7f3508021000 rw-p 00000000 00:00 0 
7f3508021000-7f350c000000 ---p 00000000 00:00 0 
7f350c000000-7f350d100000 rw-p 00000000 00:00 0 
7f350d100000-7f3510000000 ---p 00000000 00:00 0 
7f3510000000-7f3510021000 rw-p 00000000 00:00 0 
7f3510021000-7f3514000000 ---p 00000000 00:00 0 
7f3514000000-7f3514021000 rw-p 00000000 00:00 0 
7f3514021000-7f3518000000 ---p 00000000 00:00 0 
7f3518000000-7f3518021000 rw-p 00000000 00:00 0 
7f3518021000-7f351c000000 ---p 00000000 00:00 0 
7f351c000000-7f351c021000 rw-p 00000000 00:00 0 
7f351c021000-7f3520000000 ---p 00000000 00:00 0 
7f3520850000-7f3520854000 ---p 00000000 00:00 0 
7f3520854000-7f3520951000 rw-p 00000000 00:00 0 
7f3520951000-7f3520955000 ---p 00000000 00:00 0 
7f3520955000-7f3520b12000 rw-p 00000000 00:00 0 
7f3520b12000-7f3520c52000 ---p 00000000 00:00 0 
7f3520c52000-7f3520c56000 ---p 00000000 00:00 0 
7f3520c56000-7f3520f53000 rw-p 00000000 00:00 0 
7f3520f53000-7f3521153000 rw-p 00000000 00:00 0 
7f3521153000-7f3521353000 rw-p 00000000 00:00 0 
7f3521353000-7f3521553000 rw-p 00000000 00:00 0 
7f3521553000-7f3521753000 rw-p 00000000 00:00 0 
7f3521753000-7f3521757000 ---p 00000000 00:00 0 
7f3521757000-7f3521a54000 rw-p 00000000 00:00 0 
7f3521a54000-7f3521a55000 r-xp 00000000 08:05 1044705                    /usr/lib/jvm/java-11-openjdk-amd64/lib/libextnet.so
7f3521a55000-7f3521c54000 ---p 00001000 08:05 1044705                    /usr/lib/jvm/java-11-openjdk-amd64/lib/libextnet.so
7f3521c54000-7f3521c55000 r--p 00000000 08:05 1044705                    /usr/lib/jvm/java-11-openjdk-amd64/lib/libextnet.so
7f3521c55000-7f3521c56000 rw-p 00001000 08:05 1044705                    /usr/lib/jvm/java-11-openjdk-amd64/lib/libextnet.so
7f3521c56000-7f3521c5a000 ---p 00000000 00:00 0 
7f3521c5a000-7f3521f57000 rw-p 00000000 00:00 0 
7f3521f57000-7f3522157000 rw-p 00000000 00:00 0 
7f35221f5000-7f35223f5000 rw-p 00000000 00:00 0 
7f35223f5000-7f35225f5000 rw-p 00000000 00:00 0 
7f35225f5000-7f35227f5000 rw-p 00000000 00:00 0 
7f35227f5000-7f35229f5000 rw-p 00000000 00:00 0 
7f35229f5000-7f3522bf5000 rw-p 00000000 00:00 0 
7f3522bf5000-7f3522bf9000 ---p 00000000 00:00 0 
7f3522bf9000-7f3522ef6000 rw-p 00000000 00:00 0 
7f3522ef6000-7f3522efa000 ---p 00000000 00:00 0 
7f3522efa000-7f3522ff7000 rw-p 00000000 00:00 0 
7f3522ff7000-7f3522ffb000 ---p 00000000 00:00 0 
7f3522ffb000-7f35232f8000 rw-p 00000000 00:00 0 
7f35232f8000-7f35234f8000 rw-p 00000000 00:00 0 
7f35234f8000-7f35234fc000 ---p 00000000 00:00 0 
7f35234fc000-7f35235f9000 rw-p 00000000 00:00 0 
7f35235f9000-7f35235fe000 r-xp 00000000 08:05 271942                     /usr/lib/x86_64-linux-gnu/libXfixes.so.3.1.0
7f35235fe000-7f35237fd000 ---p 00005000 08:05 271942                     /usr/lib/x86_64-linux-gnu/libXfixes.so.3.1.0
7f35237fd000-7f35237fe000 r--p 00004000 08:05 271942                     /usr/lib/x86_64-linux-gnu/libXfixes.so.3.1.0
7f35237fe000-7f35237ff000 rw-p 00005000 08:05 271942                     /usr/lib/x86_64-linux-gnu/libXfixes.so.3.1.0
7f35237ff000-7f3523800000 ---p 00000000 00:00 0 
7f3523800000-7f3524000000 rw-p 00000000 00:00 0 
7f3524000000-7f3524021000 rw-p 00000000 00:00 0 
7f3524021000-7f3528000000 ---p 00000000 00:00 0 
7f3528000000-7f3528021000 rw-p 00000000 00:00 0 
7f3528021000-7f352c000000 ---p 00000000 00:00 0 
7f352c0ac000-7f352c0b0000 r--s 00000000 08:05 1206704                    /var/cache/fontconfig/6aa41aa22e18b8fa06a12da28ea9c28b-le64.cache-7
7f352c0b0000-7f352c0bb000 r--s 00000000 08:05 1192451                    /var/cache/fontconfig/945677eb7aeaf62f1d50efc3fb3ec7d8-le64.cache-7
7f352c0bb000-7f352c0d0000 r--s 00000000 08:05 1192411                    /var/cache/fontconfig/04aabc0a78ac019cf9454389977116d2-le64.cache-7
7f352c0d0000-7f352c0d9000 r-xp 00000000 08:05 271934                     /usr/lib/x86_64-linux-gnu/libXcursor.so.1.0.2
7f352c0d9000-7f352c2d8000 ---p 00009000 08:05 271934                     /usr/lib/x86_64-linux-gnu/libXcursor.so.1.0.2
7f352c2d8000-7f352c2d9000 r--p 00008000 08:05 271934                     /usr/lib/x86_64-linux-gnu/libXcursor.so.1.0.2
7f352c2d9000-7f352c2da000 rw-p 00009000 08:05 271934                     /usr/lib/x86_64-linux-gnu/libXcursor.so.1.0.2
7f352c2da000-7f352c2de000 ---p 00000000 00:00 0 
7f352c2de000-7f352c3db000 rw-p 00000000 00:00 0 
7f352c3db000-7f352c3dc000 ---p 00000000 00:00 0 
7f352c3dc000-7f352cbdc000 rw-p 00000000 00:00 0 
7f352cbdc000-7f352cbdd000 ---p 00000000 00:00 0 
7f352cbdd000-7f352d3dd000 rw-p 00000000 00:00 0 
7f352d3dd000-7f352d3e9000 r-xp 00000000 08:05 396751                     /usr/lib/x86_64-linux-gnu/gio/modules/libdconfsettings.so
7f352d3e9000-7f352d5e8000 ---p 0000c000 08:05 396751                     /usr/lib/x86_64-linux-gnu/gio/modules/libdconfsettings.so
7f352d5e8000-7f352d5e9000 r--p 0000b000 08:05 396751                     /usr/lib/x86_64-linux-gnu/gio/modules/libdconfsettings.so
7f352d5e9000-7f352d5ea000 rw-p 0000c000 08:05 396751                     /usr/lib/x86_64-linux-gnu/gio/modules/libdconfsettings.so
7f352d5ea000-7f352d5f0000 r-xp 00000000 08:05 920010                     /lib/x86_64-linux-gnu/libuuid.so.1.3.0
7f352d5f0000-7f352d7ef000 ---p 00006000 08:05 920010                     /lib/x86_64-linux-gnu/libuuid.so.1.3.0
7f352d7ef000-7f352d7f0000 r--p 00005000 08:05 920010                     /lib/x86_64-linux-gnu/libuuid.so.1.3.0
7f352d7f0000-7f352d7f1000 rw-p 00006000 08:05 920010                     /lib/x86_64-linux-gnu/libuuid.so.1.3.0
7f352d7f1000-7f352d838000 r-xp 00000000 08:05 919820                     /lib/x86_64-linux-gnu/libblkid.so.1.1.0
7f352d838000-7f352da38000 ---p 00047000 08:05 919820                     /lib/x86_64-linux-gnu/libblkid.so.1.1.0
7f352da38000-7f352da3c000 r--p 00047000 08:05 919820                     /lib/x86_64-linux-gnu/libblkid.so.1.1.0
7f352da3c000-7f352da3d000 rw-p 0004b000 08:05 919820                     /lib/x86_64-linux-gnu/libblkid.so.1.1.0
7f352da3d000-7f352da3e000 rw-p 00000000 00:00 0 
7f352da3e000-7f352daae000 r-xp 00000000 08:05 919775                     /lib/x86_64-linux-gnu/libpcre.so.3.13.3
7f352daae000-7f352dcae000 ---p 00070000 08:05 919775                     /lib/x86_64-linux-gnu/libpcre.so.3.13.3
7f352dcae000-7f352dcaf000 r--p 00070000 08:05 919775                     /lib/x86_64-linux-gnu/libpcre.so.3.13.3
7f352dcaf000-7f352dcb0000 rw-p 00071000 08:05 919775                     /lib/x86_64-linux-gnu/libpcre.so.3.13.3
7f352dcb0000-7f352dcb7000 r-xp 00000000 08:05 272269                     /usr/lib/x86_64-linux-gnu/libffi.so.6.0.4
7f352dcb7000-7f352deb6000 ---p 00007000 08:05 272269                     /usr/lib/x86_64-linux-gnu/libffi.so.6.0.4
7f352deb6000-7f352deb7000 r--p 00006000 08:05 272269                     /usr/lib/x86_64-linux-gnu/libffi.so.6.0.4
7f352deb7000-7f352deb8000 rw-p 00007000 08:05 272269                     /usr/lib/x86_64-linux-gnu/libffi.so.6.0.4
7f352deb8000-7f352df09000 r-xp 00000000 08:05 919686                     /lib/x86_64-linux-gnu/libmount.so.1.1.0
7f352df09000-7f352e108000 ---p 00051000 08:05 919686                     /lib/x86_64-linux-gnu/libmount.so.1.1.0
7f352e108000-7f352e10a000 r--p 00050000 08:05 919686                     /lib/x86_64-linux-gnu/libmount.so.1.1.0
7f352e10a000-7f352e10b000 rw-p 00052000 08:05 919686                     /lib/x86_64-linux-gnu/libmount.so.1.1.0
7f352e10b000-7f352e10c000 rw-p 00000000 00:00 0 
7f352e10c000-7f352e123000 r-xp 00000000 08:05 919792                     /lib/x86_64-linux-gnu/libresolv-2.27.so
7f352e123000-7f352e323000 ---p 00017000 08:05 919792                     /lib/x86_64-linux-gnu/libresolv-2.27.so
7f352e323000-7f352e324000 r--p 00017000 08:05 919792                     /lib/x86_64-linux-gnu/libresolv-2.27.so
7f352e324000-7f352e325000 rw-p 00018000 08:05 919792                     /lib/x86_64-linux-gnu/libresolv-2.27.so
7f352e325000-7f352e327000 rw-p 00000000 00:00 0 
7f352e327000-7f352e34c000 r-xp 00000000 08:05 919798                     /lib/x86_64-linux-gnu/libselinux.so.1
7f352e34c000-7f352e54b000 ---p 00025000 08:05 919798                     /lib/x86_64-linux-gnu/libselinux.so.1
7f352e54b000-7f352e54c000 r--p 00024000 08:05 919798                     /lib/x86_64-linux-gnu/libselinux.so.1
7f352e54c000-7f352e54d000 rw-p 00025000 08:05 919798                     /lib/x86_64-linux-gnu/libselinux.so.1
7f352e54d000-7f352e54f000 rw-p 00000000 00:00 0 
7f352e54f000-7f352e662000 r-xp 00000000 08:05 262951                     /usr/lib/x86_64-linux-gnu/libglib-2.0.so.0.5600.3
7f352e662000-7f352e862000 ---p 00113000 08:05 262951                     /usr/lib/x86_64-linux-gnu/libglib-2.0.so.0.5600.3
7f352e862000-7f352e863000 r--p 00113000 08:05 262951                     /usr/lib/x86_64-linux-gnu/libglib-2.0.so.0.5600.3
7f352e863000-7f352e864000 rw-p 00114000 08:05 262951                     /usr/lib/x86_64-linux-gnu/libglib-2.0.so.0.5600.3
7f352e864000-7f352e865000 rw-p 00000000 00:00 0 
7f352e865000-7f352e868000 r-xp 00000000 08:05 268079                     /usr/lib/x86_64-linux-gnu/libgmodule-2.0.so.0.5600.3
7f352e868000-7f352ea67000 ---p 00003000 08:05 268079                     /usr/lib/x86_64-linux-gnu/libgmodule-2.0.so.0.5600.3
7f352ea67000-7f352ea68000 r--p 00002000 08:05 268079                     /usr/lib/x86_64-linux-gnu/libgmodule-2.0.so.0.5600.3
7f352ea68000-7f352ea69000 rw-p 00003000 08:05 268079                     /usr/lib/x86_64-linux-gnu/libgmodule-2.0.so.0.5600.3
7f352ea69000-7f352eabb000 r-xp 00000000 08:05 270586                     /usr/lib/x86_64-linux-gnu/libgobject-2.0.so.0.5600.3
7f352eabb000-7f352ecbb000 ---p 00052000 08:05 270586                     /usr/lib/x86_64-linux-gnu/libgobject-2.0.so.0.5600.3
7f352ecbb000-7f352ecbc000 r--p 00052000 08:05 270586                     /usr/lib/x86_64-linux-gnu/libgobject-2.0.so.0.5600.3
7f352ecbc000-7f352ecbd000 rw-p 00053000 08:05 270586                     /usr/lib/x86_64-linux-gnu/libgobject-2.0.so.0.5600.3
7f352ecbd000-7f352ee52000 r-xp 00000000 08:05 262552                     /usr/lib/x86_64-linux-gnu/libgio-2.0.so.0.5600.3
7f352ee52000-7f352f052000 ---p 00195000 08:05 262552                     /usr/lib/x86_64-linux-gnu/libgio-2.0.so.0.5600.3
7f352f052000-7f352f059000 r--p 00195000 08:05 262552                     /usr/lib/x86_64-linux-gnu/libgio-2.0.so.0.5600.3
7f352f059000-7f352f05a000 rw-p 0019c000 08:05 262552                     /usr/lib/x86_64-linux-gnu/libgio-2.0.so.0.5600.3
7f352f05a000-7f352f05c000 rw-p 00000000 00:00 0 
7f352f05c000-7f352f066000 r-xp 00000000 08:05 271958                     /usr/lib/x86_64-linux-gnu/libXrandr.so.2.2.0
7f352f066000-7f352f265000 ---p 0000a000 08:05 271958                     /usr/lib/x86_64-linux-gnu/libXrandr.so.2.2.0
7f352f265000-7f352f266000 r--p 00009000 08:05 271958                     /usr/lib/x86_64-linux-gnu/libXrandr.so.2.2.0
7f352f266000-7f352f267000 rw-p 0000a000 08:05 271958                     /usr/lib/x86_64-linux-gnu/libXrandr.so.2.2.0
7f352f267000-7f352f467000 rw-p 00000000 00:00 0 
7f352f467000-7f352f498000 r-xp 00000000 08:05 272791                     /usr/lib/x86_64-linux-gnu/libpng16.so.16.34.0
7f352f498000-7f352f697000 ---p 00031000 08:05 272791                     /usr/lib/x86_64-linux-gnu/libpng16.so.16.34.0
7f352f697000-7f352f698000 r--p 00030000 08:05 272791                     /usr/lib/x86_64-linux-gnu/libpng16.so.16.34.0
7f352f698000-7f352f699000 rw-p 00031000 08:05 272791                     /usr/lib/x86_64-linux-gnu/libpng16.so.16.34.0
7f352f699000-7f352f746000 r-xp 00000000 08:05 272301                     /usr/lib/x86_64-linux-gnu/libfreetype.so.6.15.0
7f352f746000-7f352f945000 ---p 000ad000 08:05 272301                     /usr/lib/x86_64-linux-gnu/libfreetype.so.6.15.0
7f352f945000-7f352f94c000 r--p 000ac000 08:05 272301                     /usr/lib/x86_64-linux-gnu/libfreetype.so.6.15.0
7f352f94c000-7f352f94d000 rw-p 000b3000 08:05 272301                     /usr/lib/x86_64-linux-gnu/libfreetype.so.6.15.0
7f352f94d000-7f352f9e2000 r-xp 00000000 08:05 1044706                    /usr/lib/jvm/java-11-openjdk-amd64/lib/libfontmanager.so
7f352f9e2000-7f352fbe2000 ---p 00095000 08:05 1044706                    /usr/lib/jvm/java-11-openjdk-amd64/lib/libfontmanager.so
7f352fbe2000-7f352fbe3000 r--p 00095000 08:05 1044706                    /usr/lib/jvm/java-11-openjdk-amd64/lib/libfontmanager.so
7f352fbe3000-7f352fbe4000 rw-p 00096000 08:05 1044706                    /usr/lib/jvm/java-11-openjdk-amd64/lib/libfontmanager.so
7f352fbe4000-7f352fbe5000 rw-p 00000000 00:00 0 
7f352fbe5000-7f352fbf8000 r-xp 00000000 08:05 919649                     /lib/x86_64-linux-gnu/libbsd.so.0.8.7
7f352fbf8000-7f352fdf7000 ---p 00013000 08:05 919649                     /lib/x86_64-linux-gnu/libbsd.so.0.8.7
7f352fdf7000-7f352fdf8000 r--p 00012000 08:05 919649                     /lib/x86_64-linux-gnu/libbsd.so.0.8.7
7f352fdf8000-7f352fdf9000 rw-p 00013000 08:05 919649                     /lib/x86_64-linux-gnu/libbsd.so.0.8.7
7f352fdf9000-7f352fdfa000 rw-p 00000000 00:00 0 
7f352fdfa000-7f352fdff000 r-xp 00000000 08:05 271938                     /usr/lib/x86_64-linux-gnu/libXdmcp.so.6.0.0
7f352fdff000-7f352fffe000 ---p 00005000 08:05 271938                     /usr/lib/x86_64-linux-gnu/libXdmcp.so.6.0.0
7f352fffe000-7f352ffff000 r--p 00004000 08:05 271938                     /usr/lib/x86_64-linux-gnu/libXdmcp.so.6.0.0
7f352ffff000-7f3530000000 rw-p 00005000 08:05 271938                     /usr/lib/x86_64-linux-gnu/libXdmcp.so.6.0.0
7f3530000000-7f3530021000 rw-p 00000000 00:00 0 
7f3530021000-7f3534000000 ---p 00000000 00:00 0 
7f3534000000-7f3534021000 rw-p 00000000 00:00 0 
7f3534021000-7f3538000000 ---p 00000000 00:00 0 
7f3538000000-7f3538820000 rw-p 00000000 00:00 0 
7f3538820000-7f353c000000 ---p 00000000 00:00 0 
7f353c000000-7f353c021000 rw-p 00000000 00:00 0 
7f353c021000-7f3540000000 ---p 00000000 00:00 0 
7f3540000000-7f3540a6f000 rw-p 00000000 00:00 0 
7f3540a6f000-7f3544000000 ---p 00000000 00:00 0 
7f3544000000-7f354541a000 rw-p 00000000 00:00 0 
7f354541a000-7f3548000000 ---p 00000000 00:00 0 
7f3548000000-7f3548021000 rw-p 00000000 00:00 0 
7f3548021000-7f354c000000 ---p 00000000 00:00 0 
7f354c000000-7f354c021000 rw-p 00000000 00:00 0 
7f354c021000-7f3550000000 ---p 00000000 00:00 0 
7f3550000000-7f3550021000 rw-p 00000000 00:00 0 
7f3550021000-7f3554000000 ---p 00000000 00:00 0 
7f3554000000-7f3554021000 rw-p 00000000 00:00 0 
7f3554021000-7f3558000000 ---p 00000000 00:00 0 
7f3558000000-7f3558021000 rw-p 00000000 00:00 0 
7f3558021000-7f355c000000 ---p 00000000 00:00 0 
7f355c000000-7f355c021000 rw-p 00000000 00:00 0 
7f355c021000-7f3560000000 ---p 00000000 00:00 0 
7f3560000000-7f3560021000 rw-p 00000000 00:00 0 
7f3560021000-7f3564000000 ---p 00000000 00:00 0 
7f3564000000-7f3564021000 rw-p 00000000 00:00 0 
7f3564021000-7f3568000000 ---p 00000000 00:00 0 
7f3568000000-7f3568021000 rw-p 00000000 00:00 0 
7f3568021000-7f356c000000 ---p 00000000 00:00 0 
7f356c000000-7f356c021000 rw-p 00000000 00:00 0 
7f356c021000-7f3570000000 ---p 00000000 00:00 0 
7f3570003000-7f3570005000 r-xp 00000000 08:05 271927                     /usr/lib/x86_64-linux-gnu/libXau.so.6.0.0
7f3570005000-7f3570205000 ---p 00002000 08:05 271927                     /usr/lib/x86_64-linux-gnu/libXau.so.6.0.0
7f3570205000-7f3570206000 r--p 00002000 08:05 271927                     /usr/lib/x86_64-linux-gnu/libXau.so.6.0.0
7f3570206000-7f3570207000 rw-p 00003000 08:05 271927                     /usr/lib/x86_64-linux-gnu/libXau.so.6.0.0
7f3570207000-7f357022d000 r-xp 00000000 08:05 273131                     /usr/lib/x86_64-linux-gnu/libxcb.so.1.1.0
7f357022d000-7f357042d000 ---p 00026000 08:05 273131                     /usr/lib/x86_64-linux-gnu/libxcb.so.1.1.0
7f357042d000-7f357042e000 r--p 00026000 08:05 273131                     /usr/lib/x86_64-linux-gnu/libxcb.so.1.1.0
7f357042e000-7f357042f000 rw-p 00027000 08:05 273131                     /usr/lib/x86_64-linux-gnu/libxcb.so.1.1.0
7f357042f000-7f357043e000 r-xp 00000000 08:05 271948                     /usr/lib/x86_64-linux-gnu/libXi.so.6.1.0
7f357043e000-7f357063d000 ---p 0000f000 08:05 271948                     /usr/lib/x86_64-linux-gnu/libXi.so.6.1.0
7f357063d000-7f357063e000 r--p 0000e000 08:05 271948                     /usr/lib/x86_64-linux-gnu/libXi.so.6.1.0
7f357063e000-7f357063f000 rw-p 0000f000 08:05 271948                     /usr/lib/x86_64-linux-gnu/libXi.so.6.1.0
7f357063f000-7f3570644000 r-xp 00000000 08:05 271966                     /usr/lib/x86_64-linux-gnu/libXtst.so.6.1.0
7f3570644000-7f3570843000 ---p 00005000 08:05 271966                     /usr/lib/x86_64-linux-gnu/libXtst.so.6.1.0
7f3570843000-7f3570844000 r--p 00004000 08:05 271966                     /usr/lib/x86_64-linux-gnu/libXtst.so.6.1.0
7f3570844000-7f3570845000 rw-p 00005000 08:05 271966                     /usr/lib/x86_64-linux-gnu/libXtst.so.6.1.0
7f3570845000-7f357084e000 r-xp 00000000 08:05 271960                     /usr/lib/x86_64-linux-gnu/libXrender.so.1.3.0
7f357084e000-7f3570a4d000 ---p 00009000 08:05 271960                     /usr/lib/x86_64-linux-gnu/libXrender.so.1.3.0
7f3570a4d000-7f3570a4e000 r--p 00008000 08:05 271960                     /usr/lib/x86_64-linux-gnu/libXrender.so.1.3.0
7f3570a4e000-7f3570a4f000 rw-p 00009000 08:05 271960                     /usr/lib/x86_64-linux-gnu/libXrender.so.1.3.0
7f3570a4f000-7f3570b82000 r-xp 00000000 08:05 263759                     /usr/lib/x86_64-linux-gnu/libX11.so.6.3.0
7f3570b82000-7f3570d82000 ---p 00133000 08:05 263759                     /usr/lib/x86_64-linux-gnu/libX11.so.6.3.0
7f3570d82000-7f3570d83000 r--p 00133000 08:05 263759                     /usr/lib/x86_64-linux-gnu/libX11.so.6.3.0
7f3570d83000-7f3570d87000 rw-p 00134000 08:05 263759                     /usr/lib/x86_64-linux-gnu/libX11.so.6.3.0
7f3570d87000-7f3570d98000 r-xp 00000000 08:05 271940                     /usr/lib/x86_64-linux-gnu/libXext.so.6.4.0
7f3570d98000-7f3570f97000 ---p 00011000 08:05 271940                     /usr/lib/x86_64-linux-gnu/libXext.so.6.4.0
7f3570f97000-7f3570f98000 r--p 00010000 08:05 271940                     /usr/lib/x86_64-linux-gnu/libXext.so.6.4.0
7f3570f98000-7f3570f99000 rw-p 00011000 08:05 271940                     /usr/lib/x86_64-linux-gnu/libXext.so.6.4.0
7f3570f99000-7f3570ff8000 r-xp 00000000 08:05 1044703                    /usr/lib/jvm/java-11-openjdk-amd64/lib/libawt_xawt.so
7f3570ff8000-7f35711f7000 ---p 0005f000 08:05 1044703                    /usr/lib/jvm/java-11-openjdk-amd64/lib/libawt_xawt.so
7f35711f7000-7f35711f8000 r--p 0005e000 08:05 1044703                    /usr/lib/jvm/java-11-openjdk-amd64/lib/libawt_xawt.so
7f35711f8000-7f35711fb000 rw-p 0005f000 08:05 1044703                    /usr/lib/jvm/java-11-openjdk-amd64/lib/libawt_xawt.so
7f35711fb000-7f35711fd000 rw-p 00000000 00:00 0 
7f35711fd000-7f357129d000 r-xp 00000000 08:05 1044701                    /usr/lib/jvm/java-11-openjdk-amd64/lib/libawt.so
7f357129d000-7f357149d000 ---p 000a0000 08:05 1044701                    /usr/lib/jvm/java-11-openjdk-amd64/lib/libawt.so
7f357149d000-7f357149e000 r--p 000a0000 08:05 1044701                    /usr/lib/jvm/java-11-openjdk-amd64/lib/libawt.so
7f357149e000-7f35714a9000 rw-p 000a1000 08:05 1044701                    /usr/lib/jvm/java-11-openjdk-amd64/lib/libawt.so
7f35714a9000-7f35714ce000 rw-p 00000000 00:00 0 
7f35714ce000-7f35714e5000 r-xp 00000000 08:05 1044726                    /usr/lib/jvm/java-11-openjdk-amd64/lib/libnet.so
7f35714e5000-7f35716e4000 ---p 00017000 08:05 1044726                    /usr/lib/jvm/java-11-openjdk-amd64/lib/libnet.so
7f35716e4000-7f35716e5000 r--p 00016000 08:05 1044726                    /usr/lib/jvm/java-11-openjdk-amd64/lib/libnet.so
7f35716e5000-7f35716e6000 rw-p 00017000 08:05 1044726                    /usr/lib/jvm/java-11-openjdk-amd64/lib/libnet.so
7f35716e6000-7f35716f7000 r-xp 00000000 08:05 1044727                    /usr/lib/jvm/java-11-openjdk-amd64/lib/libnio.so
7f35716f7000-7f35718f6000 ---p 00011000 08:05 1044727                    /usr/lib/jvm/java-11-openjdk-amd64/lib/libnio.so
7f35718f6000-7f35718f7000 r--p 00010000 08:05 1044727                    /usr/lib/jvm/java-11-openjdk-amd64/lib/libnio.so
7f35718f7000-7f35718f8000 rw-p 00011000 08:05 1044727                    /usr/lib/jvm/java-11-openjdk-amd64/lib/libnio.so
7f35718f8000-7f35718fc000 ---p 00000000 00:00 0 
7f35718fc000-7f35719f9000 rw-p 00000000 00:00 0 
7f35719f9000-7f35719fa000 ---p 00000000 00:00 0 
7f35719fa000-7f3571afb000 rw-p 00000000 00:00 0 
7f3571afb000-7f3571aff000 ---p 00000000 00:00 0 
7f3571aff000-7f3571bfc000 rw-p 00000000 00:00 0 
7f3571bfc000-7f3571c00000 ---p 00000000 00:00 0 
7f3571c00000-7f3571cfd000 rw-p 00000000 00:00 0 
7f3571cfd000-7f3571d01000 ---p 00000000 00:00 0 
7f3571d01000-7f3571dfe000 rw-p 00000000 00:00 0 
7f3571dfe000-7f3571e02000 ---p 00000000 00:00 0 
7f3571e02000-7f3571eff000 rw-p 00000000 00:00 0 
7f3571eff000-7f3571f03000 ---p 00000000 00:00 0 
7f3571f03000-7f3574000000 rw-p 00000000 00:00 0 
7f3574000000-7f3574021000 rw-p 00000000 00:00 0 
7f3574021000-7f3578000000 ---p 00000000 00:00 0 
7f3578000000-7f3578021000 rw-p 00000000 00:00 0 
7f3578021000-7f357c000000 ---p 00000000 00:00 0 
7f357c000000-7f357c005000 r--s 00000000 08:05 1192422                    /var/cache/fontconfig/2300eef321c393bfd76478a5c0e95b23-le64.cache-7
7f357c005000-7f357c006000 r--s 00000000 08:05 1192415                    /var/cache/fontconfig/0d8c3b2ac0904cb8a57a757ad11a4a08-le64.cache-7
7f357c006000-7f357c007000 r--s 00000000 08:05 1192419                    /var/cache/fontconfig/1ac9eb803944fde146138c791f5cc56a-le64.cache-7
7f357c007000-7f357c008000 r--s 00000000 08:05 1192470                    /var/cache/fontconfig/dc05db6664285cc2f12bf69c139ae4c3-le64.cache-7
7f357c008000-7f357c00a000 r--s 00000000 08:05 1192416                    /var/cache/fontconfig/14a5e22175779b556eaa434240950366-le64.cache-7
7f357c00a000-7f357c00b000 r--s 00000000 08:05 1192443                    /var/cache/fontconfig/660208299946a285a940457d1287da33-le64.cache-7
7f357c00b000-7f357c00c000 r--s 00000000 08:05 1206489                    /var/cache/fontconfig/5d1cca7074f29429a8d18692746c2426-le64.cache-7
7f357c00c000-7f357c00e000 r--s 00000000 08:05 1192434                    /var/cache/fontconfig/4f3e3037c9980c83b53a9351efadef62-le64.cache-7
7f357c00e000-7f357c010000 r--s 00000000 08:05 1192448                    /var/cache/fontconfig/767a8244fc0220cfb567a839d0392e0b-le64.cache-7
7f357c010000-7f357c011000 r--s 00000000 08:05 1176178                    /var/cache/fontconfig/4794a0821666d79190d59a36cb4f44b5-le64.cache-7
7f357c011000-7f357c013000 r--s 00000000 08:05 1176008                    /var/cache/fontconfig/0bd3dc0958fa2205aaaa8ebb13e2872b-le64.cache-7
7f357c013000-7f357c018000 r--s 00000000 08:05 1192471                    /var/cache/fontconfig/def309198bfa603429122923fa2bb2d4-le64.cache-7
7f357c018000-7f357c019000 r--s 00000000 08:05 1192459                    /var/cache/fontconfig/b872e6e592da6075ffa4ab0a1fcc0c75-le64.cache-7
7f357c019000-7f357c01a000 r--s 00000000 08:05 1192476                    /var/cache/fontconfig/f6d4eedfaab2589bde49f7a3ff831d22-le64.cache-7
7f357c01a000-7f357c01b000 r--s 00000000 08:05 1192441                    /var/cache/fontconfig/589f83ef4c36d296ce6e1c846f468f08-le64.cache-7
7f357c01b000-7f357c01c000 r--s 00000000 08:05 1192461                    /var/cache/fontconfig/bab58bb527bb656aaa9f116d68a48d89-le64.cache-7
7f357c01c000-7f357c01d000 r--s 00000000 08:05 1192420                    /var/cache/fontconfig/2171a34dccabdb6bcbbc728186263178-le64.cache-7
7f357c01d000-7f357c01e000 r--s 00000000 08:05 1192462                    /var/cache/fontconfig/c5c45a61289222e0d30b1a26ef4effbe-le64.cache-7
7f357c01e000-7f357c01f000 r--s 00000000 08:05 1192457                    /var/cache/fontconfig/aec30016f93e1b46d1a973dce0d74068-le64.cache-7
7f357c01f000-7f357c020000 r--s 00000000 08:05 1192427                    /var/cache/fontconfig/3f589640d34b7dc9042c8d453f7c8b9c-le64.cache-7
7f357c020000-7f357c021000 r--s 00000000 08:05 1192417                    /var/cache/fontconfig/16c2fda60d1b4b719f4b3d06fd951d25-le64.cache-7
7f357c021000-7f357c022000 r--s 00000000 08:05 1192456                    /var/cache/fontconfig/a48eab177a16e4f3713381162db2f3e9-le64.cache-7
7f357c022000-7f357c023000 r--s 00000000 08:05 1192437                    /var/cache/fontconfig/564b2e68ac9bc4e36a6f7f6d6125ec1c-le64.cache-7
7f357c023000-7f357c028000 r--s 00000000 08:05 1188065                    /var/cache/fontconfig/9d2451b1fd30e5bffe8383fd27c35478-le64.cache-7
7f357c028000-7f357c02e000 r--s 00000000 08:05 1188064                    /var/cache/fontconfig/3047814df9a2f067bd2d96a2b9c36e5a-le64.cache-7
7f357c02e000-7f357c036000 r--s 00000000 08:05 1206702                    /var/cache/fontconfig/bf3b770c553c462765856025a94f1ce6-le64.cache-7
7f357c036000-7f357c037000 r--s 00000000 08:05 1192438                    /var/cache/fontconfig/56cf4f4769d0f4abc89a4895d7bd3ae1-le64.cache-7
7f357c037000-7f357c038000 r--s 00000000 08:05 1192460                    /var/cache/fontconfig/b9d506c9ac06c20b433354fa67a72993-le64.cache-7
7f357c038000-7f357c03e000 r--s 00000000 08:05 1192458                    /var/cache/fontconfig/b47c4e1ecd0709278f4910c18777a504-le64.cache-7
7f357c03e000-7f357c051000 r--s 00000000 08:05 1192467                    /var/cache/fontconfig/d52a8644073d54c13679302ca1180695-le64.cache-7
7f357c051000-7f357c052000 r--s 00000000 08:05 1192425                    /var/cache/fontconfig/370e5b74bf5dafc30834de68e24a87a4-le64.cache-7
7f357c052000-7f357c053000 r--s 00000000 08:05 1192446                    /var/cache/fontconfig/6b2c5944714ca7831b25bed9e85cb5c8-le64.cache-7
7f357c053000-7f357c054000 r--s 00000000 08:05 1192466                    /var/cache/fontconfig/d5178ab6d91b49bf20a416737dcea9e8-le64.cache-7
7f357c054000-7f357c055000 r--s 00000000 08:05 1192436                    /var/cache/fontconfig/551ecf3b0e8b0bca0f25c0944f561853-le64.cache-7
7f357c055000-7f357c058000 r--s 00000000 08:05 1192475                    /var/cache/fontconfig/f259c2cffa685e28062317905db73c4a-le64.cache-7
7f357c058000-7f357c064000 r--s 00000000 08:05 1199994                    /var/cache/fontconfig/d589a48862398ed80a3d6066f4f56f4c-le64.cache-7
7f357c064000-7f357c072000 r--s 00000000 08:05 1192453                    /var/cache/fontconfig/9b89f8e3dae116d678bbf48e5f21f69b-le64.cache-7
7f357c072000-7f357c076000 ---p 00000000 00:00 0 
7f357c076000-7f357c173000 rw-p 00000000 00:00 0 
7f357c173000-7f357cb42000 r--p 00000000 08:05 267985                     /usr/lib/locale/locale-archive
7f357cb42000-7f357cb46000 ---p 00000000 00:00 0 
7f357cb46000-7f357cc43000 rw-p 00000000 00:00 0 
7f357cc43000-7f357cc47000 ---p 00000000 00:00 0 
7f357cc47000-7f357cd44000 rw-p 00000000 00:00 0 
7f357cd44000-7f357cd45000 ---p 00000000 00:00 0 
7f357cd45000-7f357d646000 rw-p 00000000 00:00 0 
7f357d646000-7f357d647000 ---p 00000000 00:00 0 
7f357d647000-7f357d748000 rw-p 00000000 00:00 0 
7f357d748000-7f357d749000 ---p 00000000 00:00 0 
7f357d749000-7f357d84a000 rw-p 00000000 00:00 0 
7f357d84a000-7f357d84b000 ---p 00000000 00:00 0 
7f357d84b000-7f357d94c000 rw-p 00000000 00:00 0 
7f357d94c000-7f357d94d000 ---p 00000000 00:00 0 
7f357d94d000-7f357da4e000 rw-p 00000000 00:00 0 
7f357da4e000-7f357da4f000 ---p 00000000 00:00 0 
7f357da4f000-7f357df54000 rw-p 00000000 00:00 0 
7f357df54000-7f357df55000 ---p 00000000 00:00 0 
7f357df55000-7f357e056000 rw-p 00000000 00:00 0 
7f357e056000-7f357e057000 ---p 00000000 00:00 0 
7f357e057000-7f357e348000 rw-p 00000000 00:00 0 
7f357e348000-7f3580000000 ---p 00000000 00:00 0 
7f3580000000-7f3580021000 rw-p 00000000 00:00 0 
7f3580021000-7f3584000000 ---p 00000000 00:00 0 
7f3584000000-7f3584021000 rw-p 00000000 00:00 0 
7f3584021000-7f3588000000 ---p 00000000 00:00 0 
7f3588000000-7f3588021000 rw-p 00000000 00:00 0 
7f3588021000-7f358c000000 ---p 00000000 00:00 0 
7f358c000000-7f358c018000 r--s 00000000 08:05 1192469                    /var/cache/fontconfig/e13b20fdb08344e0e664864cc2ede53d-le64.cache-7
7f358c018000-7f358c025000 r--s 00000000 08:05 1206697                    /var/cache/fontconfig/8f02d4cb045bd6ce15663e43f347c9f8-le64.cache-7
7f358c025000-7f358c055000 r--p 00000000 08:05 526415                     /usr/share/glib-2.0/schemas/gschemas.compiled
7f358c055000-7f358c2ec000 rw-p 00000000 00:00 0 
7f358c2ec000-7f358dfa4000 ---p 00000000 00:00 0 
7f358dfa4000-7f358dfe2000 rw-p 00000000 00:00 0 
7f358dfe2000-7f358e379000 ---p 00000000 00:00 0 
7f358e379000-7f358e3b7000 rw-p 00000000 00:00 0 
7f358e3b7000-7f358e74e000 ---p 00000000 00:00 0 
7f358e74e000-7f358e78c000 rw-p 00000000 00:00 0 
7f358e78c000-7f358eb23000 ---p 00000000 00:00 0 
7f358eb23000-7f358ef27000 rw-p 00000000 00:00 0 
7f358ef27000-7f358ef28000 ---p 00000000 00:00 0 
7f358ef28000-7f358f029000 rw-p 00000000 00:00 0 
7f358f029000-7f358f02a000 ---p 00000000 00:00 0 
7f358f02a000-7f358f12b000 rw-p 00000000 00:00 0 
7f358f12b000-7f358f12c000 ---p 00000000 00:00 0 
7f358f12c000-7f358f22d000 rw-p 00000000 00:00 0 
7f358f22d000-7f358f22e000 ---p 00000000 00:00 0 
7f358f22e000-7f358f334000 rw-p 00000000 00:00 0 
7f358f334000-7f358f41a000 ---p 00000000 00:00 0 
7f358f41a000-7f358f42a000 rw-p 00000000 00:00 0 
7f358f42a000-7f358f505000 ---p 00000000 00:00 0 
7f358f505000-7f358f775000 rwxp 00000000 00:00 0 
7f358f775000-7f358fa95000 ---p 00000000 00:00 0 
7f358fa95000-7f3590275000 rwxp 00000000 00:00 0 
7f3590275000-7f3596fcd000 ---p 00000000 00:00 0 
7f3596fcd000-7f359723d000 rwxp 00000000 00:00 0 
7f359723d000-7f359e505000 ---p 00000000 00:00 0 
7f359e505000-7f35a79e0000 r--s 00000000 08:05 1062053                    /usr/lib/jvm/java-11-openjdk-amd64/lib/modules
7f35a79e0000-7f35a79e5000 r-xp 00000000 08:05 1044718                    /usr/lib/jvm/java-11-openjdk-amd64/lib/libjimage.so
7f35a79e5000-7f35a7be4000 ---p 00005000 08:05 1044718                    /usr/lib/jvm/java-11-openjdk-amd64/lib/libjimage.so
7f35a7be4000-7f35a7be5000 r--p 00004000 08:05 1044718                    /usr/lib/jvm/java-11-openjdk-amd64/lib/libjimage.so
7f35a7be5000-7f35a7be6000 rw-p 00005000 08:05 1044718                    /usr/lib/jvm/java-11-openjdk-amd64/lib/libjimage.so
7f35a7be6000-7f35a7bed000 r-xp 00000000 08:05 1062049                    /usr/lib/jvm/java-11-openjdk-amd64/lib/libzip.so
7f35a7bed000-7f35a7dec000 ---p 00007000 08:05 1062049                    /usr/lib/jvm/java-11-openjdk-amd64/lib/libzip.so
7f35a7dec000-7f35a7ded000 r--p 00006000 08:05 1062049                    /usr/lib/jvm/java-11-openjdk-amd64/lib/libzip.so
7f35a7ded000-7f35a7dee000 rw-p 00007000 08:05 1062049                    /usr/lib/jvm/java-11-openjdk-amd64/lib/libzip.so
7f35a7dee000-7f35a7df9000 r-xp 00000000 08:05 919743                     /lib/x86_64-linux-gnu/libnss_files-2.27.so
7f35a7df9000-7f35a7ff8000 ---p 0000b000 08:05 919743                     /lib/x86_64-linux-gnu/libnss_files-2.27.so
7f35a7ff8000-7f35a7ff9000 r--p 0000a000 08:05 919743                     /lib/x86_64-linux-gnu/libnss_files-2.27.so
7f35a7ff9000-7f35a7ffa000 rw-p 0000b000 08:05 919743                     /lib/x86_64-linux-gnu/libnss_files-2.27.so
7f35a7ffa000-7f35a8000000 rw-p 00000000 00:00 0 
7f35a8000000-7f35a8532000 rw-p 00000000 00:00 0 
7f35a8532000-7f35ac000000 ---p 00000000 00:00 0 
7f35ac000000-7f35ac002000 r--s 00000000 08:05 1192435                    /var/cache/fontconfig/550f3886151c940c12a5ed35f6a00586-le64.cache-7
7f35ac002000-7f35ac005000 r--s 00000000 08:05 1192444                    /var/cache/fontconfig/674d1711f2d1d2a09646eb0bdcadee49-le64.cache-7
7f35ac005000-7f35ac006000 r--s 00000000 08:05 1192428                    /var/cache/fontconfig/3f7329c5293ffd510edef78f73874cfd-le64.cache-7
7f35ac006000-7f35ac007000 r--s 00000000 08:05 1206478                    /var/cache/fontconfig/e7de81b01590fb7e12b38e274e17d0db-le64.cache-7
7f35ac007000-7f35ac008000 r--s 00000000 08:05 1192414                    /var/cache/fontconfig/0c9eb80ebd1c36541ebe2852d3bb0c49-le64.cache-7
7f35ac008000-7f35ac009000 r--s 00000000 08:05 1192421                    /var/cache/fontconfig/22368d551a680bfe5a62c02760edf4ea-le64.cache-7
7f35ac009000-7f35ac00a000 r--s 00000000 08:05 1192433                    /var/cache/fontconfig/4d9c95eba1cb85bbcf2878543262124a-le64.cache-7
7f35ac00a000-7f35ac00b000 r--s 00000000 08:05 1192450                    /var/cache/fontconfig/85e0a52ce643a7ba2ae53e5d6949cead-le64.cache-7
7f35ac00b000-7f35ac02c000 r--s 00000000 08:05 1206694                    /var/cache/fontconfig/467c019e582ee353435ea5c21d137ef6-le64.cache-7
7f35ac02c000-7f35ac0af000 rw-p 00000000 00:00 0 
7f35ac0af000-7f35ac0c6000 r-xp 00000000 08:05 919737                     /lib/x86_64-linux-gnu/libnsl-2.27.so
7f35ac0c6000-7f35ac2c5000 ---p 00017000 08:05 919737                     /lib/x86_64-linux-gnu/libnsl-2.27.so
7f35ac2c5000-7f35ac2c6000 r--p 00016000 08:05 919737                     /lib/x86_64-linux-gnu/libnsl-2.27.so
7f35ac2c6000-7f35ac2c7000 rw-p 00017000 08:05 919737                     /lib/x86_64-linux-gnu/libnsl-2.27.so
7f35ac2c7000-7f35ac2c9000 rw-p 00000000 00:00 0 
7f35ac2c9000-7f35ac2d4000 r-xp 00000000 08:05 919754                     /lib/x86_64-linux-gnu/libnss_nis-2.27.so
7f35ac2d4000-7f35ac4d3000 ---p 0000b000 08:05 919754                     /lib/x86_64-linux-gnu/libnss_nis-2.27.so
7f35ac4d3000-7f35ac4d4000 r--p 0000a000 08:05 919754                     /lib/x86_64-linux-gnu/libnss_nis-2.27.so
7f35ac4d4000-7f35ac4d5000 rw-p 0000b000 08:05 919754                     /lib/x86_64-linux-gnu/libnss_nis-2.27.so
7f35ac4d5000-7f35ac4dd000 r-xp 00000000 08:05 919739                     /lib/x86_64-linux-gnu/libnss_compat-2.27.so
7f35ac4dd000-7f35ac6dd000 ---p 00008000 08:05 919739                     /lib/x86_64-linux-gnu/libnss_compat-2.27.so
7f35ac6dd000-7f35ac6de000 r--p 00008000 08:05 919739                     /lib/x86_64-linux-gnu/libnss_compat-2.27.so
7f35ac6de000-7f35ac6df000 rw-p 00009000 08:05 919739                     /lib/x86_64-linux-gnu/libnss_compat-2.27.so
7f35ac6df000-7f35ac70b000 r-xp 00000000 08:05 1044714                    /usr/lib/jvm/java-11-openjdk-amd64/lib/libjava.so
7f35ac70b000-7f35ac90a000 ---p 0002c000 08:05 1044714                    /usr/lib/jvm/java-11-openjdk-amd64/lib/libjava.so
7f35ac90a000-7f35ac90b000 r--p 0002b000 08:05 1044714                    /usr/lib/jvm/java-11-openjdk-amd64/lib/libjava.so
7f35ac90b000-7f35ac90d000 rw-p 0002c000 08:05 1044714                    /usr/lib/jvm/java-11-openjdk-amd64/lib/libjava.so
7f35ac90d000-7f35ac91a000 r-xp 00000000 08:05 1062045                    /usr/lib/jvm/java-11-openjdk-amd64/lib/libverify.so
7f35ac91a000-7f35acb19000 ---p 0000d000 08:05 1062045                    /usr/lib/jvm/java-11-openjdk-amd64/lib/libverify.so
7f35acb19000-7f35acb1b000 r--p 0000c000 08:05 1062045                    /usr/lib/jvm/java-11-openjdk-amd64/lib/libverify.so
7f35acb1b000-7f35acb1c000 rw-p 0000e000 08:05 1062045                    /usr/lib/jvm/java-11-openjdk-amd64/lib/libverify.so
7f35acb1c000-7f35acb23000 r-xp 00000000 08:05 919794                     /lib/x86_64-linux-gnu/librt-2.27.so
7f35acb23000-7f35acd22000 ---p 00007000 08:05 919794                     /lib/x86_64-linux-gnu/librt-2.27.so
7f35acd22000-7f35acd23000 r--p 00006000 08:05 919794                     /lib/x86_64-linux-gnu/librt-2.27.so
7f35acd23000-7f35acd24000 rw-p 00007000 08:05 919794                     /lib/x86_64-linux-gnu/librt-2.27.so
7f35acd24000-7f35acd3b000 r-xp 00000000 08:05 913937                     /lib/x86_64-linux-gnu/libgcc_s.so.1
7f35acd3b000-7f35acf3a000 ---p 00017000 08:05 913937                     /lib/x86_64-linux-gnu/libgcc_s.so.1
7f35acf3a000-7f35acf3b000 r--p 00016000 08:05 913937                     /lib/x86_64-linux-gnu/libgcc_s.so.1
7f35acf3b000-7f35acf3c000 rw-p 00017000 08:05 913937                     /lib/x86_64-linux-gnu/libgcc_s.so.1
7f35acf3c000-7f35ad0d9000 r-xp 00000000 08:05 919716                     /lib/x86_64-linux-gnu/libm-2.27.so
7f35ad0d9000-7f35ad2d8000 ---p 0019d000 08:05 919716                     /lib/x86_64-linux-gnu/libm-2.27.so
7f35ad2d8000-7f35ad2d9000 r--p 0019c000 08:05 919716                     /lib/x86_64-linux-gnu/libm-2.27.so
7f35ad2d9000-7f35ad2da000 rw-p 0019d000 08:05 919716                     /lib/x86_64-linux-gnu/libm-2.27.so
7f35ad2da000-7f35ad453000 r-xp 00000000 08:05 261187                     /usr/lib/x86_64-linux-gnu/libstdc++.so.6.0.25
7f35ad453000-7f35ad653000 ---p 00179000 08:05 261187                     /usr/lib/x86_64-linux-gnu/libstdc++.so.6.0.25
7f35ad653000-7f35ad65d000 r--p 00179000 08:05 261187                     /usr/lib/x86_64-linux-gnu/libstdc++.so.6.0.25
7f35ad65d000-7f35ad65f000 rw-p 00183000 08:05 261187                     /usr/lib/x86_64-linux-gnu/libstdc++.so.6.0.25
7f35ad65f000-7f35ad663000 rw-p 00000000 00:00 0 
7f35ad663000-7f35ae600000 r-xp 00000000 08:05 1062065                    /usr/lib/jvm/java-11-openjdk-amd64/lib/server/libjvm.so
7f35ae600000-7f35ae800000 ---p 00f9d000 08:05 1062065                    /usr/lib/jvm/java-11-openjdk-amd64/lib/server/libjvm.so
7f35ae800000-7f35ae8c4000 r--p 00f9d000 08:05 1062065                    /usr/lib/jvm/java-11-openjdk-amd64/lib/server/libjvm.so
7f35ae8c4000-7f35ae8fc000 rw-p 01061000 08:05 1062065                    /usr/lib/jvm/java-11-openjdk-amd64/lib/server/libjvm.so
7f35ae8fc000-7f35ae945000 rw-p 00000000 00:00 0 
7f35ae945000-7f35ae95f000 r-xp 00000000 08:05 919786                     /lib/x86_64-linux-gnu/libpthread-2.27.so
7f35ae95f000-7f35aeb5e000 ---p 0001a000 08:05 919786                     /lib/x86_64-linux-gnu/libpthread-2.27.so
7f35aeb5e000-7f35aeb5f000 r--p 00019000 08:05 919786                     /lib/x86_64-linux-gnu/libpthread-2.27.so
7f35aeb5f000-7f35aeb60000 rw-p 0001a000 08:05 919786                     /lib/x86_64-linux-gnu/libpthread-2.27.so
7f35aeb60000-7f35aeb64000 rw-p 00000000 00:00 0 
7f35aeb64000-7f35aeb67000 r-xp 00000000 08:05 919676                     /lib/x86_64-linux-gnu/libdl-2.27.so
7f35aeb67000-7f35aed66000 ---p 00003000 08:05 919676                     /lib/x86_64-linux-gnu/libdl-2.27.so
7f35aed66000-7f35aed67000 r--p 00002000 08:05 919676                     /lib/x86_64-linux-gnu/libdl-2.27.so
7f35aed67000-7f35aed68000 rw-p 00003000 08:05 919676                     /lib/x86_64-linux-gnu/libdl-2.27.so
7f35aed68000-7f35aed84000 r-xp 00000000 08:05 919825                     /lib/x86_64-linux-gnu/libz.so.1.2.11
7f35aed84000-7f35aef83000 ---p 0001c000 08:05 919825                     /lib/x86_64-linux-gnu/libz.so.1.2.11
7f35aef83000-7f35aef84000 r--p 0001b000 08:05 919825                     /lib/x86_64-linux-gnu/libz.so.1.2.11
7f35aef84000-7f35aef85000 rw-p 0001c000 08:05 919825                     /lib/x86_64-linux-gnu/libz.so.1.2.11
7f35aef85000-7f35af16c000 r-xp 00000000 08:05 919653                     /lib/x86_64-linux-gnu/libc-2.27.so
7f35af16c000-7f35af36c000 ---p 001e7000 08:05 919653                     /lib/x86_64-linux-gnu/libc-2.27.so
7f35af36c000-7f35af370000 r--p 001e7000 08:05 919653                     /lib/x86_64-linux-gnu/libc-2.27.so
7f35af370000-7f35af372000 rw-p 001eb000 08:05 919653                     /lib/x86_64-linux-gnu/libc-2.27.so
7f35af372000-7f35af376000 rw-p 00000000 00:00 0 
7f35af376000-7f35af385000 r-xp 00000000 08:05 1044697                    /usr/lib/jvm/java-11-openjdk-amd64/lib/jli/libjli.so
7f35af385000-7f35af584000 ---p 0000f000 08:05 1044697                    /usr/lib/jvm/java-11-openjdk-amd64/lib/jli/libjli.so
7f35af584000-7f35af585000 r--p 0000e000 08:05 1044697                    /usr/lib/jvm/java-11-openjdk-amd64/lib/jli/libjli.so
7f35af585000-7f35af586000 rw-p 0000f000 08:05 1044697                    /usr/lib/jvm/java-11-openjdk-amd64/lib/jli/libjli.so
7f35af586000-7f35af5ad000 r-xp 00000000 08:05 919625                     /lib/x86_64-linux-gnu/ld-2.27.so
7f35af5ad000-7f35af5ae000 r--s 00000000 08:05 1192430                    /var/cache/fontconfig/49f0de54bdd920fe4f0dfd4cbac43e6b-le64.cache-7
7f35af5ae000-7f35af5af000 r--s 00000000 08:05 1192477                    /var/cache/fontconfig/f6e6e0a5c3d2f6ae0c0c2e0ecd42a997-le64.cache-7
7f35af5af000-7f35af5b0000 r--s 00000000 08:05 1192431                    /var/cache/fontconfig/4b2eda6bb976bda485cb2176619421d5-le64.cache-7
7f35af5b0000-7f35af5b2000 r--s 00000000 08:05 1192445                    /var/cache/fontconfig/6afa1bb216ce958c1589e297e8008489-le64.cache-7
7f35af5b2000-7f35af5b5000 r--s 00000000 08:05 1206699                    /var/cache/fontconfig/16326683038b281783a0ef8c680e3a10-le64.cache-7
7f35af5cd000-7f35af5d2000 r--p 00000000 08:07 2894373                    /home/christoph/.config/dconf/user (deleted)
7f35af5d2000-7f35af68f000 rw-p 00000000 00:00 0 
7f35af68f000-7f35af693000 ---p 00000000 00:00 0 
7f35af693000-7f35af792000 rw-p 00000000 00:00 0 
7f35af792000-7f35af793000 r--s 00000000 08:05 1206695                    /var/cache/fontconfig/e0aa53bcfa504e64f87823c16bc01eb6-le64.cache-7
7f35af793000-7f35af794000 r--s 00000000 00:33 35                         /run/user/1000/dconf/user (deleted)
7f35af794000-7f35af79a000 rw-p 00000000 00:00 0 
7f35af79a000-7f35af7a1000 ---p 00000000 00:00 0 
7f35af7a1000-7f35af7a9000 rw-s 00000000 08:05 130615                     /tmp/hsperfdata_christoph/13508
7f35af7a9000-7f35af7aa000 ---p 00000000 00:00 0 
7f35af7aa000-7f35af7ab000 r--p 00000000 00:00 0 
7f35af7ab000-7f35af7ad000 rw-p 00000000 00:00 0 
7f35af7ad000-7f35af7ae000 r--p 00027000 08:05 919625                     /lib/x86_64-linux-gnu/ld-2.27.so
7f35af7ae000-7f35af7af000 rw-p 00028000 08:05 919625                     /lib/x86_64-linux-gnu/ld-2.27.so
7f35af7af000-7f35af7b0000 rw-p 00000000 00:00 0 
7ffec8b96000-7ffec8bb7000 rw-p 00000000 00:00 0                          [stack]
7ffec8bc5000-7ffec8bc8000 r--p 00000000 00:00 0                          [vvar]
7ffec8bc8000-7ffec8bca000 r-xp 00000000 00:00 0                          [vdso]
ffffffffff600000-ffffffffff601000 r-xp 00000000 00:00 0                  [vsyscall]


VM Arguments:
jvm_args: -Dfile.encoding=UTF-8 
java_command: Controllers.TRECController
java_class_path (initial): /home/christoph/Uni/OAD/OAD-2018-2019/Ass2/UI-Prototyp:/home/christoph/Uni/OAD/OAD-2018-2019/Ass2/UI-Prototyp/lib/antlr-2.7.7.jar:/home/christoph/Uni/OAD/OAD-2018-2019/Ass2/UI-Prototyp/lib/byte-buddy-1.8.17.jar:/home/christoph/Uni/OAD/OAD-2018-2019/Ass2/UI-Prototyp/lib/classmate-1.3.4.jar:/home/christoph/Uni/OAD/OAD-2018-2019/Ass2/UI-Prototyp/lib/dom4j-2.1.1.jar:/home/christoph/Uni/OAD/OAD-2018-2019/Ass2/UI-Prototyp/lib/hibernate-commons-annotations-5.0.4.Final.jar:/home/christoph/Uni/OAD/OAD-2018-2019/Ass2/UI-Prototyp/lib/hibernate-core-5.3.7.Final.jar:/home/christoph/Uni/OAD/OAD-2018-2019/Ass2/UI-Prototyp/lib/jandex-2.0.5.Final.jar:/home/christoph/Uni/OAD/OAD-2018-2019/Ass2/UI-Prototyp/lib/javassist-3.23.1-GA.jar:/home/christoph/Uni/OAD/OAD-2018-2019/Ass2/UI-Prototyp/lib/javax.activation-api-1.2.0.jar:/home/christoph/Uni/OAD/OAD-2018-2019/Ass2/UI-Prototyp/lib/javax.persistence-api-2.2.jar:/home/christoph/Uni/OAD/OAD-2018-2019/Ass2/UI-Prototyp/lib/jboss-logging-3.3.2.Final.jar:/home/christoph/Uni/OAD/OAD-2018-2019/Ass2/UI-Prototyp/lib/jboss-transaction-api_1.2_spec-1.1.1.Final.jar:/home/christoph/Uni/OAD/OAD-2018-2019/Ass2/UI-Prototyp/lib/mysql-connector-java-8.0.13.jar:/home/christoph/Uni/OAD/OAD-2018-2019/Ass2/UI-Prototyp/lib/javax.activation-1.2.0.jar:/home/christoph/Uni/OAD/OAD-2018-2019/Ass2/UI-Prototyp/lib/jaxb-api-2.3.0.jar:/home/christoph/Uni/OAD/OAD-2018-2019/Ass2/UI-Prototyp/lib/jaxb-core-2.3.0.jar:/home/christoph/Uni/OAD/OAD-2018-2019/Ass2/UI-Prototyp/lib/jaxb-impl-2.3.0.jar
Launcher Type: SUN_STANDARD

Logging:
Log output configuration:
#0: stdout all=warning uptime,level,tags
#1: stderr all=off uptime,level,tags

Environment Variables:
PATH=/home/christoph/.local/bin:/usr/local/sbin:/usr/local/bin:/usr/sbin:/usr/bin:/sbin:/bin:/usr/games:/usr/local/games:/snap/bin
USERNAME=christoph
SHELL=/bin/bash
DISPLAY=:0

Signal Handlers:
SIGSEGV: [libjvm.so+0xd28b70], sa_mask[0]=11111111011111111101111111111110, sa_flags=SA_RESTART|SA_SIGINFO
SIGBUS: [libjvm.so+0xd28b70], sa_mask[0]=11111111011111111101111111111110, sa_flags=SA_RESTART|SA_SIGINFO
SIGFPE: [libjvm.so+0xd28b70], sa_mask[0]=11111111011111111101111111111110, sa_flags=SA_RESTART|SA_SIGINFO
SIGPIPE: SIG_IGN, sa_mask[0]=00000000000010000000000000000000, sa_flags=SA_RESTART
SIGXFSZ: [libjvm.so+0xb2a1f0], sa_mask[0]=11111111011111111101111111111110, sa_flags=SA_RESTART|SA_SIGINFO
SIGILL: [libjvm.so+0xd28b70], sa_mask[0]=11111111011111111101111111111110, sa_flags=SA_RESTART|SA_SIGINFO
SIGUSR2: [libjvm.so+0xb2a030], sa_mask[0]=00100000000000000000000000000000, sa_flags=SA_RESTART|SA_SIGINFO
SIGHUP: [libjvm.so+0xb2a180], sa_mask[0]=11111111011111111101111111111110, sa_flags=SA_RESTART|SA_SIGINFO
SIGINT: [libjvm.so+0xb2a180], sa_mask[0]=11111111011111111101111111111110, sa_flags=SA_RESTART|SA_SIGINFO
SIGTERM: [libjvm.so+0xb2a180], sa_mask[0]=11111111011111111101111111111110, sa_flags=SA_RESTART|SA_SIGINFO
SIGQUIT: [libjvm.so+0xb2a180], sa_mask[0]=11111111011111111101111111111110, sa_flags=SA_RESTART|SA_SIGINFO


---------------  S Y S T E M  ---------------

OS:DISTRIB_ID=Ubuntu
DISTRIB_RELEASE=18.04
DISTRIB_CODENAME=bionic
DISTRIB_DESCRIPTION="Ubuntu 18.04.1 LTS"
uname:Linux 4.15.0-43-generic #46-Ubuntu SMP Thu Dec 6 14:45:28 UTC 2018 x86_64
libc:glibc 2.27 NPTL 2.27 
rlimit: STACK 8192k, CORE 0k, NPROC 30905, NOFILE 4096, AS infinity, DATA infinity, FSIZE infinity
load average:1,35 1,66 1,63

/proc/meminfo:
MemTotal:        8029488 kB
MemFree:         2558408 kB
MemAvailable:    2764512 kB
Buffers:           33000 kB
Cached:           502768 kB
SwapCached:        54888 kB
Active:          4195216 kB
Inactive:        1010592 kB
Active(anon):    4002580 kB
Inactive(anon):   795652 kB
Active(file):     192636 kB
Inactive(file):   214940 kB
Unevictable:          32 kB
Mlocked:              32 kB
SwapTotal:       3906556 kB
SwapFree:         519408 kB
Dirty:              2996 kB
Writeback:             0 kB
AnonPages:       4615564 kB
Mapped:           202120 kB
Shmem:            128000 kB
Slab:             116640 kB
SReclaimable:      45532 kB
SUnreclaim:        71108 kB
KernelStack:       28688 kB
PageTables:        53692 kB
NFS_Unstable:          0 kB
Bounce:                0 kB
WritebackTmp:          0 kB
CommitLimit:     7921300 kB
Committed_AS:   14156656 kB
VmallocTotal:   34359738367 kB
VmallocUsed:           0 kB
VmallocChunk:          0 kB
HardwareCorrupted:     0 kB
AnonHugePages:         0 kB
ShmemHugePages:        0 kB
ShmemPmdMapped:        0 kB
CmaTotal:              0 kB
CmaFree:               0 kB
HugePages_Total:       0
HugePages_Free:        0
HugePages_Rsvd:        0
HugePages_Surp:        0
Hugepagesize:       2048 kB
DirectMap4k:      187796 kB
DirectMap2M:     7014400 kB
DirectMap1G:     1048576 kB

container (cgroup) information:
container_type: cgroupv1
cpu_cpuset_cpus: 0-3
cpu_memory_nodes: 0
active_processor_count: 4
cpu_quota: -1
cpu_period: 100000
cpu_shares: -1
memory_limit_in_bytes: -1
memory_and_swap_limit_in_bytes: -2
memory_soft_limit_in_bytes: -1
memory_usage_in_bytes: 5279309824
memory_max_usage_in_bytes: 0


CPU:total 4 (initial active 4) (2 cores per cpu, 2 threads per core) family 6 model 78 stepping 3, cmov, cx8, fxsr, mmx, sse, sse2, sse3, ssse3, sse4.1, sse4.2, popcnt, avx, avx2, aes, clmul, erms, 3dnowpref, lzcnt, ht, tsc, tscinvbit, bmi1, bmi2, adx, fma
CPU Model and flags from /proc/cpuinfo:
model name	: Intel(R) Core(TM) i5-6200U CPU @ 2.30GHz
flags		: fpu vme de pse tsc msr pae mce cx8 apic sep mtrr pge mca cmov pat pse36 clflush dts acpi mmx fxsr sse sse2 ss ht tm pbe syscall nx pdpe1gb rdtscp lm constant_tsc art arch_perfmon pebs bts rep_good nopl xtopology nonstop_tsc cpuid aperfmperf tsc_known_freq pni pclmulqdq dtes64 monitor ds_cpl vmx est tm2 ssse3 sdbg fma cx16 xtpr pdcm pcid sse4_1 sse4_2 x2apic movbe popcnt tsc_deadline_timer aes xsave avx f16c rdrand lahf_lm abm 3dnowprefetch cpuid_fault epb invpcid_single pti ssbd ibrs ibpb stibp tpr_shadow vnmi flexpriority ept vpid fsgsbase tsc_adjust bmi1 avx2 smep bmi2 erms invpcid mpx rdseed adx smap clflushopt intel_pt xsaveopt xsavec xgetbv1 xsaves dtherm ida arat pln pts hwp hwp_notify hwp_act_window hwp_epp flush_l1d

Memory: 4k page, physical 8029488k(2555732k free), swap 3906556k(519504k free)

vm_info: OpenJDK 64-Bit Server VM (10.0.2+13-Ubuntu-1ubuntu0.18.04.4) for linux-amd64 JRE (10.0.2+13-Ubuntu-1ubuntu0.18.04.4), built on Nov 13 2018 12:53:39 by "buildd" with gcc 7.3.0

END.
