#
# A fatal error has been detected by the Java Runtime Environment:
#
#  SIGSEGV (0xb) at pc=0x00007f2fe7b7fb1e, pid=8558, tid=8592
#
# JRE version: OpenJDK Runtime Environment (10.0.2+13) (build 10.0.2+13-Ubuntu-1ubuntu0.18.04.4)
# Java VM: OpenJDK 64-Bit Server VM (10.0.2+13-Ubuntu-1ubuntu0.18.04.4, mixed mode, tiered, compressed oops, g1 gc, linux-amd64)
# Problematic frame:
# v  ~BufferBlob::jni_fast_GetLongField
#
# Core dump will be written. Default location: Core dumps may be processed with "/usr/share/apport/apport %p %s %c %d %P" (or dumping to /home/christoph/Uni/OAD/OAD-2018-2019/Ass2/UI-Prototyp/core.8558)
#
# If you would like to submit a bug report, please visit:
#   http://bugreport.java.com/bugreport/crash.jsp
# The crash happened outside the Java Virtual Machine in native code.
# See problematic frame for where to report the bug.
#

---------------  S U M M A R Y ------------

Command Line: -Dfile.encoding=UTF-8 Controllers.TRECController

Host: Intel(R) Core(TM) i5-6200U CPU @ 2.30GHz, 4 cores, 7G, Ubuntu 18.04.1 LTS
Time: Thu Jan 24 23:40:27 2019 CET elapsed time: 22815 seconds (0d 6h 20m 15s)

---------------  T H R E A D  ---------------

Current thread (0x00007f300041b800):  JavaThread "AWT-XAWT" daemon [_thread_in_native, id=8592, stack(0x00007f2f81c8b000,0x00007f2f81d8c000)]

Stack: [0x00007f2f81c8b000,0x00007f2f81d8c000],  sp=0x00007f2f81d8a758,  free space=1021k
Native frames: (J=compiled Java code, A=aot compiled Java code, j=interpreted, Vv=VM code, C=native code)
v  ~BufferBlob::jni_fast_GetLongField
C  [libX11.so.6+0x64b1d]  _XimServerDestroy+0x3d

Java frames: (J=compiled Java code, j=interpreted, Vv=VM code)
J 3605  sun.awt.X11.XlibWrapper.XFilterEvent(JJ)Z java.desktop@10.0.2 (0 bytes) @ 0x00007f2fef774484 [0x00007f2fef774440+0x0000000000000044]
J 4500% c1 sun.awt.X11.XToolkit.run(Z)V java.desktop@10.0.2 (384 bytes) @ 0x00007f2fe895548c [0x00007f2fe89522a0+0x00000000000031ec]
j  sun.awt.X11.XToolkit.run()V+5 java.desktop@10.0.2
j  java.lang.Thread.run()V+11 java.base@10.0.2
v  ~StubRoutines::call_stub

siginfo: si_signo: 11 (SIGSEGV), si_code: 1 (SEGV_MAPERR), si_addr: 0x0000000000000000

Register to memory mapping:

RAX=0x00007f3008feca80: <offset 0x0000000001274a80> in /usr/lib/jvm/java-11-openjdk-amd64/lib/server/libjvm.so at 0x00007f3007d78000
RBX=0x00007f300041ba00 is an unknown value
RCX=0x0000000000000000 is an unknown value
RDX=0x0000000000000042 is an unknown value
RSP=0x00007f2f81d8a758 is pointing into the stack for thread: 0x00007f300041b800
RBP=0x00007f2f81d8a780 is pointing into the stack for thread: 0x00007f300041b800
RSI=0x0000000000000000 is an unknown value
RDI=0x00007f300041ba00 is an unknown value
R8 =0x00007f2f8b1b39b0: <offset 0x000000000005c9b0> in /usr/lib/x86_64-linux-gnu/libX11.so.6 at 0x00007f2f8b157000
R9 =0x0000000000000000 is an unknown value
R10=0x000000000000027a is an unknown value
R11=0x0000000085d1c820 is an oop
java.util.logging.Logger$ConfigurationData 
{0x0000000085d1c820} - klass: 'java/util/logging/Logger$ConfigurationData'
R12=0x0000000000000000 is an unknown value
R13=0x0000000000000000 is an unknown value
R14=0x00007f2f8b9045c0: <offset 0x00000000002635c0> in /usr/lib/jvm/java-11-openjdk-amd64/lib/libawt_xawt.so at 0x00007f2f8b6a1000
R15=0x00007f300041b800 is a thread


Registers:
RAX=0x00007f3008feca80, RBX=0x00007f300041ba00, RCX=0x0000000000000000, RDX=0x0000000000000042
RSP=0x00007f2f81d8a758, RBP=0x00007f2f81d8a780, RSI=0x0000000000000000, RDI=0x00007f300041ba00
R8 =0x00007f2f8b1b39b0, R9 =0x0000000000000000, R10=0x000000000000027a, R11=0x0000000085d1c820
R12=0x0000000000000000, R13=0x0000000000000000, R14=0x00007f2f8b9045c0, R15=0x00007f300041b800
RIP=0x00007f2fe7b7fb1e, EFLAGS=0x0000000000010246, CSGSFS=0x002b000000000033, ERR=0x0000000000000004
  TRAPNO=0x000000000000000e

Top of Stack: (sp=0x00007f2f81d8a758)
0x00007f2f81d8a758:   00007f2f8b6d81d4 0000000085d1c7d8
0x00007f2f81d8a768:   0000000000000000 00000000857e8a08
0x00007f2f81d8a778:   00007f2f81d8a800 00007f2f68083fa0
0x00007f2f81d8a788:   00007f2f8b1bbb1d 0000000085d1c7d8 

Instructions: (pc=0x00007f2fe7b7fb1e)
0x00007f2fe7b7fafe:   00 00 44 8b 15 7d 88 4b 21 4c 8b ce 41 f6 c2 01
0x00007f2fe7b7fb0e:   0f 85 32 00 00 00 4d 33 ca 4d 33 ca 49 83 e1 fe
0x00007f2fe7b7fb1e:   4d 8b 09 4c 8b da 49 c1 eb 02 4b 8b 04 19 49 bb
0x00007f2fe7b7fb2e:   84 83 03 09 30 7f 00 00 4c 33 d8 4c 33 d8 45 3b 



---------------  P R O C E S S  ---------------

Threads class SMR info:
_java_thread_list=0x00007f2f6802df40, length=15, elements={
0x00007f3000132000, 0x00007f3000134000, 0x00007f3000146800, 0x00007f3000148800,
0x00007f300014a800, 0x00007f300014c800, 0x00007f300014e800, 0x00007f30001d3000,
0x00007f30001e1800, 0x00007f30003ee000, 0x00007f300041b800, 0x00007f3000012000,
0x00007f2f680b0000, 0x00007f2f683f5800, 0x00007f2f684cb000
}

Java Threads: ( => current thread )
  0x00007f3000132000 JavaThread "Reference Handler" daemon [_thread_blocked, id=8577, stack(0x00007f2fe527a000,0x00007f2fe537b000)]
  0x00007f3000134000 JavaThread "Finalizer" daemon [_thread_blocked, id=8578, stack(0x00007f2fe5179000,0x00007f2fe527a000)]
  0x00007f3000146800 JavaThread "Signal Dispatcher" daemon [_thread_in_vm, id=8579, stack(0x00007f2fe46a9000,0x00007f2fe47aa000)]
  0x00007f3000148800 JavaThread "C2 CompilerThread0" daemon [_thread_blocked, id=8580, stack(0x00007f2fe45a8000,0x00007f2fe46a9000)]
  0x00007f300014a800 JavaThread "C2 CompilerThread1" daemon [_thread_blocked, id=8581, stack(0x00007f2fe44a7000,0x00007f2fe45a8000)]
  0x00007f300014c800 JavaThread "C1 CompilerThread2" daemon [_thread_blocked, id=8582, stack(0x00007f2fe43a6000,0x00007f2fe44a7000)]
  0x00007f300014e800 JavaThread "Sweeper thread" daemon [_thread_blocked, id=8583, stack(0x00007f2fe42a5000,0x00007f2fe43a6000)]
  0x00007f30001d3000 JavaThread "Service Thread" daemon [_thread_blocked, id=8584, stack(0x00007f2fe41a4000,0x00007f2fe42a5000)]
  0x00007f30001e1800 JavaThread "Common-Cleaner" daemon [_thread_blocked, id=8586, stack(0x00007f2fd4057000,0x00007f2fd4158000)]
  0x00007f30003ee000 JavaThread "Java2D Disposer" daemon [_thread_blocked, id=8591, stack(0x00007f2f88048000,0x00007f2f88149000)]
=>0x00007f300041b800 JavaThread "AWT-XAWT" daemon [_thread_in_native, id=8592, stack(0x00007f2f81c8b000,0x00007f2f81d8c000)]
  0x00007f3000012000 JavaThread "DestroyJavaVM" [_thread_blocked, id=8564, stack(0x00007f3009da4000,0x00007f3009ea5000)]
  0x00007f2f680b0000 JavaThread "TimerQueue" daemon [_thread_blocked, id=8599, stack(0x00007f2f81388000,0x00007f2f81489000)]
  0x00007f2f683f5800 JavaThread "Abandoned connection cleanup thread" daemon [_thread_blocked, id=8600, stack(0x00007f2f80887000,0x00007f2f80988000)]
  0x00007f2f684cb000 JavaThread "pool-1-thread-1" [_thread_blocked, id=8602, stack(0x00007f2f63eff000,0x00007f2f64000000)]

Other Threads:
  0x00007f3000128000 VMThread "VM Thread" [stack: 0x00007f2fe537d000,0x00007f2fe547d000] [id=8576]
  0x00007f30001d5800 WatcherThread [stack: 0x00007f2fe40a4000,0x00007f2fe41a4000] [id=8585]
  0x00007f3000028800 GCTaskThread "GC Thread#0" [stack: 0x00007f3005ece000,0x00007f3005fce000] [id=8565]
  0x00007f300002a000 GCTaskThread "GC Thread#1" [stack: 0x00007f3005dcc000,0x00007f3005ecc000] [id=8566]
  0x00007f300002b800 GCTaskThread "GC Thread#2" [stack: 0x00007f3005cca000,0x00007f3005dca000] [id=8567]
  0x00007f300002d800 GCTaskThread "GC Thread#3" [stack: 0x00007f3005bc8000,0x00007f3005cc8000] [id=8568]
  0x00007f3000056800 ConcurrentGCThread "G1 Main Marker" [stack: 0x00007f3004b43000,0x00007f3004c43000] [id=8569]
  0x00007f3000058800 ConcurrentGCThread "G1 Conc#0" [stack: 0x00007f3004a41000,0x00007f3004b41000] [id=8570]
  0x00007f30000c0000 ConcurrentGCThread "G1 Refine#0" [stack: 0x00007f300453b000,0x00007f300463b000] [id=8571]
  0x00007f30000c2000 ConcurrentGCThread "G1 Refine#1" [stack: 0x00007f3004439000,0x00007f3004539000] [id=8572]
  0x00007f30000c3800 ConcurrentGCThread "G1 Refine#2" [stack: 0x00007f3004337000,0x00007f3004437000] [id=8573]
  0x00007f30000c5800 ConcurrentGCThread "G1 Refine#3" [stack: 0x00007f3004235000,0x00007f3004335000] [id=8574]
  0x00007f30000c7000 ConcurrentGCThread "G1 Young RemSet Sampling" [stack: 0x00007f3004133000,0x00007f3004233000] [id=8575]

Threads with active compile tasks:

VM state:not at safepoint (normal execution)

VM Mutex/Monitor currently owned by a thread:  ([mutex/lock_event])
[0x00007f300000e4d0] Threads_lock - owner thread: 0x00007f3000146800

Heap address: 0x0000000085600000, size: 1962 MB, Compressed Oops mode: 32-bit
Narrow klass base: 0x0000000000000000, Narrow klass shift: 3
Compressed class space size: 1073741824 Address: 0x0000000100000000

Heap:
 garbage-first heap   total 126976K, used 25079K [0x0000000085600000, 0x0000000100000000)
  region size 1024K, 16 young (16384K), 3 survivors (3072K)
 Metaspace       used 48774K, capacity 49563K, committed 50176K, reserved 1093632K
  class space    used 5703K, capacity 6075K, committed 6144K, reserved 1048576K
Heap Regions: E=young(eden), S=young(survivor), O=old, HS=humongous(starts), HC=humongous(continues), CS=collection set, F=free, A=archive, TS=gc time stamp, AC=allocation context, TAMS=top-at-mark-start (previous, next)
|   0|0x0000000085600000, 0x0000000085700000, 0x0000000085700000|100%|HS|  |TS  0|AC  0|TAMS 0x0000000085700000, 0x0000000085700000|
|   1|0x0000000085700000, 0x0000000085800000, 0x0000000085800000|100%| O|  |TS  0|AC  0|TAMS 0x0000000085800000, 0x0000000085800000|
|   2|0x0000000085800000, 0x0000000085900000, 0x0000000085900000|100%| O|  |TS  0|AC  0|TAMS 0x0000000085900000, 0x0000000085900000|
|   3|0x0000000085900000, 0x0000000085a00000, 0x0000000085a00000|100%| O|  |TS  0|AC  0|TAMS 0x0000000085a00000, 0x0000000085a00000|
|   4|0x0000000085a00000, 0x0000000085b00000, 0x0000000085b00000|100%| O|  |TS  1|AC  0|TAMS 0x0000000085a5fc00, 0x0000000085a5fc00|
|   5|0x0000000085b00000, 0x0000000085c00000, 0x0000000085c00000|100%| O|  |TS  1|AC  0|TAMS 0x0000000085b00000, 0x0000000085b00000|
|   6|0x0000000085c00000, 0x0000000085d00000, 0x0000000085d00000|100%| O|  |TS  1|AC  0|TAMS 0x0000000085c00000, 0x0000000085c00000|
|   7|0x0000000085d00000, 0x0000000085e00000, 0x0000000085e00000|100%| O|  |TS  1|AC  0|TAMS 0x0000000085d00000, 0x0000000085d00000|
|   8|0x0000000085e00000, 0x0000000085f00000, 0x0000000085f00000|100%| O|  |TS  1|AC  0|TAMS 0x0000000085e00000, 0x0000000085e00000|
|   9|0x0000000085f00000, 0x0000000085f84000, 0x0000000086000000| 51%| O|  |TS  1|AC  0|TAMS 0x0000000085f00000, 0x0000000085f00000|
|  10|0x0000000086000000, 0x0000000086000000, 0x0000000086100000|  0%| F|  |TS  0|AC  0|TAMS 0x0000000086000000, 0x0000000086000000|
|  11|0x0000000086100000, 0x0000000086100000, 0x0000000086200000|  0%| F|  |TS  0|AC  0|TAMS 0x0000000086100000, 0x0000000086100000|
|  12|0x0000000086200000, 0x0000000086200000, 0x0000000086300000|  0%| F|  |TS  0|AC  0|TAMS 0x0000000086200000, 0x0000000086200000|
|  13|0x0000000086300000, 0x0000000086300000, 0x0000000086400000|  0%| F|  |TS  0|AC  0|TAMS 0x0000000086300000, 0x0000000086300000|
|  14|0x0000000086400000, 0x0000000086400000, 0x0000000086500000|  0%| F|  |TS  0|AC  0|TAMS 0x0000000086400000, 0x0000000086400000|
|  15|0x0000000086500000, 0x0000000086500000, 0x0000000086600000|  0%| F|  |TS  0|AC  0|TAMS 0x0000000086500000, 0x0000000086500000|
|  16|0x0000000086600000, 0x0000000086600000, 0x0000000086700000|  0%| F|  |TS  0|AC  0|TAMS 0x0000000086600000, 0x0000000086600000|
|  17|0x0000000086700000, 0x0000000086700000, 0x0000000086800000|  0%| F|  |TS  0|AC  0|TAMS 0x0000000086700000, 0x0000000086700000|
|  18|0x0000000086800000, 0x0000000086800000, 0x0000000086900000|  0%| F|  |TS  0|AC  0|TAMS 0x0000000086800000, 0x0000000086800000|
|  19|0x0000000086900000, 0x0000000086900000, 0x0000000086a00000|  0%| F|  |TS  0|AC  0|TAMS 0x0000000086900000, 0x0000000086900000|
|  20|0x0000000086a00000, 0x0000000086a00000, 0x0000000086b00000|  0%| F|  |TS  0|AC  0|TAMS 0x0000000086a00000, 0x0000000086a00000|
|  21|0x0000000086b00000, 0x0000000086b00000, 0x0000000086c00000|  0%| F|  |TS  0|AC  0|TAMS 0x0000000086b00000, 0x0000000086b00000|
|  22|0x0000000086c00000, 0x0000000086c00000, 0x0000000086d00000|  0%| F|  |TS  0|AC  0|TAMS 0x0000000086c00000, 0x0000000086c00000|
|  23|0x0000000086d00000, 0x0000000086d00000, 0x0000000086e00000|  0%| F|  |TS  0|AC  0|TAMS 0x0000000086d00000, 0x0000000086d00000|
|  24|0x0000000086e00000, 0x0000000086e00000, 0x0000000086f00000|  0%| F|  |TS  0|AC  0|TAMS 0x0000000086e00000, 0x0000000086e00000|
|  25|0x0000000086f00000, 0x0000000086f00000, 0x0000000087000000|  0%| F|  |TS  0|AC  0|TAMS 0x0000000086f00000, 0x0000000086f00000|
|  26|0x0000000087000000, 0x0000000087000000, 0x0000000087100000|  0%| F|  |TS  0|AC  0|TAMS 0x0000000087000000, 0x0000000087000000|
|  27|0x0000000087100000, 0x0000000087100000, 0x0000000087200000|  0%| F|  |TS  0|AC  0|TAMS 0x0000000087100000, 0x0000000087100000|
|  28|0x0000000087200000, 0x0000000087200000, 0x0000000087300000|  0%| F|  |TS  0|AC  0|TAMS 0x0000000087200000, 0x0000000087200000|
|  29|0x0000000087300000, 0x0000000087300000, 0x0000000087400000|  0%| F|  |TS  0|AC  0|TAMS 0x0000000087300000, 0x0000000087300000|
|  30|0x0000000087400000, 0x0000000087400000, 0x0000000087500000|  0%| F|  |TS  0|AC  0|TAMS 0x0000000087400000, 0x0000000087400000|
|  31|0x0000000087500000, 0x0000000087500000, 0x0000000087600000|  0%| F|  |TS  0|AC  0|TAMS 0x0000000087500000, 0x0000000087500000|
|  32|0x0000000087600000, 0x0000000087600000, 0x0000000087700000|  0%| F|  |TS  0|AC  0|TAMS 0x0000000087600000, 0x0000000087600000|
|  33|0x0000000087700000, 0x0000000087700000, 0x0000000087800000|  0%| F|  |TS  0|AC  0|TAMS 0x0000000087700000, 0x0000000087700000|
|  34|0x0000000087800000, 0x0000000087800000, 0x0000000087900000|  0%| F|  |TS  0|AC  0|TAMS 0x0000000087800000, 0x0000000087800000|
|  35|0x0000000087900000, 0x0000000087900000, 0x0000000087a00000|  0%| F|  |TS  0|AC  0|TAMS 0x0000000087900000, 0x0000000087900000|
|  36|0x0000000087a00000, 0x0000000087a00000, 0x0000000087b00000|  0%| F|  |TS  0|AC  0|TAMS 0x0000000087a00000, 0x0000000087a00000|
|  37|0x0000000087b00000, 0x0000000087b00000, 0x0000000087c00000|  0%| F|  |TS  0|AC  0|TAMS 0x0000000087b00000, 0x0000000087b00000|
|  38|0x0000000087c00000, 0x0000000087c00000, 0x0000000087d00000|  0%| F|  |TS  0|AC  0|TAMS 0x0000000087c00000, 0x0000000087c00000|
|  39|0x0000000087d00000, 0x0000000087d00000, 0x0000000087e00000|  0%| F|  |TS  0|AC  0|TAMS 0x0000000087d00000, 0x0000000087d00000|
|  40|0x0000000087e00000, 0x0000000087e00000, 0x0000000087f00000|  0%| F|  |TS  0|AC  0|TAMS 0x0000000087e00000, 0x0000000087e00000|
|  41|0x0000000087f00000, 0x0000000087f00000, 0x0000000088000000|  0%| F|  |TS  0|AC  0|TAMS 0x0000000087f00000, 0x0000000087f00000|
|  42|0x0000000088000000, 0x0000000088000000, 0x0000000088100000|  0%| F|  |TS  0|AC  0|TAMS 0x0000000088000000, 0x0000000088000000|
|  43|0x0000000088100000, 0x0000000088100000, 0x0000000088200000|  0%| F|  |TS  0|AC  0|TAMS 0x0000000088100000, 0x0000000088100000|
|  44|0x0000000088200000, 0x0000000088200000, 0x0000000088300000|  0%| F|  |TS  0|AC  0|TAMS 0x0000000088200000, 0x0000000088200000|
|  45|0x0000000088300000, 0x0000000088300000, 0x0000000088400000|  0%| F|  |TS  0|AC  0|TAMS 0x0000000088300000, 0x0000000088300000|
|  46|0x0000000088400000, 0x0000000088400000, 0x0000000088500000|  0%| F|  |TS  0|AC  0|TAMS 0x0000000088400000, 0x0000000088400000|
|  47|0x0000000088500000, 0x0000000088500000, 0x0000000088600000|  0%| F|  |TS  0|AC  0|TAMS 0x0000000088500000, 0x0000000088500000|
|  48|0x0000000088600000, 0x0000000088600000, 0x0000000088700000|  0%| F|  |TS  0|AC  0|TAMS 0x0000000088600000, 0x0000000088600000|
|  49|0x0000000088700000, 0x0000000088700000, 0x0000000088800000|  0%| F|  |TS  0|AC  0|TAMS 0x0000000088700000, 0x0000000088700000|
|  50|0x0000000088800000, 0x0000000088800000, 0x0000000088900000|  0%| F|  |TS  0|AC  0|TAMS 0x0000000088800000, 0x0000000088800000|
|  51|0x0000000088900000, 0x0000000088900000, 0x0000000088a00000|  0%| F|  |TS  0|AC  0|TAMS 0x0000000088900000, 0x0000000088900000|
|  52|0x0000000088a00000, 0x0000000088a00000, 0x0000000088b00000|  0%| F|  |TS  0|AC  0|TAMS 0x0000000088a00000, 0x0000000088a00000|
|  53|0x0000000088b00000, 0x0000000088b00000, 0x0000000088c00000|  0%| F|  |TS  0|AC  0|TAMS 0x0000000088b00000, 0x0000000088b00000|
|  54|0x0000000088c00000, 0x0000000088c00000, 0x0000000088d00000|  0%| F|  |TS  0|AC  0|TAMS 0x0000000088c00000, 0x0000000088c00000|
|  55|0x0000000088d00000, 0x0000000088d00000, 0x0000000088e00000|  0%| F|  |TS  0|AC  0|TAMS 0x0000000088d00000, 0x0000000088d00000|
|  56|0x0000000088e00000, 0x0000000088e00000, 0x0000000088f00000|  0%| F|  |TS  0|AC  0|TAMS 0x0000000088e00000, 0x0000000088e00000|
|  57|0x0000000088f00000, 0x0000000088f00000, 0x0000000089000000|  0%| F|  |TS  0|AC  0|TAMS 0x0000000088f00000, 0x0000000088f00000|
|  58|0x0000000089000000, 0x0000000089000000, 0x0000000089100000|  0%| F|  |TS  0|AC  0|TAMS 0x0000000089000000, 0x0000000089000000|
|  59|0x0000000089100000, 0x0000000089100000, 0x0000000089200000|  0%| F|  |TS  0|AC  0|TAMS 0x0000000089100000, 0x0000000089100000|
|  60|0x0000000089200000, 0x0000000089200000, 0x0000000089300000|  0%| F|  |TS  0|AC  0|TAMS 0x0000000089200000, 0x0000000089200000|
|  61|0x0000000089300000, 0x0000000089300000, 0x0000000089400000|  0%| F|  |TS  0|AC  0|TAMS 0x0000000089300000, 0x0000000089300000|
|  62|0x0000000089400000, 0x0000000089400000, 0x0000000089500000|  0%| F|  |TS  0|AC  0|TAMS 0x0000000089400000, 0x0000000089400000|
|  63|0x0000000089500000, 0x0000000089500000, 0x0000000089600000|  0%| F|  |TS  0|AC  0|TAMS 0x0000000089500000, 0x0000000089500000|
|  64|0x0000000089600000, 0x0000000089600000, 0x0000000089700000|  0%| F|  |TS  0|AC  0|TAMS 0x0000000089600000, 0x0000000089600000|
|  65|0x0000000089700000, 0x0000000089700000, 0x0000000089800000|  0%| F|  |TS  0|AC  0|TAMS 0x0000000089700000, 0x0000000089700000|
|  66|0x0000000089800000, 0x00000000898f9dd0, 0x0000000089900000| 97%| S|CS|TS  1|AC  0|TAMS 0x0000000089800000, 0x0000000089800000|
|  67|0x0000000089900000, 0x0000000089a00000, 0x0000000089a00000|100%| S|CS|TS  1|AC  0|TAMS 0x0000000089900000, 0x0000000089900000|
|  68|0x0000000089a00000, 0x0000000089b00000, 0x0000000089b00000|100%| S|CS|TS  1|AC  0|TAMS 0x0000000089a00000, 0x0000000089a00000|
|  69|0x0000000089b00000, 0x0000000089b00000, 0x0000000089c00000|  0%| F|  |TS  1|AC  0|TAMS 0x0000000089b00000, 0x0000000089b00000|
|  70|0x0000000089c00000, 0x0000000089c00000, 0x0000000089d00000|  0%| F|  |TS  1|AC  0|TAMS 0x0000000089c00000, 0x0000000089c00000|
|  71|0x0000000089d00000, 0x0000000089d00000, 0x0000000089e00000|  0%| F|  |TS  1|AC  0|TAMS 0x0000000089d00000, 0x0000000089d00000|
|  72|0x0000000089e00000, 0x0000000089e00000, 0x0000000089f00000|  0%| F|  |TS  1|AC  0|TAMS 0x0000000089e00000, 0x0000000089e00000|
|  73|0x0000000089f00000, 0x0000000089f00000, 0x000000008a000000|  0%| F|  |TS  1|AC  0|TAMS 0x0000000089f00000, 0x0000000089f00000|
|  74|0x000000008a000000, 0x000000008a000000, 0x000000008a100000|  0%| F|  |TS  1|AC  0|TAMS 0x000000008a000000, 0x000000008a000000|
|  75|0x000000008a100000, 0x000000008a100000, 0x000000008a200000|  0%| F|  |TS  1|AC  0|TAMS 0x000000008a100000, 0x000000008a100000|
|  76|0x000000008a200000, 0x000000008a200000, 0x000000008a300000|  0%| F|  |TS  1|AC  0|TAMS 0x000000008a200000, 0x000000008a200000|
|  77|0x000000008a300000, 0x000000008a300000, 0x000000008a400000|  0%| F|  |TS  1|AC  0|TAMS 0x000000008a300000, 0x000000008a300000|
|  78|0x000000008a400000, 0x000000008a400000, 0x000000008a500000|  0%| F|  |TS  1|AC  0|TAMS 0x000000008a400000, 0x000000008a400000|
|  79|0x000000008a500000, 0x000000008a500000, 0x000000008a600000|  0%| F|  |TS  1|AC  0|TAMS 0x000000008a500000, 0x000000008a500000|
|  80|0x000000008a600000, 0x000000008a600000, 0x000000008a700000|  0%| F|  |TS  1|AC  0|TAMS 0x000000008a600000, 0x000000008a600000|
|  81|0x000000008a700000, 0x000000008a700000, 0x000000008a800000|  0%| F|  |TS  1|AC  0|TAMS 0x000000008a700000, 0x000000008a700000|
|  82|0x000000008a800000, 0x000000008a800000, 0x000000008a900000|  0%| F|  |TS  1|AC  0|TAMS 0x000000008a800000, 0x000000008a800000|
|  83|0x000000008a900000, 0x000000008a900000, 0x000000008aa00000|  0%| F|  |TS  1|AC  0|TAMS 0x000000008a900000, 0x000000008a900000|
|  84|0x000000008aa00000, 0x000000008aa00000, 0x000000008ab00000|  0%| F|  |TS  1|AC  0|TAMS 0x000000008aa00000, 0x000000008aa00000|
|  85|0x000000008ab00000, 0x000000008ab00000, 0x000000008ac00000|  0%| F|  |TS  1|AC  0|TAMS 0x000000008ab00000, 0x000000008ab00000|
|  86|0x000000008ac00000, 0x000000008ac00000, 0x000000008ad00000|  0%| F|  |TS  1|AC  0|TAMS 0x000000008ac00000, 0x000000008ac00000|
|  87|0x000000008ad00000, 0x000000008ad00000, 0x000000008ae00000|  0%| F|  |TS  1|AC  0|TAMS 0x000000008ad00000, 0x000000008ad00000|
|  88|0x000000008ae00000, 0x000000008ae00000, 0x000000008af00000|  0%| F|  |TS  1|AC  0|TAMS 0x000000008ae00000, 0x000000008ae00000|
|  89|0x000000008af00000, 0x000000008af00000, 0x000000008b000000|  0%| F|  |TS  1|AC  0|TAMS 0x000000008af00000, 0x000000008af00000|
|  90|0x000000008b000000, 0x000000008b000000, 0x000000008b100000|  0%| F|  |TS  1|AC  0|TAMS 0x000000008b000000, 0x000000008b000000|
|  91|0x000000008b100000, 0x000000008b100000, 0x000000008b200000|  0%| F|  |TS  1|AC  0|TAMS 0x000000008b100000, 0x000000008b100000|
|  92|0x000000008b200000, 0x000000008b200000, 0x000000008b300000|  0%| F|  |TS  1|AC  0|TAMS 0x000000008b200000, 0x000000008b200000|
|  93|0x000000008b300000, 0x000000008b300000, 0x000000008b400000|  0%| F|  |TS  1|AC  0|TAMS 0x000000008b300000, 0x000000008b300000|
|  94|0x000000008b400000, 0x000000008b400000, 0x000000008b500000|  0%| F|  |TS  1|AC  0|TAMS 0x000000008b400000, 0x000000008b400000|
|  95|0x000000008b500000, 0x000000008b500000, 0x000000008b600000|  0%| F|  |TS  1|AC  0|TAMS 0x000000008b500000, 0x000000008b500000|
|  96|0x000000008b600000, 0x000000008b600000, 0x000000008b700000|  0%| F|  |TS  1|AC  0|TAMS 0x000000008b600000, 0x000000008b600000|
|  97|0x000000008b700000, 0x000000008b700000, 0x000000008b800000|  0%| F|  |TS  1|AC  0|TAMS 0x000000008b700000, 0x000000008b700000|
|  98|0x000000008b800000, 0x000000008b800000, 0x000000008b900000|  0%| F|  |TS  1|AC  0|TAMS 0x000000008b800000, 0x000000008b800000|
|  99|0x000000008b900000, 0x000000008b900000, 0x000000008ba00000|  0%| F|  |TS  1|AC  0|TAMS 0x000000008b900000, 0x000000008b900000|
| 100|0x000000008ba00000, 0x000000008ba00000, 0x000000008bb00000|  0%| F|  |TS  1|AC  0|TAMS 0x000000008ba00000, 0x000000008ba00000|
| 101|0x000000008bb00000, 0x000000008bb00000, 0x000000008bc00000|  0%| F|  |TS  1|AC  0|TAMS 0x000000008bb00000, 0x000000008bb00000|
| 102|0x000000008bc00000, 0x000000008bc00000, 0x000000008bd00000|  0%| F|  |TS  1|AC  0|TAMS 0x000000008bc00000, 0x000000008bc00000|
| 103|0x000000008bd00000, 0x000000008bd00000, 0x000000008be00000|  0%| F|  |TS  1|AC  0|TAMS 0x000000008bd00000, 0x000000008bd00000|
| 104|0x000000008be00000, 0x000000008be00000, 0x000000008bf00000|  0%| F|  |TS  1|AC  0|TAMS 0x000000008be00000, 0x000000008be00000|
| 105|0x000000008bf00000, 0x000000008bf00000, 0x000000008c000000|  0%| F|  |TS  1|AC  0|TAMS 0x000000008bf00000, 0x000000008bf00000|
| 106|0x000000008c000000, 0x000000008c000000, 0x000000008c100000|  0%| F|  |TS  1|AC  0|TAMS 0x000000008c000000, 0x000000008c000000|
| 107|0x000000008c100000, 0x000000008c100000, 0x000000008c200000|  0%| F|  |TS  1|AC  0|TAMS 0x000000008c100000, 0x000000008c100000|
| 108|0x000000008c200000, 0x000000008c200000, 0x000000008c300000|  0%| F|  |TS  1|AC  0|TAMS 0x000000008c200000, 0x000000008c200000|
| 109|0x000000008c300000, 0x000000008c300000, 0x000000008c400000|  0%| F|  |TS  1|AC  0|TAMS 0x000000008c300000, 0x000000008c300000|
| 110|0x000000008c400000, 0x000000008c400000, 0x000000008c500000|  0%| F|  |TS  1|AC  0|TAMS 0x000000008c400000, 0x000000008c400000|
| 111|0x000000008c500000, 0x000000008c600000, 0x000000008c600000|100%| E|  |TS  1|AC  0|TAMS 0x000000008c500000, 0x000000008c500000|
| 112|0x000000008c600000, 0x000000008c700000, 0x000000008c700000|100%| E|CS|TS  1|AC  0|TAMS 0x000000008c600000, 0x000000008c600000|
| 113|0x000000008c700000, 0x000000008c800000, 0x000000008c800000|100%| E|CS|TS  1|AC  0|TAMS 0x000000008c700000, 0x000000008c700000|
| 114|0x000000008c800000, 0x000000008c900000, 0x000000008c900000|100%| E|CS|TS  1|AC  0|TAMS 0x000000008c800000, 0x000000008c800000|
| 115|0x000000008c900000, 0x000000008ca00000, 0x000000008ca00000|100%| E|CS|TS  1|AC  0|TAMS 0x000000008c900000, 0x000000008c900000|
| 116|0x000000008ca00000, 0x000000008cb00000, 0x000000008cb00000|100%| E|CS|TS  1|AC  0|TAMS 0x000000008ca00000, 0x000000008ca00000|
| 117|0x000000008cb00000, 0x000000008cc00000, 0x000000008cc00000|100%| E|CS|TS  1|AC  0|TAMS 0x000000008cb00000, 0x000000008cb00000|
| 118|0x000000008cc00000, 0x000000008cd00000, 0x000000008cd00000|100%| E|CS|TS  1|AC  0|TAMS 0x000000008cc00000, 0x000000008cc00000|
| 119|0x000000008cd00000, 0x000000008ce00000, 0x000000008ce00000|100%| E|CS|TS  1|AC  0|TAMS 0x000000008cd00000, 0x000000008cd00000|
| 120|0x000000008ce00000, 0x000000008cf00000, 0x000000008cf00000|100%| E|CS|TS  1|AC  0|TAMS 0x000000008ce00000, 0x000000008ce00000|
| 121|0x000000008cf00000, 0x000000008d000000, 0x000000008d000000|100%| E|CS|TS  1|AC  0|TAMS 0x000000008cf00000, 0x000000008cf00000|
| 122|0x000000008d000000, 0x000000008d100000, 0x000000008d100000|100%| E|CS|TS  1|AC  0|TAMS 0x000000008d000000, 0x000000008d000000|
| 123|0x000000008d100000, 0x000000008d200000, 0x000000008d200000|100%| E|CS|TS  1|AC  0|TAMS 0x000000008d100000, 0x000000008d100000|

Card table byte_map: [0x00007f3005018000,0x00007f30053ed000] byte_map_base: 0x00007f3004bed000

Marking Bits (Prev, Next): (CMBitMap*) 0x00007f3000055be0, (CMBitMap*) 0x00007f3000055c18
 Prev Bits: [0x00007f2fe5c7d000, 0x00007f2fe7b25000)
 Next Bits: [0x00007f2fd6158000, 0x00007f2fd8000000)

Polling page: 0x00007f3009ebe000

CodeHeap 'non-profiled nmethods': size=120032Kb used=2019Kb max_used=2019Kb free=118012Kb
 bounds [0x00007f2fef5ed000, 0x00007f2fef85d000, 0x00007f2ff6b25000]
CodeHeap 'profiled nmethods': size=120032Kb used=8934Kb max_used=8934Kb free=111097Kb
 bounds [0x00007f2fe80b5000, 0x00007f2fe8975000, 0x00007f2fef5ed000]
CodeHeap 'non-nmethods': size=5696Kb used=1345Kb max_used=1379Kb free=4350Kb
 bounds [0x00007f2fe7b25000, 0x00007f2fe7d95000, 0x00007f2fe80b5000]
 total_blobs=6231 nmethods=4500 adapters=724
 compilation: enabled

Compilation events (10 events):
Event: 20769,124 Thread 0x00007f3000148800 4498   !   4       sun.awt.X11.XToolkit$1::dispatchEvent (34 bytes)
Event: 20769,197 Thread 0x00007f3000148800 nmethod 4498 0x00007f2fef7e4e10 code [0x00007f2fef7e4fe0, 0x00007f2fef7e5228]
Event: 20774,037 Thread 0x00007f300014a800 4499       4       sun.awt.X11.XMSelection$1::dispatchEvent (10 bytes)
Event: 20774,057 Thread 0x00007f300014a800 nmethod 4499 0x00007f2fef7e5610 code [0x00007f2fef7e57e0, 0x00007f2fef7e5a78]
Event: 21347,300 Thread 0x00007f300014c800 4500 % !   3       sun.awt.X11.XToolkit::run @ 59 (384 bytes)
Event: 21347,441 Thread 0x00007f300014c800 nmethod 4500% 0x00007f2fe8951890 code [0x00007f2fe89522a0, 0x00007f2fe8958fe8]
Event: 21673,636 Thread 0x00007f300014c800 4501 % !   3       sun.awt.X11.XToolkit::run @ 8 (384 bytes)
Event: 21673,650 Thread 0x00007f300014c800 nmethod 4501% 0x00007f2fe895c190 code [0x00007f2fe895cb80, 0x00007f2fe89627e8]
Event: 22084,820 Thread 0x00007f300014c800 4502   !   3       sun.awt.X11.XToolkit::run (384 bytes)
Event: 22084,852 Thread 0x00007f300014c800 nmethod 4502 0x00007f2fe8965810 code [0x00007f2fe8966200, 0x00007f2fe896bb88]

GC Heap History (10 events):
Event: 0,973 GC heap before
{Heap before GC invocations=1 (full 0):
 garbage-first heap   total 126976K, used 8493K [0x0000000085600000, 0x0000000100000000)
  region size 1024K, 6 young (6144K), 2 survivors (2048K)
 Metaspace       used 17601K, capacity 18155K, committed 18432K, reserved 1064960K
  class space    used 1931K, capacity 2188K, committed 2304K, reserved 1048576K
}
Event: 0,980 GC heap after
{Heap after GC invocations=2 (full 0):
 garbage-first heap   total 126976K, used 5251K [0x0000000085600000, 0x0000000100000000)
  region size 1024K, 1 young (1024K), 1 survivors (1024K)
 Metaspace       used 17601K, capacity 18155K, committed 18432K, reserved 1064960K
  class space    used 1931K, capacity 2188K, committed 2304K, reserved 1048576K
}
Event: 1,759 GC heap before
{Heap before GC invocations=2 (full 0):
 garbage-first heap   total 126976K, used 26755K [0x0000000085600000, 0x0000000100000000)
  region size 1024K, 22 young (22528K), 1 survivors (1024K)
 Metaspace       used 18279K, capacity 18769K, committed 18944K, reserved 1067008K
  class space    used 1985K, capacity 2221K, committed 2304K, reserved 1048576K
}
Event: 1,766 GC heap after
{Heap after GC invocations=3 (full 0):
 garbage-first heap   total 126976K, used 5790K [0x0000000085600000, 0x0000000100000000)
  region size 1024K, 2 young (2048K), 2 survivors (2048K)
 Metaspace       used 18279K, capacity 18769K, committed 18944K, reserved 1067008K
  class space    used 1985K, capacity 2221K, committed 2304K, reserved 1048576K
}
Event: 3,808 GC heap before
{Heap before GC invocations=3 (full 0):
 garbage-first heap   total 126976K, used 26270K [0x0000000085600000, 0x0000000100000000)
  region size 1024K, 23 young (23552K), 2 survivors (2048K)
 Metaspace       used 20667K, capacity 21183K, committed 21248K, reserved 1069056K
  class space    used 2279K, capacity 2556K, committed 2560K, reserved 1048576K
}
Event: 3,811 GC heap after
{Heap after GC invocations=4 (full 0):
 garbage-first heap   total 126976K, used 6243K [0x0000000085600000, 0x0000000100000000)
  region size 1024K, 2 young (2048K), 2 survivors (2048K)
 Metaspace       used 20667K, capacity 21183K, committed 21248K, reserved 1069056K
  class space    used 2279K, capacity 2556K, committed 2560K, reserved 1048576K
}
Event: 4,591 GC heap before
{Heap before GC invocations=5 (full 0):
 garbage-first heap   total 126976K, used 41059K [0x0000000085600000, 0x0000000100000000)
  region size 1024K, 37 young (37888K), 2 survivors (2048K)
 Metaspace       used 34828K, capacity 35525K, committed 35840K, reserved 1081344K
  class space    used 4076K, capacity 4393K, committed 4480K, reserved 1048576K
}
Event: 4,597 GC heap after
{Heap after GC invocations=6 (full 0):
 garbage-first heap   total 126976K, used 10005K [0x0000000085600000, 0x0000000100000000)
  region size 1024K, 6 young (6144K), 6 survivors (6144K)
 Metaspace       used 34828K, capacity 35525K, committed 35840K, reserved 1081344K
  class space    used 4076K, capacity 4393K, committed 4480K, reserved 1048576K
}
Event: 5,742 GC heap before
{Heap before GC invocations=7 (full 0):
 garbage-first heap   total 126976K, used 60181K [0x0000000085600000, 0x0000000100000000)
  region size 1024K, 55 young (56320K), 6 survivors (6144K)
 Metaspace       used 46571K, capacity 47340K, committed 47872K, reserved 1091584K
  class space    used 5544K, capacity 5883K, committed 5888K, reserved 1048576K
}
Event: 5,752 GC heap after
{Heap after GC invocations=8 (full 0):
 garbage-first heap   total 126976K, used 12791K [0x0000000085600000, 0x0000000100000000)
  region size 1024K, 3 young (3072K), 3 survivors (3072K)
 Metaspace       used 46571K, capacity 47340K, committed 47872K, reserved 1091584K
  class space    used 5544K, capacity 5883K, committed 5888K, reserved 1048576K
}

Deoptimization events (10 events):
Event: 4,821 Thread 0x00007f3000497000 Uncommon trap: reason=predicate action=maybe_recompile pc=0x00007f2fef6e7b5c method=java.util.TreeMap.getEntry(Ljava/lang/Object;)Ljava/util/TreeMap$Entry; @ 39 c2
Event: 5,508 Thread 0x00007f3000497000 Uncommon trap: reason=unstable_if action=reinterpret pc=0x00007f2fef6d74a4 method=java.lang.StringLatin1.regionMatchesCI([BI[BII)Z @ 66 c2
Event: 5,520 Thread 0x00007f3000497000 Uncommon trap: reason=unstable_if action=reinterpret pc=0x00007f2fef71bce0 method=java.lang.StringLatin1.regionMatchesCI([BI[BII)Z @ 66 c2
Event: 5,700 Thread 0x00007f3000497000 Uncommon trap: reason=unstable_if action=reinterpret pc=0x00007f2fef6f48c0 method=java.util.StringTokenizer.scanToken(I)I @ 96 c2
Event: 5,721 Thread 0x00007f3000497000 Uncommon trap: reason=unstable_if action=reinterpret pc=0x00007f2fef656960 method=java.lang.CharacterData.of(I)Ljava/lang/CharacterData; @ 4 c2
Event: 7,530 Thread 0x00007f3000497000 Uncommon trap: reason=unstable_if action=reinterpret pc=0x00007f2fef77abf0 method=java.util.concurrent.locks.ReentrantLock$Sync.nonfairTryAcquire(I)Z @ 19 c2
Event: 16,197 Thread 0x00007f3000497000 Uncommon trap: reason=unstable_if action=reinterpret pc=0x00007f2fef6f549c method=java.lang.CharacterDataLatin1.isWhitespace(I)Z @ 14 c2
Event: 16,966 Thread 0x00007f3000497000 Uncommon trap: reason=unstable_if action=reinterpret pc=0x00007f2fef6312d4 method=java.lang.StringLatin1.canEncode(I)Z @ 4 c2
Event: 16,966 Thread 0x00007f3000497000 Uncommon trap: reason=unstable_if action=reinterpret pc=0x00007f2fef650d60 method=java.lang.AbstractStringBuilder.isLatin1()Z @ 10 c2
Event: 16,972 Thread 0x00007f3000497000 Uncommon trap: reason=unstable_if action=reinterpret pc=0x00007f2fef623ad4 method=java.lang.StringLatin1.canEncode(I)Z @ 4 c2

Classes redefined (0 events):
No events

Internal exceptions (10 events):
Event: 5,606 Thread 0x00007f3000497000 Exception <a 'java/lang/NoSuchMethodError'{0x000000008a111820}: java.lang.invoke.DirectMethodHandle$Holder.invokeInterface(Ljava/lang/Object;Ljava/lang/Object;Ljava/lang/Object;)Ljava/lang/Object;> (0x000000008a111820) thrown at [/build/openjdk-lts-Ae5PRQ
Event: 5,941 Thread 0x00007f3000497000 Exception <a 'java/lang/UnsupportedOperationException'{0x000000008cf09b38}: > (0x000000008cf09b38) thrown at [/build/openjdk-lts-Ae5PRQ/openjdk-lts-10.0.2+13/src/hotspot/share/prims/jni.cpp, line 632]
Event: 7,633 Thread 0x00007f3000497000 Exception <a 'java/lang/UnsupportedOperationException'{0x000000008cfcd0f8}: > (0x000000008cfcd0f8) thrown at [/build/openjdk-lts-Ae5PRQ/openjdk-lts-10.0.2+13/src/hotspot/share/prims/jni.cpp, line 632]
Event: 12,158 Thread 0x00007f3000497000 Exception <a 'java/lang/UnsupportedOperationException'{0x000000008ce81e08}: > (0x000000008ce81e08) thrown at [/build/openjdk-lts-Ae5PRQ/openjdk-lts-10.0.2+13/src/hotspot/share/prims/jni.cpp, line 632]
Event: 12,642 Thread 0x00007f3000497000 Exception <a 'java/lang/UnsupportedOperationException'{0x000000008ceab498}: > (0x000000008ceab498) thrown at [/build/openjdk-lts-Ae5PRQ/openjdk-lts-10.0.2+13/src/hotspot/share/prims/jni.cpp, line 632]
Event: 17,819 Thread 0x00007f3000497000 Exception <a 'java/lang/UnsupportedOperationException'{0x000000008cc98ae0}: > (0x000000008cc98ae0) thrown at [/build/openjdk-lts-Ae5PRQ/openjdk-lts-10.0.2+13/src/hotspot/share/prims/jni.cpp, line 632]
Event: 22,768 Thread 0x00007f3000497000 Exception <a 'java/lang/NullPointerException'{0x000000008cb36460}> (0x000000008cb36460) thrown at [/build/openjdk-lts-Ae5PRQ/openjdk-lts-10.0.2+13/src/hotspot/share/interpreter/linkResolver.cpp, line 1324]
Event: 22,768 Thread 0x00007f3000497000 Exception <a 'java/lang/NullPointerException'{0x000000008cb36460}> (0x000000008cb36460) thrown at [/build/openjdk-lts-Ae5PRQ/openjdk-lts-10.0.2+13/src/hotspot/share/prims/jvm.cpp, line 1349]
Event: 22,768 Thread 0x00007f3000497000 Exception <a 'java/lang/NullPointerException'{0x000000008cb36460}> (0x000000008cb36460) thrown at [/build/openjdk-lts-Ae5PRQ/openjdk-lts-10.0.2+13/src/hotspot/share/prims/jvm.cpp, line 1349]
Event: 39,019 Thread 0x00007f3000497000 Exception <a 'java/lang/UnsupportedOperationException'{0x000000008cb80e18}: > (0x000000008cb80e18) thrown at [/build/openjdk-lts-Ae5PRQ/openjdk-lts-10.0.2+13/src/hotspot/share/prims/jni.cpp, line 632]

Events (10 events):
Event: 4155,663 Executing VM operation: RevokeBias
Event: 4155,663 Executing VM operation: RevokeBias done
Event: 4155,663 Thread 0x00007f2f70019800 Thread exited: 0x00007f2f70019800
Event: 4159,324 Thread 0x00007f2f70019800 Thread added: 0x00007f2f70019800
Event: 4159,324 Thread 0x00007f2f7001a800 Thread added: 0x00007f2f7001a800
Event: 4160,325 Executing VM operation: RevokeBias
Event: 4160,327 Executing VM operation: RevokeBias done
Event: 4160,327 Thread 0x00007f2f70019800 Thread exited: 0x00007f2f70019800
Event: 4160,327 Thread 0x00007f2f7001a800 Thread exited: 0x00007f2f7001a800
Event: 22815,591 loading class jdk/internal/misc/Signal$1


Dynamic libraries:
85600000-8d200000 rw-p 00000000 00:00 0 
8d200000-100000000 ---p 00000000 00:00 0 
100000000-100600000 rw-p 00000000 00:00 0 
100600000-140000000 ---p 00000000 00:00 0 
560fa83a1000-560fa83a2000 r-xp 00000000 08:05 1044648                    /usr/lib/jvm/java-11-openjdk-amd64/bin/java
560fa85a2000-560fa85a3000 r--p 00001000 08:05 1044648                    /usr/lib/jvm/java-11-openjdk-amd64/bin/java
560fa85a3000-560fa85a4000 rw-p 00002000 08:05 1044648                    /usr/lib/jvm/java-11-openjdk-amd64/bin/java
560fa8928000-560fa8949000 rw-p 00000000 00:00 0                          [heap]
7f2f5c000000-7f2f5c021000 rw-p 00000000 00:00 0 
7f2f5c021000-7f2f60000000 ---p 00000000 00:00 0 
7f2f632ff000-7f2f633ff000 rw-p 00000000 00:00 0 
7f2f633ff000-7f2f634ff000 ---p 00000000 00:00 0 
7f2f634ff000-7f2f636ff000 rw-p 00000000 00:00 0 
7f2f636ff000-7f2f638ff000 rw-p 00000000 00:00 0 
7f2f638ff000-7f2f63aff000 rw-p 00000000 00:00 0 
7f2f63aff000-7f2f63cff000 rw-p 00000000 00:00 0 
7f2f63cff000-7f2f63eff000 rw-p 00000000 00:00 0 
7f2f63eff000-7f2f63f03000 ---p 00000000 00:00 0 
7f2f63f03000-7f2f64000000 rw-p 00000000 00:00 0 
7f2f64000000-7f2f64021000 rw-p 00000000 00:00 0 
7f2f64021000-7f2f68000000 ---p 00000000 00:00 0 
7f2f68000000-7f2f68e8c000 rw-p 00000000 00:00 0 
7f2f68e8c000-7f2f6c000000 ---p 00000000 00:00 0 
7f2f6c000000-7f2f6c021000 rw-p 00000000 00:00 0 
7f2f6c021000-7f2f70000000 ---p 00000000 00:00 0 
7f2f70000000-7f2f7003c000 rw-p 00000000 00:00 0 
7f2f7003c000-7f2f74000000 ---p 00000000 00:00 0 
7f2f74000000-7f2f74021000 rw-p 00000000 00:00 0 
7f2f74021000-7f2f78000000 ---p 00000000 00:00 0 
7f2f78000000-7f2f78021000 rw-p 00000000 00:00 0 
7f2f78021000-7f2f7c000000 ---p 00000000 00:00 0 
7f2f7c000000-7f2f7c021000 rw-p 00000000 00:00 0 
7f2f7c021000-7f2f80000000 ---p 00000000 00:00 0 
7f2f80079000-7f2f80279000 rw-p 00000000 00:00 0 
7f2f80279000-7f2f8027a000 r-xp 00000000 08:05 1044705                    /usr/lib/jvm/java-11-openjdk-amd64/lib/libextnet.so
7f2f8027a000-7f2f80479000 ---p 00001000 08:05 1044705                    /usr/lib/jvm/java-11-openjdk-amd64/lib/libextnet.so
7f2f80479000-7f2f8047a000 r--p 00000000 08:05 1044705                    /usr/lib/jvm/java-11-openjdk-amd64/lib/libextnet.so
7f2f8047a000-7f2f8047b000 rw-p 00001000 08:05 1044705                    /usr/lib/jvm/java-11-openjdk-amd64/lib/libextnet.so
7f2f8047b000-7f2f8067b000 rw-p 00000000 00:00 0 
7f2f8067b000-7f2f8087b000 rw-p 00000000 00:00 0 
7f2f80887000-7f2f8088b000 ---p 00000000 00:00 0 
7f2f8088b000-7f2f80b88000 rw-p 00000000 00:00 0 
7f2f80b88000-7f2f80d88000 rw-p 00000000 00:00 0 
7f2f80d88000-7f2f80f88000 rw-p 00000000 00:00 0 
7f2f80f88000-7f2f81188000 rw-p 00000000 00:00 0 
7f2f81188000-7f2f81388000 rw-p 00000000 00:00 0 
7f2f81388000-7f2f8138c000 ---p 00000000 00:00 0 
7f2f8138c000-7f2f81689000 rw-p 00000000 00:00 0 
7f2f81689000-7f2f8168d000 ---p 00000000 00:00 0 
7f2f8168d000-7f2f8178a000 rw-p 00000000 00:00 0 
7f2f8178a000-7f2f8178e000 ---p 00000000 00:00 0 
7f2f8178e000-7f2f81a8b000 rw-p 00000000 00:00 0 
7f2f81a8b000-7f2f81c8b000 rw-p 00000000 00:00 0 
7f2f81c8b000-7f2f81c8f000 ---p 00000000 00:00 0 
7f2f81c8f000-7f2f81d8c000 rw-p 00000000 00:00 0 
7f2f81d8c000-7f2f81d91000 r-xp 00000000 08:05 271942                     /usr/lib/x86_64-linux-gnu/libXfixes.so.3.1.0
7f2f81d91000-7f2f81f90000 ---p 00005000 08:05 271942                     /usr/lib/x86_64-linux-gnu/libXfixes.so.3.1.0
7f2f81f90000-7f2f81f91000 r--p 00004000 08:05 271942                     /usr/lib/x86_64-linux-gnu/libXfixes.so.3.1.0
7f2f81f91000-7f2f81f92000 rw-p 00005000 08:05 271942                     /usr/lib/x86_64-linux-gnu/libXfixes.so.3.1.0
7f2f81f92000-7f2f81f9b000 r-xp 00000000 08:05 271934                     /usr/lib/x86_64-linux-gnu/libXcursor.so.1.0.2
7f2f81f9b000-7f2f8219a000 ---p 00009000 08:05 271934                     /usr/lib/x86_64-linux-gnu/libXcursor.so.1.0.2
7f2f8219a000-7f2f8219b000 r--p 00008000 08:05 271934                     /usr/lib/x86_64-linux-gnu/libXcursor.so.1.0.2
7f2f8219b000-7f2f8219c000 rw-p 00009000 08:05 271934                     /usr/lib/x86_64-linux-gnu/libXcursor.so.1.0.2
7f2f8219c000-7f2f8219d000 ---p 00000000 00:00 0 
7f2f8219d000-7f2f8299d000 rw-p 00000000 00:00 0 
7f2f8299d000-7f2f8299e000 ---p 00000000 00:00 0 
7f2f8299e000-7f2f8319e000 rw-p 00000000 00:00 0 
7f2f8319e000-7f2f8319f000 ---p 00000000 00:00 0 
7f2f8319f000-7f2f8399f000 rw-p 00000000 00:00 0 
7f2f8399f000-7f2f839ab000 r-xp 00000000 08:05 396751                     /usr/lib/x86_64-linux-gnu/gio/modules/libdconfsettings.so
7f2f839ab000-7f2f83baa000 ---p 0000c000 08:05 396751                     /usr/lib/x86_64-linux-gnu/gio/modules/libdconfsettings.so
7f2f83baa000-7f2f83bab000 r--p 0000b000 08:05 396751                     /usr/lib/x86_64-linux-gnu/gio/modules/libdconfsettings.so
7f2f83bab000-7f2f83bac000 rw-p 0000c000 08:05 396751                     /usr/lib/x86_64-linux-gnu/gio/modules/libdconfsettings.so
7f2f83bac000-7f2f83bb2000 r-xp 00000000 08:05 920010                     /lib/x86_64-linux-gnu/libuuid.so.1.3.0
7f2f83bb2000-7f2f83db1000 ---p 00006000 08:05 920010                     /lib/x86_64-linux-gnu/libuuid.so.1.3.0
7f2f83db1000-7f2f83db2000 r--p 00005000 08:05 920010                     /lib/x86_64-linux-gnu/libuuid.so.1.3.0
7f2f83db2000-7f2f83db3000 rw-p 00006000 08:05 920010                     /lib/x86_64-linux-gnu/libuuid.so.1.3.0
7f2f83db3000-7f2f83dfa000 r-xp 00000000 08:05 919820                     /lib/x86_64-linux-gnu/libblkid.so.1.1.0
7f2f83dfa000-7f2f83ffa000 ---p 00047000 08:05 919820                     /lib/x86_64-linux-gnu/libblkid.so.1.1.0
7f2f83ffa000-7f2f83ffe000 r--p 00047000 08:05 919820                     /lib/x86_64-linux-gnu/libblkid.so.1.1.0
7f2f83ffe000-7f2f83fff000 rw-p 0004b000 08:05 919820                     /lib/x86_64-linux-gnu/libblkid.so.1.1.0
7f2f83fff000-7f2f84000000 rw-p 00000000 00:00 0 
7f2f84000000-7f2f84021000 rw-p 00000000 00:00 0 
7f2f84021000-7f2f88000000 ---p 00000000 00:00 0 
7f2f8802f000-7f2f88033000 r--s 00000000 08:05 1206704                    /var/cache/fontconfig/6aa41aa22e18b8fa06a12da28ea9c28b-le64.cache-7
7f2f88033000-7f2f88048000 r--s 00000000 08:05 1192411                    /var/cache/fontconfig/04aabc0a78ac019cf9454389977116d2-le64.cache-7
7f2f88048000-7f2f8804c000 ---p 00000000 00:00 0 
7f2f8804c000-7f2f88149000 rw-p 00000000 00:00 0 
7f2f88149000-7f2f881b9000 r-xp 00000000 08:05 919775                     /lib/x86_64-linux-gnu/libpcre.so.3.13.3
7f2f881b9000-7f2f883b9000 ---p 00070000 08:05 919775                     /lib/x86_64-linux-gnu/libpcre.so.3.13.3
7f2f883b9000-7f2f883ba000 r--p 00070000 08:05 919775                     /lib/x86_64-linux-gnu/libpcre.so.3.13.3
7f2f883ba000-7f2f883bb000 rw-p 00071000 08:05 919775                     /lib/x86_64-linux-gnu/libpcre.so.3.13.3
7f2f883bb000-7f2f883c2000 r-xp 00000000 08:05 272269                     /usr/lib/x86_64-linux-gnu/libffi.so.6.0.4
7f2f883c2000-7f2f885c1000 ---p 00007000 08:05 272269                     /usr/lib/x86_64-linux-gnu/libffi.so.6.0.4
7f2f885c1000-7f2f885c2000 r--p 00006000 08:05 272269                     /usr/lib/x86_64-linux-gnu/libffi.so.6.0.4
7f2f885c2000-7f2f885c3000 rw-p 00007000 08:05 272269                     /usr/lib/x86_64-linux-gnu/libffi.so.6.0.4
7f2f885c3000-7f2f88614000 r-xp 00000000 08:05 919686                     /lib/x86_64-linux-gnu/libmount.so.1.1.0
7f2f88614000-7f2f88813000 ---p 00051000 08:05 919686                     /lib/x86_64-linux-gnu/libmount.so.1.1.0
7f2f88813000-7f2f88815000 r--p 00050000 08:05 919686                     /lib/x86_64-linux-gnu/libmount.so.1.1.0
7f2f88815000-7f2f88816000 rw-p 00052000 08:05 919686                     /lib/x86_64-linux-gnu/libmount.so.1.1.0
7f2f88816000-7f2f88817000 rw-p 00000000 00:00 0 
7f2f88817000-7f2f8882e000 r-xp 00000000 08:05 919792                     /lib/x86_64-linux-gnu/libresolv-2.27.so
7f2f8882e000-7f2f88a2e000 ---p 00017000 08:05 919792                     /lib/x86_64-linux-gnu/libresolv-2.27.so
7f2f88a2e000-7f2f88a2f000 r--p 00017000 08:05 919792                     /lib/x86_64-linux-gnu/libresolv-2.27.so
7f2f88a2f000-7f2f88a30000 rw-p 00018000 08:05 919792                     /lib/x86_64-linux-gnu/libresolv-2.27.so
7f2f88a30000-7f2f88a32000 rw-p 00000000 00:00 0 
7f2f88a32000-7f2f88a57000 r-xp 00000000 08:05 919798                     /lib/x86_64-linux-gnu/libselinux.so.1
7f2f88a57000-7f2f88c56000 ---p 00025000 08:05 919798                     /lib/x86_64-linux-gnu/libselinux.so.1
7f2f88c56000-7f2f88c57000 r--p 00024000 08:05 919798                     /lib/x86_64-linux-gnu/libselinux.so.1
7f2f88c57000-7f2f88c58000 rw-p 00025000 08:05 919798                     /lib/x86_64-linux-gnu/libselinux.so.1
7f2f88c58000-7f2f88c5a000 rw-p 00000000 00:00 0 
7f2f88c5a000-7f2f88d6d000 r-xp 00000000 08:05 262951                     /usr/lib/x86_64-linux-gnu/libglib-2.0.so.0.5600.3
7f2f88d6d000-7f2f88f6d000 ---p 00113000 08:05 262951                     /usr/lib/x86_64-linux-gnu/libglib-2.0.so.0.5600.3
7f2f88f6d000-7f2f88f6e000 r--p 00113000 08:05 262951                     /usr/lib/x86_64-linux-gnu/libglib-2.0.so.0.5600.3
7f2f88f6e000-7f2f88f6f000 rw-p 00114000 08:05 262951                     /usr/lib/x86_64-linux-gnu/libglib-2.0.so.0.5600.3
7f2f88f6f000-7f2f88f70000 rw-p 00000000 00:00 0 
7f2f88f70000-7f2f88f73000 r-xp 00000000 08:05 268079                     /usr/lib/x86_64-linux-gnu/libgmodule-2.0.so.0.5600.3
7f2f88f73000-7f2f89172000 ---p 00003000 08:05 268079                     /usr/lib/x86_64-linux-gnu/libgmodule-2.0.so.0.5600.3
7f2f89172000-7f2f89173000 r--p 00002000 08:05 268079                     /usr/lib/x86_64-linux-gnu/libgmodule-2.0.so.0.5600.3
7f2f89173000-7f2f89174000 rw-p 00003000 08:05 268079                     /usr/lib/x86_64-linux-gnu/libgmodule-2.0.so.0.5600.3
7f2f89174000-7f2f891c6000 r-xp 00000000 08:05 270586                     /usr/lib/x86_64-linux-gnu/libgobject-2.0.so.0.5600.3
7f2f891c6000-7f2f893c6000 ---p 00052000 08:05 270586                     /usr/lib/x86_64-linux-gnu/libgobject-2.0.so.0.5600.3
7f2f893c6000-7f2f893c7000 r--p 00052000 08:05 270586                     /usr/lib/x86_64-linux-gnu/libgobject-2.0.so.0.5600.3
7f2f893c7000-7f2f893c8000 rw-p 00053000 08:05 270586                     /usr/lib/x86_64-linux-gnu/libgobject-2.0.so.0.5600.3
7f2f893c8000-7f2f8955d000 r-xp 00000000 08:05 262552                     /usr/lib/x86_64-linux-gnu/libgio-2.0.so.0.5600.3
7f2f8955d000-7f2f8975d000 ---p 00195000 08:05 262552                     /usr/lib/x86_64-linux-gnu/libgio-2.0.so.0.5600.3
7f2f8975d000-7f2f89764000 r--p 00195000 08:05 262552                     /usr/lib/x86_64-linux-gnu/libgio-2.0.so.0.5600.3
7f2f89764000-7f2f89765000 rw-p 0019c000 08:05 262552                     /usr/lib/x86_64-linux-gnu/libgio-2.0.so.0.5600.3
7f2f89765000-7f2f89767000 rw-p 00000000 00:00 0 
7f2f89767000-7f2f89771000 r-xp 00000000 08:05 271958                     /usr/lib/x86_64-linux-gnu/libXrandr.so.2.2.0
7f2f89771000-7f2f89970000 ---p 0000a000 08:05 271958                     /usr/lib/x86_64-linux-gnu/libXrandr.so.2.2.0
7f2f89970000-7f2f89971000 r--p 00009000 08:05 271958                     /usr/lib/x86_64-linux-gnu/libXrandr.so.2.2.0
7f2f89971000-7f2f89972000 rw-p 0000a000 08:05 271958                     /usr/lib/x86_64-linux-gnu/libXrandr.so.2.2.0
7f2f89972000-7f2f89b72000 rw-p 00000000 00:00 0 
7f2f89b72000-7f2f89ba3000 r-xp 00000000 08:05 272791                     /usr/lib/x86_64-linux-gnu/libpng16.so.16.34.0
7f2f89ba3000-7f2f89da2000 ---p 00031000 08:05 272791                     /usr/lib/x86_64-linux-gnu/libpng16.so.16.34.0
7f2f89da2000-7f2f89da3000 r--p 00030000 08:05 272791                     /usr/lib/x86_64-linux-gnu/libpng16.so.16.34.0
7f2f89da3000-7f2f89da4000 rw-p 00031000 08:05 272791                     /usr/lib/x86_64-linux-gnu/libpng16.so.16.34.0
7f2f89da4000-7f2f89e51000 r-xp 00000000 08:05 272301                     /usr/lib/x86_64-linux-gnu/libfreetype.so.6.15.0
7f2f89e51000-7f2f8a050000 ---p 000ad000 08:05 272301                     /usr/lib/x86_64-linux-gnu/libfreetype.so.6.15.0
7f2f8a050000-7f2f8a057000 r--p 000ac000 08:05 272301                     /usr/lib/x86_64-linux-gnu/libfreetype.so.6.15.0
7f2f8a057000-7f2f8a058000 rw-p 000b3000 08:05 272301                     /usr/lib/x86_64-linux-gnu/libfreetype.so.6.15.0
7f2f8a058000-7f2f8a0ed000 r-xp 00000000 08:05 1044706                    /usr/lib/jvm/java-11-openjdk-amd64/lib/libfontmanager.so
7f2f8a0ed000-7f2f8a2ed000 ---p 00095000 08:05 1044706                    /usr/lib/jvm/java-11-openjdk-amd64/lib/libfontmanager.so
7f2f8a2ed000-7f2f8a2ee000 r--p 00095000 08:05 1044706                    /usr/lib/jvm/java-11-openjdk-amd64/lib/libfontmanager.so
7f2f8a2ee000-7f2f8a2ef000 rw-p 00096000 08:05 1044706                    /usr/lib/jvm/java-11-openjdk-amd64/lib/libfontmanager.so
7f2f8a2ef000-7f2f8a2f0000 rw-p 00000000 00:00 0 
7f2f8a2f0000-7f2f8a303000 r-xp 00000000 08:05 919649                     /lib/x86_64-linux-gnu/libbsd.so.0.8.7
7f2f8a303000-7f2f8a502000 ---p 00013000 08:05 919649                     /lib/x86_64-linux-gnu/libbsd.so.0.8.7
7f2f8a502000-7f2f8a503000 r--p 00012000 08:05 919649                     /lib/x86_64-linux-gnu/libbsd.so.0.8.7
7f2f8a503000-7f2f8a504000 rw-p 00013000 08:05 919649                     /lib/x86_64-linux-gnu/libbsd.so.0.8.7
7f2f8a504000-7f2f8a505000 rw-p 00000000 00:00 0 
7f2f8a505000-7f2f8a50a000 r-xp 00000000 08:05 271938                     /usr/lib/x86_64-linux-gnu/libXdmcp.so.6.0.0
7f2f8a50a000-7f2f8a709000 ---p 00005000 08:05 271938                     /usr/lib/x86_64-linux-gnu/libXdmcp.so.6.0.0
7f2f8a709000-7f2f8a70a000 r--p 00004000 08:05 271938                     /usr/lib/x86_64-linux-gnu/libXdmcp.so.6.0.0
7f2f8a70a000-7f2f8a70b000 rw-p 00005000 08:05 271938                     /usr/lib/x86_64-linux-gnu/libXdmcp.so.6.0.0
7f2f8a70b000-7f2f8a70d000 r-xp 00000000 08:05 271927                     /usr/lib/x86_64-linux-gnu/libXau.so.6.0.0
7f2f8a70d000-7f2f8a90d000 ---p 00002000 08:05 271927                     /usr/lib/x86_64-linux-gnu/libXau.so.6.0.0
7f2f8a90d000-7f2f8a90e000 r--p 00002000 08:05 271927                     /usr/lib/x86_64-linux-gnu/libXau.so.6.0.0
7f2f8a90e000-7f2f8a90f000 rw-p 00003000 08:05 271927                     /usr/lib/x86_64-linux-gnu/libXau.so.6.0.0
7f2f8a90f000-7f2f8a935000 r-xp 00000000 08:05 273131                     /usr/lib/x86_64-linux-gnu/libxcb.so.1.1.0
7f2f8a935000-7f2f8ab35000 ---p 00026000 08:05 273131                     /usr/lib/x86_64-linux-gnu/libxcb.so.1.1.0
7f2f8ab35000-7f2f8ab36000 r--p 00026000 08:05 273131                     /usr/lib/x86_64-linux-gnu/libxcb.so.1.1.0
7f2f8ab36000-7f2f8ab37000 rw-p 00027000 08:05 273131                     /usr/lib/x86_64-linux-gnu/libxcb.so.1.1.0
7f2f8ab37000-7f2f8ab46000 r-xp 00000000 08:05 271948                     /usr/lib/x86_64-linux-gnu/libXi.so.6.1.0
7f2f8ab46000-7f2f8ad45000 ---p 0000f000 08:05 271948                     /usr/lib/x86_64-linux-gnu/libXi.so.6.1.0
7f2f8ad45000-7f2f8ad46000 r--p 0000e000 08:05 271948                     /usr/lib/x86_64-linux-gnu/libXi.so.6.1.0
7f2f8ad46000-7f2f8ad47000 rw-p 0000f000 08:05 271948                     /usr/lib/x86_64-linux-gnu/libXi.so.6.1.0
7f2f8ad47000-7f2f8ad4c000 r-xp 00000000 08:05 271966                     /usr/lib/x86_64-linux-gnu/libXtst.so.6.1.0
7f2f8ad4c000-7f2f8af4b000 ---p 00005000 08:05 271966                     /usr/lib/x86_64-linux-gnu/libXtst.so.6.1.0
7f2f8af4b000-7f2f8af4c000 r--p 00004000 08:05 271966                     /usr/lib/x86_64-linux-gnu/libXtst.so.6.1.0
7f2f8af4c000-7f2f8af4d000 rw-p 00005000 08:05 271966                     /usr/lib/x86_64-linux-gnu/libXtst.so.6.1.0
7f2f8af4d000-7f2f8af56000 r-xp 00000000 08:05 271960                     /usr/lib/x86_64-linux-gnu/libXrender.so.1.3.0
7f2f8af56000-7f2f8b155000 ---p 00009000 08:05 271960                     /usr/lib/x86_64-linux-gnu/libXrender.so.1.3.0
7f2f8b155000-7f2f8b156000 r--p 00008000 08:05 271960                     /usr/lib/x86_64-linux-gnu/libXrender.so.1.3.0
7f2f8b156000-7f2f8b157000 rw-p 00009000 08:05 271960                     /usr/lib/x86_64-linux-gnu/libXrender.so.1.3.0
7f2f8b157000-7f2f8b28a000 r-xp 00000000 08:05 263759                     /usr/lib/x86_64-linux-gnu/libX11.so.6.3.0
7f2f8b28a000-7f2f8b48a000 ---p 00133000 08:05 263759                     /usr/lib/x86_64-linux-gnu/libX11.so.6.3.0
7f2f8b48a000-7f2f8b48b000 r--p 00133000 08:05 263759                     /usr/lib/x86_64-linux-gnu/libX11.so.6.3.0
7f2f8b48b000-7f2f8b48f000 rw-p 00134000 08:05 263759                     /usr/lib/x86_64-linux-gnu/libX11.so.6.3.0
7f2f8b48f000-7f2f8b4a0000 r-xp 00000000 08:05 271940                     /usr/lib/x86_64-linux-gnu/libXext.so.6.4.0
7f2f8b4a0000-7f2f8b69f000 ---p 00011000 08:05 271940                     /usr/lib/x86_64-linux-gnu/libXext.so.6.4.0
7f2f8b69f000-7f2f8b6a0000 r--p 00010000 08:05 271940                     /usr/lib/x86_64-linux-gnu/libXext.so.6.4.0
7f2f8b6a0000-7f2f8b6a1000 rw-p 00011000 08:05 271940                     /usr/lib/x86_64-linux-gnu/libXext.so.6.4.0
7f2f8b6a1000-7f2f8b700000 r-xp 00000000 08:05 1044703                    /usr/lib/jvm/java-11-openjdk-amd64/lib/libawt_xawt.so
7f2f8b700000-7f2f8b8ff000 ---p 0005f000 08:05 1044703                    /usr/lib/jvm/java-11-openjdk-amd64/lib/libawt_xawt.so
7f2f8b8ff000-7f2f8b900000 r--p 0005e000 08:05 1044703                    /usr/lib/jvm/java-11-openjdk-amd64/lib/libawt_xawt.so
7f2f8b900000-7f2f8b903000 rw-p 0005f000 08:05 1044703                    /usr/lib/jvm/java-11-openjdk-amd64/lib/libawt_xawt.so
7f2f8b903000-7f2f8b905000 rw-p 00000000 00:00 0 
7f2f8b905000-7f2f8b9a5000 r-xp 00000000 08:05 1044701                    /usr/lib/jvm/java-11-openjdk-amd64/lib/libawt.so
7f2f8b9a5000-7f2f8bba5000 ---p 000a0000 08:05 1044701                    /usr/lib/jvm/java-11-openjdk-amd64/lib/libawt.so
7f2f8bba5000-7f2f8bba6000 r--p 000a0000 08:05 1044701                    /usr/lib/jvm/java-11-openjdk-amd64/lib/libawt.so
7f2f8bba6000-7f2f8bbb1000 rw-p 000a1000 08:05 1044701                    /usr/lib/jvm/java-11-openjdk-amd64/lib/libawt.so
7f2f8bbb1000-7f2f8bbd6000 rw-p 00000000 00:00 0 
7f2f8bbd6000-7f2f8bbed000 r-xp 00000000 08:05 1044726                    /usr/lib/jvm/java-11-openjdk-amd64/lib/libnet.so
7f2f8bbed000-7f2f8bdec000 ---p 00017000 08:05 1044726                    /usr/lib/jvm/java-11-openjdk-amd64/lib/libnet.so
7f2f8bdec000-7f2f8bded000 r--p 00016000 08:05 1044726                    /usr/lib/jvm/java-11-openjdk-amd64/lib/libnet.so
7f2f8bded000-7f2f8bdee000 rw-p 00017000 08:05 1044726                    /usr/lib/jvm/java-11-openjdk-amd64/lib/libnet.so
7f2f8bdee000-7f2f8bdff000 r-xp 00000000 08:05 1044727                    /usr/lib/jvm/java-11-openjdk-amd64/lib/libnio.so
7f2f8bdff000-7f2f8bffe000 ---p 00011000 08:05 1044727                    /usr/lib/jvm/java-11-openjdk-amd64/lib/libnio.so
7f2f8bffe000-7f2f8bfff000 r--p 00010000 08:05 1044727                    /usr/lib/jvm/java-11-openjdk-amd64/lib/libnio.so
7f2f8bfff000-7f2f8c000000 rw-p 00011000 08:05 1044727                    /usr/lib/jvm/java-11-openjdk-amd64/lib/libnio.so
7f2f8c000000-7f2f8c021000 rw-p 00000000 00:00 0 
7f2f8c021000-7f2f90000000 ---p 00000000 00:00 0 
7f2f90000000-7f2f90021000 rw-p 00000000 00:00 0 
7f2f90021000-7f2f94000000 ---p 00000000 00:00 0 
7f2f94000000-7f2f946a4000 rw-p 00000000 00:00 0 
7f2f946a4000-7f2f98000000 ---p 00000000 00:00 0 
7f2f98000000-7f2f98021000 rw-p 00000000 00:00 0 
7f2f98021000-7f2f9c000000 ---p 00000000 00:00 0 
7f2f9c000000-7f2f9d901000 rw-p 00000000 00:00 0 
7f2f9d901000-7f2fa0000000 ---p 00000000 00:00 0 
7f2fa0000000-7f2fa129e000 rw-p 00000000 00:00 0 
7f2fa129e000-7f2fa4000000 ---p 00000000 00:00 0 
7f2fa4000000-7f2fa4021000 rw-p 00000000 00:00 0 
7f2fa4021000-7f2fa8000000 ---p 00000000 00:00 0 
7f2fa8000000-7f2fa8021000 rw-p 00000000 00:00 0 
7f2fa8021000-7f2fac000000 ---p 00000000 00:00 0 
7f2fac000000-7f2fac087000 rw-p 00000000 00:00 0 
7f2fac087000-7f2fb0000000 ---p 00000000 00:00 0 
7f2fb0000000-7f2fb0021000 rw-p 00000000 00:00 0 
7f2fb0021000-7f2fb4000000 ---p 00000000 00:00 0 
7f2fb4000000-7f2fb4021000 rw-p 00000000 00:00 0 
7f2fb4021000-7f2fb8000000 ---p 00000000 00:00 0 
7f2fb8000000-7f2fb8021000 rw-p 00000000 00:00 0 
7f2fb8021000-7f2fbc000000 ---p 00000000 00:00 0 
7f2fbc000000-7f2fbc021000 rw-p 00000000 00:00 0 
7f2fbc021000-7f2fc0000000 ---p 00000000 00:00 0 
7f2fc0000000-7f2fc0021000 rw-p 00000000 00:00 0 
7f2fc0021000-7f2fc4000000 ---p 00000000 00:00 0 
7f2fc4000000-7f2fc4021000 rw-p 00000000 00:00 0 
7f2fc4021000-7f2fc8000000 ---p 00000000 00:00 0 
7f2fc8000000-7f2fc8021000 rw-p 00000000 00:00 0 
7f2fc8021000-7f2fcc000000 ---p 00000000 00:00 0 
7f2fcc000000-7f2fcc021000 rw-p 00000000 00:00 0 
7f2fcc021000-7f2fd0000000 ---p 00000000 00:00 0 
7f2fd0000000-7f2fd0021000 rw-p 00000000 00:00 0 
7f2fd0021000-7f2fd4000000 ---p 00000000 00:00 0 
7f2fd4002000-7f2fd400d000 r--s 00000000 08:05 1192451                    /var/cache/fontconfig/945677eb7aeaf62f1d50efc3fb3ec7d8-le64.cache-7
7f2fd400d000-7f2fd4012000 r--s 00000000 08:05 1192422                    /var/cache/fontconfig/2300eef321c393bfd76478a5c0e95b23-le64.cache-7
7f2fd4012000-7f2fd4013000 r--s 00000000 08:05 1192415                    /var/cache/fontconfig/0d8c3b2ac0904cb8a57a757ad11a4a08-le64.cache-7
7f2fd4013000-7f2fd4014000 r--s 00000000 08:05 1192419                    /var/cache/fontconfig/1ac9eb803944fde146138c791f5cc56a-le64.cache-7
7f2fd4014000-7f2fd4015000 r--s 00000000 08:05 1192470                    /var/cache/fontconfig/dc05db6664285cc2f12bf69c139ae4c3-le64.cache-7
7f2fd4015000-7f2fd4017000 r--s 00000000 08:05 1192416                    /var/cache/fontconfig/14a5e22175779b556eaa434240950366-le64.cache-7
7f2fd4017000-7f2fd4018000 r--s 00000000 08:05 1192443                    /var/cache/fontconfig/660208299946a285a940457d1287da33-le64.cache-7
7f2fd4018000-7f2fd4019000 r--s 00000000 08:05 1206489                    /var/cache/fontconfig/5d1cca7074f29429a8d18692746c2426-le64.cache-7
7f2fd4019000-7f2fd401b000 r--s 00000000 08:05 1192434                    /var/cache/fontconfig/4f3e3037c9980c83b53a9351efadef62-le64.cache-7
7f2fd401b000-7f2fd401d000 r--s 00000000 08:05 1192448                    /var/cache/fontconfig/767a8244fc0220cfb567a839d0392e0b-le64.cache-7
7f2fd401d000-7f2fd401e000 r--s 00000000 08:05 1176178                    /var/cache/fontconfig/4794a0821666d79190d59a36cb4f44b5-le64.cache-7
7f2fd401e000-7f2fd4020000 r--s 00000000 08:05 1176008                    /var/cache/fontconfig/0bd3dc0958fa2205aaaa8ebb13e2872b-le64.cache-7
7f2fd4020000-7f2fd4025000 r--s 00000000 08:05 1192471                    /var/cache/fontconfig/def309198bfa603429122923fa2bb2d4-le64.cache-7
7f2fd4025000-7f2fd4026000 r--s 00000000 08:05 1192459                    /var/cache/fontconfig/b872e6e592da6075ffa4ab0a1fcc0c75-le64.cache-7
7f2fd4026000-7f2fd4027000 r--s 00000000 08:05 1192476                    /var/cache/fontconfig/f6d4eedfaab2589bde49f7a3ff831d22-le64.cache-7
7f2fd4027000-7f2fd4028000 r--s 00000000 08:05 1192441                    /var/cache/fontconfig/589f83ef4c36d296ce6e1c846f468f08-le64.cache-7
7f2fd4028000-7f2fd4029000 r--s 00000000 08:05 1192461                    /var/cache/fontconfig/bab58bb527bb656aaa9f116d68a48d89-le64.cache-7
7f2fd4029000-7f2fd402a000 r--s 00000000 08:05 1192420                    /var/cache/fontconfig/2171a34dccabdb6bcbbc728186263178-le64.cache-7
7f2fd402a000-7f2fd402b000 r--s 00000000 08:05 1192462                    /var/cache/fontconfig/c5c45a61289222e0d30b1a26ef4effbe-le64.cache-7
7f2fd402b000-7f2fd402c000 r--s 00000000 08:05 1192457                    /var/cache/fontconfig/aec30016f93e1b46d1a973dce0d74068-le64.cache-7
7f2fd402c000-7f2fd402d000 r--s 00000000 08:05 1192427                    /var/cache/fontconfig/3f589640d34b7dc9042c8d453f7c8b9c-le64.cache-7
7f2fd402d000-7f2fd402e000 r--s 00000000 08:05 1192417                    /var/cache/fontconfig/16c2fda60d1b4b719f4b3d06fd951d25-le64.cache-7
7f2fd402e000-7f2fd402f000 r--s 00000000 08:05 1192456                    /var/cache/fontconfig/a48eab177a16e4f3713381162db2f3e9-le64.cache-7
7f2fd402f000-7f2fd4030000 r--s 00000000 08:05 1192437                    /var/cache/fontconfig/564b2e68ac9bc4e36a6f7f6d6125ec1c-le64.cache-7
7f2fd4030000-7f2fd4035000 r--s 00000000 08:05 1188065                    /var/cache/fontconfig/9d2451b1fd30e5bffe8383fd27c35478-le64.cache-7
7f2fd4035000-7f2fd403b000 r--s 00000000 08:05 1188064                    /var/cache/fontconfig/3047814df9a2f067bd2d96a2b9c36e5a-le64.cache-7
7f2fd403b000-7f2fd4043000 r--s 00000000 08:05 1206702                    /var/cache/fontconfig/bf3b770c553c462765856025a94f1ce6-le64.cache-7
7f2fd4043000-7f2fd4044000 r--s 00000000 08:05 1192438                    /var/cache/fontconfig/56cf4f4769d0f4abc89a4895d7bd3ae1-le64.cache-7
7f2fd4044000-7f2fd4057000 r--s 00000000 08:05 1192467                    /var/cache/fontconfig/d52a8644073d54c13679302ca1180695-le64.cache-7
7f2fd4057000-7f2fd405b000 ---p 00000000 00:00 0 
7f2fd405b000-7f2fd6348000 rw-p 00000000 00:00 0 
7f2fd6348000-7f2fd8000000 ---p 00000000 00:00 0 
7f2fd8000000-7f2fd8021000 rw-p 00000000 00:00 0 
7f2fd8021000-7f2fdc000000 ---p 00000000 00:00 0 
7f2fdc000000-7f2fdc021000 rw-p 00000000 00:00 0 
7f2fdc021000-7f2fe0000000 ---p 00000000 00:00 0 
7f2fe0000000-7f2fe0021000 rw-p 00000000 00:00 0 
7f2fe0021000-7f2fe4000000 ---p 00000000 00:00 0 
7f2fe4000000-7f2fe4001000 r--s 00000000 08:05 1192460                    /var/cache/fontconfig/b9d506c9ac06c20b433354fa67a72993-le64.cache-7
7f2fe4001000-7f2fe4007000 r--s 00000000 08:05 1192458                    /var/cache/fontconfig/b47c4e1ecd0709278f4910c18777a504-le64.cache-7
7f2fe4007000-7f2fe4008000 r--s 00000000 08:05 1192425                    /var/cache/fontconfig/370e5b74bf5dafc30834de68e24a87a4-le64.cache-7
7f2fe4008000-7f2fe4009000 r--s 00000000 08:05 1192446                    /var/cache/fontconfig/6b2c5944714ca7831b25bed9e85cb5c8-le64.cache-7
7f2fe4009000-7f2fe400a000 r--s 00000000 08:05 1192466                    /var/cache/fontconfig/d5178ab6d91b49bf20a416737dcea9e8-le64.cache-7
7f2fe400a000-7f2fe400d000 r--s 00000000 08:05 1192475                    /var/cache/fontconfig/f259c2cffa685e28062317905db73c4a-le64.cache-7
7f2fe400d000-7f2fe400f000 r--s 00000000 08:05 1192435                    /var/cache/fontconfig/550f3886151c940c12a5ed35f6a00586-le64.cache-7
7f2fe400f000-7f2fe4012000 r--s 00000000 08:05 1192444                    /var/cache/fontconfig/674d1711f2d1d2a09646eb0bdcadee49-le64.cache-7
7f2fe4012000-7f2fe401e000 r--s 00000000 08:05 1199994                    /var/cache/fontconfig/d589a48862398ed80a3d6066f4f56f4c-le64.cache-7
7f2fe401e000-7f2fe402c000 r--s 00000000 08:05 1192453                    /var/cache/fontconfig/9b89f8e3dae116d678bbf48e5f21f69b-le64.cache-7
7f2fe402c000-7f2fe4044000 r--s 00000000 08:05 1192469                    /var/cache/fontconfig/e13b20fdb08344e0e664864cc2ede53d-le64.cache-7
7f2fe4044000-7f2fe4051000 r--s 00000000 08:05 1206697                    /var/cache/fontconfig/8f02d4cb045bd6ce15663e43f347c9f8-le64.cache-7
7f2fe4051000-7f2fe4072000 r--s 00000000 08:05 1206694                    /var/cache/fontconfig/467c019e582ee353435ea5c21d137ef6-le64.cache-7
7f2fe4072000-7f2fe40a2000 r--p 00000000 08:05 526415                     /usr/share/glib-2.0/schemas/gschemas.compiled
7f2fe40a2000-7f2fe40a3000 ---p 00000000 00:00 0 
7f2fe40a3000-7f2fe41a4000 rw-p 00000000 00:00 0 
7f2fe41a4000-7f2fe41a8000 ---p 00000000 00:00 0 
7f2fe41a8000-7f2fe42a5000 rw-p 00000000 00:00 0 
7f2fe42a5000-7f2fe42a9000 ---p 00000000 00:00 0 
7f2fe42a9000-7f2fe43a6000 rw-p 00000000 00:00 0 
7f2fe43a6000-7f2fe43aa000 ---p 00000000 00:00 0 
7f2fe43aa000-7f2fe44a7000 rw-p 00000000 00:00 0 
7f2fe44a7000-7f2fe44ab000 ---p 00000000 00:00 0 
7f2fe44ab000-7f2fe45a8000 rw-p 00000000 00:00 0 
7f2fe45a8000-7f2fe45ac000 ---p 00000000 00:00 0 
7f2fe45ac000-7f2fe46a9000 rw-p 00000000 00:00 0 
7f2fe46a9000-7f2fe46ad000 ---p 00000000 00:00 0 
7f2fe46ad000-7f2fe47aa000 rw-p 00000000 00:00 0 
7f2fe47aa000-7f2fe5179000 r--p 00000000 08:05 267985                     /usr/lib/locale/locale-archive
7f2fe5179000-7f2fe517d000 ---p 00000000 00:00 0 
7f2fe517d000-7f2fe527a000 rw-p 00000000 00:00 0 
7f2fe527a000-7f2fe527e000 ---p 00000000 00:00 0 
7f2fe527e000-7f2fe537b000 rw-p 00000000 00:00 0 
7f2fe537b000-7f2fe537c000 ---p 00000000 00:00 0 
7f2fe537c000-7f2fe5e6d000 rw-p 00000000 00:00 0 
7f2fe5e6d000-7f2fe7b25000 ---p 00000000 00:00 0 
7f2fe7b25000-7f2fe7d95000 rwxp 00000000 00:00 0 
7f2fe7d95000-7f2fe80b5000 ---p 00000000 00:00 0 
7f2fe80b5000-7f2fe8975000 rwxp 00000000 00:00 0 
7f2fe8975000-7f2fef5ed000 ---p 00000000 00:00 0 
7f2fef5ed000-7f2fef85d000 rwxp 00000000 00:00 0 
7f2fef85d000-7f2ff6b25000 ---p 00000000 00:00 0 
7f2ff6b25000-7f3000000000 r--s 00000000 08:05 1062053                    /usr/lib/jvm/java-11-openjdk-amd64/lib/modules
7f3000000000-7f3000522000 rw-p 00000000 00:00 0 
7f3000522000-7f3004000000 ---p 00000000 00:00 0 
7f3004000000-7f3004001000 r--s 00000000 08:05 1192436                    /var/cache/fontconfig/551ecf3b0e8b0bca0f25c0944f561853-le64.cache-7
7f3004001000-7f3004002000 r--s 00000000 08:05 1192428                    /var/cache/fontconfig/3f7329c5293ffd510edef78f73874cfd-le64.cache-7
7f3004002000-7f3004003000 r--s 00000000 08:05 1206478                    /var/cache/fontconfig/e7de81b01590fb7e12b38e274e17d0db-le64.cache-7
7f3004003000-7f3004004000 r--s 00000000 08:05 1192414                    /var/cache/fontconfig/0c9eb80ebd1c36541ebe2852d3bb0c49-le64.cache-7
7f3004004000-7f3004005000 r--s 00000000 08:05 1192421                    /var/cache/fontconfig/22368d551a680bfe5a62c02760edf4ea-le64.cache-7
7f3004005000-7f3004006000 r--s 00000000 08:05 1192433                    /var/cache/fontconfig/4d9c95eba1cb85bbcf2878543262124a-le64.cache-7
7f3004006000-7f3004007000 r--s 00000000 08:05 1192450                    /var/cache/fontconfig/85e0a52ce643a7ba2ae53e5d6949cead-le64.cache-7
7f3004007000-7f3004131000 rw-p 00000000 00:00 0 
7f3004131000-7f3004132000 ---p 00000000 00:00 0 
7f3004132000-7f3004233000 rw-p 00000000 00:00 0 
7f3004233000-7f3004234000 ---p 00000000 00:00 0 
7f3004234000-7f3004335000 rw-p 00000000 00:00 0 
7f3004335000-7f3004336000 ---p 00000000 00:00 0 
7f3004336000-7f3004437000 rw-p 00000000 00:00 0 
7f3004437000-7f3004438000 ---p 00000000 00:00 0 
7f3004438000-7f3004539000 rw-p 00000000 00:00 0 
7f3004539000-7f300453a000 ---p 00000000 00:00 0 
7f300453a000-7f3004a3f000 rw-p 00000000 00:00 0 
7f3004a3f000-7f3004a40000 ---p 00000000 00:00 0 
7f3004a40000-7f3004b41000 rw-p 00000000 00:00 0 
7f3004b41000-7f3004b42000 ---p 00000000 00:00 0 
7f3004b42000-7f3004c81000 rw-p 00000000 00:00 0 
7f3004c81000-7f3005018000 ---p 00000000 00:00 0 
7f3005018000-7f3005056000 rw-p 00000000 00:00 0 
7f3005056000-7f30053ed000 ---p 00000000 00:00 0 
7f30053ed000-7f300542b000 rw-p 00000000 00:00 0 
7f300542b000-7f30057c2000 ---p 00000000 00:00 0 
7f30057c2000-7f3005bc6000 rw-p 00000000 00:00 0 
7f3005bc6000-7f3005bc7000 ---p 00000000 00:00 0 
7f3005bc7000-7f3005cc8000 rw-p 00000000 00:00 0 
7f3005cc8000-7f3005cc9000 ---p 00000000 00:00 0 
7f3005cc9000-7f3005dca000 rw-p 00000000 00:00 0 
7f3005dca000-7f3005dcb000 ---p 00000000 00:00 0 
7f3005dcb000-7f3005ecc000 rw-p 00000000 00:00 0 
7f3005ecc000-7f3005ecd000 ---p 00000000 00:00 0 
7f3005ecd000-7f3005fd3000 rw-p 00000000 00:00 0 
7f3005fd3000-7f30060b9000 ---p 00000000 00:00 0 
7f30060b9000-7f30060cb000 rw-p 00000000 00:00 0 
7f30060cb000-7f30061a4000 ---p 00000000 00:00 0 
7f30061a4000-7f30061a9000 r-xp 00000000 08:05 1044718                    /usr/lib/jvm/java-11-openjdk-amd64/lib/libjimage.so
7f30061a9000-7f30063a8000 ---p 00005000 08:05 1044718                    /usr/lib/jvm/java-11-openjdk-amd64/lib/libjimage.so
7f30063a8000-7f30063a9000 r--p 00004000 08:05 1044718                    /usr/lib/jvm/java-11-openjdk-amd64/lib/libjimage.so
7f30063a9000-7f30063aa000 rw-p 00005000 08:05 1044718                    /usr/lib/jvm/java-11-openjdk-amd64/lib/libjimage.so
7f30063aa000-7f30063b1000 r-xp 00000000 08:05 1062049                    /usr/lib/jvm/java-11-openjdk-amd64/lib/libzip.so
7f30063b1000-7f30065b0000 ---p 00007000 08:05 1062049                    /usr/lib/jvm/java-11-openjdk-amd64/lib/libzip.so
7f30065b0000-7f30065b1000 r--p 00006000 08:05 1062049                    /usr/lib/jvm/java-11-openjdk-amd64/lib/libzip.so
7f30065b1000-7f30065b2000 rw-p 00007000 08:05 1062049                    /usr/lib/jvm/java-11-openjdk-amd64/lib/libzip.so
7f30065b2000-7f30065bd000 r-xp 00000000 08:05 919743                     /lib/x86_64-linux-gnu/libnss_files-2.27.so
7f30065bd000-7f30067bc000 ---p 0000b000 08:05 919743                     /lib/x86_64-linux-gnu/libnss_files-2.27.so
7f30067bc000-7f30067bd000 r--p 0000a000 08:05 919743                     /lib/x86_64-linux-gnu/libnss_files-2.27.so
7f30067bd000-7f30067be000 rw-p 0000b000 08:05 919743                     /lib/x86_64-linux-gnu/libnss_files-2.27.so
7f30067be000-7f30067c4000 rw-p 00000000 00:00 0 
7f30067c4000-7f30067db000 r-xp 00000000 08:05 919737                     /lib/x86_64-linux-gnu/libnsl-2.27.so
7f30067db000-7f30069da000 ---p 00017000 08:05 919737                     /lib/x86_64-linux-gnu/libnsl-2.27.so
7f30069da000-7f30069db000 r--p 00016000 08:05 919737                     /lib/x86_64-linux-gnu/libnsl-2.27.so
7f30069db000-7f30069dc000 rw-p 00017000 08:05 919737                     /lib/x86_64-linux-gnu/libnsl-2.27.so
7f30069dc000-7f30069de000 rw-p 00000000 00:00 0 
7f30069de000-7f30069e9000 r-xp 00000000 08:05 919754                     /lib/x86_64-linux-gnu/libnss_nis-2.27.so
7f30069e9000-7f3006be8000 ---p 0000b000 08:05 919754                     /lib/x86_64-linux-gnu/libnss_nis-2.27.so
7f3006be8000-7f3006be9000 r--p 0000a000 08:05 919754                     /lib/x86_64-linux-gnu/libnss_nis-2.27.so
7f3006be9000-7f3006bea000 rw-p 0000b000 08:05 919754                     /lib/x86_64-linux-gnu/libnss_nis-2.27.so
7f3006bea000-7f3006bf2000 r-xp 00000000 08:05 919739                     /lib/x86_64-linux-gnu/libnss_compat-2.27.so
7f3006bf2000-7f3006df2000 ---p 00008000 08:05 919739                     /lib/x86_64-linux-gnu/libnss_compat-2.27.so
7f3006df2000-7f3006df3000 r--p 00008000 08:05 919739                     /lib/x86_64-linux-gnu/libnss_compat-2.27.so
7f3006df3000-7f3006df4000 rw-p 00009000 08:05 919739                     /lib/x86_64-linux-gnu/libnss_compat-2.27.so
7f3006df4000-7f3006e20000 r-xp 00000000 08:05 1044714                    /usr/lib/jvm/java-11-openjdk-amd64/lib/libjava.so
7f3006e20000-7f300701f000 ---p 0002c000 08:05 1044714                    /usr/lib/jvm/java-11-openjdk-amd64/lib/libjava.so
7f300701f000-7f3007020000 r--p 0002b000 08:05 1044714                    /usr/lib/jvm/java-11-openjdk-amd64/lib/libjava.so
7f3007020000-7f3007022000 rw-p 0002c000 08:05 1044714                    /usr/lib/jvm/java-11-openjdk-amd64/lib/libjava.so
7f3007022000-7f300702f000 r-xp 00000000 08:05 1062045                    /usr/lib/jvm/java-11-openjdk-amd64/lib/libverify.so
7f300702f000-7f300722e000 ---p 0000d000 08:05 1062045                    /usr/lib/jvm/java-11-openjdk-amd64/lib/libverify.so
7f300722e000-7f3007230000 r--p 0000c000 08:05 1062045                    /usr/lib/jvm/java-11-openjdk-amd64/lib/libverify.so
7f3007230000-7f3007231000 rw-p 0000e000 08:05 1062045                    /usr/lib/jvm/java-11-openjdk-amd64/lib/libverify.so
7f3007231000-7f3007238000 r-xp 00000000 08:05 919794                     /lib/x86_64-linux-gnu/librt-2.27.so
7f3007238000-7f3007437000 ---p 00007000 08:05 919794                     /lib/x86_64-linux-gnu/librt-2.27.so
7f3007437000-7f3007438000 r--p 00006000 08:05 919794                     /lib/x86_64-linux-gnu/librt-2.27.so
7f3007438000-7f3007439000 rw-p 00007000 08:05 919794                     /lib/x86_64-linux-gnu/librt-2.27.so
7f3007439000-7f3007450000 r-xp 00000000 08:05 913937                     /lib/x86_64-linux-gnu/libgcc_s.so.1
7f3007450000-7f300764f000 ---p 00017000 08:05 913937                     /lib/x86_64-linux-gnu/libgcc_s.so.1
7f300764f000-7f3007650000 r--p 00016000 08:05 913937                     /lib/x86_64-linux-gnu/libgcc_s.so.1
7f3007650000-7f3007651000 rw-p 00017000 08:05 913937                     /lib/x86_64-linux-gnu/libgcc_s.so.1
7f3007651000-7f30077ee000 r-xp 00000000 08:05 919716                     /lib/x86_64-linux-gnu/libm-2.27.so
7f30077ee000-7f30079ed000 ---p 0019d000 08:05 919716                     /lib/x86_64-linux-gnu/libm-2.27.so
7f30079ed000-7f30079ee000 r--p 0019c000 08:05 919716                     /lib/x86_64-linux-gnu/libm-2.27.so
7f30079ee000-7f30079ef000 rw-p 0019d000 08:05 919716                     /lib/x86_64-linux-gnu/libm-2.27.so
7f30079ef000-7f3007b68000 r-xp 00000000 08:05 261187                     /usr/lib/x86_64-linux-gnu/libstdc++.so.6.0.25
7f3007b68000-7f3007d68000 ---p 00179000 08:05 261187                     /usr/lib/x86_64-linux-gnu/libstdc++.so.6.0.25
7f3007d68000-7f3007d72000 r--p 00179000 08:05 261187                     /usr/lib/x86_64-linux-gnu/libstdc++.so.6.0.25
7f3007d72000-7f3007d74000 rw-p 00183000 08:05 261187                     /usr/lib/x86_64-linux-gnu/libstdc++.so.6.0.25
7f3007d74000-7f3007d78000 rw-p 00000000 00:00 0 
7f3007d78000-7f3008d15000 r-xp 00000000 08:05 1062065                    /usr/lib/jvm/java-11-openjdk-amd64/lib/server/libjvm.so
7f3008d15000-7f3008f15000 ---p 00f9d000 08:05 1062065                    /usr/lib/jvm/java-11-openjdk-amd64/lib/server/libjvm.so
7f3008f15000-7f3008fd9000 r--p 00f9d000 08:05 1062065                    /usr/lib/jvm/java-11-openjdk-amd64/lib/server/libjvm.so
7f3008fd9000-7f3009011000 rw-p 01061000 08:05 1062065                    /usr/lib/jvm/java-11-openjdk-amd64/lib/server/libjvm.so
7f3009011000-7f300905a000 rw-p 00000000 00:00 0 
7f300905a000-7f3009074000 r-xp 00000000 08:05 919786                     /lib/x86_64-linux-gnu/libpthread-2.27.so
7f3009074000-7f3009273000 ---p 0001a000 08:05 919786                     /lib/x86_64-linux-gnu/libpthread-2.27.so
7f3009273000-7f3009274000 r--p 00019000 08:05 919786                     /lib/x86_64-linux-gnu/libpthread-2.27.so
7f3009274000-7f3009275000 rw-p 0001a000 08:05 919786                     /lib/x86_64-linux-gnu/libpthread-2.27.so
7f3009275000-7f3009279000 rw-p 00000000 00:00 0 
7f3009279000-7f300927c000 r-xp 00000000 08:05 919676                     /lib/x86_64-linux-gnu/libdl-2.27.so
7f300927c000-7f300947b000 ---p 00003000 08:05 919676                     /lib/x86_64-linux-gnu/libdl-2.27.so
7f300947b000-7f300947c000 r--p 00002000 08:05 919676                     /lib/x86_64-linux-gnu/libdl-2.27.so
7f300947c000-7f300947d000 rw-p 00003000 08:05 919676                     /lib/x86_64-linux-gnu/libdl-2.27.so
7f300947d000-7f3009499000 r-xp 00000000 08:05 919825                     /lib/x86_64-linux-gnu/libz.so.1.2.11
7f3009499000-7f3009698000 ---p 0001c000 08:05 919825                     /lib/x86_64-linux-gnu/libz.so.1.2.11
7f3009698000-7f3009699000 r--p 0001b000 08:05 919825                     /lib/x86_64-linux-gnu/libz.so.1.2.11
7f3009699000-7f300969a000 rw-p 0001c000 08:05 919825                     /lib/x86_64-linux-gnu/libz.so.1.2.11
7f300969a000-7f3009881000 r-xp 00000000 08:05 919653                     /lib/x86_64-linux-gnu/libc-2.27.so
7f3009881000-7f3009a81000 ---p 001e7000 08:05 919653                     /lib/x86_64-linux-gnu/libc-2.27.so
7f3009a81000-7f3009a85000 r--p 001e7000 08:05 919653                     /lib/x86_64-linux-gnu/libc-2.27.so
7f3009a85000-7f3009a87000 rw-p 001eb000 08:05 919653                     /lib/x86_64-linux-gnu/libc-2.27.so
7f3009a87000-7f3009a8b000 rw-p 00000000 00:00 0 
7f3009a8b000-7f3009a9a000 r-xp 00000000 08:05 1044697                    /usr/lib/jvm/java-11-openjdk-amd64/lib/jli/libjli.so
7f3009a9a000-7f3009c99000 ---p 0000f000 08:05 1044697                    /usr/lib/jvm/java-11-openjdk-amd64/lib/jli/libjli.so
7f3009c99000-7f3009c9a000 r--p 0000e000 08:05 1044697                    /usr/lib/jvm/java-11-openjdk-amd64/lib/jli/libjli.so
7f3009c9a000-7f3009c9b000 rw-p 0000f000 08:05 1044697                    /usr/lib/jvm/java-11-openjdk-amd64/lib/jli/libjli.so
7f3009c9b000-7f3009cc2000 r-xp 00000000 08:05 919625                     /lib/x86_64-linux-gnu/ld-2.27.so
7f3009cc2000-7f3009cc3000 r--s 00000000 08:05 1192430                    /var/cache/fontconfig/49f0de54bdd920fe4f0dfd4cbac43e6b-le64.cache-7
7f3009cc3000-7f3009cc4000 r--s 00000000 08:05 1192477                    /var/cache/fontconfig/f6e6e0a5c3d2f6ae0c0c2e0ecd42a997-le64.cache-7
7f3009cc4000-7f3009cc5000 r--s 00000000 08:05 1192431                    /var/cache/fontconfig/4b2eda6bb976bda485cb2176619421d5-le64.cache-7
7f3009cc5000-7f3009cc7000 r--s 00000000 08:05 1192445                    /var/cache/fontconfig/6afa1bb216ce958c1589e297e8008489-le64.cache-7
7f3009cc7000-7f3009cca000 r--s 00000000 08:05 1206699                    /var/cache/fontconfig/16326683038b281783a0ef8c680e3a10-le64.cache-7
7f3009ce2000-7f3009ce7000 r--p 00000000 08:07 2894353                    /home/christoph/.config/dconf/user (deleted)
7f3009ce7000-7f3009da4000 rw-p 00000000 00:00 0 
7f3009da4000-7f3009da8000 ---p 00000000 00:00 0 
7f3009da8000-7f3009ea7000 rw-p 00000000 00:00 0 
7f3009ea7000-7f3009ea8000 r--s 00000000 08:05 1206695                    /var/cache/fontconfig/e0aa53bcfa504e64f87823c16bc01eb6-le64.cache-7
7f3009ea8000-7f3009ea9000 r--s 00000000 00:33 36                         /run/user/1000/dconf/user (deleted)
7f3009ea9000-7f3009eaf000 rw-p 00000000 00:00 0 
7f3009eaf000-7f3009eb6000 ---p 00000000 00:00 0 
7f3009eb6000-7f3009ebe000 rw-s 00000000 08:05 130608                     /tmp/hsperfdata_christoph/8558
7f3009ebe000-7f3009ebf000 ---p 00000000 00:00 0 
7f3009ebf000-7f3009ec0000 r--p 00000000 00:00 0 
7f3009ec0000-7f3009ec2000 rw-p 00000000 00:00 0 
7f3009ec2000-7f3009ec3000 r--p 00027000 08:05 919625                     /lib/x86_64-linux-gnu/ld-2.27.so
7f3009ec3000-7f3009ec4000 rw-p 00028000 08:05 919625                     /lib/x86_64-linux-gnu/ld-2.27.so
7f3009ec4000-7f3009ec5000 rw-p 00000000 00:00 0 
7fffc00b6000-7fffc00d7000 rw-p 00000000 00:00 0                          [stack]
7fffc00de000-7fffc00e1000 r--p 00000000 00:00 0                          [vvar]
7fffc00e1000-7fffc00e3000 r-xp 00000000 00:00 0                          [vdso]
ffffffffff600000-ffffffffff601000 r-xp 00000000 00:00 0                  [vsyscall]


VM Arguments:
jvm_args: -Dfile.encoding=UTF-8 
java_command: Controllers.TRECController
java_class_path (initial): /home/christoph/Uni/OAD/OAD-2018-2019/Ass2/UI-Prototyp:/home/christoph/Uni/OAD/OAD-2018-2019/Ass2/UI-Prototyp/lib/antlr-2.7.7.jar:/home/christoph/Uni/OAD/OAD-2018-2019/Ass2/UI-Prototyp/lib/byte-buddy-1.8.17.jar:/home/christoph/Uni/OAD/OAD-2018-2019/Ass2/UI-Prototyp/lib/classmate-1.3.4.jar:/home/christoph/Uni/OAD/OAD-2018-2019/Ass2/UI-Prototyp/lib/dom4j-2.1.1.jar:/home/christoph/Uni/OAD/OAD-2018-2019/Ass2/UI-Prototyp/lib/hibernate-commons-annotations-5.0.4.Final.jar:/home/christoph/Uni/OAD/OAD-2018-2019/Ass2/UI-Prototyp/lib/hibernate-core-5.3.7.Final.jar:/home/christoph/Uni/OAD/OAD-2018-2019/Ass2/UI-Prototyp/lib/jandex-2.0.5.Final.jar:/home/christoph/Uni/OAD/OAD-2018-2019/Ass2/UI-Prototyp/lib/javassist-3.23.1-GA.jar:/home/christoph/Uni/OAD/OAD-2018-2019/Ass2/UI-Prototyp/lib/javax.activation-api-1.2.0.jar:/home/christoph/Uni/OAD/OAD-2018-2019/Ass2/UI-Prototyp/lib/javax.persistence-api-2.2.jar:/home/christoph/Uni/OAD/OAD-2018-2019/Ass2/UI-Prototyp/lib/jboss-logging-3.3.2.Final.jar:/home/christoph/Uni/OAD/OAD-2018-2019/Ass2/UI-Prototyp/lib/jboss-transaction-api_1.2_spec-1.1.1.Final.jar:/home/christoph/Uni/OAD/OAD-2018-2019/Ass2/UI-Prototyp/lib/mysql-connector-java-8.0.13.jar:/home/christoph/Uni/OAD/OAD-2018-2019/Ass2/UI-Prototyp/lib/javax.activation-1.2.0.jar:/home/christoph/Uni/OAD/OAD-2018-2019/Ass2/UI-Prototyp/lib/jaxb-api-2.3.0.jar:/home/christoph/Uni/OAD/OAD-2018-2019/Ass2/UI-Prototyp/lib/jaxb-core-2.3.0.jar:/home/christoph/Uni/OAD/OAD-2018-2019/Ass2/UI-Prototyp/lib/jaxb-impl-2.3.0.jar
Launcher Type: SUN_STANDARD

Logging:
Log output configuration:
#0: stdout all=warning uptime,level,tags
#1: stderr all=off uptime,level,tags

Environment Variables:
PATH=/home/christoph/.local/bin:/usr/local/sbin:/usr/local/bin:/usr/sbin:/usr/bin:/sbin:/bin:/usr/games:/usr/local/games:/snap/bin
USERNAME=christoph
SHELL=/bin/bash
DISPLAY=:0

Signal Handlers:
SIGSEGV: [libjvm.so+0xd28b70], sa_mask[0]=11111111011111111101111111111110, sa_flags=SA_RESTART|SA_SIGINFO
SIGBUS: [libjvm.so+0xd28b70], sa_mask[0]=11111111011111111101111111111110, sa_flags=SA_RESTART|SA_SIGINFO
SIGFPE: [libjvm.so+0xd28b70], sa_mask[0]=11111111011111111101111111111110, sa_flags=SA_RESTART|SA_SIGINFO
SIGPIPE: SIG_IGN, sa_mask[0]=00000000000010000000000000000000, sa_flags=SA_RESTART
SIGXFSZ: [libjvm.so+0xb2a1f0], sa_mask[0]=11111111011111111101111111111110, sa_flags=SA_RESTART|SA_SIGINFO
SIGILL: [libjvm.so+0xd28b70], sa_mask[0]=11111111011111111101111111111110, sa_flags=SA_RESTART|SA_SIGINFO
SIGUSR2: [libjvm.so+0xb2a030], sa_mask[0]=00100000000000000000000000000000, sa_flags=SA_RESTART|SA_SIGINFO
SIGHUP: [libjvm.so+0xb2a180], sa_mask[0]=11111111011111111101111111111110, sa_flags=SA_RESTART|SA_SIGINFO
SIGINT: [libjvm.so+0xb2a180], sa_mask[0]=11111111011111111101111111111110, sa_flags=SA_RESTART|SA_SIGINFO
SIGTERM: [libjvm.so+0xb2a180], sa_mask[0]=11111111011111111101111111111110, sa_flags=SA_RESTART|SA_SIGINFO
SIGQUIT: [libjvm.so+0xb2a180], sa_mask[0]=11111111011111111101111111111110, sa_flags=SA_RESTART|SA_SIGINFO


---------------  S Y S T E M  ---------------

OS:DISTRIB_ID=Ubuntu
DISTRIB_RELEASE=18.04
DISTRIB_CODENAME=bionic
DISTRIB_DESCRIPTION="Ubuntu 18.04.1 LTS"
uname:Linux 4.15.0-43-generic #46-Ubuntu SMP Thu Dec 6 14:45:28 UTC 2018 x86_64
libc:glibc 2.27 NPTL 2.27 
rlimit: STACK 8192k, CORE 0k, NPROC 30905, NOFILE 4096, AS infinity, DATA infinity, FSIZE infinity
load average:1,35 1,66 1,63

/proc/meminfo:
MemTotal:        8029488 kB
MemFree:         2562788 kB
MemAvailable:    2776888 kB
Buffers:           33000 kB
Cached:           454048 kB
SwapCached:        55652 kB
Active:          4224972 kB
Inactive:         978428 kB
Active(anon):    4031820 kB
Inactive(anon):   755920 kB
Active(file):     193152 kB
Inactive(file):   222508 kB
Unevictable:          32 kB
Mlocked:              32 kB
SwapTotal:       3906556 kB
SwapFree:         559528 kB
Dirty:              3168 kB
Writeback:             0 kB
AnonPages:       4660676 kB
Mapped:           198336 kB
Shmem:             71412 kB
Slab:             116496 kB
SReclaimable:      45360 kB
SUnreclaim:        71136 kB
KernelStack:       27696 kB
PageTables:        53948 kB
NFS_Unstable:          0 kB
Bounce:                0 kB
WritebackTmp:          0 kB
CommitLimit:     7921300 kB
Committed_AS:   14069500 kB
VmallocTotal:   34359738367 kB
VmallocUsed:           0 kB
VmallocChunk:          0 kB
HardwareCorrupted:     0 kB
AnonHugePages:         0 kB
ShmemHugePages:        0 kB
ShmemPmdMapped:        0 kB
CmaTotal:              0 kB
CmaFree:               0 kB
HugePages_Total:       0
HugePages_Free:        0
HugePages_Rsvd:        0
HugePages_Surp:        0
Hugepagesize:       2048 kB
DirectMap4k:      187796 kB
DirectMap2M:     7014400 kB
DirectMap1G:     1048576 kB

container (cgroup) information:
container_type: cgroupv1
cpu_cpuset_cpus: 0-3
cpu_memory_nodes: 0
active_processor_count: 4
cpu_quota: -1
cpu_period: 100000
cpu_shares: -1
memory_limit_in_bytes: -1
memory_and_swap_limit_in_bytes: -2
memory_soft_limit_in_bytes: -1
memory_usage_in_bytes: 5275455488
memory_max_usage_in_bytes: 0


CPU:total 4 (initial active 4) (2 cores per cpu, 2 threads per core) family 6 model 78 stepping 3, cmov, cx8, fxsr, mmx, sse, sse2, sse3, ssse3, sse4.1, sse4.2, popcnt, avx, avx2, aes, clmul, erms, 3dnowpref, lzcnt, ht, tsc, tscinvbit, bmi1, bmi2, adx, fma
CPU Model and flags from /proc/cpuinfo:
model name	: Intel(R) Core(TM) i5-6200U CPU @ 2.30GHz
flags		: fpu vme de pse tsc msr pae mce cx8 apic sep mtrr pge mca cmov pat pse36 clflush dts acpi mmx fxsr sse sse2 ss ht tm pbe syscall nx pdpe1gb rdtscp lm constant_tsc art arch_perfmon pebs bts rep_good nopl xtopology nonstop_tsc cpuid aperfmperf tsc_known_freq pni pclmulqdq dtes64 monitor ds_cpl vmx est tm2 ssse3 sdbg fma cx16 xtpr pdcm pcid sse4_1 sse4_2 x2apic movbe popcnt tsc_deadline_timer aes xsave avx f16c rdrand lahf_lm abm 3dnowprefetch cpuid_fault epb invpcid_single pti ssbd ibrs ibpb stibp tpr_shadow vnmi flexpriority ept vpid fsgsbase tsc_adjust bmi1 avx2 smep bmi2 erms invpcid mpx rdseed adx smap clflushopt intel_pt xsaveopt xsavec xgetbv1 xsaves dtherm ida arat pln pts hwp hwp_notify hwp_act_window hwp_epp flush_l1d

Memory: 4k page, physical 8029488k(2562540k free), swap 3906556k(559528k free)

vm_info: OpenJDK 64-Bit Server VM (10.0.2+13-Ubuntu-1ubuntu0.18.04.4) for linux-amd64 JRE (10.0.2+13-Ubuntu-1ubuntu0.18.04.4), built on Nov 13 2018 12:53:39 by "buildd" with gcc 7.3.0

END.
