#
# A fatal error has been detected by the Java Runtime Environment:
#
#  SIGSEGV (0xb) at pc=0x00007f6a97b7fb1e, pid=14093, tid=14127
#
# JRE version: OpenJDK Runtime Environment (10.0.2+13) (build 10.0.2+13-Ubuntu-1ubuntu0.18.04.4)
# Java VM: OpenJDK 64-Bit Server VM (10.0.2+13-Ubuntu-1ubuntu0.18.04.4, mixed mode, tiered, compressed oops, g1 gc, linux-amd64)
# Problematic frame:
# v  ~BufferBlob::jni_fast_GetLongField
#
# Core dump will be written. Default location: Core dumps may be processed with "/usr/share/apport/apport %p %s %c %d %P" (or dumping to /home/christoph/Uni/OAD/OAD-2018-2019/Ass2/UI-Prototyp/core.14093)
#
# If you would like to submit a bug report, please visit:
#   http://bugreport.java.com/bugreport/crash.jsp
# The crash happened outside the Java Virtual Machine in native code.
# See problematic frame for where to report the bug.
#

---------------  S U M M A R Y ------------

Command Line: -Dfile.encoding=UTF-8 Controllers.TRECController

Host: Intel(R) Core(TM) i5-6200U CPU @ 2.30GHz, 4 cores, 7G, Ubuntu 18.04.1 LTS
Time: Thu Jan 24 23:40:28 2019 CET elapsed time: 9788 seconds (0d 2h 43m 8s)

---------------  T H R E A D  ---------------

Current thread (0x00007f6ab041b000):  JavaThread "AWT-XAWT" daemon [_thread_in_native, id=14127, stack(0x00007f6a348c1000,0x00007f6a349c2000)]

Stack: [0x00007f6a348c1000,0x00007f6a349c2000],  sp=0x00007f6a349c0878,  free space=1022k
Native frames: (J=compiled Java code, A=aot compiled Java code, j=interpreted, Vv=VM code, C=native code)
v  ~BufferBlob::jni_fast_GetLongField
C  [libX11.so.6+0x64b1d]  _XimServerDestroy+0x3d

Java frames: (J=compiled Java code, j=interpreted, Vv=VM code)
J 3595  sun.awt.X11.XlibWrapper.XFilterEvent(JJ)Z java.desktop@10.0.2 (0 bytes) @ 0x00007f6a9f775704 [0x00007f6a9f7756c0+0x0000000000000044]
j  sun.awt.X11.XToolkit.run(Z)V+287 java.desktop@10.0.2
j  sun.awt.X11.XToolkit.run()V+5 java.desktop@10.0.2
j  java.lang.Thread.run()V+11 java.base@10.0.2
v  ~StubRoutines::call_stub

siginfo: si_signo: 11 (SIGSEGV), si_code: 1 (SEGV_MAPERR), si_addr: 0x0000000000000000

Register to memory mapping:

RAX=0x00007f6ab7c64a80: <offset 0x0000000001274a80> in /usr/lib/jvm/java-11-openjdk-amd64/lib/server/libjvm.so at 0x00007f6ab69f0000
RBX=0x00007f6ab041b200 is an unknown value
RCX=0x0000000000000000 is an unknown value
RDX=0x0000000000000042 is an unknown value
RSP=0x00007f6a349c0878 is pointing into the stack for thread: 0x00007f6ab041b000
RBP=0x00007f6a349c08a0 is pointing into the stack for thread: 0x00007f6ab041b000
RSI=0x0000000000000000 is an unknown value
RDI=0x00007f6ab041b200 is an unknown value
R8 =0x00007f6a61dd99b0: <offset 0x000000000005c9b0> in /usr/lib/x86_64-linux-gnu/libX11.so.6 at 0x00007f6a61d7d000
R9 =0x0000000000000000 is an unknown value
R10=0x000000000000022e is an unknown value
R11=0x00007f6a9f7756d8 is at entry_point+24 in (nmethod*)0x00007f6a9f775510
R12=0x0000000000000000 is an unknown value
R13=0x0000000000000000 is an unknown value
R14=0x00007f6a6252a5c0: <offset 0x00000000002635c0> in /usr/lib/jvm/java-11-openjdk-amd64/lib/libawt_xawt.so at 0x00007f6a622c7000
R15=0x00007f6ab041b000 is a thread


Registers:
RAX=0x00007f6ab7c64a80, RBX=0x00007f6ab041b200, RCX=0x0000000000000000, RDX=0x0000000000000042
RSP=0x00007f6a349c0878, RBP=0x00007f6a349c08a0, RSI=0x0000000000000000, RDI=0x00007f6ab041b200
R8 =0x00007f6a61dd99b0, R9 =0x0000000000000000, R10=0x000000000000022e, R11=0x00007f6a9f7756d8
R12=0x0000000000000000, R13=0x0000000000000000, R14=0x00007f6a6252a5c0, R15=0x00007f6ab041b000
RIP=0x00007f6a97b7fb1e, EFLAGS=0x0000000000010246, CSGSFS=0x002b000000000033, ERR=0x0000000000000004
  TRAPNO=0x000000000000000e

Top of Stack: (sp=0x00007f6a349c0878)
0x00007f6a349c0878:   00007f6a622fe1d4 00007f6a948f8078
0x00007f6a349c0888:   0000000000000000 00007f6a349c0948
0x00007f6a349c0898:   00007f6a349c0920 00007f6a1809e230
0x00007f6a349c08a8:   00007f6a61de1b1d 00007f6a948f8078 

Instructions: (pc=0x00007f6a97b7fb1e)
0x00007f6a97b7fafe:   00 00 44 8b 15 7d 08 13 20 4c 8b ce 41 f6 c2 01
0x00007f6a97b7fb0e:   0f 85 32 00 00 00 4d 33 ca 4d 33 ca 49 83 e1 fe
0x00007f6a97b7fb1e:   4d 8b 09 4c 8b da 49 c1 eb 02 4b 8b 04 19 49 bb
0x00007f6a97b7fb2e:   84 03 cb b7 6a 7f 00 00 4c 33 d8 4c 33 d8 45 3b 



---------------  P R O C E S S  ---------------

Threads class SMR info:
_java_thread_list=0x00007f6a18000b20, length=16, elements={
0x00007f6ab0132000, 0x00007f6ab0134000, 0x00007f6ab0146800, 0x00007f6ab0148800,
0x00007f6ab014a800, 0x00007f6ab014c800, 0x00007f6ab014e800, 0x00007f6ab01f2800,
0x00007f6ab0201000, 0x00007f6ab03ed800, 0x00007f6ab041b000, 0x00007f6ab0012000,
0x00007f6a180ad000, 0x00007f6a1851e800, 0x00007f6a18547000, 0x00007f6a54003000
}
_to_delete_list=0x00007f6a18199b90, length=15, elements={
0x00007f6ab0132000, 0x00007f6ab0134000, 0x00007f6ab0146800, 0x00007f6ab0148800,
0x00007f6ab014a800, 0x00007f6ab014c800, 0x00007f6ab014e800, 0x00007f6ab01f2800,
0x00007f6ab0201000, 0x00007f6ab03ed800, 0x00007f6ab041b000, 0x00007f6ab0012000,
0x00007f6a180ad000, 0x00007f6a1851e800, 0x00007f6a18547000
}

Java Threads: ( => current thread )
  0x00007f6ab0132000 JavaThread "Reference Handler" daemon [_thread_blocked, id=14112, stack(0x00007f6a63eff000,0x00007f6a64000000)]
  0x00007f6ab0134000 JavaThread "Finalizer" daemon [_thread_blocked, id=14113, stack(0x00007f6a63dfe000,0x00007f6a63eff000)]
  0x00007f6ab0146800 JavaThread "Signal Dispatcher" daemon [_thread_blocked, id=14114, stack(0x00007f6a6332e000,0x00007f6a6342f000)]
  0x00007f6ab0148800 JavaThread "C2 CompilerThread0" daemon [_thread_blocked, id=14115, stack(0x00007f6a6322d000,0x00007f6a6332e000)]
  0x00007f6ab014a800 JavaThread "C2 CompilerThread1" daemon [_thread_blocked, id=14116, stack(0x00007f6a6312c000,0x00007f6a6322d000)]
  0x00007f6ab014c800 JavaThread "C1 CompilerThread2" daemon [_thread_blocked, id=14117, stack(0x00007f6a6302b000,0x00007f6a6312c000)]
  0x00007f6ab014e800 JavaThread "Sweeper thread" daemon [_thread_blocked, id=14119, stack(0x00007f6a62f2a000,0x00007f6a6302b000)]
  0x00007f6ab01f2800 JavaThread "Service Thread" daemon [_thread_blocked, id=14120, stack(0x00007f6a62e29000,0x00007f6a62f2a000)]
  0x00007f6ab0201000 JavaThread "Common-Cleaner" daemon [_thread_blocked, id=14122, stack(0x00007f6a62c26000,0x00007f6a62d27000)]
  0x00007f6ab03ed800 JavaThread "Java2D Disposer" daemon [_thread_blocked, id=14126, stack(0x00007f6a60038000,0x00007f6a60139000)]
=>0x00007f6ab041b000 JavaThread "AWT-XAWT" daemon [_thread_in_native, id=14127, stack(0x00007f6a348c1000,0x00007f6a349c2000)]
  0x00007f6ab0012000 JavaThread "DestroyJavaVM" [_thread_blocked, id=14099, stack(0x00007f6ab8a1c000,0x00007f6ab8b1d000)]
  0x00007f6a180ad000 JavaThread "TimerQueue" daemon [_thread_blocked, id=14131, stack(0x00007f6a13eff000,0x00007f6a14000000)]
  0x00007f6a1851e800 JavaThread "Abandoned connection cleanup thread" daemon [_thread_blocked, id=14132, stack(0x00007f6a137fe000,0x00007f6a138ff000)]
  0x00007f6a18547000 JavaThread "pool-1-thread-1" [_thread_blocked, id=14134, stack(0x00007f6a12a1c000,0x00007f6a12b1d000)]
  0x00007f6a54003000 JavaThread "SIGTERM handler" daemon [_thread_blocked, id=20685, stack(0x00007f6a342bf000,0x00007f6a343c0000)]

Other Threads:
  0x00007f6ab0128000 VMThread "VM Thread" [stack: 0x00007f6a84058000,0x00007f6a84158000] [id=14111]
  0x00007f6ab01f5000 WatcherThread [stack: 0x00007f6a62d29000,0x00007f6a62e29000] [id=14121]
  0x00007f6ab0028800 GCTaskThread "GC Thread#0" [stack: 0x00007f6ab4b46000,0x00007f6ab4c46000] [id=14100]
  0x00007f6ab002a000 GCTaskThread "GC Thread#1" [stack: 0x00007f6ab4a44000,0x00007f6ab4b44000] [id=14101]
  0x00007f6ab002b800 GCTaskThread "GC Thread#2" [stack: 0x00007f6ab4942000,0x00007f6ab4a42000] [id=14102]
  0x00007f6ab002d800 GCTaskThread "GC Thread#3" [stack: 0x00007f6ab4840000,0x00007f6ab4940000] [id=14103]
  0x00007f6ab0056800 ConcurrentGCThread "G1 Main Marker" [stack: 0x00007f6a953d3000,0x00007f6a954d3000] [id=14104]
  0x00007f6ab0058800 ConcurrentGCThread "G1 Conc#0" [stack: 0x00007f6a952d1000,0x00007f6a953d1000] [id=14105]
  0x00007f6ab00c0000 ConcurrentGCThread "G1 Refine#0" [stack: 0x00007f6a94dcb000,0x00007f6a94ecb000] [id=14106]
  0x00007f6ab00c2000 ConcurrentGCThread "G1 Refine#1" [stack: 0x00007f6a94cc9000,0x00007f6a94dc9000] [id=14107]
  0x00007f6ab00c3800 ConcurrentGCThread "G1 Refine#2" [stack: 0x00007f6a94bc7000,0x00007f6a94cc7000] [id=14108]
  0x00007f6ab00c5800 ConcurrentGCThread "G1 Refine#3" [stack: 0x00007f6a94ac5000,0x00007f6a94bc5000] [id=14109]
  0x00007f6ab00c7000 ConcurrentGCThread "G1 Young RemSet Sampling" [stack: 0x00007f6a949c3000,0x00007f6a94ac3000] [id=14110]

Threads with active compile tasks:

VM state:not at safepoint (normal execution)

VM Mutex/Monitor currently owned by a thread:  ([mutex/lock_event])
[0x00007f6ab000e4d0] Threads_lock - owner thread: 0x00007f6ab0146800

Heap address: 0x0000000085600000, size: 1962 MB, Compressed Oops mode: 32-bit
Narrow klass base: 0x0000000000000000, Narrow klass shift: 3
Compressed class space size: 1073741824 Address: 0x0000000100000000

Heap:
 garbage-first heap   total 126976K, used 19678K [0x0000000085600000, 0x0000000100000000)
  region size 1024K, 11 young (11264K), 3 survivors (3072K)
 Metaspace       used 48729K, capacity 49532K, committed 49920K, reserved 1093632K
  class space    used 5739K, capacity 6090K, committed 6144K, reserved 1048576K
Heap Regions: E=young(eden), S=young(survivor), O=old, HS=humongous(starts), HC=humongous(continues), CS=collection set, F=free, A=archive, TS=gc time stamp, AC=allocation context, TAMS=top-at-mark-start (previous, next)
|   0|0x0000000085600000, 0x0000000085700000, 0x0000000085700000|100%|HS|  |TS  0|AC  0|TAMS 0x0000000085700000, 0x0000000085700000|
|   1|0x0000000085700000, 0x0000000085800000, 0x0000000085800000|100%| O|  |TS  0|AC  0|TAMS 0x0000000085800000, 0x0000000085800000|
|   2|0x0000000085800000, 0x0000000085900000, 0x0000000085900000|100%| O|  |TS  0|AC  0|TAMS 0x0000000085900000, 0x0000000085900000|
|   3|0x0000000085900000, 0x0000000085a00000, 0x0000000085a00000|100%| O|  |TS  0|AC  0|TAMS 0x0000000085a00000, 0x0000000085a00000|
|   4|0x0000000085a00000, 0x0000000085b00000, 0x0000000085b00000|100%| O|  |TS  1|AC  0|TAMS 0x0000000085a44800, 0x0000000085a44800|
|   5|0x0000000085b00000, 0x0000000085c00000, 0x0000000085c00000|100%| O|  |TS  1|AC  0|TAMS 0x0000000085b00000, 0x0000000085b00000|
|   6|0x0000000085c00000, 0x0000000085d00000, 0x0000000085d00000|100%| O|  |TS  1|AC  0|TAMS 0x0000000085c00000, 0x0000000085c00000|
|   7|0x0000000085d00000, 0x0000000085e00000, 0x0000000085e00000|100%| O|  |TS  1|AC  0|TAMS 0x0000000085d00000, 0x0000000085d00000|
|   8|0x0000000085e00000, 0x0000000085f00000, 0x0000000085f00000|100%| O|  |TS  1|AC  0|TAMS 0x0000000085e00000, 0x0000000085e00000|
|   9|0x0000000085f00000, 0x0000000085f71e00, 0x0000000086000000| 44%| O|  |TS  1|AC  0|TAMS 0x0000000085f00000, 0x0000000085f00000|
|  10|0x0000000086000000, 0x0000000086000000, 0x0000000086100000|  0%| F|  |TS  0|AC  0|TAMS 0x0000000086000000, 0x0000000086000000|
|  11|0x0000000086100000, 0x0000000086100000, 0x0000000086200000|  0%| F|  |TS  0|AC  0|TAMS 0x0000000086100000, 0x0000000086100000|
|  12|0x0000000086200000, 0x0000000086200000, 0x0000000086300000|  0%| F|  |TS  0|AC  0|TAMS 0x0000000086200000, 0x0000000086200000|
|  13|0x0000000086300000, 0x0000000086300000, 0x0000000086400000|  0%| F|  |TS  0|AC  0|TAMS 0x0000000086300000, 0x0000000086300000|
|  14|0x0000000086400000, 0x0000000086400000, 0x0000000086500000|  0%| F|  |TS  0|AC  0|TAMS 0x0000000086400000, 0x0000000086400000|
|  15|0x0000000086500000, 0x0000000086500000, 0x0000000086600000|  0%| F|  |TS  0|AC  0|TAMS 0x0000000086500000, 0x0000000086500000|
|  16|0x0000000086600000, 0x0000000086600000, 0x0000000086700000|  0%| F|  |TS  0|AC  0|TAMS 0x0000000086600000, 0x0000000086600000|
|  17|0x0000000086700000, 0x0000000086700000, 0x0000000086800000|  0%| F|  |TS  0|AC  0|TAMS 0x0000000086700000, 0x0000000086700000|
|  18|0x0000000086800000, 0x0000000086800000, 0x0000000086900000|  0%| F|  |TS  0|AC  0|TAMS 0x0000000086800000, 0x0000000086800000|
|  19|0x0000000086900000, 0x0000000086900000, 0x0000000086a00000|  0%| F|  |TS  0|AC  0|TAMS 0x0000000086900000, 0x0000000086900000|
|  20|0x0000000086a00000, 0x0000000086a00000, 0x0000000086b00000|  0%| F|  |TS  0|AC  0|TAMS 0x0000000086a00000, 0x0000000086a00000|
|  21|0x0000000086b00000, 0x0000000086b00000, 0x0000000086c00000|  0%| F|  |TS  0|AC  0|TAMS 0x0000000086b00000, 0x0000000086b00000|
|  22|0x0000000086c00000, 0x0000000086c00000, 0x0000000086d00000|  0%| F|  |TS  0|AC  0|TAMS 0x0000000086c00000, 0x0000000086c00000|
|  23|0x0000000086d00000, 0x0000000086d00000, 0x0000000086e00000|  0%| F|  |TS  0|AC  0|TAMS 0x0000000086d00000, 0x0000000086d00000|
|  24|0x0000000086e00000, 0x0000000086e00000, 0x0000000086f00000|  0%| F|  |TS  0|AC  0|TAMS 0x0000000086e00000, 0x0000000086e00000|
|  25|0x0000000086f00000, 0x0000000086f00000, 0x0000000087000000|  0%| F|  |TS  0|AC  0|TAMS 0x0000000086f00000, 0x0000000086f00000|
|  26|0x0000000087000000, 0x0000000087000000, 0x0000000087100000|  0%| F|  |TS  0|AC  0|TAMS 0x0000000087000000, 0x0000000087000000|
|  27|0x0000000087100000, 0x0000000087100000, 0x0000000087200000|  0%| F|  |TS  0|AC  0|TAMS 0x0000000087100000, 0x0000000087100000|
|  28|0x0000000087200000, 0x0000000087200000, 0x0000000087300000|  0%| F|  |TS  0|AC  0|TAMS 0x0000000087200000, 0x0000000087200000|
|  29|0x0000000087300000, 0x0000000087300000, 0x0000000087400000|  0%| F|  |TS  0|AC  0|TAMS 0x0000000087300000, 0x0000000087300000|
|  30|0x0000000087400000, 0x0000000087400000, 0x0000000087500000|  0%| F|  |TS  0|AC  0|TAMS 0x0000000087400000, 0x0000000087400000|
|  31|0x0000000087500000, 0x0000000087500000, 0x0000000087600000|  0%| F|  |TS  0|AC  0|TAMS 0x0000000087500000, 0x0000000087500000|
|  32|0x0000000087600000, 0x0000000087600000, 0x0000000087700000|  0%| F|  |TS  0|AC  0|TAMS 0x0000000087600000, 0x0000000087600000|
|  33|0x0000000087700000, 0x0000000087700000, 0x0000000087800000|  0%| F|  |TS  0|AC  0|TAMS 0x0000000087700000, 0x0000000087700000|
|  34|0x0000000087800000, 0x0000000087800000, 0x0000000087900000|  0%| F|  |TS  0|AC  0|TAMS 0x0000000087800000, 0x0000000087800000|
|  35|0x0000000087900000, 0x0000000087900000, 0x0000000087a00000|  0%| F|  |TS  0|AC  0|TAMS 0x0000000087900000, 0x0000000087900000|
|  36|0x0000000087a00000, 0x0000000087a00000, 0x0000000087b00000|  0%| F|  |TS  0|AC  0|TAMS 0x0000000087a00000, 0x0000000087a00000|
|  37|0x0000000087b00000, 0x0000000087b00000, 0x0000000087c00000|  0%| F|  |TS  0|AC  0|TAMS 0x0000000087b00000, 0x0000000087b00000|
|  38|0x0000000087c00000, 0x0000000087c00000, 0x0000000087d00000|  0%| F|  |TS  0|AC  0|TAMS 0x0000000087c00000, 0x0000000087c00000|
|  39|0x0000000087d00000, 0x0000000087d00000, 0x0000000087e00000|  0%| F|  |TS  0|AC  0|TAMS 0x0000000087d00000, 0x0000000087d00000|
|  40|0x0000000087e00000, 0x0000000087e00000, 0x0000000087f00000|  0%| F|  |TS  0|AC  0|TAMS 0x0000000087e00000, 0x0000000087e00000|
|  41|0x0000000087f00000, 0x0000000087f00000, 0x0000000088000000|  0%| F|  |TS  0|AC  0|TAMS 0x0000000087f00000, 0x0000000087f00000|
|  42|0x0000000088000000, 0x0000000088000000, 0x0000000088100000|  0%| F|  |TS  0|AC  0|TAMS 0x0000000088000000, 0x0000000088000000|
|  43|0x0000000088100000, 0x0000000088100000, 0x0000000088200000|  0%| F|  |TS  0|AC  0|TAMS 0x0000000088100000, 0x0000000088100000|
|  44|0x0000000088200000, 0x0000000088200000, 0x0000000088300000|  0%| F|  |TS  0|AC  0|TAMS 0x0000000088200000, 0x0000000088200000|
|  45|0x0000000088300000, 0x0000000088300000, 0x0000000088400000|  0%| F|  |TS  0|AC  0|TAMS 0x0000000088300000, 0x0000000088300000|
|  46|0x0000000088400000, 0x0000000088400000, 0x0000000088500000|  0%| F|  |TS  0|AC  0|TAMS 0x0000000088400000, 0x0000000088400000|
|  47|0x0000000088500000, 0x0000000088500000, 0x0000000088600000|  0%| F|  |TS  0|AC  0|TAMS 0x0000000088500000, 0x0000000088500000|
|  48|0x0000000088600000, 0x0000000088600000, 0x0000000088700000|  0%| F|  |TS  0|AC  0|TAMS 0x0000000088600000, 0x0000000088600000|
|  49|0x0000000088700000, 0x0000000088700000, 0x0000000088800000|  0%| F|  |TS  0|AC  0|TAMS 0x0000000088700000, 0x0000000088700000|
|  50|0x0000000088800000, 0x0000000088800000, 0x0000000088900000|  0%| F|  |TS  0|AC  0|TAMS 0x0000000088800000, 0x0000000088800000|
|  51|0x0000000088900000, 0x0000000088900000, 0x0000000088a00000|  0%| F|  |TS  0|AC  0|TAMS 0x0000000088900000, 0x0000000088900000|
|  52|0x0000000088a00000, 0x0000000088a00000, 0x0000000088b00000|  0%| F|  |TS  0|AC  0|TAMS 0x0000000088a00000, 0x0000000088a00000|
|  53|0x0000000088b00000, 0x0000000088b00000, 0x0000000088c00000|  0%| F|  |TS  0|AC  0|TAMS 0x0000000088b00000, 0x0000000088b00000|
|  54|0x0000000088c00000, 0x0000000088c00000, 0x0000000088d00000|  0%| F|  |TS  0|AC  0|TAMS 0x0000000088c00000, 0x0000000088c00000|
|  55|0x0000000088d00000, 0x0000000088d00000, 0x0000000088e00000|  0%| F|  |TS  0|AC  0|TAMS 0x0000000088d00000, 0x0000000088d00000|
|  56|0x0000000088e00000, 0x0000000088e00000, 0x0000000088f00000|  0%| F|  |TS  0|AC  0|TAMS 0x0000000088e00000, 0x0000000088e00000|
|  57|0x0000000088f00000, 0x0000000088f00000, 0x0000000089000000|  0%| F|  |TS  0|AC  0|TAMS 0x0000000088f00000, 0x0000000088f00000|
|  58|0x0000000089000000, 0x0000000089000000, 0x0000000089100000|  0%| F|  |TS  0|AC  0|TAMS 0x0000000089000000, 0x0000000089000000|
|  59|0x0000000089100000, 0x0000000089100000, 0x0000000089200000|  0%| F|  |TS  0|AC  0|TAMS 0x0000000089100000, 0x0000000089100000|
|  60|0x0000000089200000, 0x0000000089200000, 0x0000000089300000|  0%| F|  |TS  0|AC  0|TAMS 0x0000000089200000, 0x0000000089200000|
|  61|0x0000000089300000, 0x0000000089300000, 0x0000000089400000|  0%| F|  |TS  0|AC  0|TAMS 0x0000000089300000, 0x0000000089300000|
|  62|0x0000000089400000, 0x0000000089400000, 0x0000000089500000|  0%| F|  |TS  0|AC  0|TAMS 0x0000000089400000, 0x0000000089400000|
|  63|0x0000000089500000, 0x0000000089500000, 0x0000000089600000|  0%| F|  |TS  0|AC  0|TAMS 0x0000000089500000, 0x0000000089500000|
|  64|0x0000000089600000, 0x0000000089600000, 0x0000000089700000|  0%| F|  |TS  0|AC  0|TAMS 0x0000000089600000, 0x0000000089600000|
|  65|0x0000000089700000, 0x0000000089700000, 0x0000000089800000|  0%| F|  |TS  0|AC  0|TAMS 0x0000000089700000, 0x0000000089700000|
|  66|0x0000000089800000, 0x00000000898c5b80, 0x0000000089900000| 77%| S|CS|TS  1|AC  0|TAMS 0x0000000089800000, 0x0000000089800000|
|  67|0x0000000089900000, 0x0000000089a00000, 0x0000000089a00000|100%| S|CS|TS  1|AC  0|TAMS 0x0000000089900000, 0x0000000089900000|
|  68|0x0000000089a00000, 0x0000000089b00000, 0x0000000089b00000|100%| S|CS|TS  1|AC  0|TAMS 0x0000000089a00000, 0x0000000089a00000|
|  69|0x0000000089b00000, 0x0000000089b00000, 0x0000000089c00000|  0%| F|  |TS  1|AC  0|TAMS 0x0000000089b00000, 0x0000000089b00000|
|  70|0x0000000089c00000, 0x0000000089c00000, 0x0000000089d00000|  0%| F|  |TS  1|AC  0|TAMS 0x0000000089c00000, 0x0000000089c00000|
|  71|0x0000000089d00000, 0x0000000089d00000, 0x0000000089e00000|  0%| F|  |TS  1|AC  0|TAMS 0x0000000089d00000, 0x0000000089d00000|
|  72|0x0000000089e00000, 0x0000000089e00000, 0x0000000089f00000|  0%| F|  |TS  1|AC  0|TAMS 0x0000000089e00000, 0x0000000089e00000|
|  73|0x0000000089f00000, 0x0000000089f00000, 0x000000008a000000|  0%| F|  |TS  1|AC  0|TAMS 0x0000000089f00000, 0x0000000089f00000|
|  74|0x000000008a000000, 0x000000008a000000, 0x000000008a100000|  0%| F|  |TS  1|AC  0|TAMS 0x000000008a000000, 0x000000008a000000|
|  75|0x000000008a100000, 0x000000008a100000, 0x000000008a200000|  0%| F|  |TS  1|AC  0|TAMS 0x000000008a100000, 0x000000008a100000|
|  76|0x000000008a200000, 0x000000008a200000, 0x000000008a300000|  0%| F|  |TS  1|AC  0|TAMS 0x000000008a200000, 0x000000008a200000|
|  77|0x000000008a300000, 0x000000008a300000, 0x000000008a400000|  0%| F|  |TS  1|AC  0|TAMS 0x000000008a300000, 0x000000008a300000|
|  78|0x000000008a400000, 0x000000008a400000, 0x000000008a500000|  0%| F|  |TS  1|AC  0|TAMS 0x000000008a400000, 0x000000008a400000|
|  79|0x000000008a500000, 0x000000008a500000, 0x000000008a600000|  0%| F|  |TS  1|AC  0|TAMS 0x000000008a500000, 0x000000008a500000|
|  80|0x000000008a600000, 0x000000008a600000, 0x000000008a700000|  0%| F|  |TS  1|AC  0|TAMS 0x000000008a600000, 0x000000008a600000|
|  81|0x000000008a700000, 0x000000008a700000, 0x000000008a800000|  0%| F|  |TS  1|AC  0|TAMS 0x000000008a700000, 0x000000008a700000|
|  82|0x000000008a800000, 0x000000008a800000, 0x000000008a900000|  0%| F|  |TS  1|AC  0|TAMS 0x000000008a800000, 0x000000008a800000|
|  83|0x000000008a900000, 0x000000008a900000, 0x000000008aa00000|  0%| F|  |TS  1|AC  0|TAMS 0x000000008a900000, 0x000000008a900000|
|  84|0x000000008aa00000, 0x000000008aa00000, 0x000000008ab00000|  0%| F|  |TS  1|AC  0|TAMS 0x000000008aa00000, 0x000000008aa00000|
|  85|0x000000008ab00000, 0x000000008ab00000, 0x000000008ac00000|  0%| F|  |TS  1|AC  0|TAMS 0x000000008ab00000, 0x000000008ab00000|
|  86|0x000000008ac00000, 0x000000008ac00000, 0x000000008ad00000|  0%| F|  |TS  1|AC  0|TAMS 0x000000008ac00000, 0x000000008ac00000|
|  87|0x000000008ad00000, 0x000000008ad00000, 0x000000008ae00000|  0%| F|  |TS  1|AC  0|TAMS 0x000000008ad00000, 0x000000008ad00000|
|  88|0x000000008ae00000, 0x000000008ae00000, 0x000000008af00000|  0%| F|  |TS  1|AC  0|TAMS 0x000000008ae00000, 0x000000008ae00000|
|  89|0x000000008af00000, 0x000000008af00000, 0x000000008b000000|  0%| F|  |TS  1|AC  0|TAMS 0x000000008af00000, 0x000000008af00000|
|  90|0x000000008b000000, 0x000000008b000000, 0x000000008b100000|  0%| F|  |TS  1|AC  0|TAMS 0x000000008b000000, 0x000000008b000000|
|  91|0x000000008b100000, 0x000000008b100000, 0x000000008b200000|  0%| F|  |TS  1|AC  0|TAMS 0x000000008b100000, 0x000000008b100000|
|  92|0x000000008b200000, 0x000000008b200000, 0x000000008b300000|  0%| F|  |TS  1|AC  0|TAMS 0x000000008b200000, 0x000000008b200000|
|  93|0x000000008b300000, 0x000000008b300000, 0x000000008b400000|  0%| F|  |TS  1|AC  0|TAMS 0x000000008b300000, 0x000000008b300000|
|  94|0x000000008b400000, 0x000000008b400000, 0x000000008b500000|  0%| F|  |TS  1|AC  0|TAMS 0x000000008b400000, 0x000000008b400000|
|  95|0x000000008b500000, 0x000000008b500000, 0x000000008b600000|  0%| F|  |TS  1|AC  0|TAMS 0x000000008b500000, 0x000000008b500000|
|  96|0x000000008b600000, 0x000000008b600000, 0x000000008b700000|  0%| F|  |TS  1|AC  0|TAMS 0x000000008b600000, 0x000000008b600000|
|  97|0x000000008b700000, 0x000000008b700000, 0x000000008b800000|  0%| F|  |TS  1|AC  0|TAMS 0x000000008b700000, 0x000000008b700000|
|  98|0x000000008b800000, 0x000000008b800000, 0x000000008b900000|  0%| F|  |TS  1|AC  0|TAMS 0x000000008b800000, 0x000000008b800000|
|  99|0x000000008b900000, 0x000000008b900000, 0x000000008ba00000|  0%| F|  |TS  1|AC  0|TAMS 0x000000008b900000, 0x000000008b900000|
| 100|0x000000008ba00000, 0x000000008ba00000, 0x000000008bb00000|  0%| F|  |TS  1|AC  0|TAMS 0x000000008ba00000, 0x000000008ba00000|
| 101|0x000000008bb00000, 0x000000008bb00000, 0x000000008bc00000|  0%| F|  |TS  1|AC  0|TAMS 0x000000008bb00000, 0x000000008bb00000|
| 102|0x000000008bc00000, 0x000000008bc00000, 0x000000008bd00000|  0%| F|  |TS  1|AC  0|TAMS 0x000000008bc00000, 0x000000008bc00000|
| 103|0x000000008bd00000, 0x000000008bd00000, 0x000000008be00000|  0%| F|  |TS  1|AC  0|TAMS 0x000000008bd00000, 0x000000008bd00000|
| 104|0x000000008be00000, 0x000000008be00000, 0x000000008bf00000|  0%| F|  |TS  1|AC  0|TAMS 0x000000008be00000, 0x000000008be00000|
| 105|0x000000008bf00000, 0x000000008bf00000, 0x000000008c000000|  0%| F|  |TS  1|AC  0|TAMS 0x000000008bf00000, 0x000000008bf00000|
| 106|0x000000008c000000, 0x000000008c000000, 0x000000008c100000|  0%| F|  |TS  1|AC  0|TAMS 0x000000008c000000, 0x000000008c000000|
| 107|0x000000008c100000, 0x000000008c100000, 0x000000008c200000|  0%| F|  |TS  1|AC  0|TAMS 0x000000008c100000, 0x000000008c100000|
| 108|0x000000008c200000, 0x000000008c200000, 0x000000008c300000|  0%| F|  |TS  1|AC  0|TAMS 0x000000008c200000, 0x000000008c200000|
| 109|0x000000008c300000, 0x000000008c300000, 0x000000008c400000|  0%| F|  |TS  1|AC  0|TAMS 0x000000008c300000, 0x000000008c300000|
| 110|0x000000008c400000, 0x000000008c400000, 0x000000008c500000|  0%| F|  |TS  1|AC  0|TAMS 0x000000008c400000, 0x000000008c400000|
| 111|0x000000008c500000, 0x000000008c500000, 0x000000008c600000|  0%| F|  |TS  1|AC  0|TAMS 0x000000008c500000, 0x000000008c500000|
| 112|0x000000008c600000, 0x000000008c600000, 0x000000008c700000|  0%| F|  |TS  1|AC  0|TAMS 0x000000008c600000, 0x000000008c600000|
| 113|0x000000008c700000, 0x000000008c700000, 0x000000008c800000|  0%| F|  |TS  1|AC  0|TAMS 0x000000008c700000, 0x000000008c700000|
| 114|0x000000008c800000, 0x000000008c800000, 0x000000008c900000|  0%| F|  |TS  1|AC  0|TAMS 0x000000008c800000, 0x000000008c800000|
| 115|0x000000008c900000, 0x000000008c900800, 0x000000008ca00000|  0%| E|  |TS  1|AC  0|TAMS 0x000000008c900000, 0x000000008c900000|
| 116|0x000000008ca00000, 0x000000008cb00000, 0x000000008cb00000|100%| E|CS|TS  1|AC  0|TAMS 0x000000008ca00000, 0x000000008ca00000|
| 117|0x000000008cb00000, 0x000000008cc00000, 0x000000008cc00000|100%| E|CS|TS  1|AC  0|TAMS 0x000000008cb00000, 0x000000008cb00000|
| 118|0x000000008cc00000, 0x000000008cd00000, 0x000000008cd00000|100%| E|CS|TS  1|AC  0|TAMS 0x000000008cc00000, 0x000000008cc00000|
| 119|0x000000008cd00000, 0x000000008ce00000, 0x000000008ce00000|100%| E|CS|TS  1|AC  0|TAMS 0x000000008cd00000, 0x000000008cd00000|
| 120|0x000000008ce00000, 0x000000008cf00000, 0x000000008cf00000|100%| E|CS|TS  1|AC  0|TAMS 0x000000008ce00000, 0x000000008ce00000|
| 121|0x000000008cf00000, 0x000000008d000000, 0x000000008d000000|100%| E|CS|TS  1|AC  0|TAMS 0x000000008cf00000, 0x000000008cf00000|
| 122|0x000000008d000000, 0x000000008d100000, 0x000000008d100000|100%| E|CS|TS  1|AC  0|TAMS 0x000000008d000000, 0x000000008d000000|
| 123|0x000000008d100000, 0x000000008d200000, 0x000000008d200000|100%| E|CS|TS  1|AC  0|TAMS 0x000000008d100000, 0x000000008d100000|

Card table byte_map: [0x00007f6a97750000,0x00007f6a97b25000] byte_map_base: 0x00007f6a97325000

Marking Bits (Prev, Next): (CMBitMap*) 0x00007f6ab0055be0, (CMBitMap*) 0x00007f6ab0055c18
 Prev Bits: [0x00007f6a954d3000, 0x00007f6a9737b000)
 Next Bits: [0x00007f6a86158000, 0x00007f6a88000000)

Polling page: 0x00007f6ab8b36000

CodeHeap 'non-profiled nmethods': size=120032Kb used=1935Kb max_used=1935Kb free=118096Kb
 bounds [0x00007f6a9f5ed000, 0x00007f6a9f85d000, 0x00007f6aa6b25000]
CodeHeap 'profiled nmethods': size=120032Kb used=7870Kb max_used=7870Kb free=112161Kb
 bounds [0x00007f6a980b5000, 0x00007f6a98865000, 0x00007f6a9f5ed000]
CodeHeap 'non-nmethods': size=5696Kb used=1353Kb max_used=1379Kb free=4342Kb
 bounds [0x00007f6a97b25000, 0x00007f6a97d95000, 0x00007f6a980b5000]
 total_blobs=5889 nmethods=4214 adapters=734
 compilation: enabled

Compilation events (10 events):
Event: 8441,963 Thread 0x00007f6ab0148800 4213       4       jdk.internal.module.Resources::toPackageName (39 bytes)
Event: 8441,982 Thread 0x00007f6ab0148800 nmethod 4213 0x00007f6a9f7c4a90 code [0x00007f6a9f7c4c40, 0x00007f6a9f7c4e38]
Event: 8471,964 Thread 0x00007f6ab0148800 4214   !   4       jdk.internal.loader.BuiltinClassLoader::findMiscResource (118 bytes)
Event: 8471,994 Thread 0x00007f6ab0148800 nmethod 4214 0x00007f6a9f7c5090 code [0x00007f6a9f7c52a0, 0x00007f6a9f7c5c78]
Event: 8681,980 Thread 0x00007f6ab0148800 4215   !   4       jdk.internal.loader.BuiltinClassLoader::findResource (154 bytes)
Event: 8681,980 Thread 0x00007f6ab014a800 4216       4       jdk.internal.loader.BuiltinClassLoader::findResourceOnClassPath (41 bytes)
Event: 8682,150 Thread 0x00007f6ab0148800 nmethod 4215 0x00007f6a9f7c6310 code [0x00007f6a9f7c66c0, 0x00007f6a9f7ca0a8]
Event: 8682,209 Thread 0x00007f6ab014a800 nmethod 4216 0x00007f6a9f7cc190 code [0x00007f6a9f7cc4a0, 0x00007f6a9f7cf260]
Event: 9487,856 Thread 0x00007f6ab0148800 4217       4       java.lang.ref.ReferenceQueue::reallyPoll (65 bytes)
Event: 9487,864 Thread 0x00007f6ab0148800 nmethod 4217 0x00007f6a9f7d0990 code [0x00007f6a9f7d0b40, 0x00007f6a9f7d0ec8]

GC Heap History (10 events):
Event: 1,055 GC heap before
{Heap before GC invocations=1 (full 0):
 garbage-first heap   total 126976K, used 9429K [0x0000000085600000, 0x0000000100000000)
  region size 1024K, 7 young (7168K), 2 survivors (2048K)
 Metaspace       used 17676K, capacity 18225K, committed 18432K, reserved 1064960K
  class space    used 1936K, capacity 2189K, committed 2304K, reserved 1048576K
}
Event: 1,062 GC heap after
{Heap after GC invocations=2 (full 0):
 garbage-first heap   total 126976K, used 5307K [0x0000000085600000, 0x0000000100000000)
  region size 1024K, 1 young (1024K), 1 survivors (1024K)
 Metaspace       used 17676K, capacity 18225K, committed 18432K, reserved 1064960K
  class space    used 1936K, capacity 2189K, committed 2304K, reserved 1048576K
}
Event: 2,170 GC heap before
{Heap before GC invocations=2 (full 0):
 garbage-first heap   total 126976K, used 27835K [0x0000000085600000, 0x0000000100000000)
  region size 1024K, 23 young (23552K), 1 survivors (1024K)
 Metaspace       used 18326K, capacity 18867K, committed 19200K, reserved 1067008K
  class space    used 1995K, capacity 2253K, committed 2304K, reserved 1048576K
}
Event: 2,174 GC heap after
{Heap after GC invocations=3 (full 0):
 garbage-first heap   total 126976K, used 5668K [0x0000000085600000, 0x0000000100000000)
  region size 1024K, 2 young (2048K), 2 survivors (2048K)
 Metaspace       used 18326K, capacity 18867K, committed 19200K, reserved 1067008K
  class space    used 1995K, capacity 2253K, committed 2304K, reserved 1048576K
}
Event: 5,708 GC heap before
{Heap before GC invocations=3 (full 0):
 garbage-first heap   total 126976K, used 24100K [0x0000000085600000, 0x0000000100000000)
  region size 1024K, 21 young (21504K), 2 survivors (2048K)
 Metaspace       used 20646K, capacity 21151K, committed 21248K, reserved 1069056K
  class space    used 2275K, capacity 2524K, committed 2560K, reserved 1048576K
}
Event: 5,712 GC heap after
{Heap after GC invocations=4 (full 0):
 garbage-first heap   total 126976K, used 6107K [0x0000000085600000, 0x0000000100000000)
  region size 1024K, 2 young (2048K), 2 survivors (2048K)
 Metaspace       used 20646K, capacity 21151K, committed 21248K, reserved 1069056K
  class space    used 2275K, capacity 2524K, committed 2560K, reserved 1048576K
}
Event: 6,591 GC heap before
{Heap before GC invocations=5 (full 0):
 garbage-first heap   total 126976K, used 41947K [0x0000000085600000, 0x0000000100000000)
  region size 1024K, 38 young (38912K), 2 survivors (2048K)
 Metaspace       used 34898K, capacity 35525K, committed 35840K, reserved 1081344K
  class space    used 4082K, capacity 4393K, committed 4480K, reserved 1048576K
}
Event: 6,598 GC heap after
{Heap after GC invocations=6 (full 0):
 garbage-first heap   total 126976K, used 9897K [0x0000000085600000, 0x0000000100000000)
  region size 1024K, 6 young (6144K), 6 survivors (6144K)
 Metaspace       used 34898K, capacity 35525K, committed 35840K, reserved 1081344K
  class space    used 4082K, capacity 4393K, committed 4480K, reserved 1048576K
}
Event: 7,796 GC heap before
{Heap before GC invocations=7 (full 0):
 garbage-first heap   total 126976K, used 60073K [0x0000000085600000, 0x0000000100000000)
  region size 1024K, 55 young (56320K), 6 survivors (6144K)
 Metaspace       used 46723K, capacity 47500K, committed 48256K, reserved 1091584K
  class space    used 5562K, capacity 5915K, committed 6016K, reserved 1048576K
}
Event: 7,809 GC heap after
{Heap after GC invocations=8 (full 0):
 garbage-first heap   total 126976K, used 12510K [0x0000000085600000, 0x0000000100000000)
  region size 1024K, 3 young (3072K), 3 survivors (3072K)
 Metaspace       used 46723K, capacity 47500K, committed 48256K, reserved 1091584K
  class space    used 5562K, capacity 5915K, committed 6016K, reserved 1048576K
}

Deoptimization events (10 events):
Event: 7,563 Thread 0x00007f6ab049e000 Uncommon trap: reason=unstable_if action=reinterpret pc=0x00007f6a9f71fa5c method=java.lang.StringLatin1.regionMatchesCI([BI[BII)Z @ 66 c2
Event: 7,745 Thread 0x00007f6ab049e000 Uncommon trap: reason=unstable_if action=reinterpret pc=0x00007f6a9f6f3738 method=java.util.StringTokenizer.scanToken(I)I @ 96 c2
Event: 7,768 Thread 0x00007f6ab049e000 Uncommon trap: reason=unstable_if action=reinterpret pc=0x00007f6a9f653260 method=java.lang.CharacterData.of(I)Ljava/lang/CharacterData; @ 4 c2
Event: 8,952 Thread 0x00007f6a18e9d000 Uncommon trap: reason=class_check action=maybe_recompile pc=0x00007f6a9f6d9a2c method=java.util.zip.InflaterInputStream.read([BII)I @ 100 c2
Event: 8,956 Thread 0x00007f6a18e9d000 Uncommon trap: reason=class_check action=maybe_recompile pc=0x00007f6a9f6d9a2c method=java.util.zip.InflaterInputStream.read([BII)I @ 100 c2
Event: 8,956 Thread 0x00007f6a18e9d000 Uncommon trap: reason=class_check action=maybe_recompile pc=0x00007f6a9f6d9a2c method=java.util.zip.InflaterInputStream.read([BII)I @ 100 c2
Event: 9,001 Thread 0x00007f6ab049e000 Uncommon trap: reason=class_check action=maybe_recompile pc=0x00007f6a9f69c9cc method=sun.util.logging.PlatformLogger.isLoggable(Lsun/util/logging/PlatformLogger$Level;)Z @ 17 c2
Event: 9,001 Thread 0x00007f6ab049e000 Uncommon trap: reason=class_check action=maybe_recompile pc=0x00007f6a9f69c9cc method=sun.util.logging.PlatformLogger.isLoggable(Lsun/util/logging/PlatformLogger$Level;)Z @ 17 c2
Event: 9,001 Thread 0x00007f6ab049e000 Uncommon trap: reason=class_check action=maybe_recompile pc=0x00007f6a9f69c9cc method=sun.util.logging.PlatformLogger.isLoggable(Lsun/util/logging/PlatformLogger$Level;)Z @ 17 c2
Event: 9,018 Thread 0x00007f6ab049e000 Uncommon trap: reason=class_check action=maybe_recompile pc=0x00007f6a9f69c9cc method=sun.util.logging.PlatformLogger.isLoggable(Lsun/util/logging/PlatformLogger$Level;)Z @ 17 c2

Classes redefined (0 events):
No events

Internal exceptions (10 events):
Event: 7,415 Thread 0x00007f6ab049e000 Exception <a 'java/lang/NoSuchMethodError'{0x000000008b0f2d30}: java.lang.invoke.DirectMethodHandle$Holder.invokeInterface(Ljava/lang/Object;Ljava/lang/Object;)V> (0x000000008b0f2d30) thrown at [/build/openjdk-lts-Ae5PRQ/openjdk-lts-10.0.2+13/src/hotspot/
Event: 7,566 Thread 0x00007f6ab049e000 Exception <a 'java/lang/NoSuchMethodError'{0x000000008a4df390}: method resolution failed> (0x000000008a4df390) thrown at [/build/openjdk-lts-Ae5PRQ/openjdk-lts-10.0.2+13/src/hotspot/share/prims/methodHandles.cpp, line 1226]
Event: 7,654 Thread 0x00007f6ab049e000 Exception <a 'java/lang/NoSuchMethodError'{0x000000008a2a5e80}: java.lang.invoke.DirectMethodHandle$Holder.invokeStatic(Ljava/lang/Object;ILjava/lang/Object;)V> (0x000000008a2a5e80) thrown at [/build/openjdk-lts-Ae5PRQ/openjdk-lts-10.0.2+13/src/hotspot/sh
Event: 7,654 Thread 0x00007f6ab049e000 Exception <a 'java/lang/NoSuchMethodError'{0x000000008a2a90e0}: java.lang.invoke.DirectMethodHandle$Holder.invokeStaticInit(Ljava/lang/Object;ILjava/lang/Object;)V> (0x000000008a2a90e0) thrown at [/build/openjdk-lts-Ae5PRQ/openjdk-lts-10.0.2+13/src/hotspo
Event: 7,655 Thread 0x00007f6ab049e000 Exception <a 'java/lang/NoSuchMethodError'{0x000000008a2b8da8}: java.lang.invoke.DirectMethodHandle$Holder.invokeInterface(Ljava/lang/Object;Ljava/lang/Object;Ljava/lang/Object;)Ljava/lang/Object;> (0x000000008a2b8da8) thrown at [/build/openjdk-lts-Ae5PRQ
Event: 8,128 Thread 0x00007f6ab049e000 Exception <a 'java/lang/UnsupportedOperationException'{0x000000008cf64468}: > (0x000000008cf64468) thrown at [/build/openjdk-lts-Ae5PRQ/openjdk-lts-10.0.2+13/src/hotspot/share/prims/jni.cpp, line 632]
Event: 8,943 Thread 0x00007f6a18e9d000 Exception <a 'java/lang/NoSuchMethodError'{0x000000008ce87520}: method resolution failed> (0x000000008ce87520) thrown at [/build/openjdk-lts-Ae5PRQ/openjdk-lts-10.0.2+13/src/hotspot/share/prims/methodHandles.cpp, line 1226]
Event: 8,951 Thread 0x00007f6a18e9d000 Exception <a 'java/lang/NoSuchMethodError'{0x000000008ce8f1e0}: method resolution failed> (0x000000008ce8f1e0) thrown at [/build/openjdk-lts-Ae5PRQ/openjdk-lts-10.0.2+13/src/hotspot/share/prims/methodHandles.cpp, line 1226]
Event: 9,101 Thread 0x00007f6ab049e000 Exception <a 'java/lang/UnsupportedOperationException'{0x000000008cd13aa0}: > (0x000000008cd13aa0) thrown at [/build/openjdk-lts-Ae5PRQ/openjdk-lts-10.0.2+13/src/hotspot/share/prims/jni.cpp, line 632]
Event: 14,070 Thread 0x00007f6ab049e000 Exception <a 'java/lang/UnsupportedOperationException'{0x000000008cd4ab88}: > (0x000000008cd4ab88) thrown at [/build/openjdk-lts-Ae5PRQ/openjdk-lts-10.0.2+13/src/hotspot/share/prims/jni.cpp, line 632]

Events (10 events):
Event: 17,435 Thread 0x00007f6ab049c800 Thread exited: 0x00007f6ab049c800
Event: 17,435 Thread 0x00007f6ab049e000 Thread exited: 0x00007f6ab049e000
Event: 36,600 Executing VM operation: RevokeBias
Event: 36,600 Executing VM operation: RevokeBias done
Event: 8203,130 loading class sun/awt/X11/XkbEvent
Event: 8203,159 loading class sun/awt/X11/XkbEvent done
Event: 8203,159 loading class sun/awt/X11/XkbAnyEvent
Event: 8203,177 loading class sun/awt/X11/XkbAnyEvent done
Event: 9788,136 loading class jdk/internal/misc/Signal$1
Event: 9788,158 loading class jdk/internal/misc/Signal$1 done


Dynamic libraries:
85600000-8d200000 rw-p 00000000 00:00 0 
8d200000-100000000 ---p 00000000 00:00 0 
100000000-100600000 rw-p 00000000 00:00 0 
100600000-140000000 ---p 00000000 00:00 0 
563ee53cd000-563ee53ce000 r-xp 00000000 08:05 1044648                    /usr/lib/jvm/java-11-openjdk-amd64/bin/java
563ee55ce000-563ee55cf000 r--p 00001000 08:05 1044648                    /usr/lib/jvm/java-11-openjdk-amd64/bin/java
563ee55cf000-563ee55d0000 rw-p 00002000 08:05 1044648                    /usr/lib/jvm/java-11-openjdk-amd64/bin/java
563ee58e8000-563ee5909000 rw-p 00000000 00:00 0                          [heap]
7f6a0c000000-7f6a0c021000 rw-p 00000000 00:00 0 
7f6a0c021000-7f6a10000000 ---p 00000000 00:00 0 
7f6a11b19000-7f6a11c1a000 rw-p 00000000 00:00 0 
7f6a11c1a000-7f6a11c1e000 ---p 00000000 00:00 0 
7f6a11c1e000-7f6a11d1b000 rw-p 00000000 00:00 0 
7f6a11d1b000-7f6a11d1f000 ---p 00000000 00:00 0 
7f6a11d1f000-7f6a11edc000 rw-p 00000000 00:00 0 
7f6a11edc000-7f6a1201c000 ---p 00000000 00:00 0 
7f6a1201c000-7f6a1221c000 rw-p 00000000 00:00 0 
7f6a1221c000-7f6a1241c000 rw-p 00000000 00:00 0 
7f6a1241c000-7f6a1261c000 rw-p 00000000 00:00 0 
7f6a1261c000-7f6a1281c000 rw-p 00000000 00:00 0 
7f6a1281c000-7f6a12a1c000 rw-p 00000000 00:00 0 
7f6a12a1c000-7f6a12a20000 ---p 00000000 00:00 0 
7f6a12a20000-7f6a12d1d000 rw-p 00000000 00:00 0 
7f6a12d1d000-7f6a12d1e000 r-xp 00000000 08:05 1044705                    /usr/lib/jvm/java-11-openjdk-amd64/lib/libextnet.so
7f6a12d1e000-7f6a12f1d000 ---p 00001000 08:05 1044705                    /usr/lib/jvm/java-11-openjdk-amd64/lib/libextnet.so
7f6a12f1d000-7f6a12f1e000 r--p 00000000 08:05 1044705                    /usr/lib/jvm/java-11-openjdk-amd64/lib/libextnet.so
7f6a12f1e000-7f6a12f1f000 rw-p 00001000 08:05 1044705                    /usr/lib/jvm/java-11-openjdk-amd64/lib/libextnet.so
7f6a12f1f000-7f6a1311f000 rw-p 00000000 00:00 0 
7f6a1311f000-7f6a1331f000 rw-p 00000000 00:00 0 
7f6a1331f000-7f6a1351f000 rw-p 00000000 00:00 0 
7f6a1351f000-7f6a1371f000 rw-p 00000000 00:00 0 
7f6a137fe000-7f6a13802000 ---p 00000000 00:00 0 
7f6a13802000-7f6a13aff000 rw-p 00000000 00:00 0 
7f6a13aff000-7f6a13cff000 rw-p 00000000 00:00 0 
7f6a13cff000-7f6a13eff000 rw-p 00000000 00:00 0 
7f6a13eff000-7f6a13f03000 ---p 00000000 00:00 0 
7f6a13f03000-7f6a14000000 rw-p 00000000 00:00 0 
7f6a14000000-7f6a14021000 rw-p 00000000 00:00 0 
7f6a14021000-7f6a18000000 ---p 00000000 00:00 0 
7f6a18000000-7f6a18ec4000 rw-p 00000000 00:00 0 
7f6a18ec4000-7f6a1c000000 ---p 00000000 00:00 0 
7f6a1c000000-7f6a1c021000 rw-p 00000000 00:00 0 
7f6a1c021000-7f6a20000000 ---p 00000000 00:00 0 
7f6a20000000-7f6a20021000 rw-p 00000000 00:00 0 
7f6a20021000-7f6a24000000 ---p 00000000 00:00 0 
7f6a24000000-7f6a24021000 rw-p 00000000 00:00 0 
7f6a24021000-7f6a28000000 ---p 00000000 00:00 0 
7f6a28000000-7f6a28021000 rw-p 00000000 00:00 0 
7f6a28021000-7f6a2c000000 ---p 00000000 00:00 0 
7f6a2c000000-7f6a2c021000 rw-p 00000000 00:00 0 
7f6a2c021000-7f6a30000000 ---p 00000000 00:00 0 
7f6a30000000-7f6a30021000 rw-p 00000000 00:00 0 
7f6a30021000-7f6a34000000 ---p 00000000 00:00 0 
7f6a340bf000-7f6a342bf000 rw-p 00000000 00:00 0 
7f6a342bf000-7f6a342c3000 ---p 00000000 00:00 0 
7f6a342c3000-7f6a343c0000 rw-p 00000000 00:00 0 
7f6a343c0000-7f6a343c4000 ---p 00000000 00:00 0 
7f6a343c4000-7f6a346c1000 rw-p 00000000 00:00 0 
7f6a346c1000-7f6a348c1000 rw-p 00000000 00:00 0 
7f6a348c1000-7f6a348c5000 ---p 00000000 00:00 0 
7f6a348c5000-7f6a349c2000 rw-p 00000000 00:00 0 
7f6a349c2000-7f6a349c7000 r-xp 00000000 08:05 271942                     /usr/lib/x86_64-linux-gnu/libXfixes.so.3.1.0
7f6a349c7000-7f6a34bc6000 ---p 00005000 08:05 271942                     /usr/lib/x86_64-linux-gnu/libXfixes.so.3.1.0
7f6a34bc6000-7f6a34bc7000 r--p 00004000 08:05 271942                     /usr/lib/x86_64-linux-gnu/libXfixes.so.3.1.0
7f6a34bc7000-7f6a34bc8000 rw-p 00005000 08:05 271942                     /usr/lib/x86_64-linux-gnu/libXfixes.so.3.1.0
7f6a34bc8000-7f6a34bd1000 r-xp 00000000 08:05 271934                     /usr/lib/x86_64-linux-gnu/libXcursor.so.1.0.2
7f6a34bd1000-7f6a34dd0000 ---p 00009000 08:05 271934                     /usr/lib/x86_64-linux-gnu/libXcursor.so.1.0.2
7f6a34dd0000-7f6a34dd1000 r--p 00008000 08:05 271934                     /usr/lib/x86_64-linux-gnu/libXcursor.so.1.0.2
7f6a34dd1000-7f6a34dd2000 rw-p 00009000 08:05 271934                     /usr/lib/x86_64-linux-gnu/libXcursor.so.1.0.2
7f6a34dd2000-7f6a34dd3000 ---p 00000000 00:00 0 
7f6a34dd3000-7f6a355d3000 rw-p 00000000 00:00 0 
7f6a355d3000-7f6a355d4000 ---p 00000000 00:00 0 
7f6a355d4000-7f6a35dd4000 rw-p 00000000 00:00 0 
7f6a35dd4000-7f6a35dd5000 ---p 00000000 00:00 0 
7f6a35dd5000-7f6a365d5000 rw-p 00000000 00:00 0 
7f6a365d5000-7f6a365e1000 r-xp 00000000 08:05 396751                     /usr/lib/x86_64-linux-gnu/gio/modules/libdconfsettings.so
7f6a365e1000-7f6a367e0000 ---p 0000c000 08:05 396751                     /usr/lib/x86_64-linux-gnu/gio/modules/libdconfsettings.so
7f6a367e0000-7f6a367e1000 r--p 0000b000 08:05 396751                     /usr/lib/x86_64-linux-gnu/gio/modules/libdconfsettings.so
7f6a367e1000-7f6a367e2000 rw-p 0000c000 08:05 396751                     /usr/lib/x86_64-linux-gnu/gio/modules/libdconfsettings.so
7f6a367e2000-7f6a367e8000 r-xp 00000000 08:05 920010                     /lib/x86_64-linux-gnu/libuuid.so.1.3.0
7f6a367e8000-7f6a369e7000 ---p 00006000 08:05 920010                     /lib/x86_64-linux-gnu/libuuid.so.1.3.0
7f6a369e7000-7f6a369e8000 r--p 00005000 08:05 920010                     /lib/x86_64-linux-gnu/libuuid.so.1.3.0
7f6a369e8000-7f6a369e9000 rw-p 00006000 08:05 920010                     /lib/x86_64-linux-gnu/libuuid.so.1.3.0
7f6a369e9000-7f6a36a30000 r-xp 00000000 08:05 919820                     /lib/x86_64-linux-gnu/libblkid.so.1.1.0
7f6a36a30000-7f6a36c30000 ---p 00047000 08:05 919820                     /lib/x86_64-linux-gnu/libblkid.so.1.1.0
7f6a36c30000-7f6a36c34000 r--p 00047000 08:05 919820                     /lib/x86_64-linux-gnu/libblkid.so.1.1.0
7f6a36c34000-7f6a36c35000 rw-p 0004b000 08:05 919820                     /lib/x86_64-linux-gnu/libblkid.so.1.1.0
7f6a36c35000-7f6a36c36000 rw-p 00000000 00:00 0 
7f6a36c36000-7f6a36ca6000 r-xp 00000000 08:05 919775                     /lib/x86_64-linux-gnu/libpcre.so.3.13.3
7f6a36ca6000-7f6a36ea6000 ---p 00070000 08:05 919775                     /lib/x86_64-linux-gnu/libpcre.so.3.13.3
7f6a36ea6000-7f6a36ea7000 r--p 00070000 08:05 919775                     /lib/x86_64-linux-gnu/libpcre.so.3.13.3
7f6a36ea7000-7f6a36ea8000 rw-p 00071000 08:05 919775                     /lib/x86_64-linux-gnu/libpcre.so.3.13.3
7f6a36ea8000-7f6a36eaf000 r-xp 00000000 08:05 272269                     /usr/lib/x86_64-linux-gnu/libffi.so.6.0.4
7f6a36eaf000-7f6a370ae000 ---p 00007000 08:05 272269                     /usr/lib/x86_64-linux-gnu/libffi.so.6.0.4
7f6a370ae000-7f6a370af000 r--p 00006000 08:05 272269                     /usr/lib/x86_64-linux-gnu/libffi.so.6.0.4
7f6a370af000-7f6a370b0000 rw-p 00007000 08:05 272269                     /usr/lib/x86_64-linux-gnu/libffi.so.6.0.4
7f6a370b0000-7f6a37101000 r-xp 00000000 08:05 919686                     /lib/x86_64-linux-gnu/libmount.so.1.1.0
7f6a37101000-7f6a37300000 ---p 00051000 08:05 919686                     /lib/x86_64-linux-gnu/libmount.so.1.1.0
7f6a37300000-7f6a37302000 r--p 00050000 08:05 919686                     /lib/x86_64-linux-gnu/libmount.so.1.1.0
7f6a37302000-7f6a37303000 rw-p 00052000 08:05 919686                     /lib/x86_64-linux-gnu/libmount.so.1.1.0
7f6a37303000-7f6a37304000 rw-p 00000000 00:00 0 
7f6a37304000-7f6a3731b000 r-xp 00000000 08:05 919792                     /lib/x86_64-linux-gnu/libresolv-2.27.so
7f6a3731b000-7f6a3751b000 ---p 00017000 08:05 919792                     /lib/x86_64-linux-gnu/libresolv-2.27.so
7f6a3751b000-7f6a3751c000 r--p 00017000 08:05 919792                     /lib/x86_64-linux-gnu/libresolv-2.27.so
7f6a3751c000-7f6a3751d000 rw-p 00018000 08:05 919792                     /lib/x86_64-linux-gnu/libresolv-2.27.so
7f6a3751d000-7f6a3751f000 rw-p 00000000 00:00 0 
7f6a3751f000-7f6a37544000 r-xp 00000000 08:05 919798                     /lib/x86_64-linux-gnu/libselinux.so.1
7f6a37544000-7f6a37743000 ---p 00025000 08:05 919798                     /lib/x86_64-linux-gnu/libselinux.so.1
7f6a37743000-7f6a37744000 r--p 00024000 08:05 919798                     /lib/x86_64-linux-gnu/libselinux.so.1
7f6a37744000-7f6a37745000 rw-p 00025000 08:05 919798                     /lib/x86_64-linux-gnu/libselinux.so.1
7f6a37745000-7f6a37747000 rw-p 00000000 00:00 0 
7f6a37747000-7f6a3785a000 r-xp 00000000 08:05 262951                     /usr/lib/x86_64-linux-gnu/libglib-2.0.so.0.5600.3
7f6a3785a000-7f6a37a5a000 ---p 00113000 08:05 262951                     /usr/lib/x86_64-linux-gnu/libglib-2.0.so.0.5600.3
7f6a37a5a000-7f6a37a5b000 r--p 00113000 08:05 262951                     /usr/lib/x86_64-linux-gnu/libglib-2.0.so.0.5600.3
7f6a37a5b000-7f6a37a5c000 rw-p 00114000 08:05 262951                     /usr/lib/x86_64-linux-gnu/libglib-2.0.so.0.5600.3
7f6a37a5c000-7f6a37a5d000 rw-p 00000000 00:00 0 
7f6a37a5d000-7f6a37a60000 r-xp 00000000 08:05 268079                     /usr/lib/x86_64-linux-gnu/libgmodule-2.0.so.0.5600.3
7f6a37a60000-7f6a37c5f000 ---p 00003000 08:05 268079                     /usr/lib/x86_64-linux-gnu/libgmodule-2.0.so.0.5600.3
7f6a37c5f000-7f6a37c60000 r--p 00002000 08:05 268079                     /usr/lib/x86_64-linux-gnu/libgmodule-2.0.so.0.5600.3
7f6a37c60000-7f6a37c61000 rw-p 00003000 08:05 268079                     /usr/lib/x86_64-linux-gnu/libgmodule-2.0.so.0.5600.3
7f6a37c61000-7f6a37df6000 r-xp 00000000 08:05 262552                     /usr/lib/x86_64-linux-gnu/libgio-2.0.so.0.5600.3
7f6a37df6000-7f6a37ff6000 ---p 00195000 08:05 262552                     /usr/lib/x86_64-linux-gnu/libgio-2.0.so.0.5600.3
7f6a37ff6000-7f6a37ffd000 r--p 00195000 08:05 262552                     /usr/lib/x86_64-linux-gnu/libgio-2.0.so.0.5600.3
7f6a37ffd000-7f6a37ffe000 rw-p 0019c000 08:05 262552                     /usr/lib/x86_64-linux-gnu/libgio-2.0.so.0.5600.3
7f6a37ffe000-7f6a38000000 rw-p 00000000 00:00 0 
7f6a38000000-7f6a38021000 rw-p 00000000 00:00 0 
7f6a38021000-7f6a3c000000 ---p 00000000 00:00 0 
7f6a3c000000-7f6a3c021000 rw-p 00000000 00:00 0 
7f6a3c021000-7f6a40000000 ---p 00000000 00:00 0 
7f6a40000000-7f6a407bc000 rw-p 00000000 00:00 0 
7f6a407bc000-7f6a44000000 ---p 00000000 00:00 0 
7f6a44000000-7f6a44021000 rw-p 00000000 00:00 0 
7f6a44021000-7f6a48000000 ---p 00000000 00:00 0 
7f6a48000000-7f6a48c20000 rw-p 00000000 00:00 0 
7f6a48c20000-7f6a4c000000 ---p 00000000 00:00 0 
7f6a4c000000-7f6a4d5d5000 rw-p 00000000 00:00 0 
7f6a4d5d5000-7f6a50000000 ---p 00000000 00:00 0 
7f6a50000000-7f6a50021000 rw-p 00000000 00:00 0 
7f6a50021000-7f6a54000000 ---p 00000000 00:00 0 
7f6a54000000-7f6a54021000 rw-p 00000000 00:00 0 
7f6a54021000-7f6a58000000 ---p 00000000 00:00 0 
7f6a58000000-7f6a58021000 rw-p 00000000 00:00 0 
7f6a58021000-7f6a5c000000 ---p 00000000 00:00 0 
7f6a5c000000-7f6a5c021000 rw-p 00000000 00:00 0 
7f6a5c021000-7f6a60000000 ---p 00000000 00:00 0 
7f6a60038000-7f6a6003c000 ---p 00000000 00:00 0 
7f6a6003c000-7f6a60139000 rw-p 00000000 00:00 0 
7f6a60139000-7f6a6018b000 r-xp 00000000 08:05 270586                     /usr/lib/x86_64-linux-gnu/libgobject-2.0.so.0.5600.3
7f6a6018b000-7f6a6038b000 ---p 00052000 08:05 270586                     /usr/lib/x86_64-linux-gnu/libgobject-2.0.so.0.5600.3
7f6a6038b000-7f6a6038c000 r--p 00052000 08:05 270586                     /usr/lib/x86_64-linux-gnu/libgobject-2.0.so.0.5600.3
7f6a6038c000-7f6a6038d000 rw-p 00053000 08:05 270586                     /usr/lib/x86_64-linux-gnu/libgobject-2.0.so.0.5600.3
7f6a6038d000-7f6a60397000 r-xp 00000000 08:05 271958                     /usr/lib/x86_64-linux-gnu/libXrandr.so.2.2.0
7f6a60397000-7f6a60596000 ---p 0000a000 08:05 271958                     /usr/lib/x86_64-linux-gnu/libXrandr.so.2.2.0
7f6a60596000-7f6a60597000 r--p 00009000 08:05 271958                     /usr/lib/x86_64-linux-gnu/libXrandr.so.2.2.0
7f6a60597000-7f6a60598000 rw-p 0000a000 08:05 271958                     /usr/lib/x86_64-linux-gnu/libXrandr.so.2.2.0
7f6a60598000-7f6a60798000 rw-p 00000000 00:00 0 
7f6a60798000-7f6a607c9000 r-xp 00000000 08:05 272791                     /usr/lib/x86_64-linux-gnu/libpng16.so.16.34.0
7f6a607c9000-7f6a609c8000 ---p 00031000 08:05 272791                     /usr/lib/x86_64-linux-gnu/libpng16.so.16.34.0
7f6a609c8000-7f6a609c9000 r--p 00030000 08:05 272791                     /usr/lib/x86_64-linux-gnu/libpng16.so.16.34.0
7f6a609c9000-7f6a609ca000 rw-p 00031000 08:05 272791                     /usr/lib/x86_64-linux-gnu/libpng16.so.16.34.0
7f6a609ca000-7f6a60a77000 r-xp 00000000 08:05 272301                     /usr/lib/x86_64-linux-gnu/libfreetype.so.6.15.0
7f6a60a77000-7f6a60c76000 ---p 000ad000 08:05 272301                     /usr/lib/x86_64-linux-gnu/libfreetype.so.6.15.0
7f6a60c76000-7f6a60c7d000 r--p 000ac000 08:05 272301                     /usr/lib/x86_64-linux-gnu/libfreetype.so.6.15.0
7f6a60c7d000-7f6a60c7e000 rw-p 000b3000 08:05 272301                     /usr/lib/x86_64-linux-gnu/libfreetype.so.6.15.0
7f6a60c7e000-7f6a60d13000 r-xp 00000000 08:05 1044706                    /usr/lib/jvm/java-11-openjdk-amd64/lib/libfontmanager.so
7f6a60d13000-7f6a60f13000 ---p 00095000 08:05 1044706                    /usr/lib/jvm/java-11-openjdk-amd64/lib/libfontmanager.so
7f6a60f13000-7f6a60f14000 r--p 00095000 08:05 1044706                    /usr/lib/jvm/java-11-openjdk-amd64/lib/libfontmanager.so
7f6a60f14000-7f6a60f15000 rw-p 00096000 08:05 1044706                    /usr/lib/jvm/java-11-openjdk-amd64/lib/libfontmanager.so
7f6a60f15000-7f6a60f16000 rw-p 00000000 00:00 0 
7f6a60f16000-7f6a60f29000 r-xp 00000000 08:05 919649                     /lib/x86_64-linux-gnu/libbsd.so.0.8.7
7f6a60f29000-7f6a61128000 ---p 00013000 08:05 919649                     /lib/x86_64-linux-gnu/libbsd.so.0.8.7
7f6a61128000-7f6a61129000 r--p 00012000 08:05 919649                     /lib/x86_64-linux-gnu/libbsd.so.0.8.7
7f6a61129000-7f6a6112a000 rw-p 00013000 08:05 919649                     /lib/x86_64-linux-gnu/libbsd.so.0.8.7
7f6a6112a000-7f6a6112b000 rw-p 00000000 00:00 0 
7f6a6112b000-7f6a61130000 r-xp 00000000 08:05 271938                     /usr/lib/x86_64-linux-gnu/libXdmcp.so.6.0.0
7f6a61130000-7f6a6132f000 ---p 00005000 08:05 271938                     /usr/lib/x86_64-linux-gnu/libXdmcp.so.6.0.0
7f6a6132f000-7f6a61330000 r--p 00004000 08:05 271938                     /usr/lib/x86_64-linux-gnu/libXdmcp.so.6.0.0
7f6a61330000-7f6a61331000 rw-p 00005000 08:05 271938                     /usr/lib/x86_64-linux-gnu/libXdmcp.so.6.0.0
7f6a61331000-7f6a61333000 r-xp 00000000 08:05 271927                     /usr/lib/x86_64-linux-gnu/libXau.so.6.0.0
7f6a61333000-7f6a61533000 ---p 00002000 08:05 271927                     /usr/lib/x86_64-linux-gnu/libXau.so.6.0.0
7f6a61533000-7f6a61534000 r--p 00002000 08:05 271927                     /usr/lib/x86_64-linux-gnu/libXau.so.6.0.0
7f6a61534000-7f6a61535000 rw-p 00003000 08:05 271927                     /usr/lib/x86_64-linux-gnu/libXau.so.6.0.0
7f6a61535000-7f6a6155b000 r-xp 00000000 08:05 273131                     /usr/lib/x86_64-linux-gnu/libxcb.so.1.1.0
7f6a6155b000-7f6a6175b000 ---p 00026000 08:05 273131                     /usr/lib/x86_64-linux-gnu/libxcb.so.1.1.0
7f6a6175b000-7f6a6175c000 r--p 00026000 08:05 273131                     /usr/lib/x86_64-linux-gnu/libxcb.so.1.1.0
7f6a6175c000-7f6a6175d000 rw-p 00027000 08:05 273131                     /usr/lib/x86_64-linux-gnu/libxcb.so.1.1.0
7f6a6175d000-7f6a6176c000 r-xp 00000000 08:05 271948                     /usr/lib/x86_64-linux-gnu/libXi.so.6.1.0
7f6a6176c000-7f6a6196b000 ---p 0000f000 08:05 271948                     /usr/lib/x86_64-linux-gnu/libXi.so.6.1.0
7f6a6196b000-7f6a6196c000 r--p 0000e000 08:05 271948                     /usr/lib/x86_64-linux-gnu/libXi.so.6.1.0
7f6a6196c000-7f6a6196d000 rw-p 0000f000 08:05 271948                     /usr/lib/x86_64-linux-gnu/libXi.so.6.1.0
7f6a6196d000-7f6a61972000 r-xp 00000000 08:05 271966                     /usr/lib/x86_64-linux-gnu/libXtst.so.6.1.0
7f6a61972000-7f6a61b71000 ---p 00005000 08:05 271966                     /usr/lib/x86_64-linux-gnu/libXtst.so.6.1.0
7f6a61b71000-7f6a61b72000 r--p 00004000 08:05 271966                     /usr/lib/x86_64-linux-gnu/libXtst.so.6.1.0
7f6a61b72000-7f6a61b73000 rw-p 00005000 08:05 271966                     /usr/lib/x86_64-linux-gnu/libXtst.so.6.1.0
7f6a61b73000-7f6a61b7c000 r-xp 00000000 08:05 271960                     /usr/lib/x86_64-linux-gnu/libXrender.so.1.3.0
7f6a61b7c000-7f6a61d7b000 ---p 00009000 08:05 271960                     /usr/lib/x86_64-linux-gnu/libXrender.so.1.3.0
7f6a61d7b000-7f6a61d7c000 r--p 00008000 08:05 271960                     /usr/lib/x86_64-linux-gnu/libXrender.so.1.3.0
7f6a61d7c000-7f6a61d7d000 rw-p 00009000 08:05 271960                     /usr/lib/x86_64-linux-gnu/libXrender.so.1.3.0
7f6a61d7d000-7f6a61eb0000 r-xp 00000000 08:05 263759                     /usr/lib/x86_64-linux-gnu/libX11.so.6.3.0
7f6a61eb0000-7f6a620b0000 ---p 00133000 08:05 263759                     /usr/lib/x86_64-linux-gnu/libX11.so.6.3.0
7f6a620b0000-7f6a620b1000 r--p 00133000 08:05 263759                     /usr/lib/x86_64-linux-gnu/libX11.so.6.3.0
7f6a620b1000-7f6a620b5000 rw-p 00134000 08:05 263759                     /usr/lib/x86_64-linux-gnu/libX11.so.6.3.0
7f6a620b5000-7f6a620c6000 r-xp 00000000 08:05 271940                     /usr/lib/x86_64-linux-gnu/libXext.so.6.4.0
7f6a620c6000-7f6a622c5000 ---p 00011000 08:05 271940                     /usr/lib/x86_64-linux-gnu/libXext.so.6.4.0
7f6a622c5000-7f6a622c6000 r--p 00010000 08:05 271940                     /usr/lib/x86_64-linux-gnu/libXext.so.6.4.0
7f6a622c6000-7f6a622c7000 rw-p 00011000 08:05 271940                     /usr/lib/x86_64-linux-gnu/libXext.so.6.4.0
7f6a622c7000-7f6a62326000 r-xp 00000000 08:05 1044703                    /usr/lib/jvm/java-11-openjdk-amd64/lib/libawt_xawt.so
7f6a62326000-7f6a62525000 ---p 0005f000 08:05 1044703                    /usr/lib/jvm/java-11-openjdk-amd64/lib/libawt_xawt.so
7f6a62525000-7f6a62526000 r--p 0005e000 08:05 1044703                    /usr/lib/jvm/java-11-openjdk-amd64/lib/libawt_xawt.so
7f6a62526000-7f6a62529000 rw-p 0005f000 08:05 1044703                    /usr/lib/jvm/java-11-openjdk-amd64/lib/libawt_xawt.so
7f6a62529000-7f6a6252b000 rw-p 00000000 00:00 0 
7f6a6252b000-7f6a625cb000 r-xp 00000000 08:05 1044701                    /usr/lib/jvm/java-11-openjdk-amd64/lib/libawt.so
7f6a625cb000-7f6a627cb000 ---p 000a0000 08:05 1044701                    /usr/lib/jvm/java-11-openjdk-amd64/lib/libawt.so
7f6a627cb000-7f6a627cc000 r--p 000a0000 08:05 1044701                    /usr/lib/jvm/java-11-openjdk-amd64/lib/libawt.so
7f6a627cc000-7f6a627d7000 rw-p 000a1000 08:05 1044701                    /usr/lib/jvm/java-11-openjdk-amd64/lib/libawt.so
7f6a627d7000-7f6a627fc000 rw-p 00000000 00:00 0 
7f6a627fc000-7f6a62813000 r-xp 00000000 08:05 1044726                    /usr/lib/jvm/java-11-openjdk-amd64/lib/libnet.so
7f6a62813000-7f6a62a12000 ---p 00017000 08:05 1044726                    /usr/lib/jvm/java-11-openjdk-amd64/lib/libnet.so
7f6a62a12000-7f6a62a13000 r--p 00016000 08:05 1044726                    /usr/lib/jvm/java-11-openjdk-amd64/lib/libnet.so
7f6a62a13000-7f6a62a14000 rw-p 00017000 08:05 1044726                    /usr/lib/jvm/java-11-openjdk-amd64/lib/libnet.so
7f6a62a14000-7f6a62a25000 r-xp 00000000 08:05 1044727                    /usr/lib/jvm/java-11-openjdk-amd64/lib/libnio.so
7f6a62a25000-7f6a62c24000 ---p 00011000 08:05 1044727                    /usr/lib/jvm/java-11-openjdk-amd64/lib/libnio.so
7f6a62c24000-7f6a62c25000 r--p 00010000 08:05 1044727                    /usr/lib/jvm/java-11-openjdk-amd64/lib/libnio.so
7f6a62c25000-7f6a62c26000 rw-p 00011000 08:05 1044727                    /usr/lib/jvm/java-11-openjdk-amd64/lib/libnio.so
7f6a62c26000-7f6a62c2a000 ---p 00000000 00:00 0 
7f6a62c2a000-7f6a62d27000 rw-p 00000000 00:00 0 
7f6a62d27000-7f6a62d28000 ---p 00000000 00:00 0 
7f6a62d28000-7f6a62e29000 rw-p 00000000 00:00 0 
7f6a62e29000-7f6a62e2d000 ---p 00000000 00:00 0 
7f6a62e2d000-7f6a62f2a000 rw-p 00000000 00:00 0 
7f6a62f2a000-7f6a62f2e000 ---p 00000000 00:00 0 
7f6a62f2e000-7f6a6302b000 rw-p 00000000 00:00 0 
7f6a6302b000-7f6a6302f000 ---p 00000000 00:00 0 
7f6a6302f000-7f6a6312c000 rw-p 00000000 00:00 0 
7f6a6312c000-7f6a63130000 ---p 00000000 00:00 0 
7f6a63130000-7f6a6322d000 rw-p 00000000 00:00 0 
7f6a6322d000-7f6a63231000 ---p 00000000 00:00 0 
7f6a63231000-7f6a6332e000 rw-p 00000000 00:00 0 
7f6a6332e000-7f6a63332000 ---p 00000000 00:00 0 
7f6a63332000-7f6a6342f000 rw-p 00000000 00:00 0 
7f6a6342f000-7f6a63dfe000 r--p 00000000 08:05 267985                     /usr/lib/locale/locale-archive
7f6a63dfe000-7f6a63e02000 ---p 00000000 00:00 0 
7f6a63e02000-7f6a63eff000 rw-p 00000000 00:00 0 
7f6a63eff000-7f6a63f03000 ---p 00000000 00:00 0 
7f6a63f03000-7f6a64000000 rw-p 00000000 00:00 0 
7f6a64000000-7f6a64021000 rw-p 00000000 00:00 0 
7f6a64021000-7f6a68000000 ---p 00000000 00:00 0 
7f6a68000000-7f6a68021000 rw-p 00000000 00:00 0 
7f6a68021000-7f6a6c000000 ---p 00000000 00:00 0 
7f6a6c000000-7f6a6c021000 rw-p 00000000 00:00 0 
7f6a6c021000-7f6a70000000 ---p 00000000 00:00 0 
7f6a70000000-7f6a70021000 rw-p 00000000 00:00 0 
7f6a70021000-7f6a74000000 ---p 00000000 00:00 0 
7f6a74000000-7f6a74021000 rw-p 00000000 00:00 0 
7f6a74021000-7f6a78000000 ---p 00000000 00:00 0 
7f6a78000000-7f6a78021000 rw-p 00000000 00:00 0 
7f6a78021000-7f6a7c000000 ---p 00000000 00:00 0 
7f6a7c000000-7f6a7c021000 rw-p 00000000 00:00 0 
7f6a7c021000-7f6a80000000 ---p 00000000 00:00 0 
7f6a80000000-7f6a80021000 rw-p 00000000 00:00 0 
7f6a80021000-7f6a84000000 ---p 00000000 00:00 0 
7f6a84036000-7f6a84041000 r--s 00000000 08:05 1192451                    /var/cache/fontconfig/945677eb7aeaf62f1d50efc3fb3ec7d8-le64.cache-7
7f6a84041000-7f6a84056000 r--s 00000000 08:05 1192411                    /var/cache/fontconfig/04aabc0a78ac019cf9454389977116d2-le64.cache-7
7f6a84056000-7f6a84057000 ---p 00000000 00:00 0 
7f6a84057000-7f6a86348000 rw-p 00000000 00:00 0 
7f6a86348000-7f6a88000000 ---p 00000000 00:00 0 
7f6a88000000-7f6a88021000 rw-p 00000000 00:00 0 
7f6a88021000-7f6a8c000000 ---p 00000000 00:00 0 
7f6a8c000000-7f6a8c021000 rw-p 00000000 00:00 0 
7f6a8c021000-7f6a90000000 ---p 00000000 00:00 0 
7f6a90000000-7f6a90021000 rw-p 00000000 00:00 0 
7f6a90021000-7f6a94000000 ---p 00000000 00:00 0 
7f6a94005000-7f6a94009000 r--s 00000000 08:05 1206704                    /var/cache/fontconfig/6aa41aa22e18b8fa06a12da28ea9c28b-le64.cache-7
7f6a94009000-7f6a9400e000 r--s 00000000 08:05 1192422                    /var/cache/fontconfig/2300eef321c393bfd76478a5c0e95b23-le64.cache-7
7f6a9400e000-7f6a9400f000 r--s 00000000 08:05 1192415                    /var/cache/fontconfig/0d8c3b2ac0904cb8a57a757ad11a4a08-le64.cache-7
7f6a9400f000-7f6a94010000 r--s 00000000 08:05 1192419                    /var/cache/fontconfig/1ac9eb803944fde146138c791f5cc56a-le64.cache-7
7f6a94010000-7f6a94011000 r--s 00000000 08:05 1192470                    /var/cache/fontconfig/dc05db6664285cc2f12bf69c139ae4c3-le64.cache-7
7f6a94011000-7f6a94013000 r--s 00000000 08:05 1192416                    /var/cache/fontconfig/14a5e22175779b556eaa434240950366-le64.cache-7
7f6a94013000-7f6a94014000 r--s 00000000 08:05 1192443                    /var/cache/fontconfig/660208299946a285a940457d1287da33-le64.cache-7
7f6a94014000-7f6a94015000 r--s 00000000 08:05 1206489                    /var/cache/fontconfig/5d1cca7074f29429a8d18692746c2426-le64.cache-7
7f6a94015000-7f6a94017000 r--s 00000000 08:05 1192434                    /var/cache/fontconfig/4f3e3037c9980c83b53a9351efadef62-le64.cache-7
7f6a94017000-7f6a94019000 r--s 00000000 08:05 1192448                    /var/cache/fontconfig/767a8244fc0220cfb567a839d0392e0b-le64.cache-7
7f6a94019000-7f6a9401a000 r--s 00000000 08:05 1176178                    /var/cache/fontconfig/4794a0821666d79190d59a36cb4f44b5-le64.cache-7
7f6a9401a000-7f6a9401c000 r--s 00000000 08:05 1176008                    /var/cache/fontconfig/0bd3dc0958fa2205aaaa8ebb13e2872b-le64.cache-7
7f6a9401c000-7f6a94021000 r--s 00000000 08:05 1192471                    /var/cache/fontconfig/def309198bfa603429122923fa2bb2d4-le64.cache-7
7f6a94021000-7f6a94022000 r--s 00000000 08:05 1192459                    /var/cache/fontconfig/b872e6e592da6075ffa4ab0a1fcc0c75-le64.cache-7
7f6a94022000-7f6a94023000 r--s 00000000 08:05 1192476                    /var/cache/fontconfig/f6d4eedfaab2589bde49f7a3ff831d22-le64.cache-7
7f6a94023000-7f6a94024000 r--s 00000000 08:05 1192441                    /var/cache/fontconfig/589f83ef4c36d296ce6e1c846f468f08-le64.cache-7
7f6a94024000-7f6a94025000 r--s 00000000 08:05 1192461                    /var/cache/fontconfig/bab58bb527bb656aaa9f116d68a48d89-le64.cache-7
7f6a94025000-7f6a94026000 r--s 00000000 08:05 1192420                    /var/cache/fontconfig/2171a34dccabdb6bcbbc728186263178-le64.cache-7
7f6a94026000-7f6a94027000 r--s 00000000 08:05 1192462                    /var/cache/fontconfig/c5c45a61289222e0d30b1a26ef4effbe-le64.cache-7
7f6a94027000-7f6a94028000 r--s 00000000 08:05 1192457                    /var/cache/fontconfig/aec30016f93e1b46d1a973dce0d74068-le64.cache-7
7f6a94028000-7f6a94029000 r--s 00000000 08:05 1192427                    /var/cache/fontconfig/3f589640d34b7dc9042c8d453f7c8b9c-le64.cache-7
7f6a94029000-7f6a9402a000 r--s 00000000 08:05 1192417                    /var/cache/fontconfig/16c2fda60d1b4b719f4b3d06fd951d25-le64.cache-7
7f6a9402a000-7f6a9402b000 r--s 00000000 08:05 1192456                    /var/cache/fontconfig/a48eab177a16e4f3713381162db2f3e9-le64.cache-7
7f6a9402b000-7f6a9402c000 r--s 00000000 08:05 1192437                    /var/cache/fontconfig/564b2e68ac9bc4e36a6f7f6d6125ec1c-le64.cache-7
7f6a9402c000-7f6a94031000 r--s 00000000 08:05 1188065                    /var/cache/fontconfig/9d2451b1fd30e5bffe8383fd27c35478-le64.cache-7
7f6a94031000-7f6a94037000 r--s 00000000 08:05 1188064                    /var/cache/fontconfig/3047814df9a2f067bd2d96a2b9c36e5a-le64.cache-7
7f6a94037000-7f6a9403f000 r--s 00000000 08:05 1206702                    /var/cache/fontconfig/bf3b770c553c462765856025a94f1ce6-le64.cache-7
7f6a9403f000-7f6a94040000 r--s 00000000 08:05 1192438                    /var/cache/fontconfig/56cf4f4769d0f4abc89a4895d7bd3ae1-le64.cache-7
7f6a94040000-7f6a94041000 r--s 00000000 08:05 1192460                    /var/cache/fontconfig/b9d506c9ac06c20b433354fa67a72993-le64.cache-7
7f6a94041000-7f6a94047000 r--s 00000000 08:05 1192458                    /var/cache/fontconfig/b47c4e1ecd0709278f4910c18777a504-le64.cache-7
7f6a94047000-7f6a9405a000 r--s 00000000 08:05 1192467                    /var/cache/fontconfig/d52a8644073d54c13679302ca1180695-le64.cache-7
7f6a9405a000-7f6a9405b000 r--s 00000000 08:05 1192425                    /var/cache/fontconfig/370e5b74bf5dafc30834de68e24a87a4-le64.cache-7
7f6a9405b000-7f6a9405c000 r--s 00000000 08:05 1192446                    /var/cache/fontconfig/6b2c5944714ca7831b25bed9e85cb5c8-le64.cache-7
7f6a9405c000-7f6a9405d000 r--s 00000000 08:05 1192466                    /var/cache/fontconfig/d5178ab6d91b49bf20a416737dcea9e8-le64.cache-7
7f6a9405d000-7f6a94060000 r--s 00000000 08:05 1192475                    /var/cache/fontconfig/f259c2cffa685e28062317905db73c4a-le64.cache-7
7f6a94060000-7f6a9406c000 r--s 00000000 08:05 1199994                    /var/cache/fontconfig/d589a48862398ed80a3d6066f4f56f4c-le64.cache-7
7f6a9406c000-7f6a9407a000 r--s 00000000 08:05 1192453                    /var/cache/fontconfig/9b89f8e3dae116d678bbf48e5f21f69b-le64.cache-7
7f6a9407a000-7f6a94092000 r--s 00000000 08:05 1192469                    /var/cache/fontconfig/e13b20fdb08344e0e664864cc2ede53d-le64.cache-7
7f6a94092000-7f6a9409f000 r--s 00000000 08:05 1206697                    /var/cache/fontconfig/8f02d4cb045bd6ce15663e43f347c9f8-le64.cache-7
7f6a9409f000-7f6a940c0000 r--s 00000000 08:05 1206694                    /var/cache/fontconfig/467c019e582ee353435ea5c21d137ef6-le64.cache-7
7f6a940c0000-7f6a940f0000 r--p 00000000 08:05 526415                     /usr/share/glib-2.0/schemas/gschemas.compiled
7f6a940f0000-7f6a949c1000 rw-p 00000000 00:00 0 
7f6a949c1000-7f6a949c2000 ---p 00000000 00:00 0 
7f6a949c2000-7f6a94ac3000 rw-p 00000000 00:00 0 
7f6a94ac3000-7f6a94ac4000 ---p 00000000 00:00 0 
7f6a94ac4000-7f6a94bc5000 rw-p 00000000 00:00 0 
7f6a94bc5000-7f6a94bc6000 ---p 00000000 00:00 0 
7f6a94bc6000-7f6a94cc7000 rw-p 00000000 00:00 0 
7f6a94cc7000-7f6a94cc8000 ---p 00000000 00:00 0 
7f6a94cc8000-7f6a94dc9000 rw-p 00000000 00:00 0 
7f6a94dc9000-7f6a94dca000 ---p 00000000 00:00 0 
7f6a94dca000-7f6a952cf000 rw-p 00000000 00:00 0 
7f6a952cf000-7f6a952d0000 ---p 00000000 00:00 0 
7f6a952d0000-7f6a953d1000 rw-p 00000000 00:00 0 
7f6a953d1000-7f6a953d2000 ---p 00000000 00:00 0 
7f6a953d2000-7f6a956c3000 rw-p 00000000 00:00 0 
7f6a956c3000-7f6a9737b000 ---p 00000000 00:00 0 
7f6a9737b000-7f6a973b9000 rw-p 00000000 00:00 0 
7f6a973b9000-7f6a97750000 ---p 00000000 00:00 0 
7f6a97750000-7f6a9778e000 rw-p 00000000 00:00 0 
7f6a9778e000-7f6a97b25000 ---p 00000000 00:00 0 
7f6a97b25000-7f6a97d95000 rwxp 00000000 00:00 0 
7f6a97d95000-7f6a980b5000 ---p 00000000 00:00 0 
7f6a980b5000-7f6a98865000 rwxp 00000000 00:00 0 
7f6a98865000-7f6a9f5ed000 ---p 00000000 00:00 0 
7f6a9f5ed000-7f6a9f85d000 rwxp 00000000 00:00 0 
7f6a9f85d000-7f6aa6b25000 ---p 00000000 00:00 0 
7f6aa6b25000-7f6ab0000000 r--s 00000000 08:05 1062053                    /usr/lib/jvm/java-11-openjdk-amd64/lib/modules
7f6ab0000000-7f6ab0529000 rw-p 00000000 00:00 0 
7f6ab0529000-7f6ab4000000 ---p 00000000 00:00 0 
7f6ab4000000-7f6ab4001000 r--s 00000000 08:05 1192436                    /var/cache/fontconfig/551ecf3b0e8b0bca0f25c0944f561853-le64.cache-7
7f6ab4001000-7f6ab4003000 r--s 00000000 08:05 1192435                    /var/cache/fontconfig/550f3886151c940c12a5ed35f6a00586-le64.cache-7
7f6ab4003000-7f6ab4006000 r--s 00000000 08:05 1192444                    /var/cache/fontconfig/674d1711f2d1d2a09646eb0bdcadee49-le64.cache-7
7f6ab4006000-7f6ab4007000 r--s 00000000 08:05 1192428                    /var/cache/fontconfig/3f7329c5293ffd510edef78f73874cfd-le64.cache-7
7f6ab4007000-7f6ab4008000 r--s 00000000 08:05 1206478                    /var/cache/fontconfig/e7de81b01590fb7e12b38e274e17d0db-le64.cache-7
7f6ab4008000-7f6ab4009000 r--s 00000000 08:05 1192414                    /var/cache/fontconfig/0c9eb80ebd1c36541ebe2852d3bb0c49-le64.cache-7
7f6ab4009000-7f6ab400a000 r--s 00000000 08:05 1192421                    /var/cache/fontconfig/22368d551a680bfe5a62c02760edf4ea-le64.cache-7
7f6ab400a000-7f6ab400b000 r--s 00000000 08:05 1192433                    /var/cache/fontconfig/4d9c95eba1cb85bbcf2878543262124a-le64.cache-7
7f6ab400b000-7f6ab400c000 r--s 00000000 08:05 1192450                    /var/cache/fontconfig/85e0a52ce643a7ba2ae53e5d6949cead-le64.cache-7
7f6ab400c000-7f6ab40a3000 rw-p 00000000 00:00 0 
7f6ab40a3000-7f6ab443a000 ---p 00000000 00:00 0 
7f6ab443a000-7f6ab483e000 rw-p 00000000 00:00 0 
7f6ab483e000-7f6ab483f000 ---p 00000000 00:00 0 
7f6ab483f000-7f6ab4940000 rw-p 00000000 00:00 0 
7f6ab4940000-7f6ab4941000 ---p 00000000 00:00 0 
7f6ab4941000-7f6ab4a42000 rw-p 00000000 00:00 0 
7f6ab4a42000-7f6ab4a43000 ---p 00000000 00:00 0 
7f6ab4a43000-7f6ab4b44000 rw-p 00000000 00:00 0 
7f6ab4b44000-7f6ab4b45000 ---p 00000000 00:00 0 
7f6ab4b45000-7f6ab4c4b000 rw-p 00000000 00:00 0 
7f6ab4c4b000-7f6ab4d31000 ---p 00000000 00:00 0 
7f6ab4d31000-7f6ab4d41000 rw-p 00000000 00:00 0 
7f6ab4d41000-7f6ab4e1c000 ---p 00000000 00:00 0 
7f6ab4e1c000-7f6ab4e21000 r-xp 00000000 08:05 1044718                    /usr/lib/jvm/java-11-openjdk-amd64/lib/libjimage.so
7f6ab4e21000-7f6ab5020000 ---p 00005000 08:05 1044718                    /usr/lib/jvm/java-11-openjdk-amd64/lib/libjimage.so
7f6ab5020000-7f6ab5021000 r--p 00004000 08:05 1044718                    /usr/lib/jvm/java-11-openjdk-amd64/lib/libjimage.so
7f6ab5021000-7f6ab5022000 rw-p 00005000 08:05 1044718                    /usr/lib/jvm/java-11-openjdk-amd64/lib/libjimage.so
7f6ab5022000-7f6ab5029000 r-xp 00000000 08:05 1062049                    /usr/lib/jvm/java-11-openjdk-amd64/lib/libzip.so
7f6ab5029000-7f6ab5228000 ---p 00007000 08:05 1062049                    /usr/lib/jvm/java-11-openjdk-amd64/lib/libzip.so
7f6ab5228000-7f6ab5229000 r--p 00006000 08:05 1062049                    /usr/lib/jvm/java-11-openjdk-amd64/lib/libzip.so
7f6ab5229000-7f6ab522a000 rw-p 00007000 08:05 1062049                    /usr/lib/jvm/java-11-openjdk-amd64/lib/libzip.so
7f6ab522a000-7f6ab5235000 r-xp 00000000 08:05 919743                     /lib/x86_64-linux-gnu/libnss_files-2.27.so
7f6ab5235000-7f6ab5434000 ---p 0000b000 08:05 919743                     /lib/x86_64-linux-gnu/libnss_files-2.27.so
7f6ab5434000-7f6ab5435000 r--p 0000a000 08:05 919743                     /lib/x86_64-linux-gnu/libnss_files-2.27.so
7f6ab5435000-7f6ab5436000 rw-p 0000b000 08:05 919743                     /lib/x86_64-linux-gnu/libnss_files-2.27.so
7f6ab5436000-7f6ab543c000 rw-p 00000000 00:00 0 
7f6ab543c000-7f6ab5453000 r-xp 00000000 08:05 919737                     /lib/x86_64-linux-gnu/libnsl-2.27.so
7f6ab5453000-7f6ab5652000 ---p 00017000 08:05 919737                     /lib/x86_64-linux-gnu/libnsl-2.27.so
7f6ab5652000-7f6ab5653000 r--p 00016000 08:05 919737                     /lib/x86_64-linux-gnu/libnsl-2.27.so
7f6ab5653000-7f6ab5654000 rw-p 00017000 08:05 919737                     /lib/x86_64-linux-gnu/libnsl-2.27.so
7f6ab5654000-7f6ab5656000 rw-p 00000000 00:00 0 
7f6ab5656000-7f6ab5661000 r-xp 00000000 08:05 919754                     /lib/x86_64-linux-gnu/libnss_nis-2.27.so
7f6ab5661000-7f6ab5860000 ---p 0000b000 08:05 919754                     /lib/x86_64-linux-gnu/libnss_nis-2.27.so
7f6ab5860000-7f6ab5861000 r--p 0000a000 08:05 919754                     /lib/x86_64-linux-gnu/libnss_nis-2.27.so
7f6ab5861000-7f6ab5862000 rw-p 0000b000 08:05 919754                     /lib/x86_64-linux-gnu/libnss_nis-2.27.so
7f6ab5862000-7f6ab586a000 r-xp 00000000 08:05 919739                     /lib/x86_64-linux-gnu/libnss_compat-2.27.so
7f6ab586a000-7f6ab5a6a000 ---p 00008000 08:05 919739                     /lib/x86_64-linux-gnu/libnss_compat-2.27.so
7f6ab5a6a000-7f6ab5a6b000 r--p 00008000 08:05 919739                     /lib/x86_64-linux-gnu/libnss_compat-2.27.so
7f6ab5a6b000-7f6ab5a6c000 rw-p 00009000 08:05 919739                     /lib/x86_64-linux-gnu/libnss_compat-2.27.so
7f6ab5a6c000-7f6ab5a98000 r-xp 00000000 08:05 1044714                    /usr/lib/jvm/java-11-openjdk-amd64/lib/libjava.so
7f6ab5a98000-7f6ab5c97000 ---p 0002c000 08:05 1044714                    /usr/lib/jvm/java-11-openjdk-amd64/lib/libjava.so
7f6ab5c97000-7f6ab5c98000 r--p 0002b000 08:05 1044714                    /usr/lib/jvm/java-11-openjdk-amd64/lib/libjava.so
7f6ab5c98000-7f6ab5c9a000 rw-p 0002c000 08:05 1044714                    /usr/lib/jvm/java-11-openjdk-amd64/lib/libjava.so
7f6ab5c9a000-7f6ab5ca7000 r-xp 00000000 08:05 1062045                    /usr/lib/jvm/java-11-openjdk-amd64/lib/libverify.so
7f6ab5ca7000-7f6ab5ea6000 ---p 0000d000 08:05 1062045                    /usr/lib/jvm/java-11-openjdk-amd64/lib/libverify.so
7f6ab5ea6000-7f6ab5ea8000 r--p 0000c000 08:05 1062045                    /usr/lib/jvm/java-11-openjdk-amd64/lib/libverify.so
7f6ab5ea8000-7f6ab5ea9000 rw-p 0000e000 08:05 1062045                    /usr/lib/jvm/java-11-openjdk-amd64/lib/libverify.so
7f6ab5ea9000-7f6ab5eb0000 r-xp 00000000 08:05 919794                     /lib/x86_64-linux-gnu/librt-2.27.so
7f6ab5eb0000-7f6ab60af000 ---p 00007000 08:05 919794                     /lib/x86_64-linux-gnu/librt-2.27.so
7f6ab60af000-7f6ab60b0000 r--p 00006000 08:05 919794                     /lib/x86_64-linux-gnu/librt-2.27.so
7f6ab60b0000-7f6ab60b1000 rw-p 00007000 08:05 919794                     /lib/x86_64-linux-gnu/librt-2.27.so
7f6ab60b1000-7f6ab60c8000 r-xp 00000000 08:05 913937                     /lib/x86_64-linux-gnu/libgcc_s.so.1
7f6ab60c8000-7f6ab62c7000 ---p 00017000 08:05 913937                     /lib/x86_64-linux-gnu/libgcc_s.so.1
7f6ab62c7000-7f6ab62c8000 r--p 00016000 08:05 913937                     /lib/x86_64-linux-gnu/libgcc_s.so.1
7f6ab62c8000-7f6ab62c9000 rw-p 00017000 08:05 913937                     /lib/x86_64-linux-gnu/libgcc_s.so.1
7f6ab62c9000-7f6ab6466000 r-xp 00000000 08:05 919716                     /lib/x86_64-linux-gnu/libm-2.27.so
7f6ab6466000-7f6ab6665000 ---p 0019d000 08:05 919716                     /lib/x86_64-linux-gnu/libm-2.27.so
7f6ab6665000-7f6ab6666000 r--p 0019c000 08:05 919716                     /lib/x86_64-linux-gnu/libm-2.27.so
7f6ab6666000-7f6ab6667000 rw-p 0019d000 08:05 919716                     /lib/x86_64-linux-gnu/libm-2.27.so
7f6ab6667000-7f6ab67e0000 r-xp 00000000 08:05 261187                     /usr/lib/x86_64-linux-gnu/libstdc++.so.6.0.25
7f6ab67e0000-7f6ab69e0000 ---p 00179000 08:05 261187                     /usr/lib/x86_64-linux-gnu/libstdc++.so.6.0.25
7f6ab69e0000-7f6ab69ea000 r--p 00179000 08:05 261187                     /usr/lib/x86_64-linux-gnu/libstdc++.so.6.0.25
7f6ab69ea000-7f6ab69ec000 rw-p 00183000 08:05 261187                     /usr/lib/x86_64-linux-gnu/libstdc++.so.6.0.25
7f6ab69ec000-7f6ab69f0000 rw-p 00000000 00:00 0 
7f6ab69f0000-7f6ab798d000 r-xp 00000000 08:05 1062065                    /usr/lib/jvm/java-11-openjdk-amd64/lib/server/libjvm.so
7f6ab798d000-7f6ab7b8d000 ---p 00f9d000 08:05 1062065                    /usr/lib/jvm/java-11-openjdk-amd64/lib/server/libjvm.so
7f6ab7b8d000-7f6ab7c51000 r--p 00f9d000 08:05 1062065                    /usr/lib/jvm/java-11-openjdk-amd64/lib/server/libjvm.so
7f6ab7c51000-7f6ab7c89000 rw-p 01061000 08:05 1062065                    /usr/lib/jvm/java-11-openjdk-amd64/lib/server/libjvm.so
7f6ab7c89000-7f6ab7cd2000 rw-p 00000000 00:00 0 
7f6ab7cd2000-7f6ab7cec000 r-xp 00000000 08:05 919786                     /lib/x86_64-linux-gnu/libpthread-2.27.so
7f6ab7cec000-7f6ab7eeb000 ---p 0001a000 08:05 919786                     /lib/x86_64-linux-gnu/libpthread-2.27.so
7f6ab7eeb000-7f6ab7eec000 r--p 00019000 08:05 919786                     /lib/x86_64-linux-gnu/libpthread-2.27.so
7f6ab7eec000-7f6ab7eed000 rw-p 0001a000 08:05 919786                     /lib/x86_64-linux-gnu/libpthread-2.27.so
7f6ab7eed000-7f6ab7ef1000 rw-p 00000000 00:00 0 
7f6ab7ef1000-7f6ab7ef4000 r-xp 00000000 08:05 919676                     /lib/x86_64-linux-gnu/libdl-2.27.so
7f6ab7ef4000-7f6ab80f3000 ---p 00003000 08:05 919676                     /lib/x86_64-linux-gnu/libdl-2.27.so
7f6ab80f3000-7f6ab80f4000 r--p 00002000 08:05 919676                     /lib/x86_64-linux-gnu/libdl-2.27.so
7f6ab80f4000-7f6ab80f5000 rw-p 00003000 08:05 919676                     /lib/x86_64-linux-gnu/libdl-2.27.so
7f6ab80f5000-7f6ab8111000 r-xp 00000000 08:05 919825                     /lib/x86_64-linux-gnu/libz.so.1.2.11
7f6ab8111000-7f6ab8310000 ---p 0001c000 08:05 919825                     /lib/x86_64-linux-gnu/libz.so.1.2.11
7f6ab8310000-7f6ab8311000 r--p 0001b000 08:05 919825                     /lib/x86_64-linux-gnu/libz.so.1.2.11
7f6ab8311000-7f6ab8312000 rw-p 0001c000 08:05 919825                     /lib/x86_64-linux-gnu/libz.so.1.2.11
7f6ab8312000-7f6ab84f9000 r-xp 00000000 08:05 919653                     /lib/x86_64-linux-gnu/libc-2.27.so
7f6ab84f9000-7f6ab86f9000 ---p 001e7000 08:05 919653                     /lib/x86_64-linux-gnu/libc-2.27.so
7f6ab86f9000-7f6ab86fd000 r--p 001e7000 08:05 919653                     /lib/x86_64-linux-gnu/libc-2.27.so
7f6ab86fd000-7f6ab86ff000 rw-p 001eb000 08:05 919653                     /lib/x86_64-linux-gnu/libc-2.27.so
7f6ab86ff000-7f6ab8703000 rw-p 00000000 00:00 0 
7f6ab8703000-7f6ab8712000 r-xp 00000000 08:05 1044697                    /usr/lib/jvm/java-11-openjdk-amd64/lib/jli/libjli.so
7f6ab8712000-7f6ab8911000 ---p 0000f000 08:05 1044697                    /usr/lib/jvm/java-11-openjdk-amd64/lib/jli/libjli.so
7f6ab8911000-7f6ab8912000 r--p 0000e000 08:05 1044697                    /usr/lib/jvm/java-11-openjdk-amd64/lib/jli/libjli.so
7f6ab8912000-7f6ab8913000 rw-p 0000f000 08:05 1044697                    /usr/lib/jvm/java-11-openjdk-amd64/lib/jli/libjli.so
7f6ab8913000-7f6ab893a000 r-xp 00000000 08:05 919625                     /lib/x86_64-linux-gnu/ld-2.27.so
7f6ab893a000-7f6ab893b000 r--s 00000000 08:05 1192430                    /var/cache/fontconfig/49f0de54bdd920fe4f0dfd4cbac43e6b-le64.cache-7
7f6ab893b000-7f6ab893c000 r--s 00000000 08:05 1192477                    /var/cache/fontconfig/f6e6e0a5c3d2f6ae0c0c2e0ecd42a997-le64.cache-7
7f6ab893c000-7f6ab893d000 r--s 00000000 08:05 1192431                    /var/cache/fontconfig/4b2eda6bb976bda485cb2176619421d5-le64.cache-7
7f6ab893d000-7f6ab893f000 r--s 00000000 08:05 1192445                    /var/cache/fontconfig/6afa1bb216ce958c1589e297e8008489-le64.cache-7
7f6ab893f000-7f6ab8942000 r--s 00000000 08:05 1206699                    /var/cache/fontconfig/16326683038b281783a0ef8c680e3a10-le64.cache-7
7f6ab895a000-7f6ab895f000 r--p 00000000 08:07 2894373                    /home/christoph/.config/dconf/user (deleted)
7f6ab895f000-7f6ab8a1c000 rw-p 00000000 00:00 0 
7f6ab8a1c000-7f6ab8a20000 ---p 00000000 00:00 0 
7f6ab8a20000-7f6ab8b1f000 rw-p 00000000 00:00 0 
7f6ab8b1f000-7f6ab8b20000 r--s 00000000 08:05 1206695                    /var/cache/fontconfig/e0aa53bcfa504e64f87823c16bc01eb6-le64.cache-7
7f6ab8b20000-7f6ab8b21000 r--s 00000000 00:33 35                         /run/user/1000/dconf/user (deleted)
7f6ab8b21000-7f6ab8b27000 rw-p 00000000 00:00 0 
7f6ab8b27000-7f6ab8b2e000 ---p 00000000 00:00 0 
7f6ab8b2e000-7f6ab8b36000 rw-s 00000000 08:05 130617                     /tmp/hsperfdata_christoph/14093
7f6ab8b36000-7f6ab8b37000 ---p 00000000 00:00 0 
7f6ab8b37000-7f6ab8b38000 r--p 00000000 00:00 0 
7f6ab8b38000-7f6ab8b3a000 rw-p 00000000 00:00 0 
7f6ab8b3a000-7f6ab8b3b000 r--p 00027000 08:05 919625                     /lib/x86_64-linux-gnu/ld-2.27.so
7f6ab8b3b000-7f6ab8b3c000 rw-p 00028000 08:05 919625                     /lib/x86_64-linux-gnu/ld-2.27.so
7f6ab8b3c000-7f6ab8b3d000 rw-p 00000000 00:00 0 
7ffe8467f000-7ffe846a0000 rw-p 00000000 00:00 0                          [stack]
7ffe84711000-7ffe84714000 r--p 00000000 00:00 0                          [vvar]
7ffe84714000-7ffe84716000 r-xp 00000000 00:00 0                          [vdso]
ffffffffff600000-ffffffffff601000 r-xp 00000000 00:00 0                  [vsyscall]


VM Arguments:
jvm_args: -Dfile.encoding=UTF-8 
java_command: Controllers.TRECController
java_class_path (initial): /home/christoph/Uni/OAD/OAD-2018-2019/Ass2/UI-Prototyp:/home/christoph/Uni/OAD/OAD-2018-2019/Ass2/UI-Prototyp/lib/antlr-2.7.7.jar:/home/christoph/Uni/OAD/OAD-2018-2019/Ass2/UI-Prototyp/lib/byte-buddy-1.8.17.jar:/home/christoph/Uni/OAD/OAD-2018-2019/Ass2/UI-Prototyp/lib/classmate-1.3.4.jar:/home/christoph/Uni/OAD/OAD-2018-2019/Ass2/UI-Prototyp/lib/dom4j-2.1.1.jar:/home/christoph/Uni/OAD/OAD-2018-2019/Ass2/UI-Prototyp/lib/hibernate-commons-annotations-5.0.4.Final.jar:/home/christoph/Uni/OAD/OAD-2018-2019/Ass2/UI-Prototyp/lib/hibernate-core-5.3.7.Final.jar:/home/christoph/Uni/OAD/OAD-2018-2019/Ass2/UI-Prototyp/lib/jandex-2.0.5.Final.jar:/home/christoph/Uni/OAD/OAD-2018-2019/Ass2/UI-Prototyp/lib/javassist-3.23.1-GA.jar:/home/christoph/Uni/OAD/OAD-2018-2019/Ass2/UI-Prototyp/lib/javax.activation-api-1.2.0.jar:/home/christoph/Uni/OAD/OAD-2018-2019/Ass2/UI-Prototyp/lib/javax.persistence-api-2.2.jar:/home/christoph/Uni/OAD/OAD-2018-2019/Ass2/UI-Prototyp/lib/jboss-logging-3.3.2.Final.jar:/home/christoph/Uni/OAD/OAD-2018-2019/Ass2/UI-Prototyp/lib/jboss-transaction-api_1.2_spec-1.1.1.Final.jar:/home/christoph/Uni/OAD/OAD-2018-2019/Ass2/UI-Prototyp/lib/mysql-connector-java-8.0.13.jar:/home/christoph/Uni/OAD/OAD-2018-2019/Ass2/UI-Prototyp/lib/javax.activation-1.2.0.jar:/home/christoph/Uni/OAD/OAD-2018-2019/Ass2/UI-Prototyp/lib/jaxb-api-2.3.0.jar:/home/christoph/Uni/OAD/OAD-2018-2019/Ass2/UI-Prototyp/lib/jaxb-core-2.3.0.jar:/home/christoph/Uni/OAD/OAD-2018-2019/Ass2/UI-Prototyp/lib/jaxb-impl-2.3.0.jar
Launcher Type: SUN_STANDARD

Logging:
Log output configuration:
#0: stdout all=warning uptime,level,tags
#1: stderr all=off uptime,level,tags

Environment Variables:
PATH=/home/christoph/.local/bin:/usr/local/sbin:/usr/local/bin:/usr/sbin:/usr/bin:/sbin:/bin:/usr/games:/usr/local/games:/snap/bin
USERNAME=christoph
SHELL=/bin/bash
DISPLAY=:0

Signal Handlers:
SIGSEGV: [libjvm.so+0xd28b70], sa_mask[0]=11111111011111111101111111111110, sa_flags=SA_RESTART|SA_SIGINFO
SIGBUS: [libjvm.so+0xd28b70], sa_mask[0]=11111111011111111101111111111110, sa_flags=SA_RESTART|SA_SIGINFO
SIGFPE: [libjvm.so+0xd28b70], sa_mask[0]=11111111011111111101111111111110, sa_flags=SA_RESTART|SA_SIGINFO
SIGPIPE: SIG_IGN, sa_mask[0]=00000000000010000000000000000000, sa_flags=SA_RESTART
SIGXFSZ: [libjvm.so+0xb2a1f0], sa_mask[0]=11111111011111111101111111111110, sa_flags=SA_RESTART|SA_SIGINFO
SIGILL: [libjvm.so+0xd28b70], sa_mask[0]=11111111011111111101111111111110, sa_flags=SA_RESTART|SA_SIGINFO
SIGUSR2: [libjvm.so+0xb2a030], sa_mask[0]=00100000000000000000000000000000, sa_flags=SA_RESTART|SA_SIGINFO
SIGHUP: [libjvm.so+0xb2a180], sa_mask[0]=11111111011111111101111111111110, sa_flags=SA_RESTART|SA_SIGINFO
SIGINT: [libjvm.so+0xb2a180], sa_mask[0]=11111111011111111101111111111110, sa_flags=SA_RESTART|SA_SIGINFO
SIGTERM: [libjvm.so+0xb2a180], sa_mask[0]=11111111011111111101111111111110, sa_flags=SA_RESTART|SA_SIGINFO
SIGQUIT: [libjvm.so+0xb2a180], sa_mask[0]=11111111011111111101111111111110, sa_flags=SA_RESTART|SA_SIGINFO


---------------  S Y S T E M  ---------------

OS:DISTRIB_ID=Ubuntu
DISTRIB_RELEASE=18.04
DISTRIB_CODENAME=bionic
DISTRIB_DESCRIPTION="Ubuntu 18.04.1 LTS"
uname:Linux 4.15.0-43-generic #46-Ubuntu SMP Thu Dec 6 14:45:28 UTC 2018 x86_64
libc:glibc 2.27 NPTL 2.27 
rlimit: STACK 8192k, CORE 0k, NPROC 30905, NOFILE 4096, AS infinity, DATA infinity, FSIZE infinity
load average:1,35 1,66 1,63

/proc/meminfo:
MemTotal:        8029488 kB
MemFree:         2549484 kB
MemAvailable:    2757308 kB
Buffers:           33000 kB
Cached:           504576 kB
SwapCached:        55304 kB
Active:          4204160 kB
Inactive:        1011452 kB
Active(anon):    4011352 kB
Inactive(anon):   794964 kB
Active(file):     192808 kB
Inactive(file):   216488 kB
Unevictable:          32 kB
Mlocked:              32 kB
SwapTotal:       3906556 kB
SwapFree:         540640 kB
Dirty:              2996 kB
Writeback:             0 kB
AnonPages:       4622808 kB
Mapped:           203152 kB
Shmem:            128172 kB
Slab:             116816 kB
SReclaimable:      45532 kB
SUnreclaim:        71284 kB
KernelStack:       28644 kB
PageTables:        53692 kB
NFS_Unstable:          0 kB
Bounce:                0 kB
WritebackTmp:          0 kB
CommitLimit:     7921300 kB
Committed_AS:   14102928 kB
VmallocTotal:   34359738367 kB
VmallocUsed:           0 kB
VmallocChunk:          0 kB
HardwareCorrupted:     0 kB
AnonHugePages:         0 kB
ShmemHugePages:        0 kB
ShmemPmdMapped:        0 kB
CmaTotal:              0 kB
CmaFree:               0 kB
HugePages_Total:       0
HugePages_Free:        0
HugePages_Rsvd:        0
HugePages_Surp:        0
Hugepagesize:       2048 kB
DirectMap4k:      187796 kB
DirectMap2M:     7014400 kB
DirectMap1G:     1048576 kB

container (cgroup) information:
container_type: cgroupv1
cpu_cpuset_cpus: 0-3
cpu_memory_nodes: 0
active_processor_count: 4
cpu_quota: -1
cpu_period: 100000
cpu_shares: -1
memory_limit_in_bytes: -1
memory_and_swap_limit_in_bytes: -2
memory_soft_limit_in_bytes: -1
memory_usage_in_bytes: 5293862912
memory_max_usage_in_bytes: 0


CPU:total 4 (initial active 4) (2 cores per cpu, 2 threads per core) family 6 model 78 stepping 3, cmov, cx8, fxsr, mmx, sse, sse2, sse3, ssse3, sse4.1, sse4.2, popcnt, avx, avx2, aes, clmul, erms, 3dnowpref, lzcnt, ht, tsc, tscinvbit, bmi1, bmi2, adx, fma
CPU Model and flags from /proc/cpuinfo:
model name	: Intel(R) Core(TM) i5-6200U CPU @ 2.30GHz
flags		: fpu vme de pse tsc msr pae mce cx8 apic sep mtrr pge mca cmov pat pse36 clflush dts acpi mmx fxsr sse sse2 ss ht tm pbe syscall nx pdpe1gb rdtscp lm constant_tsc art arch_perfmon pebs bts rep_good nopl xtopology nonstop_tsc cpuid aperfmperf tsc_known_freq pni pclmulqdq dtes64 monitor ds_cpl vmx est tm2 ssse3 sdbg fma cx16 xtpr pdcm pcid sse4_1 sse4_2 x2apic movbe popcnt tsc_deadline_timer aes xsave avx f16c rdrand lahf_lm abm 3dnowprefetch cpuid_fault epb invpcid_single pti ssbd ibrs ibpb stibp tpr_shadow vnmi flexpriority ept vpid fsgsbase tsc_adjust bmi1 avx2 smep bmi2 erms invpcid mpx rdseed adx smap clflushopt intel_pt xsaveopt xsavec xgetbv1 xsaves dtherm ida arat pln pts hwp hwp_notify hwp_act_window hwp_epp flush_l1d

Memory: 4k page, physical 8029488k(2544100k free), swap 3906556k(542712k free)

vm_info: OpenJDK 64-Bit Server VM (10.0.2+13-Ubuntu-1ubuntu0.18.04.4) for linux-amd64 JRE (10.0.2+13-Ubuntu-1ubuntu0.18.04.4), built on Nov 13 2018 12:53:39 by "buildd" with gcc 7.3.0

END.
